<!DOCTYPE html><html lang="en"><head><meta charset="utf-8" /><meta name="viewport" content="width=device-width, initial-scale=1, shrink-to-fit=no" /><link rel="stylesheet" href="https://stackpath.bootstrapcdn.com/bootstrap/4.3.1/css/bootstrap.min.css" integrity="sha384-ggOyR0iXCbMQv3Xipma34MD+dH/1fQ784/j6cY/iJTQUOhcWr7x9JvoRxT2MZw1T" crossorigin="anonymous" /><title>Cosmic Ray Report</title></head><body><div class="container"><h1><p class="text-dark">Cosmic Ray Report</p></h1></div><div class="container"><div class="mb-1" id="summary_info___accordion"><div class="card"><a data-toggle="collapse" data-target="#summary_info___collapse_1" aria-expanded="true" aria-controls="summary_info___collapse_1" href="#"><div class="card-header" id="summary_info___heading_1"><button class="btn btn-outline-dark"><h4 class="m-0">Summary info</h4></button></div></a><div aria-labelledby="summary_info___heading_1" data-parent="#summary_info___accordion" class="collapse show" id="summary_info___collapse_1"><div class="card-body"><p>Date time: 06/03/2023 10:10:18</p><p>Total jobs: 19</p><p>Complete: 19 (100.00%)</p><p>Surviving mutants: 1 (5.26%)</p></div></div></div></div><div class="mb-1" id="job_list___accordion"><div class="card"><a data-toggle="collapse" data-target="#job_list___collapse_1" aria-expanded="false" aria-controls="job_list___collapse_1" href="#"><div class="card-header" id="job_list___heading_1"><button class="btn btn-outline-dark"><h4 class="m-0">Job list</h4></button></div></a><div aria-labelledby="job_list___heading_1" data-parent="#job_list___accordion" class="collapse" id="job_list___collapse_1"><div class="card-body"><div class="text-right mb-1"><div class="mx-1" id="job_item_expand_all"><a href="#" onclick="$('div.job_list___sub_multi_collapse').collapse('show');"><button class="btn btn-outline-dark"><span>Expand All</span></button></a></div><div class="mx-1" id="job_item_collapse_all"><a href="#" onclick="$('div.job_list___sub_multi_collapse').collapse('hide');"><button class="btn btn-outline-dark"><span>Collapse All</span></button></a></div></div><div class="mb-1" id="job_list___sub_accordion_1"><div class="card"><a data-toggle="collapse" data-target="#job_list___sub_collapse_1_1" aria-expanded="false" aria-controls="job_list___sub_collapse_1_1" href="#" class="job_list___sub_multi_heading"><div role="alert" class="card-header alert-success" id="job_list___sub_heading_1_1"><button class="btn btn-outline-success"><span class="job_id">1 : Job ID 1feea97ed06b4b3a9a80d2cae5fb0c78</span></button></div></a><div aria-labelledby="job_list___sub_heading_1_1" data-parent="#job_list___sub_accordion_1" class="collapse job_list___sub_multi_collapse" id="job_list___sub_collapse_1_1"><div class="card-body"><div class="work-item"><div class="alert alert-success test-outcome" role="alert"><p>worker outcome: normal</p><p>test outcome: killed</p></div></div><pre class="location"><a href="pycharm://open?file=stack2.py&amp;line=27" class="text-secondary"><button class="btn btn-outline-dark">stack2.py, start pos: (27, 24), end pos: (27, 25)</button></a></pre><pre>operator: core/ReplaceBinaryOperator_Add_Sub, occurrence: 0</pre><div class="alert alert-secondary"><pre class="diff">--- mutation diff ---
--- astack2.py
+++ bstack2.py
@@ -24,5 +24,5 @@
 
     def __repr__(self):
         """show representation."""
-        return "stack:" + str(self.stack)
+        return "stack:" - str(self.stack)
 </pre></div><div class="alert alert-secondary"><pre class="diff">============================= test session starts ==============================
platform linux -- Python 3.10.10, pytest-7.2.1, pluggy-1.0.0
rootdir: /home/auri/temp/lucca/python_experiments/stack2
collected 16 items

MIO-MOSA-WHOLE_SUITE/test_stack2_MIO.py ...F                             [ 25%]
MIO-MOSA-WHOLE_SUITE/test_stack2_MOSA.py ....F                           [ 56%]
MIO-MOSA-WHOLE_SUITE/test_stack2_WHOLE_SUITE.py F..FF..                  [100%]

=================================== FAILURES ===================================
_________________________________ test_case_3 __________________________________

    def test_case_3():
        stack_0 = module_0.Stack()
&gt;       var_0 = stack_0.__repr__()

MIO-MOSA-WHOLE_SUITE/test_stack2_MIO.py:28: 
_ _ _ _ _ _ _ _ _ _ _ _ _ _ _ _ _ _ _ _ _ _ _ _ _ _ _ _ _ _ _ _ _ _ _ _ _ _ _ _ 

self = &lt;[TypeError("unsupported operand type(s) for -: 'str' and 'str'") raised in repr()] Stack object at 0x7f8a1122a710&gt;

    def __repr__(self):
        """show representation."""
&gt;       return "stack:" - str(self.stack)
E       TypeError: unsupported operand type(s) for -: 'str' and 'str'

stack2.py:27: TypeError
_________________________________ test_case_4 __________________________________

    def test_case_4():
        stack_0 = module_0.Stack()
&gt;       var_0 = stack_0.__repr__()

MIO-MOSA-WHOLE_SUITE/test_stack2_MOSA.py:39: 
_ _ _ _ _ _ _ _ _ _ _ _ _ _ _ _ _ _ _ _ _ _ _ _ _ _ _ _ _ _ _ _ _ _ _ _ _ _ _ _ 

self = &lt;[TypeError("unsupported operand type(s) for -: 'str' and 'str'") raised in repr()] Stack object at 0x7f8a1122a170&gt;

    def __repr__(self):
        """show representation."""
&gt;       return "stack:" - str(self.stack)
E       TypeError: unsupported operand type(s) for -: 'str' and 'str'

stack2.py:27: TypeError
_________________________________ test_case_0 __________________________________

    def test_case_0():
        stack_0 = module_0.Stack()
        stack_1 = module_0.Stack()
        var_0 = stack_1.push(stack_1)
        var_1 = stack_1.pop()
        assert stack_1.stack == []
        assert f'{type(var_1).__module__}.{type(var_1).__qualname__}' == 'stack2.Stack'
        assert var_1.stack == []
        stack_2 = module_0.Stack()
        var_2 = var_1.push(var_1)
        var_3 = var_1.isEmpty()
&gt;       var_4 = stack_1.__repr__()

MIO-MOSA-WHOLE_SUITE/test_stack2_WHOLE_SUITE.py:16: 
_ _ _ _ _ _ _ _ _ _ _ _ _ _ _ _ _ _ _ _ _ _ _ _ _ _ _ _ _ _ _ _ _ _ _ _ _ _ _ _ 
stack2.py:27: in __repr__
    return "stack:" - str(self.stack)
_ _ _ _ _ _ _ _ _ _ _ _ _ _ _ _ _ _ _ _ _ _ _ _ _ _ _ _ _ _ _ _ _ _ _ _ _ _ _ _ 

self = &lt;[TypeError("unsupported operand type(s) for -: 'str' and 'str'") raised in repr()] Stack object at 0x7f8a113d5a20&gt;

    def __repr__(self):
        """show representation."""
&gt;       return "stack:" - str(self.stack)
E       TypeError: unsupported operand type(s) for -: 'str' and 'str'

stack2.py:27: TypeError
_________________________________ test_case_3 __________________________________

    def test_case_3():
        stack_0 = module_0.Stack()
        stack_1 = module_0.Stack()
&gt;       var_0 = stack_1.__repr__()

MIO-MOSA-WHOLE_SUITE/test_stack2_WHOLE_SUITE.py:32: 
_ _ _ _ _ _ _ _ _ _ _ _ _ _ _ _ _ _ _ _ _ _ _ _ _ _ _ _ _ _ _ _ _ _ _ _ _ _ _ _ 

self = &lt;[TypeError("unsupported operand type(s) for -: 'str' and 'str'") raised in repr()] Stack object at 0x7f8a1124cd00&gt;

    def __repr__(self):
        """show representation."""
&gt;       return "stack:" - str(self.stack)
E       TypeError: unsupported operand type(s) for -: 'str' and 'str'

stack2.py:27: TypeError
_________________________________ test_case_4 __________________________________

    def test_case_4():
        stack_0 = module_0.Stack()
        stack_1 = module_0.Stack()
&gt;       var_0 = stack_1.__repr__()

MIO-MOSA-WHOLE_SUITE/test_stack2_WHOLE_SUITE.py:38: 
_ _ _ _ _ _ _ _ _ _ _ _ _ _ _ _ _ _ _ _ _ _ _ _ _ _ _ _ _ _ _ _ _ _ _ _ _ _ _ _ 

self = &lt;[TypeError("unsupported operand type(s) for -: 'str' and 'str'") raised in repr()] Stack object at 0x7f8a1124ce20&gt;

    def __repr__(self):
        """show representation."""
&gt;       return "stack:" - str(self.stack)
E       TypeError: unsupported operand type(s) for -: 'str' and 'str'

stack2.py:27: TypeError
=========================== short test summary info ============================
FAILED MIO-MOSA-WHOLE_SUITE/test_stack2_MIO.py::test_case_3 - TypeError: unsu...
FAILED MIO-MOSA-WHOLE_SUITE/test_stack2_MOSA.py::test_case_4 - TypeError: uns...
FAILED MIO-MOSA-WHOLE_SUITE/test_stack2_WHOLE_SUITE.py::test_case_0 - TypeErr...
FAILED MIO-MOSA-WHOLE_SUITE/test_stack2_WHOLE_SUITE.py::test_case_3 - TypeErr...
FAILED MIO-MOSA-WHOLE_SUITE/test_stack2_WHOLE_SUITE.py::test_case_4 - TypeErr...
========================= 5 failed, 11 passed in 0.14s =========================
</pre></div></div></div></div></div><div class="mb-1" id="job_list___sub_accordion_2"><div class="card"><a data-toggle="collapse" data-target="#job_list___sub_collapse_2_1" aria-expanded="false" aria-controls="job_list___sub_collapse_2_1" href="#" class="job_list___sub_multi_heading"><div role="alert" class="card-header alert-success" id="job_list___sub_heading_2_1"><button class="btn btn-outline-success"><span class="job_id">2 : Job ID a0e17c0245c748bab4e2cb731f43e6b0</span></button></div></a><div aria-labelledby="job_list___sub_heading_2_1" data-parent="#job_list___sub_accordion_2" class="collapse job_list___sub_multi_collapse" id="job_list___sub_collapse_2_1"><div class="card-body"><div class="work-item"><div class="alert alert-success test-outcome" role="alert"><p>worker outcome: normal</p><p>test outcome: killed</p></div></div><pre class="location"><a href="pycharm://open?file=stack2.py&amp;line=27" class="text-secondary"><button class="btn btn-outline-dark">stack2.py, start pos: (27, 24), end pos: (27, 25)</button></a></pre><pre>operator: core/ReplaceBinaryOperator_Add_Mul, occurrence: 0</pre><div class="alert alert-secondary"><pre class="diff">--- mutation diff ---
--- astack2.py
+++ bstack2.py
@@ -24,5 +24,5 @@
 
     def __repr__(self):
         """show representation."""
-        return "stack:" + str(self.stack)
+        return "stack:" * str(self.stack)
 </pre></div><div class="alert alert-secondary"><pre class="diff">============================= test session starts ==============================
platform linux -- Python 3.10.10, pytest-7.2.1, pluggy-1.0.0
rootdir: /home/auri/temp/lucca/python_experiments/stack2
collected 16 items

MIO-MOSA-WHOLE_SUITE/test_stack2_MIO.py ...F                             [ 25%]
MIO-MOSA-WHOLE_SUITE/test_stack2_MOSA.py ....F                           [ 56%]
MIO-MOSA-WHOLE_SUITE/test_stack2_WHOLE_SUITE.py F..FF..                  [100%]

=================================== FAILURES ===================================
_________________________________ test_case_3 __________________________________

    def test_case_3():
        stack_0 = module_0.Stack()
&gt;       var_0 = stack_0.__repr__()

MIO-MOSA-WHOLE_SUITE/test_stack2_MIO.py:28: 
_ _ _ _ _ _ _ _ _ _ _ _ _ _ _ _ _ _ _ _ _ _ _ _ _ _ _ _ _ _ _ _ _ _ _ _ _ _ _ _ 

self = &lt;[TypeError("can't multiply sequence by non-int of type 'str'") raised in repr()] Stack object at 0x7f77ae04e380&gt;

    def __repr__(self):
        """show representation."""
&gt;       return "stack:" * str(self.stack)
E       TypeError: can't multiply sequence by non-int of type 'str'

stack2.py:27: TypeError
_________________________________ test_case_4 __________________________________

    def test_case_4():
        stack_0 = module_0.Stack()
&gt;       var_0 = stack_0.__repr__()

MIO-MOSA-WHOLE_SUITE/test_stack2_MOSA.py:39: 
_ _ _ _ _ _ _ _ _ _ _ _ _ _ _ _ _ _ _ _ _ _ _ _ _ _ _ _ _ _ _ _ _ _ _ _ _ _ _ _ 

self = &lt;[TypeError("can't multiply sequence by non-int of type 'str'") raised in repr()] Stack object at 0x7f77ade99540&gt;

    def __repr__(self):
        """show representation."""
&gt;       return "stack:" * str(self.stack)
E       TypeError: can't multiply sequence by non-int of type 'str'

stack2.py:27: TypeError
_________________________________ test_case_0 __________________________________

    def test_case_0():
        stack_0 = module_0.Stack()
        stack_1 = module_0.Stack()
        var_0 = stack_1.push(stack_1)
        var_1 = stack_1.pop()
        assert stack_1.stack == []
        assert f'{type(var_1).__module__}.{type(var_1).__qualname__}' == 'stack2.Stack'
        assert var_1.stack == []
        stack_2 = module_0.Stack()
        var_2 = var_1.push(var_1)
        var_3 = var_1.isEmpty()
&gt;       var_4 = stack_1.__repr__()

MIO-MOSA-WHOLE_SUITE/test_stack2_WHOLE_SUITE.py:16: 
_ _ _ _ _ _ _ _ _ _ _ _ _ _ _ _ _ _ _ _ _ _ _ _ _ _ _ _ _ _ _ _ _ _ _ _ _ _ _ _ 
stack2.py:27: in __repr__
    return "stack:" * str(self.stack)
_ _ _ _ _ _ _ _ _ _ _ _ _ _ _ _ _ _ _ _ _ _ _ _ _ _ _ _ _ _ _ _ _ _ _ _ _ _ _ _ 

self = &lt;[TypeError("can't multiply sequence by non-int of type 'str'") raised in repr()] Stack object at 0x7f77adec07f0&gt;

    def __repr__(self):
        """show representation."""
&gt;       return "stack:" * str(self.stack)
E       TypeError: can't multiply sequence by non-int of type 'str'

stack2.py:27: TypeError
_________________________________ test_case_3 __________________________________

    def test_case_3():
        stack_0 = module_0.Stack()
        stack_1 = module_0.Stack()
&gt;       var_0 = stack_1.__repr__()

MIO-MOSA-WHOLE_SUITE/test_stack2_WHOLE_SUITE.py:32: 
_ _ _ _ _ _ _ _ _ _ _ _ _ _ _ _ _ _ _ _ _ _ _ _ _ _ _ _ _ _ _ _ _ _ _ _ _ _ _ _ 

self = &lt;[TypeError("can't multiply sequence by non-int of type 'str'") raised in repr()] Stack object at 0x7f77ade9b5e0&gt;

    def __repr__(self):
        """show representation."""
&gt;       return "stack:" * str(self.stack)
E       TypeError: can't multiply sequence by non-int of type 'str'

stack2.py:27: TypeError
_________________________________ test_case_4 __________________________________

    def test_case_4():
        stack_0 = module_0.Stack()
        stack_1 = module_0.Stack()
&gt;       var_0 = stack_1.__repr__()

MIO-MOSA-WHOLE_SUITE/test_stack2_WHOLE_SUITE.py:38: 
_ _ _ _ _ _ _ _ _ _ _ _ _ _ _ _ _ _ _ _ _ _ _ _ _ _ _ _ _ _ _ _ _ _ _ _ _ _ _ _ 

self = &lt;[TypeError("can't multiply sequence by non-int of type 'str'") raised in repr()] Stack object at 0x7f77adec2d10&gt;

    def __repr__(self):
        """show representation."""
&gt;       return "stack:" * str(self.stack)
E       TypeError: can't multiply sequence by non-int of type 'str'

stack2.py:27: TypeError
=========================== short test summary info ============================
FAILED MIO-MOSA-WHOLE_SUITE/test_stack2_MIO.py::test_case_3 - TypeError: can'...
FAILED MIO-MOSA-WHOLE_SUITE/test_stack2_MOSA.py::test_case_4 - TypeError: can...
FAILED MIO-MOSA-WHOLE_SUITE/test_stack2_WHOLE_SUITE.py::test_case_0 - TypeErr...
FAILED MIO-MOSA-WHOLE_SUITE/test_stack2_WHOLE_SUITE.py::test_case_3 - TypeErr...
FAILED MIO-MOSA-WHOLE_SUITE/test_stack2_WHOLE_SUITE.py::test_case_4 - TypeErr...
========================= 5 failed, 11 passed in 0.14s =========================
</pre></div></div></div></div></div><div class="mb-1" id="job_list___sub_accordion_3"><div class="card"><a data-toggle="collapse" data-target="#job_list___sub_collapse_3_1" aria-expanded="false" aria-controls="job_list___sub_collapse_3_1" href="#" class="job_list___sub_multi_heading"><div role="alert" class="card-header alert-success" id="job_list___sub_heading_3_1"><button class="btn btn-outline-success"><span class="job_id">3 : Job ID e4bd623923ab40b5b509b5fe1bb14206</span></button></div></a><div aria-labelledby="job_list___sub_heading_3_1" data-parent="#job_list___sub_accordion_3" class="collapse job_list___sub_multi_collapse" id="job_list___sub_collapse_3_1"><div class="card-body"><div class="work-item"><div class="alert alert-success test-outcome" role="alert"><p>worker outcome: normal</p><p>test outcome: killed</p></div></div><pre class="location"><a href="pycharm://open?file=stack2.py&amp;line=27" class="text-secondary"><button class="btn btn-outline-dark">stack2.py, start pos: (27, 24), end pos: (27, 25)</button></a></pre><pre>operator: core/ReplaceBinaryOperator_Add_Div, occurrence: 0</pre><div class="alert alert-secondary"><pre class="diff">--- mutation diff ---
--- astack2.py
+++ bstack2.py
@@ -24,5 +24,5 @@
 
     def __repr__(self):
         """show representation."""
-        return "stack:" + str(self.stack)
+        return "stack:" / str(self.stack)
 </pre></div><div class="alert alert-secondary"><pre class="diff">============================= test session starts ==============================
platform linux -- Python 3.10.10, pytest-7.2.1, pluggy-1.0.0
rootdir: /home/auri/temp/lucca/python_experiments/stack2
collected 16 items

MIO-MOSA-WHOLE_SUITE/test_stack2_MIO.py ...F                             [ 25%]
MIO-MOSA-WHOLE_SUITE/test_stack2_MOSA.py ....F                           [ 56%]
MIO-MOSA-WHOLE_SUITE/test_stack2_WHOLE_SUITE.py F..FF..                  [100%]

=================================== FAILURES ===================================
_________________________________ test_case_3 __________________________________

    def test_case_3():
        stack_0 = module_0.Stack()
&gt;       var_0 = stack_0.__repr__()

MIO-MOSA-WHOLE_SUITE/test_stack2_MIO.py:28: 
_ _ _ _ _ _ _ _ _ _ _ _ _ _ _ _ _ _ _ _ _ _ _ _ _ _ _ _ _ _ _ _ _ _ _ _ _ _ _ _ 

self = &lt;[TypeError("unsupported operand type(s) for /: 'str' and 'str'") raised in repr()] Stack object at 0x7f8dbe1c2860&gt;

    def __repr__(self):
        """show representation."""
&gt;       return "stack:" / str(self.stack)
E       TypeError: unsupported operand type(s) for /: 'str' and 'str'

stack2.py:27: TypeError
_________________________________ test_case_4 __________________________________

    def test_case_4():
        stack_0 = module_0.Stack()
&gt;       var_0 = stack_0.__repr__()

MIO-MOSA-WHOLE_SUITE/test_stack2_MOSA.py:39: 
_ _ _ _ _ _ _ _ _ _ _ _ _ _ _ _ _ _ _ _ _ _ _ _ _ _ _ _ _ _ _ _ _ _ _ _ _ _ _ _ 

self = &lt;[TypeError("unsupported operand type(s) for /: 'str' and 'str'") raised in repr()] Stack object at 0x7f8dbe1c2020&gt;

    def __repr__(self):
        """show representation."""
&gt;       return "stack:" / str(self.stack)
E       TypeError: unsupported operand type(s) for /: 'str' and 'str'

stack2.py:27: TypeError
_________________________________ test_case_0 __________________________________

    def test_case_0():
        stack_0 = module_0.Stack()
        stack_1 = module_0.Stack()
        var_0 = stack_1.push(stack_1)
        var_1 = stack_1.pop()
        assert stack_1.stack == []
        assert f'{type(var_1).__module__}.{type(var_1).__qualname__}' == 'stack2.Stack'
        assert var_1.stack == []
        stack_2 = module_0.Stack()
        var_2 = var_1.push(var_1)
        var_3 = var_1.isEmpty()
&gt;       var_4 = stack_1.__repr__()

MIO-MOSA-WHOLE_SUITE/test_stack2_WHOLE_SUITE.py:16: 
_ _ _ _ _ _ _ _ _ _ _ _ _ _ _ _ _ _ _ _ _ _ _ _ _ _ _ _ _ _ _ _ _ _ _ _ _ _ _ _ 
stack2.py:27: in __repr__
    return "stack:" / str(self.stack)
_ _ _ _ _ _ _ _ _ _ _ _ _ _ _ _ _ _ _ _ _ _ _ _ _ _ _ _ _ _ _ _ _ _ _ _ _ _ _ _ 

self = &lt;[TypeError("unsupported operand type(s) for /: 'str' and 'str'") raised in repr()] Stack object at 0x7f8dbe371990&gt;

    def __repr__(self):
        """show representation."""
&gt;       return "stack:" / str(self.stack)
E       TypeError: unsupported operand type(s) for /: 'str' and 'str'

stack2.py:27: TypeError
_________________________________ test_case_3 __________________________________

    def test_case_3():
        stack_0 = module_0.Stack()
        stack_1 = module_0.Stack()
&gt;       var_0 = stack_1.__repr__()

MIO-MOSA-WHOLE_SUITE/test_stack2_WHOLE_SUITE.py:32: 
_ _ _ _ _ _ _ _ _ _ _ _ _ _ _ _ _ _ _ _ _ _ _ _ _ _ _ _ _ _ _ _ _ _ _ _ _ _ _ _ 

self = &lt;[TypeError("unsupported operand type(s) for /: 'str' and 'str'") raised in repr()] Stack object at 0x7f8dbe1e4550&gt;

    def __repr__(self):
        """show representation."""
&gt;       return "stack:" / str(self.stack)
E       TypeError: unsupported operand type(s) for /: 'str' and 'str'

stack2.py:27: TypeError
_________________________________ test_case_4 __________________________________

    def test_case_4():
        stack_0 = module_0.Stack()
        stack_1 = module_0.Stack()
&gt;       var_0 = stack_1.__repr__()

MIO-MOSA-WHOLE_SUITE/test_stack2_WHOLE_SUITE.py:38: 
_ _ _ _ _ _ _ _ _ _ _ _ _ _ _ _ _ _ _ _ _ _ _ _ _ _ _ _ _ _ _ _ _ _ _ _ _ _ _ _ 

self = &lt;[TypeError("unsupported operand type(s) for /: 'str' and 'str'") raised in repr()] Stack object at 0x7f8dbe1e4d60&gt;

    def __repr__(self):
        """show representation."""
&gt;       return "stack:" / str(self.stack)
E       TypeError: unsupported operand type(s) for /: 'str' and 'str'

stack2.py:27: TypeError
=========================== short test summary info ============================
FAILED MIO-MOSA-WHOLE_SUITE/test_stack2_MIO.py::test_case_3 - TypeError: unsu...
FAILED MIO-MOSA-WHOLE_SUITE/test_stack2_MOSA.py::test_case_4 - TypeError: uns...
FAILED MIO-MOSA-WHOLE_SUITE/test_stack2_WHOLE_SUITE.py::test_case_0 - TypeErr...
FAILED MIO-MOSA-WHOLE_SUITE/test_stack2_WHOLE_SUITE.py::test_case_3 - TypeErr...
FAILED MIO-MOSA-WHOLE_SUITE/test_stack2_WHOLE_SUITE.py::test_case_4 - TypeErr...
========================= 5 failed, 11 passed in 0.15s =========================
</pre></div></div></div></div></div><div class="mb-1" id="job_list___sub_accordion_4"><div class="card"><a data-toggle="collapse" data-target="#job_list___sub_collapse_4_1" aria-expanded="false" aria-controls="job_list___sub_collapse_4_1" href="#" class="job_list___sub_multi_heading"><div role="alert" class="card-header alert-success" id="job_list___sub_heading_4_1"><button class="btn btn-outline-success"><span class="job_id">4 : Job ID e1ff0720474e4cf4bd38bb02c9b365fe</span></button></div></a><div aria-labelledby="job_list___sub_heading_4_1" data-parent="#job_list___sub_accordion_4" class="collapse job_list___sub_multi_collapse" id="job_list___sub_collapse_4_1"><div class="card-body"><div class="work-item"><div class="alert alert-success test-outcome" role="alert"><p>worker outcome: normal</p><p>test outcome: killed</p></div></div><pre class="location"><a href="pycharm://open?file=stack2.py&amp;line=27" class="text-secondary"><button class="btn btn-outline-dark">stack2.py, start pos: (27, 24), end pos: (27, 25)</button></a></pre><pre>operator: core/ReplaceBinaryOperator_Add_FloorDiv, occurrence: 0</pre><div class="alert alert-secondary"><pre class="diff">--- mutation diff ---
--- astack2.py
+++ bstack2.py
@@ -24,5 +24,5 @@
 
     def __repr__(self):
         """show representation."""
-        return "stack:" + str(self.stack)
+        return "stack:" // str(self.stack)
 </pre></div><div class="alert alert-secondary"><pre class="diff">============================= test session starts ==============================
platform linux -- Python 3.10.10, pytest-7.2.1, pluggy-1.0.0
rootdir: /home/auri/temp/lucca/python_experiments/stack2
collected 16 items

MIO-MOSA-WHOLE_SUITE/test_stack2_MIO.py ...F                             [ 25%]
MIO-MOSA-WHOLE_SUITE/test_stack2_MOSA.py ....F                           [ 56%]
MIO-MOSA-WHOLE_SUITE/test_stack2_WHOLE_SUITE.py F..FF..                  [100%]

=================================== FAILURES ===================================
_________________________________ test_case_3 __________________________________

    def test_case_3():
        stack_0 = module_0.Stack()
&gt;       var_0 = stack_0.__repr__()

MIO-MOSA-WHOLE_SUITE/test_stack2_MIO.py:28: 
_ _ _ _ _ _ _ _ _ _ _ _ _ _ _ _ _ _ _ _ _ _ _ _ _ _ _ _ _ _ _ _ _ _ _ _ _ _ _ _ 

self = &lt;[TypeError("unsupported operand type(s) for //: 'str' and 'str'") raised in repr()] Stack object at 0x7fc2c7d7a830&gt;

    def __repr__(self):
        """show representation."""
&gt;       return "stack:" // str(self.stack)
E       TypeError: unsupported operand type(s) for //: 'str' and 'str'

stack2.py:27: TypeError
_________________________________ test_case_4 __________________________________

    def test_case_4():
        stack_0 = module_0.Stack()
&gt;       var_0 = stack_0.__repr__()

MIO-MOSA-WHOLE_SUITE/test_stack2_MOSA.py:39: 
_ _ _ _ _ _ _ _ _ _ _ _ _ _ _ _ _ _ _ _ _ _ _ _ _ _ _ _ _ _ _ _ _ _ _ _ _ _ _ _ 

self = &lt;[TypeError("unsupported operand type(s) for //: 'str' and 'str'") raised in repr()] Stack object at 0x7fc2c7d79e70&gt;

    def __repr__(self):
        """show representation."""
&gt;       return "stack:" // str(self.stack)
E       TypeError: unsupported operand type(s) for //: 'str' and 'str'

stack2.py:27: TypeError
_________________________________ test_case_0 __________________________________

    def test_case_0():
        stack_0 = module_0.Stack()
        stack_1 = module_0.Stack()
        var_0 = stack_1.push(stack_1)
        var_1 = stack_1.pop()
        assert stack_1.stack == []
        assert f'{type(var_1).__module__}.{type(var_1).__qualname__}' == 'stack2.Stack'
        assert var_1.stack == []
        stack_2 = module_0.Stack()
        var_2 = var_1.push(var_1)
        var_3 = var_1.isEmpty()
&gt;       var_4 = stack_1.__repr__()

MIO-MOSA-WHOLE_SUITE/test_stack2_WHOLE_SUITE.py:16: 
_ _ _ _ _ _ _ _ _ _ _ _ _ _ _ _ _ _ _ _ _ _ _ _ _ _ _ _ _ _ _ _ _ _ _ _ _ _ _ _ 
stack2.py:27: in __repr__
    return "stack:" // str(self.stack)
_ _ _ _ _ _ _ _ _ _ _ _ _ _ _ _ _ _ _ _ _ _ _ _ _ _ _ _ _ _ _ _ _ _ _ _ _ _ _ _ 

self = &lt;[TypeError("unsupported operand type(s) for //: 'str' and 'str'") raised in repr()] Stack object at 0x7fc2c7f25a50&gt;

    def __repr__(self):
        """show representation."""
&gt;       return "stack:" // str(self.stack)
E       TypeError: unsupported operand type(s) for //: 'str' and 'str'

stack2.py:27: TypeError
_________________________________ test_case_3 __________________________________

    def test_case_3():
        stack_0 = module_0.Stack()
        stack_1 = module_0.Stack()
&gt;       var_0 = stack_1.__repr__()

MIO-MOSA-WHOLE_SUITE/test_stack2_WHOLE_SUITE.py:32: 
_ _ _ _ _ _ _ _ _ _ _ _ _ _ _ _ _ _ _ _ _ _ _ _ _ _ _ _ _ _ _ _ _ _ _ _ _ _ _ _ 

self = &lt;[TypeError("unsupported operand type(s) for //: 'str' and 'str'") raised in repr()] Stack object at 0x7fc2c7d9e560&gt;

    def __repr__(self):
        """show representation."""
&gt;       return "stack:" // str(self.stack)
E       TypeError: unsupported operand type(s) for //: 'str' and 'str'

stack2.py:27: TypeError
_________________________________ test_case_4 __________________________________

    def test_case_4():
        stack_0 = module_0.Stack()
        stack_1 = module_0.Stack()
&gt;       var_0 = stack_1.__repr__()

MIO-MOSA-WHOLE_SUITE/test_stack2_WHOLE_SUITE.py:38: 
_ _ _ _ _ _ _ _ _ _ _ _ _ _ _ _ _ _ _ _ _ _ _ _ _ _ _ _ _ _ _ _ _ _ _ _ _ _ _ _ 

self = &lt;[TypeError("unsupported operand type(s) for //: 'str' and 'str'") raised in repr()] Stack object at 0x7fc2c7d9cd30&gt;

    def __repr__(self):
        """show representation."""
&gt;       return "stack:" // str(self.stack)
E       TypeError: unsupported operand type(s) for //: 'str' and 'str'

stack2.py:27: TypeError
=========================== short test summary info ============================
FAILED MIO-MOSA-WHOLE_SUITE/test_stack2_MIO.py::test_case_3 - TypeError: unsu...
FAILED MIO-MOSA-WHOLE_SUITE/test_stack2_MOSA.py::test_case_4 - TypeError: uns...
FAILED MIO-MOSA-WHOLE_SUITE/test_stack2_WHOLE_SUITE.py::test_case_0 - TypeErr...
FAILED MIO-MOSA-WHOLE_SUITE/test_stack2_WHOLE_SUITE.py::test_case_3 - TypeErr...
FAILED MIO-MOSA-WHOLE_SUITE/test_stack2_WHOLE_SUITE.py::test_case_4 - TypeErr...
========================= 5 failed, 11 passed in 0.14s =========================
</pre></div></div></div></div></div><div class="mb-1" id="job_list___sub_accordion_5"><div class="card"><a data-toggle="collapse" data-target="#job_list___sub_collapse_5_1" aria-expanded="false" aria-controls="job_list___sub_collapse_5_1" href="#" class="job_list___sub_multi_heading"><div role="alert" class="card-header alert-success" id="job_list___sub_heading_5_1"><button class="btn btn-outline-success"><span class="job_id">5 : Job ID 4fc285f8b7fb49f69d399a2c86d04f4f</span></button></div></a><div aria-labelledby="job_list___sub_heading_5_1" data-parent="#job_list___sub_accordion_5" class="collapse job_list___sub_multi_collapse" id="job_list___sub_collapse_5_1"><div class="card-body"><div class="work-item"><div class="alert alert-success test-outcome" role="alert"><p>worker outcome: normal</p><p>test outcome: killed</p></div></div><pre class="location"><a href="pycharm://open?file=stack2.py&amp;line=27" class="text-secondary"><button class="btn btn-outline-dark">stack2.py, start pos: (27, 24), end pos: (27, 25)</button></a></pre><pre>operator: core/ReplaceBinaryOperator_Add_Mod, occurrence: 0</pre><div class="alert alert-secondary"><pre class="diff">--- mutation diff ---
--- astack2.py
+++ bstack2.py
@@ -24,5 +24,5 @@
 
     def __repr__(self):
         """show representation."""
-        return "stack:" + str(self.stack)
+        return "stack:" % str(self.stack)
 </pre></div><div class="alert alert-secondary"><pre class="diff">============================= test session starts ==============================
platform linux -- Python 3.10.10, pytest-7.2.1, pluggy-1.0.0
rootdir: /home/auri/temp/lucca/python_experiments/stack2
collected 16 items

MIO-MOSA-WHOLE_SUITE/test_stack2_MIO.py ...F                             [ 25%]
MIO-MOSA-WHOLE_SUITE/test_stack2_MOSA.py ....F                           [ 56%]
MIO-MOSA-WHOLE_SUITE/test_stack2_WHOLE_SUITE.py F..FF..                  [100%]

=================================== FAILURES ===================================
_________________________________ test_case_3 __________________________________

    def test_case_3():
        stack_0 = module_0.Stack()
&gt;       var_0 = stack_0.__repr__()

MIO-MOSA-WHOLE_SUITE/test_stack2_MIO.py:28: 
_ _ _ _ _ _ _ _ _ _ _ _ _ _ _ _ _ _ _ _ _ _ _ _ _ _ _ _ _ _ _ _ _ _ _ _ _ _ _ _ 

self = &lt;[TypeError('not all arguments converted during string formatting') raised in repr()] Stack object at 0x7f8f43526680&gt;

    def __repr__(self):
        """show representation."""
&gt;       return "stack:" % str(self.stack)
E       TypeError: not all arguments converted during string formatting

stack2.py:27: TypeError
_________________________________ test_case_4 __________________________________

    def test_case_4():
        stack_0 = module_0.Stack()
&gt;       var_0 = stack_0.__repr__()

MIO-MOSA-WHOLE_SUITE/test_stack2_MOSA.py:39: 
_ _ _ _ _ _ _ _ _ _ _ _ _ _ _ _ _ _ _ _ _ _ _ _ _ _ _ _ _ _ _ _ _ _ _ _ _ _ _ _ 

self = &lt;[TypeError('not all arguments converted during string formatting') raised in repr()] Stack object at 0x7f8f43525d80&gt;

    def __repr__(self):
        """show representation."""
&gt;       return "stack:" % str(self.stack)
E       TypeError: not all arguments converted during string formatting

stack2.py:27: TypeError
_________________________________ test_case_0 __________________________________

    def test_case_0():
        stack_0 = module_0.Stack()
        stack_1 = module_0.Stack()
        var_0 = stack_1.push(stack_1)
        var_1 = stack_1.pop()
        assert stack_1.stack == []
        assert f'{type(var_1).__module__}.{type(var_1).__qualname__}' == 'stack2.Stack'
        assert var_1.stack == []
        stack_2 = module_0.Stack()
        var_2 = var_1.push(var_1)
        var_3 = var_1.isEmpty()
&gt;       var_4 = stack_1.__repr__()

MIO-MOSA-WHOLE_SUITE/test_stack2_WHOLE_SUITE.py:16: 
_ _ _ _ _ _ _ _ _ _ _ _ _ _ _ _ _ _ _ _ _ _ _ _ _ _ _ _ _ _ _ _ _ _ _ _ _ _ _ _ 
stack2.py:27: in __repr__
    return "stack:" % str(self.stack)
_ _ _ _ _ _ _ _ _ _ _ _ _ _ _ _ _ _ _ _ _ _ _ _ _ _ _ _ _ _ _ _ _ _ _ _ _ _ _ _ 

self = &lt;[TypeError('not all arguments converted during string formatting') raised in repr()] Stack object at 0x7f8f436d1a20&gt;

    def __repr__(self):
        """show representation."""
&gt;       return "stack:" % str(self.stack)
E       TypeError: not all arguments converted during string formatting

stack2.py:27: TypeError
_________________________________ test_case_3 __________________________________

    def test_case_3():
        stack_0 = module_0.Stack()
        stack_1 = module_0.Stack()
&gt;       var_0 = stack_1.__repr__()

MIO-MOSA-WHOLE_SUITE/test_stack2_WHOLE_SUITE.py:32: 
_ _ _ _ _ _ _ _ _ _ _ _ _ _ _ _ _ _ _ _ _ _ _ _ _ _ _ _ _ _ _ _ _ _ _ _ _ _ _ _ 

self = &lt;[TypeError('not all arguments converted during string formatting') raised in repr()] Stack object at 0x7f8f43549270&gt;

    def __repr__(self):
        """show representation."""
&gt;       return "stack:" % str(self.stack)
E       TypeError: not all arguments converted during string formatting

stack2.py:27: TypeError
_________________________________ test_case_4 __________________________________

    def test_case_4():
        stack_0 = module_0.Stack()
        stack_1 = module_0.Stack()
&gt;       var_0 = stack_1.__repr__()

MIO-MOSA-WHOLE_SUITE/test_stack2_WHOLE_SUITE.py:38: 
_ _ _ _ _ _ _ _ _ _ _ _ _ _ _ _ _ _ _ _ _ _ _ _ _ _ _ _ _ _ _ _ _ _ _ _ _ _ _ _ 

self = &lt;[TypeError('not all arguments converted during string formatting') raised in repr()] Stack object at 0x7f8f4354b250&gt;

    def __repr__(self):
        """show representation."""
&gt;       return "stack:" % str(self.stack)
E       TypeError: not all arguments converted during string formatting

stack2.py:27: TypeError
=========================== short test summary info ============================
FAILED MIO-MOSA-WHOLE_SUITE/test_stack2_MIO.py::test_case_3 - TypeError: not ...
FAILED MIO-MOSA-WHOLE_SUITE/test_stack2_MOSA.py::test_case_4 - TypeError: not...
FAILED MIO-MOSA-WHOLE_SUITE/test_stack2_WHOLE_SUITE.py::test_case_0 - TypeErr...
FAILED MIO-MOSA-WHOLE_SUITE/test_stack2_WHOLE_SUITE.py::test_case_3 - TypeErr...
FAILED MIO-MOSA-WHOLE_SUITE/test_stack2_WHOLE_SUITE.py::test_case_4 - TypeErr...
========================= 5 failed, 11 passed in 0.14s =========================
</pre></div></div></div></div></div><div class="mb-1" id="job_list___sub_accordion_6"><div class="card"><a data-toggle="collapse" data-target="#job_list___sub_collapse_6_1" aria-expanded="false" aria-controls="job_list___sub_collapse_6_1" href="#" class="job_list___sub_multi_heading"><div role="alert" class="card-header alert-success" id="job_list___sub_heading_6_1"><button class="btn btn-outline-success"><span class="job_id">6 : Job ID cf6c024d007d4ceda7790d11a9b5dc0c</span></button></div></a><div aria-labelledby="job_list___sub_heading_6_1" data-parent="#job_list___sub_accordion_6" class="collapse job_list___sub_multi_collapse" id="job_list___sub_collapse_6_1"><div class="card-body"><div class="work-item"><div class="alert alert-success test-outcome" role="alert"><p>worker outcome: normal</p><p>test outcome: killed</p></div></div><pre class="location"><a href="pycharm://open?file=stack2.py&amp;line=27" class="text-secondary"><button class="btn btn-outline-dark">stack2.py, start pos: (27, 24), end pos: (27, 25)</button></a></pre><pre>operator: core/ReplaceBinaryOperator_Add_Pow, occurrence: 0</pre><div class="alert alert-secondary"><pre class="diff">--- mutation diff ---
--- astack2.py
+++ bstack2.py
@@ -24,5 +24,5 @@
 
     def __repr__(self):
         """show representation."""
-        return "stack:" + str(self.stack)
+        return "stack:" ** str(self.stack)
 </pre></div><div class="alert alert-secondary"><pre class="diff">============================= test session starts ==============================
platform linux -- Python 3.10.10, pytest-7.2.1, pluggy-1.0.0
rootdir: /home/auri/temp/lucca/python_experiments/stack2
collected 16 items

MIO-MOSA-WHOLE_SUITE/test_stack2_MIO.py ...F                             [ 25%]
MIO-MOSA-WHOLE_SUITE/test_stack2_MOSA.py ....F                           [ 56%]
MIO-MOSA-WHOLE_SUITE/test_stack2_WHOLE_SUITE.py F..FF..                  [100%]

=================================== FAILURES ===================================
_________________________________ test_case_3 __________________________________

    def test_case_3():
        stack_0 = module_0.Stack()
&gt;       var_0 = stack_0.__repr__()

MIO-MOSA-WHOLE_SUITE/test_stack2_MIO.py:28: 
_ _ _ _ _ _ _ _ _ _ _ _ _ _ _ _ _ _ _ _ _ _ _ _ _ _ _ _ _ _ _ _ _ _ _ _ _ _ _ _ 

self = &lt;[TypeError("unsupported operand type(s) for ** or pow(): 'str' and 'str'") raised in repr()] Stack object at 0x7fc9b6dd26b0&gt;

    def __repr__(self):
        """show representation."""
&gt;       return "stack:" ** str(self.stack)
E       TypeError: unsupported operand type(s) for ** or pow(): 'str' and 'str'

stack2.py:27: TypeError
_________________________________ test_case_4 __________________________________

    def test_case_4():
        stack_0 = module_0.Stack()
&gt;       var_0 = stack_0.__repr__()

MIO-MOSA-WHOLE_SUITE/test_stack2_MOSA.py:39: 
_ _ _ _ _ _ _ _ _ _ _ _ _ _ _ _ _ _ _ _ _ _ _ _ _ _ _ _ _ _ _ _ _ _ _ _ _ _ _ _ 

self = &lt;[TypeError("unsupported operand type(s) for ** or pow(): 'str' and 'str'") raised in repr()] Stack object at 0x7fc9b6dd1870&gt;

    def __repr__(self):
        """show representation."""
&gt;       return "stack:" ** str(self.stack)
E       TypeError: unsupported operand type(s) for ** or pow(): 'str' and 'str'

stack2.py:27: TypeError
_________________________________ test_case_0 __________________________________

    def test_case_0():
        stack_0 = module_0.Stack()
        stack_1 = module_0.Stack()
        var_0 = stack_1.push(stack_1)
        var_1 = stack_1.pop()
        assert stack_1.stack == []
        assert f'{type(var_1).__module__}.{type(var_1).__qualname__}' == 'stack2.Stack'
        assert var_1.stack == []
        stack_2 = module_0.Stack()
        var_2 = var_1.push(var_1)
        var_3 = var_1.isEmpty()
&gt;       var_4 = stack_1.__repr__()

MIO-MOSA-WHOLE_SUITE/test_stack2_WHOLE_SUITE.py:16: 
_ _ _ _ _ _ _ _ _ _ _ _ _ _ _ _ _ _ _ _ _ _ _ _ _ _ _ _ _ _ _ _ _ _ _ _ _ _ _ _ 
stack2.py:27: in __repr__
    return "stack:" ** str(self.stack)
_ _ _ _ _ _ _ _ _ _ _ _ _ _ _ _ _ _ _ _ _ _ _ _ _ _ _ _ _ _ _ _ _ _ _ _ _ _ _ _ 

self = &lt;[TypeError("unsupported operand type(s) for ** or pow(): 'str' and 'str'") raised in repr()] Stack object at 0x7fc9b6f82320&gt;

    def __repr__(self):
        """show representation."""
&gt;       return "stack:" ** str(self.stack)
E       TypeError: unsupported operand type(s) for ** or pow(): 'str' and 'str'

stack2.py:27: TypeError
_________________________________ test_case_3 __________________________________

    def test_case_3():
        stack_0 = module_0.Stack()
        stack_1 = module_0.Stack()
&gt;       var_0 = stack_1.__repr__()

MIO-MOSA-WHOLE_SUITE/test_stack2_WHOLE_SUITE.py:32: 
_ _ _ _ _ _ _ _ _ _ _ _ _ _ _ _ _ _ _ _ _ _ _ _ _ _ _ _ _ _ _ _ _ _ _ _ _ _ _ _ 

self = &lt;[TypeError("unsupported operand type(s) for ** or pow(): 'str' and 'str'") raised in repr()] Stack object at 0x7fc9b6dd2e30&gt;

    def __repr__(self):
        """show representation."""
&gt;       return "stack:" ** str(self.stack)
E       TypeError: unsupported operand type(s) for ** or pow(): 'str' and 'str'

stack2.py:27: TypeError
_________________________________ test_case_4 __________________________________

    def test_case_4():
        stack_0 = module_0.Stack()
        stack_1 = module_0.Stack()
&gt;       var_0 = stack_1.__repr__()

MIO-MOSA-WHOLE_SUITE/test_stack2_WHOLE_SUITE.py:38: 
_ _ _ _ _ _ _ _ _ _ _ _ _ _ _ _ _ _ _ _ _ _ _ _ _ _ _ _ _ _ _ _ _ _ _ _ _ _ _ _ 

self = &lt;[TypeError("unsupported operand type(s) for ** or pow(): 'str' and 'str'") raised in repr()] Stack object at 0x7fc9b6f825f0&gt;

    def __repr__(self):
        """show representation."""
&gt;       return "stack:" ** str(self.stack)
E       TypeError: unsupported operand type(s) for ** or pow(): 'str' and 'str'

stack2.py:27: TypeError
=========================== short test summary info ============================
FAILED MIO-MOSA-WHOLE_SUITE/test_stack2_MIO.py::test_case_3 - TypeError: unsu...
FAILED MIO-MOSA-WHOLE_SUITE/test_stack2_MOSA.py::test_case_4 - TypeError: uns...
FAILED MIO-MOSA-WHOLE_SUITE/test_stack2_WHOLE_SUITE.py::test_case_0 - TypeErr...
FAILED MIO-MOSA-WHOLE_SUITE/test_stack2_WHOLE_SUITE.py::test_case_3 - TypeErr...
FAILED MIO-MOSA-WHOLE_SUITE/test_stack2_WHOLE_SUITE.py::test_case_4 - TypeErr...
========================= 5 failed, 11 passed in 0.14s =========================
</pre></div></div></div></div></div><div class="mb-1" id="job_list___sub_accordion_7"><div class="card"><a data-toggle="collapse" data-target="#job_list___sub_collapse_7_1" aria-expanded="false" aria-controls="job_list___sub_collapse_7_1" href="#" class="job_list___sub_multi_heading"><div role="alert" class="card-header alert-success" id="job_list___sub_heading_7_1"><button class="btn btn-outline-success"><span class="job_id">7 : Job ID 2729d1c9901f4566a0e333a7c32ada5a</span></button></div></a><div aria-labelledby="job_list___sub_heading_7_1" data-parent="#job_list___sub_accordion_7" class="collapse job_list___sub_multi_collapse" id="job_list___sub_collapse_7_1"><div class="card-body"><div class="work-item"><div class="alert alert-success test-outcome" role="alert"><p>worker outcome: normal</p><p>test outcome: killed</p></div></div><pre class="location"><a href="pycharm://open?file=stack2.py&amp;line=27" class="text-secondary"><button class="btn btn-outline-dark">stack2.py, start pos: (27, 24), end pos: (27, 25)</button></a></pre><pre>operator: core/ReplaceBinaryOperator_Add_RShift, occurrence: 0</pre><div class="alert alert-secondary"><pre class="diff">--- mutation diff ---
--- astack2.py
+++ bstack2.py
@@ -24,5 +24,5 @@
 
     def __repr__(self):
         """show representation."""
-        return "stack:" + str(self.stack)
+        return "stack:" &gt;&gt; str(self.stack)
 </pre></div><div class="alert alert-secondary"><pre class="diff">============================= test session starts ==============================
platform linux -- Python 3.10.10, pytest-7.2.1, pluggy-1.0.0
rootdir: /home/auri/temp/lucca/python_experiments/stack2
collected 16 items

MIO-MOSA-WHOLE_SUITE/test_stack2_MIO.py ...F                             [ 25%]
MIO-MOSA-WHOLE_SUITE/test_stack2_MOSA.py ....F                           [ 56%]
MIO-MOSA-WHOLE_SUITE/test_stack2_WHOLE_SUITE.py F..FF..                  [100%]

=================================== FAILURES ===================================
_________________________________ test_case_3 __________________________________

    def test_case_3():
        stack_0 = module_0.Stack()
&gt;       var_0 = stack_0.__repr__()

MIO-MOSA-WHOLE_SUITE/test_stack2_MIO.py:28: 
_ _ _ _ _ _ _ _ _ _ _ _ _ _ _ _ _ _ _ _ _ _ _ _ _ _ _ _ _ _ _ _ _ _ _ _ _ _ _ _ 

self = &lt;[TypeError("unsupported operand type(s) for &gt;&gt;: 'str' and 'str'") raised in repr()] Stack object at 0x7f930b376950&gt;

    def __repr__(self):
        """show representation."""
&gt;       return "stack:" &gt;&gt; str(self.stack)
E       TypeError: unsupported operand type(s) for &gt;&gt;: 'str' and 'str'

stack2.py:27: TypeError
_________________________________ test_case_4 __________________________________

    def test_case_4():
        stack_0 = module_0.Stack()
&gt;       var_0 = stack_0.__repr__()

MIO-MOSA-WHOLE_SUITE/test_stack2_MOSA.py:39: 
_ _ _ _ _ _ _ _ _ _ _ _ _ _ _ _ _ _ _ _ _ _ _ _ _ _ _ _ _ _ _ _ _ _ _ _ _ _ _ _ 

self = &lt;[TypeError("unsupported operand type(s) for &gt;&gt;: 'str' and 'str'") raised in repr()] Stack object at 0x7f930b376020&gt;

    def __repr__(self):
        """show representation."""
&gt;       return "stack:" &gt;&gt; str(self.stack)
E       TypeError: unsupported operand type(s) for &gt;&gt;: 'str' and 'str'

stack2.py:27: TypeError
_________________________________ test_case_0 __________________________________

    def test_case_0():
        stack_0 = module_0.Stack()
        stack_1 = module_0.Stack()
        var_0 = stack_1.push(stack_1)
        var_1 = stack_1.pop()
        assert stack_1.stack == []
        assert f'{type(var_1).__module__}.{type(var_1).__qualname__}' == 'stack2.Stack'
        assert var_1.stack == []
        stack_2 = module_0.Stack()
        var_2 = var_1.push(var_1)
        var_3 = var_1.isEmpty()
&gt;       var_4 = stack_1.__repr__()

MIO-MOSA-WHOLE_SUITE/test_stack2_WHOLE_SUITE.py:16: 
_ _ _ _ _ _ _ _ _ _ _ _ _ _ _ _ _ _ _ _ _ _ _ _ _ _ _ _ _ _ _ _ _ _ _ _ _ _ _ _ 
stack2.py:27: in __repr__
    return "stack:" &gt;&gt; str(self.stack)
_ _ _ _ _ _ _ _ _ _ _ _ _ _ _ _ _ _ _ _ _ _ _ _ _ _ _ _ _ _ _ _ _ _ _ _ _ _ _ _ 

self = &lt;[TypeError("unsupported operand type(s) for &gt;&gt;: 'str' and 'str'") raised in repr()] Stack object at 0x7f930b5219f0&gt;

    def __repr__(self):
        """show representation."""
&gt;       return "stack:" &gt;&gt; str(self.stack)
E       TypeError: unsupported operand type(s) for &gt;&gt;: 'str' and 'str'

stack2.py:27: TypeError
_________________________________ test_case_3 __________________________________

    def test_case_3():
        stack_0 = module_0.Stack()
        stack_1 = module_0.Stack()
&gt;       var_0 = stack_1.__repr__()

MIO-MOSA-WHOLE_SUITE/test_stack2_WHOLE_SUITE.py:32: 
_ _ _ _ _ _ _ _ _ _ _ _ _ _ _ _ _ _ _ _ _ _ _ _ _ _ _ _ _ _ _ _ _ _ _ _ _ _ _ _ 

self = &lt;[TypeError("unsupported operand type(s) for &gt;&gt;: 'str' and 'str'") raised in repr()] Stack object at 0x7f930b3985e0&gt;

    def __repr__(self):
        """show representation."""
&gt;       return "stack:" &gt;&gt; str(self.stack)
E       TypeError: unsupported operand type(s) for &gt;&gt;: 'str' and 'str'

stack2.py:27: TypeError
_________________________________ test_case_4 __________________________________

    def test_case_4():
        stack_0 = module_0.Stack()
        stack_1 = module_0.Stack()
&gt;       var_0 = stack_1.__repr__()

MIO-MOSA-WHOLE_SUITE/test_stack2_WHOLE_SUITE.py:38: 
_ _ _ _ _ _ _ _ _ _ _ _ _ _ _ _ _ _ _ _ _ _ _ _ _ _ _ _ _ _ _ _ _ _ _ _ _ _ _ _ 

self = &lt;[TypeError("unsupported operand type(s) for &gt;&gt;: 'str' and 'str'") raised in repr()] Stack object at 0x7f930b398e20&gt;

    def __repr__(self):
        """show representation."""
&gt;       return "stack:" &gt;&gt; str(self.stack)
E       TypeError: unsupported operand type(s) for &gt;&gt;: 'str' and 'str'

stack2.py:27: TypeError
=========================== short test summary info ============================
FAILED MIO-MOSA-WHOLE_SUITE/test_stack2_MIO.py::test_case_3 - TypeError: unsu...
FAILED MIO-MOSA-WHOLE_SUITE/test_stack2_MOSA.py::test_case_4 - TypeError: uns...
FAILED MIO-MOSA-WHOLE_SUITE/test_stack2_WHOLE_SUITE.py::test_case_0 - TypeErr...
FAILED MIO-MOSA-WHOLE_SUITE/test_stack2_WHOLE_SUITE.py::test_case_3 - TypeErr...
FAILED MIO-MOSA-WHOLE_SUITE/test_stack2_WHOLE_SUITE.py::test_case_4 - TypeErr...
========================= 5 failed, 11 passed in 0.14s =========================
</pre></div></div></div></div></div><div class="mb-1" id="job_list___sub_accordion_8"><div class="card"><a data-toggle="collapse" data-target="#job_list___sub_collapse_8_1" aria-expanded="false" aria-controls="job_list___sub_collapse_8_1" href="#" class="job_list___sub_multi_heading"><div role="alert" class="card-header alert-success" id="job_list___sub_heading_8_1"><button class="btn btn-outline-success"><span class="job_id">8 : Job ID 188910a9cc5c406c9f71c07ecb300115</span></button></div></a><div aria-labelledby="job_list___sub_heading_8_1" data-parent="#job_list___sub_accordion_8" class="collapse job_list___sub_multi_collapse" id="job_list___sub_collapse_8_1"><div class="card-body"><div class="work-item"><div class="alert alert-success test-outcome" role="alert"><p>worker outcome: normal</p><p>test outcome: killed</p></div></div><pre class="location"><a href="pycharm://open?file=stack2.py&amp;line=27" class="text-secondary"><button class="btn btn-outline-dark">stack2.py, start pos: (27, 24), end pos: (27, 25)</button></a></pre><pre>operator: core/ReplaceBinaryOperator_Add_LShift, occurrence: 0</pre><div class="alert alert-secondary"><pre class="diff">--- mutation diff ---
--- astack2.py
+++ bstack2.py
@@ -24,5 +24,5 @@
 
     def __repr__(self):
         """show representation."""
-        return "stack:" + str(self.stack)
+        return "stack:" &lt;&lt; str(self.stack)
 </pre></div><div class="alert alert-secondary"><pre class="diff">============================= test session starts ==============================
platform linux -- Python 3.10.10, pytest-7.2.1, pluggy-1.0.0
rootdir: /home/auri/temp/lucca/python_experiments/stack2
collected 16 items

MIO-MOSA-WHOLE_SUITE/test_stack2_MIO.py ...F                             [ 25%]
MIO-MOSA-WHOLE_SUITE/test_stack2_MOSA.py ....F                           [ 56%]
MIO-MOSA-WHOLE_SUITE/test_stack2_WHOLE_SUITE.py F..FF..                  [100%]

=================================== FAILURES ===================================
_________________________________ test_case_3 __________________________________

    def test_case_3():
        stack_0 = module_0.Stack()
&gt;       var_0 = stack_0.__repr__()

MIO-MOSA-WHOLE_SUITE/test_stack2_MIO.py:28: 
_ _ _ _ _ _ _ _ _ _ _ _ _ _ _ _ _ _ _ _ _ _ _ _ _ _ _ _ _ _ _ _ _ _ _ _ _ _ _ _ 

self = &lt;[TypeError("unsupported operand type(s) for &lt;&lt;: 'str' and 'str'") raised in repr()] Stack object at 0x7f9e65292830&gt;

    def __repr__(self):
        """show representation."""
&gt;       return "stack:" &lt;&lt; str(self.stack)
E       TypeError: unsupported operand type(s) for &lt;&lt;: 'str' and 'str'

stack2.py:27: TypeError
_________________________________ test_case_4 __________________________________

    def test_case_4():
        stack_0 = module_0.Stack()
&gt;       var_0 = stack_0.__repr__()

MIO-MOSA-WHOLE_SUITE/test_stack2_MOSA.py:39: 
_ _ _ _ _ _ _ _ _ _ _ _ _ _ _ _ _ _ _ _ _ _ _ _ _ _ _ _ _ _ _ _ _ _ _ _ _ _ _ _ 

self = &lt;[TypeError("unsupported operand type(s) for &lt;&lt;: 'str' and 'str'") raised in repr()] Stack object at 0x7f9e65292020&gt;

    def __repr__(self):
        """show representation."""
&gt;       return "stack:" &lt;&lt; str(self.stack)
E       TypeError: unsupported operand type(s) for &lt;&lt;: 'str' and 'str'

stack2.py:27: TypeError
_________________________________ test_case_0 __________________________________

    def test_case_0():
        stack_0 = module_0.Stack()
        stack_1 = module_0.Stack()
        var_0 = stack_1.push(stack_1)
        var_1 = stack_1.pop()
        assert stack_1.stack == []
        assert f'{type(var_1).__module__}.{type(var_1).__qualname__}' == 'stack2.Stack'
        assert var_1.stack == []
        stack_2 = module_0.Stack()
        var_2 = var_1.push(var_1)
        var_3 = var_1.isEmpty()
&gt;       var_4 = stack_1.__repr__()

MIO-MOSA-WHOLE_SUITE/test_stack2_WHOLE_SUITE.py:16: 
_ _ _ _ _ _ _ _ _ _ _ _ _ _ _ _ _ _ _ _ _ _ _ _ _ _ _ _ _ _ _ _ _ _ _ _ _ _ _ _ 
stack2.py:27: in __repr__
    return "stack:" &lt;&lt; str(self.stack)
_ _ _ _ _ _ _ _ _ _ _ _ _ _ _ _ _ _ _ _ _ _ _ _ _ _ _ _ _ _ _ _ _ _ _ _ _ _ _ _ 

self = &lt;[TypeError("unsupported operand type(s) for &lt;&lt;: 'str' and 'str'") raised in repr()] Stack object at 0x7f9e6543d9c0&gt;

    def __repr__(self):
        """show representation."""
&gt;       return "stack:" &lt;&lt; str(self.stack)
E       TypeError: unsupported operand type(s) for &lt;&lt;: 'str' and 'str'

stack2.py:27: TypeError
_________________________________ test_case_3 __________________________________

    def test_case_3():
        stack_0 = module_0.Stack()
        stack_1 = module_0.Stack()
&gt;       var_0 = stack_1.__repr__()

MIO-MOSA-WHOLE_SUITE/test_stack2_WHOLE_SUITE.py:32: 
_ _ _ _ _ _ _ _ _ _ _ _ _ _ _ _ _ _ _ _ _ _ _ _ _ _ _ _ _ _ _ _ _ _ _ _ _ _ _ _ 

self = &lt;[TypeError("unsupported operand type(s) for &lt;&lt;: 'str' and 'str'") raised in repr()] Stack object at 0x7f9e652b4550&gt;

    def __repr__(self):
        """show representation."""
&gt;       return "stack:" &lt;&lt; str(self.stack)
E       TypeError: unsupported operand type(s) for &lt;&lt;: 'str' and 'str'

stack2.py:27: TypeError
_________________________________ test_case_4 __________________________________

    def test_case_4():
        stack_0 = module_0.Stack()
        stack_1 = module_0.Stack()
&gt;       var_0 = stack_1.__repr__()

MIO-MOSA-WHOLE_SUITE/test_stack2_WHOLE_SUITE.py:38: 
_ _ _ _ _ _ _ _ _ _ _ _ _ _ _ _ _ _ _ _ _ _ _ _ _ _ _ _ _ _ _ _ _ _ _ _ _ _ _ _ 

self = &lt;[TypeError("unsupported operand type(s) for &lt;&lt;: 'str' and 'str'") raised in repr()] Stack object at 0x7f9e652b4d60&gt;

    def __repr__(self):
        """show representation."""
&gt;       return "stack:" &lt;&lt; str(self.stack)
E       TypeError: unsupported operand type(s) for &lt;&lt;: 'str' and 'str'

stack2.py:27: TypeError
=========================== short test summary info ============================
FAILED MIO-MOSA-WHOLE_SUITE/test_stack2_MIO.py::test_case_3 - TypeError: unsu...
FAILED MIO-MOSA-WHOLE_SUITE/test_stack2_MOSA.py::test_case_4 - TypeError: uns...
FAILED MIO-MOSA-WHOLE_SUITE/test_stack2_WHOLE_SUITE.py::test_case_0 - TypeErr...
FAILED MIO-MOSA-WHOLE_SUITE/test_stack2_WHOLE_SUITE.py::test_case_3 - TypeErr...
FAILED MIO-MOSA-WHOLE_SUITE/test_stack2_WHOLE_SUITE.py::test_case_4 - TypeErr...
========================= 5 failed, 11 passed in 0.15s =========================
</pre></div></div></div></div></div><div class="mb-1" id="job_list___sub_accordion_9"><div class="card"><a data-toggle="collapse" data-target="#job_list___sub_collapse_9_1" aria-expanded="false" aria-controls="job_list___sub_collapse_9_1" href="#" class="job_list___sub_multi_heading"><div role="alert" class="card-header alert-success" id="job_list___sub_heading_9_1"><button class="btn btn-outline-success"><span class="job_id">9 : Job ID 7b5fb811d7184fa6b9b7a6d6e3d26abb</span></button></div></a><div aria-labelledby="job_list___sub_heading_9_1" data-parent="#job_list___sub_accordion_9" class="collapse job_list___sub_multi_collapse" id="job_list___sub_collapse_9_1"><div class="card-body"><div class="work-item"><div class="alert alert-success test-outcome" role="alert"><p>worker outcome: normal</p><p>test outcome: killed</p></div></div><pre class="location"><a href="pycharm://open?file=stack2.py&amp;line=27" class="text-secondary"><button class="btn btn-outline-dark">stack2.py, start pos: (27, 24), end pos: (27, 25)</button></a></pre><pre>operator: core/ReplaceBinaryOperator_Add_BitOr, occurrence: 0</pre><div class="alert alert-secondary"><pre class="diff">--- mutation diff ---
--- astack2.py
+++ bstack2.py
@@ -24,5 +24,5 @@
 
     def __repr__(self):
         """show representation."""
-        return "stack:" + str(self.stack)
+        return "stack:" | str(self.stack)
 </pre></div><div class="alert alert-secondary"><pre class="diff">============================= test session starts ==============================
platform linux -- Python 3.10.10, pytest-7.2.1, pluggy-1.0.0
rootdir: /home/auri/temp/lucca/python_experiments/stack2
collected 16 items

MIO-MOSA-WHOLE_SUITE/test_stack2_MIO.py ...F                             [ 25%]
MIO-MOSA-WHOLE_SUITE/test_stack2_MOSA.py ....F                           [ 56%]
MIO-MOSA-WHOLE_SUITE/test_stack2_WHOLE_SUITE.py F..FF..                  [100%]

=================================== FAILURES ===================================
_________________________________ test_case_3 __________________________________

    def test_case_3():
        stack_0 = module_0.Stack()
&gt;       var_0 = stack_0.__repr__()

MIO-MOSA-WHOLE_SUITE/test_stack2_MIO.py:28: 
_ _ _ _ _ _ _ _ _ _ _ _ _ _ _ _ _ _ _ _ _ _ _ _ _ _ _ _ _ _ _ _ _ _ _ _ _ _ _ _ 

self = &lt;[TypeError("unsupported operand type(s) for |: 'str' and 'str'") raised in repr()] Stack object at 0x7f8e15152380&gt;

    def __repr__(self):
        """show representation."""
&gt;       return "stack:" | str(self.stack)
E       TypeError: unsupported operand type(s) for |: 'str' and 'str'

stack2.py:27: TypeError
_________________________________ test_case_4 __________________________________

    def test_case_4():
        stack_0 = module_0.Stack()
&gt;       var_0 = stack_0.__repr__()

MIO-MOSA-WHOLE_SUITE/test_stack2_MOSA.py:39: 
_ _ _ _ _ _ _ _ _ _ _ _ _ _ _ _ _ _ _ _ _ _ _ _ _ _ _ _ _ _ _ _ _ _ _ _ _ _ _ _ 

self = &lt;[TypeError("unsupported operand type(s) for |: 'str' and 'str'") raised in repr()] Stack object at 0x7f8e14fa6080&gt;

    def __repr__(self):
        """show representation."""
&gt;       return "stack:" | str(self.stack)
E       TypeError: unsupported operand type(s) for |: 'str' and 'str'

stack2.py:27: TypeError
_________________________________ test_case_0 __________________________________

    def test_case_0():
        stack_0 = module_0.Stack()
        stack_1 = module_0.Stack()
        var_0 = stack_1.push(stack_1)
        var_1 = stack_1.pop()
        assert stack_1.stack == []
        assert f'{type(var_1).__module__}.{type(var_1).__qualname__}' == 'stack2.Stack'
        assert var_1.stack == []
        stack_2 = module_0.Stack()
        var_2 = var_1.push(var_1)
        var_3 = var_1.isEmpty()
&gt;       var_4 = stack_1.__repr__()

MIO-MOSA-WHOLE_SUITE/test_stack2_WHOLE_SUITE.py:16: 
_ _ _ _ _ _ _ _ _ _ _ _ _ _ _ _ _ _ _ _ _ _ _ _ _ _ _ _ _ _ _ _ _ _ _ _ _ _ _ _ 
stack2.py:27: in __repr__
    return "stack:" | str(self.stack)
_ _ _ _ _ _ _ _ _ _ _ _ _ _ _ _ _ _ _ _ _ _ _ _ _ _ _ _ _ _ _ _ _ _ _ _ _ _ _ _ 

self = &lt;[TypeError("unsupported operand type(s) for |: 'str' and 'str'") raised in repr()] Stack object at 0x7f8e14fcb850&gt;

    def __repr__(self):
        """show representation."""
&gt;       return "stack:" | str(self.stack)
E       TypeError: unsupported operand type(s) for |: 'str' and 'str'

stack2.py:27: TypeError
_________________________________ test_case_3 __________________________________

    def test_case_3():
        stack_0 = module_0.Stack()
        stack_1 = module_0.Stack()
&gt;       var_0 = stack_1.__repr__()

MIO-MOSA-WHOLE_SUITE/test_stack2_WHOLE_SUITE.py:32: 
_ _ _ _ _ _ _ _ _ _ _ _ _ _ _ _ _ _ _ _ _ _ _ _ _ _ _ _ _ _ _ _ _ _ _ _ _ _ _ _ 

self = &lt;[TypeError("unsupported operand type(s) for |: 'str' and 'str'") raised in repr()] Stack object at 0x7f8e14fa4df0&gt;

    def __repr__(self):
        """show representation."""
&gt;       return "stack:" | str(self.stack)
E       TypeError: unsupported operand type(s) for |: 'str' and 'str'

stack2.py:27: TypeError
_________________________________ test_case_4 __________________________________

    def test_case_4():
        stack_0 = module_0.Stack()
        stack_1 = module_0.Stack()
&gt;       var_0 = stack_1.__repr__()

MIO-MOSA-WHOLE_SUITE/test_stack2_WHOLE_SUITE.py:38: 
_ _ _ _ _ _ _ _ _ _ _ _ _ _ _ _ _ _ _ _ _ _ _ _ _ _ _ _ _ _ _ _ _ _ _ _ _ _ _ _ 

self = &lt;[TypeError("unsupported operand type(s) for |: 'str' and 'str'") raised in repr()] Stack object at 0x7f8e14fc8b20&gt;

    def __repr__(self):
        """show representation."""
&gt;       return "stack:" | str(self.stack)
E       TypeError: unsupported operand type(s) for |: 'str' and 'str'

stack2.py:27: TypeError
=========================== short test summary info ============================
FAILED MIO-MOSA-WHOLE_SUITE/test_stack2_MIO.py::test_case_3 - TypeError: unsu...
FAILED MIO-MOSA-WHOLE_SUITE/test_stack2_MOSA.py::test_case_4 - TypeError: uns...
FAILED MIO-MOSA-WHOLE_SUITE/test_stack2_WHOLE_SUITE.py::test_case_0 - TypeErr...
FAILED MIO-MOSA-WHOLE_SUITE/test_stack2_WHOLE_SUITE.py::test_case_3 - TypeErr...
FAILED MIO-MOSA-WHOLE_SUITE/test_stack2_WHOLE_SUITE.py::test_case_4 - TypeErr...
========================= 5 failed, 11 passed in 0.14s =========================
</pre></div></div></div></div></div><div class="mb-1" id="job_list___sub_accordion_10"><div class="card"><a data-toggle="collapse" data-target="#job_list___sub_collapse_10_1" aria-expanded="false" aria-controls="job_list___sub_collapse_10_1" href="#" class="job_list___sub_multi_heading"><div role="alert" class="card-header alert-success" id="job_list___sub_heading_10_1"><button class="btn btn-outline-success"><span class="job_id">10 : Job ID 72c3b0e53982498bbd6701a9057fa61a</span></button></div></a><div aria-labelledby="job_list___sub_heading_10_1" data-parent="#job_list___sub_accordion_10" class="collapse job_list___sub_multi_collapse" id="job_list___sub_collapse_10_1"><div class="card-body"><div class="work-item"><div class="alert alert-success test-outcome" role="alert"><p>worker outcome: normal</p><p>test outcome: killed</p></div></div><pre class="location"><a href="pycharm://open?file=stack2.py&amp;line=27" class="text-secondary"><button class="btn btn-outline-dark">stack2.py, start pos: (27, 24), end pos: (27, 25)</button></a></pre><pre>operator: core/ReplaceBinaryOperator_Add_BitAnd, occurrence: 0</pre><div class="alert alert-secondary"><pre class="diff">--- mutation diff ---
--- astack2.py
+++ bstack2.py
@@ -24,5 +24,5 @@
 
     def __repr__(self):
         """show representation."""
-        return "stack:" + str(self.stack)
+        return "stack:" &amp; str(self.stack)
 </pre></div><div class="alert alert-secondary"><pre class="diff">============================= test session starts ==============================
platform linux -- Python 3.10.10, pytest-7.2.1, pluggy-1.0.0
rootdir: /home/auri/temp/lucca/python_experiments/stack2
collected 16 items

MIO-MOSA-WHOLE_SUITE/test_stack2_MIO.py ...F                             [ 25%]
MIO-MOSA-WHOLE_SUITE/test_stack2_MOSA.py ....F                           [ 56%]
MIO-MOSA-WHOLE_SUITE/test_stack2_WHOLE_SUITE.py F..FF..                  [100%]

=================================== FAILURES ===================================
_________________________________ test_case_3 __________________________________

    def test_case_3():
        stack_0 = module_0.Stack()
&gt;       var_0 = stack_0.__repr__()

MIO-MOSA-WHOLE_SUITE/test_stack2_MIO.py:28: 
_ _ _ _ _ _ _ _ _ _ _ _ _ _ _ _ _ _ _ _ _ _ _ _ _ _ _ _ _ _ _ _ _ _ _ _ _ _ _ _ 

self = &lt;[TypeError("unsupported operand type(s) for &amp;: 'str' and 'str'") raised in repr()] Stack object at 0x7fc55898d810&gt;

    def __repr__(self):
        """show representation."""
&gt;       return "stack:" &amp; str(self.stack)
E       TypeError: unsupported operand type(s) for &amp;: 'str' and 'str'

stack2.py:27: TypeError
_________________________________ test_case_4 __________________________________

    def test_case_4():
        stack_0 = module_0.Stack()
&gt;       var_0 = stack_0.__repr__()

MIO-MOSA-WHOLE_SUITE/test_stack2_MOSA.py:39: 
_ _ _ _ _ _ _ _ _ _ _ _ _ _ _ _ _ _ _ _ _ _ _ _ _ _ _ _ _ _ _ _ _ _ _ _ _ _ _ _ 

self = &lt;[TypeError("unsupported operand type(s) for &amp;: 'str' and 'str'") raised in repr()] Stack object at 0x7fc55898f250&gt;

    def __repr__(self):
        """show representation."""
&gt;       return "stack:" &amp; str(self.stack)
E       TypeError: unsupported operand type(s) for &amp;: 'str' and 'str'

stack2.py:27: TypeError
_________________________________ test_case_0 __________________________________

    def test_case_0():
        stack_0 = module_0.Stack()
        stack_1 = module_0.Stack()
        var_0 = stack_1.push(stack_1)
        var_1 = stack_1.pop()
        assert stack_1.stack == []
        assert f'{type(var_1).__module__}.{type(var_1).__qualname__}' == 'stack2.Stack'
        assert var_1.stack == []
        stack_2 = module_0.Stack()
        var_2 = var_1.push(var_1)
        var_3 = var_1.isEmpty()
&gt;       var_4 = stack_1.__repr__()

MIO-MOSA-WHOLE_SUITE/test_stack2_WHOLE_SUITE.py:16: 
_ _ _ _ _ _ _ _ _ _ _ _ _ _ _ _ _ _ _ _ _ _ _ _ _ _ _ _ _ _ _ _ _ _ _ _ _ _ _ _ 
stack2.py:27: in __repr__
    return "stack:" &amp; str(self.stack)
_ _ _ _ _ _ _ _ _ _ _ _ _ _ _ _ _ _ _ _ _ _ _ _ _ _ _ _ _ _ _ _ _ _ _ _ _ _ _ _ 

self = &lt;[TypeError("unsupported operand type(s) for &amp;: 'str' and 'str'") raised in repr()] Stack object at 0x7fc558b399f0&gt;

    def __repr__(self):
        """show representation."""
&gt;       return "stack:" &amp; str(self.stack)
E       TypeError: unsupported operand type(s) for &amp;: 'str' and 'str'

stack2.py:27: TypeError
_________________________________ test_case_3 __________________________________

    def test_case_3():
        stack_0 = module_0.Stack()
        stack_1 = module_0.Stack()
&gt;       var_0 = stack_1.__repr__()

MIO-MOSA-WHOLE_SUITE/test_stack2_WHOLE_SUITE.py:32: 
_ _ _ _ _ _ _ _ _ _ _ _ _ _ _ _ _ _ _ _ _ _ _ _ _ _ _ _ _ _ _ _ _ _ _ _ _ _ _ _ 

self = &lt;[TypeError("unsupported operand type(s) for &amp;: 'str' and 'str'") raised in repr()] Stack object at 0x7fc5589b03a0&gt;

    def __repr__(self):
        """show representation."""
&gt;       return "stack:" &amp; str(self.stack)
E       TypeError: unsupported operand type(s) for &amp;: 'str' and 'str'

stack2.py:27: TypeError
_________________________________ test_case_4 __________________________________

    def test_case_4():
        stack_0 = module_0.Stack()
        stack_1 = module_0.Stack()
&gt;       var_0 = stack_1.__repr__()

MIO-MOSA-WHOLE_SUITE/test_stack2_WHOLE_SUITE.py:38: 
_ _ _ _ _ _ _ _ _ _ _ _ _ _ _ _ _ _ _ _ _ _ _ _ _ _ _ _ _ _ _ _ _ _ _ _ _ _ _ _ 

self = &lt;[TypeError("unsupported operand type(s) for &amp;: 'str' and 'str'") raised in repr()] Stack object at 0x7fc5589b3d00&gt;

    def __repr__(self):
        """show representation."""
&gt;       return "stack:" &amp; str(self.stack)
E       TypeError: unsupported operand type(s) for &amp;: 'str' and 'str'

stack2.py:27: TypeError
=========================== short test summary info ============================
FAILED MIO-MOSA-WHOLE_SUITE/test_stack2_MIO.py::test_case_3 - TypeError: unsu...
FAILED MIO-MOSA-WHOLE_SUITE/test_stack2_MOSA.py::test_case_4 - TypeError: uns...
FAILED MIO-MOSA-WHOLE_SUITE/test_stack2_WHOLE_SUITE.py::test_case_0 - TypeErr...
FAILED MIO-MOSA-WHOLE_SUITE/test_stack2_WHOLE_SUITE.py::test_case_3 - TypeErr...
FAILED MIO-MOSA-WHOLE_SUITE/test_stack2_WHOLE_SUITE.py::test_case_4 - TypeErr...
========================= 5 failed, 11 passed in 0.14s =========================
</pre></div></div></div></div></div><div class="mb-1" id="job_list___sub_accordion_11"><div class="card"><a data-toggle="collapse" data-target="#job_list___sub_collapse_11_1" aria-expanded="false" aria-controls="job_list___sub_collapse_11_1" href="#" class="job_list___sub_multi_heading"><div role="alert" class="card-header alert-success" id="job_list___sub_heading_11_1"><button class="btn btn-outline-success"><span class="job_id">11 : Job ID 833313a818b54ffc996b49bf5f40ed6e</span></button></div></a><div aria-labelledby="job_list___sub_heading_11_1" data-parent="#job_list___sub_accordion_11" class="collapse job_list___sub_multi_collapse" id="job_list___sub_collapse_11_1"><div class="card-body"><div class="work-item"><div class="alert alert-success test-outcome" role="alert"><p>worker outcome: normal</p><p>test outcome: killed</p></div></div><pre class="location"><a href="pycharm://open?file=stack2.py&amp;line=27" class="text-secondary"><button class="btn btn-outline-dark">stack2.py, start pos: (27, 24), end pos: (27, 25)</button></a></pre><pre>operator: core/ReplaceBinaryOperator_Add_BitXor, occurrence: 0</pre><div class="alert alert-secondary"><pre class="diff">--- mutation diff ---
--- astack2.py
+++ bstack2.py
@@ -24,5 +24,5 @@
 
     def __repr__(self):
         """show representation."""
-        return "stack:" + str(self.stack)
+        return "stack:" ^ str(self.stack)
 </pre></div><div class="alert alert-secondary"><pre class="diff">============================= test session starts ==============================
platform linux -- Python 3.10.10, pytest-7.2.1, pluggy-1.0.0
rootdir: /home/auri/temp/lucca/python_experiments/stack2
collected 16 items

MIO-MOSA-WHOLE_SUITE/test_stack2_MIO.py ...F                             [ 25%]
MIO-MOSA-WHOLE_SUITE/test_stack2_MOSA.py ....F                           [ 56%]
MIO-MOSA-WHOLE_SUITE/test_stack2_WHOLE_SUITE.py F..FF..                  [100%]

=================================== FAILURES ===================================
_________________________________ test_case_3 __________________________________

    def test_case_3():
        stack_0 = module_0.Stack()
&gt;       var_0 = stack_0.__repr__()

MIO-MOSA-WHOLE_SUITE/test_stack2_MIO.py:28: 
_ _ _ _ _ _ _ _ _ _ _ _ _ _ _ _ _ _ _ _ _ _ _ _ _ _ _ _ _ _ _ _ _ _ _ _ _ _ _ _ 

self = &lt;[TypeError("unsupported operand type(s) for ^: 'str' and 'str'") raised in repr()] Stack object at 0x7f9f814da6b0&gt;

    def __repr__(self):
        """show representation."""
&gt;       return "stack:" ^ str(self.stack)
E       TypeError: unsupported operand type(s) for ^: 'str' and 'str'

stack2.py:27: TypeError
_________________________________ test_case_4 __________________________________

    def test_case_4():
        stack_0 = module_0.Stack()
&gt;       var_0 = stack_0.__repr__()

MIO-MOSA-WHOLE_SUITE/test_stack2_MOSA.py:39: 
_ _ _ _ _ _ _ _ _ _ _ _ _ _ _ _ _ _ _ _ _ _ _ _ _ _ _ _ _ _ _ _ _ _ _ _ _ _ _ _ 

self = &lt;[TypeError("unsupported operand type(s) for ^: 'str' and 'str'") raised in repr()] Stack object at 0x7f9f814d8e50&gt;

    def __repr__(self):
        """show representation."""
&gt;       return "stack:" ^ str(self.stack)
E       TypeError: unsupported operand type(s) for ^: 'str' and 'str'

stack2.py:27: TypeError
_________________________________ test_case_0 __________________________________

    def test_case_0():
        stack_0 = module_0.Stack()
        stack_1 = module_0.Stack()
        var_0 = stack_1.push(stack_1)
        var_1 = stack_1.pop()
        assert stack_1.stack == []
        assert f'{type(var_1).__module__}.{type(var_1).__qualname__}' == 'stack2.Stack'
        assert var_1.stack == []
        stack_2 = module_0.Stack()
        var_2 = var_1.push(var_1)
        var_3 = var_1.isEmpty()
&gt;       var_4 = stack_1.__repr__()

MIO-MOSA-WHOLE_SUITE/test_stack2_WHOLE_SUITE.py:16: 
_ _ _ _ _ _ _ _ _ _ _ _ _ _ _ _ _ _ _ _ _ _ _ _ _ _ _ _ _ _ _ _ _ _ _ _ _ _ _ _ 
stack2.py:27: in __repr__
    return "stack:" ^ str(self.stack)
_ _ _ _ _ _ _ _ _ _ _ _ _ _ _ _ _ _ _ _ _ _ _ _ _ _ _ _ _ _ _ _ _ _ _ _ _ _ _ _ 

self = &lt;[TypeError("unsupported operand type(s) for ^: 'str' and 'str'") raised in repr()] Stack object at 0x7f9f81686440&gt;

    def __repr__(self):
        """show representation."""
&gt;       return "stack:" ^ str(self.stack)
E       TypeError: unsupported operand type(s) for ^: 'str' and 'str'

stack2.py:27: TypeError
_________________________________ test_case_3 __________________________________

    def test_case_3():
        stack_0 = module_0.Stack()
        stack_1 = module_0.Stack()
&gt;       var_0 = stack_1.__repr__()

MIO-MOSA-WHOLE_SUITE/test_stack2_WHOLE_SUITE.py:32: 
_ _ _ _ _ _ _ _ _ _ _ _ _ _ _ _ _ _ _ _ _ _ _ _ _ _ _ _ _ _ _ _ _ _ _ _ _ _ _ _ 

self = &lt;[TypeError("unsupported operand type(s) for ^: 'str' and 'str'") raised in repr()] Stack object at 0x7f9f814db190&gt;

    def __repr__(self):
        """show representation."""
&gt;       return "stack:" ^ str(self.stack)
E       TypeError: unsupported operand type(s) for ^: 'str' and 'str'

stack2.py:27: TypeError
_________________________________ test_case_4 __________________________________

    def test_case_4():
        stack_0 = module_0.Stack()
        stack_1 = module_0.Stack()
&gt;       var_0 = stack_1.__repr__()

MIO-MOSA-WHOLE_SUITE/test_stack2_WHOLE_SUITE.py:38: 
_ _ _ _ _ _ _ _ _ _ _ _ _ _ _ _ _ _ _ _ _ _ _ _ _ _ _ _ _ _ _ _ _ _ _ _ _ _ _ _ 

self = &lt;[TypeError("unsupported operand type(s) for ^: 'str' and 'str'") raised in repr()] Stack object at 0x7f9f81686710&gt;

    def __repr__(self):
        """show representation."""
&gt;       return "stack:" ^ str(self.stack)
E       TypeError: unsupported operand type(s) for ^: 'str' and 'str'

stack2.py:27: TypeError
=========================== short test summary info ============================
FAILED MIO-MOSA-WHOLE_SUITE/test_stack2_MIO.py::test_case_3 - TypeError: unsu...
FAILED MIO-MOSA-WHOLE_SUITE/test_stack2_MOSA.py::test_case_4 - TypeError: uns...
FAILED MIO-MOSA-WHOLE_SUITE/test_stack2_WHOLE_SUITE.py::test_case_0 - TypeErr...
FAILED MIO-MOSA-WHOLE_SUITE/test_stack2_WHOLE_SUITE.py::test_case_3 - TypeErr...
FAILED MIO-MOSA-WHOLE_SUITE/test_stack2_WHOLE_SUITE.py::test_case_4 - TypeErr...
========================= 5 failed, 11 passed in 0.14s =========================
</pre></div></div></div></div></div><div class="mb-1" id="job_list___sub_accordion_12"><div class="card"><a data-toggle="collapse" data-target="#job_list___sub_collapse_12_1" aria-expanded="false" aria-controls="job_list___sub_collapse_12_1" href="#" class="job_list___sub_multi_heading"><div role="alert" class="card-header alert-success" id="job_list___sub_heading_12_1"><button class="btn btn-outline-success"><span class="job_id">12 : Job ID 2671458864f54b30b3304516231bead2</span></button></div></a><div aria-labelledby="job_list___sub_heading_12_1" data-parent="#job_list___sub_accordion_12" class="collapse job_list___sub_multi_collapse" id="job_list___sub_collapse_12_1"><div class="card-body"><div class="work-item"><div class="alert alert-success test-outcome" role="alert"><p>worker outcome: normal</p><p>test outcome: killed</p></div></div><pre class="location"><a href="pycharm://open?file=stack2.py&amp;line=13" class="text-secondary"><button class="btn btn-outline-dark">stack2.py, start pos: (13, 31), end pos: (13, 33)</button></a></pre><pre>operator: core/ReplaceComparisonOperator_Eq_NotEq, occurrence: 0</pre><div class="alert alert-secondary"><pre class="diff">--- mutation diff ---
--- astack2.py
+++ bstack2.py
@@ -10,7 +10,7 @@
 
     def isEmpty(self):
         """Determines whether stack is empty. O(1) performance"""
-        return len(self.stack) == 0
+        return len(self.stack) != 0
 
     def push(self, v):
         """Push v onto the stack. O(1) performance."""</pre></div><div class="alert alert-secondary"><pre class="diff">============================= test session starts ==============================
platform linux -- Python 3.10.10, pytest-7.2.1, pluggy-1.0.0
rootdir: /home/auri/temp/lucca/python_experiments/stack2
collected 16 items

MIO-MOSA-WHOLE_SUITE/test_stack2_MIO.py .FFF                             [ 25%]
MIO-MOSA-WHOLE_SUITE/test_stack2_MOSA.py .F.F.                           [ 56%]
MIO-MOSA-WHOLE_SUITE/test_stack2_WHOLE_SUITE.py F....F.                  [100%]

=================================== FAILURES ===================================
_________________________________ test_case_1 __________________________________

    def test_case_1():
        stack_0 = module_0.Stack()
        var_0 = stack_0.push(stack_0)
        var_1 = stack_0.push(var_0)
&gt;       var_2 = stack_0.pop()

MIO-MOSA-WHOLE_SUITE/test_stack2_MIO.py:17: 
_ _ _ _ _ _ _ _ _ _ _ _ _ _ _ _ _ _ _ _ _ _ _ _ _ _ _ _ _ _ _ _ _ _ _ _ _ _ _ _ 

self = stack:[stack:[...], None]

    def pop(self):
        """Remove topmost element and return it. O(1) performance."""
        if self.isEmpty():
&gt;           raise Exception('Stack is empty.')
E           Exception: Stack is empty.

stack2.py:22: Exception
_________________________________ test_case_2 __________________________________

    def test_case_2():
        stack_0 = module_0.Stack()
        var_0 = stack_0.push(stack_0)
        var_1 = stack_0.isEmpty()
&gt;       assert var_1 is False
E       assert True is False

MIO-MOSA-WHOLE_SUITE/test_stack2_MIO.py:24: AssertionError
_________________________________ test_case_3 __________________________________

    def test_case_3():
        stack_0 = module_0.Stack()
        var_0 = stack_0.__repr__()
        assert var_0 == 'stack:[]'
        var_1 = stack_0.isEmpty()
&gt;       assert var_1 is True
E       assert False is True

MIO-MOSA-WHOLE_SUITE/test_stack2_MIO.py:31: AssertionError
_________________________________ test_case_1 __________________________________

    def test_case_1():
        stack_0 = module_0.Stack()
        var_0 = stack_0.push(stack_0)
        stack_1 = module_0.Stack()
        var_1 = stack_1.push(stack_1)
&gt;       var_2 = stack_1.pop()

MIO-MOSA-WHOLE_SUITE/test_stack2_MOSA.py:15: 
_ _ _ _ _ _ _ _ _ _ _ _ _ _ _ _ _ _ _ _ _ _ _ _ _ _ _ _ _ _ _ _ _ _ _ _ _ _ _ _ 

self = stack:[stack:[...]]

    def pop(self):
        """Remove topmost element and return it. O(1) performance."""
        if self.isEmpty():
&gt;           raise Exception('Stack is empty.')
E           Exception: Stack is empty.

stack2.py:22: Exception
_________________________________ test_case_3 __________________________________

    def test_case_3():
        bool_0 = True
        stack_0 = module_0.Stack()
        var_0 = stack_0.isEmpty()
&gt;       assert var_0 is True
E       assert False is True

MIO-MOSA-WHOLE_SUITE/test_stack2_MOSA.py:35: AssertionError
_________________________________ test_case_0 __________________________________

    def test_case_0():
        stack_0 = module_0.Stack()
        stack_1 = module_0.Stack()
        var_0 = stack_1.push(stack_1)
&gt;       var_1 = stack_1.pop()

MIO-MOSA-WHOLE_SUITE/test_stack2_WHOLE_SUITE.py:9: 
_ _ _ _ _ _ _ _ _ _ _ _ _ _ _ _ _ _ _ _ _ _ _ _ _ _ _ _ _ _ _ _ _ _ _ _ _ _ _ _ 

self = stack:[stack:[...]]

    def pop(self):
        """Remove topmost element and return it. O(1) performance."""
        if self.isEmpty():
&gt;           raise Exception('Stack is empty.')
E           Exception: Stack is empty.

stack2.py:22: Exception
_________________________________ test_case_5 __________________________________

    def test_case_5():
        stack_0 = module_0.Stack()
        var_0 = stack_0.isEmpty()
&gt;       assert var_0 is True
E       assert False is True

MIO-MOSA-WHOLE_SUITE/test_stack2_WHOLE_SUITE.py:47: AssertionError
=========================== short test summary info ============================
FAILED MIO-MOSA-WHOLE_SUITE/test_stack2_MIO.py::test_case_1 - Exception: Stac...
FAILED MIO-MOSA-WHOLE_SUITE/test_stack2_MIO.py::test_case_2 - assert True is ...
FAILED MIO-MOSA-WHOLE_SUITE/test_stack2_MIO.py::test_case_3 - assert False is...
FAILED MIO-MOSA-WHOLE_SUITE/test_stack2_MOSA.py::test_case_1 - Exception: Sta...
FAILED MIO-MOSA-WHOLE_SUITE/test_stack2_MOSA.py::test_case_3 - assert False i...
FAILED MIO-MOSA-WHOLE_SUITE/test_stack2_WHOLE_SUITE.py::test_case_0 - Excepti...
FAILED MIO-MOSA-WHOLE_SUITE/test_stack2_WHOLE_SUITE.py::test_case_5 - assert ...
========================= 7 failed, 9 passed in 0.15s ==========================
</pre></div></div></div></div></div><div class="mb-1" id="job_list___sub_accordion_13"><div class="card"><a data-toggle="collapse" data-target="#job_list___sub_collapse_13_1" aria-expanded="false" aria-controls="job_list___sub_collapse_13_1" href="#" class="job_list___sub_multi_heading"><div role="alert" class="card-header alert-success" id="job_list___sub_heading_13_1"><button class="btn btn-outline-success"><span class="job_id">13 : Job ID 7419a719888b461f81d871a6e32a8ac1</span></button></div></a><div aria-labelledby="job_list___sub_heading_13_1" data-parent="#job_list___sub_accordion_13" class="collapse job_list___sub_multi_collapse" id="job_list___sub_collapse_13_1"><div class="card-body"><div class="work-item"><div class="alert alert-success test-outcome" role="alert"><p>worker outcome: normal</p><p>test outcome: killed</p></div></div><pre class="location"><a href="pycharm://open?file=stack2.py&amp;line=13" class="text-secondary"><button class="btn btn-outline-dark">stack2.py, start pos: (13, 31), end pos: (13, 33)</button></a></pre><pre>operator: core/ReplaceComparisonOperator_Eq_Lt, occurrence: 0</pre><div class="alert alert-secondary"><pre class="diff">--- mutation diff ---
--- astack2.py
+++ bstack2.py
@@ -10,7 +10,7 @@
 
     def isEmpty(self):
         """Determines whether stack is empty. O(1) performance"""
-        return len(self.stack) == 0
+        return len(self.stack) &lt; 0
 
     def push(self, v):
         """Push v onto the stack. O(1) performance."""</pre></div><div class="alert alert-secondary"><pre class="diff">============================= test session starts ==============================
platform linux -- Python 3.10.10, pytest-7.2.1, pluggy-1.0.0
rootdir: /home/auri/temp/lucca/python_experiments/stack2
collected 16 items

MIO-MOSA-WHOLE_SUITE/test_stack2_MIO.py ...F                             [ 25%]
MIO-MOSA-WHOLE_SUITE/test_stack2_MOSA.py ...F.                           [ 56%]
MIO-MOSA-WHOLE_SUITE/test_stack2_WHOLE_SUITE.py .....F.                  [100%]

=================================== FAILURES ===================================
_________________________________ test_case_3 __________________________________

    def test_case_3():
        stack_0 = module_0.Stack()
        var_0 = stack_0.__repr__()
        assert var_0 == 'stack:[]'
        var_1 = stack_0.isEmpty()
&gt;       assert var_1 is True
E       assert False is True

MIO-MOSA-WHOLE_SUITE/test_stack2_MIO.py:31: AssertionError
_________________________________ test_case_3 __________________________________

    def test_case_3():
        bool_0 = True
        stack_0 = module_0.Stack()
        var_0 = stack_0.isEmpty()
&gt;       assert var_0 is True
E       assert False is True

MIO-MOSA-WHOLE_SUITE/test_stack2_MOSA.py:35: AssertionError
_________________________________ test_case_5 __________________________________

    def test_case_5():
        stack_0 = module_0.Stack()
        var_0 = stack_0.isEmpty()
&gt;       assert var_0 is True
E       assert False is True

MIO-MOSA-WHOLE_SUITE/test_stack2_WHOLE_SUITE.py:47: AssertionError
=========================== short test summary info ============================
FAILED MIO-MOSA-WHOLE_SUITE/test_stack2_MIO.py::test_case_3 - assert False is...
FAILED MIO-MOSA-WHOLE_SUITE/test_stack2_MOSA.py::test_case_3 - assert False i...
FAILED MIO-MOSA-WHOLE_SUITE/test_stack2_WHOLE_SUITE.py::test_case_5 - assert ...
========================= 3 failed, 13 passed in 0.13s =========================
</pre></div></div></div></div></div><div class="mb-1" id="job_list___sub_accordion_14"><div class="card"><a data-toggle="collapse" data-target="#job_list___sub_collapse_14_1" aria-expanded="false" aria-controls="job_list___sub_collapse_14_1" href="#" class="job_list___sub_multi_heading"><div role="alert" class="card-header alert-danger" id="job_list___sub_heading_14_1"><button class="btn btn-outline-danger"><span class="job_id">14 : Job ID 38d431df562145e19b5e4631bef107fa</span></button></div></a><div aria-labelledby="job_list___sub_heading_14_1" data-parent="#job_list___sub_accordion_14" class="collapse job_list___sub_multi_collapse" id="job_list___sub_collapse_14_1"><div class="card-body"><div class="work-item"><div class="alert alert-danger test-outcome" role="alert"><p>SURVIVED</p><p>worker outcome: normal</p><p>test outcome: survived</p></div></div><pre class="location"><a href="pycharm://open?file=stack2.py&amp;line=13" class="text-secondary"><button class="btn btn-outline-dark">stack2.py, start pos: (13, 31), end pos: (13, 33)</button></a></pre><pre>operator: core/ReplaceComparisonOperator_Eq_LtE, occurrence: 0</pre><div class="alert alert-secondary"><pre class="diff">--- mutation diff ---
--- astack2.py
+++ bstack2.py
@@ -10,7 +10,7 @@
 
     def isEmpty(self):
         """Determines whether stack is empty. O(1) performance"""
-        return len(self.stack) == 0
+        return len(self.stack) &lt;= 0
 
     def push(self, v):
         """Push v onto the stack. O(1) performance."""</pre></div><div class="alert alert-secondary"><pre class="diff">============================= test session starts ==============================
platform linux -- Python 3.10.10, pytest-7.2.1, pluggy-1.0.0
rootdir: /home/auri/temp/lucca/python_experiments/stack2
collected 16 items

MIO-MOSA-WHOLE_SUITE/test_stack2_MIO.py ....                             [ 25%]
MIO-MOSA-WHOLE_SUITE/test_stack2_MOSA.py .....                           [ 56%]
MIO-MOSA-WHOLE_SUITE/test_stack2_WHOLE_SUITE.py .......                  [100%]

============================== 16 passed in 0.08s ==============================
</pre></div></div></div></div></div><div class="mb-1" id="job_list___sub_accordion_15"><div class="card"><a data-toggle="collapse" data-target="#job_list___sub_collapse_15_1" aria-expanded="false" aria-controls="job_list___sub_collapse_15_1" href="#" class="job_list___sub_multi_heading"><div role="alert" class="card-header alert-success" id="job_list___sub_heading_15_1"><button class="btn btn-outline-success"><span class="job_id">15 : Job ID 016fe9e389fd4cb2bcc7286b7bb002ad</span></button></div></a><div aria-labelledby="job_list___sub_heading_15_1" data-parent="#job_list___sub_accordion_15" class="collapse job_list___sub_multi_collapse" id="job_list___sub_collapse_15_1"><div class="card-body"><div class="work-item"><div class="alert alert-success test-outcome" role="alert"><p>worker outcome: normal</p><p>test outcome: killed</p></div></div><pre class="location"><a href="pycharm://open?file=stack2.py&amp;line=13" class="text-secondary"><button class="btn btn-outline-dark">stack2.py, start pos: (13, 31), end pos: (13, 33)</button></a></pre><pre>operator: core/ReplaceComparisonOperator_Eq_Gt, occurrence: 0</pre><div class="alert alert-secondary"><pre class="diff">--- mutation diff ---
--- astack2.py
+++ bstack2.py
@@ -10,7 +10,7 @@
 
     def isEmpty(self):
         """Determines whether stack is empty. O(1) performance"""
-        return len(self.stack) == 0
+        return len(self.stack) &gt; 0
 
     def push(self, v):
         """Push v onto the stack. O(1) performance."""</pre></div><div class="alert alert-secondary"><pre class="diff">============================= test session starts ==============================
platform linux -- Python 3.10.10, pytest-7.2.1, pluggy-1.0.0
rootdir: /home/auri/temp/lucca/python_experiments/stack2
collected 16 items

MIO-MOSA-WHOLE_SUITE/test_stack2_MIO.py .FFF                             [ 25%]
MIO-MOSA-WHOLE_SUITE/test_stack2_MOSA.py .F.F.                           [ 56%]
MIO-MOSA-WHOLE_SUITE/test_stack2_WHOLE_SUITE.py F....F.                  [100%]

=================================== FAILURES ===================================
_________________________________ test_case_1 __________________________________

    def test_case_1():
        stack_0 = module_0.Stack()
        var_0 = stack_0.push(stack_0)
        var_1 = stack_0.push(var_0)
&gt;       var_2 = stack_0.pop()

MIO-MOSA-WHOLE_SUITE/test_stack2_MIO.py:17: 
_ _ _ _ _ _ _ _ _ _ _ _ _ _ _ _ _ _ _ _ _ _ _ _ _ _ _ _ _ _ _ _ _ _ _ _ _ _ _ _ 

self = stack:[stack:[...], None]

    def pop(self):
        """Remove topmost element and return it. O(1) performance."""
        if self.isEmpty():
&gt;           raise Exception('Stack is empty.')
E           Exception: Stack is empty.

stack2.py:22: Exception
_________________________________ test_case_2 __________________________________

    def test_case_2():
        stack_0 = module_0.Stack()
        var_0 = stack_0.push(stack_0)
        var_1 = stack_0.isEmpty()
&gt;       assert var_1 is False
E       assert True is False

MIO-MOSA-WHOLE_SUITE/test_stack2_MIO.py:24: AssertionError
_________________________________ test_case_3 __________________________________

    def test_case_3():
        stack_0 = module_0.Stack()
        var_0 = stack_0.__repr__()
        assert var_0 == 'stack:[]'
        var_1 = stack_0.isEmpty()
&gt;       assert var_1 is True
E       assert False is True

MIO-MOSA-WHOLE_SUITE/test_stack2_MIO.py:31: AssertionError
_________________________________ test_case_1 __________________________________

    def test_case_1():
        stack_0 = module_0.Stack()
        var_0 = stack_0.push(stack_0)
        stack_1 = module_0.Stack()
        var_1 = stack_1.push(stack_1)
&gt;       var_2 = stack_1.pop()

MIO-MOSA-WHOLE_SUITE/test_stack2_MOSA.py:15: 
_ _ _ _ _ _ _ _ _ _ _ _ _ _ _ _ _ _ _ _ _ _ _ _ _ _ _ _ _ _ _ _ _ _ _ _ _ _ _ _ 

self = stack:[stack:[...]]

    def pop(self):
        """Remove topmost element and return it. O(1) performance."""
        if self.isEmpty():
&gt;           raise Exception('Stack is empty.')
E           Exception: Stack is empty.

stack2.py:22: Exception
_________________________________ test_case_3 __________________________________

    def test_case_3():
        bool_0 = True
        stack_0 = module_0.Stack()
        var_0 = stack_0.isEmpty()
&gt;       assert var_0 is True
E       assert False is True

MIO-MOSA-WHOLE_SUITE/test_stack2_MOSA.py:35: AssertionError
_________________________________ test_case_0 __________________________________

    def test_case_0():
        stack_0 = module_0.Stack()
        stack_1 = module_0.Stack()
        var_0 = stack_1.push(stack_1)
&gt;       var_1 = stack_1.pop()

MIO-MOSA-WHOLE_SUITE/test_stack2_WHOLE_SUITE.py:9: 
_ _ _ _ _ _ _ _ _ _ _ _ _ _ _ _ _ _ _ _ _ _ _ _ _ _ _ _ _ _ _ _ _ _ _ _ _ _ _ _ 

self = stack:[stack:[...]]

    def pop(self):
        """Remove topmost element and return it. O(1) performance."""
        if self.isEmpty():
&gt;           raise Exception('Stack is empty.')
E           Exception: Stack is empty.

stack2.py:22: Exception
_________________________________ test_case_5 __________________________________

    def test_case_5():
        stack_0 = module_0.Stack()
        var_0 = stack_0.isEmpty()
&gt;       assert var_0 is True
E       assert False is True

MIO-MOSA-WHOLE_SUITE/test_stack2_WHOLE_SUITE.py:47: AssertionError
=========================== short test summary info ============================
FAILED MIO-MOSA-WHOLE_SUITE/test_stack2_MIO.py::test_case_1 - Exception: Stac...
FAILED MIO-MOSA-WHOLE_SUITE/test_stack2_MIO.py::test_case_2 - assert True is ...
FAILED MIO-MOSA-WHOLE_SUITE/test_stack2_MIO.py::test_case_3 - assert False is...
FAILED MIO-MOSA-WHOLE_SUITE/test_stack2_MOSA.py::test_case_1 - Exception: Sta...
FAILED MIO-MOSA-WHOLE_SUITE/test_stack2_MOSA.py::test_case_3 - assert False i...
FAILED MIO-MOSA-WHOLE_SUITE/test_stack2_WHOLE_SUITE.py::test_case_0 - Excepti...
FAILED MIO-MOSA-WHOLE_SUITE/test_stack2_WHOLE_SUITE.py::test_case_5 - assert ...
========================= 7 failed, 9 passed in 0.15s ==========================
</pre></div></div></div></div></div><div class="mb-1" id="job_list___sub_accordion_16"><div class="card"><a data-toggle="collapse" data-target="#job_list___sub_collapse_16_1" aria-expanded="false" aria-controls="job_list___sub_collapse_16_1" href="#" class="job_list___sub_multi_heading"><div role="alert" class="card-header alert-success" id="job_list___sub_heading_16_1"><button class="btn btn-outline-success"><span class="job_id">16 : Job ID ace47597066f4bbd9bcb7a86501e0c0d</span></button></div></a><div aria-labelledby="job_list___sub_heading_16_1" data-parent="#job_list___sub_accordion_16" class="collapse job_list___sub_multi_collapse" id="job_list___sub_collapse_16_1"><div class="card-body"><div class="work-item"><div class="alert alert-success test-outcome" role="alert"><p>worker outcome: normal</p><p>test outcome: killed</p></div></div><pre class="location"><a href="pycharm://open?file=stack2.py&amp;line=13" class="text-secondary"><button class="btn btn-outline-dark">stack2.py, start pos: (13, 31), end pos: (13, 33)</button></a></pre><pre>operator: core/ReplaceComparisonOperator_Eq_GtE, occurrence: 0</pre><div class="alert alert-secondary"><pre class="diff">--- mutation diff ---
--- astack2.py
+++ bstack2.py
@@ -10,7 +10,7 @@
 
     def isEmpty(self):
         """Determines whether stack is empty. O(1) performance"""
-        return len(self.stack) == 0
+        return len(self.stack) &gt;= 0
 
     def push(self, v):
         """Push v onto the stack. O(1) performance."""</pre></div><div class="alert alert-secondary"><pre class="diff">============================= test session starts ==============================
platform linux -- Python 3.10.10, pytest-7.2.1, pluggy-1.0.0
rootdir: /home/auri/temp/lucca/python_experiments/stack2
collected 16 items

MIO-MOSA-WHOLE_SUITE/test_stack2_MIO.py .FF.                             [ 25%]
MIO-MOSA-WHOLE_SUITE/test_stack2_MOSA.py .F...                           [ 56%]
MIO-MOSA-WHOLE_SUITE/test_stack2_WHOLE_SUITE.py F......                  [100%]

=================================== FAILURES ===================================
_________________________________ test_case_1 __________________________________

    def test_case_1():
        stack_0 = module_0.Stack()
        var_0 = stack_0.push(stack_0)
        var_1 = stack_0.push(var_0)
&gt;       var_2 = stack_0.pop()

MIO-MOSA-WHOLE_SUITE/test_stack2_MIO.py:17: 
_ _ _ _ _ _ _ _ _ _ _ _ _ _ _ _ _ _ _ _ _ _ _ _ _ _ _ _ _ _ _ _ _ _ _ _ _ _ _ _ 

self = stack:[stack:[...], None]

    def pop(self):
        """Remove topmost element and return it. O(1) performance."""
        if self.isEmpty():
&gt;           raise Exception('Stack is empty.')
E           Exception: Stack is empty.

stack2.py:22: Exception
_________________________________ test_case_2 __________________________________

    def test_case_2():
        stack_0 = module_0.Stack()
        var_0 = stack_0.push(stack_0)
        var_1 = stack_0.isEmpty()
&gt;       assert var_1 is False
E       assert True is False

MIO-MOSA-WHOLE_SUITE/test_stack2_MIO.py:24: AssertionError
_________________________________ test_case_1 __________________________________

    def test_case_1():
        stack_0 = module_0.Stack()
        var_0 = stack_0.push(stack_0)
        stack_1 = module_0.Stack()
        var_1 = stack_1.push(stack_1)
&gt;       var_2 = stack_1.pop()

MIO-MOSA-WHOLE_SUITE/test_stack2_MOSA.py:15: 
_ _ _ _ _ _ _ _ _ _ _ _ _ _ _ _ _ _ _ _ _ _ _ _ _ _ _ _ _ _ _ _ _ _ _ _ _ _ _ _ 

self = stack:[stack:[...]]

    def pop(self):
        """Remove topmost element and return it. O(1) performance."""
        if self.isEmpty():
&gt;           raise Exception('Stack is empty.')
E           Exception: Stack is empty.

stack2.py:22: Exception
_________________________________ test_case_0 __________________________________

    def test_case_0():
        stack_0 = module_0.Stack()
        stack_1 = module_0.Stack()
        var_0 = stack_1.push(stack_1)
&gt;       var_1 = stack_1.pop()

MIO-MOSA-WHOLE_SUITE/test_stack2_WHOLE_SUITE.py:9: 
_ _ _ _ _ _ _ _ _ _ _ _ _ _ _ _ _ _ _ _ _ _ _ _ _ _ _ _ _ _ _ _ _ _ _ _ _ _ _ _ 

self = stack:[stack:[...]]

    def pop(self):
        """Remove topmost element and return it. O(1) performance."""
        if self.isEmpty():
&gt;           raise Exception('Stack is empty.')
E           Exception: Stack is empty.

stack2.py:22: Exception
=========================== short test summary info ============================
FAILED MIO-MOSA-WHOLE_SUITE/test_stack2_MIO.py::test_case_1 - Exception: Stac...
FAILED MIO-MOSA-WHOLE_SUITE/test_stack2_MIO.py::test_case_2 - assert True is ...
FAILED MIO-MOSA-WHOLE_SUITE/test_stack2_MOSA.py::test_case_1 - Exception: Sta...
FAILED MIO-MOSA-WHOLE_SUITE/test_stack2_WHOLE_SUITE.py::test_case_0 - Excepti...
========================= 4 failed, 12 passed in 0.14s =========================
</pre></div></div></div></div></div><div class="mb-1" id="job_list___sub_accordion_17"><div class="card"><a data-toggle="collapse" data-target="#job_list___sub_collapse_17_1" aria-expanded="false" aria-controls="job_list___sub_collapse_17_1" href="#" class="job_list___sub_multi_heading"><div role="alert" class="card-header alert-success" id="job_list___sub_heading_17_1"><button class="btn btn-outline-success"><span class="job_id">17 : Job ID 289c07a8d9014250846b52a79da80142</span></button></div></a><div aria-labelledby="job_list___sub_heading_17_1" data-parent="#job_list___sub_accordion_17" class="collapse job_list___sub_multi_collapse" id="job_list___sub_collapse_17_1"><div class="card-body"><div class="work-item"><div class="alert alert-success test-outcome" role="alert"><p>worker outcome: normal</p><p>test outcome: killed</p></div></div><pre class="location"><a href="pycharm://open?file=stack2.py&amp;line=21" class="text-secondary"><button class="btn btn-outline-dark">stack2.py, start pos: (21, 11), end pos: (21, 25)</button></a></pre><pre>operator: core/AddNot, occurrence: 0</pre><div class="alert alert-secondary"><pre class="diff">--- mutation diff ---
--- astack2.py
+++ bstack2.py
@@ -18,7 +18,7 @@
 
     def pop(self):
         """Remove topmost element and return it. O(1) performance."""
-        if self.isEmpty():
+        if not self.isEmpty():
             raise Exception('Stack is empty.')
         return self.stack.pop()
 </pre></div><div class="alert alert-secondary"><pre class="diff">============================= test session starts ==============================
platform linux -- Python 3.10.10, pytest-7.2.1, pluggy-1.0.0
rootdir: /home/auri/temp/lucca/python_experiments/stack2
collected 16 items

MIO-MOSA-WHOLE_SUITE/test_stack2_MIO.py .F..                             [ 25%]
MIO-MOSA-WHOLE_SUITE/test_stack2_MOSA.py .F...                           [ 56%]
MIO-MOSA-WHOLE_SUITE/test_stack2_WHOLE_SUITE.py F......                  [100%]

=================================== FAILURES ===================================
_________________________________ test_case_1 __________________________________

    def test_case_1():
        stack_0 = module_0.Stack()
        var_0 = stack_0.push(stack_0)
        var_1 = stack_0.push(var_0)
&gt;       var_2 = stack_0.pop()

MIO-MOSA-WHOLE_SUITE/test_stack2_MIO.py:17: 
_ _ _ _ _ _ _ _ _ _ _ _ _ _ _ _ _ _ _ _ _ _ _ _ _ _ _ _ _ _ _ _ _ _ _ _ _ _ _ _ 

self = stack:[stack:[...], None]

    def pop(self):
        """Remove topmost element and return it. O(1) performance."""
        if not self.isEmpty():
&gt;           raise Exception('Stack is empty.')
E           Exception: Stack is empty.

stack2.py:22: Exception
_________________________________ test_case_1 __________________________________

    def test_case_1():
        stack_0 = module_0.Stack()
        var_0 = stack_0.push(stack_0)
        stack_1 = module_0.Stack()
        var_1 = stack_1.push(stack_1)
&gt;       var_2 = stack_1.pop()

MIO-MOSA-WHOLE_SUITE/test_stack2_MOSA.py:15: 
_ _ _ _ _ _ _ _ _ _ _ _ _ _ _ _ _ _ _ _ _ _ _ _ _ _ _ _ _ _ _ _ _ _ _ _ _ _ _ _ 

self = stack:[stack:[...]]

    def pop(self):
        """Remove topmost element and return it. O(1) performance."""
        if not self.isEmpty():
&gt;           raise Exception('Stack is empty.')
E           Exception: Stack is empty.

stack2.py:22: Exception
_________________________________ test_case_0 __________________________________

    def test_case_0():
        stack_0 = module_0.Stack()
        stack_1 = module_0.Stack()
        var_0 = stack_1.push(stack_1)
&gt;       var_1 = stack_1.pop()

MIO-MOSA-WHOLE_SUITE/test_stack2_WHOLE_SUITE.py:9: 
_ _ _ _ _ _ _ _ _ _ _ _ _ _ _ _ _ _ _ _ _ _ _ _ _ _ _ _ _ _ _ _ _ _ _ _ _ _ _ _ 

self = stack:[stack:[...]]

    def pop(self):
        """Remove topmost element and return it. O(1) performance."""
        if not self.isEmpty():
&gt;           raise Exception('Stack is empty.')
E           Exception: Stack is empty.

stack2.py:22: Exception
=========================== short test summary info ============================
FAILED MIO-MOSA-WHOLE_SUITE/test_stack2_MIO.py::test_case_1 - Exception: Stac...
FAILED MIO-MOSA-WHOLE_SUITE/test_stack2_MOSA.py::test_case_1 - Exception: Sta...
FAILED MIO-MOSA-WHOLE_SUITE/test_stack2_WHOLE_SUITE.py::test_case_0 - Excepti...
========================= 3 failed, 13 passed in 0.13s =========================
</pre></div></div></div></div></div><div class="mb-1" id="job_list___sub_accordion_18"><div class="card"><a data-toggle="collapse" data-target="#job_list___sub_collapse_18_1" aria-expanded="false" aria-controls="job_list___sub_collapse_18_1" href="#" class="job_list___sub_multi_heading"><div role="alert" class="card-header alert-success" id="job_list___sub_heading_18_1"><button class="btn btn-outline-success"><span class="job_id">18 : Job ID badb191e838a43e498c26834ded854d5</span></button></div></a><div aria-labelledby="job_list___sub_heading_18_1" data-parent="#job_list___sub_accordion_18" class="collapse job_list___sub_multi_collapse" id="job_list___sub_collapse_18_1"><div class="card-body"><div class="work-item"><div class="alert alert-success test-outcome" role="alert"><p>worker outcome: normal</p><p>test outcome: killed</p></div></div><pre class="location"><a href="pycharm://open?file=stack2.py&amp;line=13" class="text-secondary"><button class="btn btn-outline-dark">stack2.py, start pos: (13, 34), end pos: (13, 35)</button></a></pre><pre>operator: core/NumberReplacer, occurrence: 0</pre><div class="alert alert-secondary"><pre class="diff">--- mutation diff ---
--- astack2.py
+++ bstack2.py
@@ -10,7 +10,7 @@
 
     def isEmpty(self):
         """Determines whether stack is empty. O(1) performance"""
-        return len(self.stack) == 0
+        return len(self.stack) == 1
 
     def push(self, v):
         """Push v onto the stack. O(1) performance."""</pre></div><div class="alert alert-secondary"><pre class="diff">============================= test session starts ==============================
platform linux -- Python 3.10.10, pytest-7.2.1, pluggy-1.0.0
rootdir: /home/auri/temp/lucca/python_experiments/stack2
collected 16 items

MIO-MOSA-WHOLE_SUITE/test_stack2_MIO.py ..FF                             [ 25%]
MIO-MOSA-WHOLE_SUITE/test_stack2_MOSA.py .F.F.                           [ 56%]
MIO-MOSA-WHOLE_SUITE/test_stack2_WHOLE_SUITE.py F....F.                  [100%]

=================================== FAILURES ===================================
_________________________________ test_case_2 __________________________________

    def test_case_2():
        stack_0 = module_0.Stack()
        var_0 = stack_0.push(stack_0)
        var_1 = stack_0.isEmpty()
&gt;       assert var_1 is False
E       assert True is False

MIO-MOSA-WHOLE_SUITE/test_stack2_MIO.py:24: AssertionError
_________________________________ test_case_3 __________________________________

    def test_case_3():
        stack_0 = module_0.Stack()
        var_0 = stack_0.__repr__()
        assert var_0 == 'stack:[]'
        var_1 = stack_0.isEmpty()
&gt;       assert var_1 is True
E       assert False is True

MIO-MOSA-WHOLE_SUITE/test_stack2_MIO.py:31: AssertionError
_________________________________ test_case_1 __________________________________

    def test_case_1():
        stack_0 = module_0.Stack()
        var_0 = stack_0.push(stack_0)
        stack_1 = module_0.Stack()
        var_1 = stack_1.push(stack_1)
&gt;       var_2 = stack_1.pop()

MIO-MOSA-WHOLE_SUITE/test_stack2_MOSA.py:15: 
_ _ _ _ _ _ _ _ _ _ _ _ _ _ _ _ _ _ _ _ _ _ _ _ _ _ _ _ _ _ _ _ _ _ _ _ _ _ _ _ 

self = stack:[stack:[...]]

    def pop(self):
        """Remove topmost element and return it. O(1) performance."""
        if self.isEmpty():
&gt;           raise Exception('Stack is empty.')
E           Exception: Stack is empty.

stack2.py:22: Exception
_________________________________ test_case_3 __________________________________

    def test_case_3():
        bool_0 = True
        stack_0 = module_0.Stack()
        var_0 = stack_0.isEmpty()
&gt;       assert var_0 is True
E       assert False is True

MIO-MOSA-WHOLE_SUITE/test_stack2_MOSA.py:35: AssertionError
_________________________________ test_case_0 __________________________________

    def test_case_0():
        stack_0 = module_0.Stack()
        stack_1 = module_0.Stack()
        var_0 = stack_1.push(stack_1)
&gt;       var_1 = stack_1.pop()

MIO-MOSA-WHOLE_SUITE/test_stack2_WHOLE_SUITE.py:9: 
_ _ _ _ _ _ _ _ _ _ _ _ _ _ _ _ _ _ _ _ _ _ _ _ _ _ _ _ _ _ _ _ _ _ _ _ _ _ _ _ 

self = stack:[stack:[...]]

    def pop(self):
        """Remove topmost element and return it. O(1) performance."""
        if self.isEmpty():
&gt;           raise Exception('Stack is empty.')
E           Exception: Stack is empty.

stack2.py:22: Exception
_________________________________ test_case_5 __________________________________

    def test_case_5():
        stack_0 = module_0.Stack()
        var_0 = stack_0.isEmpty()
&gt;       assert var_0 is True
E       assert False is True

MIO-MOSA-WHOLE_SUITE/test_stack2_WHOLE_SUITE.py:47: AssertionError
=========================== short test summary info ============================
FAILED MIO-MOSA-WHOLE_SUITE/test_stack2_MIO.py::test_case_2 - assert True is ...
FAILED MIO-MOSA-WHOLE_SUITE/test_stack2_MIO.py::test_case_3 - assert False is...
FAILED MIO-MOSA-WHOLE_SUITE/test_stack2_MOSA.py::test_case_1 - Exception: Sta...
FAILED MIO-MOSA-WHOLE_SUITE/test_stack2_MOSA.py::test_case_3 - assert False i...
FAILED MIO-MOSA-WHOLE_SUITE/test_stack2_WHOLE_SUITE.py::test_case_0 - Excepti...
FAILED MIO-MOSA-WHOLE_SUITE/test_stack2_WHOLE_SUITE.py::test_case_5 - assert ...
========================= 6 failed, 10 passed in 0.15s =========================
</pre></div></div></div></div></div><div class="mb-1" id="job_list___sub_accordion_19"><div class="card"><a data-toggle="collapse" data-target="#job_list___sub_collapse_19_1" aria-expanded="false" aria-controls="job_list___sub_collapse_19_1" href="#" class="job_list___sub_multi_heading"><div role="alert" class="card-header alert-success" id="job_list___sub_heading_19_1"><button class="btn btn-outline-success"><span class="job_id">19 : Job ID f262055d206540968f469000aa675d8a</span></button></div></a><div aria-labelledby="job_list___sub_heading_19_1" data-parent="#job_list___sub_accordion_19" class="collapse job_list___sub_multi_collapse" id="job_list___sub_collapse_19_1"><div class="card-body"><div class="work-item"><div class="alert alert-success test-outcome" role="alert"><p>worker outcome: normal</p><p>test outcome: killed</p></div></div><pre class="location"><a href="pycharm://open?file=stack2.py&amp;line=13" class="text-secondary"><button class="btn btn-outline-dark">stack2.py, start pos: (13, 34), end pos: (13, 35)</button></a></pre><pre>operator: core/NumberReplacer, occurrence: 1</pre><div class="alert alert-secondary"><pre class="diff">--- mutation diff ---
--- astack2.py
+++ bstack2.py
@@ -10,7 +10,7 @@
 
     def isEmpty(self):
         """Determines whether stack is empty. O(1) performance"""
-        return len(self.stack) == 0
+        return len(self.stack) == -1
 
     def push(self, v):
         """Push v onto the stack. O(1) performance."""</pre></div><div class="alert alert-secondary"><pre class="diff">============================= test session starts ==============================
platform linux -- Python 3.10.10, pytest-7.2.1, pluggy-1.0.0
rootdir: /home/auri/temp/lucca/python_experiments/stack2
collected 16 items

MIO-MOSA-WHOLE_SUITE/test_stack2_MIO.py ...F                             [ 25%]
MIO-MOSA-WHOLE_SUITE/test_stack2_MOSA.py ...F.                           [ 56%]
MIO-MOSA-WHOLE_SUITE/test_stack2_WHOLE_SUITE.py .....F.                  [100%]

=================================== FAILURES ===================================
_________________________________ test_case_3 __________________________________

    def test_case_3():
        stack_0 = module_0.Stack()
        var_0 = stack_0.__repr__()
        assert var_0 == 'stack:[]'
        var_1 = stack_0.isEmpty()
&gt;       assert var_1 is True
E       assert False is True

MIO-MOSA-WHOLE_SUITE/test_stack2_MIO.py:31: AssertionError
_________________________________ test_case_3 __________________________________

    def test_case_3():
        bool_0 = True
        stack_0 = module_0.Stack()
        var_0 = stack_0.isEmpty()
&gt;       assert var_0 is True
E       assert False is True

MIO-MOSA-WHOLE_SUITE/test_stack2_MOSA.py:35: AssertionError
_________________________________ test_case_5 __________________________________

    def test_case_5():
        stack_0 = module_0.Stack()
        var_0 = stack_0.isEmpty()
&gt;       assert var_0 is True
E       assert False is True

MIO-MOSA-WHOLE_SUITE/test_stack2_WHOLE_SUITE.py:47: AssertionError
=========================== short test summary info ============================
FAILED MIO-MOSA-WHOLE_SUITE/test_stack2_MIO.py::test_case_3 - assert False is...
FAILED MIO-MOSA-WHOLE_SUITE/test_stack2_MOSA.py::test_case_3 - assert False i...
FAILED MIO-MOSA-WHOLE_SUITE/test_stack2_WHOLE_SUITE.py::test_case_5 - assert ...
========================= 3 failed, 13 passed in 0.14s =========================
</pre></div></div></div></div></div></div></div></div></div></div><script src="https://code.jquery.com/jquery-3.3.1.slim.min.js" integrity="sha384-q8i/X+965DzO0rT7abK41JStQIAqVgRVzpbzo5smXKp4YfRvH+8abtTE1Pi6jizo" crossorigin="anonymous"></script><script src="https://cdnjs.cloudflare.com/ajax/libs/popper.js/1.14.7/umd/popper.min.js" integrity="sha384-UO2eT0CpHqdSJQ6hJty5KVphtPhzWj9WO1clHTMGa3JDZwrnQq4sF86dIHNDz0W1" crossorigin="anonymous"></script><script src="https://stackpath.bootstrapcdn.com/bootstrap/4.3.1/js/bootstrap.min.js" integrity="sha384-JjSmVgyd0p3pXB1rRibZUAYoIIy6OrQ6VrjIEaFf/nJGzIxFDsf4x0xIM+B07jRM" crossorigin="anonymous"></script><script type="text/javascript">$('div.job_list___sub_multi_collapse').on('shown.bs.collapse',  function () {    correct_behavior_functional_buttons();  });$('div.job_list___sub_multi_collapse').on('hidden.bs.collapse',  function () {    correct_behavior_functional_buttons();  });function correct_behavior_functional_buttons() {    var expand = false;    var collapse = false;    $('a.job_list___sub_multi_heading').each(function(index) {      if ($(this).attr('aria-expanded') == 'false') {        expand = true;        return false;      };    });    $('a.job_list___sub_multi_heading').each(function(index) {      if ($(this).attr('aria-expanded') == 'true') {        collapse = true;        return false;      };    });    if (expand) {      $('div#job_item_expand_all').css('display', 'inline-block');    } else {      $('div#job_item_expand_all').css('display', 'none');    };    if (collapse) {      $('div#job_item_collapse_all').css('display', 'inline-block');    } else {      $('div#job_item_collapse_all').css('display', 'none');    };  };correct_behavior_functional_buttons();</script></body></html>
