<!DOCTYPE html><html lang="en"><head><meta charset="utf-8" /><meta name="viewport" content="width=device-width, initial-scale=1, shrink-to-fit=no" /><link rel="stylesheet" href="https://stackpath.bootstrapcdn.com/bootstrap/4.3.1/css/bootstrap.min.css" integrity="sha384-ggOyR0iXCbMQv3Xipma34MD+dH/1fQ784/j6cY/iJTQUOhcWr7x9JvoRxT2MZw1T" crossorigin="anonymous" /><title>Cosmic Ray Report</title></head><body><div class="container"><h1><p class="text-dark">Cosmic Ray Report</p></h1></div><div class="container"><div class="mb-1" id="summary_info___accordion"><div class="card"><a data-toggle="collapse" data-target="#summary_info___collapse_1" aria-expanded="true" aria-controls="summary_info___collapse_1" href="#"><div class="card-header" id="summary_info___heading_1"><button class="btn btn-outline-dark"><h4 class="m-0">Summary info</h4></button></div></a><div aria-labelledby="summary_info___heading_1" data-parent="#summary_info___accordion" class="collapse show" id="summary_info___collapse_1"><div class="card-body"><p>Date time: 04/03/2023 23:44:50</p><p>Total jobs: 44</p><p>Complete: 44 (100.00%)</p><p>Surviving mutants: 6 (13.64%)</p></div></div></div></div><div class="mb-1" id="job_list___accordion"><div class="card"><a data-toggle="collapse" data-target="#job_list___collapse_1" aria-expanded="false" aria-controls="job_list___collapse_1" href="#"><div class="card-header" id="job_list___heading_1"><button class="btn btn-outline-dark"><h4 class="m-0">Job list</h4></button></div></a><div aria-labelledby="job_list___heading_1" data-parent="#job_list___accordion" class="collapse" id="job_list___collapse_1"><div class="card-body"><div class="text-right mb-1"><div class="mx-1" id="job_item_expand_all"><a href="#" onclick="$('div.job_list___sub_multi_collapse').collapse('show');"><button class="btn btn-outline-dark"><span>Expand All</span></button></a></div><div class="mx-1" id="job_item_collapse_all"><a href="#" onclick="$('div.job_list___sub_multi_collapse').collapse('hide');"><button class="btn btn-outline-dark"><span>Collapse All</span></button></a></div></div><div class="mb-1" id="job_list___sub_accordion_1"><div class="card"><a data-toggle="collapse" data-target="#job_list___sub_collapse_1_1" aria-expanded="false" aria-controls="job_list___sub_collapse_1_1" href="#" class="job_list___sub_multi_heading"><div role="alert" class="card-header alert-success" id="job_list___sub_heading_1_1"><button class="btn btn-outline-success"><span class="job_id">1 : Job ID 7fba9ad0905d45008d8da9395a44ea53</span></button></div></a><div aria-labelledby="job_list___sub_heading_1_1" data-parent="#job_list___sub_accordion_1" class="collapse job_list___sub_multi_collapse" id="job_list___sub_collapse_1_1"><div class="card-body"><div class="work-item"><div class="alert alert-success test-outcome" role="alert"><p>worker outcome: normal</p><p>test outcome: killed</p></div></div><pre class="location"><a href="pycharm://open?file=linkedList2.py&amp;line=21" class="text-secondary"><button class="btn btn-outline-dark">linkedList2.py, start pos: (21, 18), end pos: (21, 20)</button></a></pre><pre>operator: core/ReplaceComparisonOperator_Eq_NotEq, occurrence: 0</pre><div class="alert alert-secondary"><pre class="diff">--- mutation diff ---
--- alinkedList2.py
+++ blinkedList2.py
@@ -18,7 +18,7 @@
             p1 = p1.next
             p2 = p2.next.next
             
-            if p1 == p2: return True
+            if p1 != p2: return True
         return False
 
 class LinkedList:</pre></div><div class="alert alert-secondary"><pre class="diff">============================= test session starts ==============================
platform linux -- Python 3.10.10, pytest-7.2.1, pluggy-1.0.0
rootdir: /home/auri/temp/lucca/python_experiments/linkedList2
collected 11 items

WHOLE_SUITE/test_linkedList2_WHOLE_SUITE.py ..F........                  [100%]

=================================== FAILURES ===================================
_________________________________ test_case_2 __________________________________

    def test_case_2():
        linked_list_0 = module_0.LinkedList()
        assert len(linked_list_0) == 0
        linked_node_0 = module_0.LinkedNode(linked_list_0)
        assert len(linked_node_0.value) == 0
        linked_node_1 = module_0.LinkedNode(linked_list_0, linked_node_0)
        assert len(linked_node_1.value) == 0
        var_0 = linked_node_1.checkInfinite()
&gt;       assert var_0 is False
E       assert True is False

WHOLE_SUITE/test_linkedList2_WHOLE_SUITE.py:44: AssertionError
=========================== short test summary info ============================
FAILED WHOLE_SUITE/test_linkedList2_WHOLE_SUITE.py::test_case_2 - assert True...
========================= 1 failed, 10 passed in 0.27s =========================
</pre></div></div></div></div></div><div class="mb-1" id="job_list___sub_accordion_2"><div class="card"><a data-toggle="collapse" data-target="#job_list___sub_collapse_2_1" aria-expanded="false" aria-controls="job_list___sub_collapse_2_1" href="#" class="job_list___sub_multi_heading"><div role="alert" class="card-header alert-success" id="job_list___sub_heading_2_1"><button class="btn btn-outline-success"><span class="job_id">2 : Job ID 6b35dc5e51dd4647b7ad5879d6410677</span></button></div></a><div aria-labelledby="job_list___sub_heading_2_1" data-parent="#job_list___sub_accordion_2" class="collapse job_list___sub_multi_collapse" id="job_list___sub_collapse_2_1"><div class="card-body"><div class="work-item"><div class="alert alert-success test-outcome" role="alert"><p>worker outcome: normal</p><p>test outcome: killed</p></div></div><pre class="location"><a href="pycharm://open?file=linkedList2.py&amp;line=48" class="text-secondary"><button class="btn btn-outline-dark">linkedList2.py, start pos: (48, 23), end pos: (48, 25)</button></a></pre><pre>operator: core/ReplaceComparisonOperator_Eq_NotEq, occurrence: 1</pre><div class="alert alert-secondary"><pre class="diff">--- mutation diff ---
--- alinkedList2.py
+++ blinkedList2.py
@@ -45,7 +45,7 @@
         n = self.head
         last = None
         while n != None:
-            if n.value == value:
+            if n.value != value:
                 if last == None:
                     self.head = self.head.next
                 else:</pre></div><div class="alert alert-secondary"><pre class="diff">============================= test session starts ==============================
platform linux -- Python 3.10.10, pytest-7.2.1, pluggy-1.0.0
rootdir: /home/auri/temp/lucca/python_experiments/linkedList2
collected 11 items

WHOLE_SUITE/test_linkedList2_WHOLE_SUITE.py ....F.....F                  [100%]

=================================== FAILURES ===================================
_________________________________ test_case_4 __________________________________

    def test_case_4():
        bool_0 = False
        bytes_0 = b'\x14\x0f\xf4'
        list_0 = [bytes_0, bytes_0, bytes_0, bool_0]
        linked_list_0 = module_0.LinkedList(*list_0)
        assert len(linked_list_0) == 4
        var_0 = linked_list_0.__repr__()
        assert var_0 == "link:[False,b'\\x14\\x0f\\xf4',b'\\x14\\x0f\\xf4',b'\\x14\\x0f\\xf4']"
        var_1 = linked_list_0.remove(var_0)
&gt;       assert var_1 is False
E       assert True is False

WHOLE_SUITE/test_linkedList2_WHOLE_SUITE.py:67: AssertionError
_________________________________ test_case_10 _________________________________

    def test_case_10():
        float_0 = 1448.9429
        list_0 = [float_0, float_0, float_0]
        linked_list_0 = module_0.LinkedList(*list_0)
        assert len(linked_list_0) == 3
        list_1 = []
        linked_list_1 = module_0.LinkedList(*list_1)
        assert len(linked_list_1) == 0
        var_0 = linked_list_1.__repr__()
        assert var_0 == 'link:[]'
        var_1 = linked_list_0.pop()
        assert var_1 == pytest.approx(1448.9429, abs=0.01, rel=0.01)
        assert len(linked_list_0) == 2
        var_2 = linked_list_1.__repr__()
        assert var_2 == 'link:[]'
        var_3 = var_2.__iter__()
        var_4 = linked_list_0.remove(float_0)
&gt;       assert var_4 is True
E       assert False is True

WHOLE_SUITE/test_linkedList2_WHOLE_SUITE.py:130: AssertionError
=========================== short test summary info ============================
FAILED WHOLE_SUITE/test_linkedList2_WHOLE_SUITE.py::test_case_4 - assert True...
FAILED WHOLE_SUITE/test_linkedList2_WHOLE_SUITE.py::test_case_10 - assert Fal...
========================= 2 failed, 9 passed in 0.25s ==========================
</pre></div></div></div></div></div><div class="mb-1" id="job_list___sub_accordion_3"><div class="card"><a data-toggle="collapse" data-target="#job_list___sub_collapse_3_1" aria-expanded="false" aria-controls="job_list___sub_collapse_3_1" href="#" class="job_list___sub_multi_heading"><div role="alert" class="card-header alert-success" id="job_list___sub_heading_3_1"><button class="btn btn-outline-success"><span class="job_id">3 : Job ID 6eb69bde0ffe49f19f112fbf445a27e3</span></button></div></a><div aria-labelledby="job_list___sub_heading_3_1" data-parent="#job_list___sub_accordion_3" class="collapse job_list___sub_multi_collapse" id="job_list___sub_collapse_3_1"><div class="card-body"><div class="work-item"><div class="alert alert-success test-outcome" role="alert"><p>worker outcome: normal</p><p>test outcome: killed</p></div></div><pre class="location"><a href="pycharm://open?file=linkedList2.py&amp;line=21" class="text-secondary"><button class="btn btn-outline-dark">linkedList2.py, start pos: (21, 18), end pos: (21, 20)</button></a></pre><pre>operator: core/ReplaceComparisonOperator_Eq_Lt, occurrence: 0</pre><div class="alert alert-secondary"><pre class="diff">--- mutation diff ---
--- alinkedList2.py
+++ blinkedList2.py
@@ -18,7 +18,7 @@
             p1 = p1.next
             p2 = p2.next.next
             
-            if p1 == p2: return True
+            if p1 &lt; p2: return True
         return False
 
 class LinkedList:</pre></div><div class="alert alert-secondary"><pre class="diff">============================= test session starts ==============================
platform linux -- Python 3.10.10, pytest-7.2.1, pluggy-1.0.0
rootdir: /home/auri/temp/lucca/python_experiments/linkedList2
collected 11 items

WHOLE_SUITE/test_linkedList2_WHOLE_SUITE.py ..F........                  [100%]

=================================== FAILURES ===================================
_________________________________ test_case_2 __________________________________

    def test_case_2():
        linked_list_0 = module_0.LinkedList()
        assert len(linked_list_0) == 0
        linked_node_0 = module_0.LinkedNode(linked_list_0)
        assert len(linked_node_0.value) == 0
        linked_node_1 = module_0.LinkedNode(linked_list_0, linked_node_0)
        assert len(linked_node_1.value) == 0
&gt;       var_0 = linked_node_1.checkInfinite()

WHOLE_SUITE/test_linkedList2_WHOLE_SUITE.py:43: 
_ _ _ _ _ _ _ _ _ _ _ _ _ _ _ _ _ _ _ _ _ _ _ _ _ _ _ _ _ _ _ _ _ _ _ _ _ _ _ _ 

self = &lt;linkedList2.LinkedNode object at 0x7f1c00544700&gt;

    def checkInfinite(self):
        """Check whether infinite loop via next."""
        p1 = p2 = self
        while p1 != None and p2 != None:
            if p2.next == None: return False
    
            p1 = p1.next
            p2 = p2.next.next
    
&gt;           if p1 &lt; p2: return True
E           TypeError: '&lt;' not supported between instances of 'LinkedNode' and 'NoneType'

linkedList2.py:21: TypeError
=========================== short test summary info ============================
FAILED WHOLE_SUITE/test_linkedList2_WHOLE_SUITE.py::test_case_2 - TypeError: ...
========================= 1 failed, 10 passed in 0.28s =========================
</pre></div></div></div></div></div><div class="mb-1" id="job_list___sub_accordion_4"><div class="card"><a data-toggle="collapse" data-target="#job_list___sub_collapse_4_1" aria-expanded="false" aria-controls="job_list___sub_collapse_4_1" href="#" class="job_list___sub_multi_heading"><div role="alert" class="card-header alert-success" id="job_list___sub_heading_4_1"><button class="btn btn-outline-success"><span class="job_id">4 : Job ID 86603249d628464c9eef90b5704ecd06</span></button></div></a><div aria-labelledby="job_list___sub_heading_4_1" data-parent="#job_list___sub_accordion_4" class="collapse job_list___sub_multi_collapse" id="job_list___sub_collapse_4_1"><div class="card-body"><div class="work-item"><div class="alert alert-success test-outcome" role="alert"><p>worker outcome: normal</p><p>test outcome: killed</p></div></div><pre class="location"><a href="pycharm://open?file=linkedList2.py&amp;line=48" class="text-secondary"><button class="btn btn-outline-dark">linkedList2.py, start pos: (48, 23), end pos: (48, 25)</button></a></pre><pre>operator: core/ReplaceComparisonOperator_Eq_Lt, occurrence: 1</pre><div class="alert alert-secondary"><pre class="diff">--- mutation diff ---
--- alinkedList2.py
+++ blinkedList2.py
@@ -45,7 +45,7 @@
         n = self.head
         last = None
         while n != None:
-            if n.value == value:
+            if n.value &lt; value:
                 if last == None:
                     self.head = self.head.next
                 else:</pre></div><div class="alert alert-secondary"><pre class="diff">============================= test session starts ==============================
platform linux -- Python 3.10.10, pytest-7.2.1, pluggy-1.0.0
rootdir: /home/auri/temp/lucca/python_experiments/linkedList2
collected 11 items

WHOLE_SUITE/test_linkedList2_WHOLE_SUITE.py .F..F.....F                  [100%]

=================================== FAILURES ===================================
_________________________________ test_case_1 __________________________________

    def test_case_1():
        tuple_0 = ()
        linked_node_0 = module_0.LinkedNode(tuple_0)
        set_0 = set()
        list_0 = []
        var_0 = linked_node_0.checkInfinite()
        assert var_0 is False
        var_1 = var_0.__repr__()
        linked_list_0 = module_0.LinkedList(*list_0)
        assert len(linked_list_0) == 0
        var_2 = linked_list_0.remove(set_0)
        assert var_2 is False
        str_0 = '3'
        linked_list_1 = module_0.LinkedList(*str_0)
        assert len(linked_list_1) == 1
        var_3 = linked_list_1.prepend(linked_list_1)
        assert len(linked_list_1) == 2
        var_4 = var_2.__repr__()
        var_5 = linked_list_1.__len__()
        assert var_5 == 2
        var_6 = var_4.__iter__()
&gt;       var_7 = linked_list_1.remove(str_0)

WHOLE_SUITE/test_linkedList2_WHOLE_SUITE.py:32: 
_ _ _ _ _ _ _ _ _ _ _ _ _ _ _ _ _ _ _ _ _ _ _ _ _ _ _ _ _ _ _ _ _ _ _ _ _ _ _ _ 

self = &lt;[RecursionError('maximum recursion depth exceeded in comparison') raised in repr()] LinkedList object at 0x7fcfbe804520&gt;
value = '3'

    def remove(self, value):
        """Remove value from list."""
        n = self.head
        last = None
        while n != None:
&gt;           if n.value &lt; value:
E           TypeError: '&lt;' not supported between instances of 'LinkedList' and 'str'

linkedList2.py:48: TypeError
_________________________________ test_case_4 __________________________________

    def test_case_4():
        bool_0 = False
        bytes_0 = b'\x14\x0f\xf4'
        list_0 = [bytes_0, bytes_0, bytes_0, bool_0]
        linked_list_0 = module_0.LinkedList(*list_0)
        assert len(linked_list_0) == 4
        var_0 = linked_list_0.__repr__()
        assert var_0 == "link:[False,b'\\x14\\x0f\\xf4',b'\\x14\\x0f\\xf4',b'\\x14\\x0f\\xf4']"
&gt;       var_1 = linked_list_0.remove(var_0)

WHOLE_SUITE/test_linkedList2_WHOLE_SUITE.py:66: 
_ _ _ _ _ _ _ _ _ _ _ _ _ _ _ _ _ _ _ _ _ _ _ _ _ _ _ _ _ _ _ _ _ _ _ _ _ _ _ _ 

self = link:[False,b'\x14\x0f\xf4',b'\x14\x0f\xf4',b'\x14\x0f\xf4']
value = "link:[False,b'\\x14\\x0f\\xf4',b'\\x14\\x0f\\xf4',b'\\x14\\x0f\\xf4']"

    def remove(self, value):
        """Remove value from list."""
        n = self.head
        last = None
        while n != None:
&gt;           if n.value &lt; value:
E           TypeError: '&lt;' not supported between instances of 'bool' and 'str'

linkedList2.py:48: TypeError
_________________________________ test_case_10 _________________________________

    def test_case_10():
        float_0 = 1448.9429
        list_0 = [float_0, float_0, float_0]
        linked_list_0 = module_0.LinkedList(*list_0)
        assert len(linked_list_0) == 3
        list_1 = []
        linked_list_1 = module_0.LinkedList(*list_1)
        assert len(linked_list_1) == 0
        var_0 = linked_list_1.__repr__()
        assert var_0 == 'link:[]'
        var_1 = linked_list_0.pop()
        assert var_1 == pytest.approx(1448.9429, abs=0.01, rel=0.01)
        assert len(linked_list_0) == 2
        var_2 = linked_list_1.__repr__()
        assert var_2 == 'link:[]'
        var_3 = var_2.__iter__()
        var_4 = linked_list_0.remove(float_0)
&gt;       assert var_4 is True
E       assert False is True

WHOLE_SUITE/test_linkedList2_WHOLE_SUITE.py:130: AssertionError
=========================== short test summary info ============================
FAILED WHOLE_SUITE/test_linkedList2_WHOLE_SUITE.py::test_case_1 - TypeError: ...
FAILED WHOLE_SUITE/test_linkedList2_WHOLE_SUITE.py::test_case_4 - TypeError: ...
FAILED WHOLE_SUITE/test_linkedList2_WHOLE_SUITE.py::test_case_10 - assert Fal...
========================= 3 failed, 8 passed in 0.32s ==========================
</pre></div></div></div></div></div><div class="mb-1" id="job_list___sub_accordion_5"><div class="card"><a data-toggle="collapse" data-target="#job_list___sub_collapse_5_1" aria-expanded="false" aria-controls="job_list___sub_collapse_5_1" href="#" class="job_list___sub_multi_heading"><div role="alert" class="card-header alert-success" id="job_list___sub_heading_5_1"><button class="btn btn-outline-success"><span class="job_id">5 : Job ID 4782f8628a444e5ebd9f43fb5c54d8cd</span></button></div></a><div aria-labelledby="job_list___sub_heading_5_1" data-parent="#job_list___sub_accordion_5" class="collapse job_list___sub_multi_collapse" id="job_list___sub_collapse_5_1"><div class="card-body"><div class="work-item"><div class="alert alert-success test-outcome" role="alert"><p>worker outcome: normal</p><p>test outcome: killed</p></div></div><pre class="location"><a href="pycharm://open?file=linkedList2.py&amp;line=21" class="text-secondary"><button class="btn btn-outline-dark">linkedList2.py, start pos: (21, 18), end pos: (21, 20)</button></a></pre><pre>operator: core/ReplaceComparisonOperator_Eq_LtE, occurrence: 0</pre><div class="alert alert-secondary"><pre class="diff">--- mutation diff ---
--- alinkedList2.py
+++ blinkedList2.py
@@ -18,7 +18,7 @@
             p1 = p1.next
             p2 = p2.next.next
             
-            if p1 == p2: return True
+            if p1 &lt;= p2: return True
         return False
 
 class LinkedList:</pre></div><div class="alert alert-secondary"><pre class="diff">============================= test session starts ==============================
platform linux -- Python 3.10.10, pytest-7.2.1, pluggy-1.0.0
rootdir: /home/auri/temp/lucca/python_experiments/linkedList2
collected 11 items

WHOLE_SUITE/test_linkedList2_WHOLE_SUITE.py ..F........                  [100%]

=================================== FAILURES ===================================
_________________________________ test_case_2 __________________________________

    def test_case_2():
        linked_list_0 = module_0.LinkedList()
        assert len(linked_list_0) == 0
        linked_node_0 = module_0.LinkedNode(linked_list_0)
        assert len(linked_node_0.value) == 0
        linked_node_1 = module_0.LinkedNode(linked_list_0, linked_node_0)
        assert len(linked_node_1.value) == 0
&gt;       var_0 = linked_node_1.checkInfinite()

WHOLE_SUITE/test_linkedList2_WHOLE_SUITE.py:43: 
_ _ _ _ _ _ _ _ _ _ _ _ _ _ _ _ _ _ _ _ _ _ _ _ _ _ _ _ _ _ _ _ _ _ _ _ _ _ _ _ 

self = &lt;linkedList2.LinkedNode object at 0x7fcc284644c0&gt;

    def checkInfinite(self):
        """Check whether infinite loop via next."""
        p1 = p2 = self
        while p1 != None and p2 != None:
            if p2.next == None: return False
    
            p1 = p1.next
            p2 = p2.next.next
    
&gt;           if p1 &lt;= p2: return True
E           TypeError: '&lt;=' not supported between instances of 'LinkedNode' and 'NoneType'

linkedList2.py:21: TypeError
=========================== short test summary info ============================
FAILED WHOLE_SUITE/test_linkedList2_WHOLE_SUITE.py::test_case_2 - TypeError: ...
========================= 1 failed, 10 passed in 0.29s =========================
</pre></div></div></div></div></div><div class="mb-1" id="job_list___sub_accordion_6"><div class="card"><a data-toggle="collapse" data-target="#job_list___sub_collapse_6_1" aria-expanded="false" aria-controls="job_list___sub_collapse_6_1" href="#" class="job_list___sub_multi_heading"><div role="alert" class="card-header alert-success" id="job_list___sub_heading_6_1"><button class="btn btn-outline-success"><span class="job_id">6 : Job ID 1cc8d818e4df4519839ad5562afb7b55</span></button></div></a><div aria-labelledby="job_list___sub_heading_6_1" data-parent="#job_list___sub_accordion_6" class="collapse job_list___sub_multi_collapse" id="job_list___sub_collapse_6_1"><div class="card-body"><div class="work-item"><div class="alert alert-success test-outcome" role="alert"><p>worker outcome: normal</p><p>test outcome: killed</p></div></div><pre class="location"><a href="pycharm://open?file=linkedList2.py&amp;line=48" class="text-secondary"><button class="btn btn-outline-dark">linkedList2.py, start pos: (48, 23), end pos: (48, 25)</button></a></pre><pre>operator: core/ReplaceComparisonOperator_Eq_LtE, occurrence: 1</pre><div class="alert alert-secondary"><pre class="diff">--- mutation diff ---
--- alinkedList2.py
+++ blinkedList2.py
@@ -45,7 +45,7 @@
         n = self.head
         last = None
         while n != None:
-            if n.value == value:
+            if n.value &lt;= value:
                 if last == None:
                     self.head = self.head.next
                 else:</pre></div><div class="alert alert-secondary"><pre class="diff">============================= test session starts ==============================
platform linux -- Python 3.10.10, pytest-7.2.1, pluggy-1.0.0
rootdir: /home/auri/temp/lucca/python_experiments/linkedList2
collected 11 items

WHOLE_SUITE/test_linkedList2_WHOLE_SUITE.py .F..F......                  [100%]

=================================== FAILURES ===================================
_________________________________ test_case_1 __________________________________

    def test_case_1():
        tuple_0 = ()
        linked_node_0 = module_0.LinkedNode(tuple_0)
        set_0 = set()
        list_0 = []
        var_0 = linked_node_0.checkInfinite()
        assert var_0 is False
        var_1 = var_0.__repr__()
        linked_list_0 = module_0.LinkedList(*list_0)
        assert len(linked_list_0) == 0
        var_2 = linked_list_0.remove(set_0)
        assert var_2 is False
        str_0 = '3'
        linked_list_1 = module_0.LinkedList(*str_0)
        assert len(linked_list_1) == 1
        var_3 = linked_list_1.prepend(linked_list_1)
        assert len(linked_list_1) == 2
        var_4 = var_2.__repr__()
        var_5 = linked_list_1.__len__()
        assert var_5 == 2
        var_6 = var_4.__iter__()
&gt;       var_7 = linked_list_1.remove(str_0)

WHOLE_SUITE/test_linkedList2_WHOLE_SUITE.py:32: 
_ _ _ _ _ _ _ _ _ _ _ _ _ _ _ _ _ _ _ _ _ _ _ _ _ _ _ _ _ _ _ _ _ _ _ _ _ _ _ _ 

self = &lt;[RecursionError('maximum recursion depth exceeded in comparison') raised in repr()] LinkedList object at 0x7f7ba23d8070&gt;
value = '3'

    def remove(self, value):
        """Remove value from list."""
        n = self.head
        last = None
        while n != None:
&gt;           if n.value &lt;= value:
E           TypeError: '&lt;=' not supported between instances of 'LinkedList' and 'str'

linkedList2.py:48: TypeError
_________________________________ test_case_4 __________________________________

    def test_case_4():
        bool_0 = False
        bytes_0 = b'\x14\x0f\xf4'
        list_0 = [bytes_0, bytes_0, bytes_0, bool_0]
        linked_list_0 = module_0.LinkedList(*list_0)
        assert len(linked_list_0) == 4
        var_0 = linked_list_0.__repr__()
        assert var_0 == "link:[False,b'\\x14\\x0f\\xf4',b'\\x14\\x0f\\xf4',b'\\x14\\x0f\\xf4']"
&gt;       var_1 = linked_list_0.remove(var_0)

WHOLE_SUITE/test_linkedList2_WHOLE_SUITE.py:66: 
_ _ _ _ _ _ _ _ _ _ _ _ _ _ _ _ _ _ _ _ _ _ _ _ _ _ _ _ _ _ _ _ _ _ _ _ _ _ _ _ 

self = link:[False,b'\x14\x0f\xf4',b'\x14\x0f\xf4',b'\x14\x0f\xf4']
value = "link:[False,b'\\x14\\x0f\\xf4',b'\\x14\\x0f\\xf4',b'\\x14\\x0f\\xf4']"

    def remove(self, value):
        """Remove value from list."""
        n = self.head
        last = None
        while n != None:
&gt;           if n.value &lt;= value:
E           TypeError: '&lt;=' not supported between instances of 'bool' and 'str'

linkedList2.py:48: TypeError
=========================== short test summary info ============================
FAILED WHOLE_SUITE/test_linkedList2_WHOLE_SUITE.py::test_case_1 - TypeError: ...
FAILED WHOLE_SUITE/test_linkedList2_WHOLE_SUITE.py::test_case_4 - TypeError: ...
========================= 2 failed, 9 passed in 0.17s ==========================
</pre></div></div></div></div></div><div class="mb-1" id="job_list___sub_accordion_7"><div class="card"><a data-toggle="collapse" data-target="#job_list___sub_collapse_7_1" aria-expanded="false" aria-controls="job_list___sub_collapse_7_1" href="#" class="job_list___sub_multi_heading"><div role="alert" class="card-header alert-success" id="job_list___sub_heading_7_1"><button class="btn btn-outline-success"><span class="job_id">7 : Job ID b6d314bab3044c6bbf7fb3ceaaafcc73</span></button></div></a><div aria-labelledby="job_list___sub_heading_7_1" data-parent="#job_list___sub_accordion_7" class="collapse job_list___sub_multi_collapse" id="job_list___sub_collapse_7_1"><div class="card-body"><div class="work-item"><div class="alert alert-success test-outcome" role="alert"><p>worker outcome: normal</p><p>test outcome: killed</p></div></div><pre class="location"><a href="pycharm://open?file=linkedList2.py&amp;line=21" class="text-secondary"><button class="btn btn-outline-dark">linkedList2.py, start pos: (21, 18), end pos: (21, 20)</button></a></pre><pre>operator: core/ReplaceComparisonOperator_Eq_Gt, occurrence: 0</pre><div class="alert alert-secondary"><pre class="diff">--- mutation diff ---
--- alinkedList2.py
+++ blinkedList2.py
@@ -18,7 +18,7 @@
             p1 = p1.next
             p2 = p2.next.next
             
-            if p1 == p2: return True
+            if p1 &gt; p2: return True
         return False
 
 class LinkedList:</pre></div><div class="alert alert-secondary"><pre class="diff">============================= test session starts ==============================
platform linux -- Python 3.10.10, pytest-7.2.1, pluggy-1.0.0
rootdir: /home/auri/temp/lucca/python_experiments/linkedList2
collected 11 items

WHOLE_SUITE/test_linkedList2_WHOLE_SUITE.py ..F........                  [100%]

=================================== FAILURES ===================================
_________________________________ test_case_2 __________________________________

    def test_case_2():
        linked_list_0 = module_0.LinkedList()
        assert len(linked_list_0) == 0
        linked_node_0 = module_0.LinkedNode(linked_list_0)
        assert len(linked_node_0.value) == 0
        linked_node_1 = module_0.LinkedNode(linked_list_0, linked_node_0)
        assert len(linked_node_1.value) == 0
&gt;       var_0 = linked_node_1.checkInfinite()

WHOLE_SUITE/test_linkedList2_WHOLE_SUITE.py:43: 
_ _ _ _ _ _ _ _ _ _ _ _ _ _ _ _ _ _ _ _ _ _ _ _ _ _ _ _ _ _ _ _ _ _ _ _ _ _ _ _ 

self = &lt;linkedList2.LinkedNode object at 0x7f0e6bd9c700&gt;

    def checkInfinite(self):
        """Check whether infinite loop via next."""
        p1 = p2 = self
        while p1 != None and p2 != None:
            if p2.next == None: return False
    
            p1 = p1.next
            p2 = p2.next.next
    
&gt;           if p1 &gt; p2: return True
E           TypeError: '&gt;' not supported between instances of 'LinkedNode' and 'NoneType'

linkedList2.py:21: TypeError
=========================== short test summary info ============================
FAILED WHOLE_SUITE/test_linkedList2_WHOLE_SUITE.py::test_case_2 - TypeError: ...
========================= 1 failed, 10 passed in 0.19s =========================
</pre></div></div></div></div></div><div class="mb-1" id="job_list___sub_accordion_8"><div class="card"><a data-toggle="collapse" data-target="#job_list___sub_collapse_8_1" aria-expanded="false" aria-controls="job_list___sub_collapse_8_1" href="#" class="job_list___sub_multi_heading"><div role="alert" class="card-header alert-success" id="job_list___sub_heading_8_1"><button class="btn btn-outline-success"><span class="job_id">8 : Job ID e34b028b72794081982674559c203b34</span></button></div></a><div aria-labelledby="job_list___sub_heading_8_1" data-parent="#job_list___sub_accordion_8" class="collapse job_list___sub_multi_collapse" id="job_list___sub_collapse_8_1"><div class="card-body"><div class="work-item"><div class="alert alert-success test-outcome" role="alert"><p>worker outcome: normal</p><p>test outcome: killed</p></div></div><pre class="location"><a href="pycharm://open?file=linkedList2.py&amp;line=48" class="text-secondary"><button class="btn btn-outline-dark">linkedList2.py, start pos: (48, 23), end pos: (48, 25)</button></a></pre><pre>operator: core/ReplaceComparisonOperator_Eq_Gt, occurrence: 1</pre><div class="alert alert-secondary"><pre class="diff">--- mutation diff ---
--- alinkedList2.py
+++ blinkedList2.py
@@ -45,7 +45,7 @@
         n = self.head
         last = None
         while n != None:
-            if n.value == value:
+            if n.value &gt; value:
                 if last == None:
                     self.head = self.head.next
                 else:</pre></div><div class="alert alert-secondary"><pre class="diff">============================= test session starts ==============================
platform linux -- Python 3.10.10, pytest-7.2.1, pluggy-1.0.0
rootdir: /home/auri/temp/lucca/python_experiments/linkedList2
collected 11 items

WHOLE_SUITE/test_linkedList2_WHOLE_SUITE.py .F..F.....F                  [100%]

=================================== FAILURES ===================================
_________________________________ test_case_1 __________________________________

    def test_case_1():
        tuple_0 = ()
        linked_node_0 = module_0.LinkedNode(tuple_0)
        set_0 = set()
        list_0 = []
        var_0 = linked_node_0.checkInfinite()
        assert var_0 is False
        var_1 = var_0.__repr__()
        linked_list_0 = module_0.LinkedList(*list_0)
        assert len(linked_list_0) == 0
        var_2 = linked_list_0.remove(set_0)
        assert var_2 is False
        str_0 = '3'
        linked_list_1 = module_0.LinkedList(*str_0)
        assert len(linked_list_1) == 1
        var_3 = linked_list_1.prepend(linked_list_1)
        assert len(linked_list_1) == 2
        var_4 = var_2.__repr__()
        var_5 = linked_list_1.__len__()
        assert var_5 == 2
        var_6 = var_4.__iter__()
&gt;       var_7 = linked_list_1.remove(str_0)

WHOLE_SUITE/test_linkedList2_WHOLE_SUITE.py:32: 
_ _ _ _ _ _ _ _ _ _ _ _ _ _ _ _ _ _ _ _ _ _ _ _ _ _ _ _ _ _ _ _ _ _ _ _ _ _ _ _ 

self = &lt;[RecursionError('maximum recursion depth exceeded in comparison') raised in repr()] LinkedList object at 0x7efe888b8520&gt;
value = '3'

    def remove(self, value):
        """Remove value from list."""
        n = self.head
        last = None
        while n != None:
&gt;           if n.value &gt; value:
E           TypeError: '&gt;' not supported between instances of 'LinkedList' and 'str'

linkedList2.py:48: TypeError
_________________________________ test_case_4 __________________________________

    def test_case_4():
        bool_0 = False
        bytes_0 = b'\x14\x0f\xf4'
        list_0 = [bytes_0, bytes_0, bytes_0, bool_0]
        linked_list_0 = module_0.LinkedList(*list_0)
        assert len(linked_list_0) == 4
        var_0 = linked_list_0.__repr__()
        assert var_0 == "link:[False,b'\\x14\\x0f\\xf4',b'\\x14\\x0f\\xf4',b'\\x14\\x0f\\xf4']"
&gt;       var_1 = linked_list_0.remove(var_0)

WHOLE_SUITE/test_linkedList2_WHOLE_SUITE.py:66: 
_ _ _ _ _ _ _ _ _ _ _ _ _ _ _ _ _ _ _ _ _ _ _ _ _ _ _ _ _ _ _ _ _ _ _ _ _ _ _ _ 

self = link:[False,b'\x14\x0f\xf4',b'\x14\x0f\xf4',b'\x14\x0f\xf4']
value = "link:[False,b'\\x14\\x0f\\xf4',b'\\x14\\x0f\\xf4',b'\\x14\\x0f\\xf4']"

    def remove(self, value):
        """Remove value from list."""
        n = self.head
        last = None
        while n != None:
&gt;           if n.value &gt; value:
E           TypeError: '&gt;' not supported between instances of 'bool' and 'str'

linkedList2.py:48: TypeError
_________________________________ test_case_10 _________________________________

    def test_case_10():
        float_0 = 1448.9429
        list_0 = [float_0, float_0, float_0]
        linked_list_0 = module_0.LinkedList(*list_0)
        assert len(linked_list_0) == 3
        list_1 = []
        linked_list_1 = module_0.LinkedList(*list_1)
        assert len(linked_list_1) == 0
        var_0 = linked_list_1.__repr__()
        assert var_0 == 'link:[]'
        var_1 = linked_list_0.pop()
        assert var_1 == pytest.approx(1448.9429, abs=0.01, rel=0.01)
        assert len(linked_list_0) == 2
        var_2 = linked_list_1.__repr__()
        assert var_2 == 'link:[]'
        var_3 = var_2.__iter__()
        var_4 = linked_list_0.remove(float_0)
&gt;       assert var_4 is True
E       assert False is True

WHOLE_SUITE/test_linkedList2_WHOLE_SUITE.py:130: AssertionError
=========================== short test summary info ============================
FAILED WHOLE_SUITE/test_linkedList2_WHOLE_SUITE.py::test_case_1 - TypeError: ...
FAILED WHOLE_SUITE/test_linkedList2_WHOLE_SUITE.py::test_case_4 - TypeError: ...
FAILED WHOLE_SUITE/test_linkedList2_WHOLE_SUITE.py::test_case_10 - assert Fal...
========================= 3 failed, 8 passed in 0.29s ==========================
</pre></div></div></div></div></div><div class="mb-1" id="job_list___sub_accordion_9"><div class="card"><a data-toggle="collapse" data-target="#job_list___sub_collapse_9_1" aria-expanded="false" aria-controls="job_list___sub_collapse_9_1" href="#" class="job_list___sub_multi_heading"><div role="alert" class="card-header alert-success" id="job_list___sub_heading_9_1"><button class="btn btn-outline-success"><span class="job_id">9 : Job ID 9e5146ac182845eca7293abc01cb40c2</span></button></div></a><div aria-labelledby="job_list___sub_heading_9_1" data-parent="#job_list___sub_accordion_9" class="collapse job_list___sub_multi_collapse" id="job_list___sub_collapse_9_1"><div class="card-body"><div class="work-item"><div class="alert alert-success test-outcome" role="alert"><p>worker outcome: normal</p><p>test outcome: killed</p></div></div><pre class="location"><a href="pycharm://open?file=linkedList2.py&amp;line=21" class="text-secondary"><button class="btn btn-outline-dark">linkedList2.py, start pos: (21, 18), end pos: (21, 20)</button></a></pre><pre>operator: core/ReplaceComparisonOperator_Eq_GtE, occurrence: 0</pre><div class="alert alert-secondary"><pre class="diff">--- mutation diff ---
--- alinkedList2.py
+++ blinkedList2.py
@@ -18,7 +18,7 @@
             p1 = p1.next
             p2 = p2.next.next
             
-            if p1 == p2: return True
+            if p1 &gt;= p2: return True
         return False
 
 class LinkedList:</pre></div><div class="alert alert-secondary"><pre class="diff">============================= test session starts ==============================
platform linux -- Python 3.10.10, pytest-7.2.1, pluggy-1.0.0
rootdir: /home/auri/temp/lucca/python_experiments/linkedList2
collected 11 items

WHOLE_SUITE/test_linkedList2_WHOLE_SUITE.py ..F........                  [100%]

=================================== FAILURES ===================================
_________________________________ test_case_2 __________________________________

    def test_case_2():
        linked_list_0 = module_0.LinkedList()
        assert len(linked_list_0) == 0
        linked_node_0 = module_0.LinkedNode(linked_list_0)
        assert len(linked_node_0.value) == 0
        linked_node_1 = module_0.LinkedNode(linked_list_0, linked_node_0)
        assert len(linked_node_1.value) == 0
&gt;       var_0 = linked_node_1.checkInfinite()

WHOLE_SUITE/test_linkedList2_WHOLE_SUITE.py:43: 
_ _ _ _ _ _ _ _ _ _ _ _ _ _ _ _ _ _ _ _ _ _ _ _ _ _ _ _ _ _ _ _ _ _ _ _ _ _ _ _ 

self = &lt;linkedList2.LinkedNode object at 0x7f56d01cc700&gt;

    def checkInfinite(self):
        """Check whether infinite loop via next."""
        p1 = p2 = self
        while p1 != None and p2 != None:
            if p2.next == None: return False
    
            p1 = p1.next
            p2 = p2.next.next
    
&gt;           if p1 &gt;= p2: return True
E           TypeError: '&gt;=' not supported between instances of 'LinkedNode' and 'NoneType'

linkedList2.py:21: TypeError
=========================== short test summary info ============================
FAILED WHOLE_SUITE/test_linkedList2_WHOLE_SUITE.py::test_case_2 - TypeError: ...
========================= 1 failed, 10 passed in 0.19s =========================
</pre></div></div></div></div></div><div class="mb-1" id="job_list___sub_accordion_10"><div class="card"><a data-toggle="collapse" data-target="#job_list___sub_collapse_10_1" aria-expanded="false" aria-controls="job_list___sub_collapse_10_1" href="#" class="job_list___sub_multi_heading"><div role="alert" class="card-header alert-success" id="job_list___sub_heading_10_1"><button class="btn btn-outline-success"><span class="job_id">10 : Job ID da49ee7d1d5f43cf9da40a8f27ad412a</span></button></div></a><div aria-labelledby="job_list___sub_heading_10_1" data-parent="#job_list___sub_accordion_10" class="collapse job_list___sub_multi_collapse" id="job_list___sub_collapse_10_1"><div class="card-body"><div class="work-item"><div class="alert alert-success test-outcome" role="alert"><p>worker outcome: normal</p><p>test outcome: killed</p></div></div><pre class="location"><a href="pycharm://open?file=linkedList2.py&amp;line=48" class="text-secondary"><button class="btn btn-outline-dark">linkedList2.py, start pos: (48, 23), end pos: (48, 25)</button></a></pre><pre>operator: core/ReplaceComparisonOperator_Eq_GtE, occurrence: 1</pre><div class="alert alert-secondary"><pre class="diff">--- mutation diff ---
--- alinkedList2.py
+++ blinkedList2.py
@@ -45,7 +45,7 @@
         n = self.head
         last = None
         while n != None:
-            if n.value == value:
+            if n.value &gt;= value:
                 if last == None:
                     self.head = self.head.next
                 else:</pre></div><div class="alert alert-secondary"><pre class="diff">============================= test session starts ==============================
platform linux -- Python 3.10.10, pytest-7.2.1, pluggy-1.0.0
rootdir: /home/auri/temp/lucca/python_experiments/linkedList2
collected 11 items

WHOLE_SUITE/test_linkedList2_WHOLE_SUITE.py .F..F......                  [100%]

=================================== FAILURES ===================================
_________________________________ test_case_1 __________________________________

    def test_case_1():
        tuple_0 = ()
        linked_node_0 = module_0.LinkedNode(tuple_0)
        set_0 = set()
        list_0 = []
        var_0 = linked_node_0.checkInfinite()
        assert var_0 is False
        var_1 = var_0.__repr__()
        linked_list_0 = module_0.LinkedList(*list_0)
        assert len(linked_list_0) == 0
        var_2 = linked_list_0.remove(set_0)
        assert var_2 is False
        str_0 = '3'
        linked_list_1 = module_0.LinkedList(*str_0)
        assert len(linked_list_1) == 1
        var_3 = linked_list_1.prepend(linked_list_1)
        assert len(linked_list_1) == 2
        var_4 = var_2.__repr__()
        var_5 = linked_list_1.__len__()
        assert var_5 == 2
        var_6 = var_4.__iter__()
&gt;       var_7 = linked_list_1.remove(str_0)

WHOLE_SUITE/test_linkedList2_WHOLE_SUITE.py:32: 
_ _ _ _ _ _ _ _ _ _ _ _ _ _ _ _ _ _ _ _ _ _ _ _ _ _ _ _ _ _ _ _ _ _ _ _ _ _ _ _ 

self = &lt;[RecursionError('maximum recursion depth exceeded in comparison') raised in repr()] LinkedList object at 0x7fcd9fc44070&gt;
value = '3'

    def remove(self, value):
        """Remove value from list."""
        n = self.head
        last = None
        while n != None:
&gt;           if n.value &gt;= value:
E           TypeError: '&gt;=' not supported between instances of 'LinkedList' and 'str'

linkedList2.py:48: TypeError
_________________________________ test_case_4 __________________________________

    def test_case_4():
        bool_0 = False
        bytes_0 = b'\x14\x0f\xf4'
        list_0 = [bytes_0, bytes_0, bytes_0, bool_0]
        linked_list_0 = module_0.LinkedList(*list_0)
        assert len(linked_list_0) == 4
        var_0 = linked_list_0.__repr__()
        assert var_0 == "link:[False,b'\\x14\\x0f\\xf4',b'\\x14\\x0f\\xf4',b'\\x14\\x0f\\xf4']"
&gt;       var_1 = linked_list_0.remove(var_0)

WHOLE_SUITE/test_linkedList2_WHOLE_SUITE.py:66: 
_ _ _ _ _ _ _ _ _ _ _ _ _ _ _ _ _ _ _ _ _ _ _ _ _ _ _ _ _ _ _ _ _ _ _ _ _ _ _ _ 

self = link:[False,b'\x14\x0f\xf4',b'\x14\x0f\xf4',b'\x14\x0f\xf4']
value = "link:[False,b'\\x14\\x0f\\xf4',b'\\x14\\x0f\\xf4',b'\\x14\\x0f\\xf4']"

    def remove(self, value):
        """Remove value from list."""
        n = self.head
        last = None
        while n != None:
&gt;           if n.value &gt;= value:
E           TypeError: '&gt;=' not supported between instances of 'bool' and 'str'

linkedList2.py:48: TypeError
=========================== short test summary info ============================
FAILED WHOLE_SUITE/test_linkedList2_WHOLE_SUITE.py::test_case_1 - TypeError: ...
FAILED WHOLE_SUITE/test_linkedList2_WHOLE_SUITE.py::test_case_4 - TypeError: ...
========================= 2 failed, 9 passed in 0.16s ==========================
</pre></div></div></div></div></div><div class="mb-1" id="job_list___sub_accordion_11"><div class="card"><a data-toggle="collapse" data-target="#job_list___sub_collapse_11_1" aria-expanded="false" aria-controls="job_list___sub_collapse_11_1" href="#" class="job_list___sub_multi_heading"><div role="alert" class="card-header alert-danger" id="job_list___sub_heading_11_1"><button class="btn btn-outline-danger"><span class="job_id">11 : Job ID bb38f3fa266b4375adf9818337c57d84</span></button></div></a><div aria-labelledby="job_list___sub_heading_11_1" data-parent="#job_list___sub_accordion_11" class="collapse job_list___sub_multi_collapse" id="job_list___sub_collapse_11_1"><div class="card-body"><div class="work-item"><div class="alert alert-danger test-outcome" role="alert"><p>SURVIVED</p><p>worker outcome: normal</p><p>test outcome: survived</p></div></div><pre class="location"><a href="pycharm://open?file=linkedList2.py&amp;line=21" class="text-secondary"><button class="btn btn-outline-dark">linkedList2.py, start pos: (21, 18), end pos: (21, 20)</button></a></pre><pre>operator: core/ReplaceComparisonOperator_Eq_Is, occurrence: 0</pre><div class="alert alert-secondary"><pre class="diff">--- mutation diff ---
--- alinkedList2.py
+++ blinkedList2.py
@@ -18,7 +18,7 @@
             p1 = p1.next
             p2 = p2.next.next
             
-            if p1 == p2: return True
+            if p1 is p2: return True
         return False
 
 class LinkedList:</pre></div><div class="alert alert-secondary"><pre class="diff">============================= test session starts ==============================
platform linux -- Python 3.10.10, pytest-7.2.1, pluggy-1.0.0
rootdir: /home/auri/temp/lucca/python_experiments/linkedList2
collected 11 items

WHOLE_SUITE/test_linkedList2_WHOLE_SUITE.py ...........                  [100%]

============================== 11 passed in 0.20s ==============================
</pre></div></div></div></div></div><div class="mb-1" id="job_list___sub_accordion_12"><div class="card"><a data-toggle="collapse" data-target="#job_list___sub_collapse_12_1" aria-expanded="false" aria-controls="job_list___sub_collapse_12_1" href="#" class="job_list___sub_multi_heading"><div role="alert" class="card-header alert-danger" id="job_list___sub_heading_12_1"><button class="btn btn-outline-danger"><span class="job_id">12 : Job ID 53590053165848f1b521819a7afc1f29</span></button></div></a><div aria-labelledby="job_list___sub_heading_12_1" data-parent="#job_list___sub_accordion_12" class="collapse job_list___sub_multi_collapse" id="job_list___sub_collapse_12_1"><div class="card-body"><div class="work-item"><div class="alert alert-danger test-outcome" role="alert"><p>SURVIVED</p><p>worker outcome: normal</p><p>test outcome: survived</p></div></div><pre class="location"><a href="pycharm://open?file=linkedList2.py&amp;line=48" class="text-secondary"><button class="btn btn-outline-dark">linkedList2.py, start pos: (48, 23), end pos: (48, 25)</button></a></pre><pre>operator: core/ReplaceComparisonOperator_Eq_Is, occurrence: 1</pre><div class="alert alert-secondary"><pre class="diff">--- mutation diff ---
--- alinkedList2.py
+++ blinkedList2.py
@@ -45,7 +45,7 @@
         n = self.head
         last = None
         while n != None:
-            if n.value == value:
+            if n.value is value:
                 if last == None:
                     self.head = self.head.next
                 else:</pre></div><div class="alert alert-secondary"><pre class="diff">============================= test session starts ==============================
platform linux -- Python 3.10.10, pytest-7.2.1, pluggy-1.0.0
rootdir: /home/auri/temp/lucca/python_experiments/linkedList2
collected 11 items

WHOLE_SUITE/test_linkedList2_WHOLE_SUITE.py ...........                  [100%]

============================== 11 passed in 0.16s ==============================
</pre></div></div></div></div></div><div class="mb-1" id="job_list___sub_accordion_13"><div class="card"><a data-toggle="collapse" data-target="#job_list___sub_collapse_13_1" aria-expanded="false" aria-controls="job_list___sub_collapse_13_1" href="#" class="job_list___sub_multi_heading"><div role="alert" class="card-header alert-success" id="job_list___sub_heading_13_1"><button class="btn btn-outline-success"><span class="job_id">13 : Job ID 98a533d4d6a448eb8df4e2e3e23320bb</span></button></div></a><div aria-labelledby="job_list___sub_heading_13_1" data-parent="#job_list___sub_accordion_13" class="collapse job_list___sub_multi_collapse" id="job_list___sub_collapse_13_1"><div class="card-body"><div class="work-item"><div class="alert alert-success test-outcome" role="alert"><p>worker outcome: normal</p><p>test outcome: killed</p></div></div><pre class="location"><a href="pycharm://open?file=linkedList2.py&amp;line=16" class="text-secondary"><button class="btn btn-outline-dark">linkedList2.py, start pos: (16, 23), end pos: (16, 25)</button></a></pre><pre>operator: core/ReplaceComparisonOperator_Eq_IsNot, occurrence: 0</pre><div class="alert alert-secondary"><pre class="diff">--- mutation diff ---
--- alinkedList2.py
+++ blinkedList2.py
@@ -13,7 +13,7 @@
         """Check whether infinite loop via next."""
         p1 = p2 = self
         while p1 != None and p2 != None:
-            if p2.next == None: return False
+            if p2.next is not None: return False
 
             p1 = p1.next
             p2 = p2.next.next</pre></div><div class="alert alert-secondary"><pre class="diff">============================= test session starts ==============================
platform linux -- Python 3.10.10, pytest-7.2.1, pluggy-1.0.0
rootdir: /home/auri/temp/lucca/python_experiments/linkedList2
collected 11 items

WHOLE_SUITE/test_linkedList2_WHOLE_SUITE.py .FF........                  [100%]

=================================== FAILURES ===================================
_________________________________ test_case_1 __________________________________

    def test_case_1():
        tuple_0 = ()
        linked_node_0 = module_0.LinkedNode(tuple_0)
        set_0 = set()
        list_0 = []
&gt;       var_0 = linked_node_0.checkInfinite()

WHOLE_SUITE/test_linkedList2_WHOLE_SUITE.py:16: 
_ _ _ _ _ _ _ _ _ _ _ _ _ _ _ _ _ _ _ _ _ _ _ _ _ _ _ _ _ _ _ _ _ _ _ _ _ _ _ _ 

self = &lt;linkedList2.LinkedNode object at 0x7fccd46c0400&gt;

    def checkInfinite(self):
        """Check whether infinite loop via next."""
        p1 = p2 = self
        while p1 != None and p2 != None:
            if p2.next is not None: return False
    
            p1 = p1.next
&gt;           p2 = p2.next.next
E           AttributeError: 'NoneType' object has no attribute 'next'

linkedList2.py:19: AttributeError
_________________________________ test_case_2 __________________________________

    def test_case_2():
        linked_list_0 = module_0.LinkedList()
        assert len(linked_list_0) == 0
        linked_node_0 = module_0.LinkedNode(linked_list_0)
        assert len(linked_node_0.value) == 0
        linked_node_1 = module_0.LinkedNode(linked_list_0, linked_node_0)
        assert len(linked_node_1.value) == 0
        var_0 = linked_node_1.checkInfinite()
        assert var_0 is False
        object_0 = module_1.object()
&gt;       var_1 = linked_node_0.checkInfinite()

WHOLE_SUITE/test_linkedList2_WHOLE_SUITE.py:46: 
_ _ _ _ _ _ _ _ _ _ _ _ _ _ _ _ _ _ _ _ _ _ _ _ _ _ _ _ _ _ _ _ _ _ _ _ _ _ _ _ 

self = &lt;linkedList2.LinkedNode object at 0x7fccd467b910&gt;

    def checkInfinite(self):
        """Check whether infinite loop via next."""
        p1 = p2 = self
        while p1 != None and p2 != None:
            if p2.next is not None: return False
    
            p1 = p1.next
&gt;           p2 = p2.next.next
E           AttributeError: 'NoneType' object has no attribute 'next'

linkedList2.py:19: AttributeError
=========================== short test summary info ============================
FAILED WHOLE_SUITE/test_linkedList2_WHOLE_SUITE.py::test_case_1 - AttributeEr...
FAILED WHOLE_SUITE/test_linkedList2_WHOLE_SUITE.py::test_case_2 - AttributeEr...
========================= 2 failed, 9 passed in 0.25s ==========================
</pre></div></div></div></div></div><div class="mb-1" id="job_list___sub_accordion_14"><div class="card"><a data-toggle="collapse" data-target="#job_list___sub_collapse_14_1" aria-expanded="false" aria-controls="job_list___sub_collapse_14_1" href="#" class="job_list___sub_multi_heading"><div role="alert" class="card-header alert-success" id="job_list___sub_heading_14_1"><button class="btn btn-outline-success"><span class="job_id">14 : Job ID 7fb74434357c4f5fb593a6d873218be0</span></button></div></a><div aria-labelledby="job_list___sub_heading_14_1" data-parent="#job_list___sub_accordion_14" class="collapse job_list___sub_multi_collapse" id="job_list___sub_collapse_14_1"><div class="card-body"><div class="work-item"><div class="alert alert-success test-outcome" role="alert"><p>worker outcome: normal</p><p>test outcome: killed</p></div></div><pre class="location"><a href="pycharm://open?file=linkedList2.py&amp;line=21" class="text-secondary"><button class="btn btn-outline-dark">linkedList2.py, start pos: (21, 18), end pos: (21, 20)</button></a></pre><pre>operator: core/ReplaceComparisonOperator_Eq_IsNot, occurrence: 1</pre><div class="alert alert-secondary"><pre class="diff">--- mutation diff ---
--- alinkedList2.py
+++ blinkedList2.py
@@ -18,7 +18,7 @@
             p1 = p1.next
             p2 = p2.next.next
             
-            if p1 == p2: return True
+            if p1 is not p2: return True
         return False
 
 class LinkedList:</pre></div><div class="alert alert-secondary"><pre class="diff">============================= test session starts ==============================
platform linux -- Python 3.10.10, pytest-7.2.1, pluggy-1.0.0
rootdir: /home/auri/temp/lucca/python_experiments/linkedList2
collected 11 items

WHOLE_SUITE/test_linkedList2_WHOLE_SUITE.py ..F........                  [100%]

=================================== FAILURES ===================================
_________________________________ test_case_2 __________________________________

    def test_case_2():
        linked_list_0 = module_0.LinkedList()
        assert len(linked_list_0) == 0
        linked_node_0 = module_0.LinkedNode(linked_list_0)
        assert len(linked_node_0.value) == 0
        linked_node_1 = module_0.LinkedNode(linked_list_0, linked_node_0)
        assert len(linked_node_1.value) == 0
        var_0 = linked_node_1.checkInfinite()
&gt;       assert var_0 is False
E       assert True is False

WHOLE_SUITE/test_linkedList2_WHOLE_SUITE.py:44: AssertionError
=========================== short test summary info ============================
FAILED WHOLE_SUITE/test_linkedList2_WHOLE_SUITE.py::test_case_2 - assert True...
========================= 1 failed, 10 passed in 0.27s =========================
</pre></div></div></div></div></div><div class="mb-1" id="job_list___sub_accordion_15"><div class="card"><a data-toggle="collapse" data-target="#job_list___sub_collapse_15_1" aria-expanded="false" aria-controls="job_list___sub_collapse_15_1" href="#" class="job_list___sub_multi_heading"><div role="alert" class="card-header alert-success" id="job_list___sub_heading_15_1"><button class="btn btn-outline-success"><span class="job_id">15 : Job ID 9fe5a13b69b64c9895684e871e5a5eec</span></button></div></a><div aria-labelledby="job_list___sub_heading_15_1" data-parent="#job_list___sub_accordion_15" class="collapse job_list___sub_multi_collapse" id="job_list___sub_collapse_15_1"><div class="card-body"><div class="work-item"><div class="alert alert-success test-outcome" role="alert"><p>worker outcome: normal</p><p>test outcome: killed</p></div></div><pre class="location"><a href="pycharm://open?file=linkedList2.py&amp;line=48" class="text-secondary"><button class="btn btn-outline-dark">linkedList2.py, start pos: (48, 23), end pos: (48, 25)</button></a></pre><pre>operator: core/ReplaceComparisonOperator_Eq_IsNot, occurrence: 2</pre><div class="alert alert-secondary"><pre class="diff">--- mutation diff ---
--- alinkedList2.py
+++ blinkedList2.py
@@ -45,7 +45,7 @@
         n = self.head
         last = None
         while n != None:
-            if n.value == value:
+            if n.value is not value:
                 if last == None:
                     self.head = self.head.next
                 else:</pre></div><div class="alert alert-secondary"><pre class="diff">============================= test session starts ==============================
platform linux -- Python 3.10.10, pytest-7.2.1, pluggy-1.0.0
rootdir: /home/auri/temp/lucca/python_experiments/linkedList2
collected 11 items

WHOLE_SUITE/test_linkedList2_WHOLE_SUITE.py ....F.....F                  [100%]

=================================== FAILURES ===================================
_________________________________ test_case_4 __________________________________

    def test_case_4():
        bool_0 = False
        bytes_0 = b'\x14\x0f\xf4'
        list_0 = [bytes_0, bytes_0, bytes_0, bool_0]
        linked_list_0 = module_0.LinkedList(*list_0)
        assert len(linked_list_0) == 4
        var_0 = linked_list_0.__repr__()
        assert var_0 == "link:[False,b'\\x14\\x0f\\xf4',b'\\x14\\x0f\\xf4',b'\\x14\\x0f\\xf4']"
        var_1 = linked_list_0.remove(var_0)
&gt;       assert var_1 is False
E       assert True is False

WHOLE_SUITE/test_linkedList2_WHOLE_SUITE.py:67: AssertionError
_________________________________ test_case_10 _________________________________

    def test_case_10():
        float_0 = 1448.9429
        list_0 = [float_0, float_0, float_0]
        linked_list_0 = module_0.LinkedList(*list_0)
        assert len(linked_list_0) == 3
        list_1 = []
        linked_list_1 = module_0.LinkedList(*list_1)
        assert len(linked_list_1) == 0
        var_0 = linked_list_1.__repr__()
        assert var_0 == 'link:[]'
        var_1 = linked_list_0.pop()
        assert var_1 == pytest.approx(1448.9429, abs=0.01, rel=0.01)
        assert len(linked_list_0) == 2
        var_2 = linked_list_1.__repr__()
        assert var_2 == 'link:[]'
        var_3 = var_2.__iter__()
        var_4 = linked_list_0.remove(float_0)
&gt;       assert var_4 is True
E       assert False is True

WHOLE_SUITE/test_linkedList2_WHOLE_SUITE.py:130: AssertionError
=========================== short test summary info ============================
FAILED WHOLE_SUITE/test_linkedList2_WHOLE_SUITE.py::test_case_4 - assert True...
FAILED WHOLE_SUITE/test_linkedList2_WHOLE_SUITE.py::test_case_10 - assert Fal...
========================= 2 failed, 9 passed in 0.30s ==========================
</pre></div></div></div></div></div><div class="mb-1" id="job_list___sub_accordion_16"><div class="card"><a data-toggle="collapse" data-target="#job_list___sub_collapse_16_1" aria-expanded="false" aria-controls="job_list___sub_collapse_16_1" href="#" class="job_list___sub_multi_heading"><div role="alert" class="card-header alert-success" id="job_list___sub_heading_16_1"><button class="btn btn-outline-success"><span class="job_id">16 : Job ID ab98e2f10842459aa5fa13c1f09c090b</span></button></div></a><div aria-labelledby="job_list___sub_heading_16_1" data-parent="#job_list___sub_accordion_16" class="collapse job_list___sub_multi_collapse" id="job_list___sub_collapse_16_1"><div class="card-body"><div class="work-item"><div class="alert alert-success test-outcome" role="alert"><p>worker outcome: normal</p><p>test outcome: killed</p></div></div><pre class="location"><a href="pycharm://open?file=linkedList2.py&amp;line=49" class="text-secondary"><button class="btn btn-outline-dark">linkedList2.py, start pos: (49, 24), end pos: (49, 26)</button></a></pre><pre>operator: core/ReplaceComparisonOperator_Eq_IsNot, occurrence: 3</pre><div class="alert alert-secondary"><pre class="diff">--- mutation diff ---
--- alinkedList2.py
+++ blinkedList2.py
@@ -46,7 +46,7 @@
         last = None
         while n != None:
             if n.value == value:
-                if last == None:
+                if last is not None:
                     self.head = self.head.next
                 else:
                     last.next = n.next</pre></div><div class="alert alert-secondary"><pre class="diff">============================= test session starts ==============================
platform linux -- Python 3.10.10, pytest-7.2.1, pluggy-1.0.0
rootdir: /home/auri/temp/lucca/python_experiments/linkedList2
collected 11 items

WHOLE_SUITE/test_linkedList2_WHOLE_SUITE.py .F........F                  [100%]

=================================== FAILURES ===================================
_________________________________ test_case_1 __________________________________

    def test_case_1():
        tuple_0 = ()
        linked_node_0 = module_0.LinkedNode(tuple_0)
        set_0 = set()
        list_0 = []
        var_0 = linked_node_0.checkInfinite()
        assert var_0 is False
        var_1 = var_0.__repr__()
        linked_list_0 = module_0.LinkedList(*list_0)
        assert len(linked_list_0) == 0
        var_2 = linked_list_0.remove(set_0)
        assert var_2 is False
        str_0 = '3'
        linked_list_1 = module_0.LinkedList(*str_0)
        assert len(linked_list_1) == 1
        var_3 = linked_list_1.prepend(linked_list_1)
        assert len(linked_list_1) == 2
        var_4 = var_2.__repr__()
        var_5 = linked_list_1.__len__()
        assert var_5 == 2
        var_6 = var_4.__iter__()
&gt;       var_7 = linked_list_1.remove(str_0)

WHOLE_SUITE/test_linkedList2_WHOLE_SUITE.py:32: 
_ _ _ _ _ _ _ _ _ _ _ _ _ _ _ _ _ _ _ _ _ _ _ _ _ _ _ _ _ _ _ _ _ _ _ _ _ _ _ _ 

self = &lt;[RecursionError('maximum recursion depth exceeded in comparison') raised in repr()] LinkedList object at 0x7f6e4d99c4c0&gt;
value = '3'

    def remove(self, value):
        """Remove value from list."""
        n = self.head
        last = None
        while n != None:
            if n.value == value:
                if last is not None:
                    self.head = self.head.next
                else:
&gt;                   last.next = n.next
E                   AttributeError: 'NoneType' object has no attribute 'next'

linkedList2.py:52: AttributeError
_________________________________ test_case_10 _________________________________

    def test_case_10():
        float_0 = 1448.9429
        list_0 = [float_0, float_0, float_0]
        linked_list_0 = module_0.LinkedList(*list_0)
        assert len(linked_list_0) == 3
        list_1 = []
        linked_list_1 = module_0.LinkedList(*list_1)
        assert len(linked_list_1) == 0
        var_0 = linked_list_1.__repr__()
        assert var_0 == 'link:[]'
        var_1 = linked_list_0.pop()
        assert var_1 == pytest.approx(1448.9429, abs=0.01, rel=0.01)
        assert len(linked_list_0) == 2
        var_2 = linked_list_1.__repr__()
        assert var_2 == 'link:[]'
        var_3 = var_2.__iter__()
&gt;       var_4 = linked_list_0.remove(float_0)

WHOLE_SUITE/test_linkedList2_WHOLE_SUITE.py:129: 
_ _ _ _ _ _ _ _ _ _ _ _ _ _ _ _ _ _ _ _ _ _ _ _ _ _ _ _ _ _ _ _ _ _ _ _ _ _ _ _ 

self = link:[1448.9429,1448.9429], value = 1448.9429

    def remove(self, value):
        """Remove value from list."""
        n = self.head
        last = None
        while n != None:
            if n.value == value:
                if last is not None:
                    self.head = self.head.next
                else:
&gt;                   last.next = n.next
E                   AttributeError: 'NoneType' object has no attribute 'next'

linkedList2.py:52: AttributeError
=========================== short test summary info ============================
FAILED WHOLE_SUITE/test_linkedList2_WHOLE_SUITE.py::test_case_1 - AttributeEr...
FAILED WHOLE_SUITE/test_linkedList2_WHOLE_SUITE.py::test_case_10 - AttributeE...
========================= 2 failed, 9 passed in 0.19s ==========================
</pre></div></div></div></div></div><div class="mb-1" id="job_list___sub_accordion_17"><div class="card"><a data-toggle="collapse" data-target="#job_list___sub_collapse_17_1" aria-expanded="false" aria-controls="job_list___sub_collapse_17_1" href="#" class="job_list___sub_multi_heading"><div role="alert" class="card-header alert-danger" id="job_list___sub_heading_17_1"><button class="btn btn-outline-danger"><span class="job_id">17 : Job ID d388048f3a49453e9c81e7c585a28a77</span></button></div></a><div aria-labelledby="job_list___sub_heading_17_1" data-parent="#job_list___sub_accordion_17" class="collapse job_list___sub_multi_collapse" id="job_list___sub_collapse_17_1"><div class="card-body"><div class="work-item"><div class="alert alert-danger test-outcome" role="alert"><p>SURVIVED</p><p>worker outcome: normal</p><p>test outcome: survived</p></div></div><pre class="location"><a href="pycharm://open?file=linkedList2.py&amp;line=15" class="text-secondary"><button class="btn btn-outline-dark">linkedList2.py, start pos: (15, 17), end pos: (15, 19)</button></a></pre><pre>operator: core/ReplaceComparisonOperator_NotEq_Is, occurrence: 0</pre><div class="alert alert-secondary"><pre class="diff">--- mutation diff ---
--- alinkedList2.py
+++ blinkedList2.py
@@ -12,7 +12,7 @@
     def checkInfinite(self):
         """Check whether infinite loop via next."""
         p1 = p2 = self
-        while p1 != None and p2 != None:
+        while p1 is None and p2 != None:
             if p2.next == None: return False
 
             p1 = p1.next</pre></div><div class="alert alert-secondary"><pre class="diff">============================= test session starts ==============================
platform linux -- Python 3.10.10, pytest-7.2.1, pluggy-1.0.0
rootdir: /home/auri/temp/lucca/python_experiments/linkedList2
collected 11 items

WHOLE_SUITE/test_linkedList2_WHOLE_SUITE.py ...........                  [100%]

============================== 11 passed in 0.11s ==============================
</pre></div></div></div></div></div><div class="mb-1" id="job_list___sub_accordion_18"><div class="card"><a data-toggle="collapse" data-target="#job_list___sub_collapse_18_1" aria-expanded="false" aria-controls="job_list___sub_collapse_18_1" href="#" class="job_list___sub_multi_heading"><div role="alert" class="card-header alert-danger" id="job_list___sub_heading_18_1"><button class="btn btn-outline-danger"><span class="job_id">18 : Job ID cf0240e34e6a4fd9a5dce3a597e10a92</span></button></div></a><div aria-labelledby="job_list___sub_heading_18_1" data-parent="#job_list___sub_accordion_18" class="collapse job_list___sub_multi_collapse" id="job_list___sub_collapse_18_1"><div class="card-body"><div class="work-item"><div class="alert alert-danger test-outcome" role="alert"><p>SURVIVED</p><p>worker outcome: normal</p><p>test outcome: survived</p></div></div><pre class="location"><a href="pycharm://open?file=linkedList2.py&amp;line=15" class="text-secondary"><button class="btn btn-outline-dark">linkedList2.py, start pos: (15, 32), end pos: (15, 34)</button></a></pre><pre>operator: core/ReplaceComparisonOperator_NotEq_Is, occurrence: 1</pre><div class="alert alert-secondary"><pre class="diff">--- mutation diff ---
--- alinkedList2.py
+++ blinkedList2.py
@@ -12,7 +12,7 @@
     def checkInfinite(self):
         """Check whether infinite loop via next."""
         p1 = p2 = self
-        while p1 != None and p2 != None:
+        while p1 != None and p2 is None:
             if p2.next == None: return False
 
             p1 = p1.next</pre></div><div class="alert alert-secondary"><pre class="diff">============================= test session starts ==============================
platform linux -- Python 3.10.10, pytest-7.2.1, pluggy-1.0.0
rootdir: /home/auri/temp/lucca/python_experiments/linkedList2
collected 11 items

WHOLE_SUITE/test_linkedList2_WHOLE_SUITE.py ...........                  [100%]

============================== 11 passed in 0.19s ==============================
</pre></div></div></div></div></div><div class="mb-1" id="job_list___sub_accordion_19"><div class="card"><a data-toggle="collapse" data-target="#job_list___sub_collapse_19_1" aria-expanded="false" aria-controls="job_list___sub_collapse_19_1" href="#" class="job_list___sub_multi_heading"><div role="alert" class="card-header alert-success" id="job_list___sub_heading_19_1"><button class="btn btn-outline-success"><span class="job_id">19 : Job ID e488daeb82d94345882d4778b1d5d554</span></button></div></a><div aria-labelledby="job_list___sub_heading_19_1" data-parent="#job_list___sub_accordion_19" class="collapse job_list___sub_multi_collapse" id="job_list___sub_collapse_19_1"><div class="card-body"><div class="work-item"><div class="alert alert-success test-outcome" role="alert"><p>worker outcome: normal</p><p>test outcome: killed</p></div></div><pre class="location"><a href="pycharm://open?file=linkedList2.py&amp;line=47" class="text-secondary"><button class="btn btn-outline-dark">linkedList2.py, start pos: (47, 16), end pos: (47, 18)</button></a></pre><pre>operator: core/ReplaceComparisonOperator_NotEq_Is, occurrence: 2</pre><div class="alert alert-secondary"><pre class="diff">--- mutation diff ---
--- alinkedList2.py
+++ blinkedList2.py
@@ -44,7 +44,7 @@
         """Remove value from list."""
         n = self.head
         last = None
-        while n != None:
+        while n is None:
             if n.value == value:
                 if last == None:
                     self.head = self.head.next</pre></div><div class="alert alert-secondary"><pre class="diff">============================= test session starts ==============================
platform linux -- Python 3.10.10, pytest-7.2.1, pluggy-1.0.0
rootdir: /home/auri/temp/lucca/python_experiments/linkedList2
collected 11 items

WHOLE_SUITE/test_linkedList2_WHOLE_SUITE.py .F........F                  [100%]

=================================== FAILURES ===================================
_________________________________ test_case_1 __________________________________

    def test_case_1():
        tuple_0 = ()
        linked_node_0 = module_0.LinkedNode(tuple_0)
        set_0 = set()
        list_0 = []
        var_0 = linked_node_0.checkInfinite()
        assert var_0 is False
        var_1 = var_0.__repr__()
        linked_list_0 = module_0.LinkedList(*list_0)
        assert len(linked_list_0) == 0
&gt;       var_2 = linked_list_0.remove(set_0)

WHOLE_SUITE/test_linkedList2_WHOLE_SUITE.py:21: 
_ _ _ _ _ _ _ _ _ _ _ _ _ _ _ _ _ _ _ _ _ _ _ _ _ _ _ _ _ _ _ _ _ _ _ _ _ _ _ _ 

self = link:[], value = set()

    def remove(self, value):
        """Remove value from list."""
        n = self.head
        last = None
        while n is None:
&gt;           if n.value == value:
E           AttributeError: 'NoneType' object has no attribute 'value'

linkedList2.py:48: AttributeError
_________________________________ test_case_10 _________________________________

    def test_case_10():
        float_0 = 1448.9429
        list_0 = [float_0, float_0, float_0]
        linked_list_0 = module_0.LinkedList(*list_0)
        assert len(linked_list_0) == 3
        list_1 = []
        linked_list_1 = module_0.LinkedList(*list_1)
        assert len(linked_list_1) == 0
        var_0 = linked_list_1.__repr__()
        assert var_0 == 'link:[]'
        var_1 = linked_list_0.pop()
        assert var_1 == pytest.approx(1448.9429, abs=0.01, rel=0.01)
        assert len(linked_list_0) == 2
        var_2 = linked_list_1.__repr__()
        assert var_2 == 'link:[]'
        var_3 = var_2.__iter__()
        var_4 = linked_list_0.remove(float_0)
&gt;       assert var_4 is True
E       assert False is True

WHOLE_SUITE/test_linkedList2_WHOLE_SUITE.py:130: AssertionError
=========================== short test summary info ============================
FAILED WHOLE_SUITE/test_linkedList2_WHOLE_SUITE.py::test_case_1 - AttributeEr...
FAILED WHOLE_SUITE/test_linkedList2_WHOLE_SUITE.py::test_case_10 - assert Fal...
========================= 2 failed, 9 passed in 0.34s ==========================
</pre></div></div></div></div></div><div class="mb-1" id="job_list___sub_accordion_20"><div class="card"><a data-toggle="collapse" data-target="#job_list___sub_collapse_20_1" aria-expanded="false" aria-controls="job_list___sub_collapse_20_1" href="#" class="job_list___sub_multi_heading"><div role="alert" class="card-header alert-success" id="job_list___sub_heading_20_1"><button class="btn btn-outline-success"><span class="job_id">20 : Job ID 45f418a916a44c16a6e7bf0bfe65cf22</span></button></div></a><div aria-labelledby="job_list___sub_heading_20_1" data-parent="#job_list___sub_accordion_20" class="collapse job_list___sub_multi_collapse" id="job_list___sub_collapse_20_1"><div class="card-body"><div class="work-item"><div class="alert alert-success test-outcome" role="alert"><p>worker outcome: normal</p><p>test outcome: killed</p></div></div><pre class="location"><a href="pycharm://open?file=linkedList2.py&amp;line=60" class="text-secondary"><button class="btn btn-outline-dark">linkedList2.py, start pos: (60, 16), end pos: (60, 18)</button></a></pre><pre>operator: core/ReplaceComparisonOperator_NotEq_Is, occurrence: 3</pre><div class="alert alert-secondary"><pre class="diff">--- mutation diff ---
--- alinkedList2.py
+++ blinkedList2.py
@@ -57,7 +57,7 @@
     def __iter__(self):
         """Iterator of values in the list."""
         n = self.head
-        while n != None:
+        while n is None:
             yield n.value
             n = n.next
         </pre></div><div class="alert alert-secondary"><pre class="diff">============================= test session starts ==============================
platform linux -- Python 3.10.10, pytest-7.2.1, pluggy-1.0.0
rootdir: /home/auri/temp/lucca/python_experiments/linkedList2
collected 11 items

WHOLE_SUITE/test_linkedList2_WHOLE_SUITE.py ....F.F..F.                  [100%]

=================================== FAILURES ===================================
_________________________________ test_case_4 __________________________________

    def test_case_4():
        bool_0 = False
        bytes_0 = b'\x14\x0f\xf4'
        list_0 = [bytes_0, bytes_0, bytes_0, bool_0]
        linked_list_0 = module_0.LinkedList(*list_0)
        assert len(linked_list_0) == 4
        var_0 = linked_list_0.__repr__()
&gt;       assert var_0 == "link:[False,b'\\x14\\x0f\\xf4',b'\\x14\\x0f\\xf4',b'\\x14\\x0f\\xf4']"
E       assert 'link:[]' == "link:[False,...4\\x0f\\xf4']"
E         - link:[False,b'\x14\x0f\xf4',b'\x14\x0f\xf4',b'\x14\x0f\xf4']
E         + link:[]

WHOLE_SUITE/test_linkedList2_WHOLE_SUITE.py:65: AssertionError
_________________________________ test_case_6 __________________________________

    def test_case_6():
        linked_list_0 = module_0.LinkedList()
        assert len(linked_list_0) == 0
        var_0 = linked_list_0.__iter__()
        var_1 = linked_list_0.__len__()
        assert var_1 == 0
&gt;       linked_list_1 = module_0.LinkedList(*linked_list_0)

WHOLE_SUITE/test_linkedList2_WHOLE_SUITE.py:87: 
_ _ _ _ _ _ _ _ _ _ _ _ _ _ _ _ _ _ _ _ _ _ _ _ _ _ _ _ _ _ _ _ _ _ _ _ _ _ _ _ 

self = link:[]

    def __iter__(self):
        """Iterator of values in the list."""
        n = self.head
        while n is None:
&gt;           yield n.value
E           AttributeError: 'NoneType' object has no attribute 'value'

linkedList2.py:61: AttributeError
_________________________________ test_case_9 __________________________________

    def test_case_9():
        linked_list_0 = module_0.LinkedList()
        assert len(linked_list_0) == 0
&gt;       linked_list_1 = module_0.LinkedList(*linked_list_0)

WHOLE_SUITE/test_linkedList2_WHOLE_SUITE.py:105: 
_ _ _ _ _ _ _ _ _ _ _ _ _ _ _ _ _ _ _ _ _ _ _ _ _ _ _ _ _ _ _ _ _ _ _ _ _ _ _ _ 

self = link:[]

    def __iter__(self):
        """Iterator of values in the list."""
        n = self.head
        while n is None:
&gt;           yield n.value
E           AttributeError: 'NoneType' object has no attribute 'value'

linkedList2.py:61: AttributeError
=========================== short test summary info ============================
FAILED WHOLE_SUITE/test_linkedList2_WHOLE_SUITE.py::test_case_4 - assert 'lin...
FAILED WHOLE_SUITE/test_linkedList2_WHOLE_SUITE.py::test_case_6 - AttributeEr...
FAILED WHOLE_SUITE/test_linkedList2_WHOLE_SUITE.py::test_case_9 - AttributeEr...
========================= 3 failed, 8 passed in 0.27s ==========================
</pre></div></div></div></div></div><div class="mb-1" id="job_list___sub_accordion_21"><div class="card"><a data-toggle="collapse" data-target="#job_list___sub_collapse_21_1" aria-expanded="false" aria-controls="job_list___sub_collapse_21_1" href="#" class="job_list___sub_multi_heading"><div role="alert" class="card-header alert-success" id="job_list___sub_heading_21_1"><button class="btn btn-outline-success"><span class="job_id">21 : Job ID 94c5bebfd19a4a91ab3ca269a352e4b0</span></button></div></a><div aria-labelledby="job_list___sub_heading_21_1" data-parent="#job_list___sub_accordion_21" class="collapse job_list___sub_multi_collapse" id="job_list___sub_collapse_21_1"><div class="card-body"><div class="work-item"><div class="alert alert-success test-outcome" role="alert"><p>worker outcome: normal</p><p>test outcome: killed</p></div></div><pre class="location"><a href="pycharm://open?file=linkedList2.py&amp;line=75" class="text-secondary"><button class="btn btn-outline-dark">linkedList2.py, start pos: (75, 16), end pos: (75, 18)</button></a></pre><pre>operator: core/ReplaceComparisonOperator_NotEq_Is, occurrence: 4</pre><div class="alert alert-secondary"><pre class="diff">--- mutation diff ---
--- alinkedList2.py
+++ blinkedList2.py
@@ -72,7 +72,7 @@
         """Count values in list."""
         n = self.head
         count = 0
-        while n != None:
+        while n is None:
             count += 1
             n = n.next
         return count</pre></div><div class="alert alert-secondary"><pre class="diff">============================= test session starts ==============================
platform linux -- Python 3.10.10, pytest-7.2.1, pluggy-1.0.0
rootdir: /home/auri/temp/lucca/python_experiments/linkedList2
collected 11 items

WHOLE_SUITE/test_linkedList2_WHOLE_SUITE.py .FFFFFFFFFF                  [100%]

=================================== FAILURES ===================================
_________________________________ test_case_1 __________________________________

    def test_case_1():
        tuple_0 = ()
        linked_node_0 = module_0.LinkedNode(tuple_0)
        set_0 = set()
        list_0 = []
        var_0 = linked_node_0.checkInfinite()
        assert var_0 is False
        var_1 = var_0.__repr__()
        linked_list_0 = module_0.LinkedList(*list_0)
&gt;       assert len(linked_list_0) == 0

WHOLE_SUITE/test_linkedList2_WHOLE_SUITE.py:20: 
_ _ _ _ _ _ _ _ _ _ _ _ _ _ _ _ _ _ _ _ _ _ _ _ _ _ _ _ _ _ _ _ _ _ _ _ _ _ _ _ 

self = link:[]

    def __len__(self):
        """Count values in list."""
        n = self.head
        count = 0
        while n is None:
            count += 1
&gt;           n = n.next
E           AttributeError: 'NoneType' object has no attribute 'next'

linkedList2.py:77: AttributeError
_________________________________ test_case_2 __________________________________

    def test_case_2():
        linked_list_0 = module_0.LinkedList()
&gt;       assert len(linked_list_0) == 0

WHOLE_SUITE/test_linkedList2_WHOLE_SUITE.py:38: 
_ _ _ _ _ _ _ _ _ _ _ _ _ _ _ _ _ _ _ _ _ _ _ _ _ _ _ _ _ _ _ _ _ _ _ _ _ _ _ _ 

self = link:[]

    def __len__(self):
        """Count values in list."""
        n = self.head
        count = 0
        while n is None:
            count += 1
&gt;           n = n.next
E           AttributeError: 'NoneType' object has no attribute 'next'

linkedList2.py:77: AttributeError
_________________________________ test_case_3 __________________________________

    def test_case_3():
        linked_list_0 = module_0.LinkedList()
&gt;       assert len(linked_list_0) == 0

WHOLE_SUITE/test_linkedList2_WHOLE_SUITE.py:51: 
_ _ _ _ _ _ _ _ _ _ _ _ _ _ _ _ _ _ _ _ _ _ _ _ _ _ _ _ _ _ _ _ _ _ _ _ _ _ _ _ 

self = link:[]

    def __len__(self):
        """Count values in list."""
        n = self.head
        count = 0
        while n is None:
            count += 1
&gt;           n = n.next
E           AttributeError: 'NoneType' object has no attribute 'next'

linkedList2.py:77: AttributeError
_________________________________ test_case_4 __________________________________

    def test_case_4():
        bool_0 = False
        bytes_0 = b'\x14\x0f\xf4'
        list_0 = [bytes_0, bytes_0, bytes_0, bool_0]
        linked_list_0 = module_0.LinkedList(*list_0)
&gt;       assert len(linked_list_0) == 4
E       AssertionError: assert 0 == 4
E        +  where 0 = len(link:[False,b'\x14\x0f\xf4',b'\x14\x0f\xf4',b'\x14\x0f\xf4'])

WHOLE_SUITE/test_linkedList2_WHOLE_SUITE.py:63: AssertionError
_________________________________ test_case_5 __________________________________

    def test_case_5():
        linked_list_0 = module_0.LinkedList()
&gt;       assert len(linked_list_0) == 0

WHOLE_SUITE/test_linkedList2_WHOLE_SUITE.py:73: 
_ _ _ _ _ _ _ _ _ _ _ _ _ _ _ _ _ _ _ _ _ _ _ _ _ _ _ _ _ _ _ _ _ _ _ _ _ _ _ _ 

self = link:[]

    def __len__(self):
        """Count values in list."""
        n = self.head
        count = 0
        while n is None:
            count += 1
&gt;           n = n.next
E           AttributeError: 'NoneType' object has no attribute 'next'

linkedList2.py:77: AttributeError
_________________________________ test_case_6 __________________________________

    def test_case_6():
        linked_list_0 = module_0.LinkedList()
&gt;       assert len(linked_list_0) == 0

WHOLE_SUITE/test_linkedList2_WHOLE_SUITE.py:83: 
_ _ _ _ _ _ _ _ _ _ _ _ _ _ _ _ _ _ _ _ _ _ _ _ _ _ _ _ _ _ _ _ _ _ _ _ _ _ _ _ 

self = link:[]

    def __len__(self):
        """Count values in list."""
        n = self.head
        count = 0
        while n is None:
            count += 1
&gt;           n = n.next
E           AttributeError: 'NoneType' object has no attribute 'next'

linkedList2.py:77: AttributeError
_________________________________ test_case_7 __________________________________

    def test_case_7():
        linked_list_0 = module_0.LinkedList()
&gt;       assert len(linked_list_0) == 0

WHOLE_SUITE/test_linkedList2_WHOLE_SUITE.py:93: 
_ _ _ _ _ _ _ _ _ _ _ _ _ _ _ _ _ _ _ _ _ _ _ _ _ _ _ _ _ _ _ _ _ _ _ _ _ _ _ _ 

self = link:[]

    def __len__(self):
        """Count values in list."""
        n = self.head
        count = 0
        while n is None:
            count += 1
&gt;           n = n.next
E           AttributeError: 'NoneType' object has no attribute 'next'

linkedList2.py:77: AttributeError
_________________________________ test_case_8 __________________________________

    def test_case_8():
        bool_0 = True
        linked_list_0 = module_0.LinkedList()
&gt;       assert len(linked_list_0) == 0

WHOLE_SUITE/test_linkedList2_WHOLE_SUITE.py:98: 
_ _ _ _ _ _ _ _ _ _ _ _ _ _ _ _ _ _ _ _ _ _ _ _ _ _ _ _ _ _ _ _ _ _ _ _ _ _ _ _ 

self = link:[]

    def __len__(self):
        """Count values in list."""
        n = self.head
        count = 0
        while n is None:
            count += 1
&gt;           n = n.next
E           AttributeError: 'NoneType' object has no attribute 'next'

linkedList2.py:77: AttributeError
_________________________________ test_case_9 __________________________________

    def test_case_9():
        linked_list_0 = module_0.LinkedList()
&gt;       assert len(linked_list_0) == 0

WHOLE_SUITE/test_linkedList2_WHOLE_SUITE.py:104: 
_ _ _ _ _ _ _ _ _ _ _ _ _ _ _ _ _ _ _ _ _ _ _ _ _ _ _ _ _ _ _ _ _ _ _ _ _ _ _ _ 

self = link:[]

    def __len__(self):
        """Count values in list."""
        n = self.head
        count = 0
        while n is None:
            count += 1
&gt;           n = n.next
E           AttributeError: 'NoneType' object has no attribute 'next'

linkedList2.py:77: AttributeError
_________________________________ test_case_10 _________________________________

    def test_case_10():
        float_0 = 1448.9429
        list_0 = [float_0, float_0, float_0]
        linked_list_0 = module_0.LinkedList(*list_0)
&gt;       assert len(linked_list_0) == 3
E       assert 0 == 3
E        +  where 0 = len(link:[1448.9429,1448.9429,1448.9429])

WHOLE_SUITE/test_linkedList2_WHOLE_SUITE.py:117: AssertionError
=========================== short test summary info ============================
FAILED WHOLE_SUITE/test_linkedList2_WHOLE_SUITE.py::test_case_1 - AttributeEr...
FAILED WHOLE_SUITE/test_linkedList2_WHOLE_SUITE.py::test_case_2 - AttributeEr...
FAILED WHOLE_SUITE/test_linkedList2_WHOLE_SUITE.py::test_case_3 - AttributeEr...
FAILED WHOLE_SUITE/test_linkedList2_WHOLE_SUITE.py::test_case_4 - AssertionEr...
FAILED WHOLE_SUITE/test_linkedList2_WHOLE_SUITE.py::test_case_5 - AttributeEr...
FAILED WHOLE_SUITE/test_linkedList2_WHOLE_SUITE.py::test_case_6 - AttributeEr...
FAILED WHOLE_SUITE/test_linkedList2_WHOLE_SUITE.py::test_case_7 - AttributeEr...
FAILED WHOLE_SUITE/test_linkedList2_WHOLE_SUITE.py::test_case_8 - AttributeEr...
FAILED WHOLE_SUITE/test_linkedList2_WHOLE_SUITE.py::test_case_9 - AttributeEr...
FAILED WHOLE_SUITE/test_linkedList2_WHOLE_SUITE.py::test_case_10 - assert 0 == 3
========================= 10 failed, 1 passed in 0.50s =========================
</pre></div></div></div></div></div><div class="mb-1" id="job_list___sub_accordion_22"><div class="card"><a data-toggle="collapse" data-target="#job_list___sub_collapse_22_1" aria-expanded="false" aria-controls="job_list___sub_collapse_22_1" href="#" class="job_list___sub_multi_heading"><div role="alert" class="card-header alert-success" id="job_list___sub_heading_22_1"><button class="btn btn-outline-success"><span class="job_id">22 : Job ID 26fce8c36ada4f2f9e7f239b1bacb403</span></button></div></a><div aria-labelledby="job_list___sub_heading_22_1" data-parent="#job_list___sub_accordion_22" class="collapse job_list___sub_multi_collapse" id="job_list___sub_collapse_22_1"><div class="card-body"><div class="work-item"><div class="alert alert-success test-outcome" role="alert"><p>worker outcome: normal</p><p>test outcome: killed</p></div></div><pre class="location"><a href="pycharm://open?file=linkedList2.py&amp;line=37" class="text-secondary"><button class="btn btn-outline-dark">linkedList2.py, start pos: (37, 21), end pos: (37, 23)</button></a></pre><pre>operator: core/ReplaceComparisonOperator_Is_IsNot, occurrence: 0</pre><div class="alert alert-secondary"><pre class="diff">--- mutation diff ---
--- alinkedList2.py
+++ blinkedList2.py
@@ -34,7 +34,7 @@
 
     def pop(self):
         """Remove first value in list."""
-        if self.head is None:
+        if self.head is not None:
             raise Exception ("Linked list is empty.")
         val = self.head.value
         self.head = self.head.next</pre></div><div class="alert alert-secondary"><pre class="diff">============================= test session starts ==============================
platform linux -- Python 3.10.10, pytest-7.2.1, pluggy-1.0.0
rootdir: /home/auri/temp/lucca/python_experiments/linkedList2
collected 11 items

WHOLE_SUITE/test_linkedList2_WHOLE_SUITE.py ..........F                  [100%]

=================================== FAILURES ===================================
_________________________________ test_case_10 _________________________________

    def test_case_10():
        float_0 = 1448.9429
        list_0 = [float_0, float_0, float_0]
        linked_list_0 = module_0.LinkedList(*list_0)
        assert len(linked_list_0) == 3
        list_1 = []
        linked_list_1 = module_0.LinkedList(*list_1)
        assert len(linked_list_1) == 0
        var_0 = linked_list_1.__repr__()
        assert var_0 == 'link:[]'
&gt;       var_1 = linked_list_0.pop()

WHOLE_SUITE/test_linkedList2_WHOLE_SUITE.py:123: 
_ _ _ _ _ _ _ _ _ _ _ _ _ _ _ _ _ _ _ _ _ _ _ _ _ _ _ _ _ _ _ _ _ _ _ _ _ _ _ _ 

self = link:[1448.9429,1448.9429,1448.9429]

    def pop(self):
        """Remove first value in list."""
        if self.head is not None:
&gt;           raise Exception ("Linked list is empty.")
E           Exception: Linked list is empty.

linkedList2.py:38: Exception
=========================== short test summary info ============================
FAILED WHOLE_SUITE/test_linkedList2_WHOLE_SUITE.py::test_case_10 - Exception:...
========================= 1 failed, 10 passed in 0.15s =========================
</pre></div></div></div></div></div><div class="mb-1" id="job_list___sub_accordion_23"><div class="card"><a data-toggle="collapse" data-target="#job_list___sub_collapse_23_1" aria-expanded="false" aria-controls="job_list___sub_collapse_23_1" href="#" class="job_list___sub_multi_heading"><div role="alert" class="card-header alert-success" id="job_list___sub_heading_23_1"><button class="btn btn-outline-success"><span class="job_id">23 : Job ID 816a5d8ba2da41b9b500a292d8b01b97</span></button></div></a><div aria-labelledby="job_list___sub_heading_23_1" data-parent="#job_list___sub_accordion_23" class="collapse job_list___sub_multi_collapse" id="job_list___sub_collapse_23_1"><div class="card-body"><div class="work-item"><div class="alert alert-success test-outcome" role="alert"><p>worker outcome: normal</p><p>test outcome: killed</p></div></div><pre class="location"><a href="pycharm://open?file=linkedList2.py&amp;line=66" class="text-secondary"><button class="btn btn-outline-dark">linkedList2.py, start pos: (66, 21), end pos: (66, 23)</button></a></pre><pre>operator: core/ReplaceComparisonOperator_Is_IsNot, occurrence: 1</pre><div class="alert alert-secondary"><pre class="diff">--- mutation diff ---
--- alinkedList2.py
+++ blinkedList2.py
@@ -63,7 +63,7 @@
         
     def __repr__(self):
         """String representation of linked list."""
-        if self.head is None:
+        if self.head is not None:
             return 'link:[]'
 
         return 'link:[{0:s}]'.format(','.join(map(str,self)))</pre></div><div class="alert alert-secondary"><pre class="diff">============================= test session starts ==============================
platform linux -- Python 3.10.10, pytest-7.2.1, pluggy-1.0.0
rootdir: /home/auri/temp/lucca/python_experiments/linkedList2
collected 11 items

WHOLE_SUITE/test_linkedList2_WHOLE_SUITE.py ....F......                  [100%]

=================================== FAILURES ===================================
_________________________________ test_case_4 __________________________________

    def test_case_4():
        bool_0 = False
        bytes_0 = b'\x14\x0f\xf4'
        list_0 = [bytes_0, bytes_0, bytes_0, bool_0]
        linked_list_0 = module_0.LinkedList(*list_0)
        assert len(linked_list_0) == 4
        var_0 = linked_list_0.__repr__()
&gt;       assert var_0 == "link:[False,b'\\x14\\x0f\\xf4',b'\\x14\\x0f\\xf4',b'\\x14\\x0f\\xf4']"
E       assert 'link:[]' == "link:[False,...4\\x0f\\xf4']"
E         - link:[False,b'\x14\x0f\xf4',b'\x14\x0f\xf4',b'\x14\x0f\xf4']
E         + link:[]

WHOLE_SUITE/test_linkedList2_WHOLE_SUITE.py:65: AssertionError
=========================== short test summary info ============================
FAILED WHOLE_SUITE/test_linkedList2_WHOLE_SUITE.py::test_case_4 - assert 'lin...
========================= 1 failed, 10 passed in 0.28s =========================
</pre></div></div></div></div></div><div class="mb-1" id="job_list___sub_accordion_24"><div class="card"><a data-toggle="collapse" data-target="#job_list___sub_collapse_24_1" aria-expanded="false" aria-controls="job_list___sub_collapse_24_1" href="#" class="job_list___sub_multi_heading"><div role="alert" class="card-header alert-danger" id="job_list___sub_heading_24_1"><button class="btn btn-outline-danger"><span class="job_id">24 : Job ID b697cdc251184bc4917d64e076669035</span></button></div></a><div aria-labelledby="job_list___sub_heading_24_1" data-parent="#job_list___sub_accordion_24" class="collapse job_list___sub_multi_collapse" id="job_list___sub_collapse_24_1"><div class="card-body"><div class="work-item"><div class="alert alert-danger test-outcome" role="alert"><p>SURVIVED</p><p>worker outcome: normal</p><p>test outcome: survived</p></div></div><pre class="location"><a href="pycharm://open?file=linkedList2.py&amp;line=15" class="text-secondary"><button class="btn btn-outline-dark">linkedList2.py, start pos: (15, 14), end pos: (15, 39)</button></a></pre><pre>operator: core/AddNot, occurrence: 0</pre><div class="alert alert-secondary"><pre class="diff">--- mutation diff ---
--- alinkedList2.py
+++ blinkedList2.py
@@ -12,7 +12,7 @@
     def checkInfinite(self):
         """Check whether infinite loop via next."""
         p1 = p2 = self
-        while p1 != None and p2 != None:
+        while not p1 != None and p2 != None:
             if p2.next == None: return False
 
             p1 = p1.next</pre></div><div class="alert alert-secondary"><pre class="diff">============================= test session starts ==============================
platform linux -- Python 3.10.10, pytest-7.2.1, pluggy-1.0.0
rootdir: /home/auri/temp/lucca/python_experiments/linkedList2
collected 11 items

WHOLE_SUITE/test_linkedList2_WHOLE_SUITE.py ...........                  [100%]

============================== 11 passed in 0.09s ==============================
</pre></div></div></div></div></div><div class="mb-1" id="job_list___sub_accordion_25"><div class="card"><a data-toggle="collapse" data-target="#job_list___sub_collapse_25_1" aria-expanded="false" aria-controls="job_list___sub_collapse_25_1" href="#" class="job_list___sub_multi_heading"><div role="alert" class="card-header alert-success" id="job_list___sub_heading_25_1"><button class="btn btn-outline-success"><span class="job_id">25 : Job ID b54879b845f04d2fbfe67482168116db</span></button></div></a><div aria-labelledby="job_list___sub_heading_25_1" data-parent="#job_list___sub_accordion_25" class="collapse job_list___sub_multi_collapse" id="job_list___sub_collapse_25_1"><div class="card-body"><div class="work-item"><div class="alert alert-success test-outcome" role="alert"><p>worker outcome: normal</p><p>test outcome: killed</p></div></div><pre class="location"><a href="pycharm://open?file=linkedList2.py&amp;line=16" class="text-secondary"><button class="btn btn-outline-dark">linkedList2.py, start pos: (16, 15), end pos: (16, 30)</button></a></pre><pre>operator: core/AddNot, occurrence: 1</pre><div class="alert alert-secondary"><pre class="diff">--- mutation diff ---
--- alinkedList2.py
+++ blinkedList2.py
@@ -13,7 +13,7 @@
         """Check whether infinite loop via next."""
         p1 = p2 = self
         while p1 != None and p2 != None:
-            if p2.next == None: return False
+            if not p2.next == None: return False
 
             p1 = p1.next
             p2 = p2.next.next</pre></div><div class="alert alert-secondary"><pre class="diff">============================= test session starts ==============================
platform linux -- Python 3.10.10, pytest-7.2.1, pluggy-1.0.0
rootdir: /home/auri/temp/lucca/python_experiments/linkedList2
collected 11 items

WHOLE_SUITE/test_linkedList2_WHOLE_SUITE.py .FF........                  [100%]

=================================== FAILURES ===================================
_________________________________ test_case_1 __________________________________

    def test_case_1():
        tuple_0 = ()
        linked_node_0 = module_0.LinkedNode(tuple_0)
        set_0 = set()
        list_0 = []
&gt;       var_0 = linked_node_0.checkInfinite()

WHOLE_SUITE/test_linkedList2_WHOLE_SUITE.py:16: 
_ _ _ _ _ _ _ _ _ _ _ _ _ _ _ _ _ _ _ _ _ _ _ _ _ _ _ _ _ _ _ _ _ _ _ _ _ _ _ _ 

self = &lt;linkedList2.LinkedNode object at 0x7f5c1f700340&gt;

    def checkInfinite(self):
        """Check whether infinite loop via next."""
        p1 = p2 = self
        while p1 != None and p2 != None:
            if not p2.next == None: return False
    
            p1 = p1.next
&gt;           p2 = p2.next.next
E           AttributeError: 'NoneType' object has no attribute 'next'

linkedList2.py:19: AttributeError
_________________________________ test_case_2 __________________________________

    def test_case_2():
        linked_list_0 = module_0.LinkedList()
        assert len(linked_list_0) == 0
        linked_node_0 = module_0.LinkedNode(linked_list_0)
        assert len(linked_node_0.value) == 0
        linked_node_1 = module_0.LinkedNode(linked_list_0, linked_node_0)
        assert len(linked_node_1.value) == 0
        var_0 = linked_node_1.checkInfinite()
        assert var_0 is False
        object_0 = module_1.object()
&gt;       var_1 = linked_node_0.checkInfinite()

WHOLE_SUITE/test_linkedList2_WHOLE_SUITE.py:46: 
_ _ _ _ _ _ _ _ _ _ _ _ _ _ _ _ _ _ _ _ _ _ _ _ _ _ _ _ _ _ _ _ _ _ _ _ _ _ _ _ 

self = &lt;linkedList2.LinkedNode object at 0x7f5c1f6bfd90&gt;

    def checkInfinite(self):
        """Check whether infinite loop via next."""
        p1 = p2 = self
        while p1 != None and p2 != None:
            if not p2.next == None: return False
    
            p1 = p1.next
&gt;           p2 = p2.next.next
E           AttributeError: 'NoneType' object has no attribute 'next'

linkedList2.py:19: AttributeError
=========================== short test summary info ============================
FAILED WHOLE_SUITE/test_linkedList2_WHOLE_SUITE.py::test_case_1 - AttributeEr...
FAILED WHOLE_SUITE/test_linkedList2_WHOLE_SUITE.py::test_case_2 - AttributeEr...
========================= 2 failed, 9 passed in 0.31s ==========================
</pre></div></div></div></div></div><div class="mb-1" id="job_list___sub_accordion_26"><div class="card"><a data-toggle="collapse" data-target="#job_list___sub_collapse_26_1" aria-expanded="false" aria-controls="job_list___sub_collapse_26_1" href="#" class="job_list___sub_multi_heading"><div role="alert" class="card-header alert-success" id="job_list___sub_heading_26_1"><button class="btn btn-outline-success"><span class="job_id">26 : Job ID bd71e670a08049e4872360850c55d81d</span></button></div></a><div aria-labelledby="job_list___sub_heading_26_1" data-parent="#job_list___sub_accordion_26" class="collapse job_list___sub_multi_collapse" id="job_list___sub_collapse_26_1"><div class="card-body"><div class="work-item"><div class="alert alert-success test-outcome" role="alert"><p>worker outcome: normal</p><p>test outcome: killed</p></div></div><pre class="location"><a href="pycharm://open?file=linkedList2.py&amp;line=21" class="text-secondary"><button class="btn btn-outline-dark">linkedList2.py, start pos: (21, 15), end pos: (21, 23)</button></a></pre><pre>operator: core/AddNot, occurrence: 2</pre><div class="alert alert-secondary"><pre class="diff">--- mutation diff ---
--- alinkedList2.py
+++ blinkedList2.py
@@ -18,7 +18,7 @@
             p1 = p1.next
             p2 = p2.next.next
             
-            if p1 == p2: return True
+            if not p1 == p2: return True
         return False
 
 class LinkedList:</pre></div><div class="alert alert-secondary"><pre class="diff">============================= test session starts ==============================
platform linux -- Python 3.10.10, pytest-7.2.1, pluggy-1.0.0
rootdir: /home/auri/temp/lucca/python_experiments/linkedList2
collected 11 items

WHOLE_SUITE/test_linkedList2_WHOLE_SUITE.py ..F........                  [100%]

=================================== FAILURES ===================================
_________________________________ test_case_2 __________________________________

    def test_case_2():
        linked_list_0 = module_0.LinkedList()
        assert len(linked_list_0) == 0
        linked_node_0 = module_0.LinkedNode(linked_list_0)
        assert len(linked_node_0.value) == 0
        linked_node_1 = module_0.LinkedNode(linked_list_0, linked_node_0)
        assert len(linked_node_1.value) == 0
        var_0 = linked_node_1.checkInfinite()
&gt;       assert var_0 is False
E       assert True is False

WHOLE_SUITE/test_linkedList2_WHOLE_SUITE.py:44: AssertionError
=========================== short test summary info ============================
FAILED WHOLE_SUITE/test_linkedList2_WHOLE_SUITE.py::test_case_2 - assert True...
========================= 1 failed, 10 passed in 0.18s =========================
</pre></div></div></div></div></div><div class="mb-1" id="job_list___sub_accordion_27"><div class="card"><a data-toggle="collapse" data-target="#job_list___sub_collapse_27_1" aria-expanded="false" aria-controls="job_list___sub_collapse_27_1" href="#" class="job_list___sub_multi_heading"><div role="alert" class="card-header alert-success" id="job_list___sub_heading_27_1"><button class="btn btn-outline-success"><span class="job_id">27 : Job ID bc4ba086adc8447088a1a06386a5cb60</span></button></div></a><div aria-labelledby="job_list___sub_heading_27_1" data-parent="#job_list___sub_accordion_27" class="collapse job_list___sub_multi_collapse" id="job_list___sub_collapse_27_1"><div class="card-body"><div class="work-item"><div class="alert alert-success test-outcome" role="alert"><p>worker outcome: normal</p><p>test outcome: killed</p></div></div><pre class="location"><a href="pycharm://open?file=linkedList2.py&amp;line=37" class="text-secondary"><button class="btn btn-outline-dark">linkedList2.py, start pos: (37, 11), end pos: (37, 28)</button></a></pre><pre>operator: core/AddNot, occurrence: 3</pre><div class="alert alert-secondary"><pre class="diff">--- mutation diff ---
--- alinkedList2.py
+++ blinkedList2.py
@@ -34,7 +34,7 @@
 
     def pop(self):
         """Remove first value in list."""
-        if self.head is None:
+        if not self.head is None:
             raise Exception ("Linked list is empty.")
         val = self.head.value
         self.head = self.head.next</pre></div><div class="alert alert-secondary"><pre class="diff">============================= test session starts ==============================
platform linux -- Python 3.10.10, pytest-7.2.1, pluggy-1.0.0
rootdir: /home/auri/temp/lucca/python_experiments/linkedList2
collected 11 items

WHOLE_SUITE/test_linkedList2_WHOLE_SUITE.py ..........F                  [100%]

=================================== FAILURES ===================================
_________________________________ test_case_10 _________________________________

    def test_case_10():
        float_0 = 1448.9429
        list_0 = [float_0, float_0, float_0]
        linked_list_0 = module_0.LinkedList(*list_0)
        assert len(linked_list_0) == 3
        list_1 = []
        linked_list_1 = module_0.LinkedList(*list_1)
        assert len(linked_list_1) == 0
        var_0 = linked_list_1.__repr__()
        assert var_0 == 'link:[]'
&gt;       var_1 = linked_list_0.pop()

WHOLE_SUITE/test_linkedList2_WHOLE_SUITE.py:123: 
_ _ _ _ _ _ _ _ _ _ _ _ _ _ _ _ _ _ _ _ _ _ _ _ _ _ _ _ _ _ _ _ _ _ _ _ _ _ _ _ 

self = link:[1448.9429,1448.9429,1448.9429]

    def pop(self):
        """Remove first value in list."""
        if not self.head is None:
&gt;           raise Exception ("Linked list is empty.")
E           Exception: Linked list is empty.

linkedList2.py:38: Exception
=========================== short test summary info ============================
FAILED WHOLE_SUITE/test_linkedList2_WHOLE_SUITE.py::test_case_10 - Exception:...
========================= 1 failed, 10 passed in 0.25s =========================
</pre></div></div></div></div></div><div class="mb-1" id="job_list___sub_accordion_28"><div class="card"><a data-toggle="collapse" data-target="#job_list___sub_collapse_28_1" aria-expanded="false" aria-controls="job_list___sub_collapse_28_1" href="#" class="job_list___sub_multi_heading"><div role="alert" class="card-header alert-success" id="job_list___sub_heading_28_1"><button class="btn btn-outline-success"><span class="job_id">28 : Job ID 75ecff4bcb8c4834995e03c8a6575137</span></button></div></a><div aria-labelledby="job_list___sub_heading_28_1" data-parent="#job_list___sub_accordion_28" class="collapse job_list___sub_multi_collapse" id="job_list___sub_collapse_28_1"><div class="card-body"><div class="work-item"><div class="alert alert-success test-outcome" role="alert"><p>worker outcome: normal</p><p>test outcome: killed</p></div></div><pre class="location"><a href="pycharm://open?file=linkedList2.py&amp;line=47" class="text-secondary"><button class="btn btn-outline-dark">linkedList2.py, start pos: (47, 14), end pos: (47, 23)</button></a></pre><pre>operator: core/AddNot, occurrence: 4</pre><div class="alert alert-secondary"><pre class="diff">--- mutation diff ---
--- alinkedList2.py
+++ blinkedList2.py
@@ -44,7 +44,7 @@
         """Remove value from list."""
         n = self.head
         last = None
-        while n != None:
+        while not n != None:
             if n.value == value:
                 if last == None:
                     self.head = self.head.next</pre></div><div class="alert alert-secondary"><pre class="diff">============================= test session starts ==============================
platform linux -- Python 3.10.10, pytest-7.2.1, pluggy-1.0.0
rootdir: /home/auri/temp/lucca/python_experiments/linkedList2
collected 11 items

WHOLE_SUITE/test_linkedList2_WHOLE_SUITE.py .F........F                  [100%]

=================================== FAILURES ===================================
_________________________________ test_case_1 __________________________________

    def test_case_1():
        tuple_0 = ()
        linked_node_0 = module_0.LinkedNode(tuple_0)
        set_0 = set()
        list_0 = []
        var_0 = linked_node_0.checkInfinite()
        assert var_0 is False
        var_1 = var_0.__repr__()
        linked_list_0 = module_0.LinkedList(*list_0)
        assert len(linked_list_0) == 0
&gt;       var_2 = linked_list_0.remove(set_0)

WHOLE_SUITE/test_linkedList2_WHOLE_SUITE.py:21: 
_ _ _ _ _ _ _ _ _ _ _ _ _ _ _ _ _ _ _ _ _ _ _ _ _ _ _ _ _ _ _ _ _ _ _ _ _ _ _ _ 

self = link:[], value = set()

    def remove(self, value):
        """Remove value from list."""
        n = self.head
        last = None
        while not n != None:
&gt;           if n.value == value:
E           AttributeError: 'NoneType' object has no attribute 'value'

linkedList2.py:48: AttributeError
_________________________________ test_case_10 _________________________________

    def test_case_10():
        float_0 = 1448.9429
        list_0 = [float_0, float_0, float_0]
        linked_list_0 = module_0.LinkedList(*list_0)
        assert len(linked_list_0) == 3
        list_1 = []
        linked_list_1 = module_0.LinkedList(*list_1)
        assert len(linked_list_1) == 0
        var_0 = linked_list_1.__repr__()
        assert var_0 == 'link:[]'
        var_1 = linked_list_0.pop()
        assert var_1 == pytest.approx(1448.9429, abs=0.01, rel=0.01)
        assert len(linked_list_0) == 2
        var_2 = linked_list_1.__repr__()
        assert var_2 == 'link:[]'
        var_3 = var_2.__iter__()
        var_4 = linked_list_0.remove(float_0)
&gt;       assert var_4 is True
E       assert False is True

WHOLE_SUITE/test_linkedList2_WHOLE_SUITE.py:130: AssertionError
=========================== short test summary info ============================
FAILED WHOLE_SUITE/test_linkedList2_WHOLE_SUITE.py::test_case_1 - AttributeEr...
FAILED WHOLE_SUITE/test_linkedList2_WHOLE_SUITE.py::test_case_10 - assert Fal...
========================= 2 failed, 9 passed in 0.21s ==========================
</pre></div></div></div></div></div><div class="mb-1" id="job_list___sub_accordion_29"><div class="card"><a data-toggle="collapse" data-target="#job_list___sub_collapse_29_1" aria-expanded="false" aria-controls="job_list___sub_collapse_29_1" href="#" class="job_list___sub_multi_heading"><div role="alert" class="card-header alert-success" id="job_list___sub_heading_29_1"><button class="btn btn-outline-success"><span class="job_id">29 : Job ID ca174465df244f24b1656697c6f0103e</span></button></div></a><div aria-labelledby="job_list___sub_heading_29_1" data-parent="#job_list___sub_accordion_29" class="collapse job_list___sub_multi_collapse" id="job_list___sub_collapse_29_1"><div class="card-body"><div class="work-item"><div class="alert alert-success test-outcome" role="alert"><p>worker outcome: normal</p><p>test outcome: killed</p></div></div><pre class="location"><a href="pycharm://open?file=linkedList2.py&amp;line=48" class="text-secondary"><button class="btn btn-outline-dark">linkedList2.py, start pos: (48, 15), end pos: (48, 31)</button></a></pre><pre>operator: core/AddNot, occurrence: 5</pre><div class="alert alert-secondary"><pre class="diff">--- mutation diff ---
--- alinkedList2.py
+++ blinkedList2.py
@@ -45,7 +45,7 @@
         n = self.head
         last = None
         while n != None:
-            if n.value == value:
+            if not n.value == value:
                 if last == None:
                     self.head = self.head.next
                 else:</pre></div><div class="alert alert-secondary"><pre class="diff">============================= test session starts ==============================
platform linux -- Python 3.10.10, pytest-7.2.1, pluggy-1.0.0
rootdir: /home/auri/temp/lucca/python_experiments/linkedList2
collected 11 items

WHOLE_SUITE/test_linkedList2_WHOLE_SUITE.py ....F.....F                  [100%]

=================================== FAILURES ===================================
_________________________________ test_case_4 __________________________________

    def test_case_4():
        bool_0 = False
        bytes_0 = b'\x14\x0f\xf4'
        list_0 = [bytes_0, bytes_0, bytes_0, bool_0]
        linked_list_0 = module_0.LinkedList(*list_0)
        assert len(linked_list_0) == 4
        var_0 = linked_list_0.__repr__()
        assert var_0 == "link:[False,b'\\x14\\x0f\\xf4',b'\\x14\\x0f\\xf4',b'\\x14\\x0f\\xf4']"
        var_1 = linked_list_0.remove(var_0)
&gt;       assert var_1 is False
E       assert True is False

WHOLE_SUITE/test_linkedList2_WHOLE_SUITE.py:67: AssertionError
_________________________________ test_case_10 _________________________________

    def test_case_10():
        float_0 = 1448.9429
        list_0 = [float_0, float_0, float_0]
        linked_list_0 = module_0.LinkedList(*list_0)
        assert len(linked_list_0) == 3
        list_1 = []
        linked_list_1 = module_0.LinkedList(*list_1)
        assert len(linked_list_1) == 0
        var_0 = linked_list_1.__repr__()
        assert var_0 == 'link:[]'
        var_1 = linked_list_0.pop()
        assert var_1 == pytest.approx(1448.9429, abs=0.01, rel=0.01)
        assert len(linked_list_0) == 2
        var_2 = linked_list_1.__repr__()
        assert var_2 == 'link:[]'
        var_3 = var_2.__iter__()
        var_4 = linked_list_0.remove(float_0)
&gt;       assert var_4 is True
E       assert False is True

WHOLE_SUITE/test_linkedList2_WHOLE_SUITE.py:130: AssertionError
=========================== short test summary info ============================
FAILED WHOLE_SUITE/test_linkedList2_WHOLE_SUITE.py::test_case_4 - assert True...
FAILED WHOLE_SUITE/test_linkedList2_WHOLE_SUITE.py::test_case_10 - assert Fal...
========================= 2 failed, 9 passed in 0.15s ==========================
</pre></div></div></div></div></div><div class="mb-1" id="job_list___sub_accordion_30"><div class="card"><a data-toggle="collapse" data-target="#job_list___sub_collapse_30_1" aria-expanded="false" aria-controls="job_list___sub_collapse_30_1" href="#" class="job_list___sub_multi_heading"><div role="alert" class="card-header alert-success" id="job_list___sub_heading_30_1"><button class="btn btn-outline-success"><span class="job_id">30 : Job ID 72ffd8d5c79347daa6776afc90bb0642</span></button></div></a><div aria-labelledby="job_list___sub_heading_30_1" data-parent="#job_list___sub_accordion_30" class="collapse job_list___sub_multi_collapse" id="job_list___sub_collapse_30_1"><div class="card-body"><div class="work-item"><div class="alert alert-success test-outcome" role="alert"><p>worker outcome: normal</p><p>test outcome: killed</p></div></div><pre class="location"><a href="pycharm://open?file=linkedList2.py&amp;line=49" class="text-secondary"><button class="btn btn-outline-dark">linkedList2.py, start pos: (49, 19), end pos: (49, 31)</button></a></pre><pre>operator: core/AddNot, occurrence: 6</pre><div class="alert alert-secondary"><pre class="diff">--- mutation diff ---
--- alinkedList2.py
+++ blinkedList2.py
@@ -46,7 +46,7 @@
         last = None
         while n != None:
             if n.value == value:
-                if last == None:
+                if not last == None:
                     self.head = self.head.next
                 else:
                     last.next = n.next</pre></div><div class="alert alert-secondary"><pre class="diff">============================= test session starts ==============================
platform linux -- Python 3.10.10, pytest-7.2.1, pluggy-1.0.0
rootdir: /home/auri/temp/lucca/python_experiments/linkedList2
collected 11 items

WHOLE_SUITE/test_linkedList2_WHOLE_SUITE.py .F........F                  [100%]

=================================== FAILURES ===================================
_________________________________ test_case_1 __________________________________

    def test_case_1():
        tuple_0 = ()
        linked_node_0 = module_0.LinkedNode(tuple_0)
        set_0 = set()
        list_0 = []
        var_0 = linked_node_0.checkInfinite()
        assert var_0 is False
        var_1 = var_0.__repr__()
        linked_list_0 = module_0.LinkedList(*list_0)
        assert len(linked_list_0) == 0
        var_2 = linked_list_0.remove(set_0)
        assert var_2 is False
        str_0 = '3'
        linked_list_1 = module_0.LinkedList(*str_0)
        assert len(linked_list_1) == 1
        var_3 = linked_list_1.prepend(linked_list_1)
        assert len(linked_list_1) == 2
        var_4 = var_2.__repr__()
        var_5 = linked_list_1.__len__()
        assert var_5 == 2
        var_6 = var_4.__iter__()
&gt;       var_7 = linked_list_1.remove(str_0)

WHOLE_SUITE/test_linkedList2_WHOLE_SUITE.py:32: 
_ _ _ _ _ _ _ _ _ _ _ _ _ _ _ _ _ _ _ _ _ _ _ _ _ _ _ _ _ _ _ _ _ _ _ _ _ _ _ _ 

self = &lt;[RecursionError('maximum recursion depth exceeded in comparison') raised in repr()] LinkedList object at 0x7f9244168070&gt;
value = '3'

    def remove(self, value):
        """Remove value from list."""
        n = self.head
        last = None
        while n != None:
            if n.value == value:
                if not last == None:
                    self.head = self.head.next
                else:
&gt;                   last.next = n.next
E                   AttributeError: 'NoneType' object has no attribute 'next'

linkedList2.py:52: AttributeError
_________________________________ test_case_10 _________________________________

    def test_case_10():
        float_0 = 1448.9429
        list_0 = [float_0, float_0, float_0]
        linked_list_0 = module_0.LinkedList(*list_0)
        assert len(linked_list_0) == 3
        list_1 = []
        linked_list_1 = module_0.LinkedList(*list_1)
        assert len(linked_list_1) == 0
        var_0 = linked_list_1.__repr__()
        assert var_0 == 'link:[]'
        var_1 = linked_list_0.pop()
        assert var_1 == pytest.approx(1448.9429, abs=0.01, rel=0.01)
        assert len(linked_list_0) == 2
        var_2 = linked_list_1.__repr__()
        assert var_2 == 'link:[]'
        var_3 = var_2.__iter__()
&gt;       var_4 = linked_list_0.remove(float_0)

WHOLE_SUITE/test_linkedList2_WHOLE_SUITE.py:129: 
_ _ _ _ _ _ _ _ _ _ _ _ _ _ _ _ _ _ _ _ _ _ _ _ _ _ _ _ _ _ _ _ _ _ _ _ _ _ _ _ 

self = link:[1448.9429,1448.9429], value = 1448.9429

    def remove(self, value):
        """Remove value from list."""
        n = self.head
        last = None
        while n != None:
            if n.value == value:
                if not last == None:
                    self.head = self.head.next
                else:
&gt;                   last.next = n.next
E                   AttributeError: 'NoneType' object has no attribute 'next'

linkedList2.py:52: AttributeError
=========================== short test summary info ============================
FAILED WHOLE_SUITE/test_linkedList2_WHOLE_SUITE.py::test_case_1 - AttributeEr...
FAILED WHOLE_SUITE/test_linkedList2_WHOLE_SUITE.py::test_case_10 - AttributeE...
========================= 2 failed, 9 passed in 0.31s ==========================
</pre></div></div></div></div></div><div class="mb-1" id="job_list___sub_accordion_31"><div class="card"><a data-toggle="collapse" data-target="#job_list___sub_collapse_31_1" aria-expanded="false" aria-controls="job_list___sub_collapse_31_1" href="#" class="job_list___sub_multi_heading"><div role="alert" class="card-header alert-success" id="job_list___sub_heading_31_1"><button class="btn btn-outline-success"><span class="job_id">31 : Job ID 760b5122566a488d89ace736028e344b</span></button></div></a><div aria-labelledby="job_list___sub_heading_31_1" data-parent="#job_list___sub_accordion_31" class="collapse job_list___sub_multi_collapse" id="job_list___sub_collapse_31_1"><div class="card-body"><div class="work-item"><div class="alert alert-success test-outcome" role="alert"><p>worker outcome: normal</p><p>test outcome: killed</p></div></div><pre class="location"><a href="pycharm://open?file=linkedList2.py&amp;line=60" class="text-secondary"><button class="btn btn-outline-dark">linkedList2.py, start pos: (60, 14), end pos: (60, 23)</button></a></pre><pre>operator: core/AddNot, occurrence: 7</pre><div class="alert alert-secondary"><pre class="diff">--- mutation diff ---
--- alinkedList2.py
+++ blinkedList2.py
@@ -57,7 +57,7 @@
     def __iter__(self):
         """Iterator of values in the list."""
         n = self.head
-        while n != None:
+        while not n != None:
             yield n.value
             n = n.next
         </pre></div><div class="alert alert-secondary"><pre class="diff">============================= test session starts ==============================
platform linux -- Python 3.10.10, pytest-7.2.1, pluggy-1.0.0
rootdir: /home/auri/temp/lucca/python_experiments/linkedList2
collected 11 items

WHOLE_SUITE/test_linkedList2_WHOLE_SUITE.py ....F.F..F.                  [100%]

=================================== FAILURES ===================================
_________________________________ test_case_4 __________________________________

    def test_case_4():
        bool_0 = False
        bytes_0 = b'\x14\x0f\xf4'
        list_0 = [bytes_0, bytes_0, bytes_0, bool_0]
        linked_list_0 = module_0.LinkedList(*list_0)
        assert len(linked_list_0) == 4
        var_0 = linked_list_0.__repr__()
&gt;       assert var_0 == "link:[False,b'\\x14\\x0f\\xf4',b'\\x14\\x0f\\xf4',b'\\x14\\x0f\\xf4']"
E       assert 'link:[]' == "link:[False,...4\\x0f\\xf4']"
E         - link:[False,b'\x14\x0f\xf4',b'\x14\x0f\xf4',b'\x14\x0f\xf4']
E         + link:[]

WHOLE_SUITE/test_linkedList2_WHOLE_SUITE.py:65: AssertionError
_________________________________ test_case_6 __________________________________

    def test_case_6():
        linked_list_0 = module_0.LinkedList()
        assert len(linked_list_0) == 0
        var_0 = linked_list_0.__iter__()
        var_1 = linked_list_0.__len__()
        assert var_1 == 0
&gt;       linked_list_1 = module_0.LinkedList(*linked_list_0)

WHOLE_SUITE/test_linkedList2_WHOLE_SUITE.py:87: 
_ _ _ _ _ _ _ _ _ _ _ _ _ _ _ _ _ _ _ _ _ _ _ _ _ _ _ _ _ _ _ _ _ _ _ _ _ _ _ _ 

self = link:[]

    def __iter__(self):
        """Iterator of values in the list."""
        n = self.head
        while not n != None:
&gt;           yield n.value
E           AttributeError: 'NoneType' object has no attribute 'value'

linkedList2.py:61: AttributeError
_________________________________ test_case_9 __________________________________

    def test_case_9():
        linked_list_0 = module_0.LinkedList()
        assert len(linked_list_0) == 0
&gt;       linked_list_1 = module_0.LinkedList(*linked_list_0)

WHOLE_SUITE/test_linkedList2_WHOLE_SUITE.py:105: 
_ _ _ _ _ _ _ _ _ _ _ _ _ _ _ _ _ _ _ _ _ _ _ _ _ _ _ _ _ _ _ _ _ _ _ _ _ _ _ _ 

self = link:[]

    def __iter__(self):
        """Iterator of values in the list."""
        n = self.head
        while not n != None:
&gt;           yield n.value
E           AttributeError: 'NoneType' object has no attribute 'value'

linkedList2.py:61: AttributeError
=========================== short test summary info ============================
FAILED WHOLE_SUITE/test_linkedList2_WHOLE_SUITE.py::test_case_4 - assert 'lin...
FAILED WHOLE_SUITE/test_linkedList2_WHOLE_SUITE.py::test_case_6 - AttributeEr...
FAILED WHOLE_SUITE/test_linkedList2_WHOLE_SUITE.py::test_case_9 - AttributeEr...
========================= 3 failed, 8 passed in 0.17s ==========================
</pre></div></div></div></div></div><div class="mb-1" id="job_list___sub_accordion_32"><div class="card"><a data-toggle="collapse" data-target="#job_list___sub_collapse_32_1" aria-expanded="false" aria-controls="job_list___sub_collapse_32_1" href="#" class="job_list___sub_multi_heading"><div role="alert" class="card-header alert-success" id="job_list___sub_heading_32_1"><button class="btn btn-outline-success"><span class="job_id">32 : Job ID f1a839b5aaa44ee295b20ccef00ed3c6</span></button></div></a><div aria-labelledby="job_list___sub_heading_32_1" data-parent="#job_list___sub_accordion_32" class="collapse job_list___sub_multi_collapse" id="job_list___sub_collapse_32_1"><div class="card-body"><div class="work-item"><div class="alert alert-success test-outcome" role="alert"><p>worker outcome: normal</p><p>test outcome: killed</p></div></div><pre class="location"><a href="pycharm://open?file=linkedList2.py&amp;line=66" class="text-secondary"><button class="btn btn-outline-dark">linkedList2.py, start pos: (66, 11), end pos: (66, 28)</button></a></pre><pre>operator: core/AddNot, occurrence: 8</pre><div class="alert alert-secondary"><pre class="diff">--- mutation diff ---
--- alinkedList2.py
+++ blinkedList2.py
@@ -63,7 +63,7 @@
         
     def __repr__(self):
         """String representation of linked list."""
-        if self.head is None:
+        if not self.head is None:
             return 'link:[]'
 
         return 'link:[{0:s}]'.format(','.join(map(str,self)))</pre></div><div class="alert alert-secondary"><pre class="diff">============================= test session starts ==============================
platform linux -- Python 3.10.10, pytest-7.2.1, pluggy-1.0.0
rootdir: /home/auri/temp/lucca/python_experiments/linkedList2
collected 11 items

WHOLE_SUITE/test_linkedList2_WHOLE_SUITE.py ....F......                  [100%]

=================================== FAILURES ===================================
_________________________________ test_case_4 __________________________________

    def test_case_4():
        bool_0 = False
        bytes_0 = b'\x14\x0f\xf4'
        list_0 = [bytes_0, bytes_0, bytes_0, bool_0]
        linked_list_0 = module_0.LinkedList(*list_0)
        assert len(linked_list_0) == 4
        var_0 = linked_list_0.__repr__()
&gt;       assert var_0 == "link:[False,b'\\x14\\x0f\\xf4',b'\\x14\\x0f\\xf4',b'\\x14\\x0f\\xf4']"
E       assert 'link:[]' == "link:[False,...4\\x0f\\xf4']"
E         - link:[False,b'\x14\x0f\xf4',b'\x14\x0f\xf4',b'\x14\x0f\xf4']
E         + link:[]

WHOLE_SUITE/test_linkedList2_WHOLE_SUITE.py:65: AssertionError
=========================== short test summary info ============================
FAILED WHOLE_SUITE/test_linkedList2_WHOLE_SUITE.py::test_case_4 - assert 'lin...
========================= 1 failed, 10 passed in 0.14s =========================
</pre></div></div></div></div></div><div class="mb-1" id="job_list___sub_accordion_33"><div class="card"><a data-toggle="collapse" data-target="#job_list___sub_collapse_33_1" aria-expanded="false" aria-controls="job_list___sub_collapse_33_1" href="#" class="job_list___sub_multi_heading"><div role="alert" class="card-header alert-success" id="job_list___sub_heading_33_1"><button class="btn btn-outline-success"><span class="job_id">33 : Job ID 7312bf8576a44a099f65fbfb1c635044</span></button></div></a><div aria-labelledby="job_list___sub_heading_33_1" data-parent="#job_list___sub_accordion_33" class="collapse job_list___sub_multi_collapse" id="job_list___sub_collapse_33_1"><div class="card-body"><div class="work-item"><div class="alert alert-success test-outcome" role="alert"><p>worker outcome: normal</p><p>test outcome: killed</p></div></div><pre class="location"><a href="pycharm://open?file=linkedList2.py&amp;line=75" class="text-secondary"><button class="btn btn-outline-dark">linkedList2.py, start pos: (75, 14), end pos: (75, 23)</button></a></pre><pre>operator: core/AddNot, occurrence: 9</pre><div class="alert alert-secondary"><pre class="diff">--- mutation diff ---
--- alinkedList2.py
+++ blinkedList2.py
@@ -72,7 +72,7 @@
         """Count values in list."""
         n = self.head
         count = 0
-        while n != None:
+        while not n != None:
             count += 1
             n = n.next
         return count</pre></div><div class="alert alert-secondary"><pre class="diff">============================= test session starts ==============================
platform linux -- Python 3.10.10, pytest-7.2.1, pluggy-1.0.0
rootdir: /home/auri/temp/lucca/python_experiments/linkedList2
collected 11 items

WHOLE_SUITE/test_linkedList2_WHOLE_SUITE.py .FFFFFFFFFF                  [100%]

=================================== FAILURES ===================================
_________________________________ test_case_1 __________________________________

    def test_case_1():
        tuple_0 = ()
        linked_node_0 = module_0.LinkedNode(tuple_0)
        set_0 = set()
        list_0 = []
        var_0 = linked_node_0.checkInfinite()
        assert var_0 is False
        var_1 = var_0.__repr__()
        linked_list_0 = module_0.LinkedList(*list_0)
&gt;       assert len(linked_list_0) == 0

WHOLE_SUITE/test_linkedList2_WHOLE_SUITE.py:20: 
_ _ _ _ _ _ _ _ _ _ _ _ _ _ _ _ _ _ _ _ _ _ _ _ _ _ _ _ _ _ _ _ _ _ _ _ _ _ _ _ 

self = link:[]

    def __len__(self):
        """Count values in list."""
        n = self.head
        count = 0
        while not n != None:
            count += 1
&gt;           n = n.next
E           AttributeError: 'NoneType' object has no attribute 'next'

linkedList2.py:77: AttributeError
_________________________________ test_case_2 __________________________________

    def test_case_2():
        linked_list_0 = module_0.LinkedList()
&gt;       assert len(linked_list_0) == 0

WHOLE_SUITE/test_linkedList2_WHOLE_SUITE.py:38: 
_ _ _ _ _ _ _ _ _ _ _ _ _ _ _ _ _ _ _ _ _ _ _ _ _ _ _ _ _ _ _ _ _ _ _ _ _ _ _ _ 

self = link:[]

    def __len__(self):
        """Count values in list."""
        n = self.head
        count = 0
        while not n != None:
            count += 1
&gt;           n = n.next
E           AttributeError: 'NoneType' object has no attribute 'next'

linkedList2.py:77: AttributeError
_________________________________ test_case_3 __________________________________

    def test_case_3():
        linked_list_0 = module_0.LinkedList()
&gt;       assert len(linked_list_0) == 0

WHOLE_SUITE/test_linkedList2_WHOLE_SUITE.py:51: 
_ _ _ _ _ _ _ _ _ _ _ _ _ _ _ _ _ _ _ _ _ _ _ _ _ _ _ _ _ _ _ _ _ _ _ _ _ _ _ _ 

self = link:[]

    def __len__(self):
        """Count values in list."""
        n = self.head
        count = 0
        while not n != None:
            count += 1
&gt;           n = n.next
E           AttributeError: 'NoneType' object has no attribute 'next'

linkedList2.py:77: AttributeError
_________________________________ test_case_4 __________________________________

    def test_case_4():
        bool_0 = False
        bytes_0 = b'\x14\x0f\xf4'
        list_0 = [bytes_0, bytes_0, bytes_0, bool_0]
        linked_list_0 = module_0.LinkedList(*list_0)
&gt;       assert len(linked_list_0) == 4
E       AssertionError: assert 0 == 4
E        +  where 0 = len(link:[False,b'\x14\x0f\xf4',b'\x14\x0f\xf4',b'\x14\x0f\xf4'])

WHOLE_SUITE/test_linkedList2_WHOLE_SUITE.py:63: AssertionError
_________________________________ test_case_5 __________________________________

    def test_case_5():
        linked_list_0 = module_0.LinkedList()
&gt;       assert len(linked_list_0) == 0

WHOLE_SUITE/test_linkedList2_WHOLE_SUITE.py:73: 
_ _ _ _ _ _ _ _ _ _ _ _ _ _ _ _ _ _ _ _ _ _ _ _ _ _ _ _ _ _ _ _ _ _ _ _ _ _ _ _ 

self = link:[]

    def __len__(self):
        """Count values in list."""
        n = self.head
        count = 0
        while not n != None:
            count += 1
&gt;           n = n.next
E           AttributeError: 'NoneType' object has no attribute 'next'

linkedList2.py:77: AttributeError
_________________________________ test_case_6 __________________________________

    def test_case_6():
        linked_list_0 = module_0.LinkedList()
&gt;       assert len(linked_list_0) == 0

WHOLE_SUITE/test_linkedList2_WHOLE_SUITE.py:83: 
_ _ _ _ _ _ _ _ _ _ _ _ _ _ _ _ _ _ _ _ _ _ _ _ _ _ _ _ _ _ _ _ _ _ _ _ _ _ _ _ 

self = link:[]

    def __len__(self):
        """Count values in list."""
        n = self.head
        count = 0
        while not n != None:
            count += 1
&gt;           n = n.next
E           AttributeError: 'NoneType' object has no attribute 'next'

linkedList2.py:77: AttributeError
_________________________________ test_case_7 __________________________________

    def test_case_7():
        linked_list_0 = module_0.LinkedList()
&gt;       assert len(linked_list_0) == 0

WHOLE_SUITE/test_linkedList2_WHOLE_SUITE.py:93: 
_ _ _ _ _ _ _ _ _ _ _ _ _ _ _ _ _ _ _ _ _ _ _ _ _ _ _ _ _ _ _ _ _ _ _ _ _ _ _ _ 

self = link:[]

    def __len__(self):
        """Count values in list."""
        n = self.head
        count = 0
        while not n != None:
            count += 1
&gt;           n = n.next
E           AttributeError: 'NoneType' object has no attribute 'next'

linkedList2.py:77: AttributeError
_________________________________ test_case_8 __________________________________

    def test_case_8():
        bool_0 = True
        linked_list_0 = module_0.LinkedList()
&gt;       assert len(linked_list_0) == 0

WHOLE_SUITE/test_linkedList2_WHOLE_SUITE.py:98: 
_ _ _ _ _ _ _ _ _ _ _ _ _ _ _ _ _ _ _ _ _ _ _ _ _ _ _ _ _ _ _ _ _ _ _ _ _ _ _ _ 

self = link:[]

    def __len__(self):
        """Count values in list."""
        n = self.head
        count = 0
        while not n != None:
            count += 1
&gt;           n = n.next
E           AttributeError: 'NoneType' object has no attribute 'next'

linkedList2.py:77: AttributeError
_________________________________ test_case_9 __________________________________

    def test_case_9():
        linked_list_0 = module_0.LinkedList()
&gt;       assert len(linked_list_0) == 0

WHOLE_SUITE/test_linkedList2_WHOLE_SUITE.py:104: 
_ _ _ _ _ _ _ _ _ _ _ _ _ _ _ _ _ _ _ _ _ _ _ _ _ _ _ _ _ _ _ _ _ _ _ _ _ _ _ _ 

self = link:[]

    def __len__(self):
        """Count values in list."""
        n = self.head
        count = 0
        while not n != None:
            count += 1
&gt;           n = n.next
E           AttributeError: 'NoneType' object has no attribute 'next'

linkedList2.py:77: AttributeError
_________________________________ test_case_10 _________________________________

    def test_case_10():
        float_0 = 1448.9429
        list_0 = [float_0, float_0, float_0]
        linked_list_0 = module_0.LinkedList(*list_0)
&gt;       assert len(linked_list_0) == 3
E       assert 0 == 3
E        +  where 0 = len(link:[1448.9429,1448.9429,1448.9429])

WHOLE_SUITE/test_linkedList2_WHOLE_SUITE.py:117: AssertionError
=========================== short test summary info ============================
FAILED WHOLE_SUITE/test_linkedList2_WHOLE_SUITE.py::test_case_1 - AttributeEr...
FAILED WHOLE_SUITE/test_linkedList2_WHOLE_SUITE.py::test_case_2 - AttributeEr...
FAILED WHOLE_SUITE/test_linkedList2_WHOLE_SUITE.py::test_case_3 - AttributeEr...
FAILED WHOLE_SUITE/test_linkedList2_WHOLE_SUITE.py::test_case_4 - AssertionEr...
FAILED WHOLE_SUITE/test_linkedList2_WHOLE_SUITE.py::test_case_5 - AttributeEr...
FAILED WHOLE_SUITE/test_linkedList2_WHOLE_SUITE.py::test_case_6 - AttributeEr...
FAILED WHOLE_SUITE/test_linkedList2_WHOLE_SUITE.py::test_case_7 - AttributeEr...
FAILED WHOLE_SUITE/test_linkedList2_WHOLE_SUITE.py::test_case_8 - AttributeEr...
FAILED WHOLE_SUITE/test_linkedList2_WHOLE_SUITE.py::test_case_9 - AttributeEr...
FAILED WHOLE_SUITE/test_linkedList2_WHOLE_SUITE.py::test_case_10 - assert 0 == 3
========================= 10 failed, 1 passed in 0.25s =========================
</pre></div></div></div></div></div><div class="mb-1" id="job_list___sub_accordion_34"><div class="card"><a data-toggle="collapse" data-target="#job_list___sub_collapse_34_1" aria-expanded="false" aria-controls="job_list___sub_collapse_34_1" href="#" class="job_list___sub_multi_heading"><div role="alert" class="card-header alert-danger" id="job_list___sub_heading_34_1"><button class="btn btn-outline-danger"><span class="job_id">34 : Job ID 0fa3675ee2a74076b46487648919e795</span></button></div></a><div aria-labelledby="job_list___sub_heading_34_1" data-parent="#job_list___sub_accordion_34" class="collapse job_list___sub_multi_collapse" id="job_list___sub_collapse_34_1"><div class="card-body"><div class="work-item"><div class="alert alert-danger test-outcome" role="alert"><p>SURVIVED</p><p>worker outcome: normal</p><p>test outcome: survived</p></div></div><pre class="location"><a href="pycharm://open?file=linkedList2.py&amp;line=21" class="text-secondary"><button class="btn btn-outline-dark">linkedList2.py, start pos: (21, 32), end pos: (21, 36)</button></a></pre><pre>operator: core/ReplaceTrueWithFalse, occurrence: 0</pre><div class="alert alert-secondary"><pre class="diff">--- mutation diff ---
--- alinkedList2.py
+++ blinkedList2.py
@@ -18,7 +18,7 @@
             p1 = p1.next
             p2 = p2.next.next
             
-            if p1 == p2: return True
+            if p1 == p2: return False
         return False
 
 class LinkedList:</pre></div><div class="alert alert-secondary"><pre class="diff">============================= test session starts ==============================
platform linux -- Python 3.10.10, pytest-7.2.1, pluggy-1.0.0
rootdir: /home/auri/temp/lucca/python_experiments/linkedList2
collected 11 items

WHOLE_SUITE/test_linkedList2_WHOLE_SUITE.py ...........                  [100%]

============================== 11 passed in 0.12s ==============================
</pre></div></div></div></div></div><div class="mb-1" id="job_list___sub_accordion_35"><div class="card"><a data-toggle="collapse" data-target="#job_list___sub_collapse_35_1" aria-expanded="false" aria-controls="job_list___sub_collapse_35_1" href="#" class="job_list___sub_multi_heading"><div role="alert" class="card-header alert-success" id="job_list___sub_heading_35_1"><button class="btn btn-outline-success"><span class="job_id">35 : Job ID aefb19d11bd042d88351028fa9eba3a6</span></button></div></a><div aria-labelledby="job_list___sub_heading_35_1" data-parent="#job_list___sub_accordion_35" class="collapse job_list___sub_multi_collapse" id="job_list___sub_collapse_35_1"><div class="card-body"><div class="work-item"><div class="alert alert-success test-outcome" role="alert"><p>worker outcome: normal</p><p>test outcome: killed</p></div></div><pre class="location"><a href="pycharm://open?file=linkedList2.py&amp;line=53" class="text-secondary"><button class="btn btn-outline-dark">linkedList2.py, start pos: (53, 23), end pos: (53, 27)</button></a></pre><pre>operator: core/ReplaceTrueWithFalse, occurrence: 1</pre><div class="alert alert-secondary"><pre class="diff">--- mutation diff ---
--- alinkedList2.py
+++ blinkedList2.py
@@ -50,7 +50,7 @@
                     self.head = self.head.next
                 else:
                     last.next = n.next
-                return True
+                return False
             n = n.next
         return False
         </pre></div><div class="alert alert-secondary"><pre class="diff">============================= test session starts ==============================
platform linux -- Python 3.10.10, pytest-7.2.1, pluggy-1.0.0
rootdir: /home/auri/temp/lucca/python_experiments/linkedList2
collected 11 items

WHOLE_SUITE/test_linkedList2_WHOLE_SUITE.py .F........F                  [100%]

=================================== FAILURES ===================================
_________________________________ test_case_1 __________________________________

    def test_case_1():
        tuple_0 = ()
        linked_node_0 = module_0.LinkedNode(tuple_0)
        set_0 = set()
        list_0 = []
        var_0 = linked_node_0.checkInfinite()
        assert var_0 is False
        var_1 = var_0.__repr__()
        linked_list_0 = module_0.LinkedList(*list_0)
        assert len(linked_list_0) == 0
        var_2 = linked_list_0.remove(set_0)
        assert var_2 is False
        str_0 = '3'
        linked_list_1 = module_0.LinkedList(*str_0)
        assert len(linked_list_1) == 1
        var_3 = linked_list_1.prepend(linked_list_1)
        assert len(linked_list_1) == 2
        var_4 = var_2.__repr__()
        var_5 = linked_list_1.__len__()
        assert var_5 == 2
        var_6 = var_4.__iter__()
        var_7 = linked_list_1.remove(str_0)
&gt;       assert var_7 is True
E       assert False is True

WHOLE_SUITE/test_linkedList2_WHOLE_SUITE.py:33: AssertionError
_________________________________ test_case_10 _________________________________

    def test_case_10():
        float_0 = 1448.9429
        list_0 = [float_0, float_0, float_0]
        linked_list_0 = module_0.LinkedList(*list_0)
        assert len(linked_list_0) == 3
        list_1 = []
        linked_list_1 = module_0.LinkedList(*list_1)
        assert len(linked_list_1) == 0
        var_0 = linked_list_1.__repr__()
        assert var_0 == 'link:[]'
        var_1 = linked_list_0.pop()
        assert var_1 == pytest.approx(1448.9429, abs=0.01, rel=0.01)
        assert len(linked_list_0) == 2
        var_2 = linked_list_1.__repr__()
        assert var_2 == 'link:[]'
        var_3 = var_2.__iter__()
        var_4 = linked_list_0.remove(float_0)
&gt;       assert var_4 is True
E       assert False is True

WHOLE_SUITE/test_linkedList2_WHOLE_SUITE.py:130: AssertionError
=========================== short test summary info ============================
FAILED WHOLE_SUITE/test_linkedList2_WHOLE_SUITE.py::test_case_1 - assert Fals...
FAILED WHOLE_SUITE/test_linkedList2_WHOLE_SUITE.py::test_case_10 - assert Fal...
========================= 2 failed, 9 passed in 0.32s ==========================
</pre></div></div></div></div></div><div class="mb-1" id="job_list___sub_accordion_36"><div class="card"><a data-toggle="collapse" data-target="#job_list___sub_collapse_36_1" aria-expanded="false" aria-controls="job_list___sub_collapse_36_1" href="#" class="job_list___sub_multi_heading"><div role="alert" class="card-header alert-success" id="job_list___sub_heading_36_1"><button class="btn btn-outline-success"><span class="job_id">36 : Job ID 454bfe66625a4ee0a0e046cdea04c8b5</span></button></div></a><div aria-labelledby="job_list___sub_heading_36_1" data-parent="#job_list___sub_accordion_36" class="collapse job_list___sub_multi_collapse" id="job_list___sub_collapse_36_1"><div class="card-body"><div class="work-item"><div class="alert alert-success test-outcome" role="alert"><p>worker outcome: normal</p><p>test outcome: killed</p></div></div><pre class="location"><a href="pycharm://open?file=linkedList2.py&amp;line=16" class="text-secondary"><button class="btn btn-outline-dark">linkedList2.py, start pos: (16, 39), end pos: (16, 44)</button></a></pre><pre>operator: core/ReplaceFalseWithTrue, occurrence: 0</pre><div class="alert alert-secondary"><pre class="diff">--- mutation diff ---
--- alinkedList2.py
+++ blinkedList2.py
@@ -13,7 +13,7 @@
         """Check whether infinite loop via next."""
         p1 = p2 = self
         while p1 != None and p2 != None:
-            if p2.next == None: return False
+            if p2.next == None: return True
 
             p1 = p1.next
             p2 = p2.next.next</pre></div><div class="alert alert-secondary"><pre class="diff">============================= test session starts ==============================
platform linux -- Python 3.10.10, pytest-7.2.1, pluggy-1.0.0
rootdir: /home/auri/temp/lucca/python_experiments/linkedList2
collected 11 items

WHOLE_SUITE/test_linkedList2_WHOLE_SUITE.py .FF........                  [100%]

=================================== FAILURES ===================================
_________________________________ test_case_1 __________________________________

    def test_case_1():
        tuple_0 = ()
        linked_node_0 = module_0.LinkedNode(tuple_0)
        set_0 = set()
        list_0 = []
        var_0 = linked_node_0.checkInfinite()
&gt;       assert var_0 is False
E       assert True is False

WHOLE_SUITE/test_linkedList2_WHOLE_SUITE.py:17: AssertionError
_________________________________ test_case_2 __________________________________

    def test_case_2():
        linked_list_0 = module_0.LinkedList()
        assert len(linked_list_0) == 0
        linked_node_0 = module_0.LinkedNode(linked_list_0)
        assert len(linked_node_0.value) == 0
        linked_node_1 = module_0.LinkedNode(linked_list_0, linked_node_0)
        assert len(linked_node_1.value) == 0
        var_0 = linked_node_1.checkInfinite()
        assert var_0 is False
        object_0 = module_1.object()
        var_1 = linked_node_0.checkInfinite()
&gt;       assert var_1 is False
E       assert True is False

WHOLE_SUITE/test_linkedList2_WHOLE_SUITE.py:47: AssertionError
=========================== short test summary info ============================
FAILED WHOLE_SUITE/test_linkedList2_WHOLE_SUITE.py::test_case_1 - assert True...
FAILED WHOLE_SUITE/test_linkedList2_WHOLE_SUITE.py::test_case_2 - assert True...
========================= 2 failed, 9 passed in 0.25s ==========================
</pre></div></div></div></div></div><div class="mb-1" id="job_list___sub_accordion_37"><div class="card"><a data-toggle="collapse" data-target="#job_list___sub_collapse_37_1" aria-expanded="false" aria-controls="job_list___sub_collapse_37_1" href="#" class="job_list___sub_multi_heading"><div role="alert" class="card-header alert-success" id="job_list___sub_heading_37_1"><button class="btn btn-outline-success"><span class="job_id">37 : Job ID af197ac9eab945fa8a7790559d9e3fb8</span></button></div></a><div aria-labelledby="job_list___sub_heading_37_1" data-parent="#job_list___sub_accordion_37" class="collapse job_list___sub_multi_collapse" id="job_list___sub_collapse_37_1"><div class="card-body"><div class="work-item"><div class="alert alert-success test-outcome" role="alert"><p>worker outcome: normal</p><p>test outcome: killed</p></div></div><pre class="location"><a href="pycharm://open?file=linkedList2.py&amp;line=22" class="text-secondary"><button class="btn btn-outline-dark">linkedList2.py, start pos: (22, 15), end pos: (22, 20)</button></a></pre><pre>operator: core/ReplaceFalseWithTrue, occurrence: 1</pre><div class="alert alert-secondary"><pre class="diff">--- mutation diff ---
--- alinkedList2.py
+++ blinkedList2.py
@@ -19,7 +19,7 @@
             p2 = p2.next.next
             
             if p1 == p2: return True
-        return False
+        return True
 
 class LinkedList:
     def __init__(self, *start):</pre></div><div class="alert alert-secondary"><pre class="diff">============================= test session starts ==============================
platform linux -- Python 3.10.10, pytest-7.2.1, pluggy-1.0.0
rootdir: /home/auri/temp/lucca/python_experiments/linkedList2
collected 11 items

WHOLE_SUITE/test_linkedList2_WHOLE_SUITE.py ..F........                  [100%]

=================================== FAILURES ===================================
_________________________________ test_case_2 __________________________________

    def test_case_2():
        linked_list_0 = module_0.LinkedList()
        assert len(linked_list_0) == 0
        linked_node_0 = module_0.LinkedNode(linked_list_0)
        assert len(linked_node_0.value) == 0
        linked_node_1 = module_0.LinkedNode(linked_list_0, linked_node_0)
        assert len(linked_node_1.value) == 0
        var_0 = linked_node_1.checkInfinite()
&gt;       assert var_0 is False
E       assert True is False

WHOLE_SUITE/test_linkedList2_WHOLE_SUITE.py:44: AssertionError
=========================== short test summary info ============================
FAILED WHOLE_SUITE/test_linkedList2_WHOLE_SUITE.py::test_case_2 - assert True...
========================= 1 failed, 10 passed in 0.29s =========================
</pre></div></div></div></div></div><div class="mb-1" id="job_list___sub_accordion_38"><div class="card"><a data-toggle="collapse" data-target="#job_list___sub_collapse_38_1" aria-expanded="false" aria-controls="job_list___sub_collapse_38_1" href="#" class="job_list___sub_multi_heading"><div role="alert" class="card-header alert-success" id="job_list___sub_heading_38_1"><button class="btn btn-outline-success"><span class="job_id">38 : Job ID 3aedb9a6defc4c18917d2ffbc140f7be</span></button></div></a><div aria-labelledby="job_list___sub_heading_38_1" data-parent="#job_list___sub_accordion_38" class="collapse job_list___sub_multi_collapse" id="job_list___sub_collapse_38_1"><div class="card-body"><div class="work-item"><div class="alert alert-success test-outcome" role="alert"><p>worker outcome: normal</p><p>test outcome: killed</p></div></div><pre class="location"><a href="pycharm://open?file=linkedList2.py&amp;line=55" class="text-secondary"><button class="btn btn-outline-dark">linkedList2.py, start pos: (55, 15), end pos: (55, 20)</button></a></pre><pre>operator: core/ReplaceFalseWithTrue, occurrence: 2</pre><div class="alert alert-secondary"><pre class="diff">--- mutation diff ---
--- alinkedList2.py
+++ blinkedList2.py
@@ -52,7 +52,7 @@
                     last.next = n.next
                 return True
             n = n.next
-        return False
+        return True
         
     def __iter__(self):
         """Iterator of values in the list."""</pre></div><div class="alert alert-secondary"><pre class="diff">============================= test session starts ==============================
platform linux -- Python 3.10.10, pytest-7.2.1, pluggy-1.0.0
rootdir: /home/auri/temp/lucca/python_experiments/linkedList2
collected 11 items

WHOLE_SUITE/test_linkedList2_WHOLE_SUITE.py .F..F......                  [100%]

=================================== FAILURES ===================================
_________________________________ test_case_1 __________________________________

    def test_case_1():
        tuple_0 = ()
        linked_node_0 = module_0.LinkedNode(tuple_0)
        set_0 = set()
        list_0 = []
        var_0 = linked_node_0.checkInfinite()
        assert var_0 is False
        var_1 = var_0.__repr__()
        linked_list_0 = module_0.LinkedList(*list_0)
        assert len(linked_list_0) == 0
        var_2 = linked_list_0.remove(set_0)
&gt;       assert var_2 is False
E       assert True is False

WHOLE_SUITE/test_linkedList2_WHOLE_SUITE.py:22: AssertionError
_________________________________ test_case_4 __________________________________

    def test_case_4():
        bool_0 = False
        bytes_0 = b'\x14\x0f\xf4'
        list_0 = [bytes_0, bytes_0, bytes_0, bool_0]
        linked_list_0 = module_0.LinkedList(*list_0)
        assert len(linked_list_0) == 4
        var_0 = linked_list_0.__repr__()
        assert var_0 == "link:[False,b'\\x14\\x0f\\xf4',b'\\x14\\x0f\\xf4',b'\\x14\\x0f\\xf4']"
        var_1 = linked_list_0.remove(var_0)
&gt;       assert var_1 is False
E       assert True is False

WHOLE_SUITE/test_linkedList2_WHOLE_SUITE.py:67: AssertionError
=========================== short test summary info ============================
FAILED WHOLE_SUITE/test_linkedList2_WHOLE_SUITE.py::test_case_1 - assert True...
FAILED WHOLE_SUITE/test_linkedList2_WHOLE_SUITE.py::test_case_4 - assert True...
========================= 2 failed, 9 passed in 0.32s ==========================
</pre></div></div></div></div></div><div class="mb-1" id="job_list___sub_accordion_39"><div class="card"><a data-toggle="collapse" data-target="#job_list___sub_collapse_39_1" aria-expanded="false" aria-controls="job_list___sub_collapse_39_1" href="#" class="job_list___sub_multi_heading"><div role="alert" class="card-header alert-success" id="job_list___sub_heading_39_1"><button class="btn btn-outline-success"><span class="job_id">39 : Job ID c40ff5f8f0404ccc96bda00cf03dde08</span></button></div></a><div aria-labelledby="job_list___sub_heading_39_1" data-parent="#job_list___sub_accordion_39" class="collapse job_list___sub_multi_collapse" id="job_list___sub_collapse_39_1"><div class="card-body"><div class="work-item"><div class="alert alert-success test-outcome" role="alert"><p>worker outcome: normal</p><p>test outcome: killed</p></div></div><pre class="location"><a href="pycharm://open?file=linkedList2.py&amp;line=15" class="text-secondary"><button class="btn btn-outline-dark">linkedList2.py, start pos: (15, 25), end pos: (15, 28)</button></a></pre><pre>operator: core/ReplaceAndWithOr, occurrence: 0</pre><div class="alert alert-secondary"><pre class="diff">--- mutation diff ---
--- alinkedList2.py
+++ blinkedList2.py
@@ -12,7 +12,7 @@
     def checkInfinite(self):
         """Check whether infinite loop via next."""
         p1 = p2 = self
-        while p1 != None and p2 != None:
+        while p1 != None or p2 != None:
             if p2.next == None: return False
 
             p1 = p1.next</pre></div><div class="alert alert-secondary"><pre class="diff">============================= test session starts ==============================
platform linux -- Python 3.10.10, pytest-7.2.1, pluggy-1.0.0
rootdir: /home/auri/temp/lucca/python_experiments/linkedList2
collected 11 items

WHOLE_SUITE/test_linkedList2_WHOLE_SUITE.py ..F........                  [100%]

=================================== FAILURES ===================================
_________________________________ test_case_2 __________________________________

    def test_case_2():
        linked_list_0 = module_0.LinkedList()
        assert len(linked_list_0) == 0
        linked_node_0 = module_0.LinkedNode(linked_list_0)
        assert len(linked_node_0.value) == 0
        linked_node_1 = module_0.LinkedNode(linked_list_0, linked_node_0)
        assert len(linked_node_1.value) == 0
&gt;       var_0 = linked_node_1.checkInfinite()

WHOLE_SUITE/test_linkedList2_WHOLE_SUITE.py:43: 
_ _ _ _ _ _ _ _ _ _ _ _ _ _ _ _ _ _ _ _ _ _ _ _ _ _ _ _ _ _ _ _ _ _ _ _ _ _ _ _ 

self = &lt;linkedList2.LinkedNode object at 0x7fdd6cd684c0&gt;

    def checkInfinite(self):
        """Check whether infinite loop via next."""
        p1 = p2 = self
        while p1 != None or p2 != None:
&gt;           if p2.next == None: return False
E           AttributeError: 'NoneType' object has no attribute 'next'

linkedList2.py:16: AttributeError
=========================== short test summary info ============================
FAILED WHOLE_SUITE/test_linkedList2_WHOLE_SUITE.py::test_case_2 - AttributeEr...
========================= 1 failed, 10 passed in 0.32s =========================
</pre></div></div></div></div></div><div class="mb-1" id="job_list___sub_accordion_40"><div class="card"><a data-toggle="collapse" data-target="#job_list___sub_collapse_40_1" aria-expanded="false" aria-controls="job_list___sub_collapse_40_1" href="#" class="job_list___sub_multi_heading"><div role="alert" class="card-header alert-success" id="job_list___sub_heading_40_1"><button class="btn btn-outline-success"><span class="job_id">40 : Job ID c55804e0e76e48e5be13aac0c0ead4af</span></button></div></a><div aria-labelledby="job_list___sub_heading_40_1" data-parent="#job_list___sub_accordion_40" class="collapse job_list___sub_multi_collapse" id="job_list___sub_collapse_40_1"><div class="card-body"><div class="work-item"><div class="alert alert-success test-outcome" role="alert"><p>worker outcome: normal</p><p>test outcome: killed</p></div></div><pre class="location"><a href="pycharm://open?file=linkedList2.py&amp;line=74" class="text-secondary"><button class="btn btn-outline-dark">linkedList2.py, start pos: (74, 16), end pos: (74, 17)</button></a></pre><pre>operator: core/NumberReplacer, occurrence: 0</pre><div class="alert alert-secondary"><pre class="diff">--- mutation diff ---
--- alinkedList2.py
+++ blinkedList2.py
@@ -71,7 +71,7 @@
     def __len__(self):
         """Count values in list."""
         n = self.head
-        count = 0
+        count = 1
         while n != None:
             count += 1
             n = n.next</pre></div><div class="alert alert-secondary"><pre class="diff">============================= test session starts ==============================
platform linux -- Python 3.10.10, pytest-7.2.1, pluggy-1.0.0
rootdir: /home/auri/temp/lucca/python_experiments/linkedList2
collected 11 items

WHOLE_SUITE/test_linkedList2_WHOLE_SUITE.py .FFFFFFFFFF                  [100%]

=================================== FAILURES ===================================
_________________________________ test_case_1 __________________________________

    def test_case_1():
        tuple_0 = ()
        linked_node_0 = module_0.LinkedNode(tuple_0)
        set_0 = set()
        list_0 = []
        var_0 = linked_node_0.checkInfinite()
        assert var_0 is False
        var_1 = var_0.__repr__()
        linked_list_0 = module_0.LinkedList(*list_0)
&gt;       assert len(linked_list_0) == 0
E       assert 1 == 0
E        +  where 1 = len(link:[])

WHOLE_SUITE/test_linkedList2_WHOLE_SUITE.py:20: AssertionError
_________________________________ test_case_2 __________________________________

    def test_case_2():
        linked_list_0 = module_0.LinkedList()
&gt;       assert len(linked_list_0) == 0
E       assert 1 == 0
E        +  where 1 = len(link:[])

WHOLE_SUITE/test_linkedList2_WHOLE_SUITE.py:38: AssertionError
_________________________________ test_case_3 __________________________________

    def test_case_3():
        linked_list_0 = module_0.LinkedList()
&gt;       assert len(linked_list_0) == 0
E       assert 1 == 0
E        +  where 1 = len(link:[])

WHOLE_SUITE/test_linkedList2_WHOLE_SUITE.py:51: AssertionError
_________________________________ test_case_4 __________________________________

    def test_case_4():
        bool_0 = False
        bytes_0 = b'\x14\x0f\xf4'
        list_0 = [bytes_0, bytes_0, bytes_0, bool_0]
        linked_list_0 = module_0.LinkedList(*list_0)
&gt;       assert len(linked_list_0) == 4
E       AssertionError: assert 5 == 4
E        +  where 5 = len(link:[False,b'\x14\x0f\xf4',b'\x14\x0f\xf4',b'\x14\x0f\xf4'])

WHOLE_SUITE/test_linkedList2_WHOLE_SUITE.py:63: AssertionError
_________________________________ test_case_5 __________________________________

    def test_case_5():
        linked_list_0 = module_0.LinkedList()
&gt;       assert len(linked_list_0) == 0
E       assert 1 == 0
E        +  where 1 = len(link:[])

WHOLE_SUITE/test_linkedList2_WHOLE_SUITE.py:73: AssertionError
_________________________________ test_case_6 __________________________________

    def test_case_6():
        linked_list_0 = module_0.LinkedList()
&gt;       assert len(linked_list_0) == 0
E       assert 1 == 0
E        +  where 1 = len(link:[])

WHOLE_SUITE/test_linkedList2_WHOLE_SUITE.py:83: AssertionError
_________________________________ test_case_7 __________________________________

    def test_case_7():
        linked_list_0 = module_0.LinkedList()
&gt;       assert len(linked_list_0) == 0
E       assert 1 == 0
E        +  where 1 = len(link:[])

WHOLE_SUITE/test_linkedList2_WHOLE_SUITE.py:93: AssertionError
_________________________________ test_case_8 __________________________________

    def test_case_8():
        bool_0 = True
        linked_list_0 = module_0.LinkedList()
&gt;       assert len(linked_list_0) == 0
E       assert 1 == 0
E        +  where 1 = len(link:[])

WHOLE_SUITE/test_linkedList2_WHOLE_SUITE.py:98: AssertionError
_________________________________ test_case_9 __________________________________

    def test_case_9():
        linked_list_0 = module_0.LinkedList()
&gt;       assert len(linked_list_0) == 0
E       assert 1 == 0
E        +  where 1 = len(link:[])

WHOLE_SUITE/test_linkedList2_WHOLE_SUITE.py:104: AssertionError
_________________________________ test_case_10 _________________________________

    def test_case_10():
        float_0 = 1448.9429
        list_0 = [float_0, float_0, float_0]
        linked_list_0 = module_0.LinkedList(*list_0)
&gt;       assert len(linked_list_0) == 3
E       assert 4 == 3
E        +  where 4 = len(link:[1448.9429,1448.9429,1448.9429])

WHOLE_SUITE/test_linkedList2_WHOLE_SUITE.py:117: AssertionError
=========================== short test summary info ============================
FAILED WHOLE_SUITE/test_linkedList2_WHOLE_SUITE.py::test_case_1 - assert 1 == 0
FAILED WHOLE_SUITE/test_linkedList2_WHOLE_SUITE.py::test_case_2 - assert 1 == 0
FAILED WHOLE_SUITE/test_linkedList2_WHOLE_SUITE.py::test_case_3 - assert 1 == 0
FAILED WHOLE_SUITE/test_linkedList2_WHOLE_SUITE.py::test_case_4 - AssertionEr...
FAILED WHOLE_SUITE/test_linkedList2_WHOLE_SUITE.py::test_case_5 - assert 1 == 0
FAILED WHOLE_SUITE/test_linkedList2_WHOLE_SUITE.py::test_case_6 - assert 1 == 0
FAILED WHOLE_SUITE/test_linkedList2_WHOLE_SUITE.py::test_case_7 - assert 1 == 0
FAILED WHOLE_SUITE/test_linkedList2_WHOLE_SUITE.py::test_case_8 - assert 1 == 0
FAILED WHOLE_SUITE/test_linkedList2_WHOLE_SUITE.py::test_case_9 - assert 1 == 0
FAILED WHOLE_SUITE/test_linkedList2_WHOLE_SUITE.py::test_case_10 - assert 4 == 3
========================= 10 failed, 1 passed in 0.34s =========================
</pre></div></div></div></div></div><div class="mb-1" id="job_list___sub_accordion_41"><div class="card"><a data-toggle="collapse" data-target="#job_list___sub_collapse_41_1" aria-expanded="false" aria-controls="job_list___sub_collapse_41_1" href="#" class="job_list___sub_multi_heading"><div role="alert" class="card-header alert-success" id="job_list___sub_heading_41_1"><button class="btn btn-outline-success"><span class="job_id">41 : Job ID 173644c1066447e782227b7868e8573c</span></button></div></a><div aria-labelledby="job_list___sub_heading_41_1" data-parent="#job_list___sub_accordion_41" class="collapse job_list___sub_multi_collapse" id="job_list___sub_collapse_41_1"><div class="card-body"><div class="work-item"><div class="alert alert-success test-outcome" role="alert"><p>worker outcome: normal</p><p>test outcome: killed</p></div></div><pre class="location"><a href="pycharm://open?file=linkedList2.py&amp;line=74" class="text-secondary"><button class="btn btn-outline-dark">linkedList2.py, start pos: (74, 16), end pos: (74, 17)</button></a></pre><pre>operator: core/NumberReplacer, occurrence: 1</pre><div class="alert alert-secondary"><pre class="diff">--- mutation diff ---
--- alinkedList2.py
+++ blinkedList2.py
@@ -71,7 +71,7 @@
     def __len__(self):
         """Count values in list."""
         n = self.head
-        count = 0
+        count = -1
         while n != None:
             count += 1
             n = n.next</pre></div><div class="alert alert-secondary"><pre class="diff">============================= test session starts ==============================
platform linux -- Python 3.10.10, pytest-7.2.1, pluggy-1.0.0
rootdir: /home/auri/temp/lucca/python_experiments/linkedList2
collected 11 items

WHOLE_SUITE/test_linkedList2_WHOLE_SUITE.py .FFFFFFFFFF                  [100%]

=================================== FAILURES ===================================
_________________________________ test_case_1 __________________________________

    def test_case_1():
        tuple_0 = ()
        linked_node_0 = module_0.LinkedNode(tuple_0)
        set_0 = set()
        list_0 = []
        var_0 = linked_node_0.checkInfinite()
        assert var_0 is False
        var_1 = var_0.__repr__()
        linked_list_0 = module_0.LinkedList(*list_0)
&gt;       assert len(linked_list_0) == 0
E       ValueError: __len__() should return &gt;= 0

WHOLE_SUITE/test_linkedList2_WHOLE_SUITE.py:20: ValueError
_________________________________ test_case_2 __________________________________

    def test_case_2():
        linked_list_0 = module_0.LinkedList()
&gt;       assert len(linked_list_0) == 0
E       ValueError: __len__() should return &gt;= 0

WHOLE_SUITE/test_linkedList2_WHOLE_SUITE.py:38: ValueError
_________________________________ test_case_3 __________________________________

    def test_case_3():
        linked_list_0 = module_0.LinkedList()
&gt;       assert len(linked_list_0) == 0
E       ValueError: __len__() should return &gt;= 0

WHOLE_SUITE/test_linkedList2_WHOLE_SUITE.py:51: ValueError
_________________________________ test_case_4 __________________________________

    def test_case_4():
        bool_0 = False
        bytes_0 = b'\x14\x0f\xf4'
        list_0 = [bytes_0, bytes_0, bytes_0, bool_0]
        linked_list_0 = module_0.LinkedList(*list_0)
&gt;       assert len(linked_list_0) == 4
E       AssertionError: assert 3 == 4
E        +  where 3 = len(link:[False,b'\x14\x0f\xf4',b'\x14\x0f\xf4',b'\x14\x0f\xf4'])

WHOLE_SUITE/test_linkedList2_WHOLE_SUITE.py:63: AssertionError
_________________________________ test_case_5 __________________________________

    def test_case_5():
        linked_list_0 = module_0.LinkedList()
&gt;       assert len(linked_list_0) == 0
E       ValueError: __len__() should return &gt;= 0

WHOLE_SUITE/test_linkedList2_WHOLE_SUITE.py:73: ValueError
_________________________________ test_case_6 __________________________________

    def test_case_6():
        linked_list_0 = module_0.LinkedList()
&gt;       assert len(linked_list_0) == 0
E       ValueError: __len__() should return &gt;= 0

WHOLE_SUITE/test_linkedList2_WHOLE_SUITE.py:83: ValueError
_________________________________ test_case_7 __________________________________

    def test_case_7():
        linked_list_0 = module_0.LinkedList()
&gt;       assert len(linked_list_0) == 0
E       ValueError: __len__() should return &gt;= 0

WHOLE_SUITE/test_linkedList2_WHOLE_SUITE.py:93: ValueError
_________________________________ test_case_8 __________________________________

    def test_case_8():
        bool_0 = True
        linked_list_0 = module_0.LinkedList()
&gt;       assert len(linked_list_0) == 0
E       ValueError: __len__() should return &gt;= 0

WHOLE_SUITE/test_linkedList2_WHOLE_SUITE.py:98: ValueError
_________________________________ test_case_9 __________________________________

    def test_case_9():
        linked_list_0 = module_0.LinkedList()
&gt;       assert len(linked_list_0) == 0
E       ValueError: __len__() should return &gt;= 0

WHOLE_SUITE/test_linkedList2_WHOLE_SUITE.py:104: ValueError
_________________________________ test_case_10 _________________________________

    def test_case_10():
        float_0 = 1448.9429
        list_0 = [float_0, float_0, float_0]
        linked_list_0 = module_0.LinkedList(*list_0)
&gt;       assert len(linked_list_0) == 3
E       assert 2 == 3
E        +  where 2 = len(link:[1448.9429,1448.9429,1448.9429])

WHOLE_SUITE/test_linkedList2_WHOLE_SUITE.py:117: AssertionError
=========================== short test summary info ============================
FAILED WHOLE_SUITE/test_linkedList2_WHOLE_SUITE.py::test_case_1 - ValueError:...
FAILED WHOLE_SUITE/test_linkedList2_WHOLE_SUITE.py::test_case_2 - ValueError:...
FAILED WHOLE_SUITE/test_linkedList2_WHOLE_SUITE.py::test_case_3 - ValueError:...
FAILED WHOLE_SUITE/test_linkedList2_WHOLE_SUITE.py::test_case_4 - AssertionEr...
FAILED WHOLE_SUITE/test_linkedList2_WHOLE_SUITE.py::test_case_5 - ValueError:...
FAILED WHOLE_SUITE/test_linkedList2_WHOLE_SUITE.py::test_case_6 - ValueError:...
FAILED WHOLE_SUITE/test_linkedList2_WHOLE_SUITE.py::test_case_7 - ValueError:...
FAILED WHOLE_SUITE/test_linkedList2_WHOLE_SUITE.py::test_case_8 - ValueError:...
FAILED WHOLE_SUITE/test_linkedList2_WHOLE_SUITE.py::test_case_9 - ValueError:...
FAILED WHOLE_SUITE/test_linkedList2_WHOLE_SUITE.py::test_case_10 - assert 2 == 3
========================= 10 failed, 1 passed in 0.27s =========================
</pre></div></div></div></div></div><div class="mb-1" id="job_list___sub_accordion_42"><div class="card"><a data-toggle="collapse" data-target="#job_list___sub_collapse_42_1" aria-expanded="false" aria-controls="job_list___sub_collapse_42_1" href="#" class="job_list___sub_multi_heading"><div role="alert" class="card-header alert-success" id="job_list___sub_heading_42_1"><button class="btn btn-outline-success"><span class="job_id">42 : Job ID 0d05abf169394fc28c8df4977da07dae</span></button></div></a><div aria-labelledby="job_list___sub_heading_42_1" data-parent="#job_list___sub_accordion_42" class="collapse job_list___sub_multi_collapse" id="job_list___sub_collapse_42_1"><div class="card-body"><div class="work-item"><div class="alert alert-success test-outcome" role="alert"><p>worker outcome: normal</p><p>test outcome: killed</p></div></div><pre class="location"><a href="pycharm://open?file=linkedList2.py&amp;line=76" class="text-secondary"><button class="btn btn-outline-dark">linkedList2.py, start pos: (76, 21), end pos: (76, 22)</button></a></pre><pre>operator: core/NumberReplacer, occurrence: 2</pre><div class="alert alert-secondary"><pre class="diff">--- mutation diff ---
--- alinkedList2.py
+++ blinkedList2.py
@@ -73,7 +73,7 @@
         n = self.head
         count = 0
         while n != None:
-            count += 1
+            count += 2
             n = n.next
         return count
 </pre></div><div class="alert alert-secondary"><pre class="diff">============================= test session starts ==============================
platform linux -- Python 3.10.10, pytest-7.2.1, pluggy-1.0.0
rootdir: /home/auri/temp/lucca/python_experiments/linkedList2
collected 11 items

WHOLE_SUITE/test_linkedList2_WHOLE_SUITE.py .F..F...FFF                  [100%]

=================================== FAILURES ===================================
_________________________________ test_case_1 __________________________________

    def test_case_1():
        tuple_0 = ()
        linked_node_0 = module_0.LinkedNode(tuple_0)
        set_0 = set()
        list_0 = []
        var_0 = linked_node_0.checkInfinite()
        assert var_0 is False
        var_1 = var_0.__repr__()
        linked_list_0 = module_0.LinkedList(*list_0)
        assert len(linked_list_0) == 0
        var_2 = linked_list_0.remove(set_0)
        assert var_2 is False
        str_0 = '3'
        linked_list_1 = module_0.LinkedList(*str_0)
&gt;       assert len(linked_list_1) == 1
E       assert 2 == 1
E        +  where 2 = len(link:[3])

WHOLE_SUITE/test_linkedList2_WHOLE_SUITE.py:25: AssertionError
_________________________________ test_case_4 __________________________________

    def test_case_4():
        bool_0 = False
        bytes_0 = b'\x14\x0f\xf4'
        list_0 = [bytes_0, bytes_0, bytes_0, bool_0]
        linked_list_0 = module_0.LinkedList(*list_0)
&gt;       assert len(linked_list_0) == 4
E       AssertionError: assert 8 == 4
E        +  where 8 = len(link:[False,b'\x14\x0f\xf4',b'\x14\x0f\xf4',b'\x14\x0f\xf4'])

WHOLE_SUITE/test_linkedList2_WHOLE_SUITE.py:63: AssertionError
_________________________________ test_case_8 __________________________________

    def test_case_8():
        bool_0 = True
        linked_list_0 = module_0.LinkedList()
        assert len(linked_list_0) == 0
        var_0 = linked_list_0.prepend(bool_0)
&gt;       assert len(linked_list_0) == 1
E       assert 2 == 1
E        +  where 2 = len(link:[True])

WHOLE_SUITE/test_linkedList2_WHOLE_SUITE.py:100: AssertionError
_________________________________ test_case_9 __________________________________

    def test_case_9():
        linked_list_0 = module_0.LinkedList()
        assert len(linked_list_0) == 0
        linked_list_1 = module_0.LinkedList(*linked_list_0)
        assert f'{type(linked_list_1).__module__}.{type(linked_list_1).__qualname__}' == 'linkedList2.LinkedList'
        assert len(linked_list_1) == 0
        var_0 = linked_list_1.__repr__()
        assert var_0 == 'link:[]'
        var_1 = linked_list_1.prepend(linked_list_1)
&gt;       assert len(linked_list_1) == 1
E       AssertionError: assert 2 == 1
E        +  where 2 = len(&lt;[RecursionError('maximum recursion depth exceeded') raised in repr()] LinkedList object at 0x7f01d4a66890&gt;)

WHOLE_SUITE/test_linkedList2_WHOLE_SUITE.py:111: AssertionError
_________________________________ test_case_10 _________________________________

    def test_case_10():
        float_0 = 1448.9429
        list_0 = [float_0, float_0, float_0]
        linked_list_0 = module_0.LinkedList(*list_0)
&gt;       assert len(linked_list_0) == 3
E       assert 6 == 3
E        +  where 6 = len(link:[1448.9429,1448.9429,1448.9429])

WHOLE_SUITE/test_linkedList2_WHOLE_SUITE.py:117: AssertionError
=========================== short test summary info ============================
FAILED WHOLE_SUITE/test_linkedList2_WHOLE_SUITE.py::test_case_1 - assert 2 == 1
FAILED WHOLE_SUITE/test_linkedList2_WHOLE_SUITE.py::test_case_4 - AssertionEr...
FAILED WHOLE_SUITE/test_linkedList2_WHOLE_SUITE.py::test_case_8 - assert 2 == 1
FAILED WHOLE_SUITE/test_linkedList2_WHOLE_SUITE.py::test_case_9 - AssertionEr...
FAILED WHOLE_SUITE/test_linkedList2_WHOLE_SUITE.py::test_case_10 - assert 6 == 3
========================= 5 failed, 6 passed in 0.25s ==========================
</pre></div></div></div></div></div><div class="mb-1" id="job_list___sub_accordion_43"><div class="card"><a data-toggle="collapse" data-target="#job_list___sub_collapse_43_1" aria-expanded="false" aria-controls="job_list___sub_collapse_43_1" href="#" class="job_list___sub_multi_heading"><div role="alert" class="card-header alert-success" id="job_list___sub_heading_43_1"><button class="btn btn-outline-success"><span class="job_id">43 : Job ID 92bb44bd796b4d7f8cba7e00e146fdf0</span></button></div></a><div aria-labelledby="job_list___sub_heading_43_1" data-parent="#job_list___sub_accordion_43" class="collapse job_list___sub_multi_collapse" id="job_list___sub_collapse_43_1"><div class="card-body"><div class="work-item"><div class="alert alert-success test-outcome" role="alert"><p>worker outcome: normal</p><p>test outcome: killed</p></div></div><pre class="location"><a href="pycharm://open?file=linkedList2.py&amp;line=76" class="text-secondary"><button class="btn btn-outline-dark">linkedList2.py, start pos: (76, 21), end pos: (76, 22)</button></a></pre><pre>operator: core/NumberReplacer, occurrence: 3</pre><div class="alert alert-secondary"><pre class="diff">--- mutation diff ---
--- alinkedList2.py
+++ blinkedList2.py
@@ -73,7 +73,7 @@
         n = self.head
         count = 0
         while n != None:
-            count += 1
+            count += 0
             n = n.next
         return count
 </pre></div><div class="alert alert-secondary"><pre class="diff">============================= test session starts ==============================
platform linux -- Python 3.10.10, pytest-7.2.1, pluggy-1.0.0
rootdir: /home/auri/temp/lucca/python_experiments/linkedList2
collected 11 items

WHOLE_SUITE/test_linkedList2_WHOLE_SUITE.py .F..F...FFF                  [100%]

=================================== FAILURES ===================================
_________________________________ test_case_1 __________________________________

    def test_case_1():
        tuple_0 = ()
        linked_node_0 = module_0.LinkedNode(tuple_0)
        set_0 = set()
        list_0 = []
        var_0 = linked_node_0.checkInfinite()
        assert var_0 is False
        var_1 = var_0.__repr__()
        linked_list_0 = module_0.LinkedList(*list_0)
        assert len(linked_list_0) == 0
        var_2 = linked_list_0.remove(set_0)
        assert var_2 is False
        str_0 = '3'
        linked_list_1 = module_0.LinkedList(*str_0)
&gt;       assert len(linked_list_1) == 1
E       assert 0 == 1
E        +  where 0 = len(link:[3])

WHOLE_SUITE/test_linkedList2_WHOLE_SUITE.py:25: AssertionError
_________________________________ test_case_4 __________________________________

    def test_case_4():
        bool_0 = False
        bytes_0 = b'\x14\x0f\xf4'
        list_0 = [bytes_0, bytes_0, bytes_0, bool_0]
        linked_list_0 = module_0.LinkedList(*list_0)
&gt;       assert len(linked_list_0) == 4
E       AssertionError: assert 0 == 4
E        +  where 0 = len(link:[False,b'\x14\x0f\xf4',b'\x14\x0f\xf4',b'\x14\x0f\xf4'])

WHOLE_SUITE/test_linkedList2_WHOLE_SUITE.py:63: AssertionError
_________________________________ test_case_8 __________________________________

    def test_case_8():
        bool_0 = True
        linked_list_0 = module_0.LinkedList()
        assert len(linked_list_0) == 0
        var_0 = linked_list_0.prepend(bool_0)
&gt;       assert len(linked_list_0) == 1
E       assert 0 == 1
E        +  where 0 = len(link:[True])

WHOLE_SUITE/test_linkedList2_WHOLE_SUITE.py:100: AssertionError
_________________________________ test_case_9 __________________________________

    def test_case_9():
        linked_list_0 = module_0.LinkedList()
        assert len(linked_list_0) == 0
        linked_list_1 = module_0.LinkedList(*linked_list_0)
        assert f'{type(linked_list_1).__module__}.{type(linked_list_1).__qualname__}' == 'linkedList2.LinkedList'
        assert len(linked_list_1) == 0
        var_0 = linked_list_1.__repr__()
        assert var_0 == 'link:[]'
        var_1 = linked_list_1.prepend(linked_list_1)
&gt;       assert len(linked_list_1) == 1
E       AssertionError: assert 0 == 1
E        +  where 0 = len(&lt;[RecursionError('maximum recursion depth exceeded') raised in repr()] LinkedList object at 0x7f4dca692b00&gt;)

WHOLE_SUITE/test_linkedList2_WHOLE_SUITE.py:111: AssertionError
_________________________________ test_case_10 _________________________________

    def test_case_10():
        float_0 = 1448.9429
        list_0 = [float_0, float_0, float_0]
        linked_list_0 = module_0.LinkedList(*list_0)
&gt;       assert len(linked_list_0) == 3
E       assert 0 == 3
E        +  where 0 = len(link:[1448.9429,1448.9429,1448.9429])

WHOLE_SUITE/test_linkedList2_WHOLE_SUITE.py:117: AssertionError
=========================== short test summary info ============================
FAILED WHOLE_SUITE/test_linkedList2_WHOLE_SUITE.py::test_case_1 - assert 0 == 1
FAILED WHOLE_SUITE/test_linkedList2_WHOLE_SUITE.py::test_case_4 - AssertionEr...
FAILED WHOLE_SUITE/test_linkedList2_WHOLE_SUITE.py::test_case_8 - assert 0 == 1
FAILED WHOLE_SUITE/test_linkedList2_WHOLE_SUITE.py::test_case_9 - AssertionEr...
FAILED WHOLE_SUITE/test_linkedList2_WHOLE_SUITE.py::test_case_10 - assert 0 == 3
========================= 5 failed, 6 passed in 0.24s ==========================
</pre></div></div></div></div></div><div class="mb-1" id="job_list___sub_accordion_44"><div class="card"><a data-toggle="collapse" data-target="#job_list___sub_collapse_44_1" aria-expanded="false" aria-controls="job_list___sub_collapse_44_1" href="#" class="job_list___sub_multi_heading"><div role="alert" class="card-header alert-success" id="job_list___sub_heading_44_1"><button class="btn btn-outline-success"><span class="job_id">44 : Job ID 5c561d69fcfd468a981728c04453e458</span></button></div></a><div aria-labelledby="job_list___sub_heading_44_1" data-parent="#job_list___sub_accordion_44" class="collapse job_list___sub_multi_collapse" id="job_list___sub_collapse_44_1"><div class="card-body"><div class="work-item"><div class="alert alert-success test-outcome" role="alert"><p>worker outcome: normal</p><p>test outcome: killed</p></div></div><pre class="location"><a href="pycharm://open?file=linkedList2.py&amp;line=28" class="text-secondary"><button class="btn btn-outline-dark">linkedList2.py, start pos: (28, 17), end pos: (28, 22)</button></a></pre><pre>operator: core/ZeroIterationForLoop, occurrence: 0</pre><div class="alert alert-secondary"><pre class="diff">--- mutation diff ---
--- alinkedList2.py
+++ blinkedList2.py
@@ -25,7 +25,7 @@
     def __init__(self, *start):
         """Demonstrate linked lists in Python."""
         self.head  = None
-        for _ in start:
+        for _ in []:
             self.prepend(_)
 
     def prepend(self, value):</pre></div><div class="alert alert-secondary"><pre class="diff">============================= test session starts ==============================
platform linux -- Python 3.10.10, pytest-7.2.1, pluggy-1.0.0
rootdir: /home/auri/temp/lucca/python_experiments/linkedList2
collected 11 items

WHOLE_SUITE/test_linkedList2_WHOLE_SUITE.py .F..F.....F                  [100%]

=================================== FAILURES ===================================
_________________________________ test_case_1 __________________________________

    def test_case_1():
        tuple_0 = ()
        linked_node_0 = module_0.LinkedNode(tuple_0)
        set_0 = set()
        list_0 = []
        var_0 = linked_node_0.checkInfinite()
        assert var_0 is False
        var_1 = var_0.__repr__()
        linked_list_0 = module_0.LinkedList(*list_0)
        assert len(linked_list_0) == 0
        var_2 = linked_list_0.remove(set_0)
        assert var_2 is False
        str_0 = '3'
        linked_list_1 = module_0.LinkedList(*str_0)
&gt;       assert len(linked_list_1) == 1
E       assert 0 == 1
E        +  where 0 = len(link:[])

WHOLE_SUITE/test_linkedList2_WHOLE_SUITE.py:25: AssertionError
_________________________________ test_case_4 __________________________________

    def test_case_4():
        bool_0 = False
        bytes_0 = b'\x14\x0f\xf4'
        list_0 = [bytes_0, bytes_0, bytes_0, bool_0]
        linked_list_0 = module_0.LinkedList(*list_0)
&gt;       assert len(linked_list_0) == 4
E       assert 0 == 4
E        +  where 0 = len(link:[])

WHOLE_SUITE/test_linkedList2_WHOLE_SUITE.py:63: AssertionError
_________________________________ test_case_10 _________________________________

    def test_case_10():
        float_0 = 1448.9429
        list_0 = [float_0, float_0, float_0]
        linked_list_0 = module_0.LinkedList(*list_0)
&gt;       assert len(linked_list_0) == 3
E       assert 0 == 3
E        +  where 0 = len(link:[])

WHOLE_SUITE/test_linkedList2_WHOLE_SUITE.py:117: AssertionError
=========================== short test summary info ============================
FAILED WHOLE_SUITE/test_linkedList2_WHOLE_SUITE.py::test_case_1 - assert 0 == 1
FAILED WHOLE_SUITE/test_linkedList2_WHOLE_SUITE.py::test_case_4 - assert 0 == 4
FAILED WHOLE_SUITE/test_linkedList2_WHOLE_SUITE.py::test_case_10 - assert 0 == 3
========================= 3 failed, 8 passed in 0.33s ==========================
</pre></div></div></div></div></div></div></div></div></div></div><script src="https://code.jquery.com/jquery-3.3.1.slim.min.js" integrity="sha384-q8i/X+965DzO0rT7abK41JStQIAqVgRVzpbzo5smXKp4YfRvH+8abtTE1Pi6jizo" crossorigin="anonymous"></script><script src="https://cdnjs.cloudflare.com/ajax/libs/popper.js/1.14.7/umd/popper.min.js" integrity="sha384-UO2eT0CpHqdSJQ6hJty5KVphtPhzWj9WO1clHTMGa3JDZwrnQq4sF86dIHNDz0W1" crossorigin="anonymous"></script><script src="https://stackpath.bootstrapcdn.com/bootstrap/4.3.1/js/bootstrap.min.js" integrity="sha384-JjSmVgyd0p3pXB1rRibZUAYoIIy6OrQ6VrjIEaFf/nJGzIxFDsf4x0xIM+B07jRM" crossorigin="anonymous"></script><script type="text/javascript">$('div.job_list___sub_multi_collapse').on('shown.bs.collapse',  function () {    correct_behavior_functional_buttons();  });$('div.job_list___sub_multi_collapse').on('hidden.bs.collapse',  function () {    correct_behavior_functional_buttons();  });function correct_behavior_functional_buttons() {    var expand = false;    var collapse = false;    $('a.job_list___sub_multi_heading').each(function(index) {      if ($(this).attr('aria-expanded') == 'false') {        expand = true;        return false;      };    });    $('a.job_list___sub_multi_heading').each(function(index) {      if ($(this).attr('aria-expanded') == 'true') {        collapse = true;        return false;      };    });    if (expand) {      $('div#job_item_expand_all').css('display', 'inline-block');    } else {      $('div#job_item_expand_all').css('display', 'none');    };    if (collapse) {      $('div#job_item_collapse_all').css('display', 'inline-block');    } else {      $('div#job_item_collapse_all').css('display', 'none');    };  };correct_behavior_functional_buttons();</script></body></html>
