<!DOCTYPE html><html lang="en"><head><meta charset="utf-8" /><meta name="viewport" content="width=device-width, initial-scale=1, shrink-to-fit=no" /><link rel="stylesheet" href="https://stackpath.bootstrapcdn.com/bootstrap/4.3.1/css/bootstrap.min.css" integrity="sha384-ggOyR0iXCbMQv3Xipma34MD+dH/1fQ784/j6cY/iJTQUOhcWr7x9JvoRxT2MZw1T" crossorigin="anonymous" /><title>Cosmic Ray Report</title></head><body><div class="container"><h1><p class="text-dark">Cosmic Ray Report</p></h1></div><div class="container"><div class="mb-1" id="summary_info___accordion"><div class="card"><a data-toggle="collapse" data-target="#summary_info___collapse_1" aria-expanded="true" aria-controls="summary_info___collapse_1" href="#"><div class="card-header" id="summary_info___heading_1"><button class="btn btn-outline-dark"><h4 class="m-0">Summary info</h4></button></div></a><div aria-labelledby="summary_info___heading_1" data-parent="#summary_info___accordion" class="collapse show" id="summary_info___collapse_1"><div class="card-body"><p>Date time: 04/03/2023 22:42:35</p><p>Total jobs: 44</p><p>Complete: 44 (100.00%)</p><p>Surviving mutants: 5 (11.36%)</p></div></div></div></div><div class="mb-1" id="job_list___accordion"><div class="card"><a data-toggle="collapse" data-target="#job_list___collapse_1" aria-expanded="false" aria-controls="job_list___collapse_1" href="#"><div class="card-header" id="job_list___heading_1"><button class="btn btn-outline-dark"><h4 class="m-0">Job list</h4></button></div></a><div aria-labelledby="job_list___heading_1" data-parent="#job_list___accordion" class="collapse" id="job_list___collapse_1"><div class="card-body"><div class="text-right mb-1"><div class="mx-1" id="job_item_expand_all"><a href="#" onclick="$('div.job_list___sub_multi_collapse').collapse('show');"><button class="btn btn-outline-dark"><span>Expand All</span></button></a></div><div class="mx-1" id="job_item_collapse_all"><a href="#" onclick="$('div.job_list___sub_multi_collapse').collapse('hide');"><button class="btn btn-outline-dark"><span>Collapse All</span></button></a></div></div><div class="mb-1" id="job_list___sub_accordion_1"><div class="card"><a data-toggle="collapse" data-target="#job_list___sub_collapse_1_1" aria-expanded="false" aria-controls="job_list___sub_collapse_1_1" href="#" class="job_list___sub_multi_heading"><div role="alert" class="card-header alert-success" id="job_list___sub_heading_1_1"><button class="btn btn-outline-success"><span class="job_id">1 : Job ID ca0fcc0ba6b64f7fa57b62b7f7b10309</span></button></div></a><div aria-labelledby="job_list___sub_heading_1_1" data-parent="#job_list___sub_accordion_1" class="collapse job_list___sub_multi_collapse" id="job_list___sub_collapse_1_1"><div class="card-body"><div class="work-item"><div class="alert alert-success test-outcome" role="alert"><p>worker outcome: normal</p><p>test outcome: killed</p></div></div><pre class="location"><a href="pycharm://open?file=linkedList2.py&amp;line=21" class="text-secondary"><button class="btn btn-outline-dark">linkedList2.py, start pos: (21, 18), end pos: (21, 20)</button></a></pre><pre>operator: core/ReplaceComparisonOperator_Eq_NotEq, occurrence: 0</pre><div class="alert alert-secondary"><pre class="diff">--- mutation diff ---
--- alinkedList2.py
+++ blinkedList2.py
@@ -18,7 +18,7 @@
             p1 = p1.next
             p2 = p2.next.next
             
-            if p1 == p2: return True
+            if p1 != p2: return True
         return False
 
 class LinkedList:</pre></div><div class="alert alert-secondary"><pre class="diff">============================= test session starts ==============================
platform linux -- Python 3.10.10, pytest-7.2.1, pluggy-1.0.0
rootdir: /home/auri/temp/lucca/python_experiments/linkedList2
collected 16 items

MOSA/test_linkedList2_MOSA.py ........F....FF.                           [100%]

=================================== FAILURES ===================================
_________________________________ test_case_8 __________________________________

    def test_case_8():
        linked_list_0 = module_0.LinkedList()
        assert len(linked_list_0) == 0
        linked_node_0 = module_0.LinkedNode(linked_list_0)
        assert len(linked_node_0.value) == 0
        none_type_0 = None
        var_0 = linked_list_0.remove(none_type_0)
        assert var_0 is False
        var_1 = linked_list_0.__len__()
        assert var_1 == 0
        var_2 = linked_list_0.prepend(none_type_0)
        assert len(linked_list_0) == 1
        assert len(linked_node_0.value) == 1
        var_3 = linked_list_0.prepend(var_1)
        assert len(linked_list_0) == 2
        assert len(linked_node_0.value) == 2
        linked_node_1 = module_0.LinkedNode(linked_list_0, linked_node_0)
        assert len(linked_node_1.value) == 2
        var_4 = linked_node_1.checkInfinite()
&gt;       assert var_4 is False
E       assert True is False

MOSA/test_linkedList2_MOSA.py:88: AssertionError
_________________________________ test_case_13 _________________________________

    def test_case_13():
        linked_list_0 = module_0.LinkedList()
        assert len(linked_list_0) == 0
        linked_node_0 = module_0.LinkedNode(linked_list_0)
        assert len(linked_node_0.value) == 0
        linked_node_1 = module_0.LinkedNode(linked_list_0, linked_node_0)
        assert len(linked_node_1.value) == 0
        var_0 = linked_node_1.checkInfinite()
&gt;       assert var_0 is False
E       assert True is False

MOSA/test_linkedList2_MOSA.py:167: AssertionError
_________________________________ test_case_14 _________________________________

    def test_case_14():
        linked_list_0 = module_0.LinkedList()
        assert len(linked_list_0) == 0
        linked_node_0 = module_0.LinkedNode(linked_list_0)
        assert len(linked_node_0.value) == 0
        linked_node_1 = module_0.LinkedNode(linked_list_0, linked_node_0)
        assert len(linked_node_1.value) == 0
        var_0 = linked_node_1.checkInfinite()
&gt;       assert var_0 is False
E       assert True is False

MOSA/test_linkedList2_MOSA.py:182: AssertionError
=========================== short test summary info ============================
FAILED MOSA/test_linkedList2_MOSA.py::test_case_8 - assert True is False
FAILED MOSA/test_linkedList2_MOSA.py::test_case_13 - assert True is False
FAILED MOSA/test_linkedList2_MOSA.py::test_case_14 - assert True is False
========================= 3 failed, 13 passed in 0.24s =========================
</pre></div></div></div></div></div><div class="mb-1" id="job_list___sub_accordion_2"><div class="card"><a data-toggle="collapse" data-target="#job_list___sub_collapse_2_1" aria-expanded="false" aria-controls="job_list___sub_collapse_2_1" href="#" class="job_list___sub_multi_heading"><div role="alert" class="card-header alert-success" id="job_list___sub_heading_2_1"><button class="btn btn-outline-success"><span class="job_id">2 : Job ID af2a2ed63bbb4a68ab8dca296d2fd7af</span></button></div></a><div aria-labelledby="job_list___sub_heading_2_1" data-parent="#job_list___sub_accordion_2" class="collapse job_list___sub_multi_collapse" id="job_list___sub_collapse_2_1"><div class="card-body"><div class="work-item"><div class="alert alert-success test-outcome" role="alert"><p>worker outcome: normal</p><p>test outcome: killed</p></div></div><pre class="location"><a href="pycharm://open?file=linkedList2.py&amp;line=48" class="text-secondary"><button class="btn btn-outline-dark">linkedList2.py, start pos: (48, 23), end pos: (48, 25)</button></a></pre><pre>operator: core/ReplaceComparisonOperator_Eq_NotEq, occurrence: 1</pre><div class="alert alert-secondary"><pre class="diff">--- mutation diff ---
--- alinkedList2.py
+++ blinkedList2.py
@@ -45,7 +45,7 @@
         n = self.head
         last = None
         while n != None:
-            if n.value == value:
+            if n.value != value:
                 if last == None:
                     self.head = self.head.next
                 else:</pre></div><div class="alert alert-secondary"><pre class="diff">============================= test session starts ==============================
platform linux -- Python 3.10.10, pytest-7.2.1, pluggy-1.0.0
rootdir: /home/auri/temp/lucca/python_experiments/linkedList2
collected 16 items

MOSA/test_linkedList2_MOSA.py ......F..F.FF...                           [100%]

=================================== FAILURES ===================================
_________________________________ test_case_6 __________________________________

    def test_case_6():
        linked_list_0 = module_0.LinkedList()
        assert len(linked_list_0) == 0
        var_0 = linked_list_0.prepend(linked_list_0)
        assert len(linked_list_0) == 1
        var_1 = linked_list_0.remove(linked_list_0)
&gt;       assert var_1 is True
E       assert False is True

MOSA/test_linkedList2_MOSA.py:57: AssertionError
_________________________________ test_case_9 __________________________________

    def test_case_9():
        linked_list_0 = module_0.LinkedList()
        assert len(linked_list_0) == 0
        linked_node_0 = module_0.LinkedNode(linked_list_0)
        assert len(linked_node_0.value) == 0
        var_0 = linked_list_0.__len__()
        assert var_0 == 0
        var_1 = linked_list_0.prepend(var_0)
        assert len(linked_list_0) == 1
        assert len(linked_node_0.value) == 1
        linked_list_1 = module_0.LinkedList(*linked_list_0)
        assert f'{type(linked_list_1).__module__}.{type(linked_list_1).__qualname__}' == 'linkedList2.LinkedList'
        assert len(linked_list_1) == 1
        var_2 = linked_list_0.remove(var_0)
&gt;       assert var_2 is True
E       assert False is True

MOSA/test_linkedList2_MOSA.py:112: AssertionError
_________________________________ test_case_11 _________________________________

    def test_case_11():
        linked_list_0 = module_0.LinkedList()
        assert len(linked_list_0) == 0
        linked_node_0 = module_0.LinkedNode(linked_list_0)
        assert len(linked_node_0.value) == 0
        var_0 = linked_list_0.__len__()
        assert var_0 == 0
        var_1 = linked_list_0.prepend(var_0)
        assert len(linked_list_0) == 1
        assert len(linked_node_0.value) == 1
        linked_list_1 = module_0.LinkedList(*linked_list_0)
        assert f'{type(linked_list_1).__module__}.{type(linked_list_1).__qualname__}' == 'linkedList2.LinkedList'
        assert len(linked_list_1) == 1
        var_2 = linked_list_1.__repr__()
        assert var_2 == 'link:[0]'
        var_3 = linked_list_0.remove(var_0)
&gt;       assert var_3 is True
E       assert False is True

MOSA/test_linkedList2_MOSA.py:141: AssertionError
_________________________________ test_case_12 _________________________________

    def test_case_12():
        linked_list_0 = module_0.LinkedList()
        assert len(linked_list_0) == 0
        var_0 = linked_list_0.__repr__()
        assert var_0 == 'link:[]'
        var_1 = var_0.__len__()
        assert var_1 == 7
        linked_list_1 = module_0.LinkedList(*var_0)
        assert len(linked_list_1) == 7
        var_2 = linked_list_1.remove(linked_list_1)
&gt;       assert var_2 is False
E       assert True is False

MOSA/test_linkedList2_MOSA.py:155: AssertionError
=========================== short test summary info ============================
FAILED MOSA/test_linkedList2_MOSA.py::test_case_6 - assert False is True
FAILED MOSA/test_linkedList2_MOSA.py::test_case_9 - assert False is True
FAILED MOSA/test_linkedList2_MOSA.py::test_case_11 - assert False is True
FAILED MOSA/test_linkedList2_MOSA.py::test_case_12 - assert True is False
========================= 4 failed, 12 passed in 0.47s =========================
</pre></div></div></div></div></div><div class="mb-1" id="job_list___sub_accordion_3"><div class="card"><a data-toggle="collapse" data-target="#job_list___sub_collapse_3_1" aria-expanded="false" aria-controls="job_list___sub_collapse_3_1" href="#" class="job_list___sub_multi_heading"><div role="alert" class="card-header alert-success" id="job_list___sub_heading_3_1"><button class="btn btn-outline-success"><span class="job_id">3 : Job ID 994275f99c064be6b4bb1b381d695e5e</span></button></div></a><div aria-labelledby="job_list___sub_heading_3_1" data-parent="#job_list___sub_accordion_3" class="collapse job_list___sub_multi_collapse" id="job_list___sub_collapse_3_1"><div class="card-body"><div class="work-item"><div class="alert alert-success test-outcome" role="alert"><p>worker outcome: normal</p><p>test outcome: killed</p></div></div><pre class="location"><a href="pycharm://open?file=linkedList2.py&amp;line=21" class="text-secondary"><button class="btn btn-outline-dark">linkedList2.py, start pos: (21, 18), end pos: (21, 20)</button></a></pre><pre>operator: core/ReplaceComparisonOperator_Eq_Lt, occurrence: 0</pre><div class="alert alert-secondary"><pre class="diff">--- mutation diff ---
--- alinkedList2.py
+++ blinkedList2.py
@@ -18,7 +18,7 @@
             p1 = p1.next
             p2 = p2.next.next
             
-            if p1 == p2: return True
+            if p1 &lt; p2: return True
         return False
 
 class LinkedList:</pre></div><div class="alert alert-secondary"><pre class="diff">============================= test session starts ==============================
platform linux -- Python 3.10.10, pytest-7.2.1, pluggy-1.0.0
rootdir: /home/auri/temp/lucca/python_experiments/linkedList2
collected 16 items

MOSA/test_linkedList2_MOSA.py ........F....FF.                           [100%]

=================================== FAILURES ===================================
_________________________________ test_case_8 __________________________________

    def test_case_8():
        linked_list_0 = module_0.LinkedList()
        assert len(linked_list_0) == 0
        linked_node_0 = module_0.LinkedNode(linked_list_0)
        assert len(linked_node_0.value) == 0
        none_type_0 = None
        var_0 = linked_list_0.remove(none_type_0)
        assert var_0 is False
        var_1 = linked_list_0.__len__()
        assert var_1 == 0
        var_2 = linked_list_0.prepend(none_type_0)
        assert len(linked_list_0) == 1
        assert len(linked_node_0.value) == 1
        var_3 = linked_list_0.prepend(var_1)
        assert len(linked_list_0) == 2
        assert len(linked_node_0.value) == 2
        linked_node_1 = module_0.LinkedNode(linked_list_0, linked_node_0)
        assert len(linked_node_1.value) == 2
&gt;       var_4 = linked_node_1.checkInfinite()

MOSA/test_linkedList2_MOSA.py:87: 
_ _ _ _ _ _ _ _ _ _ _ _ _ _ _ _ _ _ _ _ _ _ _ _ _ _ _ _ _ _ _ _ _ _ _ _ _ _ _ _ 

self = &lt;linkedList2.LinkedNode object at 0x7fcec0fd6200&gt;

    def checkInfinite(self):
        """Check whether infinite loop via next."""
        p1 = p2 = self
        while p1 != None and p2 != None:
            if p2.next == None: return False
    
            p1 = p1.next
            p2 = p2.next.next
    
&gt;           if p1 &lt; p2: return True
E           TypeError: '&lt;' not supported between instances of 'LinkedNode' and 'NoneType'

linkedList2.py:21: TypeError
_________________________________ test_case_13 _________________________________

    def test_case_13():
        linked_list_0 = module_0.LinkedList()
        assert len(linked_list_0) == 0
        linked_node_0 = module_0.LinkedNode(linked_list_0)
        assert len(linked_node_0.value) == 0
        linked_node_1 = module_0.LinkedNode(linked_list_0, linked_node_0)
        assert len(linked_node_1.value) == 0
&gt;       var_0 = linked_node_1.checkInfinite()

MOSA/test_linkedList2_MOSA.py:166: 
_ _ _ _ _ _ _ _ _ _ _ _ _ _ _ _ _ _ _ _ _ _ _ _ _ _ _ _ _ _ _ _ _ _ _ _ _ _ _ _ 

self = &lt;linkedList2.LinkedNode object at 0x7fcec0c5f970&gt;

    def checkInfinite(self):
        """Check whether infinite loop via next."""
        p1 = p2 = self
        while p1 != None and p2 != None:
            if p2.next == None: return False
    
            p1 = p1.next
            p2 = p2.next.next
    
&gt;           if p1 &lt; p2: return True
E           TypeError: '&lt;' not supported between instances of 'LinkedNode' and 'NoneType'

linkedList2.py:21: TypeError
_________________________________ test_case_14 _________________________________

    def test_case_14():
        linked_list_0 = module_0.LinkedList()
        assert len(linked_list_0) == 0
        linked_node_0 = module_0.LinkedNode(linked_list_0)
        assert len(linked_node_0.value) == 0
        linked_node_1 = module_0.LinkedNode(linked_list_0, linked_node_0)
        assert len(linked_node_1.value) == 0
&gt;       var_0 = linked_node_1.checkInfinite()

MOSA/test_linkedList2_MOSA.py:181: 
_ _ _ _ _ _ _ _ _ _ _ _ _ _ _ _ _ _ _ _ _ _ _ _ _ _ _ _ _ _ _ _ _ _ _ _ _ _ _ _ 

self = &lt;linkedList2.LinkedNode object at 0x7fcec0fd6890&gt;

    def checkInfinite(self):
        """Check whether infinite loop via next."""
        p1 = p2 = self
        while p1 != None and p2 != None:
            if p2.next == None: return False
    
            p1 = p1.next
            p2 = p2.next.next
    
&gt;           if p1 &lt; p2: return True
E           TypeError: '&lt;' not supported between instances of 'LinkedNode' and 'NoneType'

linkedList2.py:21: TypeError
=========================== short test summary info ============================
FAILED MOSA/test_linkedList2_MOSA.py::test_case_8 - TypeError: '&lt;' not suppor...
FAILED MOSA/test_linkedList2_MOSA.py::test_case_13 - TypeError: '&lt;' not suppo...
FAILED MOSA/test_linkedList2_MOSA.py::test_case_14 - TypeError: '&lt;' not suppo...
========================= 3 failed, 13 passed in 0.29s =========================
</pre></div></div></div></div></div><div class="mb-1" id="job_list___sub_accordion_4"><div class="card"><a data-toggle="collapse" data-target="#job_list___sub_collapse_4_1" aria-expanded="false" aria-controls="job_list___sub_collapse_4_1" href="#" class="job_list___sub_multi_heading"><div role="alert" class="card-header alert-success" id="job_list___sub_heading_4_1"><button class="btn btn-outline-success"><span class="job_id">4 : Job ID b579f43ba5e34feabd727d5b544006ff</span></button></div></a><div aria-labelledby="job_list___sub_heading_4_1" data-parent="#job_list___sub_accordion_4" class="collapse job_list___sub_multi_collapse" id="job_list___sub_collapse_4_1"><div class="card-body"><div class="work-item"><div class="alert alert-success test-outcome" role="alert"><p>worker outcome: normal</p><p>test outcome: killed</p></div></div><pre class="location"><a href="pycharm://open?file=linkedList2.py&amp;line=48" class="text-secondary"><button class="btn btn-outline-dark">linkedList2.py, start pos: (48, 23), end pos: (48, 25)</button></a></pre><pre>operator: core/ReplaceComparisonOperator_Eq_Lt, occurrence: 1</pre><div class="alert alert-secondary"><pre class="diff">--- mutation diff ---
--- alinkedList2.py
+++ blinkedList2.py
@@ -45,7 +45,7 @@
         n = self.head
         last = None
         while n != None:
-            if n.value == value:
+            if n.value &lt; value:
                 if last == None:
                     self.head = self.head.next
                 else:</pre></div><div class="alert alert-secondary"><pre class="diff">============================= test session starts ==============================
platform linux -- Python 3.10.10, pytest-7.2.1, pluggy-1.0.0
rootdir: /home/auri/temp/lucca/python_experiments/linkedList2
collected 16 items

MOSA/test_linkedList2_MOSA.py ......F.FF.FF...                           [100%]

=================================== FAILURES ===================================
_________________________________ test_case_6 __________________________________

    def test_case_6():
        linked_list_0 = module_0.LinkedList()
        assert len(linked_list_0) == 0
        var_0 = linked_list_0.prepend(linked_list_0)
        assert len(linked_list_0) == 1
&gt;       var_1 = linked_list_0.remove(linked_list_0)

MOSA/test_linkedList2_MOSA.py:56: 
_ _ _ _ _ _ _ _ _ _ _ _ _ _ _ _ _ _ _ _ _ _ _ _ _ _ _ _ _ _ _ _ _ _ _ _ _ _ _ _ 

self = &lt;[RecursionError('maximum recursion depth exceeded in comparison') raised in repr()] LinkedList object at 0x7f1730e1b550&gt;
value = &lt;[RecursionError('maximum recursion depth exceeded in comparison') raised in repr()] LinkedList object at 0x7f1730e1b550&gt;

    def remove(self, value):
        """Remove value from list."""
        n = self.head
        last = None
        while n != None:
&gt;           if n.value &lt; value:
E           TypeError: '&lt;' not supported between instances of 'LinkedList' and 'LinkedList'

linkedList2.py:48: TypeError
_________________________________ test_case_8 __________________________________

    def test_case_8():
        linked_list_0 = module_0.LinkedList()
        assert len(linked_list_0) == 0
        linked_node_0 = module_0.LinkedNode(linked_list_0)
        assert len(linked_node_0.value) == 0
        none_type_0 = None
        var_0 = linked_list_0.remove(none_type_0)
        assert var_0 is False
        var_1 = linked_list_0.__len__()
        assert var_1 == 0
        var_2 = linked_list_0.prepend(none_type_0)
        assert len(linked_list_0) == 1
        assert len(linked_node_0.value) == 1
        var_3 = linked_list_0.prepend(var_1)
        assert len(linked_list_0) == 2
        assert len(linked_node_0.value) == 2
        linked_node_1 = module_0.LinkedNode(linked_list_0, linked_node_0)
        assert len(linked_node_1.value) == 2
        var_4 = linked_node_1.checkInfinite()
        assert var_4 is False
        linked_list_1 = module_0.LinkedList(*linked_list_0)
        assert f'{type(linked_list_1).__module__}.{type(linked_list_1).__qualname__}' == 'linkedList2.LinkedList'
        assert len(linked_list_1) == 2
&gt;       var_5 = linked_list_0.remove(var_4)

MOSA/test_linkedList2_MOSA.py:92: 
_ _ _ _ _ _ _ _ _ _ _ _ _ _ _ _ _ _ _ _ _ _ _ _ _ _ _ _ _ _ _ _ _ _ _ _ _ _ _ _ 

self = link:[0,None], value = False

    def remove(self, value):
        """Remove value from list."""
        n = self.head
        last = None
        while n != None:
&gt;           if n.value &lt; value:
E           TypeError: '&lt;' not supported between instances of 'NoneType' and 'bool'

linkedList2.py:48: TypeError
_________________________________ test_case_9 __________________________________

    def test_case_9():
        linked_list_0 = module_0.LinkedList()
        assert len(linked_list_0) == 0
        linked_node_0 = module_0.LinkedNode(linked_list_0)
        assert len(linked_node_0.value) == 0
        var_0 = linked_list_0.__len__()
        assert var_0 == 0
        var_1 = linked_list_0.prepend(var_0)
        assert len(linked_list_0) == 1
        assert len(linked_node_0.value) == 1
        linked_list_1 = module_0.LinkedList(*linked_list_0)
        assert f'{type(linked_list_1).__module__}.{type(linked_list_1).__qualname__}' == 'linkedList2.LinkedList'
        assert len(linked_list_1) == 1
        var_2 = linked_list_0.remove(var_0)
&gt;       assert var_2 is True
E       assert False is True

MOSA/test_linkedList2_MOSA.py:112: AssertionError
_________________________________ test_case_11 _________________________________

    def test_case_11():
        linked_list_0 = module_0.LinkedList()
        assert len(linked_list_0) == 0
        linked_node_0 = module_0.LinkedNode(linked_list_0)
        assert len(linked_node_0.value) == 0
        var_0 = linked_list_0.__len__()
        assert var_0 == 0
        var_1 = linked_list_0.prepend(var_0)
        assert len(linked_list_0) == 1
        assert len(linked_node_0.value) == 1
        linked_list_1 = module_0.LinkedList(*linked_list_0)
        assert f'{type(linked_list_1).__module__}.{type(linked_list_1).__qualname__}' == 'linkedList2.LinkedList'
        assert len(linked_list_1) == 1
        var_2 = linked_list_1.__repr__()
        assert var_2 == 'link:[0]'
        var_3 = linked_list_0.remove(var_0)
&gt;       assert var_3 is True
E       assert False is True

MOSA/test_linkedList2_MOSA.py:141: AssertionError
_________________________________ test_case_12 _________________________________

    def test_case_12():
        linked_list_0 = module_0.LinkedList()
        assert len(linked_list_0) == 0
        var_0 = linked_list_0.__repr__()
        assert var_0 == 'link:[]'
        var_1 = var_0.__len__()
        assert var_1 == 7
        linked_list_1 = module_0.LinkedList(*var_0)
        assert len(linked_list_1) == 7
&gt;       var_2 = linked_list_1.remove(linked_list_1)

MOSA/test_linkedList2_MOSA.py:154: 
_ _ _ _ _ _ _ _ _ _ _ _ _ _ _ _ _ _ _ _ _ _ _ _ _ _ _ _ _ _ _ _ _ _ _ _ _ _ _ _ 

self = link:[],[,:,k,n,i,l], value = link:[],[,:,k,n,i,l]

    def remove(self, value):
        """Remove value from list."""
        n = self.head
        last = None
        while n != None:
&gt;           if n.value &lt; value:
E           TypeError: '&lt;' not supported between instances of 'str' and 'LinkedList'

linkedList2.py:48: TypeError
=========================== short test summary info ============================
FAILED MOSA/test_linkedList2_MOSA.py::test_case_6 - TypeError: '&lt;' not suppor...
FAILED MOSA/test_linkedList2_MOSA.py::test_case_8 - TypeError: '&lt;' not suppor...
FAILED MOSA/test_linkedList2_MOSA.py::test_case_9 - assert False is True
FAILED MOSA/test_linkedList2_MOSA.py::test_case_11 - assert False is True
FAILED MOSA/test_linkedList2_MOSA.py::test_case_12 - TypeError: '&lt;' not suppo...
========================= 5 failed, 11 passed in 0.35s =========================
</pre></div></div></div></div></div><div class="mb-1" id="job_list___sub_accordion_5"><div class="card"><a data-toggle="collapse" data-target="#job_list___sub_collapse_5_1" aria-expanded="false" aria-controls="job_list___sub_collapse_5_1" href="#" class="job_list___sub_multi_heading"><div role="alert" class="card-header alert-success" id="job_list___sub_heading_5_1"><button class="btn btn-outline-success"><span class="job_id">5 : Job ID 0f93dcefe6ab47f897bffa1d6e509c32</span></button></div></a><div aria-labelledby="job_list___sub_heading_5_1" data-parent="#job_list___sub_accordion_5" class="collapse job_list___sub_multi_collapse" id="job_list___sub_collapse_5_1"><div class="card-body"><div class="work-item"><div class="alert alert-success test-outcome" role="alert"><p>worker outcome: normal</p><p>test outcome: killed</p></div></div><pre class="location"><a href="pycharm://open?file=linkedList2.py&amp;line=21" class="text-secondary"><button class="btn btn-outline-dark">linkedList2.py, start pos: (21, 18), end pos: (21, 20)</button></a></pre><pre>operator: core/ReplaceComparisonOperator_Eq_LtE, occurrence: 0</pre><div class="alert alert-secondary"><pre class="diff">--- mutation diff ---
--- alinkedList2.py
+++ blinkedList2.py
@@ -18,7 +18,7 @@
             p1 = p1.next
             p2 = p2.next.next
             
-            if p1 == p2: return True
+            if p1 &lt;= p2: return True
         return False
 
 class LinkedList:</pre></div><div class="alert alert-secondary"><pre class="diff">============================= test session starts ==============================
platform linux -- Python 3.10.10, pytest-7.2.1, pluggy-1.0.0
rootdir: /home/auri/temp/lucca/python_experiments/linkedList2
collected 16 items

MOSA/test_linkedList2_MOSA.py ........F....FF.                           [100%]

=================================== FAILURES ===================================
_________________________________ test_case_8 __________________________________

    def test_case_8():
        linked_list_0 = module_0.LinkedList()
        assert len(linked_list_0) == 0
        linked_node_0 = module_0.LinkedNode(linked_list_0)
        assert len(linked_node_0.value) == 0
        none_type_0 = None
        var_0 = linked_list_0.remove(none_type_0)
        assert var_0 is False
        var_1 = linked_list_0.__len__()
        assert var_1 == 0
        var_2 = linked_list_0.prepend(none_type_0)
        assert len(linked_list_0) == 1
        assert len(linked_node_0.value) == 1
        var_3 = linked_list_0.prepend(var_1)
        assert len(linked_list_0) == 2
        assert len(linked_node_0.value) == 2
        linked_node_1 = module_0.LinkedNode(linked_list_0, linked_node_0)
        assert len(linked_node_1.value) == 2
&gt;       var_4 = linked_node_1.checkInfinite()

MOSA/test_linkedList2_MOSA.py:87: 
_ _ _ _ _ _ _ _ _ _ _ _ _ _ _ _ _ _ _ _ _ _ _ _ _ _ _ _ _ _ _ _ _ _ _ _ _ _ _ _ 

self = &lt;linkedList2.LinkedNode object at 0x7fa8e92fa3b0&gt;

    def checkInfinite(self):
        """Check whether infinite loop via next."""
        p1 = p2 = self
        while p1 != None and p2 != None:
            if p2.next == None: return False
    
            p1 = p1.next
            p2 = p2.next.next
    
&gt;           if p1 &lt;= p2: return True
E           TypeError: '&lt;=' not supported between instances of 'LinkedNode' and 'NoneType'

linkedList2.py:21: TypeError
_________________________________ test_case_13 _________________________________

    def test_case_13():
        linked_list_0 = module_0.LinkedList()
        assert len(linked_list_0) == 0
        linked_node_0 = module_0.LinkedNode(linked_list_0)
        assert len(linked_node_0.value) == 0
        linked_node_1 = module_0.LinkedNode(linked_list_0, linked_node_0)
        assert len(linked_node_1.value) == 0
&gt;       var_0 = linked_node_1.checkInfinite()

MOSA/test_linkedList2_MOSA.py:166: 
_ _ _ _ _ _ _ _ _ _ _ _ _ _ _ _ _ _ _ _ _ _ _ _ _ _ _ _ _ _ _ _ _ _ _ _ _ _ _ _ 

self = &lt;linkedList2.LinkedNode object at 0x7fa8e910f4c0&gt;

    def checkInfinite(self):
        """Check whether infinite loop via next."""
        p1 = p2 = self
        while p1 != None and p2 != None:
            if p2.next == None: return False
    
            p1 = p1.next
            p2 = p2.next.next
    
&gt;           if p1 &lt;= p2: return True
E           TypeError: '&lt;=' not supported between instances of 'LinkedNode' and 'NoneType'

linkedList2.py:21: TypeError
_________________________________ test_case_14 _________________________________

    def test_case_14():
        linked_list_0 = module_0.LinkedList()
        assert len(linked_list_0) == 0
        linked_node_0 = module_0.LinkedNode(linked_list_0)
        assert len(linked_node_0.value) == 0
        linked_node_1 = module_0.LinkedNode(linked_list_0, linked_node_0)
        assert len(linked_node_1.value) == 0
&gt;       var_0 = linked_node_1.checkInfinite()

MOSA/test_linkedList2_MOSA.py:181: 
_ _ _ _ _ _ _ _ _ _ _ _ _ _ _ _ _ _ _ _ _ _ _ _ _ _ _ _ _ _ _ _ _ _ _ _ _ _ _ _ 

self = &lt;linkedList2.LinkedNode object at 0x7fa8e92face0&gt;

    def checkInfinite(self):
        """Check whether infinite loop via next."""
        p1 = p2 = self
        while p1 != None and p2 != None:
            if p2.next == None: return False
    
            p1 = p1.next
            p2 = p2.next.next
    
&gt;           if p1 &lt;= p2: return True
E           TypeError: '&lt;=' not supported between instances of 'LinkedNode' and 'NoneType'

linkedList2.py:21: TypeError
=========================== short test summary info ============================
FAILED MOSA/test_linkedList2_MOSA.py::test_case_8 - TypeError: '&lt;=' not suppo...
FAILED MOSA/test_linkedList2_MOSA.py::test_case_13 - TypeError: '&lt;=' not supp...
FAILED MOSA/test_linkedList2_MOSA.py::test_case_14 - TypeError: '&lt;=' not supp...
========================= 3 failed, 13 passed in 0.24s =========================
</pre></div></div></div></div></div><div class="mb-1" id="job_list___sub_accordion_6"><div class="card"><a data-toggle="collapse" data-target="#job_list___sub_collapse_6_1" aria-expanded="false" aria-controls="job_list___sub_collapse_6_1" href="#" class="job_list___sub_multi_heading"><div role="alert" class="card-header alert-success" id="job_list___sub_heading_6_1"><button class="btn btn-outline-success"><span class="job_id">6 : Job ID 3130207aecf84c1681d0d7afa9601fb4</span></button></div></a><div aria-labelledby="job_list___sub_heading_6_1" data-parent="#job_list___sub_accordion_6" class="collapse job_list___sub_multi_collapse" id="job_list___sub_collapse_6_1"><div class="card-body"><div class="work-item"><div class="alert alert-success test-outcome" role="alert"><p>worker outcome: normal</p><p>test outcome: killed</p></div></div><pre class="location"><a href="pycharm://open?file=linkedList2.py&amp;line=48" class="text-secondary"><button class="btn btn-outline-dark">linkedList2.py, start pos: (48, 23), end pos: (48, 25)</button></a></pre><pre>operator: core/ReplaceComparisonOperator_Eq_LtE, occurrence: 1</pre><div class="alert alert-secondary"><pre class="diff">--- mutation diff ---
--- alinkedList2.py
+++ blinkedList2.py
@@ -45,7 +45,7 @@
         n = self.head
         last = None
         while n != None:
-            if n.value == value:
+            if n.value &lt;= value:
                 if last == None:
                     self.head = self.head.next
                 else:</pre></div><div class="alert alert-secondary"><pre class="diff">============================= test session starts ==============================
platform linux -- Python 3.10.10, pytest-7.2.1, pluggy-1.0.0
rootdir: /home/auri/temp/lucca/python_experiments/linkedList2
collected 16 items

MOSA/test_linkedList2_MOSA.py ......F.....F...                           [100%]

=================================== FAILURES ===================================
_________________________________ test_case_6 __________________________________

    def test_case_6():
        linked_list_0 = module_0.LinkedList()
        assert len(linked_list_0) == 0
        var_0 = linked_list_0.prepend(linked_list_0)
        assert len(linked_list_0) == 1
&gt;       var_1 = linked_list_0.remove(linked_list_0)

MOSA/test_linkedList2_MOSA.py:56: 
_ _ _ _ _ _ _ _ _ _ _ _ _ _ _ _ _ _ _ _ _ _ _ _ _ _ _ _ _ _ _ _ _ _ _ _ _ _ _ _ 

self = &lt;[RecursionError('maximum recursion depth exceeded in comparison') raised in repr()] LinkedList object at 0x7f78c9146770&gt;
value = &lt;[RecursionError('maximum recursion depth exceeded in comparison') raised in repr()] LinkedList object at 0x7f78c9146770&gt;

    def remove(self, value):
        """Remove value from list."""
        n = self.head
        last = None
        while n != None:
&gt;           if n.value &lt;= value:
E           TypeError: '&lt;=' not supported between instances of 'LinkedList' and 'LinkedList'

linkedList2.py:48: TypeError
_________________________________ test_case_12 _________________________________

    def test_case_12():
        linked_list_0 = module_0.LinkedList()
        assert len(linked_list_0) == 0
        var_0 = linked_list_0.__repr__()
        assert var_0 == 'link:[]'
        var_1 = var_0.__len__()
        assert var_1 == 7
        linked_list_1 = module_0.LinkedList(*var_0)
        assert len(linked_list_1) == 7
&gt;       var_2 = linked_list_1.remove(linked_list_1)

MOSA/test_linkedList2_MOSA.py:154: 
_ _ _ _ _ _ _ _ _ _ _ _ _ _ _ _ _ _ _ _ _ _ _ _ _ _ _ _ _ _ _ _ _ _ _ _ _ _ _ _ 

self = link:[],[,:,k,n,i,l], value = link:[],[,:,k,n,i,l]

    def remove(self, value):
        """Remove value from list."""
        n = self.head
        last = None
        while n != None:
&gt;           if n.value &lt;= value:
E           TypeError: '&lt;=' not supported between instances of 'str' and 'LinkedList'

linkedList2.py:48: TypeError
=========================== short test summary info ============================
FAILED MOSA/test_linkedList2_MOSA.py::test_case_6 - TypeError: '&lt;=' not suppo...
FAILED MOSA/test_linkedList2_MOSA.py::test_case_12 - TypeError: '&lt;=' not supp...
========================= 2 failed, 14 passed in 0.46s =========================
</pre></div></div></div></div></div><div class="mb-1" id="job_list___sub_accordion_7"><div class="card"><a data-toggle="collapse" data-target="#job_list___sub_collapse_7_1" aria-expanded="false" aria-controls="job_list___sub_collapse_7_1" href="#" class="job_list___sub_multi_heading"><div role="alert" class="card-header alert-success" id="job_list___sub_heading_7_1"><button class="btn btn-outline-success"><span class="job_id">7 : Job ID 452d1db1bfaf4457b1380aa78169c563</span></button></div></a><div aria-labelledby="job_list___sub_heading_7_1" data-parent="#job_list___sub_accordion_7" class="collapse job_list___sub_multi_collapse" id="job_list___sub_collapse_7_1"><div class="card-body"><div class="work-item"><div class="alert alert-success test-outcome" role="alert"><p>worker outcome: normal</p><p>test outcome: killed</p></div></div><pre class="location"><a href="pycharm://open?file=linkedList2.py&amp;line=21" class="text-secondary"><button class="btn btn-outline-dark">linkedList2.py, start pos: (21, 18), end pos: (21, 20)</button></a></pre><pre>operator: core/ReplaceComparisonOperator_Eq_Gt, occurrence: 0</pre><div class="alert alert-secondary"><pre class="diff">--- mutation diff ---
--- alinkedList2.py
+++ blinkedList2.py
@@ -18,7 +18,7 @@
             p1 = p1.next
             p2 = p2.next.next
             
-            if p1 == p2: return True
+            if p1 &gt; p2: return True
         return False
 
 class LinkedList:</pre></div><div class="alert alert-secondary"><pre class="diff">============================= test session starts ==============================
platform linux -- Python 3.10.10, pytest-7.2.1, pluggy-1.0.0
rootdir: /home/auri/temp/lucca/python_experiments/linkedList2
collected 16 items

MOSA/test_linkedList2_MOSA.py ........F....FF.                           [100%]

=================================== FAILURES ===================================
_________________________________ test_case_8 __________________________________

    def test_case_8():
        linked_list_0 = module_0.LinkedList()
        assert len(linked_list_0) == 0
        linked_node_0 = module_0.LinkedNode(linked_list_0)
        assert len(linked_node_0.value) == 0
        none_type_0 = None
        var_0 = linked_list_0.remove(none_type_0)
        assert var_0 is False
        var_1 = linked_list_0.__len__()
        assert var_1 == 0
        var_2 = linked_list_0.prepend(none_type_0)
        assert len(linked_list_0) == 1
        assert len(linked_node_0.value) == 1
        var_3 = linked_list_0.prepend(var_1)
        assert len(linked_list_0) == 2
        assert len(linked_node_0.value) == 2
        linked_node_1 = module_0.LinkedNode(linked_list_0, linked_node_0)
        assert len(linked_node_1.value) == 2
&gt;       var_4 = linked_node_1.checkInfinite()

MOSA/test_linkedList2_MOSA.py:87: 
_ _ _ _ _ _ _ _ _ _ _ _ _ _ _ _ _ _ _ _ _ _ _ _ _ _ _ _ _ _ _ _ _ _ _ _ _ _ _ _ 

self = &lt;linkedList2.LinkedNode object at 0x7f21d7b12470&gt;

    def checkInfinite(self):
        """Check whether infinite loop via next."""
        p1 = p2 = self
        while p1 != None and p2 != None:
            if p2.next == None: return False
    
            p1 = p1.next
            p2 = p2.next.next
    
&gt;           if p1 &gt; p2: return True
E           TypeError: '&gt;' not supported between instances of 'LinkedNode' and 'NoneType'

linkedList2.py:21: TypeError
_________________________________ test_case_13 _________________________________

    def test_case_13():
        linked_list_0 = module_0.LinkedList()
        assert len(linked_list_0) == 0
        linked_node_0 = module_0.LinkedNode(linked_list_0)
        assert len(linked_node_0.value) == 0
        linked_node_1 = module_0.LinkedNode(linked_list_0, linked_node_0)
        assert len(linked_node_1.value) == 0
&gt;       var_0 = linked_node_1.checkInfinite()

MOSA/test_linkedList2_MOSA.py:166: 
_ _ _ _ _ _ _ _ _ _ _ _ _ _ _ _ _ _ _ _ _ _ _ _ _ _ _ _ _ _ _ _ _ _ _ _ _ _ _ _ 

self = &lt;linkedList2.LinkedNode object at 0x7f21d779b970&gt;

    def checkInfinite(self):
        """Check whether infinite loop via next."""
        p1 = p2 = self
        while p1 != None and p2 != None:
            if p2.next == None: return False
    
            p1 = p1.next
            p2 = p2.next.next
    
&gt;           if p1 &gt; p2: return True
E           TypeError: '&gt;' not supported between instances of 'LinkedNode' and 'NoneType'

linkedList2.py:21: TypeError
_________________________________ test_case_14 _________________________________

    def test_case_14():
        linked_list_0 = module_0.LinkedList()
        assert len(linked_list_0) == 0
        linked_node_0 = module_0.LinkedNode(linked_list_0)
        assert len(linked_node_0.value) == 0
        linked_node_1 = module_0.LinkedNode(linked_list_0, linked_node_0)
        assert len(linked_node_1.value) == 0
&gt;       var_0 = linked_node_1.checkInfinite()

MOSA/test_linkedList2_MOSA.py:181: 
_ _ _ _ _ _ _ _ _ _ _ _ _ _ _ _ _ _ _ _ _ _ _ _ _ _ _ _ _ _ _ _ _ _ _ _ _ _ _ _ 

self = &lt;linkedList2.LinkedNode object at 0x7f21d7b128c0&gt;

    def checkInfinite(self):
        """Check whether infinite loop via next."""
        p1 = p2 = self
        while p1 != None and p2 != None:
            if p2.next == None: return False
    
            p1 = p1.next
            p2 = p2.next.next
    
&gt;           if p1 &gt; p2: return True
E           TypeError: '&gt;' not supported between instances of 'LinkedNode' and 'NoneType'

linkedList2.py:21: TypeError
=========================== short test summary info ============================
FAILED MOSA/test_linkedList2_MOSA.py::test_case_8 - TypeError: '&gt;' not suppor...
FAILED MOSA/test_linkedList2_MOSA.py::test_case_13 - TypeError: '&gt;' not suppo...
FAILED MOSA/test_linkedList2_MOSA.py::test_case_14 - TypeError: '&gt;' not suppo...
========================= 3 failed, 13 passed in 0.38s =========================
</pre></div></div></div></div></div><div class="mb-1" id="job_list___sub_accordion_8"><div class="card"><a data-toggle="collapse" data-target="#job_list___sub_collapse_8_1" aria-expanded="false" aria-controls="job_list___sub_collapse_8_1" href="#" class="job_list___sub_multi_heading"><div role="alert" class="card-header alert-success" id="job_list___sub_heading_8_1"><button class="btn btn-outline-success"><span class="job_id">8 : Job ID 2c468176de714a63b1c8bae541069f80</span></button></div></a><div aria-labelledby="job_list___sub_heading_8_1" data-parent="#job_list___sub_accordion_8" class="collapse job_list___sub_multi_collapse" id="job_list___sub_collapse_8_1"><div class="card-body"><div class="work-item"><div class="alert alert-success test-outcome" role="alert"><p>worker outcome: normal</p><p>test outcome: killed</p></div></div><pre class="location"><a href="pycharm://open?file=linkedList2.py&amp;line=48" class="text-secondary"><button class="btn btn-outline-dark">linkedList2.py, start pos: (48, 23), end pos: (48, 25)</button></a></pre><pre>operator: core/ReplaceComparisonOperator_Eq_Gt, occurrence: 1</pre><div class="alert alert-secondary"><pre class="diff">--- mutation diff ---
--- alinkedList2.py
+++ blinkedList2.py
@@ -45,7 +45,7 @@
         n = self.head
         last = None
         while n != None:
-            if n.value == value:
+            if n.value &gt; value:
                 if last == None:
                     self.head = self.head.next
                 else:</pre></div><div class="alert alert-secondary"><pre class="diff">============================= test session starts ==============================
platform linux -- Python 3.10.10, pytest-7.2.1, pluggy-1.0.0
rootdir: /home/auri/temp/lucca/python_experiments/linkedList2
collected 16 items

MOSA/test_linkedList2_MOSA.py ......F.FF.FF...                           [100%]

=================================== FAILURES ===================================
_________________________________ test_case_6 __________________________________

    def test_case_6():
        linked_list_0 = module_0.LinkedList()
        assert len(linked_list_0) == 0
        var_0 = linked_list_0.prepend(linked_list_0)
        assert len(linked_list_0) == 1
&gt;       var_1 = linked_list_0.remove(linked_list_0)

MOSA/test_linkedList2_MOSA.py:56: 
_ _ _ _ _ _ _ _ _ _ _ _ _ _ _ _ _ _ _ _ _ _ _ _ _ _ _ _ _ _ _ _ _ _ _ _ _ _ _ _ 

self = &lt;[RecursionError('maximum recursion depth exceeded in comparison') raised in repr()] LinkedList object at 0x7fde70e06ad0&gt;
value = &lt;[RecursionError('maximum recursion depth exceeded in comparison') raised in repr()] LinkedList object at 0x7fde70e06ad0&gt;

    def remove(self, value):
        """Remove value from list."""
        n = self.head
        last = None
        while n != None:
&gt;           if n.value &gt; value:
E           TypeError: '&gt;' not supported between instances of 'LinkedList' and 'LinkedList'

linkedList2.py:48: TypeError
_________________________________ test_case_8 __________________________________

    def test_case_8():
        linked_list_0 = module_0.LinkedList()
        assert len(linked_list_0) == 0
        linked_node_0 = module_0.LinkedNode(linked_list_0)
        assert len(linked_node_0.value) == 0
        none_type_0 = None
        var_0 = linked_list_0.remove(none_type_0)
        assert var_0 is False
        var_1 = linked_list_0.__len__()
        assert var_1 == 0
        var_2 = linked_list_0.prepend(none_type_0)
        assert len(linked_list_0) == 1
        assert len(linked_node_0.value) == 1
        var_3 = linked_list_0.prepend(var_1)
        assert len(linked_list_0) == 2
        assert len(linked_node_0.value) == 2
        linked_node_1 = module_0.LinkedNode(linked_list_0, linked_node_0)
        assert len(linked_node_1.value) == 2
        var_4 = linked_node_1.checkInfinite()
        assert var_4 is False
        linked_list_1 = module_0.LinkedList(*linked_list_0)
        assert f'{type(linked_list_1).__module__}.{type(linked_list_1).__qualname__}' == 'linkedList2.LinkedList'
        assert len(linked_list_1) == 2
&gt;       var_5 = linked_list_0.remove(var_4)

MOSA/test_linkedList2_MOSA.py:92: 
_ _ _ _ _ _ _ _ _ _ _ _ _ _ _ _ _ _ _ _ _ _ _ _ _ _ _ _ _ _ _ _ _ _ _ _ _ _ _ _ 

self = link:[0,None], value = False

    def remove(self, value):
        """Remove value from list."""
        n = self.head
        last = None
        while n != None:
&gt;           if n.value &gt; value:
E           TypeError: '&gt;' not supported between instances of 'NoneType' and 'bool'

linkedList2.py:48: TypeError
_________________________________ test_case_9 __________________________________

    def test_case_9():
        linked_list_0 = module_0.LinkedList()
        assert len(linked_list_0) == 0
        linked_node_0 = module_0.LinkedNode(linked_list_0)
        assert len(linked_node_0.value) == 0
        var_0 = linked_list_0.__len__()
        assert var_0 == 0
        var_1 = linked_list_0.prepend(var_0)
        assert len(linked_list_0) == 1
        assert len(linked_node_0.value) == 1
        linked_list_1 = module_0.LinkedList(*linked_list_0)
        assert f'{type(linked_list_1).__module__}.{type(linked_list_1).__qualname__}' == 'linkedList2.LinkedList'
        assert len(linked_list_1) == 1
        var_2 = linked_list_0.remove(var_0)
&gt;       assert var_2 is True
E       assert False is True

MOSA/test_linkedList2_MOSA.py:112: AssertionError
_________________________________ test_case_11 _________________________________

    def test_case_11():
        linked_list_0 = module_0.LinkedList()
        assert len(linked_list_0) == 0
        linked_node_0 = module_0.LinkedNode(linked_list_0)
        assert len(linked_node_0.value) == 0
        var_0 = linked_list_0.__len__()
        assert var_0 == 0
        var_1 = linked_list_0.prepend(var_0)
        assert len(linked_list_0) == 1
        assert len(linked_node_0.value) == 1
        linked_list_1 = module_0.LinkedList(*linked_list_0)
        assert f'{type(linked_list_1).__module__}.{type(linked_list_1).__qualname__}' == 'linkedList2.LinkedList'
        assert len(linked_list_1) == 1
        var_2 = linked_list_1.__repr__()
        assert var_2 == 'link:[0]'
        var_3 = linked_list_0.remove(var_0)
&gt;       assert var_3 is True
E       assert False is True

MOSA/test_linkedList2_MOSA.py:141: AssertionError
_________________________________ test_case_12 _________________________________

    def test_case_12():
        linked_list_0 = module_0.LinkedList()
        assert len(linked_list_0) == 0
        var_0 = linked_list_0.__repr__()
        assert var_0 == 'link:[]'
        var_1 = var_0.__len__()
        assert var_1 == 7
        linked_list_1 = module_0.LinkedList(*var_0)
        assert len(linked_list_1) == 7
&gt;       var_2 = linked_list_1.remove(linked_list_1)

MOSA/test_linkedList2_MOSA.py:154: 
_ _ _ _ _ _ _ _ _ _ _ _ _ _ _ _ _ _ _ _ _ _ _ _ _ _ _ _ _ _ _ _ _ _ _ _ _ _ _ _ 

self = link:[],[,:,k,n,i,l], value = link:[],[,:,k,n,i,l]

    def remove(self, value):
        """Remove value from list."""
        n = self.head
        last = None
        while n != None:
&gt;           if n.value &gt; value:
E           TypeError: '&gt;' not supported between instances of 'str' and 'LinkedList'

linkedList2.py:48: TypeError
=========================== short test summary info ============================
FAILED MOSA/test_linkedList2_MOSA.py::test_case_6 - TypeError: '&gt;' not suppor...
FAILED MOSA/test_linkedList2_MOSA.py::test_case_8 - TypeError: '&gt;' not suppor...
FAILED MOSA/test_linkedList2_MOSA.py::test_case_9 - assert False is True
FAILED MOSA/test_linkedList2_MOSA.py::test_case_11 - assert False is True
FAILED MOSA/test_linkedList2_MOSA.py::test_case_12 - TypeError: '&gt;' not suppo...
========================= 5 failed, 11 passed in 0.50s =========================
</pre></div></div></div></div></div><div class="mb-1" id="job_list___sub_accordion_9"><div class="card"><a data-toggle="collapse" data-target="#job_list___sub_collapse_9_1" aria-expanded="false" aria-controls="job_list___sub_collapse_9_1" href="#" class="job_list___sub_multi_heading"><div role="alert" class="card-header alert-success" id="job_list___sub_heading_9_1"><button class="btn btn-outline-success"><span class="job_id">9 : Job ID 5ac152012cfe4e9f90fe7a1b6db16778</span></button></div></a><div aria-labelledby="job_list___sub_heading_9_1" data-parent="#job_list___sub_accordion_9" class="collapse job_list___sub_multi_collapse" id="job_list___sub_collapse_9_1"><div class="card-body"><div class="work-item"><div class="alert alert-success test-outcome" role="alert"><p>worker outcome: normal</p><p>test outcome: killed</p></div></div><pre class="location"><a href="pycharm://open?file=linkedList2.py&amp;line=21" class="text-secondary"><button class="btn btn-outline-dark">linkedList2.py, start pos: (21, 18), end pos: (21, 20)</button></a></pre><pre>operator: core/ReplaceComparisonOperator_Eq_GtE, occurrence: 0</pre><div class="alert alert-secondary"><pre class="diff">--- mutation diff ---
--- alinkedList2.py
+++ blinkedList2.py
@@ -18,7 +18,7 @@
             p1 = p1.next
             p2 = p2.next.next
             
-            if p1 == p2: return True
+            if p1 &gt;= p2: return True
         return False
 
 class LinkedList:</pre></div><div class="alert alert-secondary"><pre class="diff">============================= test session starts ==============================
platform linux -- Python 3.10.10, pytest-7.2.1, pluggy-1.0.0
rootdir: /home/auri/temp/lucca/python_experiments/linkedList2
collected 16 items

MOSA/test_linkedList2_MOSA.py ........F....FF.                           [100%]

=================================== FAILURES ===================================
_________________________________ test_case_8 __________________________________

    def test_case_8():
        linked_list_0 = module_0.LinkedList()
        assert len(linked_list_0) == 0
        linked_node_0 = module_0.LinkedNode(linked_list_0)
        assert len(linked_node_0.value) == 0
        none_type_0 = None
        var_0 = linked_list_0.remove(none_type_0)
        assert var_0 is False
        var_1 = linked_list_0.__len__()
        assert var_1 == 0
        var_2 = linked_list_0.prepend(none_type_0)
        assert len(linked_list_0) == 1
        assert len(linked_node_0.value) == 1
        var_3 = linked_list_0.prepend(var_1)
        assert len(linked_list_0) == 2
        assert len(linked_node_0.value) == 2
        linked_node_1 = module_0.LinkedNode(linked_list_0, linked_node_0)
        assert len(linked_node_1.value) == 2
&gt;       var_4 = linked_node_1.checkInfinite()

MOSA/test_linkedList2_MOSA.py:87: 
_ _ _ _ _ _ _ _ _ _ _ _ _ _ _ _ _ _ _ _ _ _ _ _ _ _ _ _ _ _ _ _ _ _ _ _ _ _ _ _ 

self = &lt;linkedList2.LinkedNode object at 0x7fa44e7023e0&gt;

    def checkInfinite(self):
        """Check whether infinite loop via next."""
        p1 = p2 = self
        while p1 != None and p2 != None:
            if p2.next == None: return False
    
            p1 = p1.next
            p2 = p2.next.next
    
&gt;           if p1 &gt;= p2: return True
E           TypeError: '&gt;=' not supported between instances of 'LinkedNode' and 'NoneType'

linkedList2.py:21: TypeError
_________________________________ test_case_13 _________________________________

    def test_case_13():
        linked_list_0 = module_0.LinkedList()
        assert len(linked_list_0) == 0
        linked_node_0 = module_0.LinkedNode(linked_list_0)
        assert len(linked_node_0.value) == 0
        linked_node_1 = module_0.LinkedNode(linked_list_0, linked_node_0)
        assert len(linked_node_1.value) == 0
&gt;       var_0 = linked_node_1.checkInfinite()

MOSA/test_linkedList2_MOSA.py:166: 
_ _ _ _ _ _ _ _ _ _ _ _ _ _ _ _ _ _ _ _ _ _ _ _ _ _ _ _ _ _ _ _ _ _ _ _ _ _ _ _ 

self = &lt;linkedList2.LinkedNode object at 0x7fa44e38b970&gt;

    def checkInfinite(self):
        """Check whether infinite loop via next."""
        p1 = p2 = self
        while p1 != None and p2 != None:
            if p2.next == None: return False
    
            p1 = p1.next
            p2 = p2.next.next
    
&gt;           if p1 &gt;= p2: return True
E           TypeError: '&gt;=' not supported between instances of 'LinkedNode' and 'NoneType'

linkedList2.py:21: TypeError
_________________________________ test_case_14 _________________________________

    def test_case_14():
        linked_list_0 = module_0.LinkedList()
        assert len(linked_list_0) == 0
        linked_node_0 = module_0.LinkedNode(linked_list_0)
        assert len(linked_node_0.value) == 0
        linked_node_1 = module_0.LinkedNode(linked_list_0, linked_node_0)
        assert len(linked_node_1.value) == 0
&gt;       var_0 = linked_node_1.checkInfinite()

MOSA/test_linkedList2_MOSA.py:181: 
_ _ _ _ _ _ _ _ _ _ _ _ _ _ _ _ _ _ _ _ _ _ _ _ _ _ _ _ _ _ _ _ _ _ _ _ _ _ _ _ 

self = &lt;linkedList2.LinkedNode object at 0x7fa44e702920&gt;

    def checkInfinite(self):
        """Check whether infinite loop via next."""
        p1 = p2 = self
        while p1 != None and p2 != None:
            if p2.next == None: return False
    
            p1 = p1.next
            p2 = p2.next.next
    
&gt;           if p1 &gt;= p2: return True
E           TypeError: '&gt;=' not supported between instances of 'LinkedNode' and 'NoneType'

linkedList2.py:21: TypeError
=========================== short test summary info ============================
FAILED MOSA/test_linkedList2_MOSA.py::test_case_8 - TypeError: '&gt;=' not suppo...
FAILED MOSA/test_linkedList2_MOSA.py::test_case_13 - TypeError: '&gt;=' not supp...
FAILED MOSA/test_linkedList2_MOSA.py::test_case_14 - TypeError: '&gt;=' not supp...
========================= 3 failed, 13 passed in 0.24s =========================
</pre></div></div></div></div></div><div class="mb-1" id="job_list___sub_accordion_10"><div class="card"><a data-toggle="collapse" data-target="#job_list___sub_collapse_10_1" aria-expanded="false" aria-controls="job_list___sub_collapse_10_1" href="#" class="job_list___sub_multi_heading"><div role="alert" class="card-header alert-success" id="job_list___sub_heading_10_1"><button class="btn btn-outline-success"><span class="job_id">10 : Job ID df99666421294a32be06faf58e2f11a5</span></button></div></a><div aria-labelledby="job_list___sub_heading_10_1" data-parent="#job_list___sub_accordion_10" class="collapse job_list___sub_multi_collapse" id="job_list___sub_collapse_10_1"><div class="card-body"><div class="work-item"><div class="alert alert-success test-outcome" role="alert"><p>worker outcome: normal</p><p>test outcome: killed</p></div></div><pre class="location"><a href="pycharm://open?file=linkedList2.py&amp;line=48" class="text-secondary"><button class="btn btn-outline-dark">linkedList2.py, start pos: (48, 23), end pos: (48, 25)</button></a></pre><pre>operator: core/ReplaceComparisonOperator_Eq_GtE, occurrence: 1</pre><div class="alert alert-secondary"><pre class="diff">--- mutation diff ---
--- alinkedList2.py
+++ blinkedList2.py
@@ -45,7 +45,7 @@
         n = self.head
         last = None
         while n != None:
-            if n.value == value:
+            if n.value &gt;= value:
                 if last == None:
                     self.head = self.head.next
                 else:</pre></div><div class="alert alert-secondary"><pre class="diff">============================= test session starts ==============================
platform linux -- Python 3.10.10, pytest-7.2.1, pluggy-1.0.0
rootdir: /home/auri/temp/lucca/python_experiments/linkedList2
collected 16 items

MOSA/test_linkedList2_MOSA.py ......F.....F...                           [100%]

=================================== FAILURES ===================================
_________________________________ test_case_6 __________________________________

    def test_case_6():
        linked_list_0 = module_0.LinkedList()
        assert len(linked_list_0) == 0
        var_0 = linked_list_0.prepend(linked_list_0)
        assert len(linked_list_0) == 1
&gt;       var_1 = linked_list_0.remove(linked_list_0)

MOSA/test_linkedList2_MOSA.py:56: 
_ _ _ _ _ _ _ _ _ _ _ _ _ _ _ _ _ _ _ _ _ _ _ _ _ _ _ _ _ _ _ _ _ _ _ _ _ _ _ _ 

self = &lt;[RecursionError('maximum recursion depth exceeded in comparison') raised in repr()] LinkedList object at 0x7f38c9a7a6b0&gt;
value = &lt;[RecursionError('maximum recursion depth exceeded in comparison') raised in repr()] LinkedList object at 0x7f38c9a7a6b0&gt;

    def remove(self, value):
        """Remove value from list."""
        n = self.head
        last = None
        while n != None:
&gt;           if n.value &gt;= value:
E           TypeError: '&gt;=' not supported between instances of 'LinkedList' and 'LinkedList'

linkedList2.py:48: TypeError
_________________________________ test_case_12 _________________________________

    def test_case_12():
        linked_list_0 = module_0.LinkedList()
        assert len(linked_list_0) == 0
        var_0 = linked_list_0.__repr__()
        assert var_0 == 'link:[]'
        var_1 = var_0.__len__()
        assert var_1 == 7
        linked_list_1 = module_0.LinkedList(*var_0)
        assert len(linked_list_1) == 7
&gt;       var_2 = linked_list_1.remove(linked_list_1)

MOSA/test_linkedList2_MOSA.py:154: 
_ _ _ _ _ _ _ _ _ _ _ _ _ _ _ _ _ _ _ _ _ _ _ _ _ _ _ _ _ _ _ _ _ _ _ _ _ _ _ _ 

self = link:[],[,:,k,n,i,l], value = link:[],[,:,k,n,i,l]

    def remove(self, value):
        """Remove value from list."""
        n = self.head
        last = None
        while n != None:
&gt;           if n.value &gt;= value:
E           TypeError: '&gt;=' not supported between instances of 'str' and 'LinkedList'

linkedList2.py:48: TypeError
=========================== short test summary info ============================
FAILED MOSA/test_linkedList2_MOSA.py::test_case_6 - TypeError: '&gt;=' not suppo...
FAILED MOSA/test_linkedList2_MOSA.py::test_case_12 - TypeError: '&gt;=' not supp...
========================= 2 failed, 14 passed in 0.30s =========================
</pre></div></div></div></div></div><div class="mb-1" id="job_list___sub_accordion_11"><div class="card"><a data-toggle="collapse" data-target="#job_list___sub_collapse_11_1" aria-expanded="false" aria-controls="job_list___sub_collapse_11_1" href="#" class="job_list___sub_multi_heading"><div role="alert" class="card-header alert-danger" id="job_list___sub_heading_11_1"><button class="btn btn-outline-danger"><span class="job_id">11 : Job ID 178a52eafea2454e9bb2a16241be2568</span></button></div></a><div aria-labelledby="job_list___sub_heading_11_1" data-parent="#job_list___sub_accordion_11" class="collapse job_list___sub_multi_collapse" id="job_list___sub_collapse_11_1"><div class="card-body"><div class="work-item"><div class="alert alert-danger test-outcome" role="alert"><p>SURVIVED</p><p>worker outcome: normal</p><p>test outcome: survived</p></div></div><pre class="location"><a href="pycharm://open?file=linkedList2.py&amp;line=21" class="text-secondary"><button class="btn btn-outline-dark">linkedList2.py, start pos: (21, 18), end pos: (21, 20)</button></a></pre><pre>operator: core/ReplaceComparisonOperator_Eq_Is, occurrence: 0</pre><div class="alert alert-secondary"><pre class="diff">--- mutation diff ---
--- alinkedList2.py
+++ blinkedList2.py
@@ -18,7 +18,7 @@
             p1 = p1.next
             p2 = p2.next.next
             
-            if p1 == p2: return True
+            if p1 is p2: return True
         return False
 
 class LinkedList:</pre></div><div class="alert alert-secondary"><pre class="diff">============================= test session starts ==============================
platform linux -- Python 3.10.10, pytest-7.2.1, pluggy-1.0.0
rootdir: /home/auri/temp/lucca/python_experiments/linkedList2
collected 16 items

MOSA/test_linkedList2_MOSA.py ................                           [100%]

============================== 16 passed in 0.26s ==============================
</pre></div></div></div></div></div><div class="mb-1" id="job_list___sub_accordion_12"><div class="card"><a data-toggle="collapse" data-target="#job_list___sub_collapse_12_1" aria-expanded="false" aria-controls="job_list___sub_collapse_12_1" href="#" class="job_list___sub_multi_heading"><div role="alert" class="card-header alert-success" id="job_list___sub_heading_12_1"><button class="btn btn-outline-success"><span class="job_id">12 : Job ID 9a79fa390e0046dd9ca619e9f7d5b261</span></button></div></a><div aria-labelledby="job_list___sub_heading_12_1" data-parent="#job_list___sub_accordion_12" class="collapse job_list___sub_multi_collapse" id="job_list___sub_collapse_12_1"><div class="card-body"><div class="work-item"><div class="alert alert-success test-outcome" role="alert"><p>worker outcome: normal</p><p>test outcome: killed</p></div></div><pre class="location"><a href="pycharm://open?file=linkedList2.py&amp;line=48" class="text-secondary"><button class="btn btn-outline-dark">linkedList2.py, start pos: (48, 23), end pos: (48, 25)</button></a></pre><pre>operator: core/ReplaceComparisonOperator_Eq_Is, occurrence: 1</pre><div class="alert alert-secondary"><pre class="diff">--- mutation diff ---
--- alinkedList2.py
+++ blinkedList2.py
@@ -45,7 +45,7 @@
         n = self.head
         last = None
         while n != None:
-            if n.value == value:
+            if n.value is value:
                 if last == None:
                     self.head = self.head.next
                 else:</pre></div><div class="alert alert-secondary"><pre class="diff">============================= test session starts ==============================
platform linux -- Python 3.10.10, pytest-7.2.1, pluggy-1.0.0
rootdir: /home/auri/temp/lucca/python_experiments/linkedList2
collected 16 items

MOSA/test_linkedList2_MOSA.py ........F.......                           [100%]

=================================== FAILURES ===================================
_________________________________ test_case_8 __________________________________

    def test_case_8():
        linked_list_0 = module_0.LinkedList()
        assert len(linked_list_0) == 0
        linked_node_0 = module_0.LinkedNode(linked_list_0)
        assert len(linked_node_0.value) == 0
        none_type_0 = None
        var_0 = linked_list_0.remove(none_type_0)
        assert var_0 is False
        var_1 = linked_list_0.__len__()
        assert var_1 == 0
        var_2 = linked_list_0.prepend(none_type_0)
        assert len(linked_list_0) == 1
        assert len(linked_node_0.value) == 1
        var_3 = linked_list_0.prepend(var_1)
        assert len(linked_list_0) == 2
        assert len(linked_node_0.value) == 2
        linked_node_1 = module_0.LinkedNode(linked_list_0, linked_node_0)
        assert len(linked_node_1.value) == 2
        var_4 = linked_node_1.checkInfinite()
        assert var_4 is False
        linked_list_1 = module_0.LinkedList(*linked_list_0)
        assert f'{type(linked_list_1).__module__}.{type(linked_list_1).__qualname__}' == 'linkedList2.LinkedList'
        assert len(linked_list_1) == 2
        var_5 = linked_list_0.remove(var_4)
&gt;       assert var_5 is True
E       assert False is True

MOSA/test_linkedList2_MOSA.py:93: AssertionError
=========================== short test summary info ============================
FAILED MOSA/test_linkedList2_MOSA.py::test_case_8 - assert False is True
========================= 1 failed, 15 passed in 0.40s =========================
</pre></div></div></div></div></div><div class="mb-1" id="job_list___sub_accordion_13"><div class="card"><a data-toggle="collapse" data-target="#job_list___sub_collapse_13_1" aria-expanded="false" aria-controls="job_list___sub_collapse_13_1" href="#" class="job_list___sub_multi_heading"><div role="alert" class="card-header alert-success" id="job_list___sub_heading_13_1"><button class="btn btn-outline-success"><span class="job_id">13 : Job ID 633f54be23864aaf80990ac2995486d1</span></button></div></a><div aria-labelledby="job_list___sub_heading_13_1" data-parent="#job_list___sub_accordion_13" class="collapse job_list___sub_multi_collapse" id="job_list___sub_collapse_13_1"><div class="card-body"><div class="work-item"><div class="alert alert-success test-outcome" role="alert"><p>worker outcome: normal</p><p>test outcome: killed</p></div></div><pre class="location"><a href="pycharm://open?file=linkedList2.py&amp;line=16" class="text-secondary"><button class="btn btn-outline-dark">linkedList2.py, start pos: (16, 23), end pos: (16, 25)</button></a></pre><pre>operator: core/ReplaceComparisonOperator_Eq_IsNot, occurrence: 0</pre><div class="alert alert-secondary"><pre class="diff">--- mutation diff ---
--- alinkedList2.py
+++ blinkedList2.py
@@ -13,7 +13,7 @@
         """Check whether infinite loop via next."""
         p1 = p2 = self
         while p1 != None and p2 != None:
-            if p2.next == None: return False
+            if p2.next is not None: return False
 
             p1 = p1.next
             p2 = p2.next.next</pre></div><div class="alert alert-secondary"><pre class="diff">============================= test session starts ==============================
platform linux -- Python 3.10.10, pytest-7.2.1, pluggy-1.0.0
rootdir: /home/auri/temp/lucca/python_experiments/linkedList2
collected 16 items

MOSA/test_linkedList2_MOSA.py F...............                           [100%]

=================================== FAILURES ===================================
_________________________________ test_case_0 __________________________________

    def test_case_0():
        int_0 = -1270
        linked_node_0 = module_0.LinkedNode(int_0)
&gt;       var_0 = linked_node_0.checkInfinite()

MOSA/test_linkedList2_MOSA.py:8: 
_ _ _ _ _ _ _ _ _ _ _ _ _ _ _ _ _ _ _ _ _ _ _ _ _ _ _ _ _ _ _ _ _ _ _ _ _ _ _ _ 

self = &lt;linkedList2.LinkedNode object at 0x7fefec8127a0&gt;

    def checkInfinite(self):
        """Check whether infinite loop via next."""
        p1 = p2 = self
        while p1 != None and p2 != None:
            if p2.next is not None: return False
    
            p1 = p1.next
&gt;           p2 = p2.next.next
E           AttributeError: 'NoneType' object has no attribute 'next'

linkedList2.py:19: AttributeError
=========================== short test summary info ============================
FAILED MOSA/test_linkedList2_MOSA.py::test_case_0 - AttributeError: 'NoneType...
========================= 1 failed, 15 passed in 0.22s =========================
</pre></div></div></div></div></div><div class="mb-1" id="job_list___sub_accordion_14"><div class="card"><a data-toggle="collapse" data-target="#job_list___sub_collapse_14_1" aria-expanded="false" aria-controls="job_list___sub_collapse_14_1" href="#" class="job_list___sub_multi_heading"><div role="alert" class="card-header alert-success" id="job_list___sub_heading_14_1"><button class="btn btn-outline-success"><span class="job_id">14 : Job ID fe3a352a7b324b4bb83e16f77c7915a8</span></button></div></a><div aria-labelledby="job_list___sub_heading_14_1" data-parent="#job_list___sub_accordion_14" class="collapse job_list___sub_multi_collapse" id="job_list___sub_collapse_14_1"><div class="card-body"><div class="work-item"><div class="alert alert-success test-outcome" role="alert"><p>worker outcome: normal</p><p>test outcome: killed</p></div></div><pre class="location"><a href="pycharm://open?file=linkedList2.py&amp;line=21" class="text-secondary"><button class="btn btn-outline-dark">linkedList2.py, start pos: (21, 18), end pos: (21, 20)</button></a></pre><pre>operator: core/ReplaceComparisonOperator_Eq_IsNot, occurrence: 1</pre><div class="alert alert-secondary"><pre class="diff">--- mutation diff ---
--- alinkedList2.py
+++ blinkedList2.py
@@ -18,7 +18,7 @@
             p1 = p1.next
             p2 = p2.next.next
             
-            if p1 == p2: return True
+            if p1 is not p2: return True
         return False
 
 class LinkedList:</pre></div><div class="alert alert-secondary"><pre class="diff">============================= test session starts ==============================
platform linux -- Python 3.10.10, pytest-7.2.1, pluggy-1.0.0
rootdir: /home/auri/temp/lucca/python_experiments/linkedList2
collected 16 items

MOSA/test_linkedList2_MOSA.py ........F....FF.                           [100%]

=================================== FAILURES ===================================
_________________________________ test_case_8 __________________________________

    def test_case_8():
        linked_list_0 = module_0.LinkedList()
        assert len(linked_list_0) == 0
        linked_node_0 = module_0.LinkedNode(linked_list_0)
        assert len(linked_node_0.value) == 0
        none_type_0 = None
        var_0 = linked_list_0.remove(none_type_0)
        assert var_0 is False
        var_1 = linked_list_0.__len__()
        assert var_1 == 0
        var_2 = linked_list_0.prepend(none_type_0)
        assert len(linked_list_0) == 1
        assert len(linked_node_0.value) == 1
        var_3 = linked_list_0.prepend(var_1)
        assert len(linked_list_0) == 2
        assert len(linked_node_0.value) == 2
        linked_node_1 = module_0.LinkedNode(linked_list_0, linked_node_0)
        assert len(linked_node_1.value) == 2
        var_4 = linked_node_1.checkInfinite()
&gt;       assert var_4 is False
E       assert True is False

MOSA/test_linkedList2_MOSA.py:88: AssertionError
_________________________________ test_case_13 _________________________________

    def test_case_13():
        linked_list_0 = module_0.LinkedList()
        assert len(linked_list_0) == 0
        linked_node_0 = module_0.LinkedNode(linked_list_0)
        assert len(linked_node_0.value) == 0
        linked_node_1 = module_0.LinkedNode(linked_list_0, linked_node_0)
        assert len(linked_node_1.value) == 0
        var_0 = linked_node_1.checkInfinite()
&gt;       assert var_0 is False
E       assert True is False

MOSA/test_linkedList2_MOSA.py:167: AssertionError
_________________________________ test_case_14 _________________________________

    def test_case_14():
        linked_list_0 = module_0.LinkedList()
        assert len(linked_list_0) == 0
        linked_node_0 = module_0.LinkedNode(linked_list_0)
        assert len(linked_node_0.value) == 0
        linked_node_1 = module_0.LinkedNode(linked_list_0, linked_node_0)
        assert len(linked_node_1.value) == 0
        var_0 = linked_node_1.checkInfinite()
&gt;       assert var_0 is False
E       assert True is False

MOSA/test_linkedList2_MOSA.py:182: AssertionError
=========================== short test summary info ============================
FAILED MOSA/test_linkedList2_MOSA.py::test_case_8 - assert True is False
FAILED MOSA/test_linkedList2_MOSA.py::test_case_13 - assert True is False
FAILED MOSA/test_linkedList2_MOSA.py::test_case_14 - assert True is False
========================= 3 failed, 13 passed in 0.23s =========================
</pre></div></div></div></div></div><div class="mb-1" id="job_list___sub_accordion_15"><div class="card"><a data-toggle="collapse" data-target="#job_list___sub_collapse_15_1" aria-expanded="false" aria-controls="job_list___sub_collapse_15_1" href="#" class="job_list___sub_multi_heading"><div role="alert" class="card-header alert-success" id="job_list___sub_heading_15_1"><button class="btn btn-outline-success"><span class="job_id">15 : Job ID a767dac41b1e48ed98c70fc6e0ffec55</span></button></div></a><div aria-labelledby="job_list___sub_heading_15_1" data-parent="#job_list___sub_accordion_15" class="collapse job_list___sub_multi_collapse" id="job_list___sub_collapse_15_1"><div class="card-body"><div class="work-item"><div class="alert alert-success test-outcome" role="alert"><p>worker outcome: normal</p><p>test outcome: killed</p></div></div><pre class="location"><a href="pycharm://open?file=linkedList2.py&amp;line=48" class="text-secondary"><button class="btn btn-outline-dark">linkedList2.py, start pos: (48, 23), end pos: (48, 25)</button></a></pre><pre>operator: core/ReplaceComparisonOperator_Eq_IsNot, occurrence: 2</pre><div class="alert alert-secondary"><pre class="diff">--- mutation diff ---
--- alinkedList2.py
+++ blinkedList2.py
@@ -45,7 +45,7 @@
         n = self.head
         last = None
         while n != None:
-            if n.value == value:
+            if n.value is not value:
                 if last == None:
                     self.head = self.head.next
                 else:</pre></div><div class="alert alert-secondary"><pre class="diff">============================= test session starts ==============================
platform linux -- Python 3.10.10, pytest-7.2.1, pluggy-1.0.0
rootdir: /home/auri/temp/lucca/python_experiments/linkedList2
collected 16 items

MOSA/test_linkedList2_MOSA.py ......F..F.FF...                           [100%]

=================================== FAILURES ===================================
_________________________________ test_case_6 __________________________________

    def test_case_6():
        linked_list_0 = module_0.LinkedList()
        assert len(linked_list_0) == 0
        var_0 = linked_list_0.prepend(linked_list_0)
        assert len(linked_list_0) == 1
        var_1 = linked_list_0.remove(linked_list_0)
&gt;       assert var_1 is True
E       assert False is True

MOSA/test_linkedList2_MOSA.py:57: AssertionError
_________________________________ test_case_9 __________________________________

    def test_case_9():
        linked_list_0 = module_0.LinkedList()
        assert len(linked_list_0) == 0
        linked_node_0 = module_0.LinkedNode(linked_list_0)
        assert len(linked_node_0.value) == 0
        var_0 = linked_list_0.__len__()
        assert var_0 == 0
        var_1 = linked_list_0.prepend(var_0)
        assert len(linked_list_0) == 1
        assert len(linked_node_0.value) == 1
        linked_list_1 = module_0.LinkedList(*linked_list_0)
        assert f'{type(linked_list_1).__module__}.{type(linked_list_1).__qualname__}' == 'linkedList2.LinkedList'
        assert len(linked_list_1) == 1
        var_2 = linked_list_0.remove(var_0)
&gt;       assert var_2 is True
E       assert False is True

MOSA/test_linkedList2_MOSA.py:112: AssertionError
_________________________________ test_case_11 _________________________________

    def test_case_11():
        linked_list_0 = module_0.LinkedList()
        assert len(linked_list_0) == 0
        linked_node_0 = module_0.LinkedNode(linked_list_0)
        assert len(linked_node_0.value) == 0
        var_0 = linked_list_0.__len__()
        assert var_0 == 0
        var_1 = linked_list_0.prepend(var_0)
        assert len(linked_list_0) == 1
        assert len(linked_node_0.value) == 1
        linked_list_1 = module_0.LinkedList(*linked_list_0)
        assert f'{type(linked_list_1).__module__}.{type(linked_list_1).__qualname__}' == 'linkedList2.LinkedList'
        assert len(linked_list_1) == 1
        var_2 = linked_list_1.__repr__()
        assert var_2 == 'link:[0]'
        var_3 = linked_list_0.remove(var_0)
&gt;       assert var_3 is True
E       assert False is True

MOSA/test_linkedList2_MOSA.py:141: AssertionError
_________________________________ test_case_12 _________________________________

    def test_case_12():
        linked_list_0 = module_0.LinkedList()
        assert len(linked_list_0) == 0
        var_0 = linked_list_0.__repr__()
        assert var_0 == 'link:[]'
        var_1 = var_0.__len__()
        assert var_1 == 7
        linked_list_1 = module_0.LinkedList(*var_0)
        assert len(linked_list_1) == 7
        var_2 = linked_list_1.remove(linked_list_1)
&gt;       assert var_2 is False
E       assert True is False

MOSA/test_linkedList2_MOSA.py:155: AssertionError
=========================== short test summary info ============================
FAILED MOSA/test_linkedList2_MOSA.py::test_case_6 - assert False is True
FAILED MOSA/test_linkedList2_MOSA.py::test_case_9 - assert False is True
FAILED MOSA/test_linkedList2_MOSA.py::test_case_11 - assert False is True
FAILED MOSA/test_linkedList2_MOSA.py::test_case_12 - assert True is False
========================= 4 failed, 12 passed in 0.44s =========================
</pre></div></div></div></div></div><div class="mb-1" id="job_list___sub_accordion_16"><div class="card"><a data-toggle="collapse" data-target="#job_list___sub_collapse_16_1" aria-expanded="false" aria-controls="job_list___sub_collapse_16_1" href="#" class="job_list___sub_multi_heading"><div role="alert" class="card-header alert-success" id="job_list___sub_heading_16_1"><button class="btn btn-outline-success"><span class="job_id">16 : Job ID df0f198f69c24a7aa0fcdb3f8dc3539f</span></button></div></a><div aria-labelledby="job_list___sub_heading_16_1" data-parent="#job_list___sub_accordion_16" class="collapse job_list___sub_multi_collapse" id="job_list___sub_collapse_16_1"><div class="card-body"><div class="work-item"><div class="alert alert-success test-outcome" role="alert"><p>worker outcome: normal</p><p>test outcome: killed</p></div></div><pre class="location"><a href="pycharm://open?file=linkedList2.py&amp;line=49" class="text-secondary"><button class="btn btn-outline-dark">linkedList2.py, start pos: (49, 24), end pos: (49, 26)</button></a></pre><pre>operator: core/ReplaceComparisonOperator_Eq_IsNot, occurrence: 3</pre><div class="alert alert-secondary"><pre class="diff">--- mutation diff ---
--- alinkedList2.py
+++ blinkedList2.py
@@ -46,7 +46,7 @@
         last = None
         while n != None:
             if n.value == value:
-                if last == None:
+                if last is not None:
                     self.head = self.head.next
                 else:
                     last.next = n.next</pre></div><div class="alert alert-secondary"><pre class="diff">============================= test session starts ==============================
platform linux -- Python 3.10.10, pytest-7.2.1, pluggy-1.0.0
rootdir: /home/auri/temp/lucca/python_experiments/linkedList2
collected 16 items

MOSA/test_linkedList2_MOSA.py ......F.FF.F....                           [100%]

=================================== FAILURES ===================================
_________________________________ test_case_6 __________________________________

    def test_case_6():
        linked_list_0 = module_0.LinkedList()
        assert len(linked_list_0) == 0
        var_0 = linked_list_0.prepend(linked_list_0)
        assert len(linked_list_0) == 1
&gt;       var_1 = linked_list_0.remove(linked_list_0)

MOSA/test_linkedList2_MOSA.py:56: 
_ _ _ _ _ _ _ _ _ _ _ _ _ _ _ _ _ _ _ _ _ _ _ _ _ _ _ _ _ _ _ _ _ _ _ _ _ _ _ _ 

self = &lt;[RecursionError('maximum recursion depth exceeded in comparison') raised in repr()] LinkedList object at 0x7f1d8f526b30&gt;
value = &lt;[RecursionError('maximum recursion depth exceeded in comparison') raised in repr()] LinkedList object at 0x7f1d8f526b30&gt;

    def remove(self, value):
        """Remove value from list."""
        n = self.head
        last = None
        while n != None:
            if n.value == value:
                if last is not None:
                    self.head = self.head.next
                else:
&gt;                   last.next = n.next
E                   AttributeError: 'NoneType' object has no attribute 'next'

linkedList2.py:52: AttributeError
_________________________________ test_case_8 __________________________________

    def test_case_8():
        linked_list_0 = module_0.LinkedList()
        assert len(linked_list_0) == 0
        linked_node_0 = module_0.LinkedNode(linked_list_0)
        assert len(linked_node_0.value) == 0
        none_type_0 = None
        var_0 = linked_list_0.remove(none_type_0)
        assert var_0 is False
        var_1 = linked_list_0.__len__()
        assert var_1 == 0
        var_2 = linked_list_0.prepend(none_type_0)
        assert len(linked_list_0) == 1
        assert len(linked_node_0.value) == 1
        var_3 = linked_list_0.prepend(var_1)
        assert len(linked_list_0) == 2
        assert len(linked_node_0.value) == 2
        linked_node_1 = module_0.LinkedNode(linked_list_0, linked_node_0)
        assert len(linked_node_1.value) == 2
        var_4 = linked_node_1.checkInfinite()
        assert var_4 is False
        linked_list_1 = module_0.LinkedList(*linked_list_0)
        assert f'{type(linked_list_1).__module__}.{type(linked_list_1).__qualname__}' == 'linkedList2.LinkedList'
        assert len(linked_list_1) == 2
&gt;       var_5 = linked_list_0.remove(var_4)

MOSA/test_linkedList2_MOSA.py:92: 
_ _ _ _ _ _ _ _ _ _ _ _ _ _ _ _ _ _ _ _ _ _ _ _ _ _ _ _ _ _ _ _ _ _ _ _ _ _ _ _ 

self = link:[0,None], value = False

    def remove(self, value):
        """Remove value from list."""
        n = self.head
        last = None
        while n != None:
            if n.value == value:
                if last is not None:
                    self.head = self.head.next
                else:
&gt;                   last.next = n.next
E                   AttributeError: 'NoneType' object has no attribute 'next'

linkedList2.py:52: AttributeError
_________________________________ test_case_9 __________________________________

    def test_case_9():
        linked_list_0 = module_0.LinkedList()
        assert len(linked_list_0) == 0
        linked_node_0 = module_0.LinkedNode(linked_list_0)
        assert len(linked_node_0.value) == 0
        var_0 = linked_list_0.__len__()
        assert var_0 == 0
        var_1 = linked_list_0.prepend(var_0)
        assert len(linked_list_0) == 1
        assert len(linked_node_0.value) == 1
        linked_list_1 = module_0.LinkedList(*linked_list_0)
        assert f'{type(linked_list_1).__module__}.{type(linked_list_1).__qualname__}' == 'linkedList2.LinkedList'
        assert len(linked_list_1) == 1
&gt;       var_2 = linked_list_0.remove(var_0)

MOSA/test_linkedList2_MOSA.py:111: 
_ _ _ _ _ _ _ _ _ _ _ _ _ _ _ _ _ _ _ _ _ _ _ _ _ _ _ _ _ _ _ _ _ _ _ _ _ _ _ _ 

self = link:[0], value = 0

    def remove(self, value):
        """Remove value from list."""
        n = self.head
        last = None
        while n != None:
            if n.value == value:
                if last is not None:
                    self.head = self.head.next
                else:
&gt;                   last.next = n.next
E                   AttributeError: 'NoneType' object has no attribute 'next'

linkedList2.py:52: AttributeError
_________________________________ test_case_11 _________________________________

    def test_case_11():
        linked_list_0 = module_0.LinkedList()
        assert len(linked_list_0) == 0
        linked_node_0 = module_0.LinkedNode(linked_list_0)
        assert len(linked_node_0.value) == 0
        var_0 = linked_list_0.__len__()
        assert var_0 == 0
        var_1 = linked_list_0.prepend(var_0)
        assert len(linked_list_0) == 1
        assert len(linked_node_0.value) == 1
        linked_list_1 = module_0.LinkedList(*linked_list_0)
        assert f'{type(linked_list_1).__module__}.{type(linked_list_1).__qualname__}' == 'linkedList2.LinkedList'
        assert len(linked_list_1) == 1
        var_2 = linked_list_1.__repr__()
        assert var_2 == 'link:[0]'
&gt;       var_3 = linked_list_0.remove(var_0)

MOSA/test_linkedList2_MOSA.py:140: 
_ _ _ _ _ _ _ _ _ _ _ _ _ _ _ _ _ _ _ _ _ _ _ _ _ _ _ _ _ _ _ _ _ _ _ _ _ _ _ _ 

self = link:[0], value = 0

    def remove(self, value):
        """Remove value from list."""
        n = self.head
        last = None
        while n != None:
            if n.value == value:
                if last is not None:
                    self.head = self.head.next
                else:
&gt;                   last.next = n.next
E                   AttributeError: 'NoneType' object has no attribute 'next'

linkedList2.py:52: AttributeError
=========================== short test summary info ============================
FAILED MOSA/test_linkedList2_MOSA.py::test_case_6 - AttributeError: 'NoneType...
FAILED MOSA/test_linkedList2_MOSA.py::test_case_8 - AttributeError: 'NoneType...
FAILED MOSA/test_linkedList2_MOSA.py::test_case_9 - AttributeError: 'NoneType...
FAILED MOSA/test_linkedList2_MOSA.py::test_case_11 - AttributeError: 'NoneTyp...
========================= 4 failed, 12 passed in 0.26s =========================
</pre></div></div></div></div></div><div class="mb-1" id="job_list___sub_accordion_17"><div class="card"><a data-toggle="collapse" data-target="#job_list___sub_collapse_17_1" aria-expanded="false" aria-controls="job_list___sub_collapse_17_1" href="#" class="job_list___sub_multi_heading"><div role="alert" class="card-header alert-danger" id="job_list___sub_heading_17_1"><button class="btn btn-outline-danger"><span class="job_id">17 : Job ID 565ca6e253474bf4a1a3c2be3553abc3</span></button></div></a><div aria-labelledby="job_list___sub_heading_17_1" data-parent="#job_list___sub_accordion_17" class="collapse job_list___sub_multi_collapse" id="job_list___sub_collapse_17_1"><div class="card-body"><div class="work-item"><div class="alert alert-danger test-outcome" role="alert"><p>SURVIVED</p><p>worker outcome: normal</p><p>test outcome: survived</p></div></div><pre class="location"><a href="pycharm://open?file=linkedList2.py&amp;line=15" class="text-secondary"><button class="btn btn-outline-dark">linkedList2.py, start pos: (15, 17), end pos: (15, 19)</button></a></pre><pre>operator: core/ReplaceComparisonOperator_NotEq_Is, occurrence: 0</pre><div class="alert alert-secondary"><pre class="diff">--- mutation diff ---
--- alinkedList2.py
+++ blinkedList2.py
@@ -12,7 +12,7 @@
     def checkInfinite(self):
         """Check whether infinite loop via next."""
         p1 = p2 = self
-        while p1 != None and p2 != None:
+        while p1 is None and p2 != None:
             if p2.next == None: return False
 
             p1 = p1.next</pre></div><div class="alert alert-secondary"><pre class="diff">============================= test session starts ==============================
platform linux -- Python 3.10.10, pytest-7.2.1, pluggy-1.0.0
rootdir: /home/auri/temp/lucca/python_experiments/linkedList2
collected 16 items

MOSA/test_linkedList2_MOSA.py ................                           [100%]

============================== 16 passed in 0.19s ==============================
</pre></div></div></div></div></div><div class="mb-1" id="job_list___sub_accordion_18"><div class="card"><a data-toggle="collapse" data-target="#job_list___sub_collapse_18_1" aria-expanded="false" aria-controls="job_list___sub_collapse_18_1" href="#" class="job_list___sub_multi_heading"><div role="alert" class="card-header alert-danger" id="job_list___sub_heading_18_1"><button class="btn btn-outline-danger"><span class="job_id">18 : Job ID f8ef1185d6f3492ab8edd894cd5860c9</span></button></div></a><div aria-labelledby="job_list___sub_heading_18_1" data-parent="#job_list___sub_accordion_18" class="collapse job_list___sub_multi_collapse" id="job_list___sub_collapse_18_1"><div class="card-body"><div class="work-item"><div class="alert alert-danger test-outcome" role="alert"><p>SURVIVED</p><p>worker outcome: normal</p><p>test outcome: survived</p></div></div><pre class="location"><a href="pycharm://open?file=linkedList2.py&amp;line=15" class="text-secondary"><button class="btn btn-outline-dark">linkedList2.py, start pos: (15, 32), end pos: (15, 34)</button></a></pre><pre>operator: core/ReplaceComparisonOperator_NotEq_Is, occurrence: 1</pre><div class="alert alert-secondary"><pre class="diff">--- mutation diff ---
--- alinkedList2.py
+++ blinkedList2.py
@@ -12,7 +12,7 @@
     def checkInfinite(self):
         """Check whether infinite loop via next."""
         p1 = p2 = self
-        while p1 != None and p2 != None:
+        while p1 != None and p2 is None:
             if p2.next == None: return False
 
             p1 = p1.next</pre></div><div class="alert alert-secondary"><pre class="diff">============================= test session starts ==============================
platform linux -- Python 3.10.10, pytest-7.2.1, pluggy-1.0.0
rootdir: /home/auri/temp/lucca/python_experiments/linkedList2
collected 16 items

MOSA/test_linkedList2_MOSA.py ................                           [100%]

============================== 16 passed in 0.33s ==============================
</pre></div></div></div></div></div><div class="mb-1" id="job_list___sub_accordion_19"><div class="card"><a data-toggle="collapse" data-target="#job_list___sub_collapse_19_1" aria-expanded="false" aria-controls="job_list___sub_collapse_19_1" href="#" class="job_list___sub_multi_heading"><div role="alert" class="card-header alert-success" id="job_list___sub_heading_19_1"><button class="btn btn-outline-success"><span class="job_id">19 : Job ID 1d739ac4fa66416389b5b84d81a7f1fb</span></button></div></a><div aria-labelledby="job_list___sub_heading_19_1" data-parent="#job_list___sub_accordion_19" class="collapse job_list___sub_multi_collapse" id="job_list___sub_collapse_19_1"><div class="card-body"><div class="work-item"><div class="alert alert-success test-outcome" role="alert"><p>worker outcome: normal</p><p>test outcome: killed</p></div></div><pre class="location"><a href="pycharm://open?file=linkedList2.py&amp;line=47" class="text-secondary"><button class="btn btn-outline-dark">linkedList2.py, start pos: (47, 16), end pos: (47, 18)</button></a></pre><pre>operator: core/ReplaceComparisonOperator_NotEq_Is, occurrence: 2</pre><div class="alert alert-secondary"><pre class="diff">--- mutation diff ---
--- alinkedList2.py
+++ blinkedList2.py
@@ -44,7 +44,7 @@
         """Remove value from list."""
         n = self.head
         last = None
-        while n != None:
+        while n is None:
             if n.value == value:
                 if last == None:
                     self.head = self.head.next</pre></div><div class="alert alert-secondary"><pre class="diff">============================= test session starts ==============================
platform linux -- Python 3.10.10, pytest-7.2.1, pluggy-1.0.0
rootdir: /home/auri/temp/lucca/python_experiments/linkedList2
collected 16 items

MOSA/test_linkedList2_MOSA.py ......FFFF.F....                           [100%]

=================================== FAILURES ===================================
_________________________________ test_case_6 __________________________________

    def test_case_6():
        linked_list_0 = module_0.LinkedList()
        assert len(linked_list_0) == 0
        var_0 = linked_list_0.prepend(linked_list_0)
        assert len(linked_list_0) == 1
        var_1 = linked_list_0.remove(linked_list_0)
&gt;       assert var_1 is True
E       assert False is True

MOSA/test_linkedList2_MOSA.py:57: AssertionError
_________________________________ test_case_7 __________________________________

    def test_case_7():
        linked_list_0 = module_0.LinkedList()
        assert len(linked_list_0) == 0
        var_0 = linked_list_0.__iter__()
        var_1 = var_0.__repr__()
        var_2 = var_1.__repr__()
&gt;       var_3 = linked_list_0.remove(var_0)

MOSA/test_linkedList2_MOSA.py:66: 
_ _ _ _ _ _ _ _ _ _ _ _ _ _ _ _ _ _ _ _ _ _ _ _ _ _ _ _ _ _ _ _ _ _ _ _ _ _ _ _ 

self = link:[], value = &lt;generator object LinkedList.__iter__ at 0x7fc3c28bedc0&gt;

    def remove(self, value):
        """Remove value from list."""
        n = self.head
        last = None
        while n is None:
&gt;           if n.value == value:
E           AttributeError: 'NoneType' object has no attribute 'value'

linkedList2.py:48: AttributeError
_________________________________ test_case_8 __________________________________

    def test_case_8():
        linked_list_0 = module_0.LinkedList()
        assert len(linked_list_0) == 0
        linked_node_0 = module_0.LinkedNode(linked_list_0)
        assert len(linked_node_0.value) == 0
        none_type_0 = None
&gt;       var_0 = linked_list_0.remove(none_type_0)

MOSA/test_linkedList2_MOSA.py:75: 
_ _ _ _ _ _ _ _ _ _ _ _ _ _ _ _ _ _ _ _ _ _ _ _ _ _ _ _ _ _ _ _ _ _ _ _ _ _ _ _ 

self = link:[], value = None

    def remove(self, value):
        """Remove value from list."""
        n = self.head
        last = None
        while n is None:
&gt;           if n.value == value:
E           AttributeError: 'NoneType' object has no attribute 'value'

linkedList2.py:48: AttributeError
_________________________________ test_case_9 __________________________________

    def test_case_9():
        linked_list_0 = module_0.LinkedList()
        assert len(linked_list_0) == 0
        linked_node_0 = module_0.LinkedNode(linked_list_0)
        assert len(linked_node_0.value) == 0
        var_0 = linked_list_0.__len__()
        assert var_0 == 0
        var_1 = linked_list_0.prepend(var_0)
        assert len(linked_list_0) == 1
        assert len(linked_node_0.value) == 1
        linked_list_1 = module_0.LinkedList(*linked_list_0)
        assert f'{type(linked_list_1).__module__}.{type(linked_list_1).__qualname__}' == 'linkedList2.LinkedList'
        assert len(linked_list_1) == 1
        var_2 = linked_list_0.remove(var_0)
&gt;       assert var_2 is True
E       assert False is True

MOSA/test_linkedList2_MOSA.py:112: AssertionError
_________________________________ test_case_11 _________________________________

    def test_case_11():
        linked_list_0 = module_0.LinkedList()
        assert len(linked_list_0) == 0
        linked_node_0 = module_0.LinkedNode(linked_list_0)
        assert len(linked_node_0.value) == 0
        var_0 = linked_list_0.__len__()
        assert var_0 == 0
        var_1 = linked_list_0.prepend(var_0)
        assert len(linked_list_0) == 1
        assert len(linked_node_0.value) == 1
        linked_list_1 = module_0.LinkedList(*linked_list_0)
        assert f'{type(linked_list_1).__module__}.{type(linked_list_1).__qualname__}' == 'linkedList2.LinkedList'
        assert len(linked_list_1) == 1
        var_2 = linked_list_1.__repr__()
        assert var_2 == 'link:[0]'
        var_3 = linked_list_0.remove(var_0)
&gt;       assert var_3 is True
E       assert False is True

MOSA/test_linkedList2_MOSA.py:141: AssertionError
=========================== short test summary info ============================
FAILED MOSA/test_linkedList2_MOSA.py::test_case_6 - assert False is True
FAILED MOSA/test_linkedList2_MOSA.py::test_case_7 - AttributeError: 'NoneType...
FAILED MOSA/test_linkedList2_MOSA.py::test_case_8 - AttributeError: 'NoneType...
FAILED MOSA/test_linkedList2_MOSA.py::test_case_9 - assert False is True
FAILED MOSA/test_linkedList2_MOSA.py::test_case_11 - assert False is True
========================= 5 failed, 11 passed in 0.48s =========================
</pre></div></div></div></div></div><div class="mb-1" id="job_list___sub_accordion_20"><div class="card"><a data-toggle="collapse" data-target="#job_list___sub_collapse_20_1" aria-expanded="false" aria-controls="job_list___sub_collapse_20_1" href="#" class="job_list___sub_multi_heading"><div role="alert" class="card-header alert-success" id="job_list___sub_heading_20_1"><button class="btn btn-outline-success"><span class="job_id">20 : Job ID 8ca08a43e7b043ee9790c39738842b47</span></button></div></a><div aria-labelledby="job_list___sub_heading_20_1" data-parent="#job_list___sub_accordion_20" class="collapse job_list___sub_multi_collapse" id="job_list___sub_collapse_20_1"><div class="card-body"><div class="work-item"><div class="alert alert-success test-outcome" role="alert"><p>worker outcome: normal</p><p>test outcome: killed</p></div></div><pre class="location"><a href="pycharm://open?file=linkedList2.py&amp;line=60" class="text-secondary"><button class="btn btn-outline-dark">linkedList2.py, start pos: (60, 16), end pos: (60, 18)</button></a></pre><pre>operator: core/ReplaceComparisonOperator_NotEq_Is, occurrence: 3</pre><div class="alert alert-secondary"><pre class="diff">--- mutation diff ---
--- alinkedList2.py
+++ blinkedList2.py
@@ -57,7 +57,7 @@
     def __iter__(self):
         """Iterator of values in the list."""
         n = self.head
-        while n != None:
+        while n is None:
             yield n.value
             n = n.next
         </pre></div><div class="alert alert-secondary"><pre class="diff">============================= test session starts ==============================
platform linux -- Python 3.10.10, pytest-7.2.1, pluggy-1.0.0
rootdir: /home/auri/temp/lucca/python_experiments/linkedList2
collected 16 items

MOSA/test_linkedList2_MOSA.py ........FF.F.F..                           [100%]

=================================== FAILURES ===================================
_________________________________ test_case_8 __________________________________

    def test_case_8():
        linked_list_0 = module_0.LinkedList()
        assert len(linked_list_0) == 0
        linked_node_0 = module_0.LinkedNode(linked_list_0)
        assert len(linked_node_0.value) == 0
        none_type_0 = None
        var_0 = linked_list_0.remove(none_type_0)
        assert var_0 is False
        var_1 = linked_list_0.__len__()
        assert var_1 == 0
        var_2 = linked_list_0.prepend(none_type_0)
        assert len(linked_list_0) == 1
        assert len(linked_node_0.value) == 1
        var_3 = linked_list_0.prepend(var_1)
        assert len(linked_list_0) == 2
        assert len(linked_node_0.value) == 2
        linked_node_1 = module_0.LinkedNode(linked_list_0, linked_node_0)
        assert len(linked_node_1.value) == 2
        var_4 = linked_node_1.checkInfinite()
        assert var_4 is False
        linked_list_1 = module_0.LinkedList(*linked_list_0)
        assert f'{type(linked_list_1).__module__}.{type(linked_list_1).__qualname__}' == 'linkedList2.LinkedList'
&gt;       assert len(linked_list_1) == 2
E       assert 0 == 2
E        +  where 0 = len(link:[])

MOSA/test_linkedList2_MOSA.py:91: AssertionError
_________________________________ test_case_9 __________________________________

    def test_case_9():
        linked_list_0 = module_0.LinkedList()
        assert len(linked_list_0) == 0
        linked_node_0 = module_0.LinkedNode(linked_list_0)
        assert len(linked_node_0.value) == 0
        var_0 = linked_list_0.__len__()
        assert var_0 == 0
        var_1 = linked_list_0.prepend(var_0)
        assert len(linked_list_0) == 1
        assert len(linked_node_0.value) == 1
        linked_list_1 = module_0.LinkedList(*linked_list_0)
        assert f'{type(linked_list_1).__module__}.{type(linked_list_1).__qualname__}' == 'linkedList2.LinkedList'
&gt;       assert len(linked_list_1) == 1
E       assert 0 == 1
E        +  where 0 = len(link:[])

MOSA/test_linkedList2_MOSA.py:110: AssertionError
_________________________________ test_case_11 _________________________________

    def test_case_11():
        linked_list_0 = module_0.LinkedList()
        assert len(linked_list_0) == 0
        linked_node_0 = module_0.LinkedNode(linked_list_0)
        assert len(linked_node_0.value) == 0
        var_0 = linked_list_0.__len__()
        assert var_0 == 0
        var_1 = linked_list_0.prepend(var_0)
        assert len(linked_list_0) == 1
        assert len(linked_node_0.value) == 1
        linked_list_1 = module_0.LinkedList(*linked_list_0)
        assert f'{type(linked_list_1).__module__}.{type(linked_list_1).__qualname__}' == 'linkedList2.LinkedList'
&gt;       assert len(linked_list_1) == 1
E       assert 0 == 1
E        +  where 0 = len(link:[])

MOSA/test_linkedList2_MOSA.py:137: AssertionError
_________________________________ test_case_13 _________________________________

    def test_case_13():
        linked_list_0 = module_0.LinkedList()
        assert len(linked_list_0) == 0
        linked_node_0 = module_0.LinkedNode(linked_list_0)
        assert len(linked_node_0.value) == 0
        linked_node_1 = module_0.LinkedNode(linked_list_0, linked_node_0)
        assert len(linked_node_1.value) == 0
        var_0 = linked_node_1.checkInfinite()
        assert var_0 is False
&gt;       linked_list_1 = module_0.LinkedList(*linked_list_0)

MOSA/test_linkedList2_MOSA.py:168: 
_ _ _ _ _ _ _ _ _ _ _ _ _ _ _ _ _ _ _ _ _ _ _ _ _ _ _ _ _ _ _ _ _ _ _ _ _ _ _ _ 

self = link:[]

    def __iter__(self):
        """Iterator of values in the list."""
        n = self.head
        while n is None:
&gt;           yield n.value
E           AttributeError: 'NoneType' object has no attribute 'value'

linkedList2.py:61: AttributeError
=========================== short test summary info ============================
FAILED MOSA/test_linkedList2_MOSA.py::test_case_8 - assert 0 == 2
FAILED MOSA/test_linkedList2_MOSA.py::test_case_9 - assert 0 == 1
FAILED MOSA/test_linkedList2_MOSA.py::test_case_11 - assert 0 == 1
FAILED MOSA/test_linkedList2_MOSA.py::test_case_13 - AttributeError: 'NoneTyp...
========================= 4 failed, 12 passed in 0.40s =========================
</pre></div></div></div></div></div><div class="mb-1" id="job_list___sub_accordion_21"><div class="card"><a data-toggle="collapse" data-target="#job_list___sub_collapse_21_1" aria-expanded="false" aria-controls="job_list___sub_collapse_21_1" href="#" class="job_list___sub_multi_heading"><div role="alert" class="card-header alert-success" id="job_list___sub_heading_21_1"><button class="btn btn-outline-success"><span class="job_id">21 : Job ID 0157dd7744df44c6830d1b6dfe197474</span></button></div></a><div aria-labelledby="job_list___sub_heading_21_1" data-parent="#job_list___sub_accordion_21" class="collapse job_list___sub_multi_collapse" id="job_list___sub_collapse_21_1"><div class="card-body"><div class="work-item"><div class="alert alert-success test-outcome" role="alert"><p>worker outcome: normal</p><p>test outcome: killed</p></div></div><pre class="location"><a href="pycharm://open?file=linkedList2.py&amp;line=75" class="text-secondary"><button class="btn btn-outline-dark">linkedList2.py, start pos: (75, 16), end pos: (75, 18)</button></a></pre><pre>operator: core/ReplaceComparisonOperator_NotEq_Is, occurrence: 4</pre><div class="alert alert-secondary"><pre class="diff">--- mutation diff ---
--- alinkedList2.py
+++ blinkedList2.py
@@ -72,7 +72,7 @@
         """Count values in list."""
         n = self.head
         count = 0
-        while n != None:
+        while n is None:
             count += 1
             n = n.next
         return count</pre></div><div class="alert alert-secondary"><pre class="diff">============================= test session starts ==============================
platform linux -- Python 3.10.10, pytest-7.2.1, pluggy-1.0.0
rootdir: /home/auri/temp/lucca/python_experiments/linkedList2
collected 16 items

MOSA/test_linkedList2_MOSA.py ..FFFFFFFFFFFFFF                           [100%]

=================================== FAILURES ===================================
_________________________________ test_case_2 __________________________________

    def test_case_2():
        none_type_0 = None
        list_0 = [none_type_0]
        linked_list_0 = module_0.LinkedList(*list_0)
&gt;       assert len(linked_list_0) == 1
E       assert 0 == 1
E        +  where 0 = len(link:[None])

MOSA/test_linkedList2_MOSA.py:19: AssertionError
_________________________________ test_case_3 __________________________________

    def test_case_3():
        linked_list_0 = module_0.LinkedList()
&gt;       assert len(linked_list_0) == 0

MOSA/test_linkedList2_MOSA.py:23: 
_ _ _ _ _ _ _ _ _ _ _ _ _ _ _ _ _ _ _ _ _ _ _ _ _ _ _ _ _ _ _ _ _ _ _ _ _ _ _ _ 

self = link:[]

    def __len__(self):
        """Count values in list."""
        n = self.head
        count = 0
        while n is None:
            count += 1
&gt;           n = n.next
E           AttributeError: 'NoneType' object has no attribute 'next'

linkedList2.py:77: AttributeError
_________________________________ test_case_4 __________________________________

    def test_case_4():
        linked_list_0 = module_0.LinkedList()
&gt;       assert len(linked_list_0) == 0

MOSA/test_linkedList2_MOSA.py:31: 
_ _ _ _ _ _ _ _ _ _ _ _ _ _ _ _ _ _ _ _ _ _ _ _ _ _ _ _ _ _ _ _ _ _ _ _ _ _ _ _ 

self = link:[]

    def __len__(self):
        """Count values in list."""
        n = self.head
        count = 0
        while n is None:
            count += 1
&gt;           n = n.next
E           AttributeError: 'NoneType' object has no attribute 'next'

linkedList2.py:77: AttributeError
_________________________________ test_case_5 __________________________________

    def test_case_5():
        bytes_0 = b'\x14\x0f\xf4'
        list_0 = [bytes_0, bytes_0, bytes_0, bytes_0]
        linked_list_0 = module_0.LinkedList(*list_0)
&gt;       assert len(linked_list_0) == 4
E       AssertionError: assert 0 == 4
E        +  where 0 = len(link:[b'\x14\x0f\xf4',b'\x14\x0f\xf4',b'\x14\x0f\xf4',b'\x14\x0f\xf4'])

MOSA/test_linkedList2_MOSA.py:41: AssertionError
_________________________________ test_case_6 __________________________________

    def test_case_6():
        linked_list_0 = module_0.LinkedList()
&gt;       assert len(linked_list_0) == 0

MOSA/test_linkedList2_MOSA.py:53: 
_ _ _ _ _ _ _ _ _ _ _ _ _ _ _ _ _ _ _ _ _ _ _ _ _ _ _ _ _ _ _ _ _ _ _ _ _ _ _ _ 

self = link:[]

    def __len__(self):
        """Count values in list."""
        n = self.head
        count = 0
        while n is None:
            count += 1
&gt;           n = n.next
E           AttributeError: 'NoneType' object has no attribute 'next'

linkedList2.py:77: AttributeError
_________________________________ test_case_7 __________________________________

    def test_case_7():
        linked_list_0 = module_0.LinkedList()
&gt;       assert len(linked_list_0) == 0

MOSA/test_linkedList2_MOSA.py:62: 
_ _ _ _ _ _ _ _ _ _ _ _ _ _ _ _ _ _ _ _ _ _ _ _ _ _ _ _ _ _ _ _ _ _ _ _ _ _ _ _ 

self = link:[]

    def __len__(self):
        """Count values in list."""
        n = self.head
        count = 0
        while n is None:
            count += 1
&gt;           n = n.next
E           AttributeError: 'NoneType' object has no attribute 'next'

linkedList2.py:77: AttributeError
_________________________________ test_case_8 __________________________________

    def test_case_8():
        linked_list_0 = module_0.LinkedList()
&gt;       assert len(linked_list_0) == 0

MOSA/test_linkedList2_MOSA.py:71: 
_ _ _ _ _ _ _ _ _ _ _ _ _ _ _ _ _ _ _ _ _ _ _ _ _ _ _ _ _ _ _ _ _ _ _ _ _ _ _ _ 

self = link:[]

    def __len__(self):
        """Count values in list."""
        n = self.head
        count = 0
        while n is None:
            count += 1
&gt;           n = n.next
E           AttributeError: 'NoneType' object has no attribute 'next'

linkedList2.py:77: AttributeError
_________________________________ test_case_9 __________________________________

    def test_case_9():
        linked_list_0 = module_0.LinkedList()
&gt;       assert len(linked_list_0) == 0

MOSA/test_linkedList2_MOSA.py:100: 
_ _ _ _ _ _ _ _ _ _ _ _ _ _ _ _ _ _ _ _ _ _ _ _ _ _ _ _ _ _ _ _ _ _ _ _ _ _ _ _ 

self = link:[]

    def __len__(self):
        """Count values in list."""
        n = self.head
        count = 0
        while n is None:
            count += 1
&gt;           n = n.next
E           AttributeError: 'NoneType' object has no attribute 'next'

linkedList2.py:77: AttributeError
_________________________________ test_case_10 _________________________________

    def test_case_10():
        linked_list_0 = module_0.LinkedList()
&gt;       assert len(linked_list_0) == 0

MOSA/test_linkedList2_MOSA.py:118: 
_ _ _ _ _ _ _ _ _ _ _ _ _ _ _ _ _ _ _ _ _ _ _ _ _ _ _ _ _ _ _ _ _ _ _ _ _ _ _ _ 

self = link:[]

    def __len__(self):
        """Count values in list."""
        n = self.head
        count = 0
        while n is None:
            count += 1
&gt;           n = n.next
E           AttributeError: 'NoneType' object has no attribute 'next'

linkedList2.py:77: AttributeError
_________________________________ test_case_11 _________________________________

    def test_case_11():
        linked_list_0 = module_0.LinkedList()
&gt;       assert len(linked_list_0) == 0

MOSA/test_linkedList2_MOSA.py:127: 
_ _ _ _ _ _ _ _ _ _ _ _ _ _ _ _ _ _ _ _ _ _ _ _ _ _ _ _ _ _ _ _ _ _ _ _ _ _ _ _ 

self = link:[]

    def __len__(self):
        """Count values in list."""
        n = self.head
        count = 0
        while n is None:
            count += 1
&gt;           n = n.next
E           AttributeError: 'NoneType' object has no attribute 'next'

linkedList2.py:77: AttributeError
_________________________________ test_case_12 _________________________________

    def test_case_12():
        linked_list_0 = module_0.LinkedList()
&gt;       assert len(linked_list_0) == 0

MOSA/test_linkedList2_MOSA.py:147: 
_ _ _ _ _ _ _ _ _ _ _ _ _ _ _ _ _ _ _ _ _ _ _ _ _ _ _ _ _ _ _ _ _ _ _ _ _ _ _ _ 

self = link:[]

    def __len__(self):
        """Count values in list."""
        n = self.head
        count = 0
        while n is None:
            count += 1
&gt;           n = n.next
E           AttributeError: 'NoneType' object has no attribute 'next'

linkedList2.py:77: AttributeError
_________________________________ test_case_13 _________________________________

    def test_case_13():
        linked_list_0 = module_0.LinkedList()
&gt;       assert len(linked_list_0) == 0

MOSA/test_linkedList2_MOSA.py:161: 
_ _ _ _ _ _ _ _ _ _ _ _ _ _ _ _ _ _ _ _ _ _ _ _ _ _ _ _ _ _ _ _ _ _ _ _ _ _ _ _ 

self = link:[]

    def __len__(self):
        """Count values in list."""
        n = self.head
        count = 0
        while n is None:
            count += 1
&gt;           n = n.next
E           AttributeError: 'NoneType' object has no attribute 'next'

linkedList2.py:77: AttributeError
_________________________________ test_case_14 _________________________________

    def test_case_14():
        linked_list_0 = module_0.LinkedList()
&gt;       assert len(linked_list_0) == 0

MOSA/test_linkedList2_MOSA.py:176: 
_ _ _ _ _ _ _ _ _ _ _ _ _ _ _ _ _ _ _ _ _ _ _ _ _ _ _ _ _ _ _ _ _ _ _ _ _ _ _ _ 

self = link:[]

    def __len__(self):
        """Count values in list."""
        n = self.head
        count = 0
        while n is None:
            count += 1
&gt;           n = n.next
E           AttributeError: 'NoneType' object has no attribute 'next'

linkedList2.py:77: AttributeError
_________________________________ test_case_15 _________________________________

    def test_case_15():
        linked_list_0 = module_0.LinkedList()
&gt;       assert len(linked_list_0) == 0

MOSA/test_linkedList2_MOSA.py:186: 
_ _ _ _ _ _ _ _ _ _ _ _ _ _ _ _ _ _ _ _ _ _ _ _ _ _ _ _ _ _ _ _ _ _ _ _ _ _ _ _ 

self = link:[]

    def __len__(self):
        """Count values in list."""
        n = self.head
        count = 0
        while n is None:
            count += 1
&gt;           n = n.next
E           AttributeError: 'NoneType' object has no attribute 'next'

linkedList2.py:77: AttributeError
=========================== short test summary info ============================
FAILED MOSA/test_linkedList2_MOSA.py::test_case_2 - assert 0 == 1
FAILED MOSA/test_linkedList2_MOSA.py::test_case_3 - AttributeError: 'NoneType...
FAILED MOSA/test_linkedList2_MOSA.py::test_case_4 - AttributeError: 'NoneType...
FAILED MOSA/test_linkedList2_MOSA.py::test_case_5 - AssertionError: assert 0 ...
FAILED MOSA/test_linkedList2_MOSA.py::test_case_6 - AttributeError: 'NoneType...
FAILED MOSA/test_linkedList2_MOSA.py::test_case_7 - AttributeError: 'NoneType...
FAILED MOSA/test_linkedList2_MOSA.py::test_case_8 - AttributeError: 'NoneType...
FAILED MOSA/test_linkedList2_MOSA.py::test_case_9 - AttributeError: 'NoneType...
FAILED MOSA/test_linkedList2_MOSA.py::test_case_10 - AttributeError: 'NoneTyp...
FAILED MOSA/test_linkedList2_MOSA.py::test_case_11 - AttributeError: 'NoneTyp...
FAILED MOSA/test_linkedList2_MOSA.py::test_case_12 - AttributeError: 'NoneTyp...
FAILED MOSA/test_linkedList2_MOSA.py::test_case_13 - AttributeError: 'NoneTyp...
FAILED MOSA/test_linkedList2_MOSA.py::test_case_14 - AttributeError: 'NoneTyp...
FAILED MOSA/test_linkedList2_MOSA.py::test_case_15 - AttributeError: 'NoneTyp...
========================= 14 failed, 2 passed in 0.76s =========================
</pre></div></div></div></div></div><div class="mb-1" id="job_list___sub_accordion_22"><div class="card"><a data-toggle="collapse" data-target="#job_list___sub_collapse_22_1" aria-expanded="false" aria-controls="job_list___sub_collapse_22_1" href="#" class="job_list___sub_multi_heading"><div role="alert" class="card-header alert-success" id="job_list___sub_heading_22_1"><button class="btn btn-outline-success"><span class="job_id">22 : Job ID 271831e12ac24ffab90152ddddbd91eb</span></button></div></a><div aria-labelledby="job_list___sub_heading_22_1" data-parent="#job_list___sub_accordion_22" class="collapse job_list___sub_multi_collapse" id="job_list___sub_collapse_22_1"><div class="card-body"><div class="work-item"><div class="alert alert-success test-outcome" role="alert"><p>worker outcome: normal</p><p>test outcome: killed</p></div></div><pre class="location"><a href="pycharm://open?file=linkedList2.py&amp;line=37" class="text-secondary"><button class="btn btn-outline-dark">linkedList2.py, start pos: (37, 21), end pos: (37, 23)</button></a></pre><pre>operator: core/ReplaceComparisonOperator_Is_IsNot, occurrence: 0</pre><div class="alert alert-secondary"><pre class="diff">--- mutation diff ---
--- alinkedList2.py
+++ blinkedList2.py
@@ -34,7 +34,7 @@
 
     def pop(self):
         """Remove first value in list."""
-        if self.head is None:
+        if self.head is not None:
             raise Exception ("Linked list is empty.")
         val = self.head.value
         self.head = self.head.next</pre></div><div class="alert alert-secondary"><pre class="diff">============================= test session starts ==============================
platform linux -- Python 3.10.10, pytest-7.2.1, pluggy-1.0.0
rootdir: /home/auri/temp/lucca/python_experiments/linkedList2
collected 16 items

MOSA/test_linkedList2_MOSA.py .....F..........                           [100%]

=================================== FAILURES ===================================
_________________________________ test_case_5 __________________________________

    def test_case_5():
        bytes_0 = b'\x14\x0f\xf4'
        list_0 = [bytes_0, bytes_0, bytes_0, bytes_0]
        linked_list_0 = module_0.LinkedList(*list_0)
        assert len(linked_list_0) == 4
        str_0 = "'_*"
        list_1 = [str_0]
        linked_list_1 = module_0.LinkedList(*list_1)
        assert len(linked_list_1) == 1
&gt;       var_0 = linked_list_1.pop()

MOSA/test_linkedList2_MOSA.py:46: 
_ _ _ _ _ _ _ _ _ _ _ _ _ _ _ _ _ _ _ _ _ _ _ _ _ _ _ _ _ _ _ _ _ _ _ _ _ _ _ _ 

self = link:['_*]

    def pop(self):
        """Remove first value in list."""
        if self.head is not None:
&gt;           raise Exception ("Linked list is empty.")
E           Exception: Linked list is empty.

linkedList2.py:38: Exception
=========================== short test summary info ============================
FAILED MOSA/test_linkedList2_MOSA.py::test_case_5 - Exception: Linked list is...
========================= 1 failed, 15 passed in 0.27s =========================
</pre></div></div></div></div></div><div class="mb-1" id="job_list___sub_accordion_23"><div class="card"><a data-toggle="collapse" data-target="#job_list___sub_collapse_23_1" aria-expanded="false" aria-controls="job_list___sub_collapse_23_1" href="#" class="job_list___sub_multi_heading"><div role="alert" class="card-header alert-success" id="job_list___sub_heading_23_1"><button class="btn btn-outline-success"><span class="job_id">23 : Job ID 25f5e2fee9214799b1b1434015e7f8e3</span></button></div></a><div aria-labelledby="job_list___sub_heading_23_1" data-parent="#job_list___sub_accordion_23" class="collapse job_list___sub_multi_collapse" id="job_list___sub_collapse_23_1"><div class="card-body"><div class="work-item"><div class="alert alert-success test-outcome" role="alert"><p>worker outcome: normal</p><p>test outcome: killed</p></div></div><pre class="location"><a href="pycharm://open?file=linkedList2.py&amp;line=66" class="text-secondary"><button class="btn btn-outline-dark">linkedList2.py, start pos: (66, 21), end pos: (66, 23)</button></a></pre><pre>operator: core/ReplaceComparisonOperator_Is_IsNot, occurrence: 1</pre><div class="alert alert-secondary"><pre class="diff">--- mutation diff ---
--- alinkedList2.py
+++ blinkedList2.py
@@ -63,7 +63,7 @@
         
     def __repr__(self):
         """String representation of linked list."""
-        if self.head is None:
+        if self.head is not None:
             return 'link:[]'
 
         return 'link:[{0:s}]'.format(','.join(map(str,self)))</pre></div><div class="alert alert-secondary"><pre class="diff">============================= test session starts ==============================
platform linux -- Python 3.10.10, pytest-7.2.1, pluggy-1.0.0
rootdir: /home/auri/temp/lucca/python_experiments/linkedList2
collected 16 items

MOSA/test_linkedList2_MOSA.py ...........F....                           [100%]

=================================== FAILURES ===================================
_________________________________ test_case_11 _________________________________

    def test_case_11():
        linked_list_0 = module_0.LinkedList()
        assert len(linked_list_0) == 0
        linked_node_0 = module_0.LinkedNode(linked_list_0)
        assert len(linked_node_0.value) == 0
        var_0 = linked_list_0.__len__()
        assert var_0 == 0
        var_1 = linked_list_0.prepend(var_0)
        assert len(linked_list_0) == 1
        assert len(linked_node_0.value) == 1
        linked_list_1 = module_0.LinkedList(*linked_list_0)
        assert f'{type(linked_list_1).__module__}.{type(linked_list_1).__qualname__}' == 'linkedList2.LinkedList'
        assert len(linked_list_1) == 1
        var_2 = linked_list_1.__repr__()
&gt;       assert var_2 == 'link:[0]'
E       AssertionError: assert 'link:[]' == 'link:[0]'
E         - link:[0]
E         ?       -
E         + link:[]

MOSA/test_linkedList2_MOSA.py:139: AssertionError
=========================== short test summary info ============================
FAILED MOSA/test_linkedList2_MOSA.py::test_case_11 - AssertionError: assert '...
========================= 1 failed, 15 passed in 0.24s =========================
</pre></div></div></div></div></div><div class="mb-1" id="job_list___sub_accordion_24"><div class="card"><a data-toggle="collapse" data-target="#job_list___sub_collapse_24_1" aria-expanded="false" aria-controls="job_list___sub_collapse_24_1" href="#" class="job_list___sub_multi_heading"><div role="alert" class="card-header alert-danger" id="job_list___sub_heading_24_1"><button class="btn btn-outline-danger"><span class="job_id">24 : Job ID 8159b52e3896480ab40208d185345302</span></button></div></a><div aria-labelledby="job_list___sub_heading_24_1" data-parent="#job_list___sub_accordion_24" class="collapse job_list___sub_multi_collapse" id="job_list___sub_collapse_24_1"><div class="card-body"><div class="work-item"><div class="alert alert-danger test-outcome" role="alert"><p>SURVIVED</p><p>worker outcome: normal</p><p>test outcome: survived</p></div></div><pre class="location"><a href="pycharm://open?file=linkedList2.py&amp;line=15" class="text-secondary"><button class="btn btn-outline-dark">linkedList2.py, start pos: (15, 14), end pos: (15, 39)</button></a></pre><pre>operator: core/AddNot, occurrence: 0</pre><div class="alert alert-secondary"><pre class="diff">--- mutation diff ---
--- alinkedList2.py
+++ blinkedList2.py
@@ -12,7 +12,7 @@
     def checkInfinite(self):
         """Check whether infinite loop via next."""
         p1 = p2 = self
-        while p1 != None and p2 != None:
+        while not p1 != None and p2 != None:
             if p2.next == None: return False
 
             p1 = p1.next</pre></div><div class="alert alert-secondary"><pre class="diff">============================= test session starts ==============================
platform linux -- Python 3.10.10, pytest-7.2.1, pluggy-1.0.0
rootdir: /home/auri/temp/lucca/python_experiments/linkedList2
collected 16 items

MOSA/test_linkedList2_MOSA.py ................                           [100%]

============================== 16 passed in 0.30s ==============================
</pre></div></div></div></div></div><div class="mb-1" id="job_list___sub_accordion_25"><div class="card"><a data-toggle="collapse" data-target="#job_list___sub_collapse_25_1" aria-expanded="false" aria-controls="job_list___sub_collapse_25_1" href="#" class="job_list___sub_multi_heading"><div role="alert" class="card-header alert-success" id="job_list___sub_heading_25_1"><button class="btn btn-outline-success"><span class="job_id">25 : Job ID e9cafae9c3cb47788144f55df8443db3</span></button></div></a><div aria-labelledby="job_list___sub_heading_25_1" data-parent="#job_list___sub_accordion_25" class="collapse job_list___sub_multi_collapse" id="job_list___sub_collapse_25_1"><div class="card-body"><div class="work-item"><div class="alert alert-success test-outcome" role="alert"><p>worker outcome: normal</p><p>test outcome: killed</p></div></div><pre class="location"><a href="pycharm://open?file=linkedList2.py&amp;line=16" class="text-secondary"><button class="btn btn-outline-dark">linkedList2.py, start pos: (16, 15), end pos: (16, 30)</button></a></pre><pre>operator: core/AddNot, occurrence: 1</pre><div class="alert alert-secondary"><pre class="diff">--- mutation diff ---
--- alinkedList2.py
+++ blinkedList2.py
@@ -13,7 +13,7 @@
         """Check whether infinite loop via next."""
         p1 = p2 = self
         while p1 != None and p2 != None:
-            if p2.next == None: return False
+            if not p2.next == None: return False
 
             p1 = p1.next
             p2 = p2.next.next</pre></div><div class="alert alert-secondary"><pre class="diff">============================= test session starts ==============================
platform linux -- Python 3.10.10, pytest-7.2.1, pluggy-1.0.0
rootdir: /home/auri/temp/lucca/python_experiments/linkedList2
collected 16 items

MOSA/test_linkedList2_MOSA.py F...............                           [100%]

=================================== FAILURES ===================================
_________________________________ test_case_0 __________________________________

    def test_case_0():
        int_0 = -1270
        linked_node_0 = module_0.LinkedNode(int_0)
&gt;       var_0 = linked_node_0.checkInfinite()

MOSA/test_linkedList2_MOSA.py:8: 
_ _ _ _ _ _ _ _ _ _ _ _ _ _ _ _ _ _ _ _ _ _ _ _ _ _ _ _ _ _ _ _ _ _ _ _ _ _ _ _ 

self = &lt;linkedList2.LinkedNode object at 0x7f397ca482b0&gt;

    def checkInfinite(self):
        """Check whether infinite loop via next."""
        p1 = p2 = self
        while p1 != None and p2 != None:
            if not p2.next == None: return False
    
            p1 = p1.next
&gt;           p2 = p2.next.next
E           AttributeError: 'NoneType' object has no attribute 'next'

linkedList2.py:19: AttributeError
=========================== short test summary info ============================
FAILED MOSA/test_linkedList2_MOSA.py::test_case_0 - AttributeError: 'NoneType...
========================= 1 failed, 15 passed in 0.29s =========================
</pre></div></div></div></div></div><div class="mb-1" id="job_list___sub_accordion_26"><div class="card"><a data-toggle="collapse" data-target="#job_list___sub_collapse_26_1" aria-expanded="false" aria-controls="job_list___sub_collapse_26_1" href="#" class="job_list___sub_multi_heading"><div role="alert" class="card-header alert-success" id="job_list___sub_heading_26_1"><button class="btn btn-outline-success"><span class="job_id">26 : Job ID 4c463b25113e4f32a9450b9ebf083f6e</span></button></div></a><div aria-labelledby="job_list___sub_heading_26_1" data-parent="#job_list___sub_accordion_26" class="collapse job_list___sub_multi_collapse" id="job_list___sub_collapse_26_1"><div class="card-body"><div class="work-item"><div class="alert alert-success test-outcome" role="alert"><p>worker outcome: normal</p><p>test outcome: killed</p></div></div><pre class="location"><a href="pycharm://open?file=linkedList2.py&amp;line=21" class="text-secondary"><button class="btn btn-outline-dark">linkedList2.py, start pos: (21, 15), end pos: (21, 23)</button></a></pre><pre>operator: core/AddNot, occurrence: 2</pre><div class="alert alert-secondary"><pre class="diff">--- mutation diff ---
--- alinkedList2.py
+++ blinkedList2.py
@@ -18,7 +18,7 @@
             p1 = p1.next
             p2 = p2.next.next
             
-            if p1 == p2: return True
+            if not p1 == p2: return True
         return False
 
 class LinkedList:</pre></div><div class="alert alert-secondary"><pre class="diff">============================= test session starts ==============================
platform linux -- Python 3.10.10, pytest-7.2.1, pluggy-1.0.0
rootdir: /home/auri/temp/lucca/python_experiments/linkedList2
collected 16 items

MOSA/test_linkedList2_MOSA.py ........F....FF.                           [100%]

=================================== FAILURES ===================================
_________________________________ test_case_8 __________________________________

    def test_case_8():
        linked_list_0 = module_0.LinkedList()
        assert len(linked_list_0) == 0
        linked_node_0 = module_0.LinkedNode(linked_list_0)
        assert len(linked_node_0.value) == 0
        none_type_0 = None
        var_0 = linked_list_0.remove(none_type_0)
        assert var_0 is False
        var_1 = linked_list_0.__len__()
        assert var_1 == 0
        var_2 = linked_list_0.prepend(none_type_0)
        assert len(linked_list_0) == 1
        assert len(linked_node_0.value) == 1
        var_3 = linked_list_0.prepend(var_1)
        assert len(linked_list_0) == 2
        assert len(linked_node_0.value) == 2
        linked_node_1 = module_0.LinkedNode(linked_list_0, linked_node_0)
        assert len(linked_node_1.value) == 2
        var_4 = linked_node_1.checkInfinite()
&gt;       assert var_4 is False
E       assert True is False

MOSA/test_linkedList2_MOSA.py:88: AssertionError
_________________________________ test_case_13 _________________________________

    def test_case_13():
        linked_list_0 = module_0.LinkedList()
        assert len(linked_list_0) == 0
        linked_node_0 = module_0.LinkedNode(linked_list_0)
        assert len(linked_node_0.value) == 0
        linked_node_1 = module_0.LinkedNode(linked_list_0, linked_node_0)
        assert len(linked_node_1.value) == 0
        var_0 = linked_node_1.checkInfinite()
&gt;       assert var_0 is False
E       assert True is False

MOSA/test_linkedList2_MOSA.py:167: AssertionError
_________________________________ test_case_14 _________________________________

    def test_case_14():
        linked_list_0 = module_0.LinkedList()
        assert len(linked_list_0) == 0
        linked_node_0 = module_0.LinkedNode(linked_list_0)
        assert len(linked_node_0.value) == 0
        linked_node_1 = module_0.LinkedNode(linked_list_0, linked_node_0)
        assert len(linked_node_1.value) == 0
        var_0 = linked_node_1.checkInfinite()
&gt;       assert var_0 is False
E       assert True is False

MOSA/test_linkedList2_MOSA.py:182: AssertionError
=========================== short test summary info ============================
FAILED MOSA/test_linkedList2_MOSA.py::test_case_8 - assert True is False
FAILED MOSA/test_linkedList2_MOSA.py::test_case_13 - assert True is False
FAILED MOSA/test_linkedList2_MOSA.py::test_case_14 - assert True is False
========================= 3 failed, 13 passed in 0.46s =========================
</pre></div></div></div></div></div><div class="mb-1" id="job_list___sub_accordion_27"><div class="card"><a data-toggle="collapse" data-target="#job_list___sub_collapse_27_1" aria-expanded="false" aria-controls="job_list___sub_collapse_27_1" href="#" class="job_list___sub_multi_heading"><div role="alert" class="card-header alert-success" id="job_list___sub_heading_27_1"><button class="btn btn-outline-success"><span class="job_id">27 : Job ID 854d4d58099f4bc9909983157610d9c8</span></button></div></a><div aria-labelledby="job_list___sub_heading_27_1" data-parent="#job_list___sub_accordion_27" class="collapse job_list___sub_multi_collapse" id="job_list___sub_collapse_27_1"><div class="card-body"><div class="work-item"><div class="alert alert-success test-outcome" role="alert"><p>worker outcome: normal</p><p>test outcome: killed</p></div></div><pre class="location"><a href="pycharm://open?file=linkedList2.py&amp;line=37" class="text-secondary"><button class="btn btn-outline-dark">linkedList2.py, start pos: (37, 11), end pos: (37, 28)</button></a></pre><pre>operator: core/AddNot, occurrence: 3</pre><div class="alert alert-secondary"><pre class="diff">--- mutation diff ---
--- alinkedList2.py
+++ blinkedList2.py
@@ -34,7 +34,7 @@
 
     def pop(self):
         """Remove first value in list."""
-        if self.head is None:
+        if not self.head is None:
             raise Exception ("Linked list is empty.")
         val = self.head.value
         self.head = self.head.next</pre></div><div class="alert alert-secondary"><pre class="diff">============================= test session starts ==============================
platform linux -- Python 3.10.10, pytest-7.2.1, pluggy-1.0.0
rootdir: /home/auri/temp/lucca/python_experiments/linkedList2
collected 16 items

MOSA/test_linkedList2_MOSA.py .....F..........                           [100%]

=================================== FAILURES ===================================
_________________________________ test_case_5 __________________________________

    def test_case_5():
        bytes_0 = b'\x14\x0f\xf4'
        list_0 = [bytes_0, bytes_0, bytes_0, bytes_0]
        linked_list_0 = module_0.LinkedList(*list_0)
        assert len(linked_list_0) == 4
        str_0 = "'_*"
        list_1 = [str_0]
        linked_list_1 = module_0.LinkedList(*list_1)
        assert len(linked_list_1) == 1
&gt;       var_0 = linked_list_1.pop()

MOSA/test_linkedList2_MOSA.py:46: 
_ _ _ _ _ _ _ _ _ _ _ _ _ _ _ _ _ _ _ _ _ _ _ _ _ _ _ _ _ _ _ _ _ _ _ _ _ _ _ _ 

self = link:['_*]

    def pop(self):
        """Remove first value in list."""
        if not self.head is None:
&gt;           raise Exception ("Linked list is empty.")
E           Exception: Linked list is empty.

linkedList2.py:38: Exception
=========================== short test summary info ============================
FAILED MOSA/test_linkedList2_MOSA.py::test_case_5 - Exception: Linked list is...
========================= 1 failed, 15 passed in 0.31s =========================
</pre></div></div></div></div></div><div class="mb-1" id="job_list___sub_accordion_28"><div class="card"><a data-toggle="collapse" data-target="#job_list___sub_collapse_28_1" aria-expanded="false" aria-controls="job_list___sub_collapse_28_1" href="#" class="job_list___sub_multi_heading"><div role="alert" class="card-header alert-success" id="job_list___sub_heading_28_1"><button class="btn btn-outline-success"><span class="job_id">28 : Job ID 28198cabd0ff49f3ae9704a4d647a639</span></button></div></a><div aria-labelledby="job_list___sub_heading_28_1" data-parent="#job_list___sub_accordion_28" class="collapse job_list___sub_multi_collapse" id="job_list___sub_collapse_28_1"><div class="card-body"><div class="work-item"><div class="alert alert-success test-outcome" role="alert"><p>worker outcome: normal</p><p>test outcome: killed</p></div></div><pre class="location"><a href="pycharm://open?file=linkedList2.py&amp;line=47" class="text-secondary"><button class="btn btn-outline-dark">linkedList2.py, start pos: (47, 14), end pos: (47, 23)</button></a></pre><pre>operator: core/AddNot, occurrence: 4</pre><div class="alert alert-secondary"><pre class="diff">--- mutation diff ---
--- alinkedList2.py
+++ blinkedList2.py
@@ -44,7 +44,7 @@
         """Remove value from list."""
         n = self.head
         last = None
-        while n != None:
+        while not n != None:
             if n.value == value:
                 if last == None:
                     self.head = self.head.next</pre></div><div class="alert alert-secondary"><pre class="diff">============================= test session starts ==============================
platform linux -- Python 3.10.10, pytest-7.2.1, pluggy-1.0.0
rootdir: /home/auri/temp/lucca/python_experiments/linkedList2
collected 16 items

MOSA/test_linkedList2_MOSA.py ......FFFF.F....                           [100%]

=================================== FAILURES ===================================
_________________________________ test_case_6 __________________________________

    def test_case_6():
        linked_list_0 = module_0.LinkedList()
        assert len(linked_list_0) == 0
        var_0 = linked_list_0.prepend(linked_list_0)
        assert len(linked_list_0) == 1
        var_1 = linked_list_0.remove(linked_list_0)
&gt;       assert var_1 is True
E       assert False is True

MOSA/test_linkedList2_MOSA.py:57: AssertionError
_________________________________ test_case_7 __________________________________

    def test_case_7():
        linked_list_0 = module_0.LinkedList()
        assert len(linked_list_0) == 0
        var_0 = linked_list_0.__iter__()
        var_1 = var_0.__repr__()
        var_2 = var_1.__repr__()
&gt;       var_3 = linked_list_0.remove(var_0)

MOSA/test_linkedList2_MOSA.py:66: 
_ _ _ _ _ _ _ _ _ _ _ _ _ _ _ _ _ _ _ _ _ _ _ _ _ _ _ _ _ _ _ _ _ _ _ _ _ _ _ _ 

self = link:[], value = &lt;generator object LinkedList.__iter__ at 0x7ff6bb72edc0&gt;

    def remove(self, value):
        """Remove value from list."""
        n = self.head
        last = None
        while not n != None:
&gt;           if n.value == value:
E           AttributeError: 'NoneType' object has no attribute 'value'

linkedList2.py:48: AttributeError
_________________________________ test_case_8 __________________________________

    def test_case_8():
        linked_list_0 = module_0.LinkedList()
        assert len(linked_list_0) == 0
        linked_node_0 = module_0.LinkedNode(linked_list_0)
        assert len(linked_node_0.value) == 0
        none_type_0 = None
&gt;       var_0 = linked_list_0.remove(none_type_0)

MOSA/test_linkedList2_MOSA.py:75: 
_ _ _ _ _ _ _ _ _ _ _ _ _ _ _ _ _ _ _ _ _ _ _ _ _ _ _ _ _ _ _ _ _ _ _ _ _ _ _ _ 

self = link:[], value = None

    def remove(self, value):
        """Remove value from list."""
        n = self.head
        last = None
        while not n != None:
&gt;           if n.value == value:
E           AttributeError: 'NoneType' object has no attribute 'value'

linkedList2.py:48: AttributeError
_________________________________ test_case_9 __________________________________

    def test_case_9():
        linked_list_0 = module_0.LinkedList()
        assert len(linked_list_0) == 0
        linked_node_0 = module_0.LinkedNode(linked_list_0)
        assert len(linked_node_0.value) == 0
        var_0 = linked_list_0.__len__()
        assert var_0 == 0
        var_1 = linked_list_0.prepend(var_0)
        assert len(linked_list_0) == 1
        assert len(linked_node_0.value) == 1
        linked_list_1 = module_0.LinkedList(*linked_list_0)
        assert f'{type(linked_list_1).__module__}.{type(linked_list_1).__qualname__}' == 'linkedList2.LinkedList'
        assert len(linked_list_1) == 1
        var_2 = linked_list_0.remove(var_0)
&gt;       assert var_2 is True
E       assert False is True

MOSA/test_linkedList2_MOSA.py:112: AssertionError
_________________________________ test_case_11 _________________________________

    def test_case_11():
        linked_list_0 = module_0.LinkedList()
        assert len(linked_list_0) == 0
        linked_node_0 = module_0.LinkedNode(linked_list_0)
        assert len(linked_node_0.value) == 0
        var_0 = linked_list_0.__len__()
        assert var_0 == 0
        var_1 = linked_list_0.prepend(var_0)
        assert len(linked_list_0) == 1
        assert len(linked_node_0.value) == 1
        linked_list_1 = module_0.LinkedList(*linked_list_0)
        assert f'{type(linked_list_1).__module__}.{type(linked_list_1).__qualname__}' == 'linkedList2.LinkedList'
        assert len(linked_list_1) == 1
        var_2 = linked_list_1.__repr__()
        assert var_2 == 'link:[0]'
        var_3 = linked_list_0.remove(var_0)
&gt;       assert var_3 is True
E       assert False is True

MOSA/test_linkedList2_MOSA.py:141: AssertionError
=========================== short test summary info ============================
FAILED MOSA/test_linkedList2_MOSA.py::test_case_6 - assert False is True
FAILED MOSA/test_linkedList2_MOSA.py::test_case_7 - AttributeError: 'NoneType...
FAILED MOSA/test_linkedList2_MOSA.py::test_case_8 - AttributeError: 'NoneType...
FAILED MOSA/test_linkedList2_MOSA.py::test_case_9 - assert False is True
FAILED MOSA/test_linkedList2_MOSA.py::test_case_11 - assert False is True
========================= 5 failed, 11 passed in 0.40s =========================
</pre></div></div></div></div></div><div class="mb-1" id="job_list___sub_accordion_29"><div class="card"><a data-toggle="collapse" data-target="#job_list___sub_collapse_29_1" aria-expanded="false" aria-controls="job_list___sub_collapse_29_1" href="#" class="job_list___sub_multi_heading"><div role="alert" class="card-header alert-success" id="job_list___sub_heading_29_1"><button class="btn btn-outline-success"><span class="job_id">29 : Job ID 4fd350b6639240b296573cbd61c8434a</span></button></div></a><div aria-labelledby="job_list___sub_heading_29_1" data-parent="#job_list___sub_accordion_29" class="collapse job_list___sub_multi_collapse" id="job_list___sub_collapse_29_1"><div class="card-body"><div class="work-item"><div class="alert alert-success test-outcome" role="alert"><p>worker outcome: normal</p><p>test outcome: killed</p></div></div><pre class="location"><a href="pycharm://open?file=linkedList2.py&amp;line=48" class="text-secondary"><button class="btn btn-outline-dark">linkedList2.py, start pos: (48, 15), end pos: (48, 31)</button></a></pre><pre>operator: core/AddNot, occurrence: 5</pre><div class="alert alert-secondary"><pre class="diff">--- mutation diff ---
--- alinkedList2.py
+++ blinkedList2.py
@@ -45,7 +45,7 @@
         n = self.head
         last = None
         while n != None:
-            if n.value == value:
+            if not n.value == value:
                 if last == None:
                     self.head = self.head.next
                 else:</pre></div><div class="alert alert-secondary"><pre class="diff">============================= test session starts ==============================
platform linux -- Python 3.10.10, pytest-7.2.1, pluggy-1.0.0
rootdir: /home/auri/temp/lucca/python_experiments/linkedList2
collected 16 items

MOSA/test_linkedList2_MOSA.py ......F..F.FF...                           [100%]

=================================== FAILURES ===================================
_________________________________ test_case_6 __________________________________

    def test_case_6():
        linked_list_0 = module_0.LinkedList()
        assert len(linked_list_0) == 0
        var_0 = linked_list_0.prepend(linked_list_0)
        assert len(linked_list_0) == 1
        var_1 = linked_list_0.remove(linked_list_0)
&gt;       assert var_1 is True
E       assert False is True

MOSA/test_linkedList2_MOSA.py:57: AssertionError
_________________________________ test_case_9 __________________________________

    def test_case_9():
        linked_list_0 = module_0.LinkedList()
        assert len(linked_list_0) == 0
        linked_node_0 = module_0.LinkedNode(linked_list_0)
        assert len(linked_node_0.value) == 0
        var_0 = linked_list_0.__len__()
        assert var_0 == 0
        var_1 = linked_list_0.prepend(var_0)
        assert len(linked_list_0) == 1
        assert len(linked_node_0.value) == 1
        linked_list_1 = module_0.LinkedList(*linked_list_0)
        assert f'{type(linked_list_1).__module__}.{type(linked_list_1).__qualname__}' == 'linkedList2.LinkedList'
        assert len(linked_list_1) == 1
        var_2 = linked_list_0.remove(var_0)
&gt;       assert var_2 is True
E       assert False is True

MOSA/test_linkedList2_MOSA.py:112: AssertionError
_________________________________ test_case_11 _________________________________

    def test_case_11():
        linked_list_0 = module_0.LinkedList()
        assert len(linked_list_0) == 0
        linked_node_0 = module_0.LinkedNode(linked_list_0)
        assert len(linked_node_0.value) == 0
        var_0 = linked_list_0.__len__()
        assert var_0 == 0
        var_1 = linked_list_0.prepend(var_0)
        assert len(linked_list_0) == 1
        assert len(linked_node_0.value) == 1
        linked_list_1 = module_0.LinkedList(*linked_list_0)
        assert f'{type(linked_list_1).__module__}.{type(linked_list_1).__qualname__}' == 'linkedList2.LinkedList'
        assert len(linked_list_1) == 1
        var_2 = linked_list_1.__repr__()
        assert var_2 == 'link:[0]'
        var_3 = linked_list_0.remove(var_0)
&gt;       assert var_3 is True
E       assert False is True

MOSA/test_linkedList2_MOSA.py:141: AssertionError
_________________________________ test_case_12 _________________________________

    def test_case_12():
        linked_list_0 = module_0.LinkedList()
        assert len(linked_list_0) == 0
        var_0 = linked_list_0.__repr__()
        assert var_0 == 'link:[]'
        var_1 = var_0.__len__()
        assert var_1 == 7
        linked_list_1 = module_0.LinkedList(*var_0)
        assert len(linked_list_1) == 7
        var_2 = linked_list_1.remove(linked_list_1)
&gt;       assert var_2 is False
E       assert True is False

MOSA/test_linkedList2_MOSA.py:155: AssertionError
=========================== short test summary info ============================
FAILED MOSA/test_linkedList2_MOSA.py::test_case_6 - assert False is True
FAILED MOSA/test_linkedList2_MOSA.py::test_case_9 - assert False is True
FAILED MOSA/test_linkedList2_MOSA.py::test_case_11 - assert False is True
FAILED MOSA/test_linkedList2_MOSA.py::test_case_12 - assert True is False
========================= 4 failed, 12 passed in 0.48s =========================
</pre></div></div></div></div></div><div class="mb-1" id="job_list___sub_accordion_30"><div class="card"><a data-toggle="collapse" data-target="#job_list___sub_collapse_30_1" aria-expanded="false" aria-controls="job_list___sub_collapse_30_1" href="#" class="job_list___sub_multi_heading"><div role="alert" class="card-header alert-success" id="job_list___sub_heading_30_1"><button class="btn btn-outline-success"><span class="job_id">30 : Job ID ae282b006dcd415a96ed57d45999b5d2</span></button></div></a><div aria-labelledby="job_list___sub_heading_30_1" data-parent="#job_list___sub_accordion_30" class="collapse job_list___sub_multi_collapse" id="job_list___sub_collapse_30_1"><div class="card-body"><div class="work-item"><div class="alert alert-success test-outcome" role="alert"><p>worker outcome: normal</p><p>test outcome: killed</p></div></div><pre class="location"><a href="pycharm://open?file=linkedList2.py&amp;line=49" class="text-secondary"><button class="btn btn-outline-dark">linkedList2.py, start pos: (49, 19), end pos: (49, 31)</button></a></pre><pre>operator: core/AddNot, occurrence: 6</pre><div class="alert alert-secondary"><pre class="diff">--- mutation diff ---
--- alinkedList2.py
+++ blinkedList2.py
@@ -46,7 +46,7 @@
         last = None
         while n != None:
             if n.value == value:
-                if last == None:
+                if not last == None:
                     self.head = self.head.next
                 else:
                     last.next = n.next</pre></div><div class="alert alert-secondary"><pre class="diff">============================= test session starts ==============================
platform linux -- Python 3.10.10, pytest-7.2.1, pluggy-1.0.0
rootdir: /home/auri/temp/lucca/python_experiments/linkedList2
collected 16 items

MOSA/test_linkedList2_MOSA.py ......F.FF.F....                           [100%]

=================================== FAILURES ===================================
_________________________________ test_case_6 __________________________________

    def test_case_6():
        linked_list_0 = module_0.LinkedList()
        assert len(linked_list_0) == 0
        var_0 = linked_list_0.prepend(linked_list_0)
        assert len(linked_list_0) == 1
&gt;       var_1 = linked_list_0.remove(linked_list_0)

MOSA/test_linkedList2_MOSA.py:56: 
_ _ _ _ _ _ _ _ _ _ _ _ _ _ _ _ _ _ _ _ _ _ _ _ _ _ _ _ _ _ _ _ _ _ _ _ _ _ _ _ 

self = &lt;[RecursionError('maximum recursion depth exceeded in comparison') raised in repr()] LinkedList object at 0x7f3f71e32770&gt;
value = &lt;[RecursionError('maximum recursion depth exceeded in comparison') raised in repr()] LinkedList object at 0x7f3f71e32770&gt;

    def remove(self, value):
        """Remove value from list."""
        n = self.head
        last = None
        while n != None:
            if n.value == value:
                if not last == None:
                    self.head = self.head.next
                else:
&gt;                   last.next = n.next
E                   AttributeError: 'NoneType' object has no attribute 'next'

linkedList2.py:52: AttributeError
_________________________________ test_case_8 __________________________________

    def test_case_8():
        linked_list_0 = module_0.LinkedList()
        assert len(linked_list_0) == 0
        linked_node_0 = module_0.LinkedNode(linked_list_0)
        assert len(linked_node_0.value) == 0
        none_type_0 = None
        var_0 = linked_list_0.remove(none_type_0)
        assert var_0 is False
        var_1 = linked_list_0.__len__()
        assert var_1 == 0
        var_2 = linked_list_0.prepend(none_type_0)
        assert len(linked_list_0) == 1
        assert len(linked_node_0.value) == 1
        var_3 = linked_list_0.prepend(var_1)
        assert len(linked_list_0) == 2
        assert len(linked_node_0.value) == 2
        linked_node_1 = module_0.LinkedNode(linked_list_0, linked_node_0)
        assert len(linked_node_1.value) == 2
        var_4 = linked_node_1.checkInfinite()
        assert var_4 is False
        linked_list_1 = module_0.LinkedList(*linked_list_0)
        assert f'{type(linked_list_1).__module__}.{type(linked_list_1).__qualname__}' == 'linkedList2.LinkedList'
        assert len(linked_list_1) == 2
&gt;       var_5 = linked_list_0.remove(var_4)

MOSA/test_linkedList2_MOSA.py:92: 
_ _ _ _ _ _ _ _ _ _ _ _ _ _ _ _ _ _ _ _ _ _ _ _ _ _ _ _ _ _ _ _ _ _ _ _ _ _ _ _ 

self = link:[0,None], value = False

    def remove(self, value):
        """Remove value from list."""
        n = self.head
        last = None
        while n != None:
            if n.value == value:
                if not last == None:
                    self.head = self.head.next
                else:
&gt;                   last.next = n.next
E                   AttributeError: 'NoneType' object has no attribute 'next'

linkedList2.py:52: AttributeError
_________________________________ test_case_9 __________________________________

    def test_case_9():
        linked_list_0 = module_0.LinkedList()
        assert len(linked_list_0) == 0
        linked_node_0 = module_0.LinkedNode(linked_list_0)
        assert len(linked_node_0.value) == 0
        var_0 = linked_list_0.__len__()
        assert var_0 == 0
        var_1 = linked_list_0.prepend(var_0)
        assert len(linked_list_0) == 1
        assert len(linked_node_0.value) == 1
        linked_list_1 = module_0.LinkedList(*linked_list_0)
        assert f'{type(linked_list_1).__module__}.{type(linked_list_1).__qualname__}' == 'linkedList2.LinkedList'
        assert len(linked_list_1) == 1
&gt;       var_2 = linked_list_0.remove(var_0)

MOSA/test_linkedList2_MOSA.py:111: 
_ _ _ _ _ _ _ _ _ _ _ _ _ _ _ _ _ _ _ _ _ _ _ _ _ _ _ _ _ _ _ _ _ _ _ _ _ _ _ _ 

self = link:[0], value = 0

    def remove(self, value):
        """Remove value from list."""
        n = self.head
        last = None
        while n != None:
            if n.value == value:
                if not last == None:
                    self.head = self.head.next
                else:
&gt;                   last.next = n.next
E                   AttributeError: 'NoneType' object has no attribute 'next'

linkedList2.py:52: AttributeError
_________________________________ test_case_11 _________________________________

    def test_case_11():
        linked_list_0 = module_0.LinkedList()
        assert len(linked_list_0) == 0
        linked_node_0 = module_0.LinkedNode(linked_list_0)
        assert len(linked_node_0.value) == 0
        var_0 = linked_list_0.__len__()
        assert var_0 == 0
        var_1 = linked_list_0.prepend(var_0)
        assert len(linked_list_0) == 1
        assert len(linked_node_0.value) == 1
        linked_list_1 = module_0.LinkedList(*linked_list_0)
        assert f'{type(linked_list_1).__module__}.{type(linked_list_1).__qualname__}' == 'linkedList2.LinkedList'
        assert len(linked_list_1) == 1
        var_2 = linked_list_1.__repr__()
        assert var_2 == 'link:[0]'
&gt;       var_3 = linked_list_0.remove(var_0)

MOSA/test_linkedList2_MOSA.py:140: 
_ _ _ _ _ _ _ _ _ _ _ _ _ _ _ _ _ _ _ _ _ _ _ _ _ _ _ _ _ _ _ _ _ _ _ _ _ _ _ _ 

self = link:[0], value = 0

    def remove(self, value):
        """Remove value from list."""
        n = self.head
        last = None
        while n != None:
            if n.value == value:
                if not last == None:
                    self.head = self.head.next
                else:
&gt;                   last.next = n.next
E                   AttributeError: 'NoneType' object has no attribute 'next'

linkedList2.py:52: AttributeError
=========================== short test summary info ============================
FAILED MOSA/test_linkedList2_MOSA.py::test_case_6 - AttributeError: 'NoneType...
FAILED MOSA/test_linkedList2_MOSA.py::test_case_8 - AttributeError: 'NoneType...
FAILED MOSA/test_linkedList2_MOSA.py::test_case_9 - AttributeError: 'NoneType...
FAILED MOSA/test_linkedList2_MOSA.py::test_case_11 - AttributeError: 'NoneTyp...
========================= 4 failed, 12 passed in 0.35s =========================
</pre></div></div></div></div></div><div class="mb-1" id="job_list___sub_accordion_31"><div class="card"><a data-toggle="collapse" data-target="#job_list___sub_collapse_31_1" aria-expanded="false" aria-controls="job_list___sub_collapse_31_1" href="#" class="job_list___sub_multi_heading"><div role="alert" class="card-header alert-success" id="job_list___sub_heading_31_1"><button class="btn btn-outline-success"><span class="job_id">31 : Job ID be3fb075cf4d47af9d141104092389f9</span></button></div></a><div aria-labelledby="job_list___sub_heading_31_1" data-parent="#job_list___sub_accordion_31" class="collapse job_list___sub_multi_collapse" id="job_list___sub_collapse_31_1"><div class="card-body"><div class="work-item"><div class="alert alert-success test-outcome" role="alert"><p>worker outcome: normal</p><p>test outcome: killed</p></div></div><pre class="location"><a href="pycharm://open?file=linkedList2.py&amp;line=60" class="text-secondary"><button class="btn btn-outline-dark">linkedList2.py, start pos: (60, 14), end pos: (60, 23)</button></a></pre><pre>operator: core/AddNot, occurrence: 7</pre><div class="alert alert-secondary"><pre class="diff">--- mutation diff ---
--- alinkedList2.py
+++ blinkedList2.py
@@ -57,7 +57,7 @@
     def __iter__(self):
         """Iterator of values in the list."""
         n = self.head
-        while n != None:
+        while not n != None:
             yield n.value
             n = n.next
         </pre></div><div class="alert alert-secondary"><pre class="diff">============================= test session starts ==============================
platform linux -- Python 3.10.10, pytest-7.2.1, pluggy-1.0.0
rootdir: /home/auri/temp/lucca/python_experiments/linkedList2
collected 16 items

MOSA/test_linkedList2_MOSA.py ........FF.F.F..                           [100%]

=================================== FAILURES ===================================
_________________________________ test_case_8 __________________________________

    def test_case_8():
        linked_list_0 = module_0.LinkedList()
        assert len(linked_list_0) == 0
        linked_node_0 = module_0.LinkedNode(linked_list_0)
        assert len(linked_node_0.value) == 0
        none_type_0 = None
        var_0 = linked_list_0.remove(none_type_0)
        assert var_0 is False
        var_1 = linked_list_0.__len__()
        assert var_1 == 0
        var_2 = linked_list_0.prepend(none_type_0)
        assert len(linked_list_0) == 1
        assert len(linked_node_0.value) == 1
        var_3 = linked_list_0.prepend(var_1)
        assert len(linked_list_0) == 2
        assert len(linked_node_0.value) == 2
        linked_node_1 = module_0.LinkedNode(linked_list_0, linked_node_0)
        assert len(linked_node_1.value) == 2
        var_4 = linked_node_1.checkInfinite()
        assert var_4 is False
        linked_list_1 = module_0.LinkedList(*linked_list_0)
        assert f'{type(linked_list_1).__module__}.{type(linked_list_1).__qualname__}' == 'linkedList2.LinkedList'
&gt;       assert len(linked_list_1) == 2
E       assert 0 == 2
E        +  where 0 = len(link:[])

MOSA/test_linkedList2_MOSA.py:91: AssertionError
_________________________________ test_case_9 __________________________________

    def test_case_9():
        linked_list_0 = module_0.LinkedList()
        assert len(linked_list_0) == 0
        linked_node_0 = module_0.LinkedNode(linked_list_0)
        assert len(linked_node_0.value) == 0
        var_0 = linked_list_0.__len__()
        assert var_0 == 0
        var_1 = linked_list_0.prepend(var_0)
        assert len(linked_list_0) == 1
        assert len(linked_node_0.value) == 1
        linked_list_1 = module_0.LinkedList(*linked_list_0)
        assert f'{type(linked_list_1).__module__}.{type(linked_list_1).__qualname__}' == 'linkedList2.LinkedList'
&gt;       assert len(linked_list_1) == 1
E       assert 0 == 1
E        +  where 0 = len(link:[])

MOSA/test_linkedList2_MOSA.py:110: AssertionError
_________________________________ test_case_11 _________________________________

    def test_case_11():
        linked_list_0 = module_0.LinkedList()
        assert len(linked_list_0) == 0
        linked_node_0 = module_0.LinkedNode(linked_list_0)
        assert len(linked_node_0.value) == 0
        var_0 = linked_list_0.__len__()
        assert var_0 == 0
        var_1 = linked_list_0.prepend(var_0)
        assert len(linked_list_0) == 1
        assert len(linked_node_0.value) == 1
        linked_list_1 = module_0.LinkedList(*linked_list_0)
        assert f'{type(linked_list_1).__module__}.{type(linked_list_1).__qualname__}' == 'linkedList2.LinkedList'
&gt;       assert len(linked_list_1) == 1
E       assert 0 == 1
E        +  where 0 = len(link:[])

MOSA/test_linkedList2_MOSA.py:137: AssertionError
_________________________________ test_case_13 _________________________________

    def test_case_13():
        linked_list_0 = module_0.LinkedList()
        assert len(linked_list_0) == 0
        linked_node_0 = module_0.LinkedNode(linked_list_0)
        assert len(linked_node_0.value) == 0
        linked_node_1 = module_0.LinkedNode(linked_list_0, linked_node_0)
        assert len(linked_node_1.value) == 0
        var_0 = linked_node_1.checkInfinite()
        assert var_0 is False
&gt;       linked_list_1 = module_0.LinkedList(*linked_list_0)

MOSA/test_linkedList2_MOSA.py:168: 
_ _ _ _ _ _ _ _ _ _ _ _ _ _ _ _ _ _ _ _ _ _ _ _ _ _ _ _ _ _ _ _ _ _ _ _ _ _ _ _ 

self = link:[]

    def __iter__(self):
        """Iterator of values in the list."""
        n = self.head
        while not n != None:
&gt;           yield n.value
E           AttributeError: 'NoneType' object has no attribute 'value'

linkedList2.py:61: AttributeError
=========================== short test summary info ============================
FAILED MOSA/test_linkedList2_MOSA.py::test_case_8 - assert 0 == 2
FAILED MOSA/test_linkedList2_MOSA.py::test_case_9 - assert 0 == 1
FAILED MOSA/test_linkedList2_MOSA.py::test_case_11 - assert 0 == 1
FAILED MOSA/test_linkedList2_MOSA.py::test_case_13 - AttributeError: 'NoneTyp...
========================= 4 failed, 12 passed in 0.29s =========================
</pre></div></div></div></div></div><div class="mb-1" id="job_list___sub_accordion_32"><div class="card"><a data-toggle="collapse" data-target="#job_list___sub_collapse_32_1" aria-expanded="false" aria-controls="job_list___sub_collapse_32_1" href="#" class="job_list___sub_multi_heading"><div role="alert" class="card-header alert-success" id="job_list___sub_heading_32_1"><button class="btn btn-outline-success"><span class="job_id">32 : Job ID e65717ac39c349c88de64fbbf38c54e3</span></button></div></a><div aria-labelledby="job_list___sub_heading_32_1" data-parent="#job_list___sub_accordion_32" class="collapse job_list___sub_multi_collapse" id="job_list___sub_collapse_32_1"><div class="card-body"><div class="work-item"><div class="alert alert-success test-outcome" role="alert"><p>worker outcome: normal</p><p>test outcome: killed</p></div></div><pre class="location"><a href="pycharm://open?file=linkedList2.py&amp;line=66" class="text-secondary"><button class="btn btn-outline-dark">linkedList2.py, start pos: (66, 11), end pos: (66, 28)</button></a></pre><pre>operator: core/AddNot, occurrence: 8</pre><div class="alert alert-secondary"><pre class="diff">--- mutation diff ---
--- alinkedList2.py
+++ blinkedList2.py
@@ -63,7 +63,7 @@
         
     def __repr__(self):
         """String representation of linked list."""
-        if self.head is None:
+        if not self.head is None:
             return 'link:[]'
 
         return 'link:[{0:s}]'.format(','.join(map(str,self)))</pre></div><div class="alert alert-secondary"><pre class="diff">============================= test session starts ==============================
platform linux -- Python 3.10.10, pytest-7.2.1, pluggy-1.0.0
rootdir: /home/auri/temp/lucca/python_experiments/linkedList2
collected 16 items

MOSA/test_linkedList2_MOSA.py ...........F....                           [100%]

=================================== FAILURES ===================================
_________________________________ test_case_11 _________________________________

    def test_case_11():
        linked_list_0 = module_0.LinkedList()
        assert len(linked_list_0) == 0
        linked_node_0 = module_0.LinkedNode(linked_list_0)
        assert len(linked_node_0.value) == 0
        var_0 = linked_list_0.__len__()
        assert var_0 == 0
        var_1 = linked_list_0.prepend(var_0)
        assert len(linked_list_0) == 1
        assert len(linked_node_0.value) == 1
        linked_list_1 = module_0.LinkedList(*linked_list_0)
        assert f'{type(linked_list_1).__module__}.{type(linked_list_1).__qualname__}' == 'linkedList2.LinkedList'
        assert len(linked_list_1) == 1
        var_2 = linked_list_1.__repr__()
&gt;       assert var_2 == 'link:[0]'
E       AssertionError: assert 'link:[]' == 'link:[0]'
E         - link:[0]
E         ?       -
E         + link:[]

MOSA/test_linkedList2_MOSA.py:139: AssertionError
=========================== short test summary info ============================
FAILED MOSA/test_linkedList2_MOSA.py::test_case_11 - AssertionError: assert '...
========================= 1 failed, 15 passed in 0.22s =========================
</pre></div></div></div></div></div><div class="mb-1" id="job_list___sub_accordion_33"><div class="card"><a data-toggle="collapse" data-target="#job_list___sub_collapse_33_1" aria-expanded="false" aria-controls="job_list___sub_collapse_33_1" href="#" class="job_list___sub_multi_heading"><div role="alert" class="card-header alert-success" id="job_list___sub_heading_33_1"><button class="btn btn-outline-success"><span class="job_id">33 : Job ID 14f86af1af9946ef8a2cc9eb520598b6</span></button></div></a><div aria-labelledby="job_list___sub_heading_33_1" data-parent="#job_list___sub_accordion_33" class="collapse job_list___sub_multi_collapse" id="job_list___sub_collapse_33_1"><div class="card-body"><div class="work-item"><div class="alert alert-success test-outcome" role="alert"><p>worker outcome: normal</p><p>test outcome: killed</p></div></div><pre class="location"><a href="pycharm://open?file=linkedList2.py&amp;line=75" class="text-secondary"><button class="btn btn-outline-dark">linkedList2.py, start pos: (75, 14), end pos: (75, 23)</button></a></pre><pre>operator: core/AddNot, occurrence: 9</pre><div class="alert alert-secondary"><pre class="diff">--- mutation diff ---
--- alinkedList2.py
+++ blinkedList2.py
@@ -72,7 +72,7 @@
         """Count values in list."""
         n = self.head
         count = 0
-        while n != None:
+        while not n != None:
             count += 1
             n = n.next
         return count</pre></div><div class="alert alert-secondary"><pre class="diff">============================= test session starts ==============================
platform linux -- Python 3.10.10, pytest-7.2.1, pluggy-1.0.0
rootdir: /home/auri/temp/lucca/python_experiments/linkedList2
collected 16 items

MOSA/test_linkedList2_MOSA.py ..FFFFFFFFFFFFFF                           [100%]

=================================== FAILURES ===================================
_________________________________ test_case_2 __________________________________

    def test_case_2():
        none_type_0 = None
        list_0 = [none_type_0]
        linked_list_0 = module_0.LinkedList(*list_0)
&gt;       assert len(linked_list_0) == 1
E       assert 0 == 1
E        +  where 0 = len(link:[None])

MOSA/test_linkedList2_MOSA.py:19: AssertionError
_________________________________ test_case_3 __________________________________

    def test_case_3():
        linked_list_0 = module_0.LinkedList()
&gt;       assert len(linked_list_0) == 0

MOSA/test_linkedList2_MOSA.py:23: 
_ _ _ _ _ _ _ _ _ _ _ _ _ _ _ _ _ _ _ _ _ _ _ _ _ _ _ _ _ _ _ _ _ _ _ _ _ _ _ _ 

self = link:[]

    def __len__(self):
        """Count values in list."""
        n = self.head
        count = 0
        while not n != None:
            count += 1
&gt;           n = n.next
E           AttributeError: 'NoneType' object has no attribute 'next'

linkedList2.py:77: AttributeError
_________________________________ test_case_4 __________________________________

    def test_case_4():
        linked_list_0 = module_0.LinkedList()
&gt;       assert len(linked_list_0) == 0

MOSA/test_linkedList2_MOSA.py:31: 
_ _ _ _ _ _ _ _ _ _ _ _ _ _ _ _ _ _ _ _ _ _ _ _ _ _ _ _ _ _ _ _ _ _ _ _ _ _ _ _ 

self = link:[]

    def __len__(self):
        """Count values in list."""
        n = self.head
        count = 0
        while not n != None:
            count += 1
&gt;           n = n.next
E           AttributeError: 'NoneType' object has no attribute 'next'

linkedList2.py:77: AttributeError
_________________________________ test_case_5 __________________________________

    def test_case_5():
        bytes_0 = b'\x14\x0f\xf4'
        list_0 = [bytes_0, bytes_0, bytes_0, bytes_0]
        linked_list_0 = module_0.LinkedList(*list_0)
&gt;       assert len(linked_list_0) == 4
E       AssertionError: assert 0 == 4
E        +  where 0 = len(link:[b'\x14\x0f\xf4',b'\x14\x0f\xf4',b'\x14\x0f\xf4',b'\x14\x0f\xf4'])

MOSA/test_linkedList2_MOSA.py:41: AssertionError
_________________________________ test_case_6 __________________________________

    def test_case_6():
        linked_list_0 = module_0.LinkedList()
&gt;       assert len(linked_list_0) == 0

MOSA/test_linkedList2_MOSA.py:53: 
_ _ _ _ _ _ _ _ _ _ _ _ _ _ _ _ _ _ _ _ _ _ _ _ _ _ _ _ _ _ _ _ _ _ _ _ _ _ _ _ 

self = link:[]

    def __len__(self):
        """Count values in list."""
        n = self.head
        count = 0
        while not n != None:
            count += 1
&gt;           n = n.next
E           AttributeError: 'NoneType' object has no attribute 'next'

linkedList2.py:77: AttributeError
_________________________________ test_case_7 __________________________________

    def test_case_7():
        linked_list_0 = module_0.LinkedList()
&gt;       assert len(linked_list_0) == 0

MOSA/test_linkedList2_MOSA.py:62: 
_ _ _ _ _ _ _ _ _ _ _ _ _ _ _ _ _ _ _ _ _ _ _ _ _ _ _ _ _ _ _ _ _ _ _ _ _ _ _ _ 

self = link:[]

    def __len__(self):
        """Count values in list."""
        n = self.head
        count = 0
        while not n != None:
            count += 1
&gt;           n = n.next
E           AttributeError: 'NoneType' object has no attribute 'next'

linkedList2.py:77: AttributeError
_________________________________ test_case_8 __________________________________

    def test_case_8():
        linked_list_0 = module_0.LinkedList()
&gt;       assert len(linked_list_0) == 0

MOSA/test_linkedList2_MOSA.py:71: 
_ _ _ _ _ _ _ _ _ _ _ _ _ _ _ _ _ _ _ _ _ _ _ _ _ _ _ _ _ _ _ _ _ _ _ _ _ _ _ _ 

self = link:[]

    def __len__(self):
        """Count values in list."""
        n = self.head
        count = 0
        while not n != None:
            count += 1
&gt;           n = n.next
E           AttributeError: 'NoneType' object has no attribute 'next'

linkedList2.py:77: AttributeError
_________________________________ test_case_9 __________________________________

    def test_case_9():
        linked_list_0 = module_0.LinkedList()
&gt;       assert len(linked_list_0) == 0

MOSA/test_linkedList2_MOSA.py:100: 
_ _ _ _ _ _ _ _ _ _ _ _ _ _ _ _ _ _ _ _ _ _ _ _ _ _ _ _ _ _ _ _ _ _ _ _ _ _ _ _ 

self = link:[]

    def __len__(self):
        """Count values in list."""
        n = self.head
        count = 0
        while not n != None:
            count += 1
&gt;           n = n.next
E           AttributeError: 'NoneType' object has no attribute 'next'

linkedList2.py:77: AttributeError
_________________________________ test_case_10 _________________________________

    def test_case_10():
        linked_list_0 = module_0.LinkedList()
&gt;       assert len(linked_list_0) == 0

MOSA/test_linkedList2_MOSA.py:118: 
_ _ _ _ _ _ _ _ _ _ _ _ _ _ _ _ _ _ _ _ _ _ _ _ _ _ _ _ _ _ _ _ _ _ _ _ _ _ _ _ 

self = link:[]

    def __len__(self):
        """Count values in list."""
        n = self.head
        count = 0
        while not n != None:
            count += 1
&gt;           n = n.next
E           AttributeError: 'NoneType' object has no attribute 'next'

linkedList2.py:77: AttributeError
_________________________________ test_case_11 _________________________________

    def test_case_11():
        linked_list_0 = module_0.LinkedList()
&gt;       assert len(linked_list_0) == 0

MOSA/test_linkedList2_MOSA.py:127: 
_ _ _ _ _ _ _ _ _ _ _ _ _ _ _ _ _ _ _ _ _ _ _ _ _ _ _ _ _ _ _ _ _ _ _ _ _ _ _ _ 

self = link:[]

    def __len__(self):
        """Count values in list."""
        n = self.head
        count = 0
        while not n != None:
            count += 1
&gt;           n = n.next
E           AttributeError: 'NoneType' object has no attribute 'next'

linkedList2.py:77: AttributeError
_________________________________ test_case_12 _________________________________

    def test_case_12():
        linked_list_0 = module_0.LinkedList()
&gt;       assert len(linked_list_0) == 0

MOSA/test_linkedList2_MOSA.py:147: 
_ _ _ _ _ _ _ _ _ _ _ _ _ _ _ _ _ _ _ _ _ _ _ _ _ _ _ _ _ _ _ _ _ _ _ _ _ _ _ _ 

self = link:[]

    def __len__(self):
        """Count values in list."""
        n = self.head
        count = 0
        while not n != None:
            count += 1
&gt;           n = n.next
E           AttributeError: 'NoneType' object has no attribute 'next'

linkedList2.py:77: AttributeError
_________________________________ test_case_13 _________________________________

    def test_case_13():
        linked_list_0 = module_0.LinkedList()
&gt;       assert len(linked_list_0) == 0

MOSA/test_linkedList2_MOSA.py:161: 
_ _ _ _ _ _ _ _ _ _ _ _ _ _ _ _ _ _ _ _ _ _ _ _ _ _ _ _ _ _ _ _ _ _ _ _ _ _ _ _ 

self = link:[]

    def __len__(self):
        """Count values in list."""
        n = self.head
        count = 0
        while not n != None:
            count += 1
&gt;           n = n.next
E           AttributeError: 'NoneType' object has no attribute 'next'

linkedList2.py:77: AttributeError
_________________________________ test_case_14 _________________________________

    def test_case_14():
        linked_list_0 = module_0.LinkedList()
&gt;       assert len(linked_list_0) == 0

MOSA/test_linkedList2_MOSA.py:176: 
_ _ _ _ _ _ _ _ _ _ _ _ _ _ _ _ _ _ _ _ _ _ _ _ _ _ _ _ _ _ _ _ _ _ _ _ _ _ _ _ 

self = link:[]

    def __len__(self):
        """Count values in list."""
        n = self.head
        count = 0
        while not n != None:
            count += 1
&gt;           n = n.next
E           AttributeError: 'NoneType' object has no attribute 'next'

linkedList2.py:77: AttributeError
_________________________________ test_case_15 _________________________________

    def test_case_15():
        linked_list_0 = module_0.LinkedList()
&gt;       assert len(linked_list_0) == 0

MOSA/test_linkedList2_MOSA.py:186: 
_ _ _ _ _ _ _ _ _ _ _ _ _ _ _ _ _ _ _ _ _ _ _ _ _ _ _ _ _ _ _ _ _ _ _ _ _ _ _ _ 

self = link:[]

    def __len__(self):
        """Count values in list."""
        n = self.head
        count = 0
        while not n != None:
            count += 1
&gt;           n = n.next
E           AttributeError: 'NoneType' object has no attribute 'next'

linkedList2.py:77: AttributeError
=========================== short test summary info ============================
FAILED MOSA/test_linkedList2_MOSA.py::test_case_2 - assert 0 == 1
FAILED MOSA/test_linkedList2_MOSA.py::test_case_3 - AttributeError: 'NoneType...
FAILED MOSA/test_linkedList2_MOSA.py::test_case_4 - AttributeError: 'NoneType...
FAILED MOSA/test_linkedList2_MOSA.py::test_case_5 - AssertionError: assert 0 ...
FAILED MOSA/test_linkedList2_MOSA.py::test_case_6 - AttributeError: 'NoneType...
FAILED MOSA/test_linkedList2_MOSA.py::test_case_7 - AttributeError: 'NoneType...
FAILED MOSA/test_linkedList2_MOSA.py::test_case_8 - AttributeError: 'NoneType...
FAILED MOSA/test_linkedList2_MOSA.py::test_case_9 - AttributeError: 'NoneType...
FAILED MOSA/test_linkedList2_MOSA.py::test_case_10 - AttributeError: 'NoneTyp...
FAILED MOSA/test_linkedList2_MOSA.py::test_case_11 - AttributeError: 'NoneTyp...
FAILED MOSA/test_linkedList2_MOSA.py::test_case_12 - AttributeError: 'NoneTyp...
FAILED MOSA/test_linkedList2_MOSA.py::test_case_13 - AttributeError: 'NoneTyp...
FAILED MOSA/test_linkedList2_MOSA.py::test_case_14 - AttributeError: 'NoneTyp...
FAILED MOSA/test_linkedList2_MOSA.py::test_case_15 - AttributeError: 'NoneTyp...
========================= 14 failed, 2 passed in 0.77s =========================
</pre></div></div></div></div></div><div class="mb-1" id="job_list___sub_accordion_34"><div class="card"><a data-toggle="collapse" data-target="#job_list___sub_collapse_34_1" aria-expanded="false" aria-controls="job_list___sub_collapse_34_1" href="#" class="job_list___sub_multi_heading"><div role="alert" class="card-header alert-danger" id="job_list___sub_heading_34_1"><button class="btn btn-outline-danger"><span class="job_id">34 : Job ID 0b81ecb86c2141bcae831c643d0fd502</span></button></div></a><div aria-labelledby="job_list___sub_heading_34_1" data-parent="#job_list___sub_accordion_34" class="collapse job_list___sub_multi_collapse" id="job_list___sub_collapse_34_1"><div class="card-body"><div class="work-item"><div class="alert alert-danger test-outcome" role="alert"><p>SURVIVED</p><p>worker outcome: normal</p><p>test outcome: survived</p></div></div><pre class="location"><a href="pycharm://open?file=linkedList2.py&amp;line=21" class="text-secondary"><button class="btn btn-outline-dark">linkedList2.py, start pos: (21, 32), end pos: (21, 36)</button></a></pre><pre>operator: core/ReplaceTrueWithFalse, occurrence: 0</pre><div class="alert alert-secondary"><pre class="diff">--- mutation diff ---
--- alinkedList2.py
+++ blinkedList2.py
@@ -18,7 +18,7 @@
             p1 = p1.next
             p2 = p2.next.next
             
-            if p1 == p2: return True
+            if p1 == p2: return False
         return False
 
 class LinkedList:</pre></div><div class="alert alert-secondary"><pre class="diff">============================= test session starts ==============================
platform linux -- Python 3.10.10, pytest-7.2.1, pluggy-1.0.0
rootdir: /home/auri/temp/lucca/python_experiments/linkedList2
collected 16 items

MOSA/test_linkedList2_MOSA.py ................                           [100%]

============================== 16 passed in 0.28s ==============================
</pre></div></div></div></div></div><div class="mb-1" id="job_list___sub_accordion_35"><div class="card"><a data-toggle="collapse" data-target="#job_list___sub_collapse_35_1" aria-expanded="false" aria-controls="job_list___sub_collapse_35_1" href="#" class="job_list___sub_multi_heading"><div role="alert" class="card-header alert-success" id="job_list___sub_heading_35_1"><button class="btn btn-outline-success"><span class="job_id">35 : Job ID c77bafa90b484a41a75f9966825d1728</span></button></div></a><div aria-labelledby="job_list___sub_heading_35_1" data-parent="#job_list___sub_accordion_35" class="collapse job_list___sub_multi_collapse" id="job_list___sub_collapse_35_1"><div class="card-body"><div class="work-item"><div class="alert alert-success test-outcome" role="alert"><p>worker outcome: normal</p><p>test outcome: killed</p></div></div><pre class="location"><a href="pycharm://open?file=linkedList2.py&amp;line=53" class="text-secondary"><button class="btn btn-outline-dark">linkedList2.py, start pos: (53, 23), end pos: (53, 27)</button></a></pre><pre>operator: core/ReplaceTrueWithFalse, occurrence: 1</pre><div class="alert alert-secondary"><pre class="diff">--- mutation diff ---
--- alinkedList2.py
+++ blinkedList2.py
@@ -50,7 +50,7 @@
                     self.head = self.head.next
                 else:
                     last.next = n.next
-                return True
+                return False
             n = n.next
         return False
         </pre></div><div class="alert alert-secondary"><pre class="diff">============================= test session starts ==============================
platform linux -- Python 3.10.10, pytest-7.2.1, pluggy-1.0.0
rootdir: /home/auri/temp/lucca/python_experiments/linkedList2
collected 16 items

MOSA/test_linkedList2_MOSA.py ......F.FF.F....                           [100%]

=================================== FAILURES ===================================
_________________________________ test_case_6 __________________________________

    def test_case_6():
        linked_list_0 = module_0.LinkedList()
        assert len(linked_list_0) == 0
        var_0 = linked_list_0.prepend(linked_list_0)
        assert len(linked_list_0) == 1
        var_1 = linked_list_0.remove(linked_list_0)
&gt;       assert var_1 is True
E       assert False is True

MOSA/test_linkedList2_MOSA.py:57: AssertionError
_________________________________ test_case_8 __________________________________

    def test_case_8():
        linked_list_0 = module_0.LinkedList()
        assert len(linked_list_0) == 0
        linked_node_0 = module_0.LinkedNode(linked_list_0)
        assert len(linked_node_0.value) == 0
        none_type_0 = None
        var_0 = linked_list_0.remove(none_type_0)
        assert var_0 is False
        var_1 = linked_list_0.__len__()
        assert var_1 == 0
        var_2 = linked_list_0.prepend(none_type_0)
        assert len(linked_list_0) == 1
        assert len(linked_node_0.value) == 1
        var_3 = linked_list_0.prepend(var_1)
        assert len(linked_list_0) == 2
        assert len(linked_node_0.value) == 2
        linked_node_1 = module_0.LinkedNode(linked_list_0, linked_node_0)
        assert len(linked_node_1.value) == 2
        var_4 = linked_node_1.checkInfinite()
        assert var_4 is False
        linked_list_1 = module_0.LinkedList(*linked_list_0)
        assert f'{type(linked_list_1).__module__}.{type(linked_list_1).__qualname__}' == 'linkedList2.LinkedList'
        assert len(linked_list_1) == 2
        var_5 = linked_list_0.remove(var_4)
&gt;       assert var_5 is True
E       assert False is True

MOSA/test_linkedList2_MOSA.py:93: AssertionError
_________________________________ test_case_9 __________________________________

    def test_case_9():
        linked_list_0 = module_0.LinkedList()
        assert len(linked_list_0) == 0
        linked_node_0 = module_0.LinkedNode(linked_list_0)
        assert len(linked_node_0.value) == 0
        var_0 = linked_list_0.__len__()
        assert var_0 == 0
        var_1 = linked_list_0.prepend(var_0)
        assert len(linked_list_0) == 1
        assert len(linked_node_0.value) == 1
        linked_list_1 = module_0.LinkedList(*linked_list_0)
        assert f'{type(linked_list_1).__module__}.{type(linked_list_1).__qualname__}' == 'linkedList2.LinkedList'
        assert len(linked_list_1) == 1
        var_2 = linked_list_0.remove(var_0)
&gt;       assert var_2 is True
E       assert False is True

MOSA/test_linkedList2_MOSA.py:112: AssertionError
_________________________________ test_case_11 _________________________________

    def test_case_11():
        linked_list_0 = module_0.LinkedList()
        assert len(linked_list_0) == 0
        linked_node_0 = module_0.LinkedNode(linked_list_0)
        assert len(linked_node_0.value) == 0
        var_0 = linked_list_0.__len__()
        assert var_0 == 0
        var_1 = linked_list_0.prepend(var_0)
        assert len(linked_list_0) == 1
        assert len(linked_node_0.value) == 1
        linked_list_1 = module_0.LinkedList(*linked_list_0)
        assert f'{type(linked_list_1).__module__}.{type(linked_list_1).__qualname__}' == 'linkedList2.LinkedList'
        assert len(linked_list_1) == 1
        var_2 = linked_list_1.__repr__()
        assert var_2 == 'link:[0]'
        var_3 = linked_list_0.remove(var_0)
&gt;       assert var_3 is True
E       assert False is True

MOSA/test_linkedList2_MOSA.py:141: AssertionError
=========================== short test summary info ============================
FAILED MOSA/test_linkedList2_MOSA.py::test_case_6 - assert False is True
FAILED MOSA/test_linkedList2_MOSA.py::test_case_8 - assert False is True
FAILED MOSA/test_linkedList2_MOSA.py::test_case_9 - assert False is True
FAILED MOSA/test_linkedList2_MOSA.py::test_case_11 - assert False is True
========================= 4 failed, 12 passed in 0.42s =========================
</pre></div></div></div></div></div><div class="mb-1" id="job_list___sub_accordion_36"><div class="card"><a data-toggle="collapse" data-target="#job_list___sub_collapse_36_1" aria-expanded="false" aria-controls="job_list___sub_collapse_36_1" href="#" class="job_list___sub_multi_heading"><div role="alert" class="card-header alert-success" id="job_list___sub_heading_36_1"><button class="btn btn-outline-success"><span class="job_id">36 : Job ID 051d296381944fcc880754aa5044bd59</span></button></div></a><div aria-labelledby="job_list___sub_heading_36_1" data-parent="#job_list___sub_accordion_36" class="collapse job_list___sub_multi_collapse" id="job_list___sub_collapse_36_1"><div class="card-body"><div class="work-item"><div class="alert alert-success test-outcome" role="alert"><p>worker outcome: normal</p><p>test outcome: killed</p></div></div><pre class="location"><a href="pycharm://open?file=linkedList2.py&amp;line=16" class="text-secondary"><button class="btn btn-outline-dark">linkedList2.py, start pos: (16, 39), end pos: (16, 44)</button></a></pre><pre>operator: core/ReplaceFalseWithTrue, occurrence: 0</pre><div class="alert alert-secondary"><pre class="diff">--- mutation diff ---
--- alinkedList2.py
+++ blinkedList2.py
@@ -13,7 +13,7 @@
         """Check whether infinite loop via next."""
         p1 = p2 = self
         while p1 != None and p2 != None:
-            if p2.next == None: return False
+            if p2.next == None: return True
 
             p1 = p1.next
             p2 = p2.next.next</pre></div><div class="alert alert-secondary"><pre class="diff">============================= test session starts ==============================
platform linux -- Python 3.10.10, pytest-7.2.1, pluggy-1.0.0
rootdir: /home/auri/temp/lucca/python_experiments/linkedList2
collected 16 items

MOSA/test_linkedList2_MOSA.py F...............                           [100%]

=================================== FAILURES ===================================
_________________________________ test_case_0 __________________________________

    def test_case_0():
        int_0 = -1270
        linked_node_0 = module_0.LinkedNode(int_0)
        var_0 = linked_node_0.checkInfinite()
&gt;       assert var_0 is False
E       assert True is False

MOSA/test_linkedList2_MOSA.py:9: AssertionError
=========================== short test summary info ============================
FAILED MOSA/test_linkedList2_MOSA.py::test_case_0 - assert True is False
========================= 1 failed, 15 passed in 0.37s =========================
</pre></div></div></div></div></div><div class="mb-1" id="job_list___sub_accordion_37"><div class="card"><a data-toggle="collapse" data-target="#job_list___sub_collapse_37_1" aria-expanded="false" aria-controls="job_list___sub_collapse_37_1" href="#" class="job_list___sub_multi_heading"><div role="alert" class="card-header alert-success" id="job_list___sub_heading_37_1"><button class="btn btn-outline-success"><span class="job_id">37 : Job ID 683dbb18117e4ca0be1e1c9d489d40c7</span></button></div></a><div aria-labelledby="job_list___sub_heading_37_1" data-parent="#job_list___sub_accordion_37" class="collapse job_list___sub_multi_collapse" id="job_list___sub_collapse_37_1"><div class="card-body"><div class="work-item"><div class="alert alert-success test-outcome" role="alert"><p>worker outcome: normal</p><p>test outcome: killed</p></div></div><pre class="location"><a href="pycharm://open?file=linkedList2.py&amp;line=22" class="text-secondary"><button class="btn btn-outline-dark">linkedList2.py, start pos: (22, 15), end pos: (22, 20)</button></a></pre><pre>operator: core/ReplaceFalseWithTrue, occurrence: 1</pre><div class="alert alert-secondary"><pre class="diff">--- mutation diff ---
--- alinkedList2.py
+++ blinkedList2.py
@@ -19,7 +19,7 @@
             p2 = p2.next.next
             
             if p1 == p2: return True
-        return False
+        return True
 
 class LinkedList:
     def __init__(self, *start):</pre></div><div class="alert alert-secondary"><pre class="diff">============================= test session starts ==============================
platform linux -- Python 3.10.10, pytest-7.2.1, pluggy-1.0.0
rootdir: /home/auri/temp/lucca/python_experiments/linkedList2
collected 16 items

MOSA/test_linkedList2_MOSA.py ........F....FF.                           [100%]

=================================== FAILURES ===================================
_________________________________ test_case_8 __________________________________

    def test_case_8():
        linked_list_0 = module_0.LinkedList()
        assert len(linked_list_0) == 0
        linked_node_0 = module_0.LinkedNode(linked_list_0)
        assert len(linked_node_0.value) == 0
        none_type_0 = None
        var_0 = linked_list_0.remove(none_type_0)
        assert var_0 is False
        var_1 = linked_list_0.__len__()
        assert var_1 == 0
        var_2 = linked_list_0.prepend(none_type_0)
        assert len(linked_list_0) == 1
        assert len(linked_node_0.value) == 1
        var_3 = linked_list_0.prepend(var_1)
        assert len(linked_list_0) == 2
        assert len(linked_node_0.value) == 2
        linked_node_1 = module_0.LinkedNode(linked_list_0, linked_node_0)
        assert len(linked_node_1.value) == 2
        var_4 = linked_node_1.checkInfinite()
&gt;       assert var_4 is False
E       assert True is False

MOSA/test_linkedList2_MOSA.py:88: AssertionError
_________________________________ test_case_13 _________________________________

    def test_case_13():
        linked_list_0 = module_0.LinkedList()
        assert len(linked_list_0) == 0
        linked_node_0 = module_0.LinkedNode(linked_list_0)
        assert len(linked_node_0.value) == 0
        linked_node_1 = module_0.LinkedNode(linked_list_0, linked_node_0)
        assert len(linked_node_1.value) == 0
        var_0 = linked_node_1.checkInfinite()
&gt;       assert var_0 is False
E       assert True is False

MOSA/test_linkedList2_MOSA.py:167: AssertionError
_________________________________ test_case_14 _________________________________

    def test_case_14():
        linked_list_0 = module_0.LinkedList()
        assert len(linked_list_0) == 0
        linked_node_0 = module_0.LinkedNode(linked_list_0)
        assert len(linked_node_0.value) == 0
        linked_node_1 = module_0.LinkedNode(linked_list_0, linked_node_0)
        assert len(linked_node_1.value) == 0
        var_0 = linked_node_1.checkInfinite()
&gt;       assert var_0 is False
E       assert True is False

MOSA/test_linkedList2_MOSA.py:182: AssertionError
=========================== short test summary info ============================
FAILED MOSA/test_linkedList2_MOSA.py::test_case_8 - assert True is False
FAILED MOSA/test_linkedList2_MOSA.py::test_case_13 - assert True is False
FAILED MOSA/test_linkedList2_MOSA.py::test_case_14 - assert True is False
========================= 3 failed, 13 passed in 0.28s =========================
</pre></div></div></div></div></div><div class="mb-1" id="job_list___sub_accordion_38"><div class="card"><a data-toggle="collapse" data-target="#job_list___sub_collapse_38_1" aria-expanded="false" aria-controls="job_list___sub_collapse_38_1" href="#" class="job_list___sub_multi_heading"><div role="alert" class="card-header alert-success" id="job_list___sub_heading_38_1"><button class="btn btn-outline-success"><span class="job_id">38 : Job ID 37d165fef8114a4c815627de8139ca3e</span></button></div></a><div aria-labelledby="job_list___sub_heading_38_1" data-parent="#job_list___sub_accordion_38" class="collapse job_list___sub_multi_collapse" id="job_list___sub_collapse_38_1"><div class="card-body"><div class="work-item"><div class="alert alert-success test-outcome" role="alert"><p>worker outcome: normal</p><p>test outcome: killed</p></div></div><pre class="location"><a href="pycharm://open?file=linkedList2.py&amp;line=55" class="text-secondary"><button class="btn btn-outline-dark">linkedList2.py, start pos: (55, 15), end pos: (55, 20)</button></a></pre><pre>operator: core/ReplaceFalseWithTrue, occurrence: 2</pre><div class="alert alert-secondary"><pre class="diff">--- mutation diff ---
--- alinkedList2.py
+++ blinkedList2.py
@@ -52,7 +52,7 @@
                     last.next = n.next
                 return True
             n = n.next
-        return False
+        return True
         
     def __iter__(self):
         """Iterator of values in the list."""</pre></div><div class="alert alert-secondary"><pre class="diff">============================= test session starts ==============================
platform linux -- Python 3.10.10, pytest-7.2.1, pluggy-1.0.0
rootdir: /home/auri/temp/lucca/python_experiments/linkedList2
collected 16 items

MOSA/test_linkedList2_MOSA.py .......FF...F...                           [100%]

=================================== FAILURES ===================================
_________________________________ test_case_7 __________________________________

    def test_case_7():
        linked_list_0 = module_0.LinkedList()
        assert len(linked_list_0) == 0
        var_0 = linked_list_0.__iter__()
        var_1 = var_0.__repr__()
        var_2 = var_1.__repr__()
        var_3 = linked_list_0.remove(var_0)
&gt;       assert var_3 is False
E       assert True is False

MOSA/test_linkedList2_MOSA.py:67: AssertionError
_________________________________ test_case_8 __________________________________

    def test_case_8():
        linked_list_0 = module_0.LinkedList()
        assert len(linked_list_0) == 0
        linked_node_0 = module_0.LinkedNode(linked_list_0)
        assert len(linked_node_0.value) == 0
        none_type_0 = None
        var_0 = linked_list_0.remove(none_type_0)
&gt;       assert var_0 is False
E       assert True is False

MOSA/test_linkedList2_MOSA.py:76: AssertionError
_________________________________ test_case_12 _________________________________

    def test_case_12():
        linked_list_0 = module_0.LinkedList()
        assert len(linked_list_0) == 0
        var_0 = linked_list_0.__repr__()
        assert var_0 == 'link:[]'
        var_1 = var_0.__len__()
        assert var_1 == 7
        linked_list_1 = module_0.LinkedList(*var_0)
        assert len(linked_list_1) == 7
        var_2 = linked_list_1.remove(linked_list_1)
&gt;       assert var_2 is False
E       assert True is False

MOSA/test_linkedList2_MOSA.py:155: AssertionError
=========================== short test summary info ============================
FAILED MOSA/test_linkedList2_MOSA.py::test_case_7 - assert True is False
FAILED MOSA/test_linkedList2_MOSA.py::test_case_8 - assert True is False
FAILED MOSA/test_linkedList2_MOSA.py::test_case_12 - assert True is False
========================= 3 failed, 13 passed in 0.35s =========================
</pre></div></div></div></div></div><div class="mb-1" id="job_list___sub_accordion_39"><div class="card"><a data-toggle="collapse" data-target="#job_list___sub_collapse_39_1" aria-expanded="false" aria-controls="job_list___sub_collapse_39_1" href="#" class="job_list___sub_multi_heading"><div role="alert" class="card-header alert-success" id="job_list___sub_heading_39_1"><button class="btn btn-outline-success"><span class="job_id">39 : Job ID fa3330b443044478a5656f4b85df8004</span></button></div></a><div aria-labelledby="job_list___sub_heading_39_1" data-parent="#job_list___sub_accordion_39" class="collapse job_list___sub_multi_collapse" id="job_list___sub_collapse_39_1"><div class="card-body"><div class="work-item"><div class="alert alert-success test-outcome" role="alert"><p>worker outcome: normal</p><p>test outcome: killed</p></div></div><pre class="location"><a href="pycharm://open?file=linkedList2.py&amp;line=15" class="text-secondary"><button class="btn btn-outline-dark">linkedList2.py, start pos: (15, 25), end pos: (15, 28)</button></a></pre><pre>operator: core/ReplaceAndWithOr, occurrence: 0</pre><div class="alert alert-secondary"><pre class="diff">--- mutation diff ---
--- alinkedList2.py
+++ blinkedList2.py
@@ -12,7 +12,7 @@
     def checkInfinite(self):
         """Check whether infinite loop via next."""
         p1 = p2 = self
-        while p1 != None and p2 != None:
+        while p1 != None or p2 != None:
             if p2.next == None: return False
 
             p1 = p1.next</pre></div><div class="alert alert-secondary"><pre class="diff">============================= test session starts ==============================
platform linux -- Python 3.10.10, pytest-7.2.1, pluggy-1.0.0
rootdir: /home/auri/temp/lucca/python_experiments/linkedList2
collected 16 items

MOSA/test_linkedList2_MOSA.py ........F....FF.                           [100%]

=================================== FAILURES ===================================
_________________________________ test_case_8 __________________________________

    def test_case_8():
        linked_list_0 = module_0.LinkedList()
        assert len(linked_list_0) == 0
        linked_node_0 = module_0.LinkedNode(linked_list_0)
        assert len(linked_node_0.value) == 0
        none_type_0 = None
        var_0 = linked_list_0.remove(none_type_0)
        assert var_0 is False
        var_1 = linked_list_0.__len__()
        assert var_1 == 0
        var_2 = linked_list_0.prepend(none_type_0)
        assert len(linked_list_0) == 1
        assert len(linked_node_0.value) == 1
        var_3 = linked_list_0.prepend(var_1)
        assert len(linked_list_0) == 2
        assert len(linked_node_0.value) == 2
        linked_node_1 = module_0.LinkedNode(linked_list_0, linked_node_0)
        assert len(linked_node_1.value) == 2
&gt;       var_4 = linked_node_1.checkInfinite()

MOSA/test_linkedList2_MOSA.py:87: 
_ _ _ _ _ _ _ _ _ _ _ _ _ _ _ _ _ _ _ _ _ _ _ _ _ _ _ _ _ _ _ _ _ _ _ _ _ _ _ _ 

self = &lt;linkedList2.LinkedNode object at 0x7fda34956260&gt;

    def checkInfinite(self):
        """Check whether infinite loop via next."""
        p1 = p2 = self
        while p1 != None or p2 != None:
&gt;           if p2.next == None: return False
E           AttributeError: 'NoneType' object has no attribute 'next'

linkedList2.py:16: AttributeError
_________________________________ test_case_13 _________________________________

    def test_case_13():
        linked_list_0 = module_0.LinkedList()
        assert len(linked_list_0) == 0
        linked_node_0 = module_0.LinkedNode(linked_list_0)
        assert len(linked_node_0.value) == 0
        linked_node_1 = module_0.LinkedNode(linked_list_0, linked_node_0)
        assert len(linked_node_1.value) == 0
&gt;       var_0 = linked_node_1.checkInfinite()

MOSA/test_linkedList2_MOSA.py:166: 
_ _ _ _ _ _ _ _ _ _ _ _ _ _ _ _ _ _ _ _ _ _ _ _ _ _ _ _ _ _ _ _ _ _ _ _ _ _ _ _ 

self = &lt;linkedList2.LinkedNode object at 0x7fda345df970&gt;

    def checkInfinite(self):
        """Check whether infinite loop via next."""
        p1 = p2 = self
        while p1 != None or p2 != None:
&gt;           if p2.next == None: return False
E           AttributeError: 'NoneType' object has no attribute 'next'

linkedList2.py:16: AttributeError
_________________________________ test_case_14 _________________________________

    def test_case_14():
        linked_list_0 = module_0.LinkedList()
        assert len(linked_list_0) == 0
        linked_node_0 = module_0.LinkedNode(linked_list_0)
        assert len(linked_node_0.value) == 0
        linked_node_1 = module_0.LinkedNode(linked_list_0, linked_node_0)
        assert len(linked_node_1.value) == 0
&gt;       var_0 = linked_node_1.checkInfinite()

MOSA/test_linkedList2_MOSA.py:181: 
_ _ _ _ _ _ _ _ _ _ _ _ _ _ _ _ _ _ _ _ _ _ _ _ _ _ _ _ _ _ _ _ _ _ _ _ _ _ _ _ 

self = &lt;linkedList2.LinkedNode object at 0x7fda345c8130&gt;

    def checkInfinite(self):
        """Check whether infinite loop via next."""
        p1 = p2 = self
        while p1 != None or p2 != None:
&gt;           if p2.next == None: return False
E           AttributeError: 'NoneType' object has no attribute 'next'

linkedList2.py:16: AttributeError
=========================== short test summary info ============================
FAILED MOSA/test_linkedList2_MOSA.py::test_case_8 - AttributeError: 'NoneType...
FAILED MOSA/test_linkedList2_MOSA.py::test_case_13 - AttributeError: 'NoneTyp...
FAILED MOSA/test_linkedList2_MOSA.py::test_case_14 - AttributeError: 'NoneTyp...
========================= 3 failed, 13 passed in 0.35s =========================
</pre></div></div></div></div></div><div class="mb-1" id="job_list___sub_accordion_40"><div class="card"><a data-toggle="collapse" data-target="#job_list___sub_collapse_40_1" aria-expanded="false" aria-controls="job_list___sub_collapse_40_1" href="#" class="job_list___sub_multi_heading"><div role="alert" class="card-header alert-success" id="job_list___sub_heading_40_1"><button class="btn btn-outline-success"><span class="job_id">40 : Job ID dc225cf2ac884a04a7d56b7c66deb0d5</span></button></div></a><div aria-labelledby="job_list___sub_heading_40_1" data-parent="#job_list___sub_accordion_40" class="collapse job_list___sub_multi_collapse" id="job_list___sub_collapse_40_1"><div class="card-body"><div class="work-item"><div class="alert alert-success test-outcome" role="alert"><p>worker outcome: normal</p><p>test outcome: killed</p></div></div><pre class="location"><a href="pycharm://open?file=linkedList2.py&amp;line=74" class="text-secondary"><button class="btn btn-outline-dark">linkedList2.py, start pos: (74, 16), end pos: (74, 17)</button></a></pre><pre>operator: core/NumberReplacer, occurrence: 0</pre><div class="alert alert-secondary"><pre class="diff">--- mutation diff ---
--- alinkedList2.py
+++ blinkedList2.py
@@ -71,7 +71,7 @@
     def __len__(self):
         """Count values in list."""
         n = self.head
-        count = 0
+        count = 1
         while n != None:
             count += 1
             n = n.next</pre></div><div class="alert alert-secondary"><pre class="diff">============================= test session starts ==============================
platform linux -- Python 3.10.10, pytest-7.2.1, pluggy-1.0.0
rootdir: /home/auri/temp/lucca/python_experiments/linkedList2
collected 16 items

MOSA/test_linkedList2_MOSA.py ..FFFFFFFFFFFFFF                           [100%]

=================================== FAILURES ===================================
_________________________________ test_case_2 __________________________________

    def test_case_2():
        none_type_0 = None
        list_0 = [none_type_0]
        linked_list_0 = module_0.LinkedList(*list_0)
&gt;       assert len(linked_list_0) == 1
E       assert 2 == 1
E        +  where 2 = len(link:[None])

MOSA/test_linkedList2_MOSA.py:19: AssertionError
_________________________________ test_case_3 __________________________________

    def test_case_3():
        linked_list_0 = module_0.LinkedList()
&gt;       assert len(linked_list_0) == 0
E       assert 1 == 0
E        +  where 1 = len(link:[])

MOSA/test_linkedList2_MOSA.py:23: AssertionError
_________________________________ test_case_4 __________________________________

    def test_case_4():
        linked_list_0 = module_0.LinkedList()
&gt;       assert len(linked_list_0) == 0
E       assert 1 == 0
E        +  where 1 = len(link:[])

MOSA/test_linkedList2_MOSA.py:31: AssertionError
_________________________________ test_case_5 __________________________________

    def test_case_5():
        bytes_0 = b'\x14\x0f\xf4'
        list_0 = [bytes_0, bytes_0, bytes_0, bytes_0]
        linked_list_0 = module_0.LinkedList(*list_0)
&gt;       assert len(linked_list_0) == 4
E       AssertionError: assert 5 == 4
E        +  where 5 = len(link:[b'\x14\x0f\xf4',b'\x14\x0f\xf4',b'\x14\x0f\xf4',b'\x14\x0f\xf4'])

MOSA/test_linkedList2_MOSA.py:41: AssertionError
_________________________________ test_case_6 __________________________________

    def test_case_6():
        linked_list_0 = module_0.LinkedList()
&gt;       assert len(linked_list_0) == 0
E       assert 1 == 0
E        +  where 1 = len(link:[])

MOSA/test_linkedList2_MOSA.py:53: AssertionError
_________________________________ test_case_7 __________________________________

    def test_case_7():
        linked_list_0 = module_0.LinkedList()
&gt;       assert len(linked_list_0) == 0
E       assert 1 == 0
E        +  where 1 = len(link:[])

MOSA/test_linkedList2_MOSA.py:62: AssertionError
_________________________________ test_case_8 __________________________________

    def test_case_8():
        linked_list_0 = module_0.LinkedList()
&gt;       assert len(linked_list_0) == 0
E       assert 1 == 0
E        +  where 1 = len(link:[])

MOSA/test_linkedList2_MOSA.py:71: AssertionError
_________________________________ test_case_9 __________________________________

    def test_case_9():
        linked_list_0 = module_0.LinkedList()
&gt;       assert len(linked_list_0) == 0
E       assert 1 == 0
E        +  where 1 = len(link:[])

MOSA/test_linkedList2_MOSA.py:100: AssertionError
_________________________________ test_case_10 _________________________________

    def test_case_10():
        linked_list_0 = module_0.LinkedList()
&gt;       assert len(linked_list_0) == 0
E       assert 1 == 0
E        +  where 1 = len(link:[])

MOSA/test_linkedList2_MOSA.py:118: AssertionError
_________________________________ test_case_11 _________________________________

    def test_case_11():
        linked_list_0 = module_0.LinkedList()
&gt;       assert len(linked_list_0) == 0
E       assert 1 == 0
E        +  where 1 = len(link:[])

MOSA/test_linkedList2_MOSA.py:127: AssertionError
_________________________________ test_case_12 _________________________________

    def test_case_12():
        linked_list_0 = module_0.LinkedList()
&gt;       assert len(linked_list_0) == 0
E       assert 1 == 0
E        +  where 1 = len(link:[])

MOSA/test_linkedList2_MOSA.py:147: AssertionError
_________________________________ test_case_13 _________________________________

    def test_case_13():
        linked_list_0 = module_0.LinkedList()
&gt;       assert len(linked_list_0) == 0
E       assert 1 == 0
E        +  where 1 = len(link:[])

MOSA/test_linkedList2_MOSA.py:161: AssertionError
_________________________________ test_case_14 _________________________________

    def test_case_14():
        linked_list_0 = module_0.LinkedList()
&gt;       assert len(linked_list_0) == 0
E       assert 1 == 0
E        +  where 1 = len(link:[])

MOSA/test_linkedList2_MOSA.py:176: AssertionError
_________________________________ test_case_15 _________________________________

    def test_case_15():
        linked_list_0 = module_0.LinkedList()
&gt;       assert len(linked_list_0) == 0
E       assert 1 == 0
E        +  where 1 = len(link:[])

MOSA/test_linkedList2_MOSA.py:186: AssertionError
=========================== short test summary info ============================
FAILED MOSA/test_linkedList2_MOSA.py::test_case_2 - assert 2 == 1
FAILED MOSA/test_linkedList2_MOSA.py::test_case_3 - assert 1 == 0
FAILED MOSA/test_linkedList2_MOSA.py::test_case_4 - assert 1 == 0
FAILED MOSA/test_linkedList2_MOSA.py::test_case_5 - AssertionError: assert 5 ...
FAILED MOSA/test_linkedList2_MOSA.py::test_case_6 - assert 1 == 0
FAILED MOSA/test_linkedList2_MOSA.py::test_case_7 - assert 1 == 0
FAILED MOSA/test_linkedList2_MOSA.py::test_case_8 - assert 1 == 0
FAILED MOSA/test_linkedList2_MOSA.py::test_case_9 - assert 1 == 0
FAILED MOSA/test_linkedList2_MOSA.py::test_case_10 - assert 1 == 0
FAILED MOSA/test_linkedList2_MOSA.py::test_case_11 - assert 1 == 0
FAILED MOSA/test_linkedList2_MOSA.py::test_case_12 - assert 1 == 0
FAILED MOSA/test_linkedList2_MOSA.py::test_case_13 - assert 1 == 0
FAILED MOSA/test_linkedList2_MOSA.py::test_case_14 - assert 1 == 0
FAILED MOSA/test_linkedList2_MOSA.py::test_case_15 - assert 1 == 0
========================= 14 failed, 2 passed in 0.65s =========================
</pre></div></div></div></div></div><div class="mb-1" id="job_list___sub_accordion_41"><div class="card"><a data-toggle="collapse" data-target="#job_list___sub_collapse_41_1" aria-expanded="false" aria-controls="job_list___sub_collapse_41_1" href="#" class="job_list___sub_multi_heading"><div role="alert" class="card-header alert-success" id="job_list___sub_heading_41_1"><button class="btn btn-outline-success"><span class="job_id">41 : Job ID 32870f5cd1c84e7ea9971bfa931b8570</span></button></div></a><div aria-labelledby="job_list___sub_heading_41_1" data-parent="#job_list___sub_accordion_41" class="collapse job_list___sub_multi_collapse" id="job_list___sub_collapse_41_1"><div class="card-body"><div class="work-item"><div class="alert alert-success test-outcome" role="alert"><p>worker outcome: normal</p><p>test outcome: killed</p></div></div><pre class="location"><a href="pycharm://open?file=linkedList2.py&amp;line=74" class="text-secondary"><button class="btn btn-outline-dark">linkedList2.py, start pos: (74, 16), end pos: (74, 17)</button></a></pre><pre>operator: core/NumberReplacer, occurrence: 1</pre><div class="alert alert-secondary"><pre class="diff">--- mutation diff ---
--- alinkedList2.py
+++ blinkedList2.py
@@ -71,7 +71,7 @@
     def __len__(self):
         """Count values in list."""
         n = self.head
-        count = 0
+        count = -1
         while n != None:
             count += 1
             n = n.next</pre></div><div class="alert alert-secondary"><pre class="diff">============================= test session starts ==============================
platform linux -- Python 3.10.10, pytest-7.2.1, pluggy-1.0.0
rootdir: /home/auri/temp/lucca/python_experiments/linkedList2
collected 16 items

MOSA/test_linkedList2_MOSA.py ..FFFFFFFFFFFFFF                           [100%]

=================================== FAILURES ===================================
_________________________________ test_case_2 __________________________________

    def test_case_2():
        none_type_0 = None
        list_0 = [none_type_0]
        linked_list_0 = module_0.LinkedList(*list_0)
&gt;       assert len(linked_list_0) == 1
E       assert 0 == 1
E        +  where 0 = len(link:[None])

MOSA/test_linkedList2_MOSA.py:19: AssertionError
_________________________________ test_case_3 __________________________________

    def test_case_3():
        linked_list_0 = module_0.LinkedList()
&gt;       assert len(linked_list_0) == 0
E       ValueError: __len__() should return &gt;= 0

MOSA/test_linkedList2_MOSA.py:23: ValueError
_________________________________ test_case_4 __________________________________

    def test_case_4():
        linked_list_0 = module_0.LinkedList()
&gt;       assert len(linked_list_0) == 0
E       ValueError: __len__() should return &gt;= 0

MOSA/test_linkedList2_MOSA.py:31: ValueError
_________________________________ test_case_5 __________________________________

    def test_case_5():
        bytes_0 = b'\x14\x0f\xf4'
        list_0 = [bytes_0, bytes_0, bytes_0, bytes_0]
        linked_list_0 = module_0.LinkedList(*list_0)
&gt;       assert len(linked_list_0) == 4
E       AssertionError: assert 3 == 4
E        +  where 3 = len(link:[b'\x14\x0f\xf4',b'\x14\x0f\xf4',b'\x14\x0f\xf4',b'\x14\x0f\xf4'])

MOSA/test_linkedList2_MOSA.py:41: AssertionError
_________________________________ test_case_6 __________________________________

    def test_case_6():
        linked_list_0 = module_0.LinkedList()
&gt;       assert len(linked_list_0) == 0
E       ValueError: __len__() should return &gt;= 0

MOSA/test_linkedList2_MOSA.py:53: ValueError
_________________________________ test_case_7 __________________________________

    def test_case_7():
        linked_list_0 = module_0.LinkedList()
&gt;       assert len(linked_list_0) == 0
E       ValueError: __len__() should return &gt;= 0

MOSA/test_linkedList2_MOSA.py:62: ValueError
_________________________________ test_case_8 __________________________________

    def test_case_8():
        linked_list_0 = module_0.LinkedList()
&gt;       assert len(linked_list_0) == 0
E       ValueError: __len__() should return &gt;= 0

MOSA/test_linkedList2_MOSA.py:71: ValueError
_________________________________ test_case_9 __________________________________

    def test_case_9():
        linked_list_0 = module_0.LinkedList()
&gt;       assert len(linked_list_0) == 0
E       ValueError: __len__() should return &gt;= 0

MOSA/test_linkedList2_MOSA.py:100: ValueError
_________________________________ test_case_10 _________________________________

    def test_case_10():
        linked_list_0 = module_0.LinkedList()
&gt;       assert len(linked_list_0) == 0
E       ValueError: __len__() should return &gt;= 0

MOSA/test_linkedList2_MOSA.py:118: ValueError
_________________________________ test_case_11 _________________________________

    def test_case_11():
        linked_list_0 = module_0.LinkedList()
&gt;       assert len(linked_list_0) == 0
E       ValueError: __len__() should return &gt;= 0

MOSA/test_linkedList2_MOSA.py:127: ValueError
_________________________________ test_case_12 _________________________________

    def test_case_12():
        linked_list_0 = module_0.LinkedList()
&gt;       assert len(linked_list_0) == 0
E       ValueError: __len__() should return &gt;= 0

MOSA/test_linkedList2_MOSA.py:147: ValueError
_________________________________ test_case_13 _________________________________

    def test_case_13():
        linked_list_0 = module_0.LinkedList()
&gt;       assert len(linked_list_0) == 0
E       ValueError: __len__() should return &gt;= 0

MOSA/test_linkedList2_MOSA.py:161: ValueError
_________________________________ test_case_14 _________________________________

    def test_case_14():
        linked_list_0 = module_0.LinkedList()
&gt;       assert len(linked_list_0) == 0
E       ValueError: __len__() should return &gt;= 0

MOSA/test_linkedList2_MOSA.py:176: ValueError
_________________________________ test_case_15 _________________________________

    def test_case_15():
        linked_list_0 = module_0.LinkedList()
&gt;       assert len(linked_list_0) == 0
E       ValueError: __len__() should return &gt;= 0

MOSA/test_linkedList2_MOSA.py:186: ValueError
=========================== short test summary info ============================
FAILED MOSA/test_linkedList2_MOSA.py::test_case_2 - assert 0 == 1
FAILED MOSA/test_linkedList2_MOSA.py::test_case_3 - ValueError: __len__() sho...
FAILED MOSA/test_linkedList2_MOSA.py::test_case_4 - ValueError: __len__() sho...
FAILED MOSA/test_linkedList2_MOSA.py::test_case_5 - AssertionError: assert 3 ...
FAILED MOSA/test_linkedList2_MOSA.py::test_case_6 - ValueError: __len__() sho...
FAILED MOSA/test_linkedList2_MOSA.py::test_case_7 - ValueError: __len__() sho...
FAILED MOSA/test_linkedList2_MOSA.py::test_case_8 - ValueError: __len__() sho...
FAILED MOSA/test_linkedList2_MOSA.py::test_case_9 - ValueError: __len__() sho...
FAILED MOSA/test_linkedList2_MOSA.py::test_case_10 - ValueError: __len__() sh...
FAILED MOSA/test_linkedList2_MOSA.py::test_case_11 - ValueError: __len__() sh...
FAILED MOSA/test_linkedList2_MOSA.py::test_case_12 - ValueError: __len__() sh...
FAILED MOSA/test_linkedList2_MOSA.py::test_case_13 - ValueError: __len__() sh...
FAILED MOSA/test_linkedList2_MOSA.py::test_case_14 - ValueError: __len__() sh...
FAILED MOSA/test_linkedList2_MOSA.py::test_case_15 - ValueError: __len__() sh...
========================= 14 failed, 2 passed in 0.60s =========================
</pre></div></div></div></div></div><div class="mb-1" id="job_list___sub_accordion_42"><div class="card"><a data-toggle="collapse" data-target="#job_list___sub_collapse_42_1" aria-expanded="false" aria-controls="job_list___sub_collapse_42_1" href="#" class="job_list___sub_multi_heading"><div role="alert" class="card-header alert-success" id="job_list___sub_heading_42_1"><button class="btn btn-outline-success"><span class="job_id">42 : Job ID 3fa49d004fb744d5964fdf67ef5faae9</span></button></div></a><div aria-labelledby="job_list___sub_heading_42_1" data-parent="#job_list___sub_accordion_42" class="collapse job_list___sub_multi_collapse" id="job_list___sub_collapse_42_1"><div class="card-body"><div class="work-item"><div class="alert alert-success test-outcome" role="alert"><p>worker outcome: normal</p><p>test outcome: killed</p></div></div><pre class="location"><a href="pycharm://open?file=linkedList2.py&amp;line=76" class="text-secondary"><button class="btn btn-outline-dark">linkedList2.py, start pos: (76, 21), end pos: (76, 22)</button></a></pre><pre>operator: core/NumberReplacer, occurrence: 2</pre><div class="alert alert-secondary"><pre class="diff">--- mutation diff ---
--- alinkedList2.py
+++ blinkedList2.py
@@ -73,7 +73,7 @@
         n = self.head
         count = 0
         while n != None:
-            count += 1
+            count += 2
             n = n.next
         return count
 </pre></div><div class="alert alert-secondary"><pre class="diff">============================= test session starts ==============================
platform linux -- Python 3.10.10, pytest-7.2.1, pluggy-1.0.0
rootdir: /home/auri/temp/lucca/python_experiments/linkedList2
collected 16 items

MOSA/test_linkedList2_MOSA.py ..FF.FF.FF.FF...                           [100%]

=================================== FAILURES ===================================
_________________________________ test_case_2 __________________________________

    def test_case_2():
        none_type_0 = None
        list_0 = [none_type_0]
        linked_list_0 = module_0.LinkedList(*list_0)
&gt;       assert len(linked_list_0) == 1
E       assert 2 == 1
E        +  where 2 = len(link:[None])

MOSA/test_linkedList2_MOSA.py:19: AssertionError
_________________________________ test_case_3 __________________________________

    def test_case_3():
        linked_list_0 = module_0.LinkedList()
        assert len(linked_list_0) == 0
        var_0 = linked_list_0.__len__()
        assert var_0 == 0
        var_1 = linked_list_0.prepend(var_0)
&gt;       assert len(linked_list_0) == 1
E       assert 2 == 1
E        +  where 2 = len(link:[0])

MOSA/test_linkedList2_MOSA.py:27: AssertionError
_________________________________ test_case_5 __________________________________

    def test_case_5():
        bytes_0 = b'\x14\x0f\xf4'
        list_0 = [bytes_0, bytes_0, bytes_0, bytes_0]
        linked_list_0 = module_0.LinkedList(*list_0)
&gt;       assert len(linked_list_0) == 4
E       AssertionError: assert 8 == 4
E        +  where 8 = len(link:[b'\x14\x0f\xf4',b'\x14\x0f\xf4',b'\x14\x0f\xf4',b'\x14\x0f\xf4'])

MOSA/test_linkedList2_MOSA.py:41: AssertionError
_________________________________ test_case_6 __________________________________

    def test_case_6():
        linked_list_0 = module_0.LinkedList()
        assert len(linked_list_0) == 0
        var_0 = linked_list_0.prepend(linked_list_0)
&gt;       assert len(linked_list_0) == 1
E       AssertionError: assert 2 == 1
E        +  where 2 = len(&lt;[RecursionError('maximum recursion depth exceeded') raised in repr()] LinkedList object at 0x7fe8811a3490&gt;)

MOSA/test_linkedList2_MOSA.py:55: AssertionError
_________________________________ test_case_8 __________________________________

    def test_case_8():
        linked_list_0 = module_0.LinkedList()
        assert len(linked_list_0) == 0
        linked_node_0 = module_0.LinkedNode(linked_list_0)
        assert len(linked_node_0.value) == 0
        none_type_0 = None
        var_0 = linked_list_0.remove(none_type_0)
        assert var_0 is False
        var_1 = linked_list_0.__len__()
        assert var_1 == 0
        var_2 = linked_list_0.prepend(none_type_0)
&gt;       assert len(linked_list_0) == 1
E       assert 2 == 1
E        +  where 2 = len(link:[None])

MOSA/test_linkedList2_MOSA.py:80: AssertionError
_________________________________ test_case_9 __________________________________

    def test_case_9():
        linked_list_0 = module_0.LinkedList()
        assert len(linked_list_0) == 0
        linked_node_0 = module_0.LinkedNode(linked_list_0)
        assert len(linked_node_0.value) == 0
        var_0 = linked_list_0.__len__()
        assert var_0 == 0
        var_1 = linked_list_0.prepend(var_0)
&gt;       assert len(linked_list_0) == 1
E       assert 2 == 1
E        +  where 2 = len(link:[0])

MOSA/test_linkedList2_MOSA.py:106: AssertionError
_________________________________ test_case_11 _________________________________

    def test_case_11():
        linked_list_0 = module_0.LinkedList()
        assert len(linked_list_0) == 0
        linked_node_0 = module_0.LinkedNode(linked_list_0)
        assert len(linked_node_0.value) == 0
        var_0 = linked_list_0.__len__()
        assert var_0 == 0
        var_1 = linked_list_0.prepend(var_0)
&gt;       assert len(linked_list_0) == 1
E       assert 2 == 1
E        +  where 2 = len(link:[0])

MOSA/test_linkedList2_MOSA.py:133: AssertionError
_________________________________ test_case_12 _________________________________

    def test_case_12():
        linked_list_0 = module_0.LinkedList()
        assert len(linked_list_0) == 0
        var_0 = linked_list_0.__repr__()
        assert var_0 == 'link:[]'
        var_1 = var_0.__len__()
        assert var_1 == 7
        linked_list_1 = module_0.LinkedList(*var_0)
&gt;       assert len(linked_list_1) == 7
E       assert 14 == 7
E        +  where 14 = len(link:[],[,:,k,n,i,l])

MOSA/test_linkedList2_MOSA.py:153: AssertionError
=========================== short test summary info ============================
FAILED MOSA/test_linkedList2_MOSA.py::test_case_2 - assert 2 == 1
FAILED MOSA/test_linkedList2_MOSA.py::test_case_3 - assert 2 == 1
FAILED MOSA/test_linkedList2_MOSA.py::test_case_5 - AssertionError: assert 8 ...
FAILED MOSA/test_linkedList2_MOSA.py::test_case_6 - AssertionError: assert 2 ...
FAILED MOSA/test_linkedList2_MOSA.py::test_case_8 - assert 2 == 1
FAILED MOSA/test_linkedList2_MOSA.py::test_case_9 - assert 2 == 1
FAILED MOSA/test_linkedList2_MOSA.py::test_case_11 - assert 2 == 1
FAILED MOSA/test_linkedList2_MOSA.py::test_case_12 - assert 14 == 7
========================= 8 failed, 8 passed in 0.30s ==========================
</pre></div></div></div></div></div><div class="mb-1" id="job_list___sub_accordion_43"><div class="card"><a data-toggle="collapse" data-target="#job_list___sub_collapse_43_1" aria-expanded="false" aria-controls="job_list___sub_collapse_43_1" href="#" class="job_list___sub_multi_heading"><div role="alert" class="card-header alert-success" id="job_list___sub_heading_43_1"><button class="btn btn-outline-success"><span class="job_id">43 : Job ID d09ac40fad8b41d3a240611b91ca423e</span></button></div></a><div aria-labelledby="job_list___sub_heading_43_1" data-parent="#job_list___sub_accordion_43" class="collapse job_list___sub_multi_collapse" id="job_list___sub_collapse_43_1"><div class="card-body"><div class="work-item"><div class="alert alert-success test-outcome" role="alert"><p>worker outcome: normal</p><p>test outcome: killed</p></div></div><pre class="location"><a href="pycharm://open?file=linkedList2.py&amp;line=76" class="text-secondary"><button class="btn btn-outline-dark">linkedList2.py, start pos: (76, 21), end pos: (76, 22)</button></a></pre><pre>operator: core/NumberReplacer, occurrence: 3</pre><div class="alert alert-secondary"><pre class="diff">--- mutation diff ---
--- alinkedList2.py
+++ blinkedList2.py
@@ -73,7 +73,7 @@
         n = self.head
         count = 0
         while n != None:
-            count += 1
+            count += 0
             n = n.next
         return count
 </pre></div><div class="alert alert-secondary"><pre class="diff">============================= test session starts ==============================
platform linux -- Python 3.10.10, pytest-7.2.1, pluggy-1.0.0
rootdir: /home/auri/temp/lucca/python_experiments/linkedList2
collected 16 items

MOSA/test_linkedList2_MOSA.py ..FF.FF.FF.FF...                           [100%]

=================================== FAILURES ===================================
_________________________________ test_case_2 __________________________________

    def test_case_2():
        none_type_0 = None
        list_0 = [none_type_0]
        linked_list_0 = module_0.LinkedList(*list_0)
&gt;       assert len(linked_list_0) == 1
E       assert 0 == 1
E        +  where 0 = len(link:[None])

MOSA/test_linkedList2_MOSA.py:19: AssertionError
_________________________________ test_case_3 __________________________________

    def test_case_3():
        linked_list_0 = module_0.LinkedList()
        assert len(linked_list_0) == 0
        var_0 = linked_list_0.__len__()
        assert var_0 == 0
        var_1 = linked_list_0.prepend(var_0)
&gt;       assert len(linked_list_0) == 1
E       assert 0 == 1
E        +  where 0 = len(link:[0])

MOSA/test_linkedList2_MOSA.py:27: AssertionError
_________________________________ test_case_5 __________________________________

    def test_case_5():
        bytes_0 = b'\x14\x0f\xf4'
        list_0 = [bytes_0, bytes_0, bytes_0, bytes_0]
        linked_list_0 = module_0.LinkedList(*list_0)
&gt;       assert len(linked_list_0) == 4
E       AssertionError: assert 0 == 4
E        +  where 0 = len(link:[b'\x14\x0f\xf4',b'\x14\x0f\xf4',b'\x14\x0f\xf4',b'\x14\x0f\xf4'])

MOSA/test_linkedList2_MOSA.py:41: AssertionError
_________________________________ test_case_6 __________________________________

    def test_case_6():
        linked_list_0 = module_0.LinkedList()
        assert len(linked_list_0) == 0
        var_0 = linked_list_0.prepend(linked_list_0)
&gt;       assert len(linked_list_0) == 1
E       AssertionError: assert 0 == 1
E        +  where 0 = len(&lt;[RecursionError('maximum recursion depth exceeded') raised in repr()] LinkedList object at 0x7f1c78a7b430&gt;)

MOSA/test_linkedList2_MOSA.py:55: AssertionError
_________________________________ test_case_8 __________________________________

    def test_case_8():
        linked_list_0 = module_0.LinkedList()
        assert len(linked_list_0) == 0
        linked_node_0 = module_0.LinkedNode(linked_list_0)
        assert len(linked_node_0.value) == 0
        none_type_0 = None
        var_0 = linked_list_0.remove(none_type_0)
        assert var_0 is False
        var_1 = linked_list_0.__len__()
        assert var_1 == 0
        var_2 = linked_list_0.prepend(none_type_0)
&gt;       assert len(linked_list_0) == 1
E       assert 0 == 1
E        +  where 0 = len(link:[None])

MOSA/test_linkedList2_MOSA.py:80: AssertionError
_________________________________ test_case_9 __________________________________

    def test_case_9():
        linked_list_0 = module_0.LinkedList()
        assert len(linked_list_0) == 0
        linked_node_0 = module_0.LinkedNode(linked_list_0)
        assert len(linked_node_0.value) == 0
        var_0 = linked_list_0.__len__()
        assert var_0 == 0
        var_1 = linked_list_0.prepend(var_0)
&gt;       assert len(linked_list_0) == 1
E       assert 0 == 1
E        +  where 0 = len(link:[0])

MOSA/test_linkedList2_MOSA.py:106: AssertionError
_________________________________ test_case_11 _________________________________

    def test_case_11():
        linked_list_0 = module_0.LinkedList()
        assert len(linked_list_0) == 0
        linked_node_0 = module_0.LinkedNode(linked_list_0)
        assert len(linked_node_0.value) == 0
        var_0 = linked_list_0.__len__()
        assert var_0 == 0
        var_1 = linked_list_0.prepend(var_0)
&gt;       assert len(linked_list_0) == 1
E       assert 0 == 1
E        +  where 0 = len(link:[0])

MOSA/test_linkedList2_MOSA.py:133: AssertionError
_________________________________ test_case_12 _________________________________

    def test_case_12():
        linked_list_0 = module_0.LinkedList()
        assert len(linked_list_0) == 0
        var_0 = linked_list_0.__repr__()
        assert var_0 == 'link:[]'
        var_1 = var_0.__len__()
        assert var_1 == 7
        linked_list_1 = module_0.LinkedList(*var_0)
&gt;       assert len(linked_list_1) == 7
E       assert 0 == 7
E        +  where 0 = len(link:[],[,:,k,n,i,l])

MOSA/test_linkedList2_MOSA.py:153: AssertionError
=========================== short test summary info ============================
FAILED MOSA/test_linkedList2_MOSA.py::test_case_2 - assert 0 == 1
FAILED MOSA/test_linkedList2_MOSA.py::test_case_3 - assert 0 == 1
FAILED MOSA/test_linkedList2_MOSA.py::test_case_5 - AssertionError: assert 0 ...
FAILED MOSA/test_linkedList2_MOSA.py::test_case_6 - AssertionError: assert 0 ...
FAILED MOSA/test_linkedList2_MOSA.py::test_case_8 - assert 0 == 1
FAILED MOSA/test_linkedList2_MOSA.py::test_case_9 - assert 0 == 1
FAILED MOSA/test_linkedList2_MOSA.py::test_case_11 - assert 0 == 1
FAILED MOSA/test_linkedList2_MOSA.py::test_case_12 - assert 0 == 7
========================= 8 failed, 8 passed in 0.30s ==========================
</pre></div></div></div></div></div><div class="mb-1" id="job_list___sub_accordion_44"><div class="card"><a data-toggle="collapse" data-target="#job_list___sub_collapse_44_1" aria-expanded="false" aria-controls="job_list___sub_collapse_44_1" href="#" class="job_list___sub_multi_heading"><div role="alert" class="card-header alert-success" id="job_list___sub_heading_44_1"><button class="btn btn-outline-success"><span class="job_id">44 : Job ID e412ca6d181e4d04bf205e76618bf53e</span></button></div></a><div aria-labelledby="job_list___sub_heading_44_1" data-parent="#job_list___sub_accordion_44" class="collapse job_list___sub_multi_collapse" id="job_list___sub_collapse_44_1"><div class="card-body"><div class="work-item"><div class="alert alert-success test-outcome" role="alert"><p>worker outcome: normal</p><p>test outcome: killed</p></div></div><pre class="location"><a href="pycharm://open?file=linkedList2.py&amp;line=28" class="text-secondary"><button class="btn btn-outline-dark">linkedList2.py, start pos: (28, 17), end pos: (28, 22)</button></a></pre><pre>operator: core/ZeroIterationForLoop, occurrence: 0</pre><div class="alert alert-secondary"><pre class="diff">--- mutation diff ---
--- alinkedList2.py
+++ blinkedList2.py
@@ -25,7 +25,7 @@
     def __init__(self, *start):
         """Demonstrate linked lists in Python."""
         self.head  = None
-        for _ in start:
+        for _ in []:
             self.prepend(_)
 
     def prepend(self, value):</pre></div><div class="alert alert-secondary"><pre class="diff">============================= test session starts ==============================
platform linux -- Python 3.10.10, pytest-7.2.1, pluggy-1.0.0
rootdir: /home/auri/temp/lucca/python_experiments/linkedList2
collected 16 items

MOSA/test_linkedList2_MOSA.py ..F..F..FF.FF...                           [100%]

=================================== FAILURES ===================================
_________________________________ test_case_2 __________________________________

    def test_case_2():
        none_type_0 = None
        list_0 = [none_type_0]
        linked_list_0 = module_0.LinkedList(*list_0)
&gt;       assert len(linked_list_0) == 1
E       assert 0 == 1
E        +  where 0 = len(link:[])

MOSA/test_linkedList2_MOSA.py:19: AssertionError
_________________________________ test_case_5 __________________________________

    def test_case_5():
        bytes_0 = b'\x14\x0f\xf4'
        list_0 = [bytes_0, bytes_0, bytes_0, bytes_0]
        linked_list_0 = module_0.LinkedList(*list_0)
&gt;       assert len(linked_list_0) == 4
E       assert 0 == 4
E        +  where 0 = len(link:[])

MOSA/test_linkedList2_MOSA.py:41: AssertionError
_________________________________ test_case_8 __________________________________

    def test_case_8():
        linked_list_0 = module_0.LinkedList()
        assert len(linked_list_0) == 0
        linked_node_0 = module_0.LinkedNode(linked_list_0)
        assert len(linked_node_0.value) == 0
        none_type_0 = None
        var_0 = linked_list_0.remove(none_type_0)
        assert var_0 is False
        var_1 = linked_list_0.__len__()
        assert var_1 == 0
        var_2 = linked_list_0.prepend(none_type_0)
        assert len(linked_list_0) == 1
        assert len(linked_node_0.value) == 1
        var_3 = linked_list_0.prepend(var_1)
        assert len(linked_list_0) == 2
        assert len(linked_node_0.value) == 2
        linked_node_1 = module_0.LinkedNode(linked_list_0, linked_node_0)
        assert len(linked_node_1.value) == 2
        var_4 = linked_node_1.checkInfinite()
        assert var_4 is False
        linked_list_1 = module_0.LinkedList(*linked_list_0)
        assert f'{type(linked_list_1).__module__}.{type(linked_list_1).__qualname__}' == 'linkedList2.LinkedList'
&gt;       assert len(linked_list_1) == 2
E       assert 0 == 2
E        +  where 0 = len(link:[])

MOSA/test_linkedList2_MOSA.py:91: AssertionError
_________________________________ test_case_9 __________________________________

    def test_case_9():
        linked_list_0 = module_0.LinkedList()
        assert len(linked_list_0) == 0
        linked_node_0 = module_0.LinkedNode(linked_list_0)
        assert len(linked_node_0.value) == 0
        var_0 = linked_list_0.__len__()
        assert var_0 == 0
        var_1 = linked_list_0.prepend(var_0)
        assert len(linked_list_0) == 1
        assert len(linked_node_0.value) == 1
        linked_list_1 = module_0.LinkedList(*linked_list_0)
        assert f'{type(linked_list_1).__module__}.{type(linked_list_1).__qualname__}' == 'linkedList2.LinkedList'
&gt;       assert len(linked_list_1) == 1
E       assert 0 == 1
E        +  where 0 = len(link:[])

MOSA/test_linkedList2_MOSA.py:110: AssertionError
_________________________________ test_case_11 _________________________________

    def test_case_11():
        linked_list_0 = module_0.LinkedList()
        assert len(linked_list_0) == 0
        linked_node_0 = module_0.LinkedNode(linked_list_0)
        assert len(linked_node_0.value) == 0
        var_0 = linked_list_0.__len__()
        assert var_0 == 0
        var_1 = linked_list_0.prepend(var_0)
        assert len(linked_list_0) == 1
        assert len(linked_node_0.value) == 1
        linked_list_1 = module_0.LinkedList(*linked_list_0)
        assert f'{type(linked_list_1).__module__}.{type(linked_list_1).__qualname__}' == 'linkedList2.LinkedList'
&gt;       assert len(linked_list_1) == 1
E       assert 0 == 1
E        +  where 0 = len(link:[])

MOSA/test_linkedList2_MOSA.py:137: AssertionError
_________________________________ test_case_12 _________________________________

    def test_case_12():
        linked_list_0 = module_0.LinkedList()
        assert len(linked_list_0) == 0
        var_0 = linked_list_0.__repr__()
        assert var_0 == 'link:[]'
        var_1 = var_0.__len__()
        assert var_1 == 7
        linked_list_1 = module_0.LinkedList(*var_0)
&gt;       assert len(linked_list_1) == 7
E       assert 0 == 7
E        +  where 0 = len(link:[])

MOSA/test_linkedList2_MOSA.py:153: AssertionError
=========================== short test summary info ============================
FAILED MOSA/test_linkedList2_MOSA.py::test_case_2 - assert 0 == 1
FAILED MOSA/test_linkedList2_MOSA.py::test_case_5 - assert 0 == 4
FAILED MOSA/test_linkedList2_MOSA.py::test_case_8 - assert 0 == 2
FAILED MOSA/test_linkedList2_MOSA.py::test_case_9 - assert 0 == 1
FAILED MOSA/test_linkedList2_MOSA.py::test_case_11 - assert 0 == 1
FAILED MOSA/test_linkedList2_MOSA.py::test_case_12 - assert 0 == 7
========================= 6 failed, 10 passed in 0.42s =========================
</pre></div></div></div></div></div></div></div></div></div></div><script src="https://code.jquery.com/jquery-3.3.1.slim.min.js" integrity="sha384-q8i/X+965DzO0rT7abK41JStQIAqVgRVzpbzo5smXKp4YfRvH+8abtTE1Pi6jizo" crossorigin="anonymous"></script><script src="https://cdnjs.cloudflare.com/ajax/libs/popper.js/1.14.7/umd/popper.min.js" integrity="sha384-UO2eT0CpHqdSJQ6hJty5KVphtPhzWj9WO1clHTMGa3JDZwrnQq4sF86dIHNDz0W1" crossorigin="anonymous"></script><script src="https://stackpath.bootstrapcdn.com/bootstrap/4.3.1/js/bootstrap.min.js" integrity="sha384-JjSmVgyd0p3pXB1rRibZUAYoIIy6OrQ6VrjIEaFf/nJGzIxFDsf4x0xIM+B07jRM" crossorigin="anonymous"></script><script type="text/javascript">$('div.job_list___sub_multi_collapse').on('shown.bs.collapse',  function () {    correct_behavior_functional_buttons();  });$('div.job_list___sub_multi_collapse').on('hidden.bs.collapse',  function () {    correct_behavior_functional_buttons();  });function correct_behavior_functional_buttons() {    var expand = false;    var collapse = false;    $('a.job_list___sub_multi_heading').each(function(index) {      if ($(this).attr('aria-expanded') == 'false') {        expand = true;        return false;      };    });    $('a.job_list___sub_multi_heading').each(function(index) {      if ($(this).attr('aria-expanded') == 'true') {        collapse = true;        return false;      };    });    if (expand) {      $('div#job_item_expand_all').css('display', 'inline-block');    } else {      $('div#job_item_expand_all').css('display', 'none');    };    if (collapse) {      $('div#job_item_collapse_all').css('display', 'inline-block');    } else {      $('div#job_item_collapse_all').css('display', 'none');    };  };correct_behavior_functional_buttons();</script></body></html>
