<!DOCTYPE html><html lang="en"><head><meta charset="utf-8" /><meta name="viewport" content="width=device-width, initial-scale=1, shrink-to-fit=no" /><link rel="stylesheet" href="https://stackpath.bootstrapcdn.com/bootstrap/4.3.1/css/bootstrap.min.css" integrity="sha384-ggOyR0iXCbMQv3Xipma34MD+dH/1fQ784/j6cY/iJTQUOhcWr7x9JvoRxT2MZw1T" crossorigin="anonymous" /><title>Cosmic Ray Report</title></head><body><div class="container"><h1><p class="text-dark">Cosmic Ray Report</p></h1></div><div class="container"><div class="mb-1" id="summary_info___accordion"><div class="card"><a data-toggle="collapse" data-target="#summary_info___collapse_1" aria-expanded="true" aria-controls="summary_info___collapse_1" href="#"><div class="card-header" id="summary_info___heading_1"><button class="btn btn-outline-dark"><h4 class="m-0">Summary info</h4></button></div></a><div aria-labelledby="summary_info___heading_1" data-parent="#summary_info___accordion" class="collapse show" id="summary_info___collapse_1"><div class="card-body"><p>Date time: 04/03/2023 23:58:45</p><p>Total jobs: 62</p><p>Complete: 62 (100.00%)</p><p>Surviving mutants: 18 (29.03%)</p></div></div></div></div><div class="mb-1" id="job_list___accordion"><div class="card"><a data-toggle="collapse" data-target="#job_list___collapse_1" aria-expanded="false" aria-controls="job_list___collapse_1" href="#"><div class="card-header" id="job_list___heading_1"><button class="btn btn-outline-dark"><h4 class="m-0">Job list</h4></button></div></a><div aria-labelledby="job_list___heading_1" data-parent="#job_list___accordion" class="collapse" id="job_list___collapse_1"><div class="card-body"><div class="text-right mb-1"><div class="mx-1" id="job_item_expand_all"><a href="#" onclick="$('div.job_list___sub_multi_collapse').collapse('show');"><button class="btn btn-outline-dark"><span>Expand All</span></button></a></div><div class="mx-1" id="job_item_collapse_all"><a href="#" onclick="$('div.job_list___sub_multi_collapse').collapse('hide');"><button class="btn btn-outline-dark"><span>Collapse All</span></button></a></div></div><div class="mb-1" id="job_list___sub_accordion_1"><div class="card"><a data-toggle="collapse" data-target="#job_list___sub_collapse_1_1" aria-expanded="false" aria-controls="job_list___sub_collapse_1_1" href="#" class="job_list___sub_multi_heading"><div role="alert" class="card-header alert-danger" id="job_list___sub_heading_1_1"><button class="btn btn-outline-danger"><span class="job_id">1 : Job ID 26dac5167fca43ef9ce6a4fd9e2f2e82</span></button></div></a><div aria-labelledby="job_list___sub_heading_1_1" data-parent="#job_list___sub_accordion_1" class="collapse job_list___sub_multi_collapse" id="job_list___sub_collapse_1_1"><div class="card-body"><div class="work-item"><div class="alert alert-danger test-outcome" role="alert"><p>SURVIVED</p><p>worker outcome: normal</p><p>test outcome: survived</p></div></div><pre class="location"><a href="pycharm://open?file=queue2.py&amp;line=21" class="text-secondary"><button class="btn btn-outline-dark">queue2.py, start pos: (21, 18), end pos: (21, 20)</button></a></pre><pre>operator: core/ReplaceComparisonOperator_Eq_NotEq, occurrence: 0</pre><div class="alert alert-secondary"><pre class="diff">--- mutation diff ---
--- aqueue2.py
+++ bqueue2.py
@@ -18,7 +18,7 @@
             p1 = p1.next
             p2 = p2.next.next
             
-            if p1 == p2: return True
+            if p1 != p2: return True
         return False
 
 class LinkedList:</pre></div><div class="alert alert-secondary"><pre class="diff">============================= test session starts ==============================
platform linux -- Python 3.10.10, pytest-7.2.1, pluggy-1.0.0
rootdir: /home/auri/temp/lucca/python_experiments/queue2
collected 14 items

WHOLE_SUITE/test_queue2_WHOLE_SUITE.py ..............                    [100%]

============================== 14 passed in 0.26s ==============================
</pre></div></div></div></div></div><div class="mb-1" id="job_list___sub_accordion_2"><div class="card"><a data-toggle="collapse" data-target="#job_list___sub_collapse_2_1" aria-expanded="false" aria-controls="job_list___sub_collapse_2_1" href="#" class="job_list___sub_multi_heading"><div role="alert" class="card-header alert-success" id="job_list___sub_heading_2_1"><button class="btn btn-outline-success"><span class="job_id">2 : Job ID 77c734e7ac1b46cda1eccfdc739c54e0</span></button></div></a><div aria-labelledby="job_list___sub_heading_2_1" data-parent="#job_list___sub_accordion_2" class="collapse job_list___sub_multi_collapse" id="job_list___sub_collapse_2_1"><div class="card-body"><div class="work-item"><div class="alert alert-success test-outcome" role="alert"><p>worker outcome: normal</p><p>test outcome: killed</p></div></div><pre class="location"><a href="pycharm://open?file=queue2.py&amp;line=48" class="text-secondary"><button class="btn btn-outline-dark">queue2.py, start pos: (48, 23), end pos: (48, 25)</button></a></pre><pre>operator: core/ReplaceComparisonOperator_Eq_NotEq, occurrence: 1</pre><div class="alert alert-secondary"><pre class="diff">--- mutation diff ---
--- aqueue2.py
+++ bqueue2.py
@@ -45,7 +45,7 @@
         n = self.head
         last = None
         while n != None:
-            if n.value == value:
+            if n.value != value:
                 if last == None:
                     self.head = self.head.next
                 else:</pre></div><div class="alert alert-secondary"><pre class="diff">============================= test session starts ==============================
platform linux -- Python 3.10.10, pytest-7.2.1, pluggy-1.0.0
rootdir: /home/auri/temp/lucca/python_experiments/queue2
collected 14 items

WHOLE_SUITE/test_queue2_WHOLE_SUITE.py ....F.....F...                    [100%]

=================================== FAILURES ===================================
_________________________________ test_case_4 __________________________________

    def test_case_4():
        int_0 = 317
        list_0 = [int_0, int_0, int_0, int_0]
        linked_list_0 = module_0.LinkedList(*list_0)
        assert len(linked_list_0) == 4
        var_0 = linked_list_0.pop()
        assert var_0 == 317
        assert len(linked_list_0) == 3
        bool_0 = False
        var_1 = linked_list_0.remove(bool_0)
&gt;       assert var_1 is False
E       assert True is False

WHOLE_SUITE/test_queue2_WHOLE_SUITE.py:65: AssertionError
_________________________________ test_case_10 _________________________________

    def test_case_10():
        int_0 = 200
        bool_0 = True
        list_0 = [int_0, bool_0, bool_0, int_0]
        queue_linked_list_0 = module_0.QueueLinkedList()
        assert len(queue_linked_list_0) == 0
        linked_list_0 = module_0.LinkedList(*list_0)
        assert len(linked_list_0) == 4
        var_0 = linked_list_0.remove(int_0)
        assert var_0 is True
        assert len(linked_list_0) == 3
        var_1 = linked_list_0.prepend(list_0)
        assert len(linked_list_0) == 4
        var_2 = linked_list_0.__len__()
        assert var_2 == 4
        var_3 = linked_list_0.remove(var_0)
        assert var_3 is True
        assert len(linked_list_0) == 3
        var_4 = linked_list_0.remove(queue_linked_list_0)
&gt;       assert var_4 is False
E       assert True is False

WHOLE_SUITE/test_queue2_WHOLE_SUITE.py:141: AssertionError
=========================== short test summary info ============================
FAILED WHOLE_SUITE/test_queue2_WHOLE_SUITE.py::test_case_4 - assert True is F...
FAILED WHOLE_SUITE/test_queue2_WHOLE_SUITE.py::test_case_10 - assert True is ...
========================= 2 failed, 12 passed in 0.46s =========================
</pre></div></div></div></div></div><div class="mb-1" id="job_list___sub_accordion_3"><div class="card"><a data-toggle="collapse" data-target="#job_list___sub_collapse_3_1" aria-expanded="false" aria-controls="job_list___sub_collapse_3_1" href="#" class="job_list___sub_multi_heading"><div role="alert" class="card-header alert-danger" id="job_list___sub_heading_3_1"><button class="btn btn-outline-danger"><span class="job_id">3 : Job ID a06f2dbbaf0942e18d4f4783a034bfe0</span></button></div></a><div aria-labelledby="job_list___sub_heading_3_1" data-parent="#job_list___sub_accordion_3" class="collapse job_list___sub_multi_collapse" id="job_list___sub_collapse_3_1"><div class="card-body"><div class="work-item"><div class="alert alert-danger test-outcome" role="alert"><p>SURVIVED</p><p>worker outcome: normal</p><p>test outcome: survived</p></div></div><pre class="location"><a href="pycharm://open?file=queue2.py&amp;line=21" class="text-secondary"><button class="btn btn-outline-dark">queue2.py, start pos: (21, 18), end pos: (21, 20)</button></a></pre><pre>operator: core/ReplaceComparisonOperator_Eq_Lt, occurrence: 0</pre><div class="alert alert-secondary"><pre class="diff">--- mutation diff ---
--- aqueue2.py
+++ bqueue2.py
@@ -18,7 +18,7 @@
             p1 = p1.next
             p2 = p2.next.next
             
-            if p1 == p2: return True
+            if p1 &lt; p2: return True
         return False
 
 class LinkedList:</pre></div><div class="alert alert-secondary"><pre class="diff">============================= test session starts ==============================
platform linux -- Python 3.10.10, pytest-7.2.1, pluggy-1.0.0
rootdir: /home/auri/temp/lucca/python_experiments/queue2
collected 14 items

WHOLE_SUITE/test_queue2_WHOLE_SUITE.py ..............                    [100%]

============================== 14 passed in 0.13s ==============================
</pre></div></div></div></div></div><div class="mb-1" id="job_list___sub_accordion_4"><div class="card"><a data-toggle="collapse" data-target="#job_list___sub_collapse_4_1" aria-expanded="false" aria-controls="job_list___sub_collapse_4_1" href="#" class="job_list___sub_multi_heading"><div role="alert" class="card-header alert-success" id="job_list___sub_heading_4_1"><button class="btn btn-outline-success"><span class="job_id">4 : Job ID fd9b1d5fd734437ca4d3dff841d39ea4</span></button></div></a><div aria-labelledby="job_list___sub_heading_4_1" data-parent="#job_list___sub_accordion_4" class="collapse job_list___sub_multi_collapse" id="job_list___sub_collapse_4_1"><div class="card-body"><div class="work-item"><div class="alert alert-success test-outcome" role="alert"><p>worker outcome: normal</p><p>test outcome: killed</p></div></div><pre class="location"><a href="pycharm://open?file=queue2.py&amp;line=48" class="text-secondary"><button class="btn btn-outline-dark">queue2.py, start pos: (48, 23), end pos: (48, 25)</button></a></pre><pre>operator: core/ReplaceComparisonOperator_Eq_Lt, occurrence: 1</pre><div class="alert alert-secondary"><pre class="diff">--- mutation diff ---
--- aqueue2.py
+++ bqueue2.py
@@ -45,7 +45,7 @@
         n = self.head
         last = None
         while n != None:
-            if n.value == value:
+            if n.value &lt; value:
                 if last == None:
                     self.head = self.head.next
                 else:</pre></div><div class="alert alert-secondary"><pre class="diff">============================= test session starts ==============================
platform linux -- Python 3.10.10, pytest-7.2.1, pluggy-1.0.0
rootdir: /home/auri/temp/lucca/python_experiments/queue2
collected 14 items

WHOLE_SUITE/test_queue2_WHOLE_SUITE.py ..........F...                    [100%]

=================================== FAILURES ===================================
_________________________________ test_case_10 _________________________________

    def test_case_10():
        int_0 = 200
        bool_0 = True
        list_0 = [int_0, bool_0, bool_0, int_0]
        queue_linked_list_0 = module_0.QueueLinkedList()
        assert len(queue_linked_list_0) == 0
        linked_list_0 = module_0.LinkedList(*list_0)
        assert len(linked_list_0) == 4
        var_0 = linked_list_0.remove(int_0)
        assert var_0 is True
        assert len(linked_list_0) == 3
        var_1 = linked_list_0.prepend(list_0)
        assert len(linked_list_0) == 4
        var_2 = linked_list_0.__len__()
        assert var_2 == 4
&gt;       var_3 = linked_list_0.remove(var_0)

WHOLE_SUITE/test_queue2_WHOLE_SUITE.py:137: 
_ _ _ _ _ _ _ _ _ _ _ _ _ _ _ _ _ _ _ _ _ _ _ _ _ _ _ _ _ _ _ _ _ _ _ _ _ _ _ _ 

self = link:[[200, True, True, 200],True,True,200], value = True

    def remove(self, value):
        """Remove value from list."""
        n = self.head
        last = None
        while n != None:
&gt;           if n.value &lt; value:
E           TypeError: '&lt;' not supported between instances of 'list' and 'bool'

queue2.py:48: TypeError
=========================== short test summary info ============================
FAILED WHOLE_SUITE/test_queue2_WHOLE_SUITE.py::test_case_10 - TypeError: '&lt;' ...
========================= 1 failed, 13 passed in 0.39s =========================
</pre></div></div></div></div></div><div class="mb-1" id="job_list___sub_accordion_5"><div class="card"><a data-toggle="collapse" data-target="#job_list___sub_collapse_5_1" aria-expanded="false" aria-controls="job_list___sub_collapse_5_1" href="#" class="job_list___sub_multi_heading"><div role="alert" class="card-header alert-danger" id="job_list___sub_heading_5_1"><button class="btn btn-outline-danger"><span class="job_id">5 : Job ID b76a701fd887497da5b35337ef77f8b8</span></button></div></a><div aria-labelledby="job_list___sub_heading_5_1" data-parent="#job_list___sub_accordion_5" class="collapse job_list___sub_multi_collapse" id="job_list___sub_collapse_5_1"><div class="card-body"><div class="work-item"><div class="alert alert-danger test-outcome" role="alert"><p>SURVIVED</p><p>worker outcome: normal</p><p>test outcome: survived</p></div></div><pre class="location"><a href="pycharm://open?file=queue2.py&amp;line=21" class="text-secondary"><button class="btn btn-outline-dark">queue2.py, start pos: (21, 18), end pos: (21, 20)</button></a></pre><pre>operator: core/ReplaceComparisonOperator_Eq_LtE, occurrence: 0</pre><div class="alert alert-secondary"><pre class="diff">--- mutation diff ---
--- aqueue2.py
+++ bqueue2.py
@@ -18,7 +18,7 @@
             p1 = p1.next
             p2 = p2.next.next
             
-            if p1 == p2: return True
+            if p1 &lt;= p2: return True
         return False
 
 class LinkedList:</pre></div><div class="alert alert-secondary"><pre class="diff">============================= test session starts ==============================
platform linux -- Python 3.10.10, pytest-7.2.1, pluggy-1.0.0
rootdir: /home/auri/temp/lucca/python_experiments/queue2
collected 14 items

WHOLE_SUITE/test_queue2_WHOLE_SUITE.py ..............                    [100%]

============================== 14 passed in 0.16s ==============================
</pre></div></div></div></div></div><div class="mb-1" id="job_list___sub_accordion_6"><div class="card"><a data-toggle="collapse" data-target="#job_list___sub_collapse_6_1" aria-expanded="false" aria-controls="job_list___sub_collapse_6_1" href="#" class="job_list___sub_multi_heading"><div role="alert" class="card-header alert-success" id="job_list___sub_heading_6_1"><button class="btn btn-outline-success"><span class="job_id">6 : Job ID a40f696d8bd34068b7c2eb4dd9bb43b8</span></button></div></a><div aria-labelledby="job_list___sub_heading_6_1" data-parent="#job_list___sub_accordion_6" class="collapse job_list___sub_multi_collapse" id="job_list___sub_collapse_6_1"><div class="card-body"><div class="work-item"><div class="alert alert-success test-outcome" role="alert"><p>worker outcome: normal</p><p>test outcome: killed</p></div></div><pre class="location"><a href="pycharm://open?file=queue2.py&amp;line=48" class="text-secondary"><button class="btn btn-outline-dark">queue2.py, start pos: (48, 23), end pos: (48, 25)</button></a></pre><pre>operator: core/ReplaceComparisonOperator_Eq_LtE, occurrence: 1</pre><div class="alert alert-secondary"><pre class="diff">--- mutation diff ---
--- aqueue2.py
+++ bqueue2.py
@@ -45,7 +45,7 @@
         n = self.head
         last = None
         while n != None:
-            if n.value == value:
+            if n.value &lt;= value:
                 if last == None:
                     self.head = self.head.next
                 else:</pre></div><div class="alert alert-secondary"><pre class="diff">============================= test session starts ==============================
platform linux -- Python 3.10.10, pytest-7.2.1, pluggy-1.0.0
rootdir: /home/auri/temp/lucca/python_experiments/queue2
collected 14 items

WHOLE_SUITE/test_queue2_WHOLE_SUITE.py ..........F...                    [100%]

=================================== FAILURES ===================================
_________________________________ test_case_10 _________________________________

    def test_case_10():
        int_0 = 200
        bool_0 = True
        list_0 = [int_0, bool_0, bool_0, int_0]
        queue_linked_list_0 = module_0.QueueLinkedList()
        assert len(queue_linked_list_0) == 0
        linked_list_0 = module_0.LinkedList(*list_0)
        assert len(linked_list_0) == 4
        var_0 = linked_list_0.remove(int_0)
        assert var_0 is True
        assert len(linked_list_0) == 3
        var_1 = linked_list_0.prepend(list_0)
        assert len(linked_list_0) == 4
        var_2 = linked_list_0.__len__()
        assert var_2 == 4
&gt;       var_3 = linked_list_0.remove(var_0)

WHOLE_SUITE/test_queue2_WHOLE_SUITE.py:137: 
_ _ _ _ _ _ _ _ _ _ _ _ _ _ _ _ _ _ _ _ _ _ _ _ _ _ _ _ _ _ _ _ _ _ _ _ _ _ _ _ 

self = link:[[200, True, True, 200],True,True,200], value = True

    def remove(self, value):
        """Remove value from list."""
        n = self.head
        last = None
        while n != None:
&gt;           if n.value &lt;= value:
E           TypeError: '&lt;=' not supported between instances of 'list' and 'bool'

queue2.py:48: TypeError
=========================== short test summary info ============================
FAILED WHOLE_SUITE/test_queue2_WHOLE_SUITE.py::test_case_10 - TypeError: '&lt;='...
========================= 1 failed, 13 passed in 0.30s =========================
</pre></div></div></div></div></div><div class="mb-1" id="job_list___sub_accordion_7"><div class="card"><a data-toggle="collapse" data-target="#job_list___sub_collapse_7_1" aria-expanded="false" aria-controls="job_list___sub_collapse_7_1" href="#" class="job_list___sub_multi_heading"><div role="alert" class="card-header alert-danger" id="job_list___sub_heading_7_1"><button class="btn btn-outline-danger"><span class="job_id">7 : Job ID 91960f5ef12448ce8a39c8b19647904b</span></button></div></a><div aria-labelledby="job_list___sub_heading_7_1" data-parent="#job_list___sub_accordion_7" class="collapse job_list___sub_multi_collapse" id="job_list___sub_collapse_7_1"><div class="card-body"><div class="work-item"><div class="alert alert-danger test-outcome" role="alert"><p>SURVIVED</p><p>worker outcome: normal</p><p>test outcome: survived</p></div></div><pre class="location"><a href="pycharm://open?file=queue2.py&amp;line=21" class="text-secondary"><button class="btn btn-outline-dark">queue2.py, start pos: (21, 18), end pos: (21, 20)</button></a></pre><pre>operator: core/ReplaceComparisonOperator_Eq_Gt, occurrence: 0</pre><div class="alert alert-secondary"><pre class="diff">--- mutation diff ---
--- aqueue2.py
+++ bqueue2.py
@@ -18,7 +18,7 @@
             p1 = p1.next
             p2 = p2.next.next
             
-            if p1 == p2: return True
+            if p1 &gt; p2: return True
         return False
 
 class LinkedList:</pre></div><div class="alert alert-secondary"><pre class="diff">============================= test session starts ==============================
platform linux -- Python 3.10.10, pytest-7.2.1, pluggy-1.0.0
rootdir: /home/auri/temp/lucca/python_experiments/queue2
collected 14 items

WHOLE_SUITE/test_queue2_WHOLE_SUITE.py ..............                    [100%]

============================== 14 passed in 0.16s ==============================
</pre></div></div></div></div></div><div class="mb-1" id="job_list___sub_accordion_8"><div class="card"><a data-toggle="collapse" data-target="#job_list___sub_collapse_8_1" aria-expanded="false" aria-controls="job_list___sub_collapse_8_1" href="#" class="job_list___sub_multi_heading"><div role="alert" class="card-header alert-success" id="job_list___sub_heading_8_1"><button class="btn btn-outline-success"><span class="job_id">8 : Job ID 8e6441a10de049ee84b62ec78622fbf3</span></button></div></a><div aria-labelledby="job_list___sub_heading_8_1" data-parent="#job_list___sub_accordion_8" class="collapse job_list___sub_multi_collapse" id="job_list___sub_collapse_8_1"><div class="card-body"><div class="work-item"><div class="alert alert-success test-outcome" role="alert"><p>worker outcome: normal</p><p>test outcome: killed</p></div></div><pre class="location"><a href="pycharm://open?file=queue2.py&amp;line=48" class="text-secondary"><button class="btn btn-outline-dark">queue2.py, start pos: (48, 23), end pos: (48, 25)</button></a></pre><pre>operator: core/ReplaceComparisonOperator_Eq_Gt, occurrence: 1</pre><div class="alert alert-secondary"><pre class="diff">--- mutation diff ---
--- aqueue2.py
+++ bqueue2.py
@@ -45,7 +45,7 @@
         n = self.head
         last = None
         while n != None:
-            if n.value == value:
+            if n.value &gt; value:
                 if last == None:
                     self.head = self.head.next
                 else:</pre></div><div class="alert alert-secondary"><pre class="diff">============================= test session starts ==============================
platform linux -- Python 3.10.10, pytest-7.2.1, pluggy-1.0.0
rootdir: /home/auri/temp/lucca/python_experiments/queue2
collected 14 items

WHOLE_SUITE/test_queue2_WHOLE_SUITE.py ....F.....F...                    [100%]

=================================== FAILURES ===================================
_________________________________ test_case_4 __________________________________

    def test_case_4():
        int_0 = 317
        list_0 = [int_0, int_0, int_0, int_0]
        linked_list_0 = module_0.LinkedList(*list_0)
        assert len(linked_list_0) == 4
        var_0 = linked_list_0.pop()
        assert var_0 == 317
        assert len(linked_list_0) == 3
        bool_0 = False
        var_1 = linked_list_0.remove(bool_0)
&gt;       assert var_1 is False
E       assert True is False

WHOLE_SUITE/test_queue2_WHOLE_SUITE.py:65: AssertionError
_________________________________ test_case_10 _________________________________

    def test_case_10():
        int_0 = 200
        bool_0 = True
        list_0 = [int_0, bool_0, bool_0, int_0]
        queue_linked_list_0 = module_0.QueueLinkedList()
        assert len(queue_linked_list_0) == 0
        linked_list_0 = module_0.LinkedList(*list_0)
        assert len(linked_list_0) == 4
        var_0 = linked_list_0.remove(int_0)
&gt;       assert var_0 is True
E       assert False is True

WHOLE_SUITE/test_queue2_WHOLE_SUITE.py:131: AssertionError
=========================== short test summary info ============================
FAILED WHOLE_SUITE/test_queue2_WHOLE_SUITE.py::test_case_4 - assert True is F...
FAILED WHOLE_SUITE/test_queue2_WHOLE_SUITE.py::test_case_10 - assert False is...
========================= 2 failed, 12 passed in 0.21s =========================
</pre></div></div></div></div></div><div class="mb-1" id="job_list___sub_accordion_9"><div class="card"><a data-toggle="collapse" data-target="#job_list___sub_collapse_9_1" aria-expanded="false" aria-controls="job_list___sub_collapse_9_1" href="#" class="job_list___sub_multi_heading"><div role="alert" class="card-header alert-danger" id="job_list___sub_heading_9_1"><button class="btn btn-outline-danger"><span class="job_id">9 : Job ID 4d9aa10c2b884c73bd400a98637740f2</span></button></div></a><div aria-labelledby="job_list___sub_heading_9_1" data-parent="#job_list___sub_accordion_9" class="collapse job_list___sub_multi_collapse" id="job_list___sub_collapse_9_1"><div class="card-body"><div class="work-item"><div class="alert alert-danger test-outcome" role="alert"><p>SURVIVED</p><p>worker outcome: normal</p><p>test outcome: survived</p></div></div><pre class="location"><a href="pycharm://open?file=queue2.py&amp;line=21" class="text-secondary"><button class="btn btn-outline-dark">queue2.py, start pos: (21, 18), end pos: (21, 20)</button></a></pre><pre>operator: core/ReplaceComparisonOperator_Eq_GtE, occurrence: 0</pre><div class="alert alert-secondary"><pre class="diff">--- mutation diff ---
--- aqueue2.py
+++ bqueue2.py
@@ -18,7 +18,7 @@
             p1 = p1.next
             p2 = p2.next.next
             
-            if p1 == p2: return True
+            if p1 &gt;= p2: return True
         return False
 
 class LinkedList:</pre></div><div class="alert alert-secondary"><pre class="diff">============================= test session starts ==============================
platform linux -- Python 3.10.10, pytest-7.2.1, pluggy-1.0.0
rootdir: /home/auri/temp/lucca/python_experiments/queue2
collected 14 items

WHOLE_SUITE/test_queue2_WHOLE_SUITE.py ..............                    [100%]

============================== 14 passed in 0.26s ==============================
</pre></div></div></div></div></div><div class="mb-1" id="job_list___sub_accordion_10"><div class="card"><a data-toggle="collapse" data-target="#job_list___sub_collapse_10_1" aria-expanded="false" aria-controls="job_list___sub_collapse_10_1" href="#" class="job_list___sub_multi_heading"><div role="alert" class="card-header alert-success" id="job_list___sub_heading_10_1"><button class="btn btn-outline-success"><span class="job_id">10 : Job ID d75a982baa12492380721c35a24ba1b9</span></button></div></a><div aria-labelledby="job_list___sub_heading_10_1" data-parent="#job_list___sub_accordion_10" class="collapse job_list___sub_multi_collapse" id="job_list___sub_collapse_10_1"><div class="card-body"><div class="work-item"><div class="alert alert-success test-outcome" role="alert"><p>worker outcome: normal</p><p>test outcome: killed</p></div></div><pre class="location"><a href="pycharm://open?file=queue2.py&amp;line=48" class="text-secondary"><button class="btn btn-outline-dark">queue2.py, start pos: (48, 23), end pos: (48, 25)</button></a></pre><pre>operator: core/ReplaceComparisonOperator_Eq_GtE, occurrence: 1</pre><div class="alert alert-secondary"><pre class="diff">--- mutation diff ---
--- aqueue2.py
+++ bqueue2.py
@@ -45,7 +45,7 @@
         n = self.head
         last = None
         while n != None:
-            if n.value == value:
+            if n.value &gt;= value:
                 if last == None:
                     self.head = self.head.next
                 else:</pre></div><div class="alert alert-secondary"><pre class="diff">============================= test session starts ==============================
platform linux -- Python 3.10.10, pytest-7.2.1, pluggy-1.0.0
rootdir: /home/auri/temp/lucca/python_experiments/queue2
collected 14 items

WHOLE_SUITE/test_queue2_WHOLE_SUITE.py ....F.....F...                    [100%]

=================================== FAILURES ===================================
_________________________________ test_case_4 __________________________________

    def test_case_4():
        int_0 = 317
        list_0 = [int_0, int_0, int_0, int_0]
        linked_list_0 = module_0.LinkedList(*list_0)
        assert len(linked_list_0) == 4
        var_0 = linked_list_0.pop()
        assert var_0 == 317
        assert len(linked_list_0) == 3
        bool_0 = False
        var_1 = linked_list_0.remove(bool_0)
&gt;       assert var_1 is False
E       assert True is False

WHOLE_SUITE/test_queue2_WHOLE_SUITE.py:65: AssertionError
_________________________________ test_case_10 _________________________________

    def test_case_10():
        int_0 = 200
        bool_0 = True
        list_0 = [int_0, bool_0, bool_0, int_0]
        queue_linked_list_0 = module_0.QueueLinkedList()
        assert len(queue_linked_list_0) == 0
        linked_list_0 = module_0.LinkedList(*list_0)
        assert len(linked_list_0) == 4
        var_0 = linked_list_0.remove(int_0)
        assert var_0 is True
        assert len(linked_list_0) == 3
        var_1 = linked_list_0.prepend(list_0)
        assert len(linked_list_0) == 4
        var_2 = linked_list_0.__len__()
        assert var_2 == 4
&gt;       var_3 = linked_list_0.remove(var_0)

WHOLE_SUITE/test_queue2_WHOLE_SUITE.py:137: 
_ _ _ _ _ _ _ _ _ _ _ _ _ _ _ _ _ _ _ _ _ _ _ _ _ _ _ _ _ _ _ _ _ _ _ _ _ _ _ _ 

self = link:[[200, True, True, 200],True,True,200], value = True

    def remove(self, value):
        """Remove value from list."""
        n = self.head
        last = None
        while n != None:
&gt;           if n.value &gt;= value:
E           TypeError: '&gt;=' not supported between instances of 'list' and 'bool'

queue2.py:48: TypeError
=========================== short test summary info ============================
FAILED WHOLE_SUITE/test_queue2_WHOLE_SUITE.py::test_case_4 - assert True is F...
FAILED WHOLE_SUITE/test_queue2_WHOLE_SUITE.py::test_case_10 - TypeError: '&gt;='...
========================= 2 failed, 12 passed in 0.49s =========================
</pre></div></div></div></div></div><div class="mb-1" id="job_list___sub_accordion_11"><div class="card"><a data-toggle="collapse" data-target="#job_list___sub_collapse_11_1" aria-expanded="false" aria-controls="job_list___sub_collapse_11_1" href="#" class="job_list___sub_multi_heading"><div role="alert" class="card-header alert-danger" id="job_list___sub_heading_11_1"><button class="btn btn-outline-danger"><span class="job_id">11 : Job ID 5f0faa923f4f48c49d23c7f9d3f38bcc</span></button></div></a><div aria-labelledby="job_list___sub_heading_11_1" data-parent="#job_list___sub_accordion_11" class="collapse job_list___sub_multi_collapse" id="job_list___sub_collapse_11_1"><div class="card-body"><div class="work-item"><div class="alert alert-danger test-outcome" role="alert"><p>SURVIVED</p><p>worker outcome: normal</p><p>test outcome: survived</p></div></div><pre class="location"><a href="pycharm://open?file=queue2.py&amp;line=21" class="text-secondary"><button class="btn btn-outline-dark">queue2.py, start pos: (21, 18), end pos: (21, 20)</button></a></pre><pre>operator: core/ReplaceComparisonOperator_Eq_Is, occurrence: 0</pre><div class="alert alert-secondary"><pre class="diff">--- mutation diff ---
--- aqueue2.py
+++ bqueue2.py
@@ -18,7 +18,7 @@
             p1 = p1.next
             p2 = p2.next.next
             
-            if p1 == p2: return True
+            if p1 is p2: return True
         return False
 
 class LinkedList:</pre></div><div class="alert alert-secondary"><pre class="diff">============================= test session starts ==============================
platform linux -- Python 3.10.10, pytest-7.2.1, pluggy-1.0.0
rootdir: /home/auri/temp/lucca/python_experiments/queue2
collected 14 items

WHOLE_SUITE/test_queue2_WHOLE_SUITE.py ..............                    [100%]

============================== 14 passed in 0.27s ==============================
</pre></div></div></div></div></div><div class="mb-1" id="job_list___sub_accordion_12"><div class="card"><a data-toggle="collapse" data-target="#job_list___sub_collapse_12_1" aria-expanded="false" aria-controls="job_list___sub_collapse_12_1" href="#" class="job_list___sub_multi_heading"><div role="alert" class="card-header alert-danger" id="job_list___sub_heading_12_1"><button class="btn btn-outline-danger"><span class="job_id">12 : Job ID 243dfb8911cf4ff8956dbccd9564e66e</span></button></div></a><div aria-labelledby="job_list___sub_heading_12_1" data-parent="#job_list___sub_accordion_12" class="collapse job_list___sub_multi_collapse" id="job_list___sub_collapse_12_1"><div class="card-body"><div class="work-item"><div class="alert alert-danger test-outcome" role="alert"><p>SURVIVED</p><p>worker outcome: normal</p><p>test outcome: survived</p></div></div><pre class="location"><a href="pycharm://open?file=queue2.py&amp;line=48" class="text-secondary"><button class="btn btn-outline-dark">queue2.py, start pos: (48, 23), end pos: (48, 25)</button></a></pre><pre>operator: core/ReplaceComparisonOperator_Eq_Is, occurrence: 1</pre><div class="alert alert-secondary"><pre class="diff">--- mutation diff ---
--- aqueue2.py
+++ bqueue2.py
@@ -45,7 +45,7 @@
         n = self.head
         last = None
         while n != None:
-            if n.value == value:
+            if n.value is value:
                 if last == None:
                     self.head = self.head.next
                 else:</pre></div><div class="alert alert-secondary"><pre class="diff">============================= test session starts ==============================
platform linux -- Python 3.10.10, pytest-7.2.1, pluggy-1.0.0
rootdir: /home/auri/temp/lucca/python_experiments/queue2
collected 14 items

WHOLE_SUITE/test_queue2_WHOLE_SUITE.py ..............                    [100%]

============================== 14 passed in 0.16s ==============================
</pre></div></div></div></div></div><div class="mb-1" id="job_list___sub_accordion_13"><div class="card"><a data-toggle="collapse" data-target="#job_list___sub_collapse_13_1" aria-expanded="false" aria-controls="job_list___sub_collapse_13_1" href="#" class="job_list___sub_multi_heading"><div role="alert" class="card-header alert-success" id="job_list___sub_heading_13_1"><button class="btn btn-outline-success"><span class="job_id">13 : Job ID 588d467d11174142a4576a2f700a8fac</span></button></div></a><div aria-labelledby="job_list___sub_heading_13_1" data-parent="#job_list___sub_accordion_13" class="collapse job_list___sub_multi_collapse" id="job_list___sub_collapse_13_1"><div class="card-body"><div class="work-item"><div class="alert alert-success test-outcome" role="alert"><p>worker outcome: normal</p><p>test outcome: killed</p></div></div><pre class="location"><a href="pycharm://open?file=queue2.py&amp;line=16" class="text-secondary"><button class="btn btn-outline-dark">queue2.py, start pos: (16, 23), end pos: (16, 25)</button></a></pre><pre>operator: core/ReplaceComparisonOperator_Eq_IsNot, occurrence: 0</pre><div class="alert alert-secondary"><pre class="diff">--- mutation diff ---
--- aqueue2.py
+++ bqueue2.py
@@ -13,7 +13,7 @@
         """Check whether infinite loop via next."""
         p1 = p2 = self
         while p1 != None and p2 != None:
-            if p2.next == None: return False
+            if p2.next is not None: return False
 
             p1 = p1.next
             p2 = p2.next.next</pre></div><div class="alert alert-secondary"><pre class="diff">============================= test session starts ==============================
platform linux -- Python 3.10.10, pytest-7.2.1, pluggy-1.0.0
rootdir: /home/auri/temp/lucca/python_experiments/queue2
collected 14 items

WHOLE_SUITE/test_queue2_WHOLE_SUITE.py ..F...........                    [100%]

=================================== FAILURES ===================================
_________________________________ test_case_2 __________________________________

    def test_case_2():
        bytes_0 = b''
        linked_node_0 = module_0.LinkedNode(bytes_0)
        queue_linked_list_0 = module_0.QueueLinkedList()
        assert len(queue_linked_list_0) == 0
        var_0 = queue_linked_list_0.isEmpty()
        assert var_0 is True
&gt;       var_1 = linked_node_0.checkInfinite()

WHOLE_SUITE/test_queue2_WHOLE_SUITE.py:40: 
_ _ _ _ _ _ _ _ _ _ _ _ _ _ _ _ _ _ _ _ _ _ _ _ _ _ _ _ _ _ _ _ _ _ _ _ _ _ _ _ 

self = &lt;queue2.LinkedNode object at 0x7f42abd344f0&gt;

    def checkInfinite(self):
        """Check whether infinite loop via next."""
        p1 = p2 = self
        while p1 != None and p2 != None:
            if p2.next is not None: return False
    
            p1 = p1.next
&gt;           p2 = p2.next.next
E           AttributeError: 'NoneType' object has no attribute 'next'

queue2.py:19: AttributeError
=========================== short test summary info ============================
FAILED WHOLE_SUITE/test_queue2_WHOLE_SUITE.py::test_case_2 - AttributeError: ...
========================= 1 failed, 13 passed in 0.25s =========================
</pre></div></div></div></div></div><div class="mb-1" id="job_list___sub_accordion_14"><div class="card"><a data-toggle="collapse" data-target="#job_list___sub_collapse_14_1" aria-expanded="false" aria-controls="job_list___sub_collapse_14_1" href="#" class="job_list___sub_multi_heading"><div role="alert" class="card-header alert-danger" id="job_list___sub_heading_14_1"><button class="btn btn-outline-danger"><span class="job_id">14 : Job ID 9ec34235f36e4bed8be3be41483d9e0e</span></button></div></a><div aria-labelledby="job_list___sub_heading_14_1" data-parent="#job_list___sub_accordion_14" class="collapse job_list___sub_multi_collapse" id="job_list___sub_collapse_14_1"><div class="card-body"><div class="work-item"><div class="alert alert-danger test-outcome" role="alert"><p>SURVIVED</p><p>worker outcome: normal</p><p>test outcome: survived</p></div></div><pre class="location"><a href="pycharm://open?file=queue2.py&amp;line=21" class="text-secondary"><button class="btn btn-outline-dark">queue2.py, start pos: (21, 18), end pos: (21, 20)</button></a></pre><pre>operator: core/ReplaceComparisonOperator_Eq_IsNot, occurrence: 1</pre><div class="alert alert-secondary"><pre class="diff">--- mutation diff ---
--- aqueue2.py
+++ bqueue2.py
@@ -18,7 +18,7 @@
             p1 = p1.next
             p2 = p2.next.next
             
-            if p1 == p2: return True
+            if p1 is not p2: return True
         return False
 
 class LinkedList:</pre></div><div class="alert alert-secondary"><pre class="diff">============================= test session starts ==============================
platform linux -- Python 3.10.10, pytest-7.2.1, pluggy-1.0.0
rootdir: /home/auri/temp/lucca/python_experiments/queue2
collected 14 items

WHOLE_SUITE/test_queue2_WHOLE_SUITE.py ..............                    [100%]

============================== 14 passed in 0.26s ==============================
</pre></div></div></div></div></div><div class="mb-1" id="job_list___sub_accordion_15"><div class="card"><a data-toggle="collapse" data-target="#job_list___sub_collapse_15_1" aria-expanded="false" aria-controls="job_list___sub_collapse_15_1" href="#" class="job_list___sub_multi_heading"><div role="alert" class="card-header alert-success" id="job_list___sub_heading_15_1"><button class="btn btn-outline-success"><span class="job_id">15 : Job ID d396be90d92d4c0f9b8563f57199e5c0</span></button></div></a><div aria-labelledby="job_list___sub_heading_15_1" data-parent="#job_list___sub_accordion_15" class="collapse job_list___sub_multi_collapse" id="job_list___sub_collapse_15_1"><div class="card-body"><div class="work-item"><div class="alert alert-success test-outcome" role="alert"><p>worker outcome: normal</p><p>test outcome: killed</p></div></div><pre class="location"><a href="pycharm://open?file=queue2.py&amp;line=48" class="text-secondary"><button class="btn btn-outline-dark">queue2.py, start pos: (48, 23), end pos: (48, 25)</button></a></pre><pre>operator: core/ReplaceComparisonOperator_Eq_IsNot, occurrence: 2</pre><div class="alert alert-secondary"><pre class="diff">--- mutation diff ---
--- aqueue2.py
+++ bqueue2.py
@@ -45,7 +45,7 @@
         n = self.head
         last = None
         while n != None:
-            if n.value == value:
+            if n.value is not value:
                 if last == None:
                     self.head = self.head.next
                 else:</pre></div><div class="alert alert-secondary"><pre class="diff">============================= test session starts ==============================
platform linux -- Python 3.10.10, pytest-7.2.1, pluggy-1.0.0
rootdir: /home/auri/temp/lucca/python_experiments/queue2
collected 14 items

WHOLE_SUITE/test_queue2_WHOLE_SUITE.py ....F.....F...                    [100%]

=================================== FAILURES ===================================
_________________________________ test_case_4 __________________________________

    def test_case_4():
        int_0 = 317
        list_0 = [int_0, int_0, int_0, int_0]
        linked_list_0 = module_0.LinkedList(*list_0)
        assert len(linked_list_0) == 4
        var_0 = linked_list_0.pop()
        assert var_0 == 317
        assert len(linked_list_0) == 3
        bool_0 = False
        var_1 = linked_list_0.remove(bool_0)
&gt;       assert var_1 is False
E       assert True is False

WHOLE_SUITE/test_queue2_WHOLE_SUITE.py:65: AssertionError
_________________________________ test_case_10 _________________________________

    def test_case_10():
        int_0 = 200
        bool_0 = True
        list_0 = [int_0, bool_0, bool_0, int_0]
        queue_linked_list_0 = module_0.QueueLinkedList()
        assert len(queue_linked_list_0) == 0
        linked_list_0 = module_0.LinkedList(*list_0)
        assert len(linked_list_0) == 4
        var_0 = linked_list_0.remove(int_0)
        assert var_0 is True
        assert len(linked_list_0) == 3
        var_1 = linked_list_0.prepend(list_0)
        assert len(linked_list_0) == 4
        var_2 = linked_list_0.__len__()
        assert var_2 == 4
        var_3 = linked_list_0.remove(var_0)
        assert var_3 is True
        assert len(linked_list_0) == 3
        var_4 = linked_list_0.remove(queue_linked_list_0)
&gt;       assert var_4 is False
E       assert True is False

WHOLE_SUITE/test_queue2_WHOLE_SUITE.py:141: AssertionError
=========================== short test summary info ============================
FAILED WHOLE_SUITE/test_queue2_WHOLE_SUITE.py::test_case_4 - assert True is F...
FAILED WHOLE_SUITE/test_queue2_WHOLE_SUITE.py::test_case_10 - assert True is ...
========================= 2 failed, 12 passed in 0.19s =========================
</pre></div></div></div></div></div><div class="mb-1" id="job_list___sub_accordion_16"><div class="card"><a data-toggle="collapse" data-target="#job_list___sub_collapse_16_1" aria-expanded="false" aria-controls="job_list___sub_collapse_16_1" href="#" class="job_list___sub_multi_heading"><div role="alert" class="card-header alert-success" id="job_list___sub_heading_16_1"><button class="btn btn-outline-success"><span class="job_id">16 : Job ID 538139d98bfb405999b9a880c2f7834c</span></button></div></a><div aria-labelledby="job_list___sub_heading_16_1" data-parent="#job_list___sub_accordion_16" class="collapse job_list___sub_multi_collapse" id="job_list___sub_collapse_16_1"><div class="card-body"><div class="work-item"><div class="alert alert-success test-outcome" role="alert"><p>worker outcome: normal</p><p>test outcome: killed</p></div></div><pre class="location"><a href="pycharm://open?file=queue2.py&amp;line=49" class="text-secondary"><button class="btn btn-outline-dark">queue2.py, start pos: (49, 24), end pos: (49, 26)</button></a></pre><pre>operator: core/ReplaceComparisonOperator_Eq_IsNot, occurrence: 3</pre><div class="alert alert-secondary"><pre class="diff">--- mutation diff ---
--- aqueue2.py
+++ bqueue2.py
@@ -46,7 +46,7 @@
         last = None
         while n != None:
             if n.value == value:
-                if last == None:
+                if last is not None:
                     self.head = self.head.next
                 else:
                     last.next = n.next</pre></div><div class="alert alert-secondary"><pre class="diff">============================= test session starts ==============================
platform linux -- Python 3.10.10, pytest-7.2.1, pluggy-1.0.0
rootdir: /home/auri/temp/lucca/python_experiments/queue2
collected 14 items

WHOLE_SUITE/test_queue2_WHOLE_SUITE.py ..........F...                    [100%]

=================================== FAILURES ===================================
_________________________________ test_case_10 _________________________________

    def test_case_10():
        int_0 = 200
        bool_0 = True
        list_0 = [int_0, bool_0, bool_0, int_0]
        queue_linked_list_0 = module_0.QueueLinkedList()
        assert len(queue_linked_list_0) == 0
        linked_list_0 = module_0.LinkedList(*list_0)
        assert len(linked_list_0) == 4
&gt;       var_0 = linked_list_0.remove(int_0)

WHOLE_SUITE/test_queue2_WHOLE_SUITE.py:130: 
_ _ _ _ _ _ _ _ _ _ _ _ _ _ _ _ _ _ _ _ _ _ _ _ _ _ _ _ _ _ _ _ _ _ _ _ _ _ _ _ 

self = link:[200,True,True,200], value = 200

    def remove(self, value):
        """Remove value from list."""
        n = self.head
        last = None
        while n != None:
            if n.value == value:
                if last is not None:
                    self.head = self.head.next
                else:
&gt;                   last.next = n.next
E                   AttributeError: 'NoneType' object has no attribute 'next'

queue2.py:52: AttributeError
=========================== short test summary info ============================
FAILED WHOLE_SUITE/test_queue2_WHOLE_SUITE.py::test_case_10 - AttributeError:...
========================= 1 failed, 13 passed in 0.23s =========================
</pre></div></div></div></div></div><div class="mb-1" id="job_list___sub_accordion_17"><div class="card"><a data-toggle="collapse" data-target="#job_list___sub_collapse_17_1" aria-expanded="false" aria-controls="job_list___sub_collapse_17_1" href="#" class="job_list___sub_multi_heading"><div role="alert" class="card-header alert-success" id="job_list___sub_heading_17_1"><button class="btn btn-outline-success"><span class="job_id">17 : Job ID d0f8dbea7f3e433b8006b727144d2560</span></button></div></a><div aria-labelledby="job_list___sub_heading_17_1" data-parent="#job_list___sub_accordion_17" class="collapse job_list___sub_multi_collapse" id="job_list___sub_collapse_17_1"><div class="card-body"><div class="work-item"><div class="alert alert-success test-outcome" role="alert"><p>worker outcome: normal</p><p>test outcome: killed</p></div></div><pre class="location"><a href="pycharm://open?file=queue2.py&amp;line=99" class="text-secondary"><button class="btn btn-outline-dark">queue2.py, start pos: (99, 25), end pos: (99, 27)</button></a></pre><pre>operator: core/ReplaceComparisonOperator_Eq_IsNot, occurrence: 4</pre><div class="alert alert-secondary"><pre class="diff">--- mutation diff ---
--- aqueue2.py
+++ bqueue2.py
@@ -96,7 +96,7 @@
 
     def isEmpty(self):
         """Determine if queue is empty."""
-        return self.head == None
+        return self.head is not None
 
     def pop(self):
         """Remove first value from queue."""</pre></div><div class="alert alert-secondary"><pre class="diff">============================= test session starts ==============================
platform linux -- Python 3.10.10, pytest-7.2.1, pluggy-1.0.0
rootdir: /home/auri/temp/lucca/python_experiments/queue2
collected 14 items

WHOLE_SUITE/test_queue2_WHOLE_SUITE.py F.F..........F                    [100%]

=================================== FAILURES ===================================
_________________________________ test_case_0 __________________________________

    def test_case_0():
        queue_linked_list_0 = module_0.QueueLinkedList()
        assert len(queue_linked_list_0) == 0
        var_0 = queue_linked_list_0.__repr__()
        assert var_0 == 'queue:[]'
        queue_linked_list_1 = module_0.QueueLinkedList()
        assert len(queue_linked_list_1) == 0
        var_1 = queue_linked_list_1.isEmpty()
&gt;       assert var_1 is True
E       assert False is True

WHOLE_SUITE/test_queue2_WHOLE_SUITE.py:13: AssertionError
_________________________________ test_case_2 __________________________________

    def test_case_2():
        bytes_0 = b''
        linked_node_0 = module_0.LinkedNode(bytes_0)
        queue_linked_list_0 = module_0.QueueLinkedList()
        assert len(queue_linked_list_0) == 0
        var_0 = queue_linked_list_0.isEmpty()
&gt;       assert var_0 is True
E       assert False is True

WHOLE_SUITE/test_queue2_WHOLE_SUITE.py:39: AssertionError
_________________________________ test_case_13 _________________________________

    def test_case_13():
        linked_list_0 = module_0.LinkedList()
        assert len(linked_list_0) == 0
        var_0 = linked_list_0.__repr__()
        assert var_0 == 'link:[]'
        queue_linked_list_0 = module_0.QueueLinkedList()
        assert len(queue_linked_list_0) == 0
        var_1 = linked_list_0.__repr__()
        assert var_1 == 'link:[]'
        var_2 = queue_linked_list_0.isEmpty()
&gt;       assert var_2 is True
E       assert False is True

WHOLE_SUITE/test_queue2_WHOLE_SUITE.py:177: AssertionError
=========================== short test summary info ============================
FAILED WHOLE_SUITE/test_queue2_WHOLE_SUITE.py::test_case_0 - assert False is ...
FAILED WHOLE_SUITE/test_queue2_WHOLE_SUITE.py::test_case_2 - assert False is ...
FAILED WHOLE_SUITE/test_queue2_WHOLE_SUITE.py::test_case_13 - assert False is...
========================= 3 failed, 11 passed in 0.39s =========================
</pre></div></div></div></div></div><div class="mb-1" id="job_list___sub_accordion_18"><div class="card"><a data-toggle="collapse" data-target="#job_list___sub_collapse_18_1" aria-expanded="false" aria-controls="job_list___sub_collapse_18_1" href="#" class="job_list___sub_multi_heading"><div role="alert" class="card-header alert-danger" id="job_list___sub_heading_18_1"><button class="btn btn-outline-danger"><span class="job_id">18 : Job ID f4817c35eee14164b45e784dc0a7f838</span></button></div></a><div aria-labelledby="job_list___sub_heading_18_1" data-parent="#job_list___sub_accordion_18" class="collapse job_list___sub_multi_collapse" id="job_list___sub_collapse_18_1"><div class="card-body"><div class="work-item"><div class="alert alert-danger test-outcome" role="alert"><p>SURVIVED</p><p>worker outcome: normal</p><p>test outcome: survived</p></div></div><pre class="location"><a href="pycharm://open?file=queue2.py&amp;line=15" class="text-secondary"><button class="btn btn-outline-dark">queue2.py, start pos: (15, 17), end pos: (15, 19)</button></a></pre><pre>operator: core/ReplaceComparisonOperator_NotEq_Is, occurrence: 0</pre><div class="alert alert-secondary"><pre class="diff">--- mutation diff ---
--- aqueue2.py
+++ bqueue2.py
@@ -12,7 +12,7 @@
     def checkInfinite(self):
         """Check whether infinite loop via next."""
         p1 = p2 = self
-        while p1 != None and p2 != None:
+        while p1 is None and p2 != None:
             if p2.next == None: return False
 
             p1 = p1.next</pre></div><div class="alert alert-secondary"><pre class="diff">============================= test session starts ==============================
platform linux -- Python 3.10.10, pytest-7.2.1, pluggy-1.0.0
rootdir: /home/auri/temp/lucca/python_experiments/queue2
collected 14 items

WHOLE_SUITE/test_queue2_WHOLE_SUITE.py ..............                    [100%]

============================== 14 passed in 0.26s ==============================
</pre></div></div></div></div></div><div class="mb-1" id="job_list___sub_accordion_19"><div class="card"><a data-toggle="collapse" data-target="#job_list___sub_collapse_19_1" aria-expanded="false" aria-controls="job_list___sub_collapse_19_1" href="#" class="job_list___sub_multi_heading"><div role="alert" class="card-header alert-danger" id="job_list___sub_heading_19_1"><button class="btn btn-outline-danger"><span class="job_id">19 : Job ID 50a9d3198297440cb05a3f33e734a162</span></button></div></a><div aria-labelledby="job_list___sub_heading_19_1" data-parent="#job_list___sub_accordion_19" class="collapse job_list___sub_multi_collapse" id="job_list___sub_collapse_19_1"><div class="card-body"><div class="work-item"><div class="alert alert-danger test-outcome" role="alert"><p>SURVIVED</p><p>worker outcome: normal</p><p>test outcome: survived</p></div></div><pre class="location"><a href="pycharm://open?file=queue2.py&amp;line=15" class="text-secondary"><button class="btn btn-outline-dark">queue2.py, start pos: (15, 32), end pos: (15, 34)</button></a></pre><pre>operator: core/ReplaceComparisonOperator_NotEq_Is, occurrence: 1</pre><div class="alert alert-secondary"><pre class="diff">--- mutation diff ---
--- aqueue2.py
+++ bqueue2.py
@@ -12,7 +12,7 @@
     def checkInfinite(self):
         """Check whether infinite loop via next."""
         p1 = p2 = self
-        while p1 != None and p2 != None:
+        while p1 != None and p2 is None:
             if p2.next == None: return False
 
             p1 = p1.next</pre></div><div class="alert alert-secondary"><pre class="diff">============================= test session starts ==============================
platform linux -- Python 3.10.10, pytest-7.2.1, pluggy-1.0.0
rootdir: /home/auri/temp/lucca/python_experiments/queue2
collected 14 items

WHOLE_SUITE/test_queue2_WHOLE_SUITE.py ..............                    [100%]

============================== 14 passed in 0.27s ==============================
</pre></div></div></div></div></div><div class="mb-1" id="job_list___sub_accordion_20"><div class="card"><a data-toggle="collapse" data-target="#job_list___sub_collapse_20_1" aria-expanded="false" aria-controls="job_list___sub_collapse_20_1" href="#" class="job_list___sub_multi_heading"><div role="alert" class="card-header alert-success" id="job_list___sub_heading_20_1"><button class="btn btn-outline-success"><span class="job_id">20 : Job ID 1a9aa633c2904cbc944b248585da893a</span></button></div></a><div aria-labelledby="job_list___sub_heading_20_1" data-parent="#job_list___sub_accordion_20" class="collapse job_list___sub_multi_collapse" id="job_list___sub_collapse_20_1"><div class="card-body"><div class="work-item"><div class="alert alert-success test-outcome" role="alert"><p>worker outcome: normal</p><p>test outcome: killed</p></div></div><pre class="location"><a href="pycharm://open?file=queue2.py&amp;line=47" class="text-secondary"><button class="btn btn-outline-dark">queue2.py, start pos: (47, 16), end pos: (47, 18)</button></a></pre><pre>operator: core/ReplaceComparisonOperator_NotEq_Is, occurrence: 2</pre><div class="alert alert-secondary"><pre class="diff">--- mutation diff ---
--- aqueue2.py
+++ bqueue2.py
@@ -44,7 +44,7 @@
         """Remove value from list."""
         n = self.head
         last = None
-        while n != None:
+        while n is None:
             if n.value == value:
                 if last == None:
                     self.head = self.head.next</pre></div><div class="alert alert-secondary"><pre class="diff">============================= test session starts ==============================
platform linux -- Python 3.10.10, pytest-7.2.1, pluggy-1.0.0
rootdir: /home/auri/temp/lucca/python_experiments/queue2
collected 14 items

WHOLE_SUITE/test_queue2_WHOLE_SUITE.py .F........F...                    [100%]

=================================== FAILURES ===================================
_________________________________ test_case_1 __________________________________

    def test_case_1():
        linked_list_0 = module_0.LinkedList()
        assert len(linked_list_0) == 0
        linked_list_1 = module_0.LinkedList()
        assert len(linked_list_1) == 0
        var_0 = linked_list_1.__repr__()
        assert var_0 == 'link:[]'
        var_1 = var_0.__repr__()
        assert var_1 == "'link:[]'"
        var_2 = linked_list_1.__len__()
        assert var_2 == 0
&gt;       var_3 = linked_list_1.remove(var_2)

WHOLE_SUITE/test_queue2_WHOLE_SUITE.py:30: 
_ _ _ _ _ _ _ _ _ _ _ _ _ _ _ _ _ _ _ _ _ _ _ _ _ _ _ _ _ _ _ _ _ _ _ _ _ _ _ _ 

self = link:[], value = 0

    def remove(self, value):
        """Remove value from list."""
        n = self.head
        last = None
        while n is None:
&gt;           if n.value == value:
E           AttributeError: 'NoneType' object has no attribute 'value'

queue2.py:48: AttributeError
_________________________________ test_case_10 _________________________________

    def test_case_10():
        int_0 = 200
        bool_0 = True
        list_0 = [int_0, bool_0, bool_0, int_0]
        queue_linked_list_0 = module_0.QueueLinkedList()
        assert len(queue_linked_list_0) == 0
        linked_list_0 = module_0.LinkedList(*list_0)
        assert len(linked_list_0) == 4
        var_0 = linked_list_0.remove(int_0)
&gt;       assert var_0 is True
E       assert False is True

WHOLE_SUITE/test_queue2_WHOLE_SUITE.py:131: AssertionError
=========================== short test summary info ============================
FAILED WHOLE_SUITE/test_queue2_WHOLE_SUITE.py::test_case_1 - AttributeError: ...
FAILED WHOLE_SUITE/test_queue2_WHOLE_SUITE.py::test_case_10 - assert False is...
========================= 2 failed, 12 passed in 0.19s =========================
</pre></div></div></div></div></div><div class="mb-1" id="job_list___sub_accordion_21"><div class="card"><a data-toggle="collapse" data-target="#job_list___sub_collapse_21_1" aria-expanded="false" aria-controls="job_list___sub_collapse_21_1" href="#" class="job_list___sub_multi_heading"><div role="alert" class="card-header alert-success" id="job_list___sub_heading_21_1"><button class="btn btn-outline-success"><span class="job_id">21 : Job ID 9670df15641f492a8b75c41b08721d27</span></button></div></a><div aria-labelledby="job_list___sub_heading_21_1" data-parent="#job_list___sub_accordion_21" class="collapse job_list___sub_multi_collapse" id="job_list___sub_collapse_21_1"><div class="card-body"><div class="work-item"><div class="alert alert-success test-outcome" role="alert"><p>worker outcome: normal</p><p>test outcome: killed</p></div></div><pre class="location"><a href="pycharm://open?file=queue2.py&amp;line=60" class="text-secondary"><button class="btn btn-outline-dark">queue2.py, start pos: (60, 16), end pos: (60, 18)</button></a></pre><pre>operator: core/ReplaceComparisonOperator_NotEq_Is, occurrence: 3</pre><div class="alert alert-secondary"><pre class="diff">--- mutation diff ---
--- aqueue2.py
+++ bqueue2.py
@@ -57,7 +57,7 @@
     def __iter__(self):
         """Iterator of values in the list."""
         n = self.head
-        while n != None:
+        while n is None:
             yield n.value
             n = n.next
         </pre></div><div class="alert alert-secondary"><pre class="diff">============================= test session starts ==============================
platform linux -- Python 3.10.10, pytest-7.2.1, pluggy-1.0.0
rootdir: /home/auri/temp/lucca/python_experiments/queue2
collected 14 items

WHOLE_SUITE/test_queue2_WHOLE_SUITE.py ....F....F....                    [100%]

=================================== FAILURES ===================================
_________________________________ test_case_4 __________________________________

    def test_case_4():
        int_0 = 317
        list_0 = [int_0, int_0, int_0, int_0]
        linked_list_0 = module_0.LinkedList(*list_0)
        assert len(linked_list_0) == 4
        var_0 = linked_list_0.pop()
        assert var_0 == 317
        assert len(linked_list_0) == 3
        bool_0 = False
        var_1 = linked_list_0.remove(bool_0)
        assert var_1 is False
        var_2 = linked_list_0.__repr__()
&gt;       assert var_2 == 'link:[317,317,317]'
E       AssertionError: assert 'link:[]' == 'link:[317,317,317]'
E         - link:[317,317,317]
E         + link:[]

WHOLE_SUITE/test_queue2_WHOLE_SUITE.py:67: AssertionError
_________________________________ test_case_9 __________________________________

    def test_case_9():
        linked_list_0 = module_0.LinkedList()
        assert len(linked_list_0) == 0
&gt;       linked_list_1 = module_0.LinkedList(*linked_list_0)

WHOLE_SUITE/test_queue2_WHOLE_SUITE.py:116: 
_ _ _ _ _ _ _ _ _ _ _ _ _ _ _ _ _ _ _ _ _ _ _ _ _ _ _ _ _ _ _ _ _ _ _ _ _ _ _ _ 

self = link:[]

    def __iter__(self):
        """Iterator of values in the list."""
        n = self.head
        while n is None:
&gt;           yield n.value
E           AttributeError: 'NoneType' object has no attribute 'value'

queue2.py:61: AttributeError
=========================== short test summary info ============================
FAILED WHOLE_SUITE/test_queue2_WHOLE_SUITE.py::test_case_4 - AssertionError: ...
FAILED WHOLE_SUITE/test_queue2_WHOLE_SUITE.py::test_case_9 - AttributeError: ...
========================= 2 failed, 12 passed in 0.27s =========================
</pre></div></div></div></div></div><div class="mb-1" id="job_list___sub_accordion_22"><div class="card"><a data-toggle="collapse" data-target="#job_list___sub_collapse_22_1" aria-expanded="false" aria-controls="job_list___sub_collapse_22_1" href="#" class="job_list___sub_multi_heading"><div role="alert" class="card-header alert-success" id="job_list___sub_heading_22_1"><button class="btn btn-outline-success"><span class="job_id">22 : Job ID 04afb6c586644380859aba2676415016</span></button></div></a><div aria-labelledby="job_list___sub_heading_22_1" data-parent="#job_list___sub_accordion_22" class="collapse job_list___sub_multi_collapse" id="job_list___sub_collapse_22_1"><div class="card-body"><div class="work-item"><div class="alert alert-success test-outcome" role="alert"><p>worker outcome: normal</p><p>test outcome: killed</p></div></div><pre class="location"><a href="pycharm://open?file=queue2.py&amp;line=75" class="text-secondary"><button class="btn btn-outline-dark">queue2.py, start pos: (75, 16), end pos: (75, 18)</button></a></pre><pre>operator: core/ReplaceComparisonOperator_NotEq_Is, occurrence: 4</pre><div class="alert alert-secondary"><pre class="diff">--- mutation diff ---
--- aqueue2.py
+++ bqueue2.py
@@ -72,7 +72,7 @@
         """Count values in list."""
         n = self.head
         count = 0
-        while n != None:
+        while n is None:
             count += 1
             n = n.next
         return count</pre></div><div class="alert alert-secondary"><pre class="diff">============================= test session starts ==============================
platform linux -- Python 3.10.10, pytest-7.2.1, pluggy-1.0.0
rootdir: /home/auri/temp/lucca/python_experiments/queue2
collected 14 items

WHOLE_SUITE/test_queue2_WHOLE_SUITE.py .FF.F....FF.FF                    [100%]

=================================== FAILURES ===================================
_________________________________ test_case_1 __________________________________

    def test_case_1():
        linked_list_0 = module_0.LinkedList()
&gt;       assert len(linked_list_0) == 0

WHOLE_SUITE/test_queue2_WHOLE_SUITE.py:21: 
_ _ _ _ _ _ _ _ _ _ _ _ _ _ _ _ _ _ _ _ _ _ _ _ _ _ _ _ _ _ _ _ _ _ _ _ _ _ _ _ 

self = link:[]

    def __len__(self):
        """Count values in list."""
        n = self.head
        count = 0
        while n is None:
            count += 1
&gt;           n = n.next
E           AttributeError: 'NoneType' object has no attribute 'next'

queue2.py:77: AttributeError
_________________________________ test_case_2 __________________________________

    def test_case_2():
        bytes_0 = b''
        linked_node_0 = module_0.LinkedNode(bytes_0)
        queue_linked_list_0 = module_0.QueueLinkedList()
        assert len(queue_linked_list_0) == 0
        var_0 = queue_linked_list_0.isEmpty()
        assert var_0 is True
        var_1 = linked_node_0.checkInfinite()
        assert var_1 is False
        var_2 = bytes_0.__repr__()
        linked_list_0 = module_0.LinkedList()
&gt;       assert len(linked_list_0) == 0

WHOLE_SUITE/test_queue2_WHOLE_SUITE.py:44: 
_ _ _ _ _ _ _ _ _ _ _ _ _ _ _ _ _ _ _ _ _ _ _ _ _ _ _ _ _ _ _ _ _ _ _ _ _ _ _ _ 

self = link:[]

    def __len__(self):
        """Count values in list."""
        n = self.head
        count = 0
        while n is None:
            count += 1
&gt;           n = n.next
E           AttributeError: 'NoneType' object has no attribute 'next'

queue2.py:77: AttributeError
_________________________________ test_case_4 __________________________________

    def test_case_4():
        int_0 = 317
        list_0 = [int_0, int_0, int_0, int_0]
        linked_list_0 = module_0.LinkedList(*list_0)
&gt;       assert len(linked_list_0) == 4
E       assert 0 == 4
E        +  where 0 = len(link:[317,317,317,317])

WHOLE_SUITE/test_queue2_WHOLE_SUITE.py:59: AssertionError
_________________________________ test_case_9 __________________________________

    def test_case_9():
        linked_list_0 = module_0.LinkedList()
&gt;       assert len(linked_list_0) == 0

WHOLE_SUITE/test_queue2_WHOLE_SUITE.py:115: 
_ _ _ _ _ _ _ _ _ _ _ _ _ _ _ _ _ _ _ _ _ _ _ _ _ _ _ _ _ _ _ _ _ _ _ _ _ _ _ _ 

self = link:[]

    def __len__(self):
        """Count values in list."""
        n = self.head
        count = 0
        while n is None:
            count += 1
&gt;           n = n.next
E           AttributeError: 'NoneType' object has no attribute 'next'

queue2.py:77: AttributeError
_________________________________ test_case_10 _________________________________

    def test_case_10():
        int_0 = 200
        bool_0 = True
        list_0 = [int_0, bool_0, bool_0, int_0]
        queue_linked_list_0 = module_0.QueueLinkedList()
        assert len(queue_linked_list_0) == 0
        linked_list_0 = module_0.LinkedList(*list_0)
&gt;       assert len(linked_list_0) == 4
E       assert 0 == 4
E        +  where 0 = len(link:[200,True,True,200])

WHOLE_SUITE/test_queue2_WHOLE_SUITE.py:129: AssertionError
_________________________________ test_case_12 _________________________________

    def test_case_12():
        queue_linked_list_0 = module_0.QueueLinkedList()
        assert len(queue_linked_list_0) == 0
        bool_0 = False
        var_0 = queue_linked_list_0.append(bool_0)
        assert len(queue_linked_list_0) == 1
        none_type_0 = None
        var_1 = queue_linked_list_0.append(none_type_0)
        assert len(queue_linked_list_0) == 2
        linked_list_0 = module_0.LinkedList()
&gt;       assert len(linked_list_0) == 0

WHOLE_SUITE/test_queue2_WHOLE_SUITE.py:158: 
_ _ _ _ _ _ _ _ _ _ _ _ _ _ _ _ _ _ _ _ _ _ _ _ _ _ _ _ _ _ _ _ _ _ _ _ _ _ _ _ 

self = link:[]

    def __len__(self):
        """Count values in list."""
        n = self.head
        count = 0
        while n is None:
            count += 1
&gt;           n = n.next
E           AttributeError: 'NoneType' object has no attribute 'next'

queue2.py:77: AttributeError
_________________________________ test_case_13 _________________________________

    def test_case_13():
        linked_list_0 = module_0.LinkedList()
&gt;       assert len(linked_list_0) == 0

WHOLE_SUITE/test_queue2_WHOLE_SUITE.py:169: 
_ _ _ _ _ _ _ _ _ _ _ _ _ _ _ _ _ _ _ _ _ _ _ _ _ _ _ _ _ _ _ _ _ _ _ _ _ _ _ _ 

self = link:[]

    def __len__(self):
        """Count values in list."""
        n = self.head
        count = 0
        while n is None:
            count += 1
&gt;           n = n.next
E           AttributeError: 'NoneType' object has no attribute 'next'

queue2.py:77: AttributeError
=========================== short test summary info ============================
FAILED WHOLE_SUITE/test_queue2_WHOLE_SUITE.py::test_case_1 - AttributeError: ...
FAILED WHOLE_SUITE/test_queue2_WHOLE_SUITE.py::test_case_2 - AttributeError: ...
FAILED WHOLE_SUITE/test_queue2_WHOLE_SUITE.py::test_case_4 - assert 0 == 4
FAILED WHOLE_SUITE/test_queue2_WHOLE_SUITE.py::test_case_9 - AttributeError: ...
FAILED WHOLE_SUITE/test_queue2_WHOLE_SUITE.py::test_case_10 - assert 0 == 4
FAILED WHOLE_SUITE/test_queue2_WHOLE_SUITE.py::test_case_12 - AttributeError:...
FAILED WHOLE_SUITE/test_queue2_WHOLE_SUITE.py::test_case_13 - AttributeError:...
========================= 7 failed, 7 passed in 0.33s ==========================
</pre></div></div></div></div></div><div class="mb-1" id="job_list___sub_accordion_23"><div class="card"><a data-toggle="collapse" data-target="#job_list___sub_collapse_23_1" aria-expanded="false" aria-controls="job_list___sub_collapse_23_1" href="#" class="job_list___sub_multi_heading"><div role="alert" class="card-header alert-success" id="job_list___sub_heading_23_1"><button class="btn btn-outline-success"><span class="job_id">23 : Job ID cfc850131ee74aed9c23f88086c910e2</span></button></div></a><div aria-labelledby="job_list___sub_heading_23_1" data-parent="#job_list___sub_accordion_23" class="collapse job_list___sub_multi_collapse" id="job_list___sub_collapse_23_1"><div class="card-body"><div class="work-item"><div class="alert alert-success test-outcome" role="alert"><p>worker outcome: normal</p><p>test outcome: killed</p></div></div><pre class="location"><a href="pycharm://open?file=queue2.py&amp;line=114" class="text-secondary"><button class="btn btn-outline-dark">queue2.py, start pos: (114, 16), end pos: (114, 18)</button></a></pre><pre>operator: core/ReplaceComparisonOperator_NotEq_Is, occurrence: 5</pre><div class="alert alert-secondary"><pre class="diff">--- mutation diff ---
--- aqueue2.py
+++ bqueue2.py
@@ -111,7 +111,7 @@
     def __iter__(self):
         """Iterator of values in queue."""
         n = self.head
-        while n != None:
+        while n is None:
             yield n.value
             n = n.next
         </pre></div><div class="alert alert-secondary"><pre class="diff">============================= test session starts ==============================
platform linux -- Python 3.10.10, pytest-7.2.1, pluggy-1.0.0
rootdir: /home/auri/temp/lucca/python_experiments/queue2
collected 14 items

WHOLE_SUITE/test_queue2_WHOLE_SUITE.py .......F....FF                    [100%]

=================================== FAILURES ===================================
_________________________________ test_case_7 __________________________________

    def test_case_7():
        queue_linked_list_0 = module_0.QueueLinkedList()
        assert len(queue_linked_list_0) == 0
        var_0 = queue_linked_list_0.append(queue_linked_list_0)
        assert len(queue_linked_list_0) == 1
        var_1 = queue_linked_list_0.append(var_0)
        assert len(queue_linked_list_0) == 2
        var_2 = queue_linked_list_0.__len__()
        assert var_2 == 2
        var_3 = queue_linked_list_0.pop()
        assert len(queue_linked_list_0) == 1
        assert f'{type(var_3).__module__}.{type(var_3).__qualname__}' == 'queue2.QueueLinkedList'
        assert len(var_3) == 1
        var_4 = var_3.__repr__()
&gt;       assert var_4 == 'queue:[None]'
E       AssertionError: assert 'queue:[]' == 'queue:[None]'
E         - queue:[None]
E         ?        ----
E         + queue:[]

WHOLE_SUITE/test_queue2_WHOLE_SUITE.py:106: AssertionError
_________________________________ test_case_12 _________________________________

    def test_case_12():
        queue_linked_list_0 = module_0.QueueLinkedList()
        assert len(queue_linked_list_0) == 0
        bool_0 = False
        var_0 = queue_linked_list_0.append(bool_0)
        assert len(queue_linked_list_0) == 1
        none_type_0 = None
        var_1 = queue_linked_list_0.append(none_type_0)
        assert len(queue_linked_list_0) == 2
        linked_list_0 = module_0.LinkedList()
        assert len(linked_list_0) == 0
        var_2 = queue_linked_list_0.__repr__()
&gt;       assert var_2 == 'queue:[False,None]'
E       AssertionError: assert 'queue:[]' == 'queue:[False,None]'
E         - queue:[False,None]
E         + queue:[]

WHOLE_SUITE/test_queue2_WHOLE_SUITE.py:160: AssertionError
_________________________________ test_case_13 _________________________________

    def test_case_13():
        linked_list_0 = module_0.LinkedList()
        assert len(linked_list_0) == 0
        var_0 = linked_list_0.__repr__()
        assert var_0 == 'link:[]'
        queue_linked_list_0 = module_0.QueueLinkedList()
        assert len(queue_linked_list_0) == 0
        var_1 = linked_list_0.__repr__()
        assert var_1 == 'link:[]'
        var_2 = queue_linked_list_0.isEmpty()
        assert var_2 is True
        var_3 = queue_linked_list_0.__len__()
        assert var_3 == 0
&gt;       linked_list_1 = module_0.LinkedList(*queue_linked_list_0)

WHOLE_SUITE/test_queue2_WHOLE_SUITE.py:180: 
_ _ _ _ _ _ _ _ _ _ _ _ _ _ _ _ _ _ _ _ _ _ _ _ _ _ _ _ _ _ _ _ _ _ _ _ _ _ _ _ 

self = queue:[]

    def __iter__(self):
        """Iterator of values in queue."""
        n = self.head
        while n is None:
&gt;           yield n.value
E           AttributeError: 'NoneType' object has no attribute 'value'

queue2.py:115: AttributeError
=========================== short test summary info ============================
FAILED WHOLE_SUITE/test_queue2_WHOLE_SUITE.py::test_case_7 - AssertionError: ...
FAILED WHOLE_SUITE/test_queue2_WHOLE_SUITE.py::test_case_12 - AssertionError:...
FAILED WHOLE_SUITE/test_queue2_WHOLE_SUITE.py::test_case_13 - AttributeError:...
========================= 3 failed, 11 passed in 0.42s =========================
</pre></div></div></div></div></div><div class="mb-1" id="job_list___sub_accordion_24"><div class="card"><a data-toggle="collapse" data-target="#job_list___sub_collapse_24_1" aria-expanded="false" aria-controls="job_list___sub_collapse_24_1" href="#" class="job_list___sub_multi_heading"><div role="alert" class="card-header alert-success" id="job_list___sub_heading_24_1"><button class="btn btn-outline-success"><span class="job_id">24 : Job ID 27fd51053aea49fe91eb31a7c2ae1271</span></button></div></a><div aria-labelledby="job_list___sub_heading_24_1" data-parent="#job_list___sub_accordion_24" class="collapse job_list___sub_multi_collapse" id="job_list___sub_collapse_24_1"><div class="card-body"><div class="work-item"><div class="alert alert-success test-outcome" role="alert"><p>worker outcome: normal</p><p>test outcome: killed</p></div></div><pre class="location"><a href="pycharm://open?file=queue2.py&amp;line=129" class="text-secondary"><button class="btn btn-outline-dark">queue2.py, start pos: (129, 16), end pos: (129, 18)</button></a></pre><pre>operator: core/ReplaceComparisonOperator_NotEq_Is, occurrence: 6</pre><div class="alert alert-secondary"><pre class="diff">--- mutation diff ---
--- aqueue2.py
+++ bqueue2.py
@@ -126,7 +126,7 @@
         """Count values in queue."""
         n = self.head
         count = 0
-        while n != None:
+        while n is None:
             count += 1
             n = n.next
         return count</pre></div><div class="alert alert-secondary"><pre class="diff">============================= test session starts ==============================
platform linux -- Python 3.10.10, pytest-7.2.1, pluggy-1.0.0
rootdir: /home/auri/temp/lucca/python_experiments/queue2
collected 14 items

WHOLE_SUITE/test_queue2_WHOLE_SUITE.py F.F..FFF..F.FF                    [100%]

=================================== FAILURES ===================================
_________________________________ test_case_0 __________________________________

    def test_case_0():
        queue_linked_list_0 = module_0.QueueLinkedList()
&gt;       assert len(queue_linked_list_0) == 0

WHOLE_SUITE/test_queue2_WHOLE_SUITE.py:7: 
_ _ _ _ _ _ _ _ _ _ _ _ _ _ _ _ _ _ _ _ _ _ _ _ _ _ _ _ _ _ _ _ _ _ _ _ _ _ _ _ 

self = queue:[]

    def __len__(self):
        """Count values in queue."""
        n = self.head
        count = 0
        while n is None:
            count += 1
&gt;           n = n.next
E           AttributeError: 'NoneType' object has no attribute 'next'

queue2.py:131: AttributeError
_________________________________ test_case_2 __________________________________

    def test_case_2():
        bytes_0 = b''
        linked_node_0 = module_0.LinkedNode(bytes_0)
        queue_linked_list_0 = module_0.QueueLinkedList()
&gt;       assert len(queue_linked_list_0) == 0

WHOLE_SUITE/test_queue2_WHOLE_SUITE.py:37: 
_ _ _ _ _ _ _ _ _ _ _ _ _ _ _ _ _ _ _ _ _ _ _ _ _ _ _ _ _ _ _ _ _ _ _ _ _ _ _ _ 

self = queue:[]

    def __len__(self):
        """Count values in queue."""
        n = self.head
        count = 0
        while n is None:
            count += 1
&gt;           n = n.next
E           AttributeError: 'NoneType' object has no attribute 'next'

queue2.py:131: AttributeError
_________________________________ test_case_5 __________________________________

    def test_case_5():
        queue_linked_list_0 = module_0.QueueLinkedList()
&gt;       assert len(queue_linked_list_0) == 0

WHOLE_SUITE/test_queue2_WHOLE_SUITE.py:72: 
_ _ _ _ _ _ _ _ _ _ _ _ _ _ _ _ _ _ _ _ _ _ _ _ _ _ _ _ _ _ _ _ _ _ _ _ _ _ _ _ 

self = queue:[]

    def __len__(self):
        """Count values in queue."""
        n = self.head
        count = 0
        while n is None:
            count += 1
&gt;           n = n.next
E           AttributeError: 'NoneType' object has no attribute 'next'

queue2.py:131: AttributeError
_________________________________ test_case_6 __________________________________

    def test_case_6():
        bool_0 = True
        list_0 = [bool_0]
        linked_node_0 = module_0.LinkedNode(list_0)
        queue_linked_list_0 = module_0.QueueLinkedList()
&gt;       assert len(queue_linked_list_0) == 0

WHOLE_SUITE/test_queue2_WHOLE_SUITE.py:88: 
_ _ _ _ _ _ _ _ _ _ _ _ _ _ _ _ _ _ _ _ _ _ _ _ _ _ _ _ _ _ _ _ _ _ _ _ _ _ _ _ 

self = queue:[]

    def __len__(self):
        """Count values in queue."""
        n = self.head
        count = 0
        while n is None:
            count += 1
&gt;           n = n.next
E           AttributeError: 'NoneType' object has no attribute 'next'

queue2.py:131: AttributeError
_________________________________ test_case_7 __________________________________

    def test_case_7():
        queue_linked_list_0 = module_0.QueueLinkedList()
&gt;       assert len(queue_linked_list_0) == 0

WHOLE_SUITE/test_queue2_WHOLE_SUITE.py:94: 
_ _ _ _ _ _ _ _ _ _ _ _ _ _ _ _ _ _ _ _ _ _ _ _ _ _ _ _ _ _ _ _ _ _ _ _ _ _ _ _ 

self = queue:[]

    def __len__(self):
        """Count values in queue."""
        n = self.head
        count = 0
        while n is None:
            count += 1
&gt;           n = n.next
E           AttributeError: 'NoneType' object has no attribute 'next'

queue2.py:131: AttributeError
_________________________________ test_case_10 _________________________________

    def test_case_10():
        int_0 = 200
        bool_0 = True
        list_0 = [int_0, bool_0, bool_0, int_0]
        queue_linked_list_0 = module_0.QueueLinkedList()
&gt;       assert len(queue_linked_list_0) == 0

WHOLE_SUITE/test_queue2_WHOLE_SUITE.py:127: 
_ _ _ _ _ _ _ _ _ _ _ _ _ _ _ _ _ _ _ _ _ _ _ _ _ _ _ _ _ _ _ _ _ _ _ _ _ _ _ _ 

self = queue:[]

    def __len__(self):
        """Count values in queue."""
        n = self.head
        count = 0
        while n is None:
            count += 1
&gt;           n = n.next
E           AttributeError: 'NoneType' object has no attribute 'next'

queue2.py:131: AttributeError
_________________________________ test_case_12 _________________________________

    def test_case_12():
        queue_linked_list_0 = module_0.QueueLinkedList()
&gt;       assert len(queue_linked_list_0) == 0

WHOLE_SUITE/test_queue2_WHOLE_SUITE.py:150: 
_ _ _ _ _ _ _ _ _ _ _ _ _ _ _ _ _ _ _ _ _ _ _ _ _ _ _ _ _ _ _ _ _ _ _ _ _ _ _ _ 

self = queue:[]

    def __len__(self):
        """Count values in queue."""
        n = self.head
        count = 0
        while n is None:
            count += 1
&gt;           n = n.next
E           AttributeError: 'NoneType' object has no attribute 'next'

queue2.py:131: AttributeError
_________________________________ test_case_13 _________________________________

    def test_case_13():
        linked_list_0 = module_0.LinkedList()
        assert len(linked_list_0) == 0
        var_0 = linked_list_0.__repr__()
        assert var_0 == 'link:[]'
        queue_linked_list_0 = module_0.QueueLinkedList()
&gt;       assert len(queue_linked_list_0) == 0

WHOLE_SUITE/test_queue2_WHOLE_SUITE.py:173: 
_ _ _ _ _ _ _ _ _ _ _ _ _ _ _ _ _ _ _ _ _ _ _ _ _ _ _ _ _ _ _ _ _ _ _ _ _ _ _ _ 

self = queue:[]

    def __len__(self):
        """Count values in queue."""
        n = self.head
        count = 0
        while n is None:
            count += 1
&gt;           n = n.next
E           AttributeError: 'NoneType' object has no attribute 'next'

queue2.py:131: AttributeError
=========================== short test summary info ============================
FAILED WHOLE_SUITE/test_queue2_WHOLE_SUITE.py::test_case_0 - AttributeError: ...
FAILED WHOLE_SUITE/test_queue2_WHOLE_SUITE.py::test_case_2 - AttributeError: ...
FAILED WHOLE_SUITE/test_queue2_WHOLE_SUITE.py::test_case_5 - AttributeError: ...
FAILED WHOLE_SUITE/test_queue2_WHOLE_SUITE.py::test_case_6 - AttributeError: ...
FAILED WHOLE_SUITE/test_queue2_WHOLE_SUITE.py::test_case_7 - AttributeError: ...
FAILED WHOLE_SUITE/test_queue2_WHOLE_SUITE.py::test_case_10 - AttributeError:...
FAILED WHOLE_SUITE/test_queue2_WHOLE_SUITE.py::test_case_12 - AttributeError:...
FAILED WHOLE_SUITE/test_queue2_WHOLE_SUITE.py::test_case_13 - AttributeError:...
========================= 8 failed, 6 passed in 0.56s ==========================
</pre></div></div></div></div></div><div class="mb-1" id="job_list___sub_accordion_25"><div class="card"><a data-toggle="collapse" data-target="#job_list___sub_collapse_25_1" aria-expanded="false" aria-controls="job_list___sub_collapse_25_1" href="#" class="job_list___sub_multi_heading"><div role="alert" class="card-header alert-success" id="job_list___sub_heading_25_1"><button class="btn btn-outline-success"><span class="job_id">25 : Job ID a7d03b3a0bb442b0a7665e531a0a9361</span></button></div></a><div aria-labelledby="job_list___sub_heading_25_1" data-parent="#job_list___sub_accordion_25" class="collapse job_list___sub_multi_collapse" id="job_list___sub_collapse_25_1"><div class="card-body"><div class="work-item"><div class="alert alert-success test-outcome" role="alert"><p>worker outcome: normal</p><p>test outcome: killed</p></div></div><pre class="location"><a href="pycharm://open?file=queue2.py&amp;line=37" class="text-secondary"><button class="btn btn-outline-dark">queue2.py, start pos: (37, 21), end pos: (37, 23)</button></a></pre><pre>operator: core/ReplaceComparisonOperator_Is_IsNot, occurrence: 0</pre><div class="alert alert-secondary"><pre class="diff">--- mutation diff ---
--- aqueue2.py
+++ bqueue2.py
@@ -34,7 +34,7 @@
 
     def pop(self):
         """Remove first value in list."""
-        if self.head is None:
+        if self.head is not None:
             raise Exception ("Linked list is empty.")
         val = self.head.value
         self.head = self.head.next</pre></div><div class="alert alert-secondary"><pre class="diff">============================= test session starts ==============================
platform linux -- Python 3.10.10, pytest-7.2.1, pluggy-1.0.0
rootdir: /home/auri/temp/lucca/python_experiments/queue2
collected 14 items

WHOLE_SUITE/test_queue2_WHOLE_SUITE.py ....F.........                    [100%]

=================================== FAILURES ===================================
_________________________________ test_case_4 __________________________________

    def test_case_4():
        int_0 = 317
        list_0 = [int_0, int_0, int_0, int_0]
        linked_list_0 = module_0.LinkedList(*list_0)
        assert len(linked_list_0) == 4
&gt;       var_0 = linked_list_0.pop()

WHOLE_SUITE/test_queue2_WHOLE_SUITE.py:60: 
_ _ _ _ _ _ _ _ _ _ _ _ _ _ _ _ _ _ _ _ _ _ _ _ _ _ _ _ _ _ _ _ _ _ _ _ _ _ _ _ 

self = link:[317,317,317,317]

    def pop(self):
        """Remove first value in list."""
        if self.head is not None:
&gt;           raise Exception ("Linked list is empty.")
E           Exception: Linked list is empty.

queue2.py:38: Exception
=========================== short test summary info ============================
FAILED WHOLE_SUITE/test_queue2_WHOLE_SUITE.py::test_case_4 - Exception: Linke...
========================= 1 failed, 13 passed in 0.36s =========================
</pre></div></div></div></div></div><div class="mb-1" id="job_list___sub_accordion_26"><div class="card"><a data-toggle="collapse" data-target="#job_list___sub_collapse_26_1" aria-expanded="false" aria-controls="job_list___sub_collapse_26_1" href="#" class="job_list___sub_multi_heading"><div role="alert" class="card-header alert-success" id="job_list___sub_heading_26_1"><button class="btn btn-outline-success"><span class="job_id">26 : Job ID db3535f9f46a45b8b4930546dfa26816</span></button></div></a><div aria-labelledby="job_list___sub_heading_26_1" data-parent="#job_list___sub_accordion_26" class="collapse job_list___sub_multi_collapse" id="job_list___sub_collapse_26_1"><div class="card-body"><div class="work-item"><div class="alert alert-success test-outcome" role="alert"><p>worker outcome: normal</p><p>test outcome: killed</p></div></div><pre class="location"><a href="pycharm://open?file=queue2.py&amp;line=66" class="text-secondary"><button class="btn btn-outline-dark">queue2.py, start pos: (66, 21), end pos: (66, 23)</button></a></pre><pre>operator: core/ReplaceComparisonOperator_Is_IsNot, occurrence: 1</pre><div class="alert alert-secondary"><pre class="diff">--- mutation diff ---
--- aqueue2.py
+++ bqueue2.py
@@ -63,7 +63,7 @@
         
     def __repr__(self):
         """String representation of linked list."""
-        if self.head is None:
+        if self.head is not None:
             return 'link:[]'
 
         return 'link:[{0:s}]'.format(','.join(map(str,self)))</pre></div><div class="alert alert-secondary"><pre class="diff">============================= test session starts ==============================
platform linux -- Python 3.10.10, pytest-7.2.1, pluggy-1.0.0
rootdir: /home/auri/temp/lucca/python_experiments/queue2
collected 14 items

WHOLE_SUITE/test_queue2_WHOLE_SUITE.py ....F.........                    [100%]

=================================== FAILURES ===================================
_________________________________ test_case_4 __________________________________

    def test_case_4():
        int_0 = 317
        list_0 = [int_0, int_0, int_0, int_0]
        linked_list_0 = module_0.LinkedList(*list_0)
        assert len(linked_list_0) == 4
        var_0 = linked_list_0.pop()
        assert var_0 == 317
        assert len(linked_list_0) == 3
        bool_0 = False
        var_1 = linked_list_0.remove(bool_0)
        assert var_1 is False
        var_2 = linked_list_0.__repr__()
&gt;       assert var_2 == 'link:[317,317,317]'
E       AssertionError: assert 'link:[]' == 'link:[317,317,317]'
E         - link:[317,317,317]
E         + link:[]

WHOLE_SUITE/test_queue2_WHOLE_SUITE.py:67: AssertionError
=========================== short test summary info ============================
FAILED WHOLE_SUITE/test_queue2_WHOLE_SUITE.py::test_case_4 - AssertionError: ...
========================= 1 failed, 13 passed in 0.20s =========================
</pre></div></div></div></div></div><div class="mb-1" id="job_list___sub_accordion_27"><div class="card"><a data-toggle="collapse" data-target="#job_list___sub_collapse_27_1" aria-expanded="false" aria-controls="job_list___sub_collapse_27_1" href="#" class="job_list___sub_multi_heading"><div role="alert" class="card-header alert-success" id="job_list___sub_heading_27_1"><button class="btn btn-outline-success"><span class="job_id">27 : Job ID 1d5fc229256545c1ab59c9d6679ed030</span></button></div></a><div aria-labelledby="job_list___sub_heading_27_1" data-parent="#job_list___sub_accordion_27" class="collapse job_list___sub_multi_collapse" id="job_list___sub_collapse_27_1"><div class="card-body"><div class="work-item"><div class="alert alert-success test-outcome" role="alert"><p>worker outcome: normal</p><p>test outcome: killed</p></div></div><pre class="location"><a href="pycharm://open?file=queue2.py&amp;line=91" class="text-secondary"><button class="btn btn-outline-dark">queue2.py, start pos: (91, 21), end pos: (91, 23)</button></a></pre><pre>operator: core/ReplaceComparisonOperator_Is_IsNot, occurrence: 2</pre><div class="alert alert-secondary"><pre class="diff">--- mutation diff ---
--- aqueue2.py
+++ bqueue2.py
@@ -88,7 +88,7 @@
     def append(self, value):
         """Add value to end of queue."""
         newNode = LinkedNode(value, None)
-        if self.head is None:
+        if self.head is not None:
             self.head = self.tail = newNode
         else:
             self.tail.next = newNode</pre></div><div class="alert alert-secondary"><pre class="diff">============================= test session starts ==============================
platform linux -- Python 3.10.10, pytest-7.2.1, pluggy-1.0.0
rootdir: /home/auri/temp/lucca/python_experiments/queue2
collected 14 items

WHOLE_SUITE/test_queue2_WHOLE_SUITE.py .....F.F....F.                    [100%]

=================================== FAILURES ===================================
_________________________________ test_case_5 __________________________________

    def test_case_5():
        queue_linked_list_0 = module_0.QueueLinkedList()
        assert len(queue_linked_list_0) == 0
        var_0 = queue_linked_list_0.__iter__()
&gt;       var_1 = queue_linked_list_0.append(queue_linked_list_0)

WHOLE_SUITE/test_queue2_WHOLE_SUITE.py:74: 
_ _ _ _ _ _ _ _ _ _ _ _ _ _ _ _ _ _ _ _ _ _ _ _ _ _ _ _ _ _ _ _ _ _ _ _ _ _ _ _ 

self = queue:[], value = queue:[]

    def append(self, value):
        """Add value to end of queue."""
        newNode = LinkedNode(value, None)
        if self.head is not None:
            self.head = self.tail = newNode
        else:
&gt;           self.tail.next = newNode
E           AttributeError: 'NoneType' object has no attribute 'next'

queue2.py:94: AttributeError
_________________________________ test_case_7 __________________________________

    def test_case_7():
        queue_linked_list_0 = module_0.QueueLinkedList()
        assert len(queue_linked_list_0) == 0
&gt;       var_0 = queue_linked_list_0.append(queue_linked_list_0)

WHOLE_SUITE/test_queue2_WHOLE_SUITE.py:95: 
_ _ _ _ _ _ _ _ _ _ _ _ _ _ _ _ _ _ _ _ _ _ _ _ _ _ _ _ _ _ _ _ _ _ _ _ _ _ _ _ 

self = queue:[], value = queue:[]

    def append(self, value):
        """Add value to end of queue."""
        newNode = LinkedNode(value, None)
        if self.head is not None:
            self.head = self.tail = newNode
        else:
&gt;           self.tail.next = newNode
E           AttributeError: 'NoneType' object has no attribute 'next'

queue2.py:94: AttributeError
_________________________________ test_case_12 _________________________________

    def test_case_12():
        queue_linked_list_0 = module_0.QueueLinkedList()
        assert len(queue_linked_list_0) == 0
        bool_0 = False
&gt;       var_0 = queue_linked_list_0.append(bool_0)

WHOLE_SUITE/test_queue2_WHOLE_SUITE.py:152: 
_ _ _ _ _ _ _ _ _ _ _ _ _ _ _ _ _ _ _ _ _ _ _ _ _ _ _ _ _ _ _ _ _ _ _ _ _ _ _ _ 

self = queue:[], value = False

    def append(self, value):
        """Add value to end of queue."""
        newNode = LinkedNode(value, None)
        if self.head is not None:
            self.head = self.tail = newNode
        else:
&gt;           self.tail.next = newNode
E           AttributeError: 'NoneType' object has no attribute 'next'

queue2.py:94: AttributeError
=========================== short test summary info ============================
FAILED WHOLE_SUITE/test_queue2_WHOLE_SUITE.py::test_case_5 - AttributeError: ...
FAILED WHOLE_SUITE/test_queue2_WHOLE_SUITE.py::test_case_7 - AttributeError: ...
FAILED WHOLE_SUITE/test_queue2_WHOLE_SUITE.py::test_case_12 - AttributeError:...
========================= 3 failed, 11 passed in 0.41s =========================
</pre></div></div></div></div></div><div class="mb-1" id="job_list___sub_accordion_28"><div class="card"><a data-toggle="collapse" data-target="#job_list___sub_collapse_28_1" aria-expanded="false" aria-controls="job_list___sub_collapse_28_1" href="#" class="job_list___sub_multi_heading"><div role="alert" class="card-header alert-success" id="job_list___sub_heading_28_1"><button class="btn btn-outline-success"><span class="job_id">28 : Job ID fa4c74dc7f924630969fa8d31fd0e8c9</span></button></div></a><div aria-labelledby="job_list___sub_heading_28_1" data-parent="#job_list___sub_accordion_28" class="collapse job_list___sub_multi_collapse" id="job_list___sub_collapse_28_1"><div class="card-body"><div class="work-item"><div class="alert alert-success test-outcome" role="alert"><p>worker outcome: normal</p><p>test outcome: killed</p></div></div><pre class="location"><a href="pycharm://open?file=queue2.py&amp;line=103" class="text-secondary"><button class="btn btn-outline-dark">queue2.py, start pos: (103, 21), end pos: (103, 23)</button></a></pre><pre>operator: core/ReplaceComparisonOperator_Is_IsNot, occurrence: 3</pre><div class="alert alert-secondary"><pre class="diff">--- mutation diff ---
--- aqueue2.py
+++ bqueue2.py
@@ -100,7 +100,7 @@
 
     def pop(self):
         """Remove first value from queue."""
-        if self.head is None:
+        if self.head is not None:
             raise Exception ("Queue is empty.")
         val = self.head.value
         self.head = self.head.next</pre></div><div class="alert alert-secondary"><pre class="diff">============================= test session starts ==============================
platform linux -- Python 3.10.10, pytest-7.2.1, pluggy-1.0.0
rootdir: /home/auri/temp/lucca/python_experiments/queue2
collected 14 items

WHOLE_SUITE/test_queue2_WHOLE_SUITE.py .....F.F......                    [100%]

=================================== FAILURES ===================================
_________________________________ test_case_5 __________________________________

    def test_case_5():
        queue_linked_list_0 = module_0.QueueLinkedList()
        assert len(queue_linked_list_0) == 0
        var_0 = queue_linked_list_0.__iter__()
        var_1 = queue_linked_list_0.append(queue_linked_list_0)
        assert len(queue_linked_list_0) == 1
&gt;       var_2 = queue_linked_list_0.pop()

WHOLE_SUITE/test_queue2_WHOLE_SUITE.py:76: 
_ _ _ _ _ _ _ _ _ _ _ _ _ _ _ _ _ _ _ _ _ _ _ _ _ _ _ _ _ _ _ _ _ _ _ _ _ _ _ _ 

self = &lt;[RecursionError('maximum recursion depth exceeded in comparison') raised in repr()] QueueLinkedList object at 0x7f023a08c340&gt;

    def pop(self):
        """Remove first value from queue."""
        if self.head is not None:
&gt;           raise Exception ("Queue is empty.")
E           Exception: Queue is empty.

queue2.py:104: Exception
_________________________________ test_case_7 __________________________________

    def test_case_7():
        queue_linked_list_0 = module_0.QueueLinkedList()
        assert len(queue_linked_list_0) == 0
        var_0 = queue_linked_list_0.append(queue_linked_list_0)
        assert len(queue_linked_list_0) == 1
        var_1 = queue_linked_list_0.append(var_0)
        assert len(queue_linked_list_0) == 2
        var_2 = queue_linked_list_0.__len__()
        assert var_2 == 2
&gt;       var_3 = queue_linked_list_0.pop()

WHOLE_SUITE/test_queue2_WHOLE_SUITE.py:101: 
_ _ _ _ _ _ _ _ _ _ _ _ _ _ _ _ _ _ _ _ _ _ _ _ _ _ _ _ _ _ _ _ _ _ _ _ _ _ _ _ 

self = &lt;[RecursionError('maximum recursion depth exceeded in comparison') raised in repr()] QueueLinkedList object at 0x7f023a23a9e0&gt;

    def pop(self):
        """Remove first value from queue."""
        if self.head is not None:
&gt;           raise Exception ("Queue is empty.")
E           Exception: Queue is empty.

queue2.py:104: Exception
=========================== short test summary info ============================
FAILED WHOLE_SUITE/test_queue2_WHOLE_SUITE.py::test_case_5 - Exception: Queue...
FAILED WHOLE_SUITE/test_queue2_WHOLE_SUITE.py::test_case_7 - Exception: Queue...
========================= 2 failed, 12 passed in 0.26s =========================
</pre></div></div></div></div></div><div class="mb-1" id="job_list___sub_accordion_29"><div class="card"><a data-toggle="collapse" data-target="#job_list___sub_collapse_29_1" aria-expanded="false" aria-controls="job_list___sub_collapse_29_1" href="#" class="job_list___sub_multi_heading"><div role="alert" class="card-header alert-danger" id="job_list___sub_heading_29_1"><button class="btn btn-outline-danger"><span class="job_id">29 : Job ID cf7eb4659e06402eaefcf1c4e67370f7</span></button></div></a><div aria-labelledby="job_list___sub_heading_29_1" data-parent="#job_list___sub_accordion_29" class="collapse job_list___sub_multi_collapse" id="job_list___sub_collapse_29_1"><div class="card-body"><div class="work-item"><div class="alert alert-danger test-outcome" role="alert"><p>SURVIVED</p><p>worker outcome: normal</p><p>test outcome: survived</p></div></div><pre class="location"><a href="pycharm://open?file=queue2.py&amp;line=107" class="text-secondary"><button class="btn btn-outline-dark">queue2.py, start pos: (107, 21), end pos: (107, 23)</button></a></pre><pre>operator: core/ReplaceComparisonOperator_Is_IsNot, occurrence: 4</pre><div class="alert alert-secondary"><pre class="diff">--- mutation diff ---
--- aqueue2.py
+++ bqueue2.py
@@ -104,7 +104,7 @@
             raise Exception ("Queue is empty.")
         val = self.head.value
         self.head = self.head.next
-        if self.head is None:
+        if self.head is not None:
             self.tail = None
         return val
 </pre></div><div class="alert alert-secondary"><pre class="diff">============================= test session starts ==============================
platform linux -- Python 3.10.10, pytest-7.2.1, pluggy-1.0.0
rootdir: /home/auri/temp/lucca/python_experiments/queue2
collected 14 items

WHOLE_SUITE/test_queue2_WHOLE_SUITE.py ..............                    [100%]

============================== 14 passed in 0.27s ==============================
</pre></div></div></div></div></div><div class="mb-1" id="job_list___sub_accordion_30"><div class="card"><a data-toggle="collapse" data-target="#job_list___sub_collapse_30_1" aria-expanded="false" aria-controls="job_list___sub_collapse_30_1" href="#" class="job_list___sub_multi_heading"><div role="alert" class="card-header alert-success" id="job_list___sub_heading_30_1"><button class="btn btn-outline-success"><span class="job_id">30 : Job ID 0aa073dd210b4d1481fced8ed22b2a38</span></button></div></a><div aria-labelledby="job_list___sub_heading_30_1" data-parent="#job_list___sub_accordion_30" class="collapse job_list___sub_multi_collapse" id="job_list___sub_collapse_30_1"><div class="card-body"><div class="work-item"><div class="alert alert-success test-outcome" role="alert"><p>worker outcome: normal</p><p>test outcome: killed</p></div></div><pre class="location"><a href="pycharm://open?file=queue2.py&amp;line=120" class="text-secondary"><button class="btn btn-outline-dark">queue2.py, start pos: (120, 21), end pos: (120, 23)</button></a></pre><pre>operator: core/ReplaceComparisonOperator_Is_IsNot, occurrence: 5</pre><div class="alert alert-secondary"><pre class="diff">--- mutation diff ---
--- aqueue2.py
+++ bqueue2.py
@@ -117,7 +117,7 @@
         
     def __repr__(self):
         """String representation of queue."""
-        if self.head is None:
+        if self.head is not None:
             return 'queue:[]'
 
         return 'queue:[{0:s}]'.format(','.join(map(str,self)))</pre></div><div class="alert alert-secondary"><pre class="diff">============================= test session starts ==============================
platform linux -- Python 3.10.10, pytest-7.2.1, pluggy-1.0.0
rootdir: /home/auri/temp/lucca/python_experiments/queue2
collected 14 items

WHOLE_SUITE/test_queue2_WHOLE_SUITE.py .......F....F.                    [100%]

=================================== FAILURES ===================================
_________________________________ test_case_7 __________________________________

    def test_case_7():
        queue_linked_list_0 = module_0.QueueLinkedList()
        assert len(queue_linked_list_0) == 0
        var_0 = queue_linked_list_0.append(queue_linked_list_0)
        assert len(queue_linked_list_0) == 1
        var_1 = queue_linked_list_0.append(var_0)
        assert len(queue_linked_list_0) == 2
        var_2 = queue_linked_list_0.__len__()
        assert var_2 == 2
        var_3 = queue_linked_list_0.pop()
        assert len(queue_linked_list_0) == 1
        assert f'{type(var_3).__module__}.{type(var_3).__qualname__}' == 'queue2.QueueLinkedList'
        assert len(var_3) == 1
        var_4 = var_3.__repr__()
&gt;       assert var_4 == 'queue:[None]'
E       AssertionError: assert 'queue:[]' == 'queue:[None]'
E         - queue:[None]
E         ?        ----
E         + queue:[]

WHOLE_SUITE/test_queue2_WHOLE_SUITE.py:106: AssertionError
_________________________________ test_case_12 _________________________________

    def test_case_12():
        queue_linked_list_0 = module_0.QueueLinkedList()
        assert len(queue_linked_list_0) == 0
        bool_0 = False
        var_0 = queue_linked_list_0.append(bool_0)
        assert len(queue_linked_list_0) == 1
        none_type_0 = None
        var_1 = queue_linked_list_0.append(none_type_0)
        assert len(queue_linked_list_0) == 2
        linked_list_0 = module_0.LinkedList()
        assert len(linked_list_0) == 0
        var_2 = queue_linked_list_0.__repr__()
&gt;       assert var_2 == 'queue:[False,None]'
E       AssertionError: assert 'queue:[]' == 'queue:[False,None]'
E         - queue:[False,None]
E         + queue:[]

WHOLE_SUITE/test_queue2_WHOLE_SUITE.py:160: AssertionError
=========================== short test summary info ============================
FAILED WHOLE_SUITE/test_queue2_WHOLE_SUITE.py::test_case_7 - AssertionError: ...
FAILED WHOLE_SUITE/test_queue2_WHOLE_SUITE.py::test_case_12 - AssertionError:...
========================= 2 failed, 12 passed in 0.44s =========================
</pre></div></div></div></div></div><div class="mb-1" id="job_list___sub_accordion_31"><div class="card"><a data-toggle="collapse" data-target="#job_list___sub_collapse_31_1" aria-expanded="false" aria-controls="job_list___sub_collapse_31_1" href="#" class="job_list___sub_multi_heading"><div role="alert" class="card-header alert-danger" id="job_list___sub_heading_31_1"><button class="btn btn-outline-danger"><span class="job_id">31 : Job ID 34da88b4b095477f884a749860ebb324</span></button></div></a><div aria-labelledby="job_list___sub_heading_31_1" data-parent="#job_list___sub_accordion_31" class="collapse job_list___sub_multi_collapse" id="job_list___sub_collapse_31_1"><div class="card-body"><div class="work-item"><div class="alert alert-danger test-outcome" role="alert"><p>SURVIVED</p><p>worker outcome: normal</p><p>test outcome: survived</p></div></div><pre class="location"><a href="pycharm://open?file=queue2.py&amp;line=15" class="text-secondary"><button class="btn btn-outline-dark">queue2.py, start pos: (15, 14), end pos: (15, 39)</button></a></pre><pre>operator: core/AddNot, occurrence: 0</pre><div class="alert alert-secondary"><pre class="diff">--- mutation diff ---
--- aqueue2.py
+++ bqueue2.py
@@ -12,7 +12,7 @@
     def checkInfinite(self):
         """Check whether infinite loop via next."""
         p1 = p2 = self
-        while p1 != None and p2 != None:
+        while not p1 != None and p2 != None:
             if p2.next == None: return False
 
             p1 = p1.next</pre></div><div class="alert alert-secondary"><pre class="diff">============================= test session starts ==============================
platform linux -- Python 3.10.10, pytest-7.2.1, pluggy-1.0.0
rootdir: /home/auri/temp/lucca/python_experiments/queue2
collected 14 items

WHOLE_SUITE/test_queue2_WHOLE_SUITE.py ..............                    [100%]

============================== 14 passed in 0.25s ==============================
</pre></div></div></div></div></div><div class="mb-1" id="job_list___sub_accordion_32"><div class="card"><a data-toggle="collapse" data-target="#job_list___sub_collapse_32_1" aria-expanded="false" aria-controls="job_list___sub_collapse_32_1" href="#" class="job_list___sub_multi_heading"><div role="alert" class="card-header alert-success" id="job_list___sub_heading_32_1"><button class="btn btn-outline-success"><span class="job_id">32 : Job ID c1ed8598d6c040e8a179514f5561bda5</span></button></div></a><div aria-labelledby="job_list___sub_heading_32_1" data-parent="#job_list___sub_accordion_32" class="collapse job_list___sub_multi_collapse" id="job_list___sub_collapse_32_1"><div class="card-body"><div class="work-item"><div class="alert alert-success test-outcome" role="alert"><p>worker outcome: normal</p><p>test outcome: killed</p></div></div><pre class="location"><a href="pycharm://open?file=queue2.py&amp;line=16" class="text-secondary"><button class="btn btn-outline-dark">queue2.py, start pos: (16, 15), end pos: (16, 30)</button></a></pre><pre>operator: core/AddNot, occurrence: 1</pre><div class="alert alert-secondary"><pre class="diff">--- mutation diff ---
--- aqueue2.py
+++ bqueue2.py
@@ -13,7 +13,7 @@
         """Check whether infinite loop via next."""
         p1 = p2 = self
         while p1 != None and p2 != None:
-            if p2.next == None: return False
+            if not p2.next == None: return False
 
             p1 = p1.next
             p2 = p2.next.next</pre></div><div class="alert alert-secondary"><pre class="diff">============================= test session starts ==============================
platform linux -- Python 3.10.10, pytest-7.2.1, pluggy-1.0.0
rootdir: /home/auri/temp/lucca/python_experiments/queue2
collected 14 items

WHOLE_SUITE/test_queue2_WHOLE_SUITE.py ..F...........                    [100%]

=================================== FAILURES ===================================
_________________________________ test_case_2 __________________________________

    def test_case_2():
        bytes_0 = b''
        linked_node_0 = module_0.LinkedNode(bytes_0)
        queue_linked_list_0 = module_0.QueueLinkedList()
        assert len(queue_linked_list_0) == 0
        var_0 = queue_linked_list_0.isEmpty()
        assert var_0 is True
&gt;       var_1 = linked_node_0.checkInfinite()

WHOLE_SUITE/test_queue2_WHOLE_SUITE.py:40: 
_ _ _ _ _ _ _ _ _ _ _ _ _ _ _ _ _ _ _ _ _ _ _ _ _ _ _ _ _ _ _ _ _ _ _ _ _ _ _ _ 

self = &lt;queue2.LinkedNode object at 0x7f33e6d20670&gt;

    def checkInfinite(self):
        """Check whether infinite loop via next."""
        p1 = p2 = self
        while p1 != None and p2 != None:
            if not p2.next == None: return False
    
            p1 = p1.next
&gt;           p2 = p2.next.next
E           AttributeError: 'NoneType' object has no attribute 'next'

queue2.py:19: AttributeError
=========================== short test summary info ============================
FAILED WHOLE_SUITE/test_queue2_WHOLE_SUITE.py::test_case_2 - AttributeError: ...
========================= 1 failed, 13 passed in 0.41s =========================
</pre></div></div></div></div></div><div class="mb-1" id="job_list___sub_accordion_33"><div class="card"><a data-toggle="collapse" data-target="#job_list___sub_collapse_33_1" aria-expanded="false" aria-controls="job_list___sub_collapse_33_1" href="#" class="job_list___sub_multi_heading"><div role="alert" class="card-header alert-danger" id="job_list___sub_heading_33_1"><button class="btn btn-outline-danger"><span class="job_id">33 : Job ID e40daefe6d6846c28566ea0df1f6037d</span></button></div></a><div aria-labelledby="job_list___sub_heading_33_1" data-parent="#job_list___sub_accordion_33" class="collapse job_list___sub_multi_collapse" id="job_list___sub_collapse_33_1"><div class="card-body"><div class="work-item"><div class="alert alert-danger test-outcome" role="alert"><p>SURVIVED</p><p>worker outcome: normal</p><p>test outcome: survived</p></div></div><pre class="location"><a href="pycharm://open?file=queue2.py&amp;line=21" class="text-secondary"><button class="btn btn-outline-dark">queue2.py, start pos: (21, 15), end pos: (21, 23)</button></a></pre><pre>operator: core/AddNot, occurrence: 2</pre><div class="alert alert-secondary"><pre class="diff">--- mutation diff ---
--- aqueue2.py
+++ bqueue2.py
@@ -18,7 +18,7 @@
             p1 = p1.next
             p2 = p2.next.next
             
-            if p1 == p2: return True
+            if not p1 == p2: return True
         return False
 
 class LinkedList:</pre></div><div class="alert alert-secondary"><pre class="diff">============================= test session starts ==============================
platform linux -- Python 3.10.10, pytest-7.2.1, pluggy-1.0.0
rootdir: /home/auri/temp/lucca/python_experiments/queue2
collected 14 items

WHOLE_SUITE/test_queue2_WHOLE_SUITE.py ..............                    [100%]

============================== 14 passed in 0.13s ==============================
</pre></div></div></div></div></div><div class="mb-1" id="job_list___sub_accordion_34"><div class="card"><a data-toggle="collapse" data-target="#job_list___sub_collapse_34_1" aria-expanded="false" aria-controls="job_list___sub_collapse_34_1" href="#" class="job_list___sub_multi_heading"><div role="alert" class="card-header alert-success" id="job_list___sub_heading_34_1"><button class="btn btn-outline-success"><span class="job_id">34 : Job ID 64db2e2cda554910a8282609ee590c85</span></button></div></a><div aria-labelledby="job_list___sub_heading_34_1" data-parent="#job_list___sub_accordion_34" class="collapse job_list___sub_multi_collapse" id="job_list___sub_collapse_34_1"><div class="card-body"><div class="work-item"><div class="alert alert-success test-outcome" role="alert"><p>worker outcome: normal</p><p>test outcome: killed</p></div></div><pre class="location"><a href="pycharm://open?file=queue2.py&amp;line=37" class="text-secondary"><button class="btn btn-outline-dark">queue2.py, start pos: (37, 11), end pos: (37, 28)</button></a></pre><pre>operator: core/AddNot, occurrence: 3</pre><div class="alert alert-secondary"><pre class="diff">--- mutation diff ---
--- aqueue2.py
+++ bqueue2.py
@@ -34,7 +34,7 @@
 
     def pop(self):
         """Remove first value in list."""
-        if self.head is None:
+        if not self.head is None:
             raise Exception ("Linked list is empty.")
         val = self.head.value
         self.head = self.head.next</pre></div><div class="alert alert-secondary"><pre class="diff">============================= test session starts ==============================
platform linux -- Python 3.10.10, pytest-7.2.1, pluggy-1.0.0
rootdir: /home/auri/temp/lucca/python_experiments/queue2
collected 14 items

WHOLE_SUITE/test_queue2_WHOLE_SUITE.py ....F.........                    [100%]

=================================== FAILURES ===================================
_________________________________ test_case_4 __________________________________

    def test_case_4():
        int_0 = 317
        list_0 = [int_0, int_0, int_0, int_0]
        linked_list_0 = module_0.LinkedList(*list_0)
        assert len(linked_list_0) == 4
&gt;       var_0 = linked_list_0.pop()

WHOLE_SUITE/test_queue2_WHOLE_SUITE.py:60: 
_ _ _ _ _ _ _ _ _ _ _ _ _ _ _ _ _ _ _ _ _ _ _ _ _ _ _ _ _ _ _ _ _ _ _ _ _ _ _ _ 

self = link:[317,317,317,317]

    def pop(self):
        """Remove first value in list."""
        if not self.head is None:
&gt;           raise Exception ("Linked list is empty.")
E           Exception: Linked list is empty.

queue2.py:38: Exception
=========================== short test summary info ============================
FAILED WHOLE_SUITE/test_queue2_WHOLE_SUITE.py::test_case_4 - Exception: Linke...
========================= 1 failed, 13 passed in 0.29s =========================
</pre></div></div></div></div></div><div class="mb-1" id="job_list___sub_accordion_35"><div class="card"><a data-toggle="collapse" data-target="#job_list___sub_collapse_35_1" aria-expanded="false" aria-controls="job_list___sub_collapse_35_1" href="#" class="job_list___sub_multi_heading"><div role="alert" class="card-header alert-success" id="job_list___sub_heading_35_1"><button class="btn btn-outline-success"><span class="job_id">35 : Job ID aff9d0b5afd74adb84a7538b123031c6</span></button></div></a><div aria-labelledby="job_list___sub_heading_35_1" data-parent="#job_list___sub_accordion_35" class="collapse job_list___sub_multi_collapse" id="job_list___sub_collapse_35_1"><div class="card-body"><div class="work-item"><div class="alert alert-success test-outcome" role="alert"><p>worker outcome: normal</p><p>test outcome: killed</p></div></div><pre class="location"><a href="pycharm://open?file=queue2.py&amp;line=47" class="text-secondary"><button class="btn btn-outline-dark">queue2.py, start pos: (47, 14), end pos: (47, 23)</button></a></pre><pre>operator: core/AddNot, occurrence: 4</pre><div class="alert alert-secondary"><pre class="diff">--- mutation diff ---
--- aqueue2.py
+++ bqueue2.py
@@ -44,7 +44,7 @@
         """Remove value from list."""
         n = self.head
         last = None
-        while n != None:
+        while not n != None:
             if n.value == value:
                 if last == None:
                     self.head = self.head.next</pre></div><div class="alert alert-secondary"><pre class="diff">============================= test session starts ==============================
platform linux -- Python 3.10.10, pytest-7.2.1, pluggy-1.0.0
rootdir: /home/auri/temp/lucca/python_experiments/queue2
collected 14 items

WHOLE_SUITE/test_queue2_WHOLE_SUITE.py .F........F...                    [100%]

=================================== FAILURES ===================================
_________________________________ test_case_1 __________________________________

    def test_case_1():
        linked_list_0 = module_0.LinkedList()
        assert len(linked_list_0) == 0
        linked_list_1 = module_0.LinkedList()
        assert len(linked_list_1) == 0
        var_0 = linked_list_1.__repr__()
        assert var_0 == 'link:[]'
        var_1 = var_0.__repr__()
        assert var_1 == "'link:[]'"
        var_2 = linked_list_1.__len__()
        assert var_2 == 0
&gt;       var_3 = linked_list_1.remove(var_2)

WHOLE_SUITE/test_queue2_WHOLE_SUITE.py:30: 
_ _ _ _ _ _ _ _ _ _ _ _ _ _ _ _ _ _ _ _ _ _ _ _ _ _ _ _ _ _ _ _ _ _ _ _ _ _ _ _ 

self = link:[], value = 0

    def remove(self, value):
        """Remove value from list."""
        n = self.head
        last = None
        while not n != None:
&gt;           if n.value == value:
E           AttributeError: 'NoneType' object has no attribute 'value'

queue2.py:48: AttributeError
_________________________________ test_case_10 _________________________________

    def test_case_10():
        int_0 = 200
        bool_0 = True
        list_0 = [int_0, bool_0, bool_0, int_0]
        queue_linked_list_0 = module_0.QueueLinkedList()
        assert len(queue_linked_list_0) == 0
        linked_list_0 = module_0.LinkedList(*list_0)
        assert len(linked_list_0) == 4
        var_0 = linked_list_0.remove(int_0)
&gt;       assert var_0 is True
E       assert False is True

WHOLE_SUITE/test_queue2_WHOLE_SUITE.py:131: AssertionError
=========================== short test summary info ============================
FAILED WHOLE_SUITE/test_queue2_WHOLE_SUITE.py::test_case_1 - AttributeError: ...
FAILED WHOLE_SUITE/test_queue2_WHOLE_SUITE.py::test_case_10 - assert False is...
========================= 2 failed, 12 passed in 0.38s =========================
</pre></div></div></div></div></div><div class="mb-1" id="job_list___sub_accordion_36"><div class="card"><a data-toggle="collapse" data-target="#job_list___sub_collapse_36_1" aria-expanded="false" aria-controls="job_list___sub_collapse_36_1" href="#" class="job_list___sub_multi_heading"><div role="alert" class="card-header alert-success" id="job_list___sub_heading_36_1"><button class="btn btn-outline-success"><span class="job_id">36 : Job ID eadd623df0e74def9c1bd19336b124af</span></button></div></a><div aria-labelledby="job_list___sub_heading_36_1" data-parent="#job_list___sub_accordion_36" class="collapse job_list___sub_multi_collapse" id="job_list___sub_collapse_36_1"><div class="card-body"><div class="work-item"><div class="alert alert-success test-outcome" role="alert"><p>worker outcome: normal</p><p>test outcome: killed</p></div></div><pre class="location"><a href="pycharm://open?file=queue2.py&amp;line=48" class="text-secondary"><button class="btn btn-outline-dark">queue2.py, start pos: (48, 15), end pos: (48, 31)</button></a></pre><pre>operator: core/AddNot, occurrence: 5</pre><div class="alert alert-secondary"><pre class="diff">--- mutation diff ---
--- aqueue2.py
+++ bqueue2.py
@@ -45,7 +45,7 @@
         n = self.head
         last = None
         while n != None:
-            if n.value == value:
+            if not n.value == value:
                 if last == None:
                     self.head = self.head.next
                 else:</pre></div><div class="alert alert-secondary"><pre class="diff">============================= test session starts ==============================
platform linux -- Python 3.10.10, pytest-7.2.1, pluggy-1.0.0
rootdir: /home/auri/temp/lucca/python_experiments/queue2
collected 14 items

WHOLE_SUITE/test_queue2_WHOLE_SUITE.py ....F.....F...                    [100%]

=================================== FAILURES ===================================
_________________________________ test_case_4 __________________________________

    def test_case_4():
        int_0 = 317
        list_0 = [int_0, int_0, int_0, int_0]
        linked_list_0 = module_0.LinkedList(*list_0)
        assert len(linked_list_0) == 4
        var_0 = linked_list_0.pop()
        assert var_0 == 317
        assert len(linked_list_0) == 3
        bool_0 = False
        var_1 = linked_list_0.remove(bool_0)
&gt;       assert var_1 is False
E       assert True is False

WHOLE_SUITE/test_queue2_WHOLE_SUITE.py:65: AssertionError
_________________________________ test_case_10 _________________________________

    def test_case_10():
        int_0 = 200
        bool_0 = True
        list_0 = [int_0, bool_0, bool_0, int_0]
        queue_linked_list_0 = module_0.QueueLinkedList()
        assert len(queue_linked_list_0) == 0
        linked_list_0 = module_0.LinkedList(*list_0)
        assert len(linked_list_0) == 4
        var_0 = linked_list_0.remove(int_0)
        assert var_0 is True
        assert len(linked_list_0) == 3
        var_1 = linked_list_0.prepend(list_0)
        assert len(linked_list_0) == 4
        var_2 = linked_list_0.__len__()
        assert var_2 == 4
        var_3 = linked_list_0.remove(var_0)
        assert var_3 is True
        assert len(linked_list_0) == 3
        var_4 = linked_list_0.remove(queue_linked_list_0)
&gt;       assert var_4 is False
E       assert True is False

WHOLE_SUITE/test_queue2_WHOLE_SUITE.py:141: AssertionError
=========================== short test summary info ============================
FAILED WHOLE_SUITE/test_queue2_WHOLE_SUITE.py::test_case_4 - assert True is F...
FAILED WHOLE_SUITE/test_queue2_WHOLE_SUITE.py::test_case_10 - assert True is ...
========================= 2 failed, 12 passed in 0.39s =========================
</pre></div></div></div></div></div><div class="mb-1" id="job_list___sub_accordion_37"><div class="card"><a data-toggle="collapse" data-target="#job_list___sub_collapse_37_1" aria-expanded="false" aria-controls="job_list___sub_collapse_37_1" href="#" class="job_list___sub_multi_heading"><div role="alert" class="card-header alert-success" id="job_list___sub_heading_37_1"><button class="btn btn-outline-success"><span class="job_id">37 : Job ID 9aa7847b57a34cef93401d6f3a537589</span></button></div></a><div aria-labelledby="job_list___sub_heading_37_1" data-parent="#job_list___sub_accordion_37" class="collapse job_list___sub_multi_collapse" id="job_list___sub_collapse_37_1"><div class="card-body"><div class="work-item"><div class="alert alert-success test-outcome" role="alert"><p>worker outcome: normal</p><p>test outcome: killed</p></div></div><pre class="location"><a href="pycharm://open?file=queue2.py&amp;line=49" class="text-secondary"><button class="btn btn-outline-dark">queue2.py, start pos: (49, 19), end pos: (49, 31)</button></a></pre><pre>operator: core/AddNot, occurrence: 6</pre><div class="alert alert-secondary"><pre class="diff">--- mutation diff ---
--- aqueue2.py
+++ bqueue2.py
@@ -46,7 +46,7 @@
         last = None
         while n != None:
             if n.value == value:
-                if last == None:
+                if not last == None:
                     self.head = self.head.next
                 else:
                     last.next = n.next</pre></div><div class="alert alert-secondary"><pre class="diff">============================= test session starts ==============================
platform linux -- Python 3.10.10, pytest-7.2.1, pluggy-1.0.0
rootdir: /home/auri/temp/lucca/python_experiments/queue2
collected 14 items

WHOLE_SUITE/test_queue2_WHOLE_SUITE.py ..........F...                    [100%]

=================================== FAILURES ===================================
_________________________________ test_case_10 _________________________________

    def test_case_10():
        int_0 = 200
        bool_0 = True
        list_0 = [int_0, bool_0, bool_0, int_0]
        queue_linked_list_0 = module_0.QueueLinkedList()
        assert len(queue_linked_list_0) == 0
        linked_list_0 = module_0.LinkedList(*list_0)
        assert len(linked_list_0) == 4
&gt;       var_0 = linked_list_0.remove(int_0)

WHOLE_SUITE/test_queue2_WHOLE_SUITE.py:130: 
_ _ _ _ _ _ _ _ _ _ _ _ _ _ _ _ _ _ _ _ _ _ _ _ _ _ _ _ _ _ _ _ _ _ _ _ _ _ _ _ 

self = link:[200,True,True,200], value = 200

    def remove(self, value):
        """Remove value from list."""
        n = self.head
        last = None
        while n != None:
            if n.value == value:
                if not last == None:
                    self.head = self.head.next
                else:
&gt;                   last.next = n.next
E                   AttributeError: 'NoneType' object has no attribute 'next'

queue2.py:52: AttributeError
=========================== short test summary info ============================
FAILED WHOLE_SUITE/test_queue2_WHOLE_SUITE.py::test_case_10 - AttributeError:...
========================= 1 failed, 13 passed in 0.22s =========================
</pre></div></div></div></div></div><div class="mb-1" id="job_list___sub_accordion_38"><div class="card"><a data-toggle="collapse" data-target="#job_list___sub_collapse_38_1" aria-expanded="false" aria-controls="job_list___sub_collapse_38_1" href="#" class="job_list___sub_multi_heading"><div role="alert" class="card-header alert-success" id="job_list___sub_heading_38_1"><button class="btn btn-outline-success"><span class="job_id">38 : Job ID 101bd0f255dc48499ce267b6a1184dac</span></button></div></a><div aria-labelledby="job_list___sub_heading_38_1" data-parent="#job_list___sub_accordion_38" class="collapse job_list___sub_multi_collapse" id="job_list___sub_collapse_38_1"><div class="card-body"><div class="work-item"><div class="alert alert-success test-outcome" role="alert"><p>worker outcome: normal</p><p>test outcome: killed</p></div></div><pre class="location"><a href="pycharm://open?file=queue2.py&amp;line=60" class="text-secondary"><button class="btn btn-outline-dark">queue2.py, start pos: (60, 14), end pos: (60, 23)</button></a></pre><pre>operator: core/AddNot, occurrence: 7</pre><div class="alert alert-secondary"><pre class="diff">--- mutation diff ---
--- aqueue2.py
+++ bqueue2.py
@@ -57,7 +57,7 @@
     def __iter__(self):
         """Iterator of values in the list."""
         n = self.head
-        while n != None:
+        while not n != None:
             yield n.value
             n = n.next
         </pre></div><div class="alert alert-secondary"><pre class="diff">============================= test session starts ==============================
platform linux -- Python 3.10.10, pytest-7.2.1, pluggy-1.0.0
rootdir: /home/auri/temp/lucca/python_experiments/queue2
collected 14 items

WHOLE_SUITE/test_queue2_WHOLE_SUITE.py ....F....F....                    [100%]

=================================== FAILURES ===================================
_________________________________ test_case_4 __________________________________

    def test_case_4():
        int_0 = 317
        list_0 = [int_0, int_0, int_0, int_0]
        linked_list_0 = module_0.LinkedList(*list_0)
        assert len(linked_list_0) == 4
        var_0 = linked_list_0.pop()
        assert var_0 == 317
        assert len(linked_list_0) == 3
        bool_0 = False
        var_1 = linked_list_0.remove(bool_0)
        assert var_1 is False
        var_2 = linked_list_0.__repr__()
&gt;       assert var_2 == 'link:[317,317,317]'
E       AssertionError: assert 'link:[]' == 'link:[317,317,317]'
E         - link:[317,317,317]
E         + link:[]

WHOLE_SUITE/test_queue2_WHOLE_SUITE.py:67: AssertionError
_________________________________ test_case_9 __________________________________

    def test_case_9():
        linked_list_0 = module_0.LinkedList()
        assert len(linked_list_0) == 0
&gt;       linked_list_1 = module_0.LinkedList(*linked_list_0)

WHOLE_SUITE/test_queue2_WHOLE_SUITE.py:116: 
_ _ _ _ _ _ _ _ _ _ _ _ _ _ _ _ _ _ _ _ _ _ _ _ _ _ _ _ _ _ _ _ _ _ _ _ _ _ _ _ 

self = link:[]

    def __iter__(self):
        """Iterator of values in the list."""
        n = self.head
        while not n != None:
&gt;           yield n.value
E           AttributeError: 'NoneType' object has no attribute 'value'

queue2.py:61: AttributeError
=========================== short test summary info ============================
FAILED WHOLE_SUITE/test_queue2_WHOLE_SUITE.py::test_case_4 - AssertionError: ...
FAILED WHOLE_SUITE/test_queue2_WHOLE_SUITE.py::test_case_9 - AttributeError: ...
========================= 2 failed, 12 passed in 0.41s =========================
</pre></div></div></div></div></div><div class="mb-1" id="job_list___sub_accordion_39"><div class="card"><a data-toggle="collapse" data-target="#job_list___sub_collapse_39_1" aria-expanded="false" aria-controls="job_list___sub_collapse_39_1" href="#" class="job_list___sub_multi_heading"><div role="alert" class="card-header alert-success" id="job_list___sub_heading_39_1"><button class="btn btn-outline-success"><span class="job_id">39 : Job ID 79e12f211db24e0089bed0e48cf9a13a</span></button></div></a><div aria-labelledby="job_list___sub_heading_39_1" data-parent="#job_list___sub_accordion_39" class="collapse job_list___sub_multi_collapse" id="job_list___sub_collapse_39_1"><div class="card-body"><div class="work-item"><div class="alert alert-success test-outcome" role="alert"><p>worker outcome: normal</p><p>test outcome: killed</p></div></div><pre class="location"><a href="pycharm://open?file=queue2.py&amp;line=66" class="text-secondary"><button class="btn btn-outline-dark">queue2.py, start pos: (66, 11), end pos: (66, 28)</button></a></pre><pre>operator: core/AddNot, occurrence: 8</pre><div class="alert alert-secondary"><pre class="diff">--- mutation diff ---
--- aqueue2.py
+++ bqueue2.py
@@ -63,7 +63,7 @@
         
     def __repr__(self):
         """String representation of linked list."""
-        if self.head is None:
+        if not self.head is None:
             return 'link:[]'
 
         return 'link:[{0:s}]'.format(','.join(map(str,self)))</pre></div><div class="alert alert-secondary"><pre class="diff">============================= test session starts ==============================
platform linux -- Python 3.10.10, pytest-7.2.1, pluggy-1.0.0
rootdir: /home/auri/temp/lucca/python_experiments/queue2
collected 14 items

WHOLE_SUITE/test_queue2_WHOLE_SUITE.py ....F.........                    [100%]

=================================== FAILURES ===================================
_________________________________ test_case_4 __________________________________

    def test_case_4():
        int_0 = 317
        list_0 = [int_0, int_0, int_0, int_0]
        linked_list_0 = module_0.LinkedList(*list_0)
        assert len(linked_list_0) == 4
        var_0 = linked_list_0.pop()
        assert var_0 == 317
        assert len(linked_list_0) == 3
        bool_0 = False
        var_1 = linked_list_0.remove(bool_0)
        assert var_1 is False
        var_2 = linked_list_0.__repr__()
&gt;       assert var_2 == 'link:[317,317,317]'
E       AssertionError: assert 'link:[]' == 'link:[317,317,317]'
E         - link:[317,317,317]
E         + link:[]

WHOLE_SUITE/test_queue2_WHOLE_SUITE.py:67: AssertionError
=========================== short test summary info ============================
FAILED WHOLE_SUITE/test_queue2_WHOLE_SUITE.py::test_case_4 - AssertionError: ...
========================= 1 failed, 13 passed in 0.36s =========================
</pre></div></div></div></div></div><div class="mb-1" id="job_list___sub_accordion_40"><div class="card"><a data-toggle="collapse" data-target="#job_list___sub_collapse_40_1" aria-expanded="false" aria-controls="job_list___sub_collapse_40_1" href="#" class="job_list___sub_multi_heading"><div role="alert" class="card-header alert-success" id="job_list___sub_heading_40_1"><button class="btn btn-outline-success"><span class="job_id">40 : Job ID fc40e5a76ea5435bb19e41b120d80b09</span></button></div></a><div aria-labelledby="job_list___sub_heading_40_1" data-parent="#job_list___sub_accordion_40" class="collapse job_list___sub_multi_collapse" id="job_list___sub_collapse_40_1"><div class="card-body"><div class="work-item"><div class="alert alert-success test-outcome" role="alert"><p>worker outcome: normal</p><p>test outcome: killed</p></div></div><pre class="location"><a href="pycharm://open?file=queue2.py&amp;line=75" class="text-secondary"><button class="btn btn-outline-dark">queue2.py, start pos: (75, 14), end pos: (75, 23)</button></a></pre><pre>operator: core/AddNot, occurrence: 9</pre><div class="alert alert-secondary"><pre class="diff">--- mutation diff ---
--- aqueue2.py
+++ bqueue2.py
@@ -72,7 +72,7 @@
         """Count values in list."""
         n = self.head
         count = 0
-        while n != None:
+        while not n != None:
             count += 1
             n = n.next
         return count</pre></div><div class="alert alert-secondary"><pre class="diff">============================= test session starts ==============================
platform linux -- Python 3.10.10, pytest-7.2.1, pluggy-1.0.0
rootdir: /home/auri/temp/lucca/python_experiments/queue2
collected 14 items

WHOLE_SUITE/test_queue2_WHOLE_SUITE.py .FF.F....FF.FF                    [100%]

=================================== FAILURES ===================================
_________________________________ test_case_1 __________________________________

    def test_case_1():
        linked_list_0 = module_0.LinkedList()
&gt;       assert len(linked_list_0) == 0

WHOLE_SUITE/test_queue2_WHOLE_SUITE.py:21: 
_ _ _ _ _ _ _ _ _ _ _ _ _ _ _ _ _ _ _ _ _ _ _ _ _ _ _ _ _ _ _ _ _ _ _ _ _ _ _ _ 

self = link:[]

    def __len__(self):
        """Count values in list."""
        n = self.head
        count = 0
        while not n != None:
            count += 1
&gt;           n = n.next
E           AttributeError: 'NoneType' object has no attribute 'next'

queue2.py:77: AttributeError
_________________________________ test_case_2 __________________________________

    def test_case_2():
        bytes_0 = b''
        linked_node_0 = module_0.LinkedNode(bytes_0)
        queue_linked_list_0 = module_0.QueueLinkedList()
        assert len(queue_linked_list_0) == 0
        var_0 = queue_linked_list_0.isEmpty()
        assert var_0 is True
        var_1 = linked_node_0.checkInfinite()
        assert var_1 is False
        var_2 = bytes_0.__repr__()
        linked_list_0 = module_0.LinkedList()
&gt;       assert len(linked_list_0) == 0

WHOLE_SUITE/test_queue2_WHOLE_SUITE.py:44: 
_ _ _ _ _ _ _ _ _ _ _ _ _ _ _ _ _ _ _ _ _ _ _ _ _ _ _ _ _ _ _ _ _ _ _ _ _ _ _ _ 

self = link:[]

    def __len__(self):
        """Count values in list."""
        n = self.head
        count = 0
        while not n != None:
            count += 1
&gt;           n = n.next
E           AttributeError: 'NoneType' object has no attribute 'next'

queue2.py:77: AttributeError
_________________________________ test_case_4 __________________________________

    def test_case_4():
        int_0 = 317
        list_0 = [int_0, int_0, int_0, int_0]
        linked_list_0 = module_0.LinkedList(*list_0)
&gt;       assert len(linked_list_0) == 4
E       assert 0 == 4
E        +  where 0 = len(link:[317,317,317,317])

WHOLE_SUITE/test_queue2_WHOLE_SUITE.py:59: AssertionError
_________________________________ test_case_9 __________________________________

    def test_case_9():
        linked_list_0 = module_0.LinkedList()
&gt;       assert len(linked_list_0) == 0

WHOLE_SUITE/test_queue2_WHOLE_SUITE.py:115: 
_ _ _ _ _ _ _ _ _ _ _ _ _ _ _ _ _ _ _ _ _ _ _ _ _ _ _ _ _ _ _ _ _ _ _ _ _ _ _ _ 

self = link:[]

    def __len__(self):
        """Count values in list."""
        n = self.head
        count = 0
        while not n != None:
            count += 1
&gt;           n = n.next
E           AttributeError: 'NoneType' object has no attribute 'next'

queue2.py:77: AttributeError
_________________________________ test_case_10 _________________________________

    def test_case_10():
        int_0 = 200
        bool_0 = True
        list_0 = [int_0, bool_0, bool_0, int_0]
        queue_linked_list_0 = module_0.QueueLinkedList()
        assert len(queue_linked_list_0) == 0
        linked_list_0 = module_0.LinkedList(*list_0)
&gt;       assert len(linked_list_0) == 4
E       assert 0 == 4
E        +  where 0 = len(link:[200,True,True,200])

WHOLE_SUITE/test_queue2_WHOLE_SUITE.py:129: AssertionError
_________________________________ test_case_12 _________________________________

    def test_case_12():
        queue_linked_list_0 = module_0.QueueLinkedList()
        assert len(queue_linked_list_0) == 0
        bool_0 = False
        var_0 = queue_linked_list_0.append(bool_0)
        assert len(queue_linked_list_0) == 1
        none_type_0 = None
        var_1 = queue_linked_list_0.append(none_type_0)
        assert len(queue_linked_list_0) == 2
        linked_list_0 = module_0.LinkedList()
&gt;       assert len(linked_list_0) == 0

WHOLE_SUITE/test_queue2_WHOLE_SUITE.py:158: 
_ _ _ _ _ _ _ _ _ _ _ _ _ _ _ _ _ _ _ _ _ _ _ _ _ _ _ _ _ _ _ _ _ _ _ _ _ _ _ _ 

self = link:[]

    def __len__(self):
        """Count values in list."""
        n = self.head
        count = 0
        while not n != None:
            count += 1
&gt;           n = n.next
E           AttributeError: 'NoneType' object has no attribute 'next'

queue2.py:77: AttributeError
_________________________________ test_case_13 _________________________________

    def test_case_13():
        linked_list_0 = module_0.LinkedList()
&gt;       assert len(linked_list_0) == 0

WHOLE_SUITE/test_queue2_WHOLE_SUITE.py:169: 
_ _ _ _ _ _ _ _ _ _ _ _ _ _ _ _ _ _ _ _ _ _ _ _ _ _ _ _ _ _ _ _ _ _ _ _ _ _ _ _ 

self = link:[]

    def __len__(self):
        """Count values in list."""
        n = self.head
        count = 0
        while not n != None:
            count += 1
&gt;           n = n.next
E           AttributeError: 'NoneType' object has no attribute 'next'

queue2.py:77: AttributeError
=========================== short test summary info ============================
FAILED WHOLE_SUITE/test_queue2_WHOLE_SUITE.py::test_case_1 - AttributeError: ...
FAILED WHOLE_SUITE/test_queue2_WHOLE_SUITE.py::test_case_2 - AttributeError: ...
FAILED WHOLE_SUITE/test_queue2_WHOLE_SUITE.py::test_case_4 - assert 0 == 4
FAILED WHOLE_SUITE/test_queue2_WHOLE_SUITE.py::test_case_9 - AttributeError: ...
FAILED WHOLE_SUITE/test_queue2_WHOLE_SUITE.py::test_case_10 - assert 0 == 4
FAILED WHOLE_SUITE/test_queue2_WHOLE_SUITE.py::test_case_12 - AttributeError:...
FAILED WHOLE_SUITE/test_queue2_WHOLE_SUITE.py::test_case_13 - AttributeError:...
========================= 7 failed, 7 passed in 0.33s ==========================
</pre></div></div></div></div></div><div class="mb-1" id="job_list___sub_accordion_41"><div class="card"><a data-toggle="collapse" data-target="#job_list___sub_collapse_41_1" aria-expanded="false" aria-controls="job_list___sub_collapse_41_1" href="#" class="job_list___sub_multi_heading"><div role="alert" class="card-header alert-success" id="job_list___sub_heading_41_1"><button class="btn btn-outline-success"><span class="job_id">41 : Job ID f37767c0c37946ca9c437406de06ab9c</span></button></div></a><div aria-labelledby="job_list___sub_heading_41_1" data-parent="#job_list___sub_accordion_41" class="collapse job_list___sub_multi_collapse" id="job_list___sub_collapse_41_1"><div class="card-body"><div class="work-item"><div class="alert alert-success test-outcome" role="alert"><p>worker outcome: normal</p><p>test outcome: killed</p></div></div><pre class="location"><a href="pycharm://open?file=queue2.py&amp;line=91" class="text-secondary"><button class="btn btn-outline-dark">queue2.py, start pos: (91, 11), end pos: (91, 28)</button></a></pre><pre>operator: core/AddNot, occurrence: 10</pre><div class="alert alert-secondary"><pre class="diff">--- mutation diff ---
--- aqueue2.py
+++ bqueue2.py
@@ -88,7 +88,7 @@
     def append(self, value):
         """Add value to end of queue."""
         newNode = LinkedNode(value, None)
-        if self.head is None:
+        if not self.head is None:
             self.head = self.tail = newNode
         else:
             self.tail.next = newNode</pre></div><div class="alert alert-secondary"><pre class="diff">============================= test session starts ==============================
platform linux -- Python 3.10.10, pytest-7.2.1, pluggy-1.0.0
rootdir: /home/auri/temp/lucca/python_experiments/queue2
collected 14 items

WHOLE_SUITE/test_queue2_WHOLE_SUITE.py .....F.F....F.                    [100%]

=================================== FAILURES ===================================
_________________________________ test_case_5 __________________________________

    def test_case_5():
        queue_linked_list_0 = module_0.QueueLinkedList()
        assert len(queue_linked_list_0) == 0
        var_0 = queue_linked_list_0.__iter__()
&gt;       var_1 = queue_linked_list_0.append(queue_linked_list_0)

WHOLE_SUITE/test_queue2_WHOLE_SUITE.py:74: 
_ _ _ _ _ _ _ _ _ _ _ _ _ _ _ _ _ _ _ _ _ _ _ _ _ _ _ _ _ _ _ _ _ _ _ _ _ _ _ _ 

self = queue:[], value = queue:[]

    def append(self, value):
        """Add value to end of queue."""
        newNode = LinkedNode(value, None)
        if not self.head is None:
            self.head = self.tail = newNode
        else:
&gt;           self.tail.next = newNode
E           AttributeError: 'NoneType' object has no attribute 'next'

queue2.py:94: AttributeError
_________________________________ test_case_7 __________________________________

    def test_case_7():
        queue_linked_list_0 = module_0.QueueLinkedList()
        assert len(queue_linked_list_0) == 0
&gt;       var_0 = queue_linked_list_0.append(queue_linked_list_0)

WHOLE_SUITE/test_queue2_WHOLE_SUITE.py:95: 
_ _ _ _ _ _ _ _ _ _ _ _ _ _ _ _ _ _ _ _ _ _ _ _ _ _ _ _ _ _ _ _ _ _ _ _ _ _ _ _ 

self = queue:[], value = queue:[]

    def append(self, value):
        """Add value to end of queue."""
        newNode = LinkedNode(value, None)
        if not self.head is None:
            self.head = self.tail = newNode
        else:
&gt;           self.tail.next = newNode
E           AttributeError: 'NoneType' object has no attribute 'next'

queue2.py:94: AttributeError
_________________________________ test_case_12 _________________________________

    def test_case_12():
        queue_linked_list_0 = module_0.QueueLinkedList()
        assert len(queue_linked_list_0) == 0
        bool_0 = False
&gt;       var_0 = queue_linked_list_0.append(bool_0)

WHOLE_SUITE/test_queue2_WHOLE_SUITE.py:152: 
_ _ _ _ _ _ _ _ _ _ _ _ _ _ _ _ _ _ _ _ _ _ _ _ _ _ _ _ _ _ _ _ _ _ _ _ _ _ _ _ 

self = queue:[], value = False

    def append(self, value):
        """Add value to end of queue."""
        newNode = LinkedNode(value, None)
        if not self.head is None:
            self.head = self.tail = newNode
        else:
&gt;           self.tail.next = newNode
E           AttributeError: 'NoneType' object has no attribute 'next'

queue2.py:94: AttributeError
=========================== short test summary info ============================
FAILED WHOLE_SUITE/test_queue2_WHOLE_SUITE.py::test_case_5 - AttributeError: ...
FAILED WHOLE_SUITE/test_queue2_WHOLE_SUITE.py::test_case_7 - AttributeError: ...
FAILED WHOLE_SUITE/test_queue2_WHOLE_SUITE.py::test_case_12 - AttributeError:...
========================= 3 failed, 11 passed in 0.52s =========================
</pre></div></div></div></div></div><div class="mb-1" id="job_list___sub_accordion_42"><div class="card"><a data-toggle="collapse" data-target="#job_list___sub_collapse_42_1" aria-expanded="false" aria-controls="job_list___sub_collapse_42_1" href="#" class="job_list___sub_multi_heading"><div role="alert" class="card-header alert-success" id="job_list___sub_heading_42_1"><button class="btn btn-outline-success"><span class="job_id">42 : Job ID 2c36a7ff12f64987ac692969f131e7a6</span></button></div></a><div aria-labelledby="job_list___sub_heading_42_1" data-parent="#job_list___sub_accordion_42" class="collapse job_list___sub_multi_collapse" id="job_list___sub_collapse_42_1"><div class="card-body"><div class="work-item"><div class="alert alert-success test-outcome" role="alert"><p>worker outcome: normal</p><p>test outcome: killed</p></div></div><pre class="location"><a href="pycharm://open?file=queue2.py&amp;line=103" class="text-secondary"><button class="btn btn-outline-dark">queue2.py, start pos: (103, 11), end pos: (103, 28)</button></a></pre><pre>operator: core/AddNot, occurrence: 11</pre><div class="alert alert-secondary"><pre class="diff">--- mutation diff ---
--- aqueue2.py
+++ bqueue2.py
@@ -100,7 +100,7 @@
 
     def pop(self):
         """Remove first value from queue."""
-        if self.head is None:
+        if not self.head is None:
             raise Exception ("Queue is empty.")
         val = self.head.value
         self.head = self.head.next</pre></div><div class="alert alert-secondary"><pre class="diff">============================= test session starts ==============================
platform linux -- Python 3.10.10, pytest-7.2.1, pluggy-1.0.0
rootdir: /home/auri/temp/lucca/python_experiments/queue2
collected 14 items

WHOLE_SUITE/test_queue2_WHOLE_SUITE.py .....F.F......                    [100%]

=================================== FAILURES ===================================
_________________________________ test_case_5 __________________________________

    def test_case_5():
        queue_linked_list_0 = module_0.QueueLinkedList()
        assert len(queue_linked_list_0) == 0
        var_0 = queue_linked_list_0.__iter__()
        var_1 = queue_linked_list_0.append(queue_linked_list_0)
        assert len(queue_linked_list_0) == 1
&gt;       var_2 = queue_linked_list_0.pop()

WHOLE_SUITE/test_queue2_WHOLE_SUITE.py:76: 
_ _ _ _ _ _ _ _ _ _ _ _ _ _ _ _ _ _ _ _ _ _ _ _ _ _ _ _ _ _ _ _ _ _ _ _ _ _ _ _ 

self = &lt;[RecursionError('maximum recursion depth exceeded in comparison') raised in repr()] QueueLinkedList object at 0x7fe4b7624070&gt;

    def pop(self):
        """Remove first value from queue."""
        if not self.head is None:
&gt;           raise Exception ("Queue is empty.")
E           Exception: Queue is empty.

queue2.py:104: Exception
_________________________________ test_case_7 __________________________________

    def test_case_7():
        queue_linked_list_0 = module_0.QueueLinkedList()
        assert len(queue_linked_list_0) == 0
        var_0 = queue_linked_list_0.append(queue_linked_list_0)
        assert len(queue_linked_list_0) == 1
        var_1 = queue_linked_list_0.append(var_0)
        assert len(queue_linked_list_0) == 2
        var_2 = queue_linked_list_0.__len__()
        assert var_2 == 2
&gt;       var_3 = queue_linked_list_0.pop()

WHOLE_SUITE/test_queue2_WHOLE_SUITE.py:101: 
_ _ _ _ _ _ _ _ _ _ _ _ _ _ _ _ _ _ _ _ _ _ _ _ _ _ _ _ _ _ _ _ _ _ _ _ _ _ _ _ 

self = &lt;[RecursionError('maximum recursion depth exceeded in comparison') raised in repr()] QueueLinkedList object at 0x7fe4b77cef20&gt;

    def pop(self):
        """Remove first value from queue."""
        if not self.head is None:
&gt;           raise Exception ("Queue is empty.")
E           Exception: Queue is empty.

queue2.py:104: Exception
=========================== short test summary info ============================
FAILED WHOLE_SUITE/test_queue2_WHOLE_SUITE.py::test_case_5 - Exception: Queue...
FAILED WHOLE_SUITE/test_queue2_WHOLE_SUITE.py::test_case_7 - Exception: Queue...
========================= 2 failed, 12 passed in 0.31s =========================
</pre></div></div></div></div></div><div class="mb-1" id="job_list___sub_accordion_43"><div class="card"><a data-toggle="collapse" data-target="#job_list___sub_collapse_43_1" aria-expanded="false" aria-controls="job_list___sub_collapse_43_1" href="#" class="job_list___sub_multi_heading"><div role="alert" class="card-header alert-danger" id="job_list___sub_heading_43_1"><button class="btn btn-outline-danger"><span class="job_id">43 : Job ID b51b58b68c444ffb9f8a6592e548c37f</span></button></div></a><div aria-labelledby="job_list___sub_heading_43_1" data-parent="#job_list___sub_accordion_43" class="collapse job_list___sub_multi_collapse" id="job_list___sub_collapse_43_1"><div class="card-body"><div class="work-item"><div class="alert alert-danger test-outcome" role="alert"><p>SURVIVED</p><p>worker outcome: normal</p><p>test outcome: survived</p></div></div><pre class="location"><a href="pycharm://open?file=queue2.py&amp;line=107" class="text-secondary"><button class="btn btn-outline-dark">queue2.py, start pos: (107, 11), end pos: (107, 28)</button></a></pre><pre>operator: core/AddNot, occurrence: 12</pre><div class="alert alert-secondary"><pre class="diff">--- mutation diff ---
--- aqueue2.py
+++ bqueue2.py
@@ -104,7 +104,7 @@
             raise Exception ("Queue is empty.")
         val = self.head.value
         self.head = self.head.next
-        if self.head is None:
+        if not self.head is None:
             self.tail = None
         return val
 </pre></div><div class="alert alert-secondary"><pre class="diff">============================= test session starts ==============================
platform linux -- Python 3.10.10, pytest-7.2.1, pluggy-1.0.0
rootdir: /home/auri/temp/lucca/python_experiments/queue2
collected 14 items

WHOLE_SUITE/test_queue2_WHOLE_SUITE.py ..............                    [100%]

============================== 14 passed in 0.25s ==============================
</pre></div></div></div></div></div><div class="mb-1" id="job_list___sub_accordion_44"><div class="card"><a data-toggle="collapse" data-target="#job_list___sub_collapse_44_1" aria-expanded="false" aria-controls="job_list___sub_collapse_44_1" href="#" class="job_list___sub_multi_heading"><div role="alert" class="card-header alert-success" id="job_list___sub_heading_44_1"><button class="btn btn-outline-success"><span class="job_id">44 : Job ID 1712bcaebc12479c8a2118dc1d36975d</span></button></div></a><div aria-labelledby="job_list___sub_heading_44_1" data-parent="#job_list___sub_accordion_44" class="collapse job_list___sub_multi_collapse" id="job_list___sub_collapse_44_1"><div class="card-body"><div class="work-item"><div class="alert alert-success test-outcome" role="alert"><p>worker outcome: normal</p><p>test outcome: killed</p></div></div><pre class="location"><a href="pycharm://open?file=queue2.py&amp;line=114" class="text-secondary"><button class="btn btn-outline-dark">queue2.py, start pos: (114, 14), end pos: (114, 23)</button></a></pre><pre>operator: core/AddNot, occurrence: 13</pre><div class="alert alert-secondary"><pre class="diff">--- mutation diff ---
--- aqueue2.py
+++ bqueue2.py
@@ -111,7 +111,7 @@
     def __iter__(self):
         """Iterator of values in queue."""
         n = self.head
-        while n != None:
+        while not n != None:
             yield n.value
             n = n.next
         </pre></div><div class="alert alert-secondary"><pre class="diff">============================= test session starts ==============================
platform linux -- Python 3.10.10, pytest-7.2.1, pluggy-1.0.0
rootdir: /home/auri/temp/lucca/python_experiments/queue2
collected 14 items

WHOLE_SUITE/test_queue2_WHOLE_SUITE.py .......F....FF                    [100%]

=================================== FAILURES ===================================
_________________________________ test_case_7 __________________________________

    def test_case_7():
        queue_linked_list_0 = module_0.QueueLinkedList()
        assert len(queue_linked_list_0) == 0
        var_0 = queue_linked_list_0.append(queue_linked_list_0)
        assert len(queue_linked_list_0) == 1
        var_1 = queue_linked_list_0.append(var_0)
        assert len(queue_linked_list_0) == 2
        var_2 = queue_linked_list_0.__len__()
        assert var_2 == 2
        var_3 = queue_linked_list_0.pop()
        assert len(queue_linked_list_0) == 1
        assert f'{type(var_3).__module__}.{type(var_3).__qualname__}' == 'queue2.QueueLinkedList'
        assert len(var_3) == 1
        var_4 = var_3.__repr__()
&gt;       assert var_4 == 'queue:[None]'
E       AssertionError: assert 'queue:[]' == 'queue:[None]'
E         - queue:[None]
E         ?        ----
E         + queue:[]

WHOLE_SUITE/test_queue2_WHOLE_SUITE.py:106: AssertionError
_________________________________ test_case_12 _________________________________

    def test_case_12():
        queue_linked_list_0 = module_0.QueueLinkedList()
        assert len(queue_linked_list_0) == 0
        bool_0 = False
        var_0 = queue_linked_list_0.append(bool_0)
        assert len(queue_linked_list_0) == 1
        none_type_0 = None
        var_1 = queue_linked_list_0.append(none_type_0)
        assert len(queue_linked_list_0) == 2
        linked_list_0 = module_0.LinkedList()
        assert len(linked_list_0) == 0
        var_2 = queue_linked_list_0.__repr__()
&gt;       assert var_2 == 'queue:[False,None]'
E       AssertionError: assert 'queue:[]' == 'queue:[False,None]'
E         - queue:[False,None]
E         + queue:[]

WHOLE_SUITE/test_queue2_WHOLE_SUITE.py:160: AssertionError
_________________________________ test_case_13 _________________________________

    def test_case_13():
        linked_list_0 = module_0.LinkedList()
        assert len(linked_list_0) == 0
        var_0 = linked_list_0.__repr__()
        assert var_0 == 'link:[]'
        queue_linked_list_0 = module_0.QueueLinkedList()
        assert len(queue_linked_list_0) == 0
        var_1 = linked_list_0.__repr__()
        assert var_1 == 'link:[]'
        var_2 = queue_linked_list_0.isEmpty()
        assert var_2 is True
        var_3 = queue_linked_list_0.__len__()
        assert var_3 == 0
&gt;       linked_list_1 = module_0.LinkedList(*queue_linked_list_0)

WHOLE_SUITE/test_queue2_WHOLE_SUITE.py:180: 
_ _ _ _ _ _ _ _ _ _ _ _ _ _ _ _ _ _ _ _ _ _ _ _ _ _ _ _ _ _ _ _ _ _ _ _ _ _ _ _ 

self = queue:[]

    def __iter__(self):
        """Iterator of values in queue."""
        n = self.head
        while not n != None:
&gt;           yield n.value
E           AttributeError: 'NoneType' object has no attribute 'value'

queue2.py:115: AttributeError
=========================== short test summary info ============================
FAILED WHOLE_SUITE/test_queue2_WHOLE_SUITE.py::test_case_7 - AssertionError: ...
FAILED WHOLE_SUITE/test_queue2_WHOLE_SUITE.py::test_case_12 - AssertionError:...
FAILED WHOLE_SUITE/test_queue2_WHOLE_SUITE.py::test_case_13 - AttributeError:...
========================= 3 failed, 11 passed in 0.41s =========================
</pre></div></div></div></div></div><div class="mb-1" id="job_list___sub_accordion_45"><div class="card"><a data-toggle="collapse" data-target="#job_list___sub_collapse_45_1" aria-expanded="false" aria-controls="job_list___sub_collapse_45_1" href="#" class="job_list___sub_multi_heading"><div role="alert" class="card-header alert-success" id="job_list___sub_heading_45_1"><button class="btn btn-outline-success"><span class="job_id">45 : Job ID 73b90913780246288464d56ddeba2807</span></button></div></a><div aria-labelledby="job_list___sub_heading_45_1" data-parent="#job_list___sub_accordion_45" class="collapse job_list___sub_multi_collapse" id="job_list___sub_collapse_45_1"><div class="card-body"><div class="work-item"><div class="alert alert-success test-outcome" role="alert"><p>worker outcome: normal</p><p>test outcome: killed</p></div></div><pre class="location"><a href="pycharm://open?file=queue2.py&amp;line=120" class="text-secondary"><button class="btn btn-outline-dark">queue2.py, start pos: (120, 11), end pos: (120, 28)</button></a></pre><pre>operator: core/AddNot, occurrence: 14</pre><div class="alert alert-secondary"><pre class="diff">--- mutation diff ---
--- aqueue2.py
+++ bqueue2.py
@@ -117,7 +117,7 @@
         
     def __repr__(self):
         """String representation of queue."""
-        if self.head is None:
+        if not self.head is None:
             return 'queue:[]'
 
         return 'queue:[{0:s}]'.format(','.join(map(str,self)))</pre></div><div class="alert alert-secondary"><pre class="diff">============================= test session starts ==============================
platform linux -- Python 3.10.10, pytest-7.2.1, pluggy-1.0.0
rootdir: /home/auri/temp/lucca/python_experiments/queue2
collected 14 items

WHOLE_SUITE/test_queue2_WHOLE_SUITE.py .......F....F.                    [100%]

=================================== FAILURES ===================================
_________________________________ test_case_7 __________________________________

    def test_case_7():
        queue_linked_list_0 = module_0.QueueLinkedList()
        assert len(queue_linked_list_0) == 0
        var_0 = queue_linked_list_0.append(queue_linked_list_0)
        assert len(queue_linked_list_0) == 1
        var_1 = queue_linked_list_0.append(var_0)
        assert len(queue_linked_list_0) == 2
        var_2 = queue_linked_list_0.__len__()
        assert var_2 == 2
        var_3 = queue_linked_list_0.pop()
        assert len(queue_linked_list_0) == 1
        assert f'{type(var_3).__module__}.{type(var_3).__qualname__}' == 'queue2.QueueLinkedList'
        assert len(var_3) == 1
        var_4 = var_3.__repr__()
&gt;       assert var_4 == 'queue:[None]'
E       AssertionError: assert 'queue:[]' == 'queue:[None]'
E         - queue:[None]
E         ?        ----
E         + queue:[]

WHOLE_SUITE/test_queue2_WHOLE_SUITE.py:106: AssertionError
_________________________________ test_case_12 _________________________________

    def test_case_12():
        queue_linked_list_0 = module_0.QueueLinkedList()
        assert len(queue_linked_list_0) == 0
        bool_0 = False
        var_0 = queue_linked_list_0.append(bool_0)
        assert len(queue_linked_list_0) == 1
        none_type_0 = None
        var_1 = queue_linked_list_0.append(none_type_0)
        assert len(queue_linked_list_0) == 2
        linked_list_0 = module_0.LinkedList()
        assert len(linked_list_0) == 0
        var_2 = queue_linked_list_0.__repr__()
&gt;       assert var_2 == 'queue:[False,None]'
E       AssertionError: assert 'queue:[]' == 'queue:[False,None]'
E         - queue:[False,None]
E         + queue:[]

WHOLE_SUITE/test_queue2_WHOLE_SUITE.py:160: AssertionError
=========================== short test summary info ============================
FAILED WHOLE_SUITE/test_queue2_WHOLE_SUITE.py::test_case_7 - AssertionError: ...
FAILED WHOLE_SUITE/test_queue2_WHOLE_SUITE.py::test_case_12 - AssertionError:...
========================= 2 failed, 12 passed in 0.39s =========================
</pre></div></div></div></div></div><div class="mb-1" id="job_list___sub_accordion_46"><div class="card"><a data-toggle="collapse" data-target="#job_list___sub_collapse_46_1" aria-expanded="false" aria-controls="job_list___sub_collapse_46_1" href="#" class="job_list___sub_multi_heading"><div role="alert" class="card-header alert-success" id="job_list___sub_heading_46_1"><button class="btn btn-outline-success"><span class="job_id">46 : Job ID 4fd9fba2f8654af3901ef6afba5517e0</span></button></div></a><div aria-labelledby="job_list___sub_heading_46_1" data-parent="#job_list___sub_accordion_46" class="collapse job_list___sub_multi_collapse" id="job_list___sub_collapse_46_1"><div class="card-body"><div class="work-item"><div class="alert alert-success test-outcome" role="alert"><p>worker outcome: normal</p><p>test outcome: killed</p></div></div><pre class="location"><a href="pycharm://open?file=queue2.py&amp;line=129" class="text-secondary"><button class="btn btn-outline-dark">queue2.py, start pos: (129, 14), end pos: (129, 23)</button></a></pre><pre>operator: core/AddNot, occurrence: 15</pre><div class="alert alert-secondary"><pre class="diff">--- mutation diff ---
--- aqueue2.py
+++ bqueue2.py
@@ -126,7 +126,7 @@
         """Count values in queue."""
         n = self.head
         count = 0
-        while n != None:
+        while not n != None:
             count += 1
             n = n.next
         return count</pre></div><div class="alert alert-secondary"><pre class="diff">============================= test session starts ==============================
platform linux -- Python 3.10.10, pytest-7.2.1, pluggy-1.0.0
rootdir: /home/auri/temp/lucca/python_experiments/queue2
collected 14 items

WHOLE_SUITE/test_queue2_WHOLE_SUITE.py F.F..FFF..F.FF                    [100%]

=================================== FAILURES ===================================
_________________________________ test_case_0 __________________________________

    def test_case_0():
        queue_linked_list_0 = module_0.QueueLinkedList()
&gt;       assert len(queue_linked_list_0) == 0

WHOLE_SUITE/test_queue2_WHOLE_SUITE.py:7: 
_ _ _ _ _ _ _ _ _ _ _ _ _ _ _ _ _ _ _ _ _ _ _ _ _ _ _ _ _ _ _ _ _ _ _ _ _ _ _ _ 

self = queue:[]

    def __len__(self):
        """Count values in queue."""
        n = self.head
        count = 0
        while not n != None:
            count += 1
&gt;           n = n.next
E           AttributeError: 'NoneType' object has no attribute 'next'

queue2.py:131: AttributeError
_________________________________ test_case_2 __________________________________

    def test_case_2():
        bytes_0 = b''
        linked_node_0 = module_0.LinkedNode(bytes_0)
        queue_linked_list_0 = module_0.QueueLinkedList()
&gt;       assert len(queue_linked_list_0) == 0

WHOLE_SUITE/test_queue2_WHOLE_SUITE.py:37: 
_ _ _ _ _ _ _ _ _ _ _ _ _ _ _ _ _ _ _ _ _ _ _ _ _ _ _ _ _ _ _ _ _ _ _ _ _ _ _ _ 

self = queue:[]

    def __len__(self):
        """Count values in queue."""
        n = self.head
        count = 0
        while not n != None:
            count += 1
&gt;           n = n.next
E           AttributeError: 'NoneType' object has no attribute 'next'

queue2.py:131: AttributeError
_________________________________ test_case_5 __________________________________

    def test_case_5():
        queue_linked_list_0 = module_0.QueueLinkedList()
&gt;       assert len(queue_linked_list_0) == 0

WHOLE_SUITE/test_queue2_WHOLE_SUITE.py:72: 
_ _ _ _ _ _ _ _ _ _ _ _ _ _ _ _ _ _ _ _ _ _ _ _ _ _ _ _ _ _ _ _ _ _ _ _ _ _ _ _ 

self = queue:[]

    def __len__(self):
        """Count values in queue."""
        n = self.head
        count = 0
        while not n != None:
            count += 1
&gt;           n = n.next
E           AttributeError: 'NoneType' object has no attribute 'next'

queue2.py:131: AttributeError
_________________________________ test_case_6 __________________________________

    def test_case_6():
        bool_0 = True
        list_0 = [bool_0]
        linked_node_0 = module_0.LinkedNode(list_0)
        queue_linked_list_0 = module_0.QueueLinkedList()
&gt;       assert len(queue_linked_list_0) == 0

WHOLE_SUITE/test_queue2_WHOLE_SUITE.py:88: 
_ _ _ _ _ _ _ _ _ _ _ _ _ _ _ _ _ _ _ _ _ _ _ _ _ _ _ _ _ _ _ _ _ _ _ _ _ _ _ _ 

self = queue:[]

    def __len__(self):
        """Count values in queue."""
        n = self.head
        count = 0
        while not n != None:
            count += 1
&gt;           n = n.next
E           AttributeError: 'NoneType' object has no attribute 'next'

queue2.py:131: AttributeError
_________________________________ test_case_7 __________________________________

    def test_case_7():
        queue_linked_list_0 = module_0.QueueLinkedList()
&gt;       assert len(queue_linked_list_0) == 0

WHOLE_SUITE/test_queue2_WHOLE_SUITE.py:94: 
_ _ _ _ _ _ _ _ _ _ _ _ _ _ _ _ _ _ _ _ _ _ _ _ _ _ _ _ _ _ _ _ _ _ _ _ _ _ _ _ 

self = queue:[]

    def __len__(self):
        """Count values in queue."""
        n = self.head
        count = 0
        while not n != None:
            count += 1
&gt;           n = n.next
E           AttributeError: 'NoneType' object has no attribute 'next'

queue2.py:131: AttributeError
_________________________________ test_case_10 _________________________________

    def test_case_10():
        int_0 = 200
        bool_0 = True
        list_0 = [int_0, bool_0, bool_0, int_0]
        queue_linked_list_0 = module_0.QueueLinkedList()
&gt;       assert len(queue_linked_list_0) == 0

WHOLE_SUITE/test_queue2_WHOLE_SUITE.py:127: 
_ _ _ _ _ _ _ _ _ _ _ _ _ _ _ _ _ _ _ _ _ _ _ _ _ _ _ _ _ _ _ _ _ _ _ _ _ _ _ _ 

self = queue:[]

    def __len__(self):
        """Count values in queue."""
        n = self.head
        count = 0
        while not n != None:
            count += 1
&gt;           n = n.next
E           AttributeError: 'NoneType' object has no attribute 'next'

queue2.py:131: AttributeError
_________________________________ test_case_12 _________________________________

    def test_case_12():
        queue_linked_list_0 = module_0.QueueLinkedList()
&gt;       assert len(queue_linked_list_0) == 0

WHOLE_SUITE/test_queue2_WHOLE_SUITE.py:150: 
_ _ _ _ _ _ _ _ _ _ _ _ _ _ _ _ _ _ _ _ _ _ _ _ _ _ _ _ _ _ _ _ _ _ _ _ _ _ _ _ 

self = queue:[]

    def __len__(self):
        """Count values in queue."""
        n = self.head
        count = 0
        while not n != None:
            count += 1
&gt;           n = n.next
E           AttributeError: 'NoneType' object has no attribute 'next'

queue2.py:131: AttributeError
_________________________________ test_case_13 _________________________________

    def test_case_13():
        linked_list_0 = module_0.LinkedList()
        assert len(linked_list_0) == 0
        var_0 = linked_list_0.__repr__()
        assert var_0 == 'link:[]'
        queue_linked_list_0 = module_0.QueueLinkedList()
&gt;       assert len(queue_linked_list_0) == 0

WHOLE_SUITE/test_queue2_WHOLE_SUITE.py:173: 
_ _ _ _ _ _ _ _ _ _ _ _ _ _ _ _ _ _ _ _ _ _ _ _ _ _ _ _ _ _ _ _ _ _ _ _ _ _ _ _ 

self = queue:[]

    def __len__(self):
        """Count values in queue."""
        n = self.head
        count = 0
        while not n != None:
            count += 1
&gt;           n = n.next
E           AttributeError: 'NoneType' object has no attribute 'next'

queue2.py:131: AttributeError
=========================== short test summary info ============================
FAILED WHOLE_SUITE/test_queue2_WHOLE_SUITE.py::test_case_0 - AttributeError: ...
FAILED WHOLE_SUITE/test_queue2_WHOLE_SUITE.py::test_case_2 - AttributeError: ...
FAILED WHOLE_SUITE/test_queue2_WHOLE_SUITE.py::test_case_5 - AttributeError: ...
FAILED WHOLE_SUITE/test_queue2_WHOLE_SUITE.py::test_case_6 - AttributeError: ...
FAILED WHOLE_SUITE/test_queue2_WHOLE_SUITE.py::test_case_7 - AttributeError: ...
FAILED WHOLE_SUITE/test_queue2_WHOLE_SUITE.py::test_case_10 - AttributeError:...
FAILED WHOLE_SUITE/test_queue2_WHOLE_SUITE.py::test_case_12 - AttributeError:...
FAILED WHOLE_SUITE/test_queue2_WHOLE_SUITE.py::test_case_13 - AttributeError:...
========================= 8 failed, 6 passed in 0.45s ==========================
</pre></div></div></div></div></div><div class="mb-1" id="job_list___sub_accordion_47"><div class="card"><a data-toggle="collapse" data-target="#job_list___sub_collapse_47_1" aria-expanded="false" aria-controls="job_list___sub_collapse_47_1" href="#" class="job_list___sub_multi_heading"><div role="alert" class="card-header alert-danger" id="job_list___sub_heading_47_1"><button class="btn btn-outline-danger"><span class="job_id">47 : Job ID 3181e82ced4f4213826ee09b13e43161</span></button></div></a><div aria-labelledby="job_list___sub_heading_47_1" data-parent="#job_list___sub_accordion_47" class="collapse job_list___sub_multi_collapse" id="job_list___sub_collapse_47_1"><div class="card-body"><div class="work-item"><div class="alert alert-danger test-outcome" role="alert"><p>SURVIVED</p><p>worker outcome: normal</p><p>test outcome: survived</p></div></div><pre class="location"><a href="pycharm://open?file=queue2.py&amp;line=21" class="text-secondary"><button class="btn btn-outline-dark">queue2.py, start pos: (21, 32), end pos: (21, 36)</button></a></pre><pre>operator: core/ReplaceTrueWithFalse, occurrence: 0</pre><div class="alert alert-secondary"><pre class="diff">--- mutation diff ---
--- aqueue2.py
+++ bqueue2.py
@@ -18,7 +18,7 @@
             p1 = p1.next
             p2 = p2.next.next
             
-            if p1 == p2: return True
+            if p1 == p2: return False
         return False
 
 class LinkedList:</pre></div><div class="alert alert-secondary"><pre class="diff">============================= test session starts ==============================
platform linux -- Python 3.10.10, pytest-7.2.1, pluggy-1.0.0
rootdir: /home/auri/temp/lucca/python_experiments/queue2
collected 14 items

WHOLE_SUITE/test_queue2_WHOLE_SUITE.py ..............                    [100%]

============================== 14 passed in 0.17s ==============================
</pre></div></div></div></div></div><div class="mb-1" id="job_list___sub_accordion_48"><div class="card"><a data-toggle="collapse" data-target="#job_list___sub_collapse_48_1" aria-expanded="false" aria-controls="job_list___sub_collapse_48_1" href="#" class="job_list___sub_multi_heading"><div role="alert" class="card-header alert-success" id="job_list___sub_heading_48_1"><button class="btn btn-outline-success"><span class="job_id">48 : Job ID ea626361cfbd40c18654892fa51d865f</span></button></div></a><div aria-labelledby="job_list___sub_heading_48_1" data-parent="#job_list___sub_accordion_48" class="collapse job_list___sub_multi_collapse" id="job_list___sub_collapse_48_1"><div class="card-body"><div class="work-item"><div class="alert alert-success test-outcome" role="alert"><p>worker outcome: normal</p><p>test outcome: killed</p></div></div><pre class="location"><a href="pycharm://open?file=queue2.py&amp;line=53" class="text-secondary"><button class="btn btn-outline-dark">queue2.py, start pos: (53, 23), end pos: (53, 27)</button></a></pre><pre>operator: core/ReplaceTrueWithFalse, occurrence: 1</pre><div class="alert alert-secondary"><pre class="diff">--- mutation diff ---
--- aqueue2.py
+++ bqueue2.py
@@ -50,7 +50,7 @@
                     self.head = self.head.next
                 else:
                     last.next = n.next
-                return True
+                return False
             n = n.next
         return False
         </pre></div><div class="alert alert-secondary"><pre class="diff">============================= test session starts ==============================
platform linux -- Python 3.10.10, pytest-7.2.1, pluggy-1.0.0
rootdir: /home/auri/temp/lucca/python_experiments/queue2
collected 14 items

WHOLE_SUITE/test_queue2_WHOLE_SUITE.py ..........F...                    [100%]

=================================== FAILURES ===================================
_________________________________ test_case_10 _________________________________

    def test_case_10():
        int_0 = 200
        bool_0 = True
        list_0 = [int_0, bool_0, bool_0, int_0]
        queue_linked_list_0 = module_0.QueueLinkedList()
        assert len(queue_linked_list_0) == 0
        linked_list_0 = module_0.LinkedList(*list_0)
        assert len(linked_list_0) == 4
        var_0 = linked_list_0.remove(int_0)
&gt;       assert var_0 is True
E       assert False is True

WHOLE_SUITE/test_queue2_WHOLE_SUITE.py:131: AssertionError
=========================== short test summary info ============================
FAILED WHOLE_SUITE/test_queue2_WHOLE_SUITE.py::test_case_10 - assert False is...
========================= 1 failed, 13 passed in 0.18s =========================
</pre></div></div></div></div></div><div class="mb-1" id="job_list___sub_accordion_49"><div class="card"><a data-toggle="collapse" data-target="#job_list___sub_collapse_49_1" aria-expanded="false" aria-controls="job_list___sub_collapse_49_1" href="#" class="job_list___sub_multi_heading"><div role="alert" class="card-header alert-success" id="job_list___sub_heading_49_1"><button class="btn btn-outline-success"><span class="job_id">49 : Job ID b16f17b06290490bb9bc894277a5b53a</span></button></div></a><div aria-labelledby="job_list___sub_heading_49_1" data-parent="#job_list___sub_accordion_49" class="collapse job_list___sub_multi_collapse" id="job_list___sub_collapse_49_1"><div class="card-body"><div class="work-item"><div class="alert alert-success test-outcome" role="alert"><p>worker outcome: normal</p><p>test outcome: killed</p></div></div><pre class="location"><a href="pycharm://open?file=queue2.py&amp;line=16" class="text-secondary"><button class="btn btn-outline-dark">queue2.py, start pos: (16, 39), end pos: (16, 44)</button></a></pre><pre>operator: core/ReplaceFalseWithTrue, occurrence: 0</pre><div class="alert alert-secondary"><pre class="diff">--- mutation diff ---
--- aqueue2.py
+++ bqueue2.py
@@ -13,7 +13,7 @@
         """Check whether infinite loop via next."""
         p1 = p2 = self
         while p1 != None and p2 != None:
-            if p2.next == None: return False
+            if p2.next == None: return True
 
             p1 = p1.next
             p2 = p2.next.next</pre></div><div class="alert alert-secondary"><pre class="diff">============================= test session starts ==============================
platform linux -- Python 3.10.10, pytest-7.2.1, pluggy-1.0.0
rootdir: /home/auri/temp/lucca/python_experiments/queue2
collected 14 items

WHOLE_SUITE/test_queue2_WHOLE_SUITE.py ..F...........                    [100%]

=================================== FAILURES ===================================
_________________________________ test_case_2 __________________________________

    def test_case_2():
        bytes_0 = b''
        linked_node_0 = module_0.LinkedNode(bytes_0)
        queue_linked_list_0 = module_0.QueueLinkedList()
        assert len(queue_linked_list_0) == 0
        var_0 = queue_linked_list_0.isEmpty()
        assert var_0 is True
        var_1 = linked_node_0.checkInfinite()
&gt;       assert var_1 is False
E       assert True is False

WHOLE_SUITE/test_queue2_WHOLE_SUITE.py:41: AssertionError
=========================== short test summary info ============================
FAILED WHOLE_SUITE/test_queue2_WHOLE_SUITE.py::test_case_2 - assert True is F...
========================= 1 failed, 13 passed in 0.23s =========================
</pre></div></div></div></div></div><div class="mb-1" id="job_list___sub_accordion_50"><div class="card"><a data-toggle="collapse" data-target="#job_list___sub_collapse_50_1" aria-expanded="false" aria-controls="job_list___sub_collapse_50_1" href="#" class="job_list___sub_multi_heading"><div role="alert" class="card-header alert-danger" id="job_list___sub_heading_50_1"><button class="btn btn-outline-danger"><span class="job_id">50 : Job ID 4e6937f0cf47464bb94e1f00763dc2ba</span></button></div></a><div aria-labelledby="job_list___sub_heading_50_1" data-parent="#job_list___sub_accordion_50" class="collapse job_list___sub_multi_collapse" id="job_list___sub_collapse_50_1"><div class="card-body"><div class="work-item"><div class="alert alert-danger test-outcome" role="alert"><p>SURVIVED</p><p>worker outcome: normal</p><p>test outcome: survived</p></div></div><pre class="location"><a href="pycharm://open?file=queue2.py&amp;line=22" class="text-secondary"><button class="btn btn-outline-dark">queue2.py, start pos: (22, 15), end pos: (22, 20)</button></a></pre><pre>operator: core/ReplaceFalseWithTrue, occurrence: 1</pre><div class="alert alert-secondary"><pre class="diff">--- mutation diff ---
--- aqueue2.py
+++ bqueue2.py
@@ -19,7 +19,7 @@
             p2 = p2.next.next
             
             if p1 == p2: return True
-        return False
+        return True
 
 class LinkedList:
     def __init__(self, *start):</pre></div><div class="alert alert-secondary"><pre class="diff">============================= test session starts ==============================
platform linux -- Python 3.10.10, pytest-7.2.1, pluggy-1.0.0
rootdir: /home/auri/temp/lucca/python_experiments/queue2
collected 14 items

WHOLE_SUITE/test_queue2_WHOLE_SUITE.py ..............                    [100%]

============================== 14 passed in 0.27s ==============================
</pre></div></div></div></div></div><div class="mb-1" id="job_list___sub_accordion_51"><div class="card"><a data-toggle="collapse" data-target="#job_list___sub_collapse_51_1" aria-expanded="false" aria-controls="job_list___sub_collapse_51_1" href="#" class="job_list___sub_multi_heading"><div role="alert" class="card-header alert-success" id="job_list___sub_heading_51_1"><button class="btn btn-outline-success"><span class="job_id">51 : Job ID 2e1a1063ca3045b3ae9439c1caed7a92</span></button></div></a><div aria-labelledby="job_list___sub_heading_51_1" data-parent="#job_list___sub_accordion_51" class="collapse job_list___sub_multi_collapse" id="job_list___sub_collapse_51_1"><div class="card-body"><div class="work-item"><div class="alert alert-success test-outcome" role="alert"><p>worker outcome: normal</p><p>test outcome: killed</p></div></div><pre class="location"><a href="pycharm://open?file=queue2.py&amp;line=55" class="text-secondary"><button class="btn btn-outline-dark">queue2.py, start pos: (55, 15), end pos: (55, 20)</button></a></pre><pre>operator: core/ReplaceFalseWithTrue, occurrence: 2</pre><div class="alert alert-secondary"><pre class="diff">--- mutation diff ---
--- aqueue2.py
+++ bqueue2.py
@@ -52,7 +52,7 @@
                     last.next = n.next
                 return True
             n = n.next
-        return False
+        return True
         
     def __iter__(self):
         """Iterator of values in the list."""</pre></div><div class="alert alert-secondary"><pre class="diff">============================= test session starts ==============================
platform linux -- Python 3.10.10, pytest-7.2.1, pluggy-1.0.0
rootdir: /home/auri/temp/lucca/python_experiments/queue2
collected 14 items

WHOLE_SUITE/test_queue2_WHOLE_SUITE.py .F..F.....F...                    [100%]

=================================== FAILURES ===================================
_________________________________ test_case_1 __________________________________

    def test_case_1():
        linked_list_0 = module_0.LinkedList()
        assert len(linked_list_0) == 0
        linked_list_1 = module_0.LinkedList()
        assert len(linked_list_1) == 0
        var_0 = linked_list_1.__repr__()
        assert var_0 == 'link:[]'
        var_1 = var_0.__repr__()
        assert var_1 == "'link:[]'"
        var_2 = linked_list_1.__len__()
        assert var_2 == 0
        var_3 = linked_list_1.remove(var_2)
&gt;       assert var_3 is False
E       assert True is False

WHOLE_SUITE/test_queue2_WHOLE_SUITE.py:31: AssertionError
_________________________________ test_case_4 __________________________________

    def test_case_4():
        int_0 = 317
        list_0 = [int_0, int_0, int_0, int_0]
        linked_list_0 = module_0.LinkedList(*list_0)
        assert len(linked_list_0) == 4
        var_0 = linked_list_0.pop()
        assert var_0 == 317
        assert len(linked_list_0) == 3
        bool_0 = False
        var_1 = linked_list_0.remove(bool_0)
&gt;       assert var_1 is False
E       assert True is False

WHOLE_SUITE/test_queue2_WHOLE_SUITE.py:65: AssertionError
_________________________________ test_case_10 _________________________________

    def test_case_10():
        int_0 = 200
        bool_0 = True
        list_0 = [int_0, bool_0, bool_0, int_0]
        queue_linked_list_0 = module_0.QueueLinkedList()
        assert len(queue_linked_list_0) == 0
        linked_list_0 = module_0.LinkedList(*list_0)
        assert len(linked_list_0) == 4
        var_0 = linked_list_0.remove(int_0)
        assert var_0 is True
        assert len(linked_list_0) == 3
        var_1 = linked_list_0.prepend(list_0)
        assert len(linked_list_0) == 4
        var_2 = linked_list_0.__len__()
        assert var_2 == 4
        var_3 = linked_list_0.remove(var_0)
        assert var_3 is True
        assert len(linked_list_0) == 3
        var_4 = linked_list_0.remove(queue_linked_list_0)
&gt;       assert var_4 is False
E       assert True is False

WHOLE_SUITE/test_queue2_WHOLE_SUITE.py:141: AssertionError
=========================== short test summary info ============================
FAILED WHOLE_SUITE/test_queue2_WHOLE_SUITE.py::test_case_1 - assert True is F...
FAILED WHOLE_SUITE/test_queue2_WHOLE_SUITE.py::test_case_4 - assert True is F...
FAILED WHOLE_SUITE/test_queue2_WHOLE_SUITE.py::test_case_10 - assert True is ...
========================= 3 failed, 11 passed in 0.41s =========================
</pre></div></div></div></div></div><div class="mb-1" id="job_list___sub_accordion_52"><div class="card"><a data-toggle="collapse" data-target="#job_list___sub_collapse_52_1" aria-expanded="false" aria-controls="job_list___sub_collapse_52_1" href="#" class="job_list___sub_multi_heading"><div role="alert" class="card-header alert-danger" id="job_list___sub_heading_52_1"><button class="btn btn-outline-danger"><span class="job_id">52 : Job ID 49832830fbd34ff5bf2ae7d01882d38e</span></button></div></a><div aria-labelledby="job_list___sub_heading_52_1" data-parent="#job_list___sub_accordion_52" class="collapse job_list___sub_multi_collapse" id="job_list___sub_collapse_52_1"><div class="card-body"><div class="work-item"><div class="alert alert-danger test-outcome" role="alert"><p>SURVIVED</p><p>worker outcome: normal</p><p>test outcome: survived</p></div></div><pre class="location"><a href="pycharm://open?file=queue2.py&amp;line=15" class="text-secondary"><button class="btn btn-outline-dark">queue2.py, start pos: (15, 25), end pos: (15, 28)</button></a></pre><pre>operator: core/ReplaceAndWithOr, occurrence: 0</pre><div class="alert alert-secondary"><pre class="diff">--- mutation diff ---
--- aqueue2.py
+++ bqueue2.py
@@ -12,7 +12,7 @@
     def checkInfinite(self):
         """Check whether infinite loop via next."""
         p1 = p2 = self
-        while p1 != None and p2 != None:
+        while p1 != None or p2 != None:
             if p2.next == None: return False
 
             p1 = p1.next</pre></div><div class="alert alert-secondary"><pre class="diff">============================= test session starts ==============================
platform linux -- Python 3.10.10, pytest-7.2.1, pluggy-1.0.0
rootdir: /home/auri/temp/lucca/python_experiments/queue2
collected 14 items

WHOLE_SUITE/test_queue2_WHOLE_SUITE.py ..............                    [100%]

============================== 14 passed in 0.28s ==============================
</pre></div></div></div></div></div><div class="mb-1" id="job_list___sub_accordion_53"><div class="card"><a data-toggle="collapse" data-target="#job_list___sub_collapse_53_1" aria-expanded="false" aria-controls="job_list___sub_collapse_53_1" href="#" class="job_list___sub_multi_heading"><div role="alert" class="card-header alert-success" id="job_list___sub_heading_53_1"><button class="btn btn-outline-success"><span class="job_id">53 : Job ID 7af3a25cc44d42a7a0e97b41d9086209</span></button></div></a><div aria-labelledby="job_list___sub_heading_53_1" data-parent="#job_list___sub_accordion_53" class="collapse job_list___sub_multi_collapse" id="job_list___sub_collapse_53_1"><div class="card-body"><div class="work-item"><div class="alert alert-success test-outcome" role="alert"><p>worker outcome: normal</p><p>test outcome: killed</p></div></div><pre class="location"><a href="pycharm://open?file=queue2.py&amp;line=74" class="text-secondary"><button class="btn btn-outline-dark">queue2.py, start pos: (74, 16), end pos: (74, 17)</button></a></pre><pre>operator: core/NumberReplacer, occurrence: 0</pre><div class="alert alert-secondary"><pre class="diff">--- mutation diff ---
--- aqueue2.py
+++ bqueue2.py
@@ -71,7 +71,7 @@
     def __len__(self):
         """Count values in list."""
         n = self.head
-        count = 0
+        count = 1
         while n != None:
             count += 1
             n = n.next</pre></div><div class="alert alert-secondary"><pre class="diff">============================= test session starts ==============================
platform linux -- Python 3.10.10, pytest-7.2.1, pluggy-1.0.0
rootdir: /home/auri/temp/lucca/python_experiments/queue2
collected 14 items

WHOLE_SUITE/test_queue2_WHOLE_SUITE.py .FF.F....FF.FF                    [100%]

=================================== FAILURES ===================================
_________________________________ test_case_1 __________________________________

    def test_case_1():
        linked_list_0 = module_0.LinkedList()
&gt;       assert len(linked_list_0) == 0
E       assert 1 == 0
E        +  where 1 = len(link:[])

WHOLE_SUITE/test_queue2_WHOLE_SUITE.py:21: AssertionError
_________________________________ test_case_2 __________________________________

    def test_case_2():
        bytes_0 = b''
        linked_node_0 = module_0.LinkedNode(bytes_0)
        queue_linked_list_0 = module_0.QueueLinkedList()
        assert len(queue_linked_list_0) == 0
        var_0 = queue_linked_list_0.isEmpty()
        assert var_0 is True
        var_1 = linked_node_0.checkInfinite()
        assert var_1 is False
        var_2 = bytes_0.__repr__()
        linked_list_0 = module_0.LinkedList()
&gt;       assert len(linked_list_0) == 0
E       assert 1 == 0
E        +  where 1 = len(link:[])

WHOLE_SUITE/test_queue2_WHOLE_SUITE.py:44: AssertionError
_________________________________ test_case_4 __________________________________

    def test_case_4():
        int_0 = 317
        list_0 = [int_0, int_0, int_0, int_0]
        linked_list_0 = module_0.LinkedList(*list_0)
&gt;       assert len(linked_list_0) == 4
E       assert 5 == 4
E        +  where 5 = len(link:[317,317,317,317])

WHOLE_SUITE/test_queue2_WHOLE_SUITE.py:59: AssertionError
_________________________________ test_case_9 __________________________________

    def test_case_9():
        linked_list_0 = module_0.LinkedList()
&gt;       assert len(linked_list_0) == 0
E       assert 1 == 0
E        +  where 1 = len(link:[])

WHOLE_SUITE/test_queue2_WHOLE_SUITE.py:115: AssertionError
_________________________________ test_case_10 _________________________________

    def test_case_10():
        int_0 = 200
        bool_0 = True
        list_0 = [int_0, bool_0, bool_0, int_0]
        queue_linked_list_0 = module_0.QueueLinkedList()
        assert len(queue_linked_list_0) == 0
        linked_list_0 = module_0.LinkedList(*list_0)
&gt;       assert len(linked_list_0) == 4
E       assert 5 == 4
E        +  where 5 = len(link:[200,True,True,200])

WHOLE_SUITE/test_queue2_WHOLE_SUITE.py:129: AssertionError
_________________________________ test_case_12 _________________________________

    def test_case_12():
        queue_linked_list_0 = module_0.QueueLinkedList()
        assert len(queue_linked_list_0) == 0
        bool_0 = False
        var_0 = queue_linked_list_0.append(bool_0)
        assert len(queue_linked_list_0) == 1
        none_type_0 = None
        var_1 = queue_linked_list_0.append(none_type_0)
        assert len(queue_linked_list_0) == 2
        linked_list_0 = module_0.LinkedList()
&gt;       assert len(linked_list_0) == 0
E       assert 1 == 0
E        +  where 1 = len(link:[])

WHOLE_SUITE/test_queue2_WHOLE_SUITE.py:158: AssertionError
_________________________________ test_case_13 _________________________________

    def test_case_13():
        linked_list_0 = module_0.LinkedList()
&gt;       assert len(linked_list_0) == 0
E       assert 1 == 0
E        +  where 1 = len(link:[])

WHOLE_SUITE/test_queue2_WHOLE_SUITE.py:169: AssertionError
=========================== short test summary info ============================
FAILED WHOLE_SUITE/test_queue2_WHOLE_SUITE.py::test_case_1 - assert 1 == 0
FAILED WHOLE_SUITE/test_queue2_WHOLE_SUITE.py::test_case_2 - assert 1 == 0
FAILED WHOLE_SUITE/test_queue2_WHOLE_SUITE.py::test_case_4 - assert 5 == 4
FAILED WHOLE_SUITE/test_queue2_WHOLE_SUITE.py::test_case_9 - assert 1 == 0
FAILED WHOLE_SUITE/test_queue2_WHOLE_SUITE.py::test_case_10 - assert 5 == 4
FAILED WHOLE_SUITE/test_queue2_WHOLE_SUITE.py::test_case_12 - assert 1 == 0
FAILED WHOLE_SUITE/test_queue2_WHOLE_SUITE.py::test_case_13 - assert 1 == 0
========================= 7 failed, 7 passed in 0.44s ==========================
</pre></div></div></div></div></div><div class="mb-1" id="job_list___sub_accordion_54"><div class="card"><a data-toggle="collapse" data-target="#job_list___sub_collapse_54_1" aria-expanded="false" aria-controls="job_list___sub_collapse_54_1" href="#" class="job_list___sub_multi_heading"><div role="alert" class="card-header alert-success" id="job_list___sub_heading_54_1"><button class="btn btn-outline-success"><span class="job_id">54 : Job ID 7d6811a6993044c4930e02e9439d3a8c</span></button></div></a><div aria-labelledby="job_list___sub_heading_54_1" data-parent="#job_list___sub_accordion_54" class="collapse job_list___sub_multi_collapse" id="job_list___sub_collapse_54_1"><div class="card-body"><div class="work-item"><div class="alert alert-success test-outcome" role="alert"><p>worker outcome: normal</p><p>test outcome: killed</p></div></div><pre class="location"><a href="pycharm://open?file=queue2.py&amp;line=74" class="text-secondary"><button class="btn btn-outline-dark">queue2.py, start pos: (74, 16), end pos: (74, 17)</button></a></pre><pre>operator: core/NumberReplacer, occurrence: 1</pre><div class="alert alert-secondary"><pre class="diff">--- mutation diff ---
--- aqueue2.py
+++ bqueue2.py
@@ -71,7 +71,7 @@
     def __len__(self):
         """Count values in list."""
         n = self.head
-        count = 0
+        count = -1
         while n != None:
             count += 1
             n = n.next</pre></div><div class="alert alert-secondary"><pre class="diff">============================= test session starts ==============================
platform linux -- Python 3.10.10, pytest-7.2.1, pluggy-1.0.0
rootdir: /home/auri/temp/lucca/python_experiments/queue2
collected 14 items

WHOLE_SUITE/test_queue2_WHOLE_SUITE.py .FF.F....FF.FF                    [100%]

=================================== FAILURES ===================================
_________________________________ test_case_1 __________________________________

    def test_case_1():
        linked_list_0 = module_0.LinkedList()
&gt;       assert len(linked_list_0) == 0
E       ValueError: __len__() should return &gt;= 0

WHOLE_SUITE/test_queue2_WHOLE_SUITE.py:21: ValueError
_________________________________ test_case_2 __________________________________

    def test_case_2():
        bytes_0 = b''
        linked_node_0 = module_0.LinkedNode(bytes_0)
        queue_linked_list_0 = module_0.QueueLinkedList()
        assert len(queue_linked_list_0) == 0
        var_0 = queue_linked_list_0.isEmpty()
        assert var_0 is True
        var_1 = linked_node_0.checkInfinite()
        assert var_1 is False
        var_2 = bytes_0.__repr__()
        linked_list_0 = module_0.LinkedList()
&gt;       assert len(linked_list_0) == 0
E       ValueError: __len__() should return &gt;= 0

WHOLE_SUITE/test_queue2_WHOLE_SUITE.py:44: ValueError
_________________________________ test_case_4 __________________________________

    def test_case_4():
        int_0 = 317
        list_0 = [int_0, int_0, int_0, int_0]
        linked_list_0 = module_0.LinkedList(*list_0)
&gt;       assert len(linked_list_0) == 4
E       assert 3 == 4
E        +  where 3 = len(link:[317,317,317,317])

WHOLE_SUITE/test_queue2_WHOLE_SUITE.py:59: AssertionError
_________________________________ test_case_9 __________________________________

    def test_case_9():
        linked_list_0 = module_0.LinkedList()
&gt;       assert len(linked_list_0) == 0
E       ValueError: __len__() should return &gt;= 0

WHOLE_SUITE/test_queue2_WHOLE_SUITE.py:115: ValueError
_________________________________ test_case_10 _________________________________

    def test_case_10():
        int_0 = 200
        bool_0 = True
        list_0 = [int_0, bool_0, bool_0, int_0]
        queue_linked_list_0 = module_0.QueueLinkedList()
        assert len(queue_linked_list_0) == 0
        linked_list_0 = module_0.LinkedList(*list_0)
&gt;       assert len(linked_list_0) == 4
E       assert 3 == 4
E        +  where 3 = len(link:[200,True,True,200])

WHOLE_SUITE/test_queue2_WHOLE_SUITE.py:129: AssertionError
_________________________________ test_case_12 _________________________________

    def test_case_12():
        queue_linked_list_0 = module_0.QueueLinkedList()
        assert len(queue_linked_list_0) == 0
        bool_0 = False
        var_0 = queue_linked_list_0.append(bool_0)
        assert len(queue_linked_list_0) == 1
        none_type_0 = None
        var_1 = queue_linked_list_0.append(none_type_0)
        assert len(queue_linked_list_0) == 2
        linked_list_0 = module_0.LinkedList()
&gt;       assert len(linked_list_0) == 0
E       ValueError: __len__() should return &gt;= 0

WHOLE_SUITE/test_queue2_WHOLE_SUITE.py:158: ValueError
_________________________________ test_case_13 _________________________________

    def test_case_13():
        linked_list_0 = module_0.LinkedList()
&gt;       assert len(linked_list_0) == 0
E       ValueError: __len__() should return &gt;= 0

WHOLE_SUITE/test_queue2_WHOLE_SUITE.py:169: ValueError
=========================== short test summary info ============================
FAILED WHOLE_SUITE/test_queue2_WHOLE_SUITE.py::test_case_1 - ValueError: __le...
FAILED WHOLE_SUITE/test_queue2_WHOLE_SUITE.py::test_case_2 - ValueError: __le...
FAILED WHOLE_SUITE/test_queue2_WHOLE_SUITE.py::test_case_4 - assert 3 == 4
FAILED WHOLE_SUITE/test_queue2_WHOLE_SUITE.py::test_case_9 - ValueError: __le...
FAILED WHOLE_SUITE/test_queue2_WHOLE_SUITE.py::test_case_10 - assert 3 == 4
FAILED WHOLE_SUITE/test_queue2_WHOLE_SUITE.py::test_case_12 - ValueError: __l...
FAILED WHOLE_SUITE/test_queue2_WHOLE_SUITE.py::test_case_13 - ValueError: __l...
========================= 7 failed, 7 passed in 0.35s ==========================
</pre></div></div></div></div></div><div class="mb-1" id="job_list___sub_accordion_55"><div class="card"><a data-toggle="collapse" data-target="#job_list___sub_collapse_55_1" aria-expanded="false" aria-controls="job_list___sub_collapse_55_1" href="#" class="job_list___sub_multi_heading"><div role="alert" class="card-header alert-success" id="job_list___sub_heading_55_1"><button class="btn btn-outline-success"><span class="job_id">55 : Job ID d1147c4444c24e0faf5f32435ad80483</span></button></div></a><div aria-labelledby="job_list___sub_heading_55_1" data-parent="#job_list___sub_accordion_55" class="collapse job_list___sub_multi_collapse" id="job_list___sub_collapse_55_1"><div class="card-body"><div class="work-item"><div class="alert alert-success test-outcome" role="alert"><p>worker outcome: normal</p><p>test outcome: killed</p></div></div><pre class="location"><a href="pycharm://open?file=queue2.py&amp;line=76" class="text-secondary"><button class="btn btn-outline-dark">queue2.py, start pos: (76, 21), end pos: (76, 22)</button></a></pre><pre>operator: core/NumberReplacer, occurrence: 2</pre><div class="alert alert-secondary"><pre class="diff">--- mutation diff ---
--- aqueue2.py
+++ bqueue2.py
@@ -73,7 +73,7 @@
         n = self.head
         count = 0
         while n != None:
-            count += 1
+            count += 2
             n = n.next
         return count
     </pre></div><div class="alert alert-secondary"><pre class="diff">============================= test session starts ==============================
platform linux -- Python 3.10.10, pytest-7.2.1, pluggy-1.0.0
rootdir: /home/auri/temp/lucca/python_experiments/queue2
collected 14 items

WHOLE_SUITE/test_queue2_WHOLE_SUITE.py ....F.....F.F.                    [100%]

=================================== FAILURES ===================================
_________________________________ test_case_4 __________________________________

    def test_case_4():
        int_0 = 317
        list_0 = [int_0, int_0, int_0, int_0]
        linked_list_0 = module_0.LinkedList(*list_0)
&gt;       assert len(linked_list_0) == 4
E       assert 8 == 4
E        +  where 8 = len(link:[317,317,317,317])

WHOLE_SUITE/test_queue2_WHOLE_SUITE.py:59: AssertionError
_________________________________ test_case_10 _________________________________

    def test_case_10():
        int_0 = 200
        bool_0 = True
        list_0 = [int_0, bool_0, bool_0, int_0]
        queue_linked_list_0 = module_0.QueueLinkedList()
        assert len(queue_linked_list_0) == 0
        linked_list_0 = module_0.LinkedList(*list_0)
&gt;       assert len(linked_list_0) == 4
E       assert 8 == 4
E        +  where 8 = len(link:[200,True,True,200])

WHOLE_SUITE/test_queue2_WHOLE_SUITE.py:129: AssertionError
_________________________________ test_case_12 _________________________________

    def test_case_12():
        queue_linked_list_0 = module_0.QueueLinkedList()
        assert len(queue_linked_list_0) == 0
        bool_0 = False
        var_0 = queue_linked_list_0.append(bool_0)
        assert len(queue_linked_list_0) == 1
        none_type_0 = None
        var_1 = queue_linked_list_0.append(none_type_0)
        assert len(queue_linked_list_0) == 2
        linked_list_0 = module_0.LinkedList()
        assert len(linked_list_0) == 0
        var_2 = queue_linked_list_0.__repr__()
        assert var_2 == 'queue:[False,None]'
        var_3 = linked_list_0.prepend(none_type_0)
&gt;       assert len(linked_list_0) == 1
E       assert 2 == 1
E        +  where 2 = len(link:[None])

WHOLE_SUITE/test_queue2_WHOLE_SUITE.py:162: AssertionError
=========================== short test summary info ============================
FAILED WHOLE_SUITE/test_queue2_WHOLE_SUITE.py::test_case_4 - assert 8 == 4
FAILED WHOLE_SUITE/test_queue2_WHOLE_SUITE.py::test_case_10 - assert 8 == 4
FAILED WHOLE_SUITE/test_queue2_WHOLE_SUITE.py::test_case_12 - assert 2 == 1
========================= 3 failed, 11 passed in 0.40s =========================
</pre></div></div></div></div></div><div class="mb-1" id="job_list___sub_accordion_56"><div class="card"><a data-toggle="collapse" data-target="#job_list___sub_collapse_56_1" aria-expanded="false" aria-controls="job_list___sub_collapse_56_1" href="#" class="job_list___sub_multi_heading"><div role="alert" class="card-header alert-success" id="job_list___sub_heading_56_1"><button class="btn btn-outline-success"><span class="job_id">56 : Job ID 0bcc380e8e614020bf9aca39908501a5</span></button></div></a><div aria-labelledby="job_list___sub_heading_56_1" data-parent="#job_list___sub_accordion_56" class="collapse job_list___sub_multi_collapse" id="job_list___sub_collapse_56_1"><div class="card-body"><div class="work-item"><div class="alert alert-success test-outcome" role="alert"><p>worker outcome: normal</p><p>test outcome: killed</p></div></div><pre class="location"><a href="pycharm://open?file=queue2.py&amp;line=76" class="text-secondary"><button class="btn btn-outline-dark">queue2.py, start pos: (76, 21), end pos: (76, 22)</button></a></pre><pre>operator: core/NumberReplacer, occurrence: 3</pre><div class="alert alert-secondary"><pre class="diff">--- mutation diff ---
--- aqueue2.py
+++ bqueue2.py
@@ -73,7 +73,7 @@
         n = self.head
         count = 0
         while n != None:
-            count += 1
+            count += 0
             n = n.next
         return count
     </pre></div><div class="alert alert-secondary"><pre class="diff">============================= test session starts ==============================
platform linux -- Python 3.10.10, pytest-7.2.1, pluggy-1.0.0
rootdir: /home/auri/temp/lucca/python_experiments/queue2
collected 14 items

WHOLE_SUITE/test_queue2_WHOLE_SUITE.py ....F.....F.F.                    [100%]

=================================== FAILURES ===================================
_________________________________ test_case_4 __________________________________

    def test_case_4():
        int_0 = 317
        list_0 = [int_0, int_0, int_0, int_0]
        linked_list_0 = module_0.LinkedList(*list_0)
&gt;       assert len(linked_list_0) == 4
E       assert 0 == 4
E        +  where 0 = len(link:[317,317,317,317])

WHOLE_SUITE/test_queue2_WHOLE_SUITE.py:59: AssertionError
_________________________________ test_case_10 _________________________________

    def test_case_10():
        int_0 = 200
        bool_0 = True
        list_0 = [int_0, bool_0, bool_0, int_0]
        queue_linked_list_0 = module_0.QueueLinkedList()
        assert len(queue_linked_list_0) == 0
        linked_list_0 = module_0.LinkedList(*list_0)
&gt;       assert len(linked_list_0) == 4
E       assert 0 == 4
E        +  where 0 = len(link:[200,True,True,200])

WHOLE_SUITE/test_queue2_WHOLE_SUITE.py:129: AssertionError
_________________________________ test_case_12 _________________________________

    def test_case_12():
        queue_linked_list_0 = module_0.QueueLinkedList()
        assert len(queue_linked_list_0) == 0
        bool_0 = False
        var_0 = queue_linked_list_0.append(bool_0)
        assert len(queue_linked_list_0) == 1
        none_type_0 = None
        var_1 = queue_linked_list_0.append(none_type_0)
        assert len(queue_linked_list_0) == 2
        linked_list_0 = module_0.LinkedList()
        assert len(linked_list_0) == 0
        var_2 = queue_linked_list_0.__repr__()
        assert var_2 == 'queue:[False,None]'
        var_3 = linked_list_0.prepend(none_type_0)
&gt;       assert len(linked_list_0) == 1
E       assert 0 == 1
E        +  where 0 = len(link:[None])

WHOLE_SUITE/test_queue2_WHOLE_SUITE.py:162: AssertionError
=========================== short test summary info ============================
FAILED WHOLE_SUITE/test_queue2_WHOLE_SUITE.py::test_case_4 - assert 0 == 4
FAILED WHOLE_SUITE/test_queue2_WHOLE_SUITE.py::test_case_10 - assert 0 == 4
FAILED WHOLE_SUITE/test_queue2_WHOLE_SUITE.py::test_case_12 - assert 0 == 1
========================= 3 failed, 11 passed in 0.40s =========================
</pre></div></div></div></div></div><div class="mb-1" id="job_list___sub_accordion_57"><div class="card"><a data-toggle="collapse" data-target="#job_list___sub_collapse_57_1" aria-expanded="false" aria-controls="job_list___sub_collapse_57_1" href="#" class="job_list___sub_multi_heading"><div role="alert" class="card-header alert-success" id="job_list___sub_heading_57_1"><button class="btn btn-outline-success"><span class="job_id">57 : Job ID ce9167079fd548d3b5bf23704422a1ee</span></button></div></a><div aria-labelledby="job_list___sub_heading_57_1" data-parent="#job_list___sub_accordion_57" class="collapse job_list___sub_multi_collapse" id="job_list___sub_collapse_57_1"><div class="card-body"><div class="work-item"><div class="alert alert-success test-outcome" role="alert"><p>worker outcome: normal</p><p>test outcome: killed</p></div></div><pre class="location"><a href="pycharm://open?file=queue2.py&amp;line=128" class="text-secondary"><button class="btn btn-outline-dark">queue2.py, start pos: (128, 16), end pos: (128, 17)</button></a></pre><pre>operator: core/NumberReplacer, occurrence: 4</pre><div class="alert alert-secondary"><pre class="diff">--- mutation diff ---
--- aqueue2.py
+++ bqueue2.py
@@ -125,7 +125,7 @@
     def __len__(self):
         """Count values in queue."""
         n = self.head
-        count = 0
+        count = 1
         while n != None:
             count += 1
             n = n.next</pre></div><div class="alert alert-secondary"><pre class="diff">============================= test session starts ==============================
platform linux -- Python 3.10.10, pytest-7.2.1, pluggy-1.0.0
rootdir: /home/auri/temp/lucca/python_experiments/queue2
collected 14 items

WHOLE_SUITE/test_queue2_WHOLE_SUITE.py F.F..FFF..F.FF                    [100%]

=================================== FAILURES ===================================
_________________________________ test_case_0 __________________________________

    def test_case_0():
        queue_linked_list_0 = module_0.QueueLinkedList()
&gt;       assert len(queue_linked_list_0) == 0
E       assert 1 == 0
E        +  where 1 = len(queue:[])

WHOLE_SUITE/test_queue2_WHOLE_SUITE.py:7: AssertionError
_________________________________ test_case_2 __________________________________

    def test_case_2():
        bytes_0 = b''
        linked_node_0 = module_0.LinkedNode(bytes_0)
        queue_linked_list_0 = module_0.QueueLinkedList()
&gt;       assert len(queue_linked_list_0) == 0
E       assert 1 == 0
E        +  where 1 = len(queue:[])

WHOLE_SUITE/test_queue2_WHOLE_SUITE.py:37: AssertionError
_________________________________ test_case_5 __________________________________

    def test_case_5():
        queue_linked_list_0 = module_0.QueueLinkedList()
&gt;       assert len(queue_linked_list_0) == 0
E       assert 1 == 0
E        +  where 1 = len(queue:[])

WHOLE_SUITE/test_queue2_WHOLE_SUITE.py:72: AssertionError
_________________________________ test_case_6 __________________________________

    def test_case_6():
        bool_0 = True
        list_0 = [bool_0]
        linked_node_0 = module_0.LinkedNode(list_0)
        queue_linked_list_0 = module_0.QueueLinkedList()
&gt;       assert len(queue_linked_list_0) == 0
E       assert 1 == 0
E        +  where 1 = len(queue:[])

WHOLE_SUITE/test_queue2_WHOLE_SUITE.py:88: AssertionError
_________________________________ test_case_7 __________________________________

    def test_case_7():
        queue_linked_list_0 = module_0.QueueLinkedList()
&gt;       assert len(queue_linked_list_0) == 0
E       assert 1 == 0
E        +  where 1 = len(queue:[])

WHOLE_SUITE/test_queue2_WHOLE_SUITE.py:94: AssertionError
_________________________________ test_case_10 _________________________________

    def test_case_10():
        int_0 = 200
        bool_0 = True
        list_0 = [int_0, bool_0, bool_0, int_0]
        queue_linked_list_0 = module_0.QueueLinkedList()
&gt;       assert len(queue_linked_list_0) == 0
E       assert 1 == 0
E        +  where 1 = len(queue:[])

WHOLE_SUITE/test_queue2_WHOLE_SUITE.py:127: AssertionError
_________________________________ test_case_12 _________________________________

    def test_case_12():
        queue_linked_list_0 = module_0.QueueLinkedList()
&gt;       assert len(queue_linked_list_0) == 0
E       assert 1 == 0
E        +  where 1 = len(queue:[])

WHOLE_SUITE/test_queue2_WHOLE_SUITE.py:150: AssertionError
_________________________________ test_case_13 _________________________________

    def test_case_13():
        linked_list_0 = module_0.LinkedList()
        assert len(linked_list_0) == 0
        var_0 = linked_list_0.__repr__()
        assert var_0 == 'link:[]'
        queue_linked_list_0 = module_0.QueueLinkedList()
&gt;       assert len(queue_linked_list_0) == 0
E       assert 1 == 0
E        +  where 1 = len(queue:[])

WHOLE_SUITE/test_queue2_WHOLE_SUITE.py:173: AssertionError
=========================== short test summary info ============================
FAILED WHOLE_SUITE/test_queue2_WHOLE_SUITE.py::test_case_0 - assert 1 == 0
FAILED WHOLE_SUITE/test_queue2_WHOLE_SUITE.py::test_case_2 - assert 1 == 0
FAILED WHOLE_SUITE/test_queue2_WHOLE_SUITE.py::test_case_5 - assert 1 == 0
FAILED WHOLE_SUITE/test_queue2_WHOLE_SUITE.py::test_case_6 - assert 1 == 0
FAILED WHOLE_SUITE/test_queue2_WHOLE_SUITE.py::test_case_7 - assert 1 == 0
FAILED WHOLE_SUITE/test_queue2_WHOLE_SUITE.py::test_case_10 - assert 1 == 0
FAILED WHOLE_SUITE/test_queue2_WHOLE_SUITE.py::test_case_12 - assert 1 == 0
FAILED WHOLE_SUITE/test_queue2_WHOLE_SUITE.py::test_case_13 - assert 1 == 0
========================= 8 failed, 6 passed in 0.34s ==========================
</pre></div></div></div></div></div><div class="mb-1" id="job_list___sub_accordion_58"><div class="card"><a data-toggle="collapse" data-target="#job_list___sub_collapse_58_1" aria-expanded="false" aria-controls="job_list___sub_collapse_58_1" href="#" class="job_list___sub_multi_heading"><div role="alert" class="card-header alert-success" id="job_list___sub_heading_58_1"><button class="btn btn-outline-success"><span class="job_id">58 : Job ID 1e1bf103cc404fb9a77000c639e7d638</span></button></div></a><div aria-labelledby="job_list___sub_heading_58_1" data-parent="#job_list___sub_accordion_58" class="collapse job_list___sub_multi_collapse" id="job_list___sub_collapse_58_1"><div class="card-body"><div class="work-item"><div class="alert alert-success test-outcome" role="alert"><p>worker outcome: normal</p><p>test outcome: killed</p></div></div><pre class="location"><a href="pycharm://open?file=queue2.py&amp;line=128" class="text-secondary"><button class="btn btn-outline-dark">queue2.py, start pos: (128, 16), end pos: (128, 17)</button></a></pre><pre>operator: core/NumberReplacer, occurrence: 5</pre><div class="alert alert-secondary"><pre class="diff">--- mutation diff ---
--- aqueue2.py
+++ bqueue2.py
@@ -125,7 +125,7 @@
     def __len__(self):
         """Count values in queue."""
         n = self.head
-        count = 0
+        count = -1
         while n != None:
             count += 1
             n = n.next</pre></div><div class="alert alert-secondary"><pre class="diff">============================= test session starts ==============================
platform linux -- Python 3.10.10, pytest-7.2.1, pluggy-1.0.0
rootdir: /home/auri/temp/lucca/python_experiments/queue2
collected 14 items

WHOLE_SUITE/test_queue2_WHOLE_SUITE.py F.F..FFF..F.FF                    [100%]

=================================== FAILURES ===================================
_________________________________ test_case_0 __________________________________

    def test_case_0():
        queue_linked_list_0 = module_0.QueueLinkedList()
&gt;       assert len(queue_linked_list_0) == 0
E       ValueError: __len__() should return &gt;= 0

WHOLE_SUITE/test_queue2_WHOLE_SUITE.py:7: ValueError
_________________________________ test_case_2 __________________________________

    def test_case_2():
        bytes_0 = b''
        linked_node_0 = module_0.LinkedNode(bytes_0)
        queue_linked_list_0 = module_0.QueueLinkedList()
&gt;       assert len(queue_linked_list_0) == 0
E       ValueError: __len__() should return &gt;= 0

WHOLE_SUITE/test_queue2_WHOLE_SUITE.py:37: ValueError
_________________________________ test_case_5 __________________________________

    def test_case_5():
        queue_linked_list_0 = module_0.QueueLinkedList()
&gt;       assert len(queue_linked_list_0) == 0
E       ValueError: __len__() should return &gt;= 0

WHOLE_SUITE/test_queue2_WHOLE_SUITE.py:72: ValueError
_________________________________ test_case_6 __________________________________

    def test_case_6():
        bool_0 = True
        list_0 = [bool_0]
        linked_node_0 = module_0.LinkedNode(list_0)
        queue_linked_list_0 = module_0.QueueLinkedList()
&gt;       assert len(queue_linked_list_0) == 0
E       ValueError: __len__() should return &gt;= 0

WHOLE_SUITE/test_queue2_WHOLE_SUITE.py:88: ValueError
_________________________________ test_case_7 __________________________________

    def test_case_7():
        queue_linked_list_0 = module_0.QueueLinkedList()
&gt;       assert len(queue_linked_list_0) == 0
E       ValueError: __len__() should return &gt;= 0

WHOLE_SUITE/test_queue2_WHOLE_SUITE.py:94: ValueError
_________________________________ test_case_10 _________________________________

    def test_case_10():
        int_0 = 200
        bool_0 = True
        list_0 = [int_0, bool_0, bool_0, int_0]
        queue_linked_list_0 = module_0.QueueLinkedList()
&gt;       assert len(queue_linked_list_0) == 0
E       ValueError: __len__() should return &gt;= 0

WHOLE_SUITE/test_queue2_WHOLE_SUITE.py:127: ValueError
_________________________________ test_case_12 _________________________________

    def test_case_12():
        queue_linked_list_0 = module_0.QueueLinkedList()
&gt;       assert len(queue_linked_list_0) == 0
E       ValueError: __len__() should return &gt;= 0

WHOLE_SUITE/test_queue2_WHOLE_SUITE.py:150: ValueError
_________________________________ test_case_13 _________________________________

    def test_case_13():
        linked_list_0 = module_0.LinkedList()
        assert len(linked_list_0) == 0
        var_0 = linked_list_0.__repr__()
        assert var_0 == 'link:[]'
        queue_linked_list_0 = module_0.QueueLinkedList()
&gt;       assert len(queue_linked_list_0) == 0
E       ValueError: __len__() should return &gt;= 0

WHOLE_SUITE/test_queue2_WHOLE_SUITE.py:173: ValueError
=========================== short test summary info ============================
FAILED WHOLE_SUITE/test_queue2_WHOLE_SUITE.py::test_case_0 - ValueError: __le...
FAILED WHOLE_SUITE/test_queue2_WHOLE_SUITE.py::test_case_2 - ValueError: __le...
FAILED WHOLE_SUITE/test_queue2_WHOLE_SUITE.py::test_case_5 - ValueError: __le...
FAILED WHOLE_SUITE/test_queue2_WHOLE_SUITE.py::test_case_6 - ValueError: __le...
FAILED WHOLE_SUITE/test_queue2_WHOLE_SUITE.py::test_case_7 - ValueError: __le...
FAILED WHOLE_SUITE/test_queue2_WHOLE_SUITE.py::test_case_10 - ValueError: __l...
FAILED WHOLE_SUITE/test_queue2_WHOLE_SUITE.py::test_case_12 - ValueError: __l...
FAILED WHOLE_SUITE/test_queue2_WHOLE_SUITE.py::test_case_13 - ValueError: __l...
========================= 8 failed, 6 passed in 0.48s ==========================
</pre></div></div></div></div></div><div class="mb-1" id="job_list___sub_accordion_59"><div class="card"><a data-toggle="collapse" data-target="#job_list___sub_collapse_59_1" aria-expanded="false" aria-controls="job_list___sub_collapse_59_1" href="#" class="job_list___sub_multi_heading"><div role="alert" class="card-header alert-success" id="job_list___sub_heading_59_1"><button class="btn btn-outline-success"><span class="job_id">59 : Job ID 1d1d668177634695901119749c299e29</span></button></div></a><div aria-labelledby="job_list___sub_heading_59_1" data-parent="#job_list___sub_accordion_59" class="collapse job_list___sub_multi_collapse" id="job_list___sub_collapse_59_1"><div class="card-body"><div class="work-item"><div class="alert alert-success test-outcome" role="alert"><p>worker outcome: normal</p><p>test outcome: killed</p></div></div><pre class="location"><a href="pycharm://open?file=queue2.py&amp;line=130" class="text-secondary"><button class="btn btn-outline-dark">queue2.py, start pos: (130, 21), end pos: (130, 22)</button></a></pre><pre>operator: core/NumberReplacer, occurrence: 6</pre><div class="alert alert-secondary"><pre class="diff">--- mutation diff ---
--- aqueue2.py
+++ bqueue2.py
@@ -127,7 +127,7 @@
         n = self.head
         count = 0
         while n != None:
-            count += 1
+            count += 2
             n = n.next
         return count
 </pre></div><div class="alert alert-secondary"><pre class="diff">============================= test session starts ==============================
platform linux -- Python 3.10.10, pytest-7.2.1, pluggy-1.0.0
rootdir: /home/auri/temp/lucca/python_experiments/queue2
collected 14 items

WHOLE_SUITE/test_queue2_WHOLE_SUITE.py .....F.F....F.                    [100%]

=================================== FAILURES ===================================
_________________________________ test_case_5 __________________________________

    def test_case_5():
        queue_linked_list_0 = module_0.QueueLinkedList()
        assert len(queue_linked_list_0) == 0
        var_0 = queue_linked_list_0.__iter__()
        var_1 = queue_linked_list_0.append(queue_linked_list_0)
&gt;       assert len(queue_linked_list_0) == 1
E       AssertionError: assert 2 == 1
E        +  where 2 = len(&lt;[RecursionError('maximum recursion depth exceeded') raised in repr()] QueueLinkedList object at 0x7f47488b4340&gt;)

WHOLE_SUITE/test_queue2_WHOLE_SUITE.py:75: AssertionError
_________________________________ test_case_7 __________________________________

    def test_case_7():
        queue_linked_list_0 = module_0.QueueLinkedList()
        assert len(queue_linked_list_0) == 0
        var_0 = queue_linked_list_0.append(queue_linked_list_0)
&gt;       assert len(queue_linked_list_0) == 1
E       AssertionError: assert 2 == 1
E        +  where 2 = len(&lt;[RecursionError('maximum recursion depth exceeded') raised in repr()] QueueLinkedList object at 0x7f4748664f40&gt;)

WHOLE_SUITE/test_queue2_WHOLE_SUITE.py:96: AssertionError
_________________________________ test_case_12 _________________________________

    def test_case_12():
        queue_linked_list_0 = module_0.QueueLinkedList()
        assert len(queue_linked_list_0) == 0
        bool_0 = False
        var_0 = queue_linked_list_0.append(bool_0)
&gt;       assert len(queue_linked_list_0) == 1
E       assert 2 == 1
E        +  where 2 = len(queue:[False])

WHOLE_SUITE/test_queue2_WHOLE_SUITE.py:153: AssertionError
=========================== short test summary info ============================
FAILED WHOLE_SUITE/test_queue2_WHOLE_SUITE.py::test_case_5 - AssertionError: ...
FAILED WHOLE_SUITE/test_queue2_WHOLE_SUITE.py::test_case_7 - AssertionError: ...
FAILED WHOLE_SUITE/test_queue2_WHOLE_SUITE.py::test_case_12 - assert 2 == 1
========================= 3 failed, 11 passed in 0.25s =========================
</pre></div></div></div></div></div><div class="mb-1" id="job_list___sub_accordion_60"><div class="card"><a data-toggle="collapse" data-target="#job_list___sub_collapse_60_1" aria-expanded="false" aria-controls="job_list___sub_collapse_60_1" href="#" class="job_list___sub_multi_heading"><div role="alert" class="card-header alert-success" id="job_list___sub_heading_60_1"><button class="btn btn-outline-success"><span class="job_id">60 : Job ID 21402fa41ebd48cabbf7a1924410a2aa</span></button></div></a><div aria-labelledby="job_list___sub_heading_60_1" data-parent="#job_list___sub_accordion_60" class="collapse job_list___sub_multi_collapse" id="job_list___sub_collapse_60_1"><div class="card-body"><div class="work-item"><div class="alert alert-success test-outcome" role="alert"><p>worker outcome: normal</p><p>test outcome: killed</p></div></div><pre class="location"><a href="pycharm://open?file=queue2.py&amp;line=130" class="text-secondary"><button class="btn btn-outline-dark">queue2.py, start pos: (130, 21), end pos: (130, 22)</button></a></pre><pre>operator: core/NumberReplacer, occurrence: 7</pre><div class="alert alert-secondary"><pre class="diff">--- mutation diff ---
--- aqueue2.py
+++ bqueue2.py
@@ -127,7 +127,7 @@
         n = self.head
         count = 0
         while n != None:
-            count += 1
+            count += 0
             n = n.next
         return count
 </pre></div><div class="alert alert-secondary"><pre class="diff">============================= test session starts ==============================
platform linux -- Python 3.10.10, pytest-7.2.1, pluggy-1.0.0
rootdir: /home/auri/temp/lucca/python_experiments/queue2
collected 14 items

WHOLE_SUITE/test_queue2_WHOLE_SUITE.py .....F.F....F.                    [100%]

=================================== FAILURES ===================================
_________________________________ test_case_5 __________________________________

    def test_case_5():
        queue_linked_list_0 = module_0.QueueLinkedList()
        assert len(queue_linked_list_0) == 0
        var_0 = queue_linked_list_0.__iter__()
        var_1 = queue_linked_list_0.append(queue_linked_list_0)
&gt;       assert len(queue_linked_list_0) == 1
E       AssertionError: assert 0 == 1
E        +  where 0 = len(&lt;[RecursionError('maximum recursion depth exceeded') raised in repr()] QueueLinkedList object at 0x7fd83b614040&gt;)

WHOLE_SUITE/test_queue2_WHOLE_SUITE.py:75: AssertionError
_________________________________ test_case_7 __________________________________

    def test_case_7():
        queue_linked_list_0 = module_0.QueueLinkedList()
        assert len(queue_linked_list_0) == 0
        var_0 = queue_linked_list_0.append(queue_linked_list_0)
&gt;       assert len(queue_linked_list_0) == 1
E       AssertionError: assert 0 == 1
E        +  where 0 = len(&lt;[RecursionError('maximum recursion depth exceeded') raised in repr()] QueueLinkedList object at 0x7fd83b3c8e80&gt;)

WHOLE_SUITE/test_queue2_WHOLE_SUITE.py:96: AssertionError
_________________________________ test_case_12 _________________________________

    def test_case_12():
        queue_linked_list_0 = module_0.QueueLinkedList()
        assert len(queue_linked_list_0) == 0
        bool_0 = False
        var_0 = queue_linked_list_0.append(bool_0)
&gt;       assert len(queue_linked_list_0) == 1
E       assert 0 == 1
E        +  where 0 = len(queue:[False])

WHOLE_SUITE/test_queue2_WHOLE_SUITE.py:153: AssertionError
=========================== short test summary info ============================
FAILED WHOLE_SUITE/test_queue2_WHOLE_SUITE.py::test_case_5 - AssertionError: ...
FAILED WHOLE_SUITE/test_queue2_WHOLE_SUITE.py::test_case_7 - AssertionError: ...
FAILED WHOLE_SUITE/test_queue2_WHOLE_SUITE.py::test_case_12 - assert 0 == 1
========================= 3 failed, 11 passed in 0.39s =========================
</pre></div></div></div></div></div><div class="mb-1" id="job_list___sub_accordion_61"><div class="card"><a data-toggle="collapse" data-target="#job_list___sub_collapse_61_1" aria-expanded="false" aria-controls="job_list___sub_collapse_61_1" href="#" class="job_list___sub_multi_heading"><div role="alert" class="card-header alert-success" id="job_list___sub_heading_61_1"><button class="btn btn-outline-success"><span class="job_id">61 : Job ID 399bcc9bdd2d4509babb7f04987826cf</span></button></div></a><div aria-labelledby="job_list___sub_heading_61_1" data-parent="#job_list___sub_accordion_61" class="collapse job_list___sub_multi_collapse" id="job_list___sub_collapse_61_1"><div class="card-body"><div class="work-item"><div class="alert alert-success test-outcome" role="alert"><p>worker outcome: normal</p><p>test outcome: killed</p></div></div><pre class="location"><a href="pycharm://open?file=queue2.py&amp;line=28" class="text-secondary"><button class="btn btn-outline-dark">queue2.py, start pos: (28, 17), end pos: (28, 22)</button></a></pre><pre>operator: core/ZeroIterationForLoop, occurrence: 0</pre><div class="alert alert-secondary"><pre class="diff">--- mutation diff ---
--- aqueue2.py
+++ bqueue2.py
@@ -25,7 +25,7 @@
     def __init__(self, *start):
         """Demonstrate linked lists in Python."""
         self.head  = None
-        for _ in start:
+        for _ in []:
             self.prepend(_)
 
     def prepend(self, value):</pre></div><div class="alert alert-secondary"><pre class="diff">============================= test session starts ==============================
platform linux -- Python 3.10.10, pytest-7.2.1, pluggy-1.0.0
rootdir: /home/auri/temp/lucca/python_experiments/queue2
collected 14 items

WHOLE_SUITE/test_queue2_WHOLE_SUITE.py ....F.....F...                    [100%]

=================================== FAILURES ===================================
_________________________________ test_case_4 __________________________________

    def test_case_4():
        int_0 = 317
        list_0 = [int_0, int_0, int_0, int_0]
        linked_list_0 = module_0.LinkedList(*list_0)
&gt;       assert len(linked_list_0) == 4
E       assert 0 == 4
E        +  where 0 = len(link:[])

WHOLE_SUITE/test_queue2_WHOLE_SUITE.py:59: AssertionError
_________________________________ test_case_10 _________________________________

    def test_case_10():
        int_0 = 200
        bool_0 = True
        list_0 = [int_0, bool_0, bool_0, int_0]
        queue_linked_list_0 = module_0.QueueLinkedList()
        assert len(queue_linked_list_0) == 0
        linked_list_0 = module_0.LinkedList(*list_0)
&gt;       assert len(linked_list_0) == 4
E       assert 0 == 4
E        +  where 0 = len(link:[])

WHOLE_SUITE/test_queue2_WHOLE_SUITE.py:129: AssertionError
=========================== short test summary info ============================
FAILED WHOLE_SUITE/test_queue2_WHOLE_SUITE.py::test_case_4 - assert 0 == 4
FAILED WHOLE_SUITE/test_queue2_WHOLE_SUITE.py::test_case_10 - assert 0 == 4
========================= 2 failed, 12 passed in 0.38s =========================
</pre></div></div></div></div></div><div class="mb-1" id="job_list___sub_accordion_62"><div class="card"><a data-toggle="collapse" data-target="#job_list___sub_collapse_62_1" aria-expanded="false" aria-controls="job_list___sub_collapse_62_1" href="#" class="job_list___sub_multi_heading"><div role="alert" class="card-header alert-danger" id="job_list___sub_heading_62_1"><button class="btn btn-outline-danger"><span class="job_id">62 : Job ID 966e910c1c6a454d94336150ae4b0cfa</span></button></div></a><div aria-labelledby="job_list___sub_heading_62_1" data-parent="#job_list___sub_accordion_62" class="collapse job_list___sub_multi_collapse" id="job_list___sub_collapse_62_1"><div class="card-body"><div class="work-item"><div class="alert alert-danger test-outcome" role="alert"><p>SURVIVED</p><p>worker outcome: normal</p><p>test outcome: survived</p></div></div><pre class="location"><a href="pycharm://open?file=queue2.py&amp;line=85" class="text-secondary"><button class="btn btn-outline-dark">queue2.py, start pos: (85, 17), end pos: (85, 22)</button></a></pre><pre>operator: core/ZeroIterationForLoop, occurrence: 1</pre><div class="alert alert-secondary"><pre class="diff">--- mutation diff ---
--- aqueue2.py
+++ bqueue2.py
@@ -82,7 +82,7 @@
         """Demonstrate queue using linked list in Python."""
         self.head = None
         self.tail = None
-        for _ in start:
+        for _ in []:
             self.add(_)
 
     def append(self, value):</pre></div><div class="alert alert-secondary"><pre class="diff">============================= test session starts ==============================
platform linux -- Python 3.10.10, pytest-7.2.1, pluggy-1.0.0
rootdir: /home/auri/temp/lucca/python_experiments/queue2
collected 14 items

WHOLE_SUITE/test_queue2_WHOLE_SUITE.py ..............                    [100%]

============================== 14 passed in 0.21s ==============================
</pre></div></div></div></div></div></div></div></div></div></div><script src="https://code.jquery.com/jquery-3.3.1.slim.min.js" integrity="sha384-q8i/X+965DzO0rT7abK41JStQIAqVgRVzpbzo5smXKp4YfRvH+8abtTE1Pi6jizo" crossorigin="anonymous"></script><script src="https://cdnjs.cloudflare.com/ajax/libs/popper.js/1.14.7/umd/popper.min.js" integrity="sha384-UO2eT0CpHqdSJQ6hJty5KVphtPhzWj9WO1clHTMGa3JDZwrnQq4sF86dIHNDz0W1" crossorigin="anonymous"></script><script src="https://stackpath.bootstrapcdn.com/bootstrap/4.3.1/js/bootstrap.min.js" integrity="sha384-JjSmVgyd0p3pXB1rRibZUAYoIIy6OrQ6VrjIEaFf/nJGzIxFDsf4x0xIM+B07jRM" crossorigin="anonymous"></script><script type="text/javascript">$('div.job_list___sub_multi_collapse').on('shown.bs.collapse',  function () {    correct_behavior_functional_buttons();  });$('div.job_list___sub_multi_collapse').on('hidden.bs.collapse',  function () {    correct_behavior_functional_buttons();  });function correct_behavior_functional_buttons() {    var expand = false;    var collapse = false;    $('a.job_list___sub_multi_heading').each(function(index) {      if ($(this).attr('aria-expanded') == 'false') {        expand = true;        return false;      };    });    $('a.job_list___sub_multi_heading').each(function(index) {      if ($(this).attr('aria-expanded') == 'true') {        collapse = true;        return false;      };    });    if (expand) {      $('div#job_item_expand_all').css('display', 'inline-block');    } else {      $('div#job_item_expand_all').css('display', 'none');    };    if (collapse) {      $('div#job_item_collapse_all').css('display', 'inline-block');    } else {      $('div#job_item_collapse_all').css('display', 'none');    };  };correct_behavior_functional_buttons();</script></body></html>
