<!DOCTYPE html><html lang="en"><head><meta charset="utf-8" /><meta name="viewport" content="width=device-width, initial-scale=1, shrink-to-fit=no" /><link rel="stylesheet" href="https://stackpath.bootstrapcdn.com/bootstrap/4.3.1/css/bootstrap.min.css" integrity="sha384-ggOyR0iXCbMQv3Xipma34MD+dH/1fQ784/j6cY/iJTQUOhcWr7x9JvoRxT2MZw1T" crossorigin="anonymous" /><title>Cosmic Ray Report</title></head><body><div class="container"><h1><p class="text-dark">Cosmic Ray Report</p></h1></div><div class="container"><div class="mb-1" id="summary_info___accordion"><div class="card"><a data-toggle="collapse" data-target="#summary_info___collapse_1" aria-expanded="true" aria-controls="summary_info___collapse_1" href="#"><div class="card-header" id="summary_info___heading_1"><button class="btn btn-outline-dark"><h4 class="m-0">Summary info</h4></button></div></a><div aria-labelledby="summary_info___heading_1" data-parent="#summary_info___accordion" class="collapse show" id="summary_info___collapse_1"><div class="card-body"><p>Date time: 04/03/2023 21:28:02</p><p>Total jobs: 70</p><p>Complete: 70 (100.00%)</p><p>Surviving mutants: 25 (35.71%)</p></div></div></div></div><div class="mb-1" id="job_list___accordion"><div class="card"><a data-toggle="collapse" data-target="#job_list___collapse_1" aria-expanded="false" aria-controls="job_list___collapse_1" href="#"><div class="card-header" id="job_list___heading_1"><button class="btn btn-outline-dark"><h4 class="m-0">Job list</h4></button></div></a><div aria-labelledby="job_list___heading_1" data-parent="#job_list___accordion" class="collapse" id="job_list___collapse_1"><div class="card-body"><div class="text-right mb-1"><div class="mx-1" id="job_item_expand_all"><a href="#" onclick="$('div.job_list___sub_multi_collapse').collapse('show');"><button class="btn btn-outline-dark"><span>Expand All</span></button></a></div><div class="mx-1" id="job_item_collapse_all"><a href="#" onclick="$('div.job_list___sub_multi_collapse').collapse('hide');"><button class="btn btn-outline-dark"><span>Collapse All</span></button></a></div></div><div class="mb-1" id="job_list___sub_accordion_1"><div class="card"><a data-toggle="collapse" data-target="#job_list___sub_collapse_1_1" aria-expanded="false" aria-controls="job_list___sub_collapse_1_1" href="#" class="job_list___sub_multi_heading"><div role="alert" class="card-header alert-success" id="job_list___sub_heading_1_1"><button class="btn btn-outline-success"><span class="job_id">1 : Job ID 6e55a835a71c48359f54c46142e7ddf9</span></button></div></a><div aria-labelledby="job_list___sub_heading_1_1" data-parent="#job_list___sub_accordion_1" class="collapse job_list___sub_multi_collapse" id="job_list___sub_collapse_1_1"><div class="card-body"><div class="work-item"><div class="alert alert-success test-outcome" role="alert"><p>worker outcome: normal</p><p>test outcome: killed</p></div></div><pre class="location"><a href="pycharm://open?file=stack3.py&amp;line=24" class="text-secondary"><button class="btn btn-outline-dark">stack3.py, start pos: (24, 23), end pos: (24, 25)</button></a></pre><pre>operator: core/ReplaceComparisonOperator_Eq_NotEq, occurrence: 0</pre><div class="alert alert-secondary"><pre class="diff">--- mutation diff ---
--- astack3.py
+++ bstack3.py
@@ -21,7 +21,7 @@
         """Add element to linked list."""
 
         newNode = Node(value)
-        if self.__size == 0:
+        if self.__size != 0:
             self.__head.next = newNode
             self.__head = newNode
             self.__size += 1</pre></div><div class="alert alert-secondary"><pre class="diff">timeout</pre></div></div></div></div></div><div class="mb-1" id="job_list___sub_accordion_2"><div class="card"><a data-toggle="collapse" data-target="#job_list___sub_collapse_2_1" aria-expanded="false" aria-controls="job_list___sub_collapse_2_1" href="#" class="job_list___sub_multi_heading"><div role="alert" class="card-header alert-success" id="job_list___sub_heading_2_1"><button class="btn btn-outline-success"><span class="job_id">2 : Job ID 1af2a836440548ec810192ca1838d5a7</span></button></div></a><div aria-labelledby="job_list___sub_heading_2_1" data-parent="#job_list___sub_accordion_2" class="collapse job_list___sub_multi_collapse" id="job_list___sub_collapse_2_1"><div class="card-body"><div class="work-item"><div class="alert alert-success test-outcome" role="alert"><p>worker outcome: normal</p><p>test outcome: killed</p></div></div><pre class="location"><a href="pycharm://open?file=stack3.py&amp;line=38" class="text-secondary"><button class="btn btn-outline-dark">stack3.py, start pos: (38, 23), end pos: (38, 25)</button></a></pre><pre>operator: core/ReplaceComparisonOperator_Eq_NotEq, occurrence: 1</pre><div class="alert alert-secondary"><pre class="diff">--- mutation diff ---
--- astack3.py
+++ bstack3.py
@@ -35,7 +35,7 @@
 
         """Remove node from linkedlist."""
 
-        if self.__size == 0:
+        if self.__size != 0:
             return None
         if self.__size &gt;= 1:
             nodeToRemove = self.__head</pre></div><div class="alert alert-secondary"><pre class="diff">============================= test session starts ==============================
platform linux -- Python 3.10.10, pytest-7.2.1, pluggy-1.0.0
rootdir: /home/auri/temp/lucca/python_experiments/stack3
collected 17 items

DYNAMOSA/test_stack3_DYNAMOSA.py .F..F....FF..F.FF                       [100%]

=================================== FAILURES ===================================
_________________________________ test_case_1 __________________________________

    def test_case_1():
        singly_linked_list_0 = module_0.SinglyLinkedList()
        none_type_0 = singly_linked_list_0.add(singly_linked_list_0)
        var_0 = singly_linked_list_0.remove()
&gt;       assert f'{type(var_0).__module__}.{type(var_0).__qualname__}' == 'stack3.Node'
E       AssertionError: assert 'builtins.NoneType' == 'stack3.Node'
E         - stack3.Node
E         + builtins.NoneType

DYNAMOSA/test_stack3_DYNAMOSA.py:12: AssertionError
_________________________________ test_case_4 __________________________________

    def test_case_4():
        singly_linked_list_0 = module_0.SinglyLinkedList()
        node_0 = singly_linked_list_0.getHeadNode()
        int_0 = singly_linked_list_0.getSize()
        list_0 = singly_linked_list_0.toArray()
        none_type_0 = singly_linked_list_0.add(list_0)
        bool_0 = singly_linked_list_0.isEmpty()
        assert bool_0 is False
        var_0 = singly_linked_list_0.remove()
&gt;       assert node_0.next is None
E       assert &lt;stack3.Node object at 0x7f0c3afefbe0&gt; is None
E        +  where &lt;stack3.Node object at 0x7f0c3afefbe0&gt; = &lt;stack3.Node object at 0x7f0c3afefa90&gt;.next

DYNAMOSA/test_stack3_DYNAMOSA.py:37: AssertionError
_________________________________ test_case_9 __________________________________

    def test_case_9():
        singly_linked_list_0 = module_0.SinglyLinkedList()
        none_type_0 = singly_linked_list_0.add(singly_linked_list_0)
        str_0 = singly_linked_list_0.__str__()
        var_0 = singly_linked_list_0.remove()
&gt;       assert f'{type(var_0).__module__}.{type(var_0).__qualname__}' == 'stack3.Node'
E       AssertionError: assert 'builtins.NoneType' == 'stack3.Node'
E         - stack3.Node
E         + builtins.NoneType

DYNAMOSA/test_stack3_DYNAMOSA.py:73: AssertionError
_________________________________ test_case_10 _________________________________

    def test_case_10():
        singly_linked_list_0 = module_0.SinglyLinkedList()
        stack_0 = module_0.Stack()
        bool_0 = False
        none_type_0 = singly_linked_list_0.add(bool_0)
        none_type_1 = stack_0.push(singly_linked_list_0)
        var_0 = singly_linked_list_0.remove()
&gt;       assert f'{type(var_0).__module__}.{type(var_0).__qualname__}' == 'stack3.Node'
E       AssertionError: assert 'builtins.NoneType' == 'stack3.Node'
E         - stack3.Node
E         + builtins.NoneType

DYNAMOSA/test_stack3_DYNAMOSA.py:88: AssertionError
_________________________________ test_case_13 _________________________________

    def test_case_13():
        stack_0 = module_0.Stack()
        none_type_0 = stack_0.push(stack_0)
        var_0 = stack_0.peek()
        bool_0 = var_0.isEmpty()
        assert bool_0 is False
        stack_1 = module_0.Stack()
        var_1 = stack_0.pop()
&gt;       assert f'{type(var_1).__module__}.{type(var_1).__qualname__}' == 'stack3.Node'
E       AssertionError: assert 'builtins.NoneType' == 'stack3.Node'
E         - stack3.Node
E         + builtins.NoneType

DYNAMOSA/test_stack3_DYNAMOSA.py:111: AssertionError
_________________________________ test_case_15 _________________________________

    def test_case_15():
        singly_linked_list_0 = module_0.SinglyLinkedList()
        list_0 = singly_linked_list_0.toArray()
        str_0 = singly_linked_list_0.__str__()
        assert str_0 == '[None]'
        none_type_0 = singly_linked_list_0.add(singly_linked_list_0)
        bool_0 = singly_linked_list_0.isEmpty()
        assert bool_0 is False
        none_type_1 = singly_linked_list_0.add(list_0)
        bool_1 = singly_linked_list_0.isEmpty()
        assert bool_1 is False
        list_1 = singly_linked_list_0.toArray()
        var_0 = singly_linked_list_0.remove()
&gt;       assert f'{type(var_0).__module__}.{type(var_0).__qualname__}' == 'stack3.Node'
E       AssertionError: assert 'builtins.NoneType' == 'stack3.Node'
E         - stack3.Node
E         + builtins.NoneType

DYNAMOSA/test_stack3_DYNAMOSA.py:139: AssertionError
_________________________________ test_case_16 _________________________________

    def test_case_16():
        singly_linked_list_0 = module_0.SinglyLinkedList()
        list_0 = singly_linked_list_0.toArray()
        str_0 = singly_linked_list_0.__str__()
        assert str_0 == '[None]'
        none_type_0 = singly_linked_list_0.add(singly_linked_list_0)
        none_type_1 = singly_linked_list_0.add(str_0)
        str_1 = singly_linked_list_0.__str__()
        bool_0 = singly_linked_list_0.isEmpty()
        assert bool_0 is False
        int_0 = singly_linked_list_0.getSize()
        assert int_0 == 2
        var_0 = singly_linked_list_0.remove()
&gt;       assert f'{type(var_0).__module__}.{type(var_0).__qualname__}' == 'stack3.Node'
E       AssertionError: assert 'builtins.NoneType' == 'stack3.Node'
E         - stack3.Node
E         + builtins.NoneType

DYNAMOSA/test_stack3_DYNAMOSA.py:156: AssertionError
=========================== short test summary info ============================
FAILED DYNAMOSA/test_stack3_DYNAMOSA.py::test_case_1 - AssertionError: assert...
FAILED DYNAMOSA/test_stack3_DYNAMOSA.py::test_case_4 - assert &lt;stack3.Node ob...
FAILED DYNAMOSA/test_stack3_DYNAMOSA.py::test_case_9 - AssertionError: assert...
FAILED DYNAMOSA/test_stack3_DYNAMOSA.py::test_case_10 - AssertionError: asser...
FAILED DYNAMOSA/test_stack3_DYNAMOSA.py::test_case_13 - AssertionError: asser...
FAILED DYNAMOSA/test_stack3_DYNAMOSA.py::test_case_15 - AssertionError: asser...
FAILED DYNAMOSA/test_stack3_DYNAMOSA.py::test_case_16 - AssertionError: asser...
========================= 7 failed, 10 passed in 0.21s =========================
</pre></div></div></div></div></div><div class="mb-1" id="job_list___sub_accordion_3"><div class="card"><a data-toggle="collapse" data-target="#job_list___sub_collapse_3_1" aria-expanded="false" aria-controls="job_list___sub_collapse_3_1" href="#" class="job_list___sub_multi_heading"><div role="alert" class="card-header alert-success" id="job_list___sub_heading_3_1"><button class="btn btn-outline-success"><span class="job_id">3 : Job ID 08c72d5bd0444c1bb33396c79c385193</span></button></div></a><div aria-labelledby="job_list___sub_heading_3_1" data-parent="#job_list___sub_accordion_3" class="collapse job_list___sub_multi_collapse" id="job_list___sub_collapse_3_1"><div class="card-body"><div class="work-item"><div class="alert alert-success test-outcome" role="alert"><p>worker outcome: normal</p><p>test outcome: killed</p></div></div><pre class="location"><a href="pycharm://open?file=stack3.py&amp;line=75" class="text-secondary"><button class="btn btn-outline-dark">stack3.py, start pos: (75, 35), end pos: (75, 37)</button></a></pre><pre>operator: core/ReplaceComparisonOperator_Eq_NotEq, occurrence: 2</pre><div class="alert alert-secondary"><pre class="diff">--- mutation diff ---
--- astack3.py
+++ bstack3.py
@@ -72,7 +72,7 @@
 
         """Checks if linkedlist is empty."""
 
-        return True if self.__size == 0 else False
+        return True if self.__size != 0 else False
 
     def toArray(self) -&gt; list:
 </pre></div><div class="alert alert-secondary"><pre class="diff">============================= test session starts ==============================
platform linux -- Python 3.10.10, pytest-7.2.1, pluggy-1.0.0
rootdir: /home/auri/temp/lucca/python_experiments/stack3
collected 17 items

DYNAMOSA/test_stack3_DYNAMOSA.py ...FF..........FF                       [100%]

=================================== FAILURES ===================================
_________________________________ test_case_3 __________________________________

    def test_case_3():
        singly_linked_list_0 = module_0.SinglyLinkedList()
        bool_0 = singly_linked_list_0.isEmpty()
&gt;       assert bool_0 is True
E       assert False is True

DYNAMOSA/test_stack3_DYNAMOSA.py:25: AssertionError
_________________________________ test_case_4 __________________________________

    def test_case_4():
        singly_linked_list_0 = module_0.SinglyLinkedList()
        node_0 = singly_linked_list_0.getHeadNode()
        int_0 = singly_linked_list_0.getSize()
        list_0 = singly_linked_list_0.toArray()
        none_type_0 = singly_linked_list_0.add(list_0)
        bool_0 = singly_linked_list_0.isEmpty()
&gt;       assert bool_0 is False
E       assert True is False

DYNAMOSA/test_stack3_DYNAMOSA.py:35: AssertionError
_________________________________ test_case_15 _________________________________

    def test_case_15():
        singly_linked_list_0 = module_0.SinglyLinkedList()
        list_0 = singly_linked_list_0.toArray()
        str_0 = singly_linked_list_0.__str__()
        assert str_0 == '[None]'
        none_type_0 = singly_linked_list_0.add(singly_linked_list_0)
        bool_0 = singly_linked_list_0.isEmpty()
&gt;       assert bool_0 is False
E       assert True is False

DYNAMOSA/test_stack3_DYNAMOSA.py:133: AssertionError
_________________________________ test_case_16 _________________________________

    def test_case_16():
        singly_linked_list_0 = module_0.SinglyLinkedList()
        list_0 = singly_linked_list_0.toArray()
        str_0 = singly_linked_list_0.__str__()
        assert str_0 == '[None]'
        none_type_0 = singly_linked_list_0.add(singly_linked_list_0)
        none_type_1 = singly_linked_list_0.add(str_0)
        str_1 = singly_linked_list_0.__str__()
        bool_0 = singly_linked_list_0.isEmpty()
&gt;       assert bool_0 is False
E       assert True is False

DYNAMOSA/test_stack3_DYNAMOSA.py:152: AssertionError
=========================== short test summary info ============================
FAILED DYNAMOSA/test_stack3_DYNAMOSA.py::test_case_3 - assert False is True
FAILED DYNAMOSA/test_stack3_DYNAMOSA.py::test_case_4 - assert True is False
FAILED DYNAMOSA/test_stack3_DYNAMOSA.py::test_case_15 - assert True is False
FAILED DYNAMOSA/test_stack3_DYNAMOSA.py::test_case_16 - assert True is False
========================= 4 failed, 13 passed in 0.17s =========================
</pre></div></div></div></div></div><div class="mb-1" id="job_list___sub_accordion_4"><div class="card"><a data-toggle="collapse" data-target="#job_list___sub_collapse_4_1" aria-expanded="false" aria-controls="job_list___sub_collapse_4_1" href="#" class="job_list___sub_multi_heading"><div role="alert" class="card-header alert-success" id="job_list___sub_heading_4_1"><button class="btn btn-outline-success"><span class="job_id">4 : Job ID 526f2047b4b64e10a76ef5bcc400ea63</span></button></div></a><div aria-labelledby="job_list___sub_heading_4_1" data-parent="#job_list___sub_accordion_4" class="collapse job_list___sub_multi_collapse" id="job_list___sub_collapse_4_1"><div class="card-body"><div class="work-item"><div class="alert alert-success test-outcome" role="alert"><p>worker outcome: normal</p><p>test outcome: killed</p></div></div><pre class="location"><a href="pycharm://open?file=stack3.py&amp;line=125" class="text-secondary"><button class="btn btn-outline-dark">stack3.py, start pos: (125, 46), end pos: (125, 48)</button></a></pre><pre>operator: core/ReplaceComparisonOperator_Eq_NotEq, occurrence: 3</pre><div class="alert alert-secondary"><pre class="diff">--- mutation diff ---
--- astack3.py
+++ bstack3.py
@@ -122,7 +122,7 @@
 
         """Check if stack is empty."""
 
-        return True if self.__stack.getSize() == 0 else False
+        return True if self.__stack.getSize() != 0 else False
 
     def getSize(self) -&gt; int:
 </pre></div><div class="alert alert-secondary"><pre class="diff">============================= test session starts ==============================
platform linux -- Python 3.10.10, pytest-7.2.1, pluggy-1.0.0
rootdir: /home/auri/temp/lucca/python_experiments/stack3
collected 17 items

DYNAMOSA/test_stack3_DYNAMOSA.py .......F.....F...                       [100%]

=================================== FAILURES ===================================
_________________________________ test_case_7 __________________________________

    def test_case_7():
        stack_0 = module_0.Stack()
        bool_0 = stack_0.isEmpty()
&gt;       assert bool_0 is True
E       assert False is True

DYNAMOSA/test_stack3_DYNAMOSA.py:59: AssertionError
_________________________________ test_case_13 _________________________________

    def test_case_13():
        stack_0 = module_0.Stack()
        none_type_0 = stack_0.push(stack_0)
        var_0 = stack_0.peek()
        bool_0 = var_0.isEmpty()
&gt;       assert bool_0 is False
E       assert True is False

DYNAMOSA/test_stack3_DYNAMOSA.py:108: AssertionError
=========================== short test summary info ============================
FAILED DYNAMOSA/test_stack3_DYNAMOSA.py::test_case_7 - assert False is True
FAILED DYNAMOSA/test_stack3_DYNAMOSA.py::test_case_13 - assert True is False
========================= 2 failed, 15 passed in 0.15s =========================
</pre></div></div></div></div></div><div class="mb-1" id="job_list___sub_accordion_5"><div class="card"><a data-toggle="collapse" data-target="#job_list___sub_collapse_5_1" aria-expanded="false" aria-controls="job_list___sub_collapse_5_1" href="#" class="job_list___sub_multi_heading"><div role="alert" class="card-header alert-danger" id="job_list___sub_heading_5_1"><button class="btn btn-outline-danger"><span class="job_id">5 : Job ID 8dee12d0b3344642a54ac15f2e4d9f19</span></button></div></a><div aria-labelledby="job_list___sub_heading_5_1" data-parent="#job_list___sub_accordion_5" class="collapse job_list___sub_multi_collapse" id="job_list___sub_collapse_5_1"><div class="card-body"><div class="work-item"><div class="alert alert-danger test-outcome" role="alert"><p>SURVIVED</p><p>worker outcome: normal</p><p>test outcome: survived</p></div></div><pre class="location"><a href="pycharm://open?file=stack3.py&amp;line=140" class="text-secondary"><button class="btn btn-outline-dark">stack3.py, start pos: (140, 12), end pos: (140, 14)</button></a></pre><pre>operator: core/ReplaceComparisonOperator_Eq_NotEq, occurrence: 4</pre><div class="alert alert-secondary"><pre class="diff">--- mutation diff ---
--- astack3.py
+++ bstack3.py
@@ -137,6 +137,6 @@
         return str(self.__stack.toArray()[::-1])
 
 
-if __name__ == "__main__":
+if __name__ != "__main__":
     pass
 </pre></div><div class="alert alert-secondary"><pre class="diff">============================= test session starts ==============================
platform linux -- Python 3.10.10, pytest-7.2.1, pluggy-1.0.0
rootdir: /home/auri/temp/lucca/python_experiments/stack3
collected 17 items

DYNAMOSA/test_stack3_DYNAMOSA.py .................                       [100%]

============================== 17 passed in 0.10s ==============================
</pre></div></div></div></div></div><div class="mb-1" id="job_list___sub_accordion_6"><div class="card"><a data-toggle="collapse" data-target="#job_list___sub_collapse_6_1" aria-expanded="false" aria-controls="job_list___sub_collapse_6_1" href="#" class="job_list___sub_multi_heading"><div role="alert" class="card-header alert-success" id="job_list___sub_heading_6_1"><button class="btn btn-outline-success"><span class="job_id">6 : Job ID 5443c3bb9bbd48af98d043ab4e18c375</span></button></div></a><div aria-labelledby="job_list___sub_heading_6_1" data-parent="#job_list___sub_accordion_6" class="collapse job_list___sub_multi_collapse" id="job_list___sub_collapse_6_1"><div class="card-body"><div class="work-item"><div class="alert alert-success test-outcome" role="alert"><p>worker outcome: normal</p><p>test outcome: killed</p></div></div><pre class="location"><a href="pycharm://open?file=stack3.py&amp;line=24" class="text-secondary"><button class="btn btn-outline-dark">stack3.py, start pos: (24, 23), end pos: (24, 25)</button></a></pre><pre>operator: core/ReplaceComparisonOperator_Eq_Lt, occurrence: 0</pre><div class="alert alert-secondary"><pre class="diff">--- mutation diff ---
--- astack3.py
+++ bstack3.py
@@ -21,7 +21,7 @@
         """Add element to linked list."""
 
         newNode = Node(value)
-        if self.__size == 0:
+        if self.__size &lt; 0:
             self.__head.next = newNode
             self.__head = newNode
             self.__size += 1</pre></div><div class="alert alert-secondary"><pre class="diff">timeout</pre></div></div></div></div></div><div class="mb-1" id="job_list___sub_accordion_7"><div class="card"><a data-toggle="collapse" data-target="#job_list___sub_collapse_7_1" aria-expanded="false" aria-controls="job_list___sub_collapse_7_1" href="#" class="job_list___sub_multi_heading"><div role="alert" class="card-header alert-danger" id="job_list___sub_heading_7_1"><button class="btn btn-outline-danger"><span class="job_id">7 : Job ID 84ac3ee2db534602a65b2685909fc56f</span></button></div></a><div aria-labelledby="job_list___sub_heading_7_1" data-parent="#job_list___sub_accordion_7" class="collapse job_list___sub_multi_collapse" id="job_list___sub_collapse_7_1"><div class="card-body"><div class="work-item"><div class="alert alert-danger test-outcome" role="alert"><p>SURVIVED</p><p>worker outcome: normal</p><p>test outcome: survived</p></div></div><pre class="location"><a href="pycharm://open?file=stack3.py&amp;line=38" class="text-secondary"><button class="btn btn-outline-dark">stack3.py, start pos: (38, 23), end pos: (38, 25)</button></a></pre><pre>operator: core/ReplaceComparisonOperator_Eq_Lt, occurrence: 1</pre><div class="alert alert-secondary"><pre class="diff">--- mutation diff ---
--- astack3.py
+++ bstack3.py
@@ -35,7 +35,7 @@
 
         """Remove node from linkedlist."""
 
-        if self.__size == 0:
+        if self.__size &lt; 0:
             return None
         if self.__size &gt;= 1:
             nodeToRemove = self.__head</pre></div><div class="alert alert-secondary"><pre class="diff">============================= test session starts ==============================
platform linux -- Python 3.10.10, pytest-7.2.1, pluggy-1.0.0
rootdir: /home/auri/temp/lucca/python_experiments/stack3
collected 17 items

DYNAMOSA/test_stack3_DYNAMOSA.py .................                       [100%]

============================== 17 passed in 0.10s ==============================
</pre></div></div></div></div></div><div class="mb-1" id="job_list___sub_accordion_8"><div class="card"><a data-toggle="collapse" data-target="#job_list___sub_collapse_8_1" aria-expanded="false" aria-controls="job_list___sub_collapse_8_1" href="#" class="job_list___sub_multi_heading"><div role="alert" class="card-header alert-success" id="job_list___sub_heading_8_1"><button class="btn btn-outline-success"><span class="job_id">8 : Job ID 16772d380e6141bd9ff795e90ed90ac5</span></button></div></a><div aria-labelledby="job_list___sub_heading_8_1" data-parent="#job_list___sub_accordion_8" class="collapse job_list___sub_multi_collapse" id="job_list___sub_collapse_8_1"><div class="card-body"><div class="work-item"><div class="alert alert-success test-outcome" role="alert"><p>worker outcome: normal</p><p>test outcome: killed</p></div></div><pre class="location"><a href="pycharm://open?file=stack3.py&amp;line=75" class="text-secondary"><button class="btn btn-outline-dark">stack3.py, start pos: (75, 35), end pos: (75, 37)</button></a></pre><pre>operator: core/ReplaceComparisonOperator_Eq_Lt, occurrence: 2</pre><div class="alert alert-secondary"><pre class="diff">--- mutation diff ---
--- astack3.py
+++ bstack3.py
@@ -72,7 +72,7 @@
 
         """Checks if linkedlist is empty."""
 
-        return True if self.__size == 0 else False
+        return True if self.__size &lt; 0 else False
 
     def toArray(self) -&gt; list:
 </pre></div><div class="alert alert-secondary"><pre class="diff">============================= test session starts ==============================
platform linux -- Python 3.10.10, pytest-7.2.1, pluggy-1.0.0
rootdir: /home/auri/temp/lucca/python_experiments/stack3
collected 17 items

DYNAMOSA/test_stack3_DYNAMOSA.py ...F.............                       [100%]

=================================== FAILURES ===================================
_________________________________ test_case_3 __________________________________

    def test_case_3():
        singly_linked_list_0 = module_0.SinglyLinkedList()
        bool_0 = singly_linked_list_0.isEmpty()
&gt;       assert bool_0 is True
E       assert False is True

DYNAMOSA/test_stack3_DYNAMOSA.py:25: AssertionError
=========================== short test summary info ============================
FAILED DYNAMOSA/test_stack3_DYNAMOSA.py::test_case_3 - assert False is True
========================= 1 failed, 16 passed in 0.14s =========================
</pre></div></div></div></div></div><div class="mb-1" id="job_list___sub_accordion_9"><div class="card"><a data-toggle="collapse" data-target="#job_list___sub_collapse_9_1" aria-expanded="false" aria-controls="job_list___sub_collapse_9_1" href="#" class="job_list___sub_multi_heading"><div role="alert" class="card-header alert-success" id="job_list___sub_heading_9_1"><button class="btn btn-outline-success"><span class="job_id">9 : Job ID 3b7c636c718c43a1beb4b46dca12d84b</span></button></div></a><div aria-labelledby="job_list___sub_heading_9_1" data-parent="#job_list___sub_accordion_9" class="collapse job_list___sub_multi_collapse" id="job_list___sub_collapse_9_1"><div class="card-body"><div class="work-item"><div class="alert alert-success test-outcome" role="alert"><p>worker outcome: normal</p><p>test outcome: killed</p></div></div><pre class="location"><a href="pycharm://open?file=stack3.py&amp;line=125" class="text-secondary"><button class="btn btn-outline-dark">stack3.py, start pos: (125, 46), end pos: (125, 48)</button></a></pre><pre>operator: core/ReplaceComparisonOperator_Eq_Lt, occurrence: 3</pre><div class="alert alert-secondary"><pre class="diff">--- mutation diff ---
--- astack3.py
+++ bstack3.py
@@ -122,7 +122,7 @@
 
         """Check if stack is empty."""
 
-        return True if self.__stack.getSize() == 0 else False
+        return True if self.__stack.getSize() &lt; 0 else False
 
     def getSize(self) -&gt; int:
 </pre></div><div class="alert alert-secondary"><pre class="diff">============================= test session starts ==============================
platform linux -- Python 3.10.10, pytest-7.2.1, pluggy-1.0.0
rootdir: /home/auri/temp/lucca/python_experiments/stack3
collected 17 items

DYNAMOSA/test_stack3_DYNAMOSA.py .......F.........                       [100%]

=================================== FAILURES ===================================
_________________________________ test_case_7 __________________________________

    def test_case_7():
        stack_0 = module_0.Stack()
        bool_0 = stack_0.isEmpty()
&gt;       assert bool_0 is True
E       assert False is True

DYNAMOSA/test_stack3_DYNAMOSA.py:59: AssertionError
=========================== short test summary info ============================
FAILED DYNAMOSA/test_stack3_DYNAMOSA.py::test_case_7 - assert False is True
========================= 1 failed, 16 passed in 0.14s =========================
</pre></div></div></div></div></div><div class="mb-1" id="job_list___sub_accordion_10"><div class="card"><a data-toggle="collapse" data-target="#job_list___sub_collapse_10_1" aria-expanded="false" aria-controls="job_list___sub_collapse_10_1" href="#" class="job_list___sub_multi_heading"><div role="alert" class="card-header alert-danger" id="job_list___sub_heading_10_1"><button class="btn btn-outline-danger"><span class="job_id">10 : Job ID 9c606b31613e4d708c927d63052df85f</span></button></div></a><div aria-labelledby="job_list___sub_heading_10_1" data-parent="#job_list___sub_accordion_10" class="collapse job_list___sub_multi_collapse" id="job_list___sub_collapse_10_1"><div class="card-body"><div class="work-item"><div class="alert alert-danger test-outcome" role="alert"><p>SURVIVED</p><p>worker outcome: normal</p><p>test outcome: survived</p></div></div><pre class="location"><a href="pycharm://open?file=stack3.py&amp;line=140" class="text-secondary"><button class="btn btn-outline-dark">stack3.py, start pos: (140, 12), end pos: (140, 14)</button></a></pre><pre>operator: core/ReplaceComparisonOperator_Eq_Lt, occurrence: 4</pre><div class="alert alert-secondary"><pre class="diff">--- mutation diff ---
--- astack3.py
+++ bstack3.py
@@ -137,6 +137,6 @@
         return str(self.__stack.toArray()[::-1])
 
 
-if __name__ == "__main__":
+if __name__ &lt; "__main__":
     pass
 </pre></div><div class="alert alert-secondary"><pre class="diff">============================= test session starts ==============================
platform linux -- Python 3.10.10, pytest-7.2.1, pluggy-1.0.0
rootdir: /home/auri/temp/lucca/python_experiments/stack3
collected 17 items

DYNAMOSA/test_stack3_DYNAMOSA.py .................                       [100%]

============================== 17 passed in 0.10s ==============================
</pre></div></div></div></div></div><div class="mb-1" id="job_list___sub_accordion_11"><div class="card"><a data-toggle="collapse" data-target="#job_list___sub_collapse_11_1" aria-expanded="false" aria-controls="job_list___sub_collapse_11_1" href="#" class="job_list___sub_multi_heading"><div role="alert" class="card-header alert-danger" id="job_list___sub_heading_11_1"><button class="btn btn-outline-danger"><span class="job_id">11 : Job ID 73edf08102514db8abbaed10d0ad7551</span></button></div></a><div aria-labelledby="job_list___sub_heading_11_1" data-parent="#job_list___sub_accordion_11" class="collapse job_list___sub_multi_collapse" id="job_list___sub_collapse_11_1"><div class="card-body"><div class="work-item"><div class="alert alert-danger test-outcome" role="alert"><p>SURVIVED</p><p>worker outcome: normal</p><p>test outcome: survived</p></div></div><pre class="location"><a href="pycharm://open?file=stack3.py&amp;line=24" class="text-secondary"><button class="btn btn-outline-dark">stack3.py, start pos: (24, 23), end pos: (24, 25)</button></a></pre><pre>operator: core/ReplaceComparisonOperator_Eq_LtE, occurrence: 0</pre><div class="alert alert-secondary"><pre class="diff">--- mutation diff ---
--- astack3.py
+++ bstack3.py
@@ -21,7 +21,7 @@
         """Add element to linked list."""
 
         newNode = Node(value)
-        if self.__size == 0:
+        if self.__size &lt;= 0:
             self.__head.next = newNode
             self.__head = newNode
             self.__size += 1</pre></div><div class="alert alert-secondary"><pre class="diff">============================= test session starts ==============================
platform linux -- Python 3.10.10, pytest-7.2.1, pluggy-1.0.0
rootdir: /home/auri/temp/lucca/python_experiments/stack3
collected 17 items

DYNAMOSA/test_stack3_DYNAMOSA.py .................                       [100%]

============================== 17 passed in 0.10s ==============================
</pre></div></div></div></div></div><div class="mb-1" id="job_list___sub_accordion_12"><div class="card"><a data-toggle="collapse" data-target="#job_list___sub_collapse_12_1" aria-expanded="false" aria-controls="job_list___sub_collapse_12_1" href="#" class="job_list___sub_multi_heading"><div role="alert" class="card-header alert-danger" id="job_list___sub_heading_12_1"><button class="btn btn-outline-danger"><span class="job_id">12 : Job ID cb7fb9b168e34e87b7a9cdcd76355fa2</span></button></div></a><div aria-labelledby="job_list___sub_heading_12_1" data-parent="#job_list___sub_accordion_12" class="collapse job_list___sub_multi_collapse" id="job_list___sub_collapse_12_1"><div class="card-body"><div class="work-item"><div class="alert alert-danger test-outcome" role="alert"><p>SURVIVED</p><p>worker outcome: normal</p><p>test outcome: survived</p></div></div><pre class="location"><a href="pycharm://open?file=stack3.py&amp;line=38" class="text-secondary"><button class="btn btn-outline-dark">stack3.py, start pos: (38, 23), end pos: (38, 25)</button></a></pre><pre>operator: core/ReplaceComparisonOperator_Eq_LtE, occurrence: 1</pre><div class="alert alert-secondary"><pre class="diff">--- mutation diff ---
--- astack3.py
+++ bstack3.py
@@ -35,7 +35,7 @@
 
         """Remove node from linkedlist."""
 
-        if self.__size == 0:
+        if self.__size &lt;= 0:
             return None
         if self.__size &gt;= 1:
             nodeToRemove = self.__head</pre></div><div class="alert alert-secondary"><pre class="diff">============================= test session starts ==============================
platform linux -- Python 3.10.10, pytest-7.2.1, pluggy-1.0.0
rootdir: /home/auri/temp/lucca/python_experiments/stack3
collected 17 items

DYNAMOSA/test_stack3_DYNAMOSA.py .................                       [100%]

============================== 17 passed in 0.13s ==============================
</pre></div></div></div></div></div><div class="mb-1" id="job_list___sub_accordion_13"><div class="card"><a data-toggle="collapse" data-target="#job_list___sub_collapse_13_1" aria-expanded="false" aria-controls="job_list___sub_collapse_13_1" href="#" class="job_list___sub_multi_heading"><div role="alert" class="card-header alert-danger" id="job_list___sub_heading_13_1"><button class="btn btn-outline-danger"><span class="job_id">13 : Job ID 92fdae446e68479392c64793743f70b7</span></button></div></a><div aria-labelledby="job_list___sub_heading_13_1" data-parent="#job_list___sub_accordion_13" class="collapse job_list___sub_multi_collapse" id="job_list___sub_collapse_13_1"><div class="card-body"><div class="work-item"><div class="alert alert-danger test-outcome" role="alert"><p>SURVIVED</p><p>worker outcome: normal</p><p>test outcome: survived</p></div></div><pre class="location"><a href="pycharm://open?file=stack3.py&amp;line=75" class="text-secondary"><button class="btn btn-outline-dark">stack3.py, start pos: (75, 35), end pos: (75, 37)</button></a></pre><pre>operator: core/ReplaceComparisonOperator_Eq_LtE, occurrence: 2</pre><div class="alert alert-secondary"><pre class="diff">--- mutation diff ---
--- astack3.py
+++ bstack3.py
@@ -72,7 +72,7 @@
 
         """Checks if linkedlist is empty."""
 
-        return True if self.__size == 0 else False
+        return True if self.__size &lt;= 0 else False
 
     def toArray(self) -&gt; list:
 </pre></div><div class="alert alert-secondary"><pre class="diff">============================= test session starts ==============================
platform linux -- Python 3.10.10, pytest-7.2.1, pluggy-1.0.0
rootdir: /home/auri/temp/lucca/python_experiments/stack3
collected 17 items

DYNAMOSA/test_stack3_DYNAMOSA.py .................                       [100%]

============================== 17 passed in 0.09s ==============================
</pre></div></div></div></div></div><div class="mb-1" id="job_list___sub_accordion_14"><div class="card"><a data-toggle="collapse" data-target="#job_list___sub_collapse_14_1" aria-expanded="false" aria-controls="job_list___sub_collapse_14_1" href="#" class="job_list___sub_multi_heading"><div role="alert" class="card-header alert-danger" id="job_list___sub_heading_14_1"><button class="btn btn-outline-danger"><span class="job_id">14 : Job ID f40b6cbed44940e69e502b1325dad562</span></button></div></a><div aria-labelledby="job_list___sub_heading_14_1" data-parent="#job_list___sub_accordion_14" class="collapse job_list___sub_multi_collapse" id="job_list___sub_collapse_14_1"><div class="card-body"><div class="work-item"><div class="alert alert-danger test-outcome" role="alert"><p>SURVIVED</p><p>worker outcome: normal</p><p>test outcome: survived</p></div></div><pre class="location"><a href="pycharm://open?file=stack3.py&amp;line=125" class="text-secondary"><button class="btn btn-outline-dark">stack3.py, start pos: (125, 46), end pos: (125, 48)</button></a></pre><pre>operator: core/ReplaceComparisonOperator_Eq_LtE, occurrence: 3</pre><div class="alert alert-secondary"><pre class="diff">--- mutation diff ---
--- astack3.py
+++ bstack3.py
@@ -122,7 +122,7 @@
 
         """Check if stack is empty."""
 
-        return True if self.__stack.getSize() == 0 else False
+        return True if self.__stack.getSize() &lt;= 0 else False
 
     def getSize(self) -&gt; int:
 </pre></div><div class="alert alert-secondary"><pre class="diff">============================= test session starts ==============================
platform linux -- Python 3.10.10, pytest-7.2.1, pluggy-1.0.0
rootdir: /home/auri/temp/lucca/python_experiments/stack3
collected 17 items

DYNAMOSA/test_stack3_DYNAMOSA.py .................                       [100%]

============================== 17 passed in 0.18s ==============================
</pre></div></div></div></div></div><div class="mb-1" id="job_list___sub_accordion_15"><div class="card"><a data-toggle="collapse" data-target="#job_list___sub_collapse_15_1" aria-expanded="false" aria-controls="job_list___sub_collapse_15_1" href="#" class="job_list___sub_multi_heading"><div role="alert" class="card-header alert-danger" id="job_list___sub_heading_15_1"><button class="btn btn-outline-danger"><span class="job_id">15 : Job ID 05eae5c50b1c481f90b76fe4d80e120d</span></button></div></a><div aria-labelledby="job_list___sub_heading_15_1" data-parent="#job_list___sub_accordion_15" class="collapse job_list___sub_multi_collapse" id="job_list___sub_collapse_15_1"><div class="card-body"><div class="work-item"><div class="alert alert-danger test-outcome" role="alert"><p>SURVIVED</p><p>worker outcome: normal</p><p>test outcome: survived</p></div></div><pre class="location"><a href="pycharm://open?file=stack3.py&amp;line=140" class="text-secondary"><button class="btn btn-outline-dark">stack3.py, start pos: (140, 12), end pos: (140, 14)</button></a></pre><pre>operator: core/ReplaceComparisonOperator_Eq_LtE, occurrence: 4</pre><div class="alert alert-secondary"><pre class="diff">--- mutation diff ---
--- astack3.py
+++ bstack3.py
@@ -137,6 +137,6 @@
         return str(self.__stack.toArray()[::-1])
 
 
-if __name__ == "__main__":
+if __name__ &lt;= "__main__":
     pass
 </pre></div><div class="alert alert-secondary"><pre class="diff">============================= test session starts ==============================
platform linux -- Python 3.10.10, pytest-7.2.1, pluggy-1.0.0
rootdir: /home/auri/temp/lucca/python_experiments/stack3
collected 17 items

DYNAMOSA/test_stack3_DYNAMOSA.py .................                       [100%]

============================== 17 passed in 0.10s ==============================
</pre></div></div></div></div></div><div class="mb-1" id="job_list___sub_accordion_16"><div class="card"><a data-toggle="collapse" data-target="#job_list___sub_collapse_16_1" aria-expanded="false" aria-controls="job_list___sub_collapse_16_1" href="#" class="job_list___sub_multi_heading"><div role="alert" class="card-header alert-success" id="job_list___sub_heading_16_1"><button class="btn btn-outline-success"><span class="job_id">16 : Job ID 771d1c67e55d43e0860e84e23859707f</span></button></div></a><div aria-labelledby="job_list___sub_heading_16_1" data-parent="#job_list___sub_accordion_16" class="collapse job_list___sub_multi_collapse" id="job_list___sub_collapse_16_1"><div class="card-body"><div class="work-item"><div class="alert alert-success test-outcome" role="alert"><p>worker outcome: normal</p><p>test outcome: killed</p></div></div><pre class="location"><a href="pycharm://open?file=stack3.py&amp;line=24" class="text-secondary"><button class="btn btn-outline-dark">stack3.py, start pos: (24, 23), end pos: (24, 25)</button></a></pre><pre>operator: core/ReplaceComparisonOperator_Eq_Gt, occurrence: 0</pre><div class="alert alert-secondary"><pre class="diff">--- mutation diff ---
--- astack3.py
+++ bstack3.py
@@ -21,7 +21,7 @@
         """Add element to linked list."""
 
         newNode = Node(value)
-        if self.__size == 0:
+        if self.__size &gt; 0:
             self.__head.next = newNode
             self.__head = newNode
             self.__size += 1</pre></div><div class="alert alert-secondary"><pre class="diff">timeout</pre></div></div></div></div></div><div class="mb-1" id="job_list___sub_accordion_17"><div class="card"><a data-toggle="collapse" data-target="#job_list___sub_collapse_17_1" aria-expanded="false" aria-controls="job_list___sub_collapse_17_1" href="#" class="job_list___sub_multi_heading"><div role="alert" class="card-header alert-success" id="job_list___sub_heading_17_1"><button class="btn btn-outline-success"><span class="job_id">17 : Job ID a31e64c02d6348d4bed6ce79f88a9be3</span></button></div></a><div aria-labelledby="job_list___sub_heading_17_1" data-parent="#job_list___sub_accordion_17" class="collapse job_list___sub_multi_collapse" id="job_list___sub_collapse_17_1"><div class="card-body"><div class="work-item"><div class="alert alert-success test-outcome" role="alert"><p>worker outcome: normal</p><p>test outcome: killed</p></div></div><pre class="location"><a href="pycharm://open?file=stack3.py&amp;line=38" class="text-secondary"><button class="btn btn-outline-dark">stack3.py, start pos: (38, 23), end pos: (38, 25)</button></a></pre><pre>operator: core/ReplaceComparisonOperator_Eq_Gt, occurrence: 1</pre><div class="alert alert-secondary"><pre class="diff">--- mutation diff ---
--- astack3.py
+++ bstack3.py
@@ -35,7 +35,7 @@
 
         """Remove node from linkedlist."""
 
-        if self.__size == 0:
+        if self.__size &gt; 0:
             return None
         if self.__size &gt;= 1:
             nodeToRemove = self.__head</pre></div><div class="alert alert-secondary"><pre class="diff">============================= test session starts ==============================
platform linux -- Python 3.10.10, pytest-7.2.1, pluggy-1.0.0
rootdir: /home/auri/temp/lucca/python_experiments/stack3
collected 17 items

DYNAMOSA/test_stack3_DYNAMOSA.py .F..F....FF..F.FF                       [100%]

=================================== FAILURES ===================================
_________________________________ test_case_1 __________________________________

    def test_case_1():
        singly_linked_list_0 = module_0.SinglyLinkedList()
        none_type_0 = singly_linked_list_0.add(singly_linked_list_0)
        var_0 = singly_linked_list_0.remove()
&gt;       assert f'{type(var_0).__module__}.{type(var_0).__qualname__}' == 'stack3.Node'
E       AssertionError: assert 'builtins.NoneType' == 'stack3.Node'
E         - stack3.Node
E         + builtins.NoneType

DYNAMOSA/test_stack3_DYNAMOSA.py:12: AssertionError
_________________________________ test_case_4 __________________________________

    def test_case_4():
        singly_linked_list_0 = module_0.SinglyLinkedList()
        node_0 = singly_linked_list_0.getHeadNode()
        int_0 = singly_linked_list_0.getSize()
        list_0 = singly_linked_list_0.toArray()
        none_type_0 = singly_linked_list_0.add(list_0)
        bool_0 = singly_linked_list_0.isEmpty()
        assert bool_0 is False
        var_0 = singly_linked_list_0.remove()
&gt;       assert node_0.next is None
E       assert &lt;stack3.Node object at 0x7f027f8d7be0&gt; is None
E        +  where &lt;stack3.Node object at 0x7f027f8d7be0&gt; = &lt;stack3.Node object at 0x7f027f8d7a90&gt;.next

DYNAMOSA/test_stack3_DYNAMOSA.py:37: AssertionError
_________________________________ test_case_9 __________________________________

    def test_case_9():
        singly_linked_list_0 = module_0.SinglyLinkedList()
        none_type_0 = singly_linked_list_0.add(singly_linked_list_0)
        str_0 = singly_linked_list_0.__str__()
        var_0 = singly_linked_list_0.remove()
&gt;       assert f'{type(var_0).__module__}.{type(var_0).__qualname__}' == 'stack3.Node'
E       AssertionError: assert 'builtins.NoneType' == 'stack3.Node'
E         - stack3.Node
E         + builtins.NoneType

DYNAMOSA/test_stack3_DYNAMOSA.py:73: AssertionError
_________________________________ test_case_10 _________________________________

    def test_case_10():
        singly_linked_list_0 = module_0.SinglyLinkedList()
        stack_0 = module_0.Stack()
        bool_0 = False
        none_type_0 = singly_linked_list_0.add(bool_0)
        none_type_1 = stack_0.push(singly_linked_list_0)
        var_0 = singly_linked_list_0.remove()
&gt;       assert f'{type(var_0).__module__}.{type(var_0).__qualname__}' == 'stack3.Node'
E       AssertionError: assert 'builtins.NoneType' == 'stack3.Node'
E         - stack3.Node
E         + builtins.NoneType

DYNAMOSA/test_stack3_DYNAMOSA.py:88: AssertionError
_________________________________ test_case_13 _________________________________

    def test_case_13():
        stack_0 = module_0.Stack()
        none_type_0 = stack_0.push(stack_0)
        var_0 = stack_0.peek()
        bool_0 = var_0.isEmpty()
        assert bool_0 is False
        stack_1 = module_0.Stack()
        var_1 = stack_0.pop()
&gt;       assert f'{type(var_1).__module__}.{type(var_1).__qualname__}' == 'stack3.Node'
E       AssertionError: assert 'builtins.NoneType' == 'stack3.Node'
E         - stack3.Node
E         + builtins.NoneType

DYNAMOSA/test_stack3_DYNAMOSA.py:111: AssertionError
_________________________________ test_case_15 _________________________________

    def test_case_15():
        singly_linked_list_0 = module_0.SinglyLinkedList()
        list_0 = singly_linked_list_0.toArray()
        str_0 = singly_linked_list_0.__str__()
        assert str_0 == '[None]'
        none_type_0 = singly_linked_list_0.add(singly_linked_list_0)
        bool_0 = singly_linked_list_0.isEmpty()
        assert bool_0 is False
        none_type_1 = singly_linked_list_0.add(list_0)
        bool_1 = singly_linked_list_0.isEmpty()
        assert bool_1 is False
        list_1 = singly_linked_list_0.toArray()
        var_0 = singly_linked_list_0.remove()
&gt;       assert f'{type(var_0).__module__}.{type(var_0).__qualname__}' == 'stack3.Node'
E       AssertionError: assert 'builtins.NoneType' == 'stack3.Node'
E         - stack3.Node
E         + builtins.NoneType

DYNAMOSA/test_stack3_DYNAMOSA.py:139: AssertionError
_________________________________ test_case_16 _________________________________

    def test_case_16():
        singly_linked_list_0 = module_0.SinglyLinkedList()
        list_0 = singly_linked_list_0.toArray()
        str_0 = singly_linked_list_0.__str__()
        assert str_0 == '[None]'
        none_type_0 = singly_linked_list_0.add(singly_linked_list_0)
        none_type_1 = singly_linked_list_0.add(str_0)
        str_1 = singly_linked_list_0.__str__()
        bool_0 = singly_linked_list_0.isEmpty()
        assert bool_0 is False
        int_0 = singly_linked_list_0.getSize()
        assert int_0 == 2
        var_0 = singly_linked_list_0.remove()
&gt;       assert f'{type(var_0).__module__}.{type(var_0).__qualname__}' == 'stack3.Node'
E       AssertionError: assert 'builtins.NoneType' == 'stack3.Node'
E         - stack3.Node
E         + builtins.NoneType

DYNAMOSA/test_stack3_DYNAMOSA.py:156: AssertionError
=========================== short test summary info ============================
FAILED DYNAMOSA/test_stack3_DYNAMOSA.py::test_case_1 - AssertionError: assert...
FAILED DYNAMOSA/test_stack3_DYNAMOSA.py::test_case_4 - assert &lt;stack3.Node ob...
FAILED DYNAMOSA/test_stack3_DYNAMOSA.py::test_case_9 - AssertionError: assert...
FAILED DYNAMOSA/test_stack3_DYNAMOSA.py::test_case_10 - AssertionError: asser...
FAILED DYNAMOSA/test_stack3_DYNAMOSA.py::test_case_13 - AssertionError: asser...
FAILED DYNAMOSA/test_stack3_DYNAMOSA.py::test_case_15 - AssertionError: asser...
FAILED DYNAMOSA/test_stack3_DYNAMOSA.py::test_case_16 - AssertionError: asser...
========================= 7 failed, 10 passed in 0.27s =========================
</pre></div></div></div></div></div><div class="mb-1" id="job_list___sub_accordion_18"><div class="card"><a data-toggle="collapse" data-target="#job_list___sub_collapse_18_1" aria-expanded="false" aria-controls="job_list___sub_collapse_18_1" href="#" class="job_list___sub_multi_heading"><div role="alert" class="card-header alert-success" id="job_list___sub_heading_18_1"><button class="btn btn-outline-success"><span class="job_id">18 : Job ID eed42c4a1f5347acb1a039be0437f62a</span></button></div></a><div aria-labelledby="job_list___sub_heading_18_1" data-parent="#job_list___sub_accordion_18" class="collapse job_list___sub_multi_collapse" id="job_list___sub_collapse_18_1"><div class="card-body"><div class="work-item"><div class="alert alert-success test-outcome" role="alert"><p>worker outcome: normal</p><p>test outcome: killed</p></div></div><pre class="location"><a href="pycharm://open?file=stack3.py&amp;line=75" class="text-secondary"><button class="btn btn-outline-dark">stack3.py, start pos: (75, 35), end pos: (75, 37)</button></a></pre><pre>operator: core/ReplaceComparisonOperator_Eq_Gt, occurrence: 2</pre><div class="alert alert-secondary"><pre class="diff">--- mutation diff ---
--- astack3.py
+++ bstack3.py
@@ -72,7 +72,7 @@
 
         """Checks if linkedlist is empty."""
 
-        return True if self.__size == 0 else False
+        return True if self.__size &gt; 0 else False
 
     def toArray(self) -&gt; list:
 </pre></div><div class="alert alert-secondary"><pre class="diff">============================= test session starts ==============================
platform linux -- Python 3.10.10, pytest-7.2.1, pluggy-1.0.0
rootdir: /home/auri/temp/lucca/python_experiments/stack3
collected 17 items

DYNAMOSA/test_stack3_DYNAMOSA.py ...FF..........FF                       [100%]

=================================== FAILURES ===================================
_________________________________ test_case_3 __________________________________

    def test_case_3():
        singly_linked_list_0 = module_0.SinglyLinkedList()
        bool_0 = singly_linked_list_0.isEmpty()
&gt;       assert bool_0 is True
E       assert False is True

DYNAMOSA/test_stack3_DYNAMOSA.py:25: AssertionError
_________________________________ test_case_4 __________________________________

    def test_case_4():
        singly_linked_list_0 = module_0.SinglyLinkedList()
        node_0 = singly_linked_list_0.getHeadNode()
        int_0 = singly_linked_list_0.getSize()
        list_0 = singly_linked_list_0.toArray()
        none_type_0 = singly_linked_list_0.add(list_0)
        bool_0 = singly_linked_list_0.isEmpty()
&gt;       assert bool_0 is False
E       assert True is False

DYNAMOSA/test_stack3_DYNAMOSA.py:35: AssertionError
_________________________________ test_case_15 _________________________________

    def test_case_15():
        singly_linked_list_0 = module_0.SinglyLinkedList()
        list_0 = singly_linked_list_0.toArray()
        str_0 = singly_linked_list_0.__str__()
        assert str_0 == '[None]'
        none_type_0 = singly_linked_list_0.add(singly_linked_list_0)
        bool_0 = singly_linked_list_0.isEmpty()
&gt;       assert bool_0 is False
E       assert True is False

DYNAMOSA/test_stack3_DYNAMOSA.py:133: AssertionError
_________________________________ test_case_16 _________________________________

    def test_case_16():
        singly_linked_list_0 = module_0.SinglyLinkedList()
        list_0 = singly_linked_list_0.toArray()
        str_0 = singly_linked_list_0.__str__()
        assert str_0 == '[None]'
        none_type_0 = singly_linked_list_0.add(singly_linked_list_0)
        none_type_1 = singly_linked_list_0.add(str_0)
        str_1 = singly_linked_list_0.__str__()
        bool_0 = singly_linked_list_0.isEmpty()
&gt;       assert bool_0 is False
E       assert True is False

DYNAMOSA/test_stack3_DYNAMOSA.py:152: AssertionError
=========================== short test summary info ============================
FAILED DYNAMOSA/test_stack3_DYNAMOSA.py::test_case_3 - assert False is True
FAILED DYNAMOSA/test_stack3_DYNAMOSA.py::test_case_4 - assert True is False
FAILED DYNAMOSA/test_stack3_DYNAMOSA.py::test_case_15 - assert True is False
FAILED DYNAMOSA/test_stack3_DYNAMOSA.py::test_case_16 - assert True is False
========================= 4 failed, 13 passed in 0.34s =========================
</pre></div></div></div></div></div><div class="mb-1" id="job_list___sub_accordion_19"><div class="card"><a data-toggle="collapse" data-target="#job_list___sub_collapse_19_1" aria-expanded="false" aria-controls="job_list___sub_collapse_19_1" href="#" class="job_list___sub_multi_heading"><div role="alert" class="card-header alert-success" id="job_list___sub_heading_19_1"><button class="btn btn-outline-success"><span class="job_id">19 : Job ID 47fdeafe7a5b41008cdef0850e10eb1a</span></button></div></a><div aria-labelledby="job_list___sub_heading_19_1" data-parent="#job_list___sub_accordion_19" class="collapse job_list___sub_multi_collapse" id="job_list___sub_collapse_19_1"><div class="card-body"><div class="work-item"><div class="alert alert-success test-outcome" role="alert"><p>worker outcome: normal</p><p>test outcome: killed</p></div></div><pre class="location"><a href="pycharm://open?file=stack3.py&amp;line=125" class="text-secondary"><button class="btn btn-outline-dark">stack3.py, start pos: (125, 46), end pos: (125, 48)</button></a></pre><pre>operator: core/ReplaceComparisonOperator_Eq_Gt, occurrence: 3</pre><div class="alert alert-secondary"><pre class="diff">--- mutation diff ---
--- astack3.py
+++ bstack3.py
@@ -122,7 +122,7 @@
 
         """Check if stack is empty."""
 
-        return True if self.__stack.getSize() == 0 else False
+        return True if self.__stack.getSize() &gt; 0 else False
 
     def getSize(self) -&gt; int:
 </pre></div><div class="alert alert-secondary"><pre class="diff">============================= test session starts ==============================
platform linux -- Python 3.10.10, pytest-7.2.1, pluggy-1.0.0
rootdir: /home/auri/temp/lucca/python_experiments/stack3
collected 17 items

DYNAMOSA/test_stack3_DYNAMOSA.py .......F.....F...                       [100%]

=================================== FAILURES ===================================
_________________________________ test_case_7 __________________________________

    def test_case_7():
        stack_0 = module_0.Stack()
        bool_0 = stack_0.isEmpty()
&gt;       assert bool_0 is True
E       assert False is True

DYNAMOSA/test_stack3_DYNAMOSA.py:59: AssertionError
_________________________________ test_case_13 _________________________________

    def test_case_13():
        stack_0 = module_0.Stack()
        none_type_0 = stack_0.push(stack_0)
        var_0 = stack_0.peek()
        bool_0 = var_0.isEmpty()
&gt;       assert bool_0 is False
E       assert True is False

DYNAMOSA/test_stack3_DYNAMOSA.py:108: AssertionError
=========================== short test summary info ============================
FAILED DYNAMOSA/test_stack3_DYNAMOSA.py::test_case_7 - assert False is True
FAILED DYNAMOSA/test_stack3_DYNAMOSA.py::test_case_13 - assert True is False
========================= 2 failed, 15 passed in 0.15s =========================
</pre></div></div></div></div></div><div class="mb-1" id="job_list___sub_accordion_20"><div class="card"><a data-toggle="collapse" data-target="#job_list___sub_collapse_20_1" aria-expanded="false" aria-controls="job_list___sub_collapse_20_1" href="#" class="job_list___sub_multi_heading"><div role="alert" class="card-header alert-danger" id="job_list___sub_heading_20_1"><button class="btn btn-outline-danger"><span class="job_id">20 : Job ID b626f831f4764464a4fe0f053b33cce7</span></button></div></a><div aria-labelledby="job_list___sub_heading_20_1" data-parent="#job_list___sub_accordion_20" class="collapse job_list___sub_multi_collapse" id="job_list___sub_collapse_20_1"><div class="card-body"><div class="work-item"><div class="alert alert-danger test-outcome" role="alert"><p>SURVIVED</p><p>worker outcome: normal</p><p>test outcome: survived</p></div></div><pre class="location"><a href="pycharm://open?file=stack3.py&amp;line=140" class="text-secondary"><button class="btn btn-outline-dark">stack3.py, start pos: (140, 12), end pos: (140, 14)</button></a></pre><pre>operator: core/ReplaceComparisonOperator_Eq_Gt, occurrence: 4</pre><div class="alert alert-secondary"><pre class="diff">--- mutation diff ---
--- astack3.py
+++ bstack3.py
@@ -137,6 +137,6 @@
         return str(self.__stack.toArray()[::-1])
 
 
-if __name__ == "__main__":
+if __name__ &gt; "__main__":
     pass
 </pre></div><div class="alert alert-secondary"><pre class="diff">============================= test session starts ==============================
platform linux -- Python 3.10.10, pytest-7.2.1, pluggy-1.0.0
rootdir: /home/auri/temp/lucca/python_experiments/stack3
collected 17 items

DYNAMOSA/test_stack3_DYNAMOSA.py .................                       [100%]

============================== 17 passed in 0.10s ==============================
</pre></div></div></div></div></div><div class="mb-1" id="job_list___sub_accordion_21"><div class="card"><a data-toggle="collapse" data-target="#job_list___sub_collapse_21_1" aria-expanded="false" aria-controls="job_list___sub_collapse_21_1" href="#" class="job_list___sub_multi_heading"><div role="alert" class="card-header alert-success" id="job_list___sub_heading_21_1"><button class="btn btn-outline-success"><span class="job_id">21 : Job ID f986b33e61dc4733832f5657e2430832</span></button></div></a><div aria-labelledby="job_list___sub_heading_21_1" data-parent="#job_list___sub_accordion_21" class="collapse job_list___sub_multi_collapse" id="job_list___sub_collapse_21_1"><div class="card-body"><div class="work-item"><div class="alert alert-success test-outcome" role="alert"><p>worker outcome: normal</p><p>test outcome: killed</p></div></div><pre class="location"><a href="pycharm://open?file=stack3.py&amp;line=24" class="text-secondary"><button class="btn btn-outline-dark">stack3.py, start pos: (24, 23), end pos: (24, 25)</button></a></pre><pre>operator: core/ReplaceComparisonOperator_Eq_GtE, occurrence: 0</pre><div class="alert alert-secondary"><pre class="diff">--- mutation diff ---
--- astack3.py
+++ bstack3.py
@@ -21,7 +21,7 @@
         """Add element to linked list."""
 
         newNode = Node(value)
-        if self.__size == 0:
+        if self.__size &gt;= 0:
             self.__head.next = newNode
             self.__head = newNode
             self.__size += 1</pre></div><div class="alert alert-secondary"><pre class="diff">============================= test session starts ==============================
platform linux -- Python 3.10.10, pytest-7.2.1, pluggy-1.0.0
rootdir: /home/auri/temp/lucca/python_experiments/stack3
collected 17 items

DYNAMOSA/test_stack3_DYNAMOSA.py ...............FF                       [100%]

=================================== FAILURES ===================================
_________________________________ test_case_15 _________________________________

    def test_case_15():
        singly_linked_list_0 = module_0.SinglyLinkedList()
        list_0 = singly_linked_list_0.toArray()
        str_0 = singly_linked_list_0.__str__()
        assert str_0 == '[None]'
        none_type_0 = singly_linked_list_0.add(singly_linked_list_0)
        bool_0 = singly_linked_list_0.isEmpty()
        assert bool_0 is False
        none_type_1 = singly_linked_list_0.add(list_0)
        bool_1 = singly_linked_list_0.isEmpty()
        assert bool_1 is False
        list_1 = singly_linked_list_0.toArray()
        var_0 = singly_linked_list_0.remove()
        assert f'{type(var_0).__module__}.{type(var_0).__qualname__}' == 'stack3.Node'
        assert var_0.value == [None]
&gt;       assert f'{type(var_0.next).__module__}.{type(var_0.next).__qualname__}' == 'stack3.Node'
E       AssertionError: assert 'builtins.NoneType' == 'stack3.Node'
E         - stack3.Node
E         + builtins.NoneType

DYNAMOSA/test_stack3_DYNAMOSA.py:141: AssertionError
_________________________________ test_case_16 _________________________________

    def test_case_16():
        singly_linked_list_0 = module_0.SinglyLinkedList()
        list_0 = singly_linked_list_0.toArray()
        str_0 = singly_linked_list_0.__str__()
        assert str_0 == '[None]'
        none_type_0 = singly_linked_list_0.add(singly_linked_list_0)
        none_type_1 = singly_linked_list_0.add(str_0)
        str_1 = singly_linked_list_0.__str__()
        bool_0 = singly_linked_list_0.isEmpty()
        assert bool_0 is False
        int_0 = singly_linked_list_0.getSize()
        assert int_0 == 2
        var_0 = singly_linked_list_0.remove()
        assert f'{type(var_0).__module__}.{type(var_0).__qualname__}' == 'stack3.Node'
        assert var_0.value == '[None]'
&gt;       assert f'{type(var_0.next).__module__}.{type(var_0.next).__qualname__}' == 'stack3.Node'
E       AssertionError: assert 'builtins.NoneType' == 'stack3.Node'
E         - stack3.Node
E         + builtins.NoneType

DYNAMOSA/test_stack3_DYNAMOSA.py:158: AssertionError
=========================== short test summary info ============================
FAILED DYNAMOSA/test_stack3_DYNAMOSA.py::test_case_15 - AssertionError: asser...
FAILED DYNAMOSA/test_stack3_DYNAMOSA.py::test_case_16 - AssertionError: asser...
========================= 2 failed, 15 passed in 0.16s =========================
</pre></div></div></div></div></div><div class="mb-1" id="job_list___sub_accordion_22"><div class="card"><a data-toggle="collapse" data-target="#job_list___sub_collapse_22_1" aria-expanded="false" aria-controls="job_list___sub_collapse_22_1" href="#" class="job_list___sub_multi_heading"><div role="alert" class="card-header alert-success" id="job_list___sub_heading_22_1"><button class="btn btn-outline-success"><span class="job_id">22 : Job ID 7455386c64a9443fac7125c3b1abe090</span></button></div></a><div aria-labelledby="job_list___sub_heading_22_1" data-parent="#job_list___sub_accordion_22" class="collapse job_list___sub_multi_collapse" id="job_list___sub_collapse_22_1"><div class="card-body"><div class="work-item"><div class="alert alert-success test-outcome" role="alert"><p>worker outcome: normal</p><p>test outcome: killed</p></div></div><pre class="location"><a href="pycharm://open?file=stack3.py&amp;line=38" class="text-secondary"><button class="btn btn-outline-dark">stack3.py, start pos: (38, 23), end pos: (38, 25)</button></a></pre><pre>operator: core/ReplaceComparisonOperator_Eq_GtE, occurrence: 1</pre><div class="alert alert-secondary"><pre class="diff">--- mutation diff ---
--- astack3.py
+++ bstack3.py
@@ -35,7 +35,7 @@
 
         """Remove node from linkedlist."""
 
-        if self.__size == 0:
+        if self.__size &gt;= 0:
             return None
         if self.__size &gt;= 1:
             nodeToRemove = self.__head</pre></div><div class="alert alert-secondary"><pre class="diff">============================= test session starts ==============================
platform linux -- Python 3.10.10, pytest-7.2.1, pluggy-1.0.0
rootdir: /home/auri/temp/lucca/python_experiments/stack3
collected 17 items

DYNAMOSA/test_stack3_DYNAMOSA.py .F..F....FF..F.FF                       [100%]

=================================== FAILURES ===================================
_________________________________ test_case_1 __________________________________

    def test_case_1():
        singly_linked_list_0 = module_0.SinglyLinkedList()
        none_type_0 = singly_linked_list_0.add(singly_linked_list_0)
        var_0 = singly_linked_list_0.remove()
&gt;       assert f'{type(var_0).__module__}.{type(var_0).__qualname__}' == 'stack3.Node'
E       AssertionError: assert 'builtins.NoneType' == 'stack3.Node'
E         - stack3.Node
E         + builtins.NoneType

DYNAMOSA/test_stack3_DYNAMOSA.py:12: AssertionError
_________________________________ test_case_4 __________________________________

    def test_case_4():
        singly_linked_list_0 = module_0.SinglyLinkedList()
        node_0 = singly_linked_list_0.getHeadNode()
        int_0 = singly_linked_list_0.getSize()
        list_0 = singly_linked_list_0.toArray()
        none_type_0 = singly_linked_list_0.add(list_0)
        bool_0 = singly_linked_list_0.isEmpty()
        assert bool_0 is False
        var_0 = singly_linked_list_0.remove()
&gt;       assert node_0.next is None
E       assert &lt;stack3.Node object at 0x7fe63500fc70&gt; is None
E        +  where &lt;stack3.Node object at 0x7fe63500fc70&gt; = &lt;stack3.Node object at 0x7fe63500faf0&gt;.next

DYNAMOSA/test_stack3_DYNAMOSA.py:37: AssertionError
_________________________________ test_case_9 __________________________________

    def test_case_9():
        singly_linked_list_0 = module_0.SinglyLinkedList()
        none_type_0 = singly_linked_list_0.add(singly_linked_list_0)
        str_0 = singly_linked_list_0.__str__()
        var_0 = singly_linked_list_0.remove()
&gt;       assert f'{type(var_0).__module__}.{type(var_0).__qualname__}' == 'stack3.Node'
E       AssertionError: assert 'builtins.NoneType' == 'stack3.Node'
E         - stack3.Node
E         + builtins.NoneType

DYNAMOSA/test_stack3_DYNAMOSA.py:73: AssertionError
_________________________________ test_case_10 _________________________________

    def test_case_10():
        singly_linked_list_0 = module_0.SinglyLinkedList()
        stack_0 = module_0.Stack()
        bool_0 = False
        none_type_0 = singly_linked_list_0.add(bool_0)
        none_type_1 = stack_0.push(singly_linked_list_0)
        var_0 = singly_linked_list_0.remove()
&gt;       assert f'{type(var_0).__module__}.{type(var_0).__qualname__}' == 'stack3.Node'
E       AssertionError: assert 'builtins.NoneType' == 'stack3.Node'
E         - stack3.Node
E         + builtins.NoneType

DYNAMOSA/test_stack3_DYNAMOSA.py:88: AssertionError
_________________________________ test_case_13 _________________________________

    def test_case_13():
        stack_0 = module_0.Stack()
        none_type_0 = stack_0.push(stack_0)
        var_0 = stack_0.peek()
        bool_0 = var_0.isEmpty()
        assert bool_0 is False
        stack_1 = module_0.Stack()
        var_1 = stack_0.pop()
&gt;       assert f'{type(var_1).__module__}.{type(var_1).__qualname__}' == 'stack3.Node'
E       AssertionError: assert 'builtins.NoneType' == 'stack3.Node'
E         - stack3.Node
E         + builtins.NoneType

DYNAMOSA/test_stack3_DYNAMOSA.py:111: AssertionError
_________________________________ test_case_15 _________________________________

    def test_case_15():
        singly_linked_list_0 = module_0.SinglyLinkedList()
        list_0 = singly_linked_list_0.toArray()
        str_0 = singly_linked_list_0.__str__()
        assert str_0 == '[None]'
        none_type_0 = singly_linked_list_0.add(singly_linked_list_0)
        bool_0 = singly_linked_list_0.isEmpty()
        assert bool_0 is False
        none_type_1 = singly_linked_list_0.add(list_0)
        bool_1 = singly_linked_list_0.isEmpty()
        assert bool_1 is False
        list_1 = singly_linked_list_0.toArray()
        var_0 = singly_linked_list_0.remove()
&gt;       assert f'{type(var_0).__module__}.{type(var_0).__qualname__}' == 'stack3.Node'
E       AssertionError: assert 'builtins.NoneType' == 'stack3.Node'
E         - stack3.Node
E         + builtins.NoneType

DYNAMOSA/test_stack3_DYNAMOSA.py:139: AssertionError
_________________________________ test_case_16 _________________________________

    def test_case_16():
        singly_linked_list_0 = module_0.SinglyLinkedList()
        list_0 = singly_linked_list_0.toArray()
        str_0 = singly_linked_list_0.__str__()
        assert str_0 == '[None]'
        none_type_0 = singly_linked_list_0.add(singly_linked_list_0)
        none_type_1 = singly_linked_list_0.add(str_0)
        str_1 = singly_linked_list_0.__str__()
        bool_0 = singly_linked_list_0.isEmpty()
        assert bool_0 is False
        int_0 = singly_linked_list_0.getSize()
        assert int_0 == 2
        var_0 = singly_linked_list_0.remove()
&gt;       assert f'{type(var_0).__module__}.{type(var_0).__qualname__}' == 'stack3.Node'
E       AssertionError: assert 'builtins.NoneType' == 'stack3.Node'
E         - stack3.Node
E         + builtins.NoneType

DYNAMOSA/test_stack3_DYNAMOSA.py:156: AssertionError
=========================== short test summary info ============================
FAILED DYNAMOSA/test_stack3_DYNAMOSA.py::test_case_1 - AssertionError: assert...
FAILED DYNAMOSA/test_stack3_DYNAMOSA.py::test_case_4 - assert &lt;stack3.Node ob...
FAILED DYNAMOSA/test_stack3_DYNAMOSA.py::test_case_9 - AssertionError: assert...
FAILED DYNAMOSA/test_stack3_DYNAMOSA.py::test_case_10 - AssertionError: asser...
FAILED DYNAMOSA/test_stack3_DYNAMOSA.py::test_case_13 - AssertionError: asser...
FAILED DYNAMOSA/test_stack3_DYNAMOSA.py::test_case_15 - AssertionError: asser...
FAILED DYNAMOSA/test_stack3_DYNAMOSA.py::test_case_16 - AssertionError: asser...
========================= 7 failed, 10 passed in 0.22s =========================
</pre></div></div></div></div></div><div class="mb-1" id="job_list___sub_accordion_23"><div class="card"><a data-toggle="collapse" data-target="#job_list___sub_collapse_23_1" aria-expanded="false" aria-controls="job_list___sub_collapse_23_1" href="#" class="job_list___sub_multi_heading"><div role="alert" class="card-header alert-success" id="job_list___sub_heading_23_1"><button class="btn btn-outline-success"><span class="job_id">23 : Job ID aa3dd9b7243a469f85c71a8173f91d5b</span></button></div></a><div aria-labelledby="job_list___sub_heading_23_1" data-parent="#job_list___sub_accordion_23" class="collapse job_list___sub_multi_collapse" id="job_list___sub_collapse_23_1"><div class="card-body"><div class="work-item"><div class="alert alert-success test-outcome" role="alert"><p>worker outcome: normal</p><p>test outcome: killed</p></div></div><pre class="location"><a href="pycharm://open?file=stack3.py&amp;line=75" class="text-secondary"><button class="btn btn-outline-dark">stack3.py, start pos: (75, 35), end pos: (75, 37)</button></a></pre><pre>operator: core/ReplaceComparisonOperator_Eq_GtE, occurrence: 2</pre><div class="alert alert-secondary"><pre class="diff">--- mutation diff ---
--- astack3.py
+++ bstack3.py
@@ -72,7 +72,7 @@
 
         """Checks if linkedlist is empty."""
 
-        return True if self.__size == 0 else False
+        return True if self.__size &gt;= 0 else False
 
     def toArray(self) -&gt; list:
 </pre></div><div class="alert alert-secondary"><pre class="diff">============================= test session starts ==============================
platform linux -- Python 3.10.10, pytest-7.2.1, pluggy-1.0.0
rootdir: /home/auri/temp/lucca/python_experiments/stack3
collected 17 items

DYNAMOSA/test_stack3_DYNAMOSA.py ....F..........FF                       [100%]

=================================== FAILURES ===================================
_________________________________ test_case_4 __________________________________

    def test_case_4():
        singly_linked_list_0 = module_0.SinglyLinkedList()
        node_0 = singly_linked_list_0.getHeadNode()
        int_0 = singly_linked_list_0.getSize()
        list_0 = singly_linked_list_0.toArray()
        none_type_0 = singly_linked_list_0.add(list_0)
        bool_0 = singly_linked_list_0.isEmpty()
&gt;       assert bool_0 is False
E       assert True is False

DYNAMOSA/test_stack3_DYNAMOSA.py:35: AssertionError
_________________________________ test_case_15 _________________________________

    def test_case_15():
        singly_linked_list_0 = module_0.SinglyLinkedList()
        list_0 = singly_linked_list_0.toArray()
        str_0 = singly_linked_list_0.__str__()
        assert str_0 == '[None]'
        none_type_0 = singly_linked_list_0.add(singly_linked_list_0)
        bool_0 = singly_linked_list_0.isEmpty()
&gt;       assert bool_0 is False
E       assert True is False

DYNAMOSA/test_stack3_DYNAMOSA.py:133: AssertionError
_________________________________ test_case_16 _________________________________

    def test_case_16():
        singly_linked_list_0 = module_0.SinglyLinkedList()
        list_0 = singly_linked_list_0.toArray()
        str_0 = singly_linked_list_0.__str__()
        assert str_0 == '[None]'
        none_type_0 = singly_linked_list_0.add(singly_linked_list_0)
        none_type_1 = singly_linked_list_0.add(str_0)
        str_1 = singly_linked_list_0.__str__()
        bool_0 = singly_linked_list_0.isEmpty()
&gt;       assert bool_0 is False
E       assert True is False

DYNAMOSA/test_stack3_DYNAMOSA.py:152: AssertionError
=========================== short test summary info ============================
FAILED DYNAMOSA/test_stack3_DYNAMOSA.py::test_case_4 - assert True is False
FAILED DYNAMOSA/test_stack3_DYNAMOSA.py::test_case_15 - assert True is False
FAILED DYNAMOSA/test_stack3_DYNAMOSA.py::test_case_16 - assert True is False
========================= 3 failed, 14 passed in 0.23s =========================
</pre></div></div></div></div></div><div class="mb-1" id="job_list___sub_accordion_24"><div class="card"><a data-toggle="collapse" data-target="#job_list___sub_collapse_24_1" aria-expanded="false" aria-controls="job_list___sub_collapse_24_1" href="#" class="job_list___sub_multi_heading"><div role="alert" class="card-header alert-success" id="job_list___sub_heading_24_1"><button class="btn btn-outline-success"><span class="job_id">24 : Job ID 93ab1c05f14c48668e74a15c11f0ee94</span></button></div></a><div aria-labelledby="job_list___sub_heading_24_1" data-parent="#job_list___sub_accordion_24" class="collapse job_list___sub_multi_collapse" id="job_list___sub_collapse_24_1"><div class="card-body"><div class="work-item"><div class="alert alert-success test-outcome" role="alert"><p>worker outcome: normal</p><p>test outcome: killed</p></div></div><pre class="location"><a href="pycharm://open?file=stack3.py&amp;line=125" class="text-secondary"><button class="btn btn-outline-dark">stack3.py, start pos: (125, 46), end pos: (125, 48)</button></a></pre><pre>operator: core/ReplaceComparisonOperator_Eq_GtE, occurrence: 3</pre><div class="alert alert-secondary"><pre class="diff">--- mutation diff ---
--- astack3.py
+++ bstack3.py
@@ -122,7 +122,7 @@
 
         """Check if stack is empty."""
 
-        return True if self.__stack.getSize() == 0 else False
+        return True if self.__stack.getSize() &gt;= 0 else False
 
     def getSize(self) -&gt; int:
 </pre></div><div class="alert alert-secondary"><pre class="diff">============================= test session starts ==============================
platform linux -- Python 3.10.10, pytest-7.2.1, pluggy-1.0.0
rootdir: /home/auri/temp/lucca/python_experiments/stack3
collected 17 items

DYNAMOSA/test_stack3_DYNAMOSA.py .............F...                       [100%]

=================================== FAILURES ===================================
_________________________________ test_case_13 _________________________________

    def test_case_13():
        stack_0 = module_0.Stack()
        none_type_0 = stack_0.push(stack_0)
        var_0 = stack_0.peek()
        bool_0 = var_0.isEmpty()
&gt;       assert bool_0 is False
E       assert True is False

DYNAMOSA/test_stack3_DYNAMOSA.py:108: AssertionError
=========================== short test summary info ============================
FAILED DYNAMOSA/test_stack3_DYNAMOSA.py::test_case_13 - assert True is False
========================= 1 failed, 16 passed in 0.25s =========================
</pre></div></div></div></div></div><div class="mb-1" id="job_list___sub_accordion_25"><div class="card"><a data-toggle="collapse" data-target="#job_list___sub_collapse_25_1" aria-expanded="false" aria-controls="job_list___sub_collapse_25_1" href="#" class="job_list___sub_multi_heading"><div role="alert" class="card-header alert-danger" id="job_list___sub_heading_25_1"><button class="btn btn-outline-danger"><span class="job_id">25 : Job ID 02d567e378fc4f679a97c13272f3b346</span></button></div></a><div aria-labelledby="job_list___sub_heading_25_1" data-parent="#job_list___sub_accordion_25" class="collapse job_list___sub_multi_collapse" id="job_list___sub_collapse_25_1"><div class="card-body"><div class="work-item"><div class="alert alert-danger test-outcome" role="alert"><p>SURVIVED</p><p>worker outcome: normal</p><p>test outcome: survived</p></div></div><pre class="location"><a href="pycharm://open?file=stack3.py&amp;line=140" class="text-secondary"><button class="btn btn-outline-dark">stack3.py, start pos: (140, 12), end pos: (140, 14)</button></a></pre><pre>operator: core/ReplaceComparisonOperator_Eq_GtE, occurrence: 4</pre><div class="alert alert-secondary"><pre class="diff">--- mutation diff ---
--- astack3.py
+++ bstack3.py
@@ -137,6 +137,6 @@
         return str(self.__stack.toArray()[::-1])
 
 
-if __name__ == "__main__":
+if __name__ &gt;= "__main__":
     pass
 </pre></div><div class="alert alert-secondary"><pre class="diff">============================= test session starts ==============================
platform linux -- Python 3.10.10, pytest-7.2.1, pluggy-1.0.0
rootdir: /home/auri/temp/lucca/python_experiments/stack3
collected 17 items

DYNAMOSA/test_stack3_DYNAMOSA.py .................                       [100%]

============================== 17 passed in 0.10s ==============================
</pre></div></div></div></div></div><div class="mb-1" id="job_list___sub_accordion_26"><div class="card"><a data-toggle="collapse" data-target="#job_list___sub_collapse_26_1" aria-expanded="false" aria-controls="job_list___sub_collapse_26_1" href="#" class="job_list___sub_multi_heading"><div role="alert" class="card-header alert-danger" id="job_list___sub_heading_26_1"><button class="btn btn-outline-danger"><span class="job_id">26 : Job ID 0ede614b339541b495343aa52bf96ee7</span></button></div></a><div aria-labelledby="job_list___sub_heading_26_1" data-parent="#job_list___sub_accordion_26" class="collapse job_list___sub_multi_collapse" id="job_list___sub_collapse_26_1"><div class="card-body"><div class="work-item"><div class="alert alert-danger test-outcome" role="alert"><p>SURVIVED</p><p>worker outcome: normal</p><p>test outcome: survived</p></div></div><pre class="location"><a href="pycharm://open?file=stack3.py&amp;line=140" class="text-secondary"><button class="btn btn-outline-dark">stack3.py, start pos: (140, 12), end pos: (140, 14)</button></a></pre><pre>operator: core/ReplaceComparisonOperator_Eq_Is, occurrence: 0</pre><div class="alert alert-secondary"><pre class="diff">--- mutation diff ---
--- astack3.py
+++ bstack3.py
@@ -137,6 +137,6 @@
         return str(self.__stack.toArray()[::-1])
 
 
-if __name__ == "__main__":
+if __name__ is "__main__":
     pass
 </pre></div><div class="alert alert-secondary"><pre class="diff">============================= test session starts ==============================
platform linux -- Python 3.10.10, pytest-7.2.1, pluggy-1.0.0
rootdir: /home/auri/temp/lucca/python_experiments/stack3
collected 17 items

DYNAMOSA/test_stack3_DYNAMOSA.py .................                       [100%]

=============================== warnings summary ===============================
stack3.py:140
  /home/auri/temp/lucca/python_experiments/stack3/stack3.py:140: SyntaxWarning: "is" with a literal. Did you mean "=="?
    if __name__ is "__main__":

-- Docs: https://docs.pytest.org/en/stable/how-to/capture-warnings.html
======================== 17 passed, 1 warning in 0.10s =========================
</pre></div></div></div></div></div><div class="mb-1" id="job_list___sub_accordion_27"><div class="card"><a data-toggle="collapse" data-target="#job_list___sub_collapse_27_1" aria-expanded="false" aria-controls="job_list___sub_collapse_27_1" href="#" class="job_list___sub_multi_heading"><div role="alert" class="card-header alert-danger" id="job_list___sub_heading_27_1"><button class="btn btn-outline-danger"><span class="job_id">27 : Job ID 89f740f4ba9b400796f4a90ba6928542</span></button></div></a><div aria-labelledby="job_list___sub_heading_27_1" data-parent="#job_list___sub_accordion_27" class="collapse job_list___sub_multi_collapse" id="job_list___sub_collapse_27_1"><div class="card-body"><div class="work-item"><div class="alert alert-danger test-outcome" role="alert"><p>SURVIVED</p><p>worker outcome: normal</p><p>test outcome: survived</p></div></div><pre class="location"><a href="pycharm://open?file=stack3.py&amp;line=140" class="text-secondary"><button class="btn btn-outline-dark">stack3.py, start pos: (140, 12), end pos: (140, 14)</button></a></pre><pre>operator: core/ReplaceComparisonOperator_Eq_IsNot, occurrence: 0</pre><div class="alert alert-secondary"><pre class="diff">--- mutation diff ---
--- astack3.py
+++ bstack3.py
@@ -137,6 +137,6 @@
         return str(self.__stack.toArray()[::-1])
 
 
-if __name__ == "__main__":
+if __name__ is not "__main__":
     pass
 </pre></div><div class="alert alert-secondary"><pre class="diff">============================= test session starts ==============================
platform linux -- Python 3.10.10, pytest-7.2.1, pluggy-1.0.0
rootdir: /home/auri/temp/lucca/python_experiments/stack3
collected 17 items

DYNAMOSA/test_stack3_DYNAMOSA.py .................                       [100%]

=============================== warnings summary ===============================
stack3.py:140
  /home/auri/temp/lucca/python_experiments/stack3/stack3.py:140: SyntaxWarning: "is not" with a literal. Did you mean "!="?
    if __name__ is not "__main__":

-- Docs: https://docs.pytest.org/en/stable/how-to/capture-warnings.html
======================== 17 passed, 1 warning in 0.19s =========================
</pre></div></div></div></div></div><div class="mb-1" id="job_list___sub_accordion_28"><div class="card"><a data-toggle="collapse" data-target="#job_list___sub_collapse_28_1" aria-expanded="false" aria-controls="job_list___sub_collapse_28_1" href="#" class="job_list___sub_multi_heading"><div role="alert" class="card-header alert-danger" id="job_list___sub_heading_28_1"><button class="btn btn-outline-danger"><span class="job_id">28 : Job ID 65ffa7508e7e4dcdbd4265df28ace030</span></button></div></a><div aria-labelledby="job_list___sub_heading_28_1" data-parent="#job_list___sub_accordion_28" class="collapse job_list___sub_multi_collapse" id="job_list___sub_collapse_28_1"><div class="card-body"><div class="work-item"><div class="alert alert-danger test-outcome" role="alert"><p>SURVIVED</p><p>worker outcome: normal</p><p>test outcome: survived</p></div></div><pre class="location"><a href="pycharm://open?file=stack3.py&amp;line=40" class="text-secondary"><button class="btn btn-outline-dark">stack3.py, start pos: (40, 23), end pos: (40, 25)</button></a></pre><pre>operator: core/ReplaceComparisonOperator_GtE_Eq, occurrence: 0</pre><div class="alert alert-secondary"><pre class="diff">--- mutation diff ---
--- astack3.py
+++ bstack3.py
@@ -37,7 +37,7 @@
 
         if self.__size == 0:
             return None
-        if self.__size &gt;= 1:
+        if self.__size == 1:
             nodeToRemove = self.__head
             self.__sentinel.next = None
             self.__head = self.__sentinel</pre></div><div class="alert alert-secondary"><pre class="diff">============================= test session starts ==============================
platform linux -- Python 3.10.10, pytest-7.2.1, pluggy-1.0.0
rootdir: /home/auri/temp/lucca/python_experiments/stack3
collected 17 items

DYNAMOSA/test_stack3_DYNAMOSA.py .................                       [100%]

============================== 17 passed in 0.18s ==============================
</pre></div></div></div></div></div><div class="mb-1" id="job_list___sub_accordion_29"><div class="card"><a data-toggle="collapse" data-target="#job_list___sub_collapse_29_1" aria-expanded="false" aria-controls="job_list___sub_collapse_29_1" href="#" class="job_list___sub_multi_heading"><div role="alert" class="card-header alert-success" id="job_list___sub_heading_29_1"><button class="btn btn-outline-success"><span class="job_id">29 : Job ID 470eec685832488fbd758f38d9e8885f</span></button></div></a><div aria-labelledby="job_list___sub_heading_29_1" data-parent="#job_list___sub_accordion_29" class="collapse job_list___sub_multi_collapse" id="job_list___sub_collapse_29_1"><div class="card-body"><div class="work-item"><div class="alert alert-success test-outcome" role="alert"><p>worker outcome: normal</p><p>test outcome: killed</p></div></div><pre class="location"><a href="pycharm://open?file=stack3.py&amp;line=40" class="text-secondary"><button class="btn btn-outline-dark">stack3.py, start pos: (40, 23), end pos: (40, 25)</button></a></pre><pre>operator: core/ReplaceComparisonOperator_GtE_NotEq, occurrence: 0</pre><div class="alert alert-secondary"><pre class="diff">--- mutation diff ---
--- astack3.py
+++ bstack3.py
@@ -37,7 +37,7 @@
 
         if self.__size == 0:
             return None
-        if self.__size &gt;= 1:
+        if self.__size != 1:
             nodeToRemove = self.__head
             self.__sentinel.next = None
             self.__head = self.__sentinel</pre></div><div class="alert alert-secondary"><pre class="diff">============================= test session starts ==============================
platform linux -- Python 3.10.10, pytest-7.2.1, pluggy-1.0.0
rootdir: /home/auri/temp/lucca/python_experiments/stack3
collected 17 items

DYNAMOSA/test_stack3_DYNAMOSA.py .........F...F...                       [100%]

=================================== FAILURES ===================================
_________________________________ test_case_9 __________________________________

    def test_case_9():
        singly_linked_list_0 = module_0.SinglyLinkedList()
        none_type_0 = singly_linked_list_0.add(singly_linked_list_0)
        str_0 = singly_linked_list_0.__str__()
        var_0 = singly_linked_list_0.remove()
        assert f'{type(var_0).__module__}.{type(var_0).__qualname__}' == 'stack3.Node'
        assert f'{type(var_0.value).__module__}.{type(var_0.value).__qualname__}' == 'stack3.SinglyLinkedList'
        assert var_0.next is None
        node_0 = singly_linked_list_0.getHeadNode()
&gt;       assert f'{type(node_0).__module__}.{type(node_0).__qualname__}' == 'stack3.Node'
E       AssertionError: assert 'builtins.NoneType' == 'stack3.Node'
E         - stack3.Node
E         + builtins.NoneType

DYNAMOSA/test_stack3_DYNAMOSA.py:77: AssertionError
_________________________________ test_case_13 _________________________________

    def test_case_13():
        stack_0 = module_0.Stack()
        none_type_0 = stack_0.push(stack_0)
        var_0 = stack_0.peek()
        bool_0 = var_0.isEmpty()
        assert bool_0 is False
        stack_1 = module_0.Stack()
        var_1 = stack_0.pop()
        assert f'{type(var_1).__module__}.{type(var_1).__qualname__}' == 'stack3.Node'
        assert f'{type(var_1.value).__module__}.{type(var_1.value).__qualname__}' == 'stack3.Stack'
        assert var_1.next is None
&gt;       var_2 = stack_0.peek()

DYNAMOSA/test_stack3_DYNAMOSA.py:114: 
_ _ _ _ _ _ _ _ _ _ _ _ _ _ _ _ _ _ _ _ _ _ _ _ _ _ _ _ _ _ _ _ _ _ _ _ _ _ _ _ 
stack3.py:119: in peek
    return self.__stack.getHead()
_ _ _ _ _ _ _ _ _ _ _ _ _ _ _ _ _ _ _ _ _ _ _ _ _ _ _ _ _ _ _ _ _ _ _ _ _ _ _ _ 

self = &lt;stack3.SinglyLinkedList object at 0x7f547711f970&gt;

    def getHead(self) -&gt; T:
    
        """Get value of the linkedlist head node."""
    
&gt;       return self.__head.value
E       AttributeError: 'NoneType' object has no attribute 'value'

stack3.py:57: AttributeError
=========================== short test summary info ============================
FAILED DYNAMOSA/test_stack3_DYNAMOSA.py::test_case_9 - AssertionError: assert...
FAILED DYNAMOSA/test_stack3_DYNAMOSA.py::test_case_13 - AttributeError: 'None...
========================= 2 failed, 15 passed in 0.29s =========================
</pre></div></div></div></div></div><div class="mb-1" id="job_list___sub_accordion_30"><div class="card"><a data-toggle="collapse" data-target="#job_list___sub_collapse_30_1" aria-expanded="false" aria-controls="job_list___sub_collapse_30_1" href="#" class="job_list___sub_multi_heading"><div role="alert" class="card-header alert-success" id="job_list___sub_heading_30_1"><button class="btn btn-outline-success"><span class="job_id">30 : Job ID 0d217ff56e2b4e4e8bea324ea3800b7b</span></button></div></a><div aria-labelledby="job_list___sub_heading_30_1" data-parent="#job_list___sub_accordion_30" class="collapse job_list___sub_multi_collapse" id="job_list___sub_collapse_30_1"><div class="card-body"><div class="work-item"><div class="alert alert-success test-outcome" role="alert"><p>worker outcome: normal</p><p>test outcome: killed</p></div></div><pre class="location"><a href="pycharm://open?file=stack3.py&amp;line=40" class="text-secondary"><button class="btn btn-outline-dark">stack3.py, start pos: (40, 23), end pos: (40, 25)</button></a></pre><pre>operator: core/ReplaceComparisonOperator_GtE_Lt, occurrence: 0</pre><div class="alert alert-secondary"><pre class="diff">--- mutation diff ---
--- astack3.py
+++ bstack3.py
@@ -37,7 +37,7 @@
 
         if self.__size == 0:
             return None
-        if self.__size &gt;= 1:
+        if self.__size &lt; 1:
             nodeToRemove = self.__head
             self.__sentinel.next = None
             self.__head = self.__sentinel</pre></div><div class="alert alert-secondary"><pre class="diff">============================= test session starts ==============================
platform linux -- Python 3.10.10, pytest-7.2.1, pluggy-1.0.0
rootdir: /home/auri/temp/lucca/python_experiments/stack3
collected 17 items

DYNAMOSA/test_stack3_DYNAMOSA.py .........F...F...                       [100%]

=================================== FAILURES ===================================
_________________________________ test_case_9 __________________________________

    def test_case_9():
        singly_linked_list_0 = module_0.SinglyLinkedList()
        none_type_0 = singly_linked_list_0.add(singly_linked_list_0)
        str_0 = singly_linked_list_0.__str__()
        var_0 = singly_linked_list_0.remove()
        assert f'{type(var_0).__module__}.{type(var_0).__qualname__}' == 'stack3.Node'
        assert f'{type(var_0.value).__module__}.{type(var_0.value).__qualname__}' == 'stack3.SinglyLinkedList'
        assert var_0.next is None
        node_0 = singly_linked_list_0.getHeadNode()
&gt;       assert f'{type(node_0).__module__}.{type(node_0).__qualname__}' == 'stack3.Node'
E       AssertionError: assert 'builtins.NoneType' == 'stack3.Node'
E         - stack3.Node
E         + builtins.NoneType

DYNAMOSA/test_stack3_DYNAMOSA.py:77: AssertionError
_________________________________ test_case_13 _________________________________

    def test_case_13():
        stack_0 = module_0.Stack()
        none_type_0 = stack_0.push(stack_0)
        var_0 = stack_0.peek()
        bool_0 = var_0.isEmpty()
        assert bool_0 is False
        stack_1 = module_0.Stack()
        var_1 = stack_0.pop()
        assert f'{type(var_1).__module__}.{type(var_1).__qualname__}' == 'stack3.Node'
        assert f'{type(var_1.value).__module__}.{type(var_1.value).__qualname__}' == 'stack3.Stack'
        assert var_1.next is None
&gt;       var_2 = stack_0.peek()

DYNAMOSA/test_stack3_DYNAMOSA.py:114: 
_ _ _ _ _ _ _ _ _ _ _ _ _ _ _ _ _ _ _ _ _ _ _ _ _ _ _ _ _ _ _ _ _ _ _ _ _ _ _ _ 
stack3.py:119: in peek
    return self.__stack.getHead()
_ _ _ _ _ _ _ _ _ _ _ _ _ _ _ _ _ _ _ _ _ _ _ _ _ _ _ _ _ _ _ _ _ _ _ _ _ _ _ _ 

self = &lt;stack3.SinglyLinkedList object at 0x7ff9536fb970&gt;

    def getHead(self) -&gt; T:
    
        """Get value of the linkedlist head node."""
    
&gt;       return self.__head.value
E       AttributeError: 'NoneType' object has no attribute 'value'

stack3.py:57: AttributeError
=========================== short test summary info ============================
FAILED DYNAMOSA/test_stack3_DYNAMOSA.py::test_case_9 - AssertionError: assert...
FAILED DYNAMOSA/test_stack3_DYNAMOSA.py::test_case_13 - AttributeError: 'None...
========================= 2 failed, 15 passed in 0.16s =========================
</pre></div></div></div></div></div><div class="mb-1" id="job_list___sub_accordion_31"><div class="card"><a data-toggle="collapse" data-target="#job_list___sub_collapse_31_1" aria-expanded="false" aria-controls="job_list___sub_collapse_31_1" href="#" class="job_list___sub_multi_heading"><div role="alert" class="card-header alert-danger" id="job_list___sub_heading_31_1"><button class="btn btn-outline-danger"><span class="job_id">31 : Job ID d3dbb35b8da742ea9368c513e564cc8e</span></button></div></a><div aria-labelledby="job_list___sub_heading_31_1" data-parent="#job_list___sub_accordion_31" class="collapse job_list___sub_multi_collapse" id="job_list___sub_collapse_31_1"><div class="card-body"><div class="work-item"><div class="alert alert-danger test-outcome" role="alert"><p>SURVIVED</p><p>worker outcome: normal</p><p>test outcome: survived</p></div></div><pre class="location"><a href="pycharm://open?file=stack3.py&amp;line=40" class="text-secondary"><button class="btn btn-outline-dark">stack3.py, start pos: (40, 23), end pos: (40, 25)</button></a></pre><pre>operator: core/ReplaceComparisonOperator_GtE_LtE, occurrence: 0</pre><div class="alert alert-secondary"><pre class="diff">--- mutation diff ---
--- astack3.py
+++ bstack3.py
@@ -37,7 +37,7 @@
 
         if self.__size == 0:
             return None
-        if self.__size &gt;= 1:
+        if self.__size &lt;= 1:
             nodeToRemove = self.__head
             self.__sentinel.next = None
             self.__head = self.__sentinel</pre></div><div class="alert alert-secondary"><pre class="diff">============================= test session starts ==============================
platform linux -- Python 3.10.10, pytest-7.2.1, pluggy-1.0.0
rootdir: /home/auri/temp/lucca/python_experiments/stack3
collected 17 items

DYNAMOSA/test_stack3_DYNAMOSA.py .................                       [100%]

============================== 17 passed in 0.13s ==============================
</pre></div></div></div></div></div><div class="mb-1" id="job_list___sub_accordion_32"><div class="card"><a data-toggle="collapse" data-target="#job_list___sub_collapse_32_1" aria-expanded="false" aria-controls="job_list___sub_collapse_32_1" href="#" class="job_list___sub_multi_heading"><div role="alert" class="card-header alert-success" id="job_list___sub_heading_32_1"><button class="btn btn-outline-success"><span class="job_id">32 : Job ID 34c16a7c66dc44fbb10de6ea0515e5fc</span></button></div></a><div aria-labelledby="job_list___sub_heading_32_1" data-parent="#job_list___sub_accordion_32" class="collapse job_list___sub_multi_collapse" id="job_list___sub_collapse_32_1"><div class="card-body"><div class="work-item"><div class="alert alert-success test-outcome" role="alert"><p>worker outcome: normal</p><p>test outcome: killed</p></div></div><pre class="location"><a href="pycharm://open?file=stack3.py&amp;line=40" class="text-secondary"><button class="btn btn-outline-dark">stack3.py, start pos: (40, 23), end pos: (40, 25)</button></a></pre><pre>operator: core/ReplaceComparisonOperator_GtE_Gt, occurrence: 0</pre><div class="alert alert-secondary"><pre class="diff">--- mutation diff ---
--- astack3.py
+++ bstack3.py
@@ -37,7 +37,7 @@
 
         if self.__size == 0:
             return None
-        if self.__size &gt;= 1:
+        if self.__size &gt; 1:
             nodeToRemove = self.__head
             self.__sentinel.next = None
             self.__head = self.__sentinel</pre></div><div class="alert alert-secondary"><pre class="diff">============================= test session starts ==============================
platform linux -- Python 3.10.10, pytest-7.2.1, pluggy-1.0.0
rootdir: /home/auri/temp/lucca/python_experiments/stack3
collected 17 items

DYNAMOSA/test_stack3_DYNAMOSA.py .........F...F...                       [100%]

=================================== FAILURES ===================================
_________________________________ test_case_9 __________________________________

    def test_case_9():
        singly_linked_list_0 = module_0.SinglyLinkedList()
        none_type_0 = singly_linked_list_0.add(singly_linked_list_0)
        str_0 = singly_linked_list_0.__str__()
        var_0 = singly_linked_list_0.remove()
        assert f'{type(var_0).__module__}.{type(var_0).__qualname__}' == 'stack3.Node'
        assert f'{type(var_0.value).__module__}.{type(var_0.value).__qualname__}' == 'stack3.SinglyLinkedList'
        assert var_0.next is None
        node_0 = singly_linked_list_0.getHeadNode()
&gt;       assert f'{type(node_0).__module__}.{type(node_0).__qualname__}' == 'stack3.Node'
E       AssertionError: assert 'builtins.NoneType' == 'stack3.Node'
E         - stack3.Node
E         + builtins.NoneType

DYNAMOSA/test_stack3_DYNAMOSA.py:77: AssertionError
_________________________________ test_case_13 _________________________________

    def test_case_13():
        stack_0 = module_0.Stack()
        none_type_0 = stack_0.push(stack_0)
        var_0 = stack_0.peek()
        bool_0 = var_0.isEmpty()
        assert bool_0 is False
        stack_1 = module_0.Stack()
        var_1 = stack_0.pop()
        assert f'{type(var_1).__module__}.{type(var_1).__qualname__}' == 'stack3.Node'
        assert f'{type(var_1.value).__module__}.{type(var_1.value).__qualname__}' == 'stack3.Stack'
        assert var_1.next is None
&gt;       var_2 = stack_0.peek()

DYNAMOSA/test_stack3_DYNAMOSA.py:114: 
_ _ _ _ _ _ _ _ _ _ _ _ _ _ _ _ _ _ _ _ _ _ _ _ _ _ _ _ _ _ _ _ _ _ _ _ _ _ _ _ 
stack3.py:119: in peek
    return self.__stack.getHead()
_ _ _ _ _ _ _ _ _ _ _ _ _ _ _ _ _ _ _ _ _ _ _ _ _ _ _ _ _ _ _ _ _ _ _ _ _ _ _ _ 

self = &lt;stack3.SinglyLinkedList object at 0x7f8c50d7b970&gt;

    def getHead(self) -&gt; T:
    
        """Get value of the linkedlist head node."""
    
&gt;       return self.__head.value
E       AttributeError: 'NoneType' object has no attribute 'value'

stack3.py:57: AttributeError
=========================== short test summary info ============================
FAILED DYNAMOSA/test_stack3_DYNAMOSA.py::test_case_9 - AssertionError: assert...
FAILED DYNAMOSA/test_stack3_DYNAMOSA.py::test_case_13 - AttributeError: 'None...
========================= 2 failed, 15 passed in 0.23s =========================
</pre></div></div></div></div></div><div class="mb-1" id="job_list___sub_accordion_33"><div class="card"><a data-toggle="collapse" data-target="#job_list___sub_collapse_33_1" aria-expanded="false" aria-controls="job_list___sub_collapse_33_1" href="#" class="job_list___sub_multi_heading"><div role="alert" class="card-header alert-danger" id="job_list___sub_heading_33_1"><button class="btn btn-outline-danger"><span class="job_id">33 : Job ID 897b05af64814411a64c4d0a9ecb5710</span></button></div></a><div aria-labelledby="job_list___sub_heading_33_1" data-parent="#job_list___sub_accordion_33" class="collapse job_list___sub_multi_collapse" id="job_list___sub_collapse_33_1"><div class="card-body"><div class="work-item"><div class="alert alert-danger test-outcome" role="alert"><p>SURVIVED</p><p>worker outcome: normal</p><p>test outcome: survived</p></div></div><pre class="location"><a href="pycharm://open?file=stack3.py&amp;line=137" class="text-secondary"><button class="btn btn-outline-dark">stack3.py, start pos: (137, 44), end pos: (137, 45)</button></a></pre><pre>operator: core/ReplaceUnaryOperator_USub_UAdd, occurrence: 0</pre><div class="alert alert-secondary"><pre class="diff">--- mutation diff ---
--- astack3.py
+++ bstack3.py
@@ -134,7 +134,7 @@
 
         """Get string representation of the stack."""
 
-        return str(self.__stack.toArray()[::-1])
+        return str(self.__stack.toArray()[::+1])
 
 
 if __name__ == "__main__":</pre></div><div class="alert alert-secondary"><pre class="diff">============================= test session starts ==============================
platform linux -- Python 3.10.10, pytest-7.2.1, pluggy-1.0.0
rootdir: /home/auri/temp/lucca/python_experiments/stack3
collected 17 items

DYNAMOSA/test_stack3_DYNAMOSA.py .................                       [100%]

============================== 17 passed in 0.10s ==============================
</pre></div></div></div></div></div><div class="mb-1" id="job_list___sub_accordion_34"><div class="card"><a data-toggle="collapse" data-target="#job_list___sub_collapse_34_1" aria-expanded="false" aria-controls="job_list___sub_collapse_34_1" href="#" class="job_list___sub_multi_heading"><div role="alert" class="card-header alert-danger" id="job_list___sub_heading_34_1"><button class="btn btn-outline-danger"><span class="job_id">34 : Job ID a55f1779571b45c18f6fff8b16252171</span></button></div></a><div aria-labelledby="job_list___sub_heading_34_1" data-parent="#job_list___sub_accordion_34" class="collapse job_list___sub_multi_collapse" id="job_list___sub_collapse_34_1"><div class="card-body"><div class="work-item"><div class="alert alert-danger test-outcome" role="alert"><p>SURVIVED</p><p>worker outcome: normal</p><p>test outcome: survived</p></div></div><pre class="location"><a href="pycharm://open?file=stack3.py&amp;line=137" class="text-secondary"><button class="btn btn-outline-dark">stack3.py, start pos: (137, 44), end pos: (137, 45)</button></a></pre><pre>operator: core/ReplaceUnaryOperator_USub_Invert, occurrence: 0</pre><div class="alert alert-secondary"><pre class="diff">--- mutation diff ---
--- astack3.py
+++ bstack3.py
@@ -134,7 +134,7 @@
 
         """Get string representation of the stack."""
 
-        return str(self.__stack.toArray()[::-1])
+        return str(self.__stack.toArray()[::~1])
 
 
 if __name__ == "__main__":</pre></div><div class="alert alert-secondary"><pre class="diff">============================= test session starts ==============================
platform linux -- Python 3.10.10, pytest-7.2.1, pluggy-1.0.0
rootdir: /home/auri/temp/lucca/python_experiments/stack3
collected 17 items

DYNAMOSA/test_stack3_DYNAMOSA.py .................                       [100%]

============================== 17 passed in 0.10s ==============================
</pre></div></div></div></div></div><div class="mb-1" id="job_list___sub_accordion_35"><div class="card"><a data-toggle="collapse" data-target="#job_list___sub_collapse_35_1" aria-expanded="false" aria-controls="job_list___sub_collapse_35_1" href="#" class="job_list___sub_multi_heading"><div role="alert" class="card-header alert-success" id="job_list___sub_heading_35_1"><button class="btn btn-outline-success"><span class="job_id">35 : Job ID 73dd0a3e648e4944bda8502f88031ebb</span></button></div></a><div aria-labelledby="job_list___sub_heading_35_1" data-parent="#job_list___sub_accordion_35" class="collapse job_list___sub_multi_collapse" id="job_list___sub_collapse_35_1"><div class="card-body"><div class="work-item"><div class="alert alert-success test-outcome" role="alert"><p>worker outcome: normal</p><p>test outcome: killed</p></div></div><pre class="location"><a href="pycharm://open?file=stack3.py&amp;line=137" class="text-secondary"><button class="btn btn-outline-dark">stack3.py, start pos: (137, 44), end pos: (137, 45)</button></a></pre><pre>operator: core/ReplaceUnaryOperator_USub_Not, occurrence: 0</pre><div class="alert alert-secondary"><pre class="diff">--- mutation diff ---
--- astack3.py
+++ bstack3.py
@@ -134,7 +134,7 @@
 
         """Get string representation of the stack."""
 
-        return str(self.__stack.toArray()[::-1])
+        return str(self.__stack.toArray()[::not 1])
 
 
 if __name__ == "__main__":</pre></div><div class="alert alert-secondary"><pre class="diff">============================= test session starts ==============================
platform linux -- Python 3.10.10, pytest-7.2.1, pluggy-1.0.0
rootdir: /home/auri/temp/lucca/python_experiments/stack3
collected 17 items

DYNAMOSA/test_stack3_DYNAMOSA.py .....F......F....                       [100%]

=================================== FAILURES ===================================
_________________________________ test_case_5 __________________________________

    def test_case_5():
        stack_0 = module_0.Stack()
&gt;       str_0 = stack_0.__str__()

DYNAMOSA/test_stack3_DYNAMOSA.py:48: 
_ _ _ _ _ _ _ _ _ _ _ _ _ _ _ _ _ _ _ _ _ _ _ _ _ _ _ _ _ _ _ _ _ _ _ _ _ _ _ _ 

self = &lt;stack3.Stack object at 0x7f6604426f80&gt;

    def __str__(self) -&gt; str:
    
        """Get string representation of the stack."""
    
&gt;       return str(self.__stack.toArray()[::not 1])
E       ValueError: slice step cannot be zero

stack3.py:137: ValueError
_________________________________ test_case_12 _________________________________

    def test_case_12():
        stack_0 = module_0.Stack()
&gt;       str_0 = stack_0.__str__()

DYNAMOSA/test_stack3_DYNAMOSA.py:98: 
_ _ _ _ _ _ _ _ _ _ _ _ _ _ _ _ _ _ _ _ _ _ _ _ _ _ _ _ _ _ _ _ _ _ _ _ _ _ _ _ 

self = &lt;stack3.Stack object at 0x7f66042b87c0&gt;

    def __str__(self) -&gt; str:
    
        """Get string representation of the stack."""
    
&gt;       return str(self.__stack.toArray()[::not 1])
E       ValueError: slice step cannot be zero

stack3.py:137: ValueError
=========================== short test summary info ============================
FAILED DYNAMOSA/test_stack3_DYNAMOSA.py::test_case_5 - ValueError: slice step...
FAILED DYNAMOSA/test_stack3_DYNAMOSA.py::test_case_12 - ValueError: slice ste...
========================= 2 failed, 15 passed in 0.18s =========================
</pre></div></div></div></div></div><div class="mb-1" id="job_list___sub_accordion_36"><div class="card"><a data-toggle="collapse" data-target="#job_list___sub_collapse_36_1" aria-expanded="false" aria-controls="job_list___sub_collapse_36_1" href="#" class="job_list___sub_multi_heading"><div role="alert" class="card-header alert-danger" id="job_list___sub_heading_36_1"><button class="btn btn-outline-danger"><span class="job_id">36 : Job ID c3b2941913574354834db00af6e20365</span></button></div></a><div aria-labelledby="job_list___sub_heading_36_1" data-parent="#job_list___sub_accordion_36" class="collapse job_list___sub_multi_collapse" id="job_list___sub_collapse_36_1"><div class="card-body"><div class="work-item"><div class="alert alert-danger test-outcome" role="alert"><p>SURVIVED</p><p>worker outcome: normal</p><p>test outcome: survived</p></div></div><pre class="location"><a href="pycharm://open?file=stack3.py&amp;line=137" class="text-secondary"><button class="btn btn-outline-dark">stack3.py, start pos: (137, 44), end pos: (137, 45)</button></a></pre><pre>operator: core/ReplaceUnaryOperator_Delete_USub, occurrence: 0</pre><div class="alert alert-secondary"><pre class="diff">--- mutation diff ---
--- astack3.py
+++ bstack3.py
@@ -134,7 +134,7 @@
 
         """Get string representation of the stack."""
 
-        return str(self.__stack.toArray()[::-1])
+        return str(self.__stack.toArray()[::1])
 
 
 if __name__ == "__main__":</pre></div><div class="alert alert-secondary"><pre class="diff">============================= test session starts ==============================
platform linux -- Python 3.10.10, pytest-7.2.1, pluggy-1.0.0
rootdir: /home/auri/temp/lucca/python_experiments/stack3
collected 17 items

DYNAMOSA/test_stack3_DYNAMOSA.py .................                       [100%]

============================== 17 passed in 0.15s ==============================
</pre></div></div></div></div></div><div class="mb-1" id="job_list___sub_accordion_37"><div class="card"><a data-toggle="collapse" data-target="#job_list___sub_collapse_37_1" aria-expanded="false" aria-controls="job_list___sub_collapse_37_1" href="#" class="job_list___sub_multi_heading"><div role="alert" class="card-header alert-success" id="job_list___sub_heading_37_1"><button class="btn btn-outline-success"><span class="job_id">37 : Job ID 92cfc31b216e4b459e817593400ddd30</span></button></div></a><div aria-labelledby="job_list___sub_heading_37_1" data-parent="#job_list___sub_accordion_37" class="collapse job_list___sub_multi_collapse" id="job_list___sub_collapse_37_1"><div class="card-body"><div class="work-item"><div class="alert alert-success test-outcome" role="alert"><p>worker outcome: normal</p><p>test outcome: killed</p></div></div><pre class="location"><a href="pycharm://open?file=stack3.py&amp;line=24" class="text-secondary"><button class="btn btn-outline-dark">stack3.py, start pos: (24, 11), end pos: (24, 27)</button></a></pre><pre>operator: core/AddNot, occurrence: 0</pre><div class="alert alert-secondary"><pre class="diff">--- mutation diff ---
--- astack3.py
+++ bstack3.py
@@ -21,7 +21,7 @@
         """Add element to linked list."""
 
         newNode = Node(value)
-        if self.__size == 0:
+        if not self.__size == 0:
             self.__head.next = newNode
             self.__head = newNode
             self.__size += 1</pre></div><div class="alert alert-secondary"><pre class="diff">timeout</pre></div></div></div></div></div><div class="mb-1" id="job_list___sub_accordion_38"><div class="card"><a data-toggle="collapse" data-target="#job_list___sub_collapse_38_1" aria-expanded="false" aria-controls="job_list___sub_collapse_38_1" href="#" class="job_list___sub_multi_heading"><div role="alert" class="card-header alert-success" id="job_list___sub_heading_38_1"><button class="btn btn-outline-success"><span class="job_id">38 : Job ID 5eaddf142cec40578f9428fc4d58afa8</span></button></div></a><div aria-labelledby="job_list___sub_heading_38_1" data-parent="#job_list___sub_accordion_38" class="collapse job_list___sub_multi_collapse" id="job_list___sub_collapse_38_1"><div class="card-body"><div class="work-item"><div class="alert alert-success test-outcome" role="alert"><p>worker outcome: normal</p><p>test outcome: killed</p></div></div><pre class="location"><a href="pycharm://open?file=stack3.py&amp;line=38" class="text-secondary"><button class="btn btn-outline-dark">stack3.py, start pos: (38, 11), end pos: (38, 27)</button></a></pre><pre>operator: core/AddNot, occurrence: 1</pre><div class="alert alert-secondary"><pre class="diff">--- mutation diff ---
--- astack3.py
+++ bstack3.py
@@ -35,7 +35,7 @@
 
         """Remove node from linkedlist."""
 
-        if self.__size == 0:
+        if not self.__size == 0:
             return None
         if self.__size &gt;= 1:
             nodeToRemove = self.__head</pre></div><div class="alert alert-secondary"><pre class="diff">============================= test session starts ==============================
platform linux -- Python 3.10.10, pytest-7.2.1, pluggy-1.0.0
rootdir: /home/auri/temp/lucca/python_experiments/stack3
collected 17 items

DYNAMOSA/test_stack3_DYNAMOSA.py .F..F....FF..F.FF                       [100%]

=================================== FAILURES ===================================
_________________________________ test_case_1 __________________________________

    def test_case_1():
        singly_linked_list_0 = module_0.SinglyLinkedList()
        none_type_0 = singly_linked_list_0.add(singly_linked_list_0)
        var_0 = singly_linked_list_0.remove()
&gt;       assert f'{type(var_0).__module__}.{type(var_0).__qualname__}' == 'stack3.Node'
E       AssertionError: assert 'builtins.NoneType' == 'stack3.Node'
E         - stack3.Node
E         + builtins.NoneType

DYNAMOSA/test_stack3_DYNAMOSA.py:12: AssertionError
_________________________________ test_case_4 __________________________________

    def test_case_4():
        singly_linked_list_0 = module_0.SinglyLinkedList()
        node_0 = singly_linked_list_0.getHeadNode()
        int_0 = singly_linked_list_0.getSize()
        list_0 = singly_linked_list_0.toArray()
        none_type_0 = singly_linked_list_0.add(list_0)
        bool_0 = singly_linked_list_0.isEmpty()
        assert bool_0 is False
        var_0 = singly_linked_list_0.remove()
&gt;       assert node_0.next is None
E       assert &lt;stack3.Node object at 0x7f230c993be0&gt; is None
E        +  where &lt;stack3.Node object at 0x7f230c993be0&gt; = &lt;stack3.Node object at 0x7f230c993a90&gt;.next

DYNAMOSA/test_stack3_DYNAMOSA.py:37: AssertionError
_________________________________ test_case_9 __________________________________

    def test_case_9():
        singly_linked_list_0 = module_0.SinglyLinkedList()
        none_type_0 = singly_linked_list_0.add(singly_linked_list_0)
        str_0 = singly_linked_list_0.__str__()
        var_0 = singly_linked_list_0.remove()
&gt;       assert f'{type(var_0).__module__}.{type(var_0).__qualname__}' == 'stack3.Node'
E       AssertionError: assert 'builtins.NoneType' == 'stack3.Node'
E         - stack3.Node
E         + builtins.NoneType

DYNAMOSA/test_stack3_DYNAMOSA.py:73: AssertionError
_________________________________ test_case_10 _________________________________

    def test_case_10():
        singly_linked_list_0 = module_0.SinglyLinkedList()
        stack_0 = module_0.Stack()
        bool_0 = False
        none_type_0 = singly_linked_list_0.add(bool_0)
        none_type_1 = stack_0.push(singly_linked_list_0)
        var_0 = singly_linked_list_0.remove()
&gt;       assert f'{type(var_0).__module__}.{type(var_0).__qualname__}' == 'stack3.Node'
E       AssertionError: assert 'builtins.NoneType' == 'stack3.Node'
E         - stack3.Node
E         + builtins.NoneType

DYNAMOSA/test_stack3_DYNAMOSA.py:88: AssertionError
_________________________________ test_case_13 _________________________________

    def test_case_13():
        stack_0 = module_0.Stack()
        none_type_0 = stack_0.push(stack_0)
        var_0 = stack_0.peek()
        bool_0 = var_0.isEmpty()
        assert bool_0 is False
        stack_1 = module_0.Stack()
        var_1 = stack_0.pop()
&gt;       assert f'{type(var_1).__module__}.{type(var_1).__qualname__}' == 'stack3.Node'
E       AssertionError: assert 'builtins.NoneType' == 'stack3.Node'
E         - stack3.Node
E         + builtins.NoneType

DYNAMOSA/test_stack3_DYNAMOSA.py:111: AssertionError
_________________________________ test_case_15 _________________________________

    def test_case_15():
        singly_linked_list_0 = module_0.SinglyLinkedList()
        list_0 = singly_linked_list_0.toArray()
        str_0 = singly_linked_list_0.__str__()
        assert str_0 == '[None]'
        none_type_0 = singly_linked_list_0.add(singly_linked_list_0)
        bool_0 = singly_linked_list_0.isEmpty()
        assert bool_0 is False
        none_type_1 = singly_linked_list_0.add(list_0)
        bool_1 = singly_linked_list_0.isEmpty()
        assert bool_1 is False
        list_1 = singly_linked_list_0.toArray()
        var_0 = singly_linked_list_0.remove()
&gt;       assert f'{type(var_0).__module__}.{type(var_0).__qualname__}' == 'stack3.Node'
E       AssertionError: assert 'builtins.NoneType' == 'stack3.Node'
E         - stack3.Node
E         + builtins.NoneType

DYNAMOSA/test_stack3_DYNAMOSA.py:139: AssertionError
_________________________________ test_case_16 _________________________________

    def test_case_16():
        singly_linked_list_0 = module_0.SinglyLinkedList()
        list_0 = singly_linked_list_0.toArray()
        str_0 = singly_linked_list_0.__str__()
        assert str_0 == '[None]'
        none_type_0 = singly_linked_list_0.add(singly_linked_list_0)
        none_type_1 = singly_linked_list_0.add(str_0)
        str_1 = singly_linked_list_0.__str__()
        bool_0 = singly_linked_list_0.isEmpty()
        assert bool_0 is False
        int_0 = singly_linked_list_0.getSize()
        assert int_0 == 2
        var_0 = singly_linked_list_0.remove()
&gt;       assert f'{type(var_0).__module__}.{type(var_0).__qualname__}' == 'stack3.Node'
E       AssertionError: assert 'builtins.NoneType' == 'stack3.Node'
E         - stack3.Node
E         + builtins.NoneType

DYNAMOSA/test_stack3_DYNAMOSA.py:156: AssertionError
=========================== short test summary info ============================
FAILED DYNAMOSA/test_stack3_DYNAMOSA.py::test_case_1 - AssertionError: assert...
FAILED DYNAMOSA/test_stack3_DYNAMOSA.py::test_case_4 - assert &lt;stack3.Node ob...
FAILED DYNAMOSA/test_stack3_DYNAMOSA.py::test_case_9 - AssertionError: assert...
FAILED DYNAMOSA/test_stack3_DYNAMOSA.py::test_case_10 - AssertionError: asser...
FAILED DYNAMOSA/test_stack3_DYNAMOSA.py::test_case_13 - AssertionError: asser...
FAILED DYNAMOSA/test_stack3_DYNAMOSA.py::test_case_15 - AssertionError: asser...
FAILED DYNAMOSA/test_stack3_DYNAMOSA.py::test_case_16 - AssertionError: asser...
========================= 7 failed, 10 passed in 0.37s =========================
</pre></div></div></div></div></div><div class="mb-1" id="job_list___sub_accordion_39"><div class="card"><a data-toggle="collapse" data-target="#job_list___sub_collapse_39_1" aria-expanded="false" aria-controls="job_list___sub_collapse_39_1" href="#" class="job_list___sub_multi_heading"><div role="alert" class="card-header alert-success" id="job_list___sub_heading_39_1"><button class="btn btn-outline-success"><span class="job_id">39 : Job ID 92442720db934603a2d197aa2c3fe21b</span></button></div></a><div aria-labelledby="job_list___sub_heading_39_1" data-parent="#job_list___sub_accordion_39" class="collapse job_list___sub_multi_collapse" id="job_list___sub_collapse_39_1"><div class="card-body"><div class="work-item"><div class="alert alert-success test-outcome" role="alert"><p>worker outcome: normal</p><p>test outcome: killed</p></div></div><pre class="location"><a href="pycharm://open?file=stack3.py&amp;line=40" class="text-secondary"><button class="btn btn-outline-dark">stack3.py, start pos: (40, 11), end pos: (40, 27)</button></a></pre><pre>operator: core/AddNot, occurrence: 2</pre><div class="alert alert-secondary"><pre class="diff">--- mutation diff ---
--- astack3.py
+++ bstack3.py
@@ -37,7 +37,7 @@
 
         if self.__size == 0:
             return None
-        if self.__size &gt;= 1:
+        if not self.__size &gt;= 1:
             nodeToRemove = self.__head
             self.__sentinel.next = None
             self.__head = self.__sentinel</pre></div><div class="alert alert-secondary"><pre class="diff">============================= test session starts ==============================
platform linux -- Python 3.10.10, pytest-7.2.1, pluggy-1.0.0
rootdir: /home/auri/temp/lucca/python_experiments/stack3
collected 17 items

DYNAMOSA/test_stack3_DYNAMOSA.py .........F...F...                       [100%]

=================================== FAILURES ===================================
_________________________________ test_case_9 __________________________________

    def test_case_9():
        singly_linked_list_0 = module_0.SinglyLinkedList()
        none_type_0 = singly_linked_list_0.add(singly_linked_list_0)
        str_0 = singly_linked_list_0.__str__()
        var_0 = singly_linked_list_0.remove()
        assert f'{type(var_0).__module__}.{type(var_0).__qualname__}' == 'stack3.Node'
        assert f'{type(var_0.value).__module__}.{type(var_0.value).__qualname__}' == 'stack3.SinglyLinkedList'
        assert var_0.next is None
        node_0 = singly_linked_list_0.getHeadNode()
&gt;       assert f'{type(node_0).__module__}.{type(node_0).__qualname__}' == 'stack3.Node'
E       AssertionError: assert 'builtins.NoneType' == 'stack3.Node'
E         - stack3.Node
E         + builtins.NoneType

DYNAMOSA/test_stack3_DYNAMOSA.py:77: AssertionError
_________________________________ test_case_13 _________________________________

    def test_case_13():
        stack_0 = module_0.Stack()
        none_type_0 = stack_0.push(stack_0)
        var_0 = stack_0.peek()
        bool_0 = var_0.isEmpty()
        assert bool_0 is False
        stack_1 = module_0.Stack()
        var_1 = stack_0.pop()
        assert f'{type(var_1).__module__}.{type(var_1).__qualname__}' == 'stack3.Node'
        assert f'{type(var_1.value).__module__}.{type(var_1.value).__qualname__}' == 'stack3.Stack'
        assert var_1.next is None
&gt;       var_2 = stack_0.peek()

DYNAMOSA/test_stack3_DYNAMOSA.py:114: 
_ _ _ _ _ _ _ _ _ _ _ _ _ _ _ _ _ _ _ _ _ _ _ _ _ _ _ _ _ _ _ _ _ _ _ _ _ _ _ _ 
stack3.py:119: in peek
    return self.__stack.getHead()
_ _ _ _ _ _ _ _ _ _ _ _ _ _ _ _ _ _ _ _ _ _ _ _ _ _ _ _ _ _ _ _ _ _ _ _ _ _ _ _ 

self = &lt;stack3.SinglyLinkedList object at 0x7efd3282b970&gt;

    def getHead(self) -&gt; T:
    
        """Get value of the linkedlist head node."""
    
&gt;       return self.__head.value
E       AttributeError: 'NoneType' object has no attribute 'value'

stack3.py:57: AttributeError
=========================== short test summary info ============================
FAILED DYNAMOSA/test_stack3_DYNAMOSA.py::test_case_9 - AssertionError: assert...
FAILED DYNAMOSA/test_stack3_DYNAMOSA.py::test_case_13 - AttributeError: 'None...
========================= 2 failed, 15 passed in 0.17s =========================
</pre></div></div></div></div></div><div class="mb-1" id="job_list___sub_accordion_40"><div class="card"><a data-toggle="collapse" data-target="#job_list___sub_collapse_40_1" aria-expanded="false" aria-controls="job_list___sub_collapse_40_1" href="#" class="job_list___sub_multi_heading"><div role="alert" class="card-header alert-success" id="job_list___sub_heading_40_1"><button class="btn btn-outline-success"><span class="job_id">40 : Job ID 7f372b649eb24a51a02a823de5675956</span></button></div></a><div aria-labelledby="job_list___sub_heading_40_1" data-parent="#job_list___sub_accordion_40" class="collapse job_list___sub_multi_collapse" id="job_list___sub_collapse_40_1"><div class="card-body"><div class="work-item"><div class="alert alert-success test-outcome" role="alert"><p>worker outcome: normal</p><p>test outcome: killed</p></div></div><pre class="location"><a href="pycharm://open?file=stack3.py&amp;line=75" class="text-secondary"><button class="btn btn-outline-dark">stack3.py, start pos: (75, 23), end pos: (75, 39)</button></a></pre><pre>operator: core/AddNot, occurrence: 3</pre><div class="alert alert-secondary"><pre class="diff">--- mutation diff ---
--- astack3.py
+++ bstack3.py
@@ -72,7 +72,7 @@
 
         """Checks if linkedlist is empty."""
 
-        return True if self.__size == 0 else False
+        return True if not self.__size == 0 else False
 
     def toArray(self) -&gt; list:
 </pre></div><div class="alert alert-secondary"><pre class="diff">============================= test session starts ==============================
platform linux -- Python 3.10.10, pytest-7.2.1, pluggy-1.0.0
rootdir: /home/auri/temp/lucca/python_experiments/stack3
collected 17 items

DYNAMOSA/test_stack3_DYNAMOSA.py ...FF..........FF                       [100%]

=================================== FAILURES ===================================
_________________________________ test_case_3 __________________________________

    def test_case_3():
        singly_linked_list_0 = module_0.SinglyLinkedList()
        bool_0 = singly_linked_list_0.isEmpty()
&gt;       assert bool_0 is True
E       assert False is True

DYNAMOSA/test_stack3_DYNAMOSA.py:25: AssertionError
_________________________________ test_case_4 __________________________________

    def test_case_4():
        singly_linked_list_0 = module_0.SinglyLinkedList()
        node_0 = singly_linked_list_0.getHeadNode()
        int_0 = singly_linked_list_0.getSize()
        list_0 = singly_linked_list_0.toArray()
        none_type_0 = singly_linked_list_0.add(list_0)
        bool_0 = singly_linked_list_0.isEmpty()
&gt;       assert bool_0 is False
E       assert True is False

DYNAMOSA/test_stack3_DYNAMOSA.py:35: AssertionError
_________________________________ test_case_15 _________________________________

    def test_case_15():
        singly_linked_list_0 = module_0.SinglyLinkedList()
        list_0 = singly_linked_list_0.toArray()
        str_0 = singly_linked_list_0.__str__()
        assert str_0 == '[None]'
        none_type_0 = singly_linked_list_0.add(singly_linked_list_0)
        bool_0 = singly_linked_list_0.isEmpty()
&gt;       assert bool_0 is False
E       assert True is False

DYNAMOSA/test_stack3_DYNAMOSA.py:133: AssertionError
_________________________________ test_case_16 _________________________________

    def test_case_16():
        singly_linked_list_0 = module_0.SinglyLinkedList()
        list_0 = singly_linked_list_0.toArray()
        str_0 = singly_linked_list_0.__str__()
        assert str_0 == '[None]'
        none_type_0 = singly_linked_list_0.add(singly_linked_list_0)
        none_type_1 = singly_linked_list_0.add(str_0)
        str_1 = singly_linked_list_0.__str__()
        bool_0 = singly_linked_list_0.isEmpty()
&gt;       assert bool_0 is False
E       assert True is False

DYNAMOSA/test_stack3_DYNAMOSA.py:152: AssertionError
=========================== short test summary info ============================
FAILED DYNAMOSA/test_stack3_DYNAMOSA.py::test_case_3 - assert False is True
FAILED DYNAMOSA/test_stack3_DYNAMOSA.py::test_case_4 - assert True is False
FAILED DYNAMOSA/test_stack3_DYNAMOSA.py::test_case_15 - assert True is False
FAILED DYNAMOSA/test_stack3_DYNAMOSA.py::test_case_16 - assert True is False
========================= 4 failed, 13 passed in 0.17s =========================
</pre></div></div></div></div></div><div class="mb-1" id="job_list___sub_accordion_41"><div class="card"><a data-toggle="collapse" data-target="#job_list___sub_collapse_41_1" aria-expanded="false" aria-controls="job_list___sub_collapse_41_1" href="#" class="job_list___sub_multi_heading"><div role="alert" class="card-header alert-success" id="job_list___sub_heading_41_1"><button class="btn btn-outline-success"><span class="job_id">41 : Job ID fd2aa8b15898425094731152e31c24d6</span></button></div></a><div aria-labelledby="job_list___sub_heading_41_1" data-parent="#job_list___sub_accordion_41" class="collapse job_list___sub_multi_collapse" id="job_list___sub_collapse_41_1"><div class="card-body"><div class="work-item"><div class="alert alert-success test-outcome" role="alert"><p>worker outcome: normal</p><p>test outcome: killed</p></div></div><pre class="location"><a href="pycharm://open?file=stack3.py&amp;line=83" class="text-secondary"><button class="btn btn-outline-dark">stack3.py, start pos: (83, 14), end pos: (83, 21)</button></a></pre><pre>operator: core/AddNot, occurrence: 4</pre><div class="alert alert-secondary"><pre class="diff">--- mutation diff ---
--- astack3.py
+++ bstack3.py
@@ -80,7 +80,7 @@
 
         arr = []
         current = self.__head
-        while current:
+        while not current:
             arr.append(current.value)
             current = current.next
         return arr</pre></div><div class="alert alert-secondary"><pre class="diff">============================= test session starts ==============================
platform linux -- Python 3.10.10, pytest-7.2.1, pluggy-1.0.0
rootdir: /home/auri/temp/lucca/python_experiments/stack3
collected 17 items

DYNAMOSA/test_stack3_DYNAMOSA.py ....FF......F..F.                       [100%]

=================================== FAILURES ===================================
_________________________________ test_case_4 __________________________________

    def test_case_4():
        singly_linked_list_0 = module_0.SinglyLinkedList()
        node_0 = singly_linked_list_0.getHeadNode()
        int_0 = singly_linked_list_0.getSize()
        list_0 = singly_linked_list_0.toArray()
        none_type_0 = singly_linked_list_0.add(list_0)
        bool_0 = singly_linked_list_0.isEmpty()
        assert bool_0 is False
        var_0 = singly_linked_list_0.remove()
        assert node_0.next is None
        assert f'{type(var_0).__module__}.{type(var_0).__qualname__}' == 'stack3.Node'
&gt;       assert var_0.value == [None]
E       assert [] == [None]
E         Right contains one more item: None
E         Use -v to get more diff

DYNAMOSA/test_stack3_DYNAMOSA.py:39: AssertionError
_________________________________ test_case_5 __________________________________

    def test_case_5():
        stack_0 = module_0.Stack()
        str_0 = stack_0.__str__()
&gt;       assert str_0 == '[None]'
E       AssertionError: assert '[]' == '[None]'
E         - [None]
E         + []

DYNAMOSA/test_stack3_DYNAMOSA.py:49: AssertionError
_________________________________ test_case_12 _________________________________

    def test_case_12():
        stack_0 = module_0.Stack()
        str_0 = stack_0.__str__()
&gt;       assert str_0 == '[None]'
E       AssertionError: assert '[]' == '[None]'
E         - [None]
E         + []

DYNAMOSA/test_stack3_DYNAMOSA.py:99: AssertionError
_________________________________ test_case_15 _________________________________

    def test_case_15():
        singly_linked_list_0 = module_0.SinglyLinkedList()
        list_0 = singly_linked_list_0.toArray()
        str_0 = singly_linked_list_0.__str__()
        assert str_0 == '[None]'
        none_type_0 = singly_linked_list_0.add(singly_linked_list_0)
        bool_0 = singly_linked_list_0.isEmpty()
        assert bool_0 is False
        none_type_1 = singly_linked_list_0.add(list_0)
        bool_1 = singly_linked_list_0.isEmpty()
        assert bool_1 is False
        list_1 = singly_linked_list_0.toArray()
        var_0 = singly_linked_list_0.remove()
        assert f'{type(var_0).__module__}.{type(var_0).__qualname__}' == 'stack3.Node'
&gt;       assert var_0.value == [None]
E       assert [] == [None]
E         Right contains one more item: None
E         Use -v to get more diff

DYNAMOSA/test_stack3_DYNAMOSA.py:140: AssertionError
=========================== short test summary info ============================
FAILED DYNAMOSA/test_stack3_DYNAMOSA.py::test_case_4 - assert [] == [None]
FAILED DYNAMOSA/test_stack3_DYNAMOSA.py::test_case_5 - AssertionError: assert...
FAILED DYNAMOSA/test_stack3_DYNAMOSA.py::test_case_12 - AssertionError: asser...
FAILED DYNAMOSA/test_stack3_DYNAMOSA.py::test_case_15 - assert [] == [None]
========================= 4 failed, 13 passed in 0.18s =========================
</pre></div></div></div></div></div><div class="mb-1" id="job_list___sub_accordion_42"><div class="card"><a data-toggle="collapse" data-target="#job_list___sub_collapse_42_1" aria-expanded="false" aria-controls="job_list___sub_collapse_42_1" href="#" class="job_list___sub_multi_heading"><div role="alert" class="card-header alert-success" id="job_list___sub_heading_42_1"><button class="btn btn-outline-success"><span class="job_id">42 : Job ID 2b8e72959f50423395db288777cc6d9f</span></button></div></a><div aria-labelledby="job_list___sub_heading_42_1" data-parent="#job_list___sub_accordion_42" class="collapse job_list___sub_multi_collapse" id="job_list___sub_collapse_42_1"><div class="card-body"><div class="work-item"><div class="alert alert-success test-outcome" role="alert"><p>worker outcome: normal</p><p>test outcome: killed</p></div></div><pre class="location"><a href="pycharm://open?file=stack3.py&amp;line=94" class="text-secondary"><button class="btn btn-outline-dark">stack3.py, start pos: (94, 14), end pos: (94, 21)</button></a></pre><pre>operator: core/AddNot, occurrence: 5</pre><div class="alert alert-secondary"><pre class="diff">--- mutation diff ---
--- astack3.py
+++ bstack3.py
@@ -91,7 +91,7 @@
 
         arr = []
         current = self.__head
-        while current:
+        while not current:
             arr.append(current.value)
             current = current.next
         return str(arr)</pre></div><div class="alert alert-secondary"><pre class="diff">============================= test session starts ==============================
platform linux -- Python 3.10.10, pytest-7.2.1, pluggy-1.0.0
rootdir: /home/auri/temp/lucca/python_experiments/stack3
collected 17 items

DYNAMOSA/test_stack3_DYNAMOSA.py ......F........FF                       [100%]

=================================== FAILURES ===================================
_________________________________ test_case_6 __________________________________

    def test_case_6():
        singly_linked_list_0 = module_0.SinglyLinkedList()
        str_0 = singly_linked_list_0.__str__()
&gt;       assert str_0 == '[None]'
E       AssertionError: assert '[]' == '[None]'
E         - [None]
E         + []

DYNAMOSA/test_stack3_DYNAMOSA.py:54: AssertionError
_________________________________ test_case_15 _________________________________

    def test_case_15():
        singly_linked_list_0 = module_0.SinglyLinkedList()
        list_0 = singly_linked_list_0.toArray()
        str_0 = singly_linked_list_0.__str__()
&gt;       assert str_0 == '[None]'
E       AssertionError: assert '[]' == '[None]'
E         - [None]
E         + []

DYNAMOSA/test_stack3_DYNAMOSA.py:130: AssertionError
_________________________________ test_case_16 _________________________________

    def test_case_16():
        singly_linked_list_0 = module_0.SinglyLinkedList()
        list_0 = singly_linked_list_0.toArray()
        str_0 = singly_linked_list_0.__str__()
&gt;       assert str_0 == '[None]'
E       AssertionError: assert '[]' == '[None]'
E         - [None]
E         + []

DYNAMOSA/test_stack3_DYNAMOSA.py:147: AssertionError
=========================== short test summary info ============================
FAILED DYNAMOSA/test_stack3_DYNAMOSA.py::test_case_6 - AssertionError: assert...
FAILED DYNAMOSA/test_stack3_DYNAMOSA.py::test_case_15 - AssertionError: asser...
FAILED DYNAMOSA/test_stack3_DYNAMOSA.py::test_case_16 - AssertionError: asser...
========================= 3 failed, 14 passed in 0.23s =========================
</pre></div></div></div></div></div><div class="mb-1" id="job_list___sub_accordion_43"><div class="card"><a data-toggle="collapse" data-target="#job_list___sub_collapse_43_1" aria-expanded="false" aria-controls="job_list___sub_collapse_43_1" href="#" class="job_list___sub_multi_heading"><div role="alert" class="card-header alert-success" id="job_list___sub_heading_43_1"><button class="btn btn-outline-success"><span class="job_id">43 : Job ID e5383d87181848b38ebe3dc432bcb136</span></button></div></a><div aria-labelledby="job_list___sub_heading_43_1" data-parent="#job_list___sub_accordion_43" class="collapse job_list___sub_multi_collapse" id="job_list___sub_collapse_43_1"><div class="card-body"><div class="work-item"><div class="alert alert-success test-outcome" role="alert"><p>worker outcome: normal</p><p>test outcome: killed</p></div></div><pre class="location"><a href="pycharm://open?file=stack3.py&amp;line=125" class="text-secondary"><button class="btn btn-outline-dark">stack3.py, start pos: (125, 23), end pos: (125, 50)</button></a></pre><pre>operator: core/AddNot, occurrence: 6</pre><div class="alert alert-secondary"><pre class="diff">--- mutation diff ---
--- astack3.py
+++ bstack3.py
@@ -122,7 +122,7 @@
 
         """Check if stack is empty."""
 
-        return True if self.__stack.getSize() == 0 else False
+        return True if not self.__stack.getSize() == 0 else False
 
     def getSize(self) -&gt; int:
 </pre></div><div class="alert alert-secondary"><pre class="diff">============================= test session starts ==============================
platform linux -- Python 3.10.10, pytest-7.2.1, pluggy-1.0.0
rootdir: /home/auri/temp/lucca/python_experiments/stack3
collected 17 items

DYNAMOSA/test_stack3_DYNAMOSA.py .......F.....F...                       [100%]

=================================== FAILURES ===================================
_________________________________ test_case_7 __________________________________

    def test_case_7():
        stack_0 = module_0.Stack()
        bool_0 = stack_0.isEmpty()
&gt;       assert bool_0 is True
E       assert False is True

DYNAMOSA/test_stack3_DYNAMOSA.py:59: AssertionError
_________________________________ test_case_13 _________________________________

    def test_case_13():
        stack_0 = module_0.Stack()
        none_type_0 = stack_0.push(stack_0)
        var_0 = stack_0.peek()
        bool_0 = var_0.isEmpty()
&gt;       assert bool_0 is False
E       assert True is False

DYNAMOSA/test_stack3_DYNAMOSA.py:108: AssertionError
=========================== short test summary info ============================
FAILED DYNAMOSA/test_stack3_DYNAMOSA.py::test_case_7 - assert False is True
FAILED DYNAMOSA/test_stack3_DYNAMOSA.py::test_case_13 - assert True is False
========================= 2 failed, 15 passed in 0.15s =========================
</pre></div></div></div></div></div><div class="mb-1" id="job_list___sub_accordion_44"><div class="card"><a data-toggle="collapse" data-target="#job_list___sub_collapse_44_1" aria-expanded="false" aria-controls="job_list___sub_collapse_44_1" href="#" class="job_list___sub_multi_heading"><div role="alert" class="card-header alert-danger" id="job_list___sub_heading_44_1"><button class="btn btn-outline-danger"><span class="job_id">44 : Job ID 14cd069360604c0d98a4e0bc8c178e6b</span></button></div></a><div aria-labelledby="job_list___sub_heading_44_1" data-parent="#job_list___sub_accordion_44" class="collapse job_list___sub_multi_collapse" id="job_list___sub_collapse_44_1"><div class="card-body"><div class="work-item"><div class="alert alert-danger test-outcome" role="alert"><p>SURVIVED</p><p>worker outcome: normal</p><p>test outcome: survived</p></div></div><pre class="location"><a href="pycharm://open?file=stack3.py&amp;line=140" class="text-secondary"><button class="btn btn-outline-dark">stack3.py, start pos: (140, 3), end pos: (140, 25)</button></a></pre><pre>operator: core/AddNot, occurrence: 7</pre><div class="alert alert-secondary"><pre class="diff">--- mutation diff ---
--- astack3.py
+++ bstack3.py
@@ -137,6 +137,6 @@
         return str(self.__stack.toArray()[::-1])
 
 
-if __name__ == "__main__":
+if not __name__ == "__main__":
     pass
 </pre></div><div class="alert alert-secondary"><pre class="diff">============================= test session starts ==============================
platform linux -- Python 3.10.10, pytest-7.2.1, pluggy-1.0.0
rootdir: /home/auri/temp/lucca/python_experiments/stack3
collected 17 items

DYNAMOSA/test_stack3_DYNAMOSA.py .................                       [100%]

============================== 17 passed in 0.09s ==============================
</pre></div></div></div></div></div><div class="mb-1" id="job_list___sub_accordion_45"><div class="card"><a data-toggle="collapse" data-target="#job_list___sub_collapse_45_1" aria-expanded="false" aria-controls="job_list___sub_collapse_45_1" href="#" class="job_list___sub_multi_heading"><div role="alert" class="card-header alert-success" id="job_list___sub_heading_45_1"><button class="btn btn-outline-success"><span class="job_id">45 : Job ID b666ecc325e149999b7bfc42fa3a046e</span></button></div></a><div aria-labelledby="job_list___sub_heading_45_1" data-parent="#job_list___sub_accordion_45" class="collapse job_list___sub_multi_collapse" id="job_list___sub_collapse_45_1"><div class="card-body"><div class="work-item"><div class="alert alert-success test-outcome" role="alert"><p>worker outcome: normal</p><p>test outcome: killed</p></div></div><pre class="location"><a href="pycharm://open?file=stack3.py&amp;line=75" class="text-secondary"><button class="btn btn-outline-dark">stack3.py, start pos: (75, 15), end pos: (75, 19)</button></a></pre><pre>operator: core/ReplaceTrueWithFalse, occurrence: 0</pre><div class="alert alert-secondary"><pre class="diff">--- mutation diff ---
--- astack3.py
+++ bstack3.py
@@ -72,7 +72,7 @@
 
         """Checks if linkedlist is empty."""
 
-        return True if self.__size == 0 else False
+        return False if self.__size == 0 else False
 
     def toArray(self) -&gt; list:
 </pre></div><div class="alert alert-secondary"><pre class="diff">============================= test session starts ==============================
platform linux -- Python 3.10.10, pytest-7.2.1, pluggy-1.0.0
rootdir: /home/auri/temp/lucca/python_experiments/stack3
collected 17 items

DYNAMOSA/test_stack3_DYNAMOSA.py ...F.............                       [100%]

=================================== FAILURES ===================================
_________________________________ test_case_3 __________________________________

    def test_case_3():
        singly_linked_list_0 = module_0.SinglyLinkedList()
        bool_0 = singly_linked_list_0.isEmpty()
&gt;       assert bool_0 is True
E       assert False is True

DYNAMOSA/test_stack3_DYNAMOSA.py:25: AssertionError
=========================== short test summary info ============================
FAILED DYNAMOSA/test_stack3_DYNAMOSA.py::test_case_3 - assert False is True
========================= 1 failed, 16 passed in 0.26s =========================
</pre></div></div></div></div></div><div class="mb-1" id="job_list___sub_accordion_46"><div class="card"><a data-toggle="collapse" data-target="#job_list___sub_collapse_46_1" aria-expanded="false" aria-controls="job_list___sub_collapse_46_1" href="#" class="job_list___sub_multi_heading"><div role="alert" class="card-header alert-success" id="job_list___sub_heading_46_1"><button class="btn btn-outline-success"><span class="job_id">46 : Job ID fc124c280bcd4459bce2e9b56a874883</span></button></div></a><div aria-labelledby="job_list___sub_heading_46_1" data-parent="#job_list___sub_accordion_46" class="collapse job_list___sub_multi_collapse" id="job_list___sub_collapse_46_1"><div class="card-body"><div class="work-item"><div class="alert alert-success test-outcome" role="alert"><p>worker outcome: normal</p><p>test outcome: killed</p></div></div><pre class="location"><a href="pycharm://open?file=stack3.py&amp;line=125" class="text-secondary"><button class="btn btn-outline-dark">stack3.py, start pos: (125, 15), end pos: (125, 19)</button></a></pre><pre>operator: core/ReplaceTrueWithFalse, occurrence: 1</pre><div class="alert alert-secondary"><pre class="diff">--- mutation diff ---
--- astack3.py
+++ bstack3.py
@@ -122,7 +122,7 @@
 
         """Check if stack is empty."""
 
-        return True if self.__stack.getSize() == 0 else False
+        return False if self.__stack.getSize() == 0 else False
 
     def getSize(self) -&gt; int:
 </pre></div><div class="alert alert-secondary"><pre class="diff">============================= test session starts ==============================
platform linux -- Python 3.10.10, pytest-7.2.1, pluggy-1.0.0
rootdir: /home/auri/temp/lucca/python_experiments/stack3
collected 17 items

DYNAMOSA/test_stack3_DYNAMOSA.py .......F.........                       [100%]

=================================== FAILURES ===================================
_________________________________ test_case_7 __________________________________

    def test_case_7():
        stack_0 = module_0.Stack()
        bool_0 = stack_0.isEmpty()
&gt;       assert bool_0 is True
E       assert False is True

DYNAMOSA/test_stack3_DYNAMOSA.py:59: AssertionError
=========================== short test summary info ============================
FAILED DYNAMOSA/test_stack3_DYNAMOSA.py::test_case_7 - assert False is True
========================= 1 failed, 16 passed in 0.15s =========================
</pre></div></div></div></div></div><div class="mb-1" id="job_list___sub_accordion_47"><div class="card"><a data-toggle="collapse" data-target="#job_list___sub_collapse_47_1" aria-expanded="false" aria-controls="job_list___sub_collapse_47_1" href="#" class="job_list___sub_multi_heading"><div role="alert" class="card-header alert-success" id="job_list___sub_heading_47_1"><button class="btn btn-outline-success"><span class="job_id">47 : Job ID cb92a2b87edc4c7a9716ffa07713c13c</span></button></div></a><div aria-labelledby="job_list___sub_heading_47_1" data-parent="#job_list___sub_accordion_47" class="collapse job_list___sub_multi_collapse" id="job_list___sub_collapse_47_1"><div class="card-body"><div class="work-item"><div class="alert alert-success test-outcome" role="alert"><p>worker outcome: normal</p><p>test outcome: killed</p></div></div><pre class="location"><a href="pycharm://open?file=stack3.py&amp;line=75" class="text-secondary"><button class="btn btn-outline-dark">stack3.py, start pos: (75, 45), end pos: (75, 50)</button></a></pre><pre>operator: core/ReplaceFalseWithTrue, occurrence: 0</pre><div class="alert alert-secondary"><pre class="diff">--- mutation diff ---
--- astack3.py
+++ bstack3.py
@@ -72,7 +72,7 @@
 
         """Checks if linkedlist is empty."""
 
-        return True if self.__size == 0 else False
+        return True if self.__size == 0 else True
 
     def toArray(self) -&gt; list:
 </pre></div><div class="alert alert-secondary"><pre class="diff">============================= test session starts ==============================
platform linux -- Python 3.10.10, pytest-7.2.1, pluggy-1.0.0
rootdir: /home/auri/temp/lucca/python_experiments/stack3
collected 17 items

DYNAMOSA/test_stack3_DYNAMOSA.py ....F..........FF                       [100%]

=================================== FAILURES ===================================
_________________________________ test_case_4 __________________________________

    def test_case_4():
        singly_linked_list_0 = module_0.SinglyLinkedList()
        node_0 = singly_linked_list_0.getHeadNode()
        int_0 = singly_linked_list_0.getSize()
        list_0 = singly_linked_list_0.toArray()
        none_type_0 = singly_linked_list_0.add(list_0)
        bool_0 = singly_linked_list_0.isEmpty()
&gt;       assert bool_0 is False
E       assert True is False

DYNAMOSA/test_stack3_DYNAMOSA.py:35: AssertionError
_________________________________ test_case_15 _________________________________

    def test_case_15():
        singly_linked_list_0 = module_0.SinglyLinkedList()
        list_0 = singly_linked_list_0.toArray()
        str_0 = singly_linked_list_0.__str__()
        assert str_0 == '[None]'
        none_type_0 = singly_linked_list_0.add(singly_linked_list_0)
        bool_0 = singly_linked_list_0.isEmpty()
&gt;       assert bool_0 is False
E       assert True is False

DYNAMOSA/test_stack3_DYNAMOSA.py:133: AssertionError
_________________________________ test_case_16 _________________________________

    def test_case_16():
        singly_linked_list_0 = module_0.SinglyLinkedList()
        list_0 = singly_linked_list_0.toArray()
        str_0 = singly_linked_list_0.__str__()
        assert str_0 == '[None]'
        none_type_0 = singly_linked_list_0.add(singly_linked_list_0)
        none_type_1 = singly_linked_list_0.add(str_0)
        str_1 = singly_linked_list_0.__str__()
        bool_0 = singly_linked_list_0.isEmpty()
&gt;       assert bool_0 is False
E       assert True is False

DYNAMOSA/test_stack3_DYNAMOSA.py:152: AssertionError
=========================== short test summary info ============================
FAILED DYNAMOSA/test_stack3_DYNAMOSA.py::test_case_4 - assert True is False
FAILED DYNAMOSA/test_stack3_DYNAMOSA.py::test_case_15 - assert True is False
FAILED DYNAMOSA/test_stack3_DYNAMOSA.py::test_case_16 - assert True is False
========================= 3 failed, 14 passed in 0.16s =========================
</pre></div></div></div></div></div><div class="mb-1" id="job_list___sub_accordion_48"><div class="card"><a data-toggle="collapse" data-target="#job_list___sub_collapse_48_1" aria-expanded="false" aria-controls="job_list___sub_collapse_48_1" href="#" class="job_list___sub_multi_heading"><div role="alert" class="card-header alert-success" id="job_list___sub_heading_48_1"><button class="btn btn-outline-success"><span class="job_id">48 : Job ID 07b04133d15844648496d6e05ec8a2c4</span></button></div></a><div aria-labelledby="job_list___sub_heading_48_1" data-parent="#job_list___sub_accordion_48" class="collapse job_list___sub_multi_collapse" id="job_list___sub_collapse_48_1"><div class="card-body"><div class="work-item"><div class="alert alert-success test-outcome" role="alert"><p>worker outcome: normal</p><p>test outcome: killed</p></div></div><pre class="location"><a href="pycharm://open?file=stack3.py&amp;line=125" class="text-secondary"><button class="btn btn-outline-dark">stack3.py, start pos: (125, 56), end pos: (125, 61)</button></a></pre><pre>operator: core/ReplaceFalseWithTrue, occurrence: 1</pre><div class="alert alert-secondary"><pre class="diff">--- mutation diff ---
--- astack3.py
+++ bstack3.py
@@ -122,7 +122,7 @@
 
         """Check if stack is empty."""
 
-        return True if self.__stack.getSize() == 0 else False
+        return True if self.__stack.getSize() == 0 else True
 
     def getSize(self) -&gt; int:
 </pre></div><div class="alert alert-secondary"><pre class="diff">============================= test session starts ==============================
platform linux -- Python 3.10.10, pytest-7.2.1, pluggy-1.0.0
rootdir: /home/auri/temp/lucca/python_experiments/stack3
collected 17 items

DYNAMOSA/test_stack3_DYNAMOSA.py .............F...                       [100%]

=================================== FAILURES ===================================
_________________________________ test_case_13 _________________________________

    def test_case_13():
        stack_0 = module_0.Stack()
        none_type_0 = stack_0.push(stack_0)
        var_0 = stack_0.peek()
        bool_0 = var_0.isEmpty()
&gt;       assert bool_0 is False
E       assert True is False

DYNAMOSA/test_stack3_DYNAMOSA.py:108: AssertionError
=========================== short test summary info ============================
FAILED DYNAMOSA/test_stack3_DYNAMOSA.py::test_case_13 - assert True is False
========================= 1 failed, 16 passed in 0.14s =========================
</pre></div></div></div></div></div><div class="mb-1" id="job_list___sub_accordion_49"><div class="card"><a data-toggle="collapse" data-target="#job_list___sub_collapse_49_1" aria-expanded="false" aria-controls="job_list___sub_collapse_49_1" href="#" class="job_list___sub_multi_heading"><div role="alert" class="card-header alert-success" id="job_list___sub_heading_49_1"><button class="btn btn-outline-success"><span class="job_id">49 : Job ID f942a1c47ed14d678c6d9a029b626035</span></button></div></a><div aria-labelledby="job_list___sub_heading_49_1" data-parent="#job_list___sub_accordion_49" class="collapse job_list___sub_multi_collapse" id="job_list___sub_collapse_49_1"><div class="card-body"><div class="work-item"><div class="alert alert-success test-outcome" role="alert"><p>worker outcome: normal</p><p>test outcome: killed</p></div></div><pre class="location"><a href="pycharm://open?file=stack3.py&amp;line=17" class="text-secondary"><button class="btn btn-outline-dark">stack3.py, start pos: (17, 22), end pos: (17, 23)</button></a></pre><pre>operator: core/NumberReplacer, occurrence: 0</pre><div class="alert alert-secondary"><pre class="diff">--- mutation diff ---
--- astack3.py
+++ bstack3.py
@@ -14,7 +14,7 @@
     def __init__(self):
         self.__sentinel = Node(None)
         self.__head = self.__sentinel
-        self.__size = 0
+        self.__size = 1
 
     def add(self, value: T) -&gt; None:
 </pre></div><div class="alert alert-secondary"><pre class="diff">timeout</pre></div></div></div></div></div><div class="mb-1" id="job_list___sub_accordion_50"><div class="card"><a data-toggle="collapse" data-target="#job_list___sub_collapse_50_1" aria-expanded="false" aria-controls="job_list___sub_collapse_50_1" href="#" class="job_list___sub_multi_heading"><div role="alert" class="card-header alert-success" id="job_list___sub_heading_50_1"><button class="btn btn-outline-success"><span class="job_id">50 : Job ID 8f3ddc39e5394437809dfd498b21a75d</span></button></div></a><div aria-labelledby="job_list___sub_heading_50_1" data-parent="#job_list___sub_accordion_50" class="collapse job_list___sub_multi_collapse" id="job_list___sub_collapse_50_1"><div class="card-body"><div class="work-item"><div class="alert alert-success test-outcome" role="alert"><p>worker outcome: normal</p><p>test outcome: killed</p></div></div><pre class="location"><a href="pycharm://open?file=stack3.py&amp;line=17" class="text-secondary"><button class="btn btn-outline-dark">stack3.py, start pos: (17, 22), end pos: (17, 23)</button></a></pre><pre>operator: core/NumberReplacer, occurrence: 1</pre><div class="alert alert-secondary"><pre class="diff">--- mutation diff ---
--- astack3.py
+++ bstack3.py
@@ -14,7 +14,7 @@
     def __init__(self):
         self.__sentinel = Node(None)
         self.__head = self.__sentinel
-        self.__size = 0
+        self.__size = -1
 
     def add(self, value: T) -&gt; None:
 </pre></div><div class="alert alert-secondary"><pre class="diff">timeout</pre></div></div></div></div></div><div class="mb-1" id="job_list___sub_accordion_51"><div class="card"><a data-toggle="collapse" data-target="#job_list___sub_collapse_51_1" aria-expanded="false" aria-controls="job_list___sub_collapse_51_1" href="#" class="job_list___sub_multi_heading"><div role="alert" class="card-header alert-success" id="job_list___sub_heading_51_1"><button class="btn btn-outline-success"><span class="job_id">51 : Job ID a130332f362e4a208c77b2d6a6c2c90b</span></button></div></a><div aria-labelledby="job_list___sub_heading_51_1" data-parent="#job_list___sub_accordion_51" class="collapse job_list___sub_multi_collapse" id="job_list___sub_collapse_51_1"><div class="card-body"><div class="work-item"><div class="alert alert-success test-outcome" role="alert"><p>worker outcome: normal</p><p>test outcome: killed</p></div></div><pre class="location"><a href="pycharm://open?file=stack3.py&amp;line=24" class="text-secondary"><button class="btn btn-outline-dark">stack3.py, start pos: (24, 26), end pos: (24, 27)</button></a></pre><pre>operator: core/NumberReplacer, occurrence: 2</pre><div class="alert alert-secondary"><pre class="diff">--- mutation diff ---
--- astack3.py
+++ bstack3.py
@@ -21,7 +21,7 @@
         """Add element to linked list."""
 
         newNode = Node(value)
-        if self.__size == 0:
+        if self.__size == 1:
             self.__head.next = newNode
             self.__head = newNode
             self.__size += 1</pre></div><div class="alert alert-secondary"><pre class="diff">timeout</pre></div></div></div></div></div><div class="mb-1" id="job_list___sub_accordion_52"><div class="card"><a data-toggle="collapse" data-target="#job_list___sub_collapse_52_1" aria-expanded="false" aria-controls="job_list___sub_collapse_52_1" href="#" class="job_list___sub_multi_heading"><div role="alert" class="card-header alert-success" id="job_list___sub_heading_52_1"><button class="btn btn-outline-success"><span class="job_id">52 : Job ID 5825d9cdf5824faf8ff3cd7898824dc5</span></button></div></a><div aria-labelledby="job_list___sub_heading_52_1" data-parent="#job_list___sub_accordion_52" class="collapse job_list___sub_multi_collapse" id="job_list___sub_collapse_52_1"><div class="card-body"><div class="work-item"><div class="alert alert-success test-outcome" role="alert"><p>worker outcome: normal</p><p>test outcome: killed</p></div></div><pre class="location"><a href="pycharm://open?file=stack3.py&amp;line=24" class="text-secondary"><button class="btn btn-outline-dark">stack3.py, start pos: (24, 26), end pos: (24, 27)</button></a></pre><pre>operator: core/NumberReplacer, occurrence: 3</pre><div class="alert alert-secondary"><pre class="diff">--- mutation diff ---
--- astack3.py
+++ bstack3.py
@@ -21,7 +21,7 @@
         """Add element to linked list."""
 
         newNode = Node(value)
-        if self.__size == 0:
+        if self.__size == -1:
             self.__head.next = newNode
             self.__head = newNode
             self.__size += 1</pre></div><div class="alert alert-secondary"><pre class="diff">timeout</pre></div></div></div></div></div><div class="mb-1" id="job_list___sub_accordion_53"><div class="card"><a data-toggle="collapse" data-target="#job_list___sub_collapse_53_1" aria-expanded="false" aria-controls="job_list___sub_collapse_53_1" href="#" class="job_list___sub_multi_heading"><div role="alert" class="card-header alert-success" id="job_list___sub_heading_53_1"><button class="btn btn-outline-success"><span class="job_id">53 : Job ID 1d48fd21a5964ae888165272745164e4</span></button></div></a><div aria-labelledby="job_list___sub_heading_53_1" data-parent="#job_list___sub_accordion_53" class="collapse job_list___sub_multi_collapse" id="job_list___sub_collapse_53_1"><div class="card-body"><div class="work-item"><div class="alert alert-success test-outcome" role="alert"><p>worker outcome: normal</p><p>test outcome: killed</p></div></div><pre class="location"><a href="pycharm://open?file=stack3.py&amp;line=27" class="text-secondary"><button class="btn btn-outline-dark">stack3.py, start pos: (27, 27), end pos: (27, 28)</button></a></pre><pre>operator: core/NumberReplacer, occurrence: 4</pre><div class="alert alert-secondary"><pre class="diff">--- mutation diff ---
--- astack3.py
+++ bstack3.py
@@ -24,7 +24,7 @@
         if self.__size == 0:
             self.__head.next = newNode
             self.__head = newNode
-            self.__size += 1
+            self.__size += 2
         else:
             self.__sentinel.next = newNode
             newNode.next = self.__head</pre></div><div class="alert alert-secondary"><pre class="diff">============================= test session starts ==============================
platform linux -- Python 3.10.10, pytest-7.2.1, pluggy-1.0.0
rootdir: /home/auri/temp/lucca/python_experiments/stack3
collected 17 items

DYNAMOSA/test_stack3_DYNAMOSA.py ................F                       [100%]

=================================== FAILURES ===================================
_________________________________ test_case_16 _________________________________

    def test_case_16():
        singly_linked_list_0 = module_0.SinglyLinkedList()
        list_0 = singly_linked_list_0.toArray()
        str_0 = singly_linked_list_0.__str__()
        assert str_0 == '[None]'
        none_type_0 = singly_linked_list_0.add(singly_linked_list_0)
        none_type_1 = singly_linked_list_0.add(str_0)
        str_1 = singly_linked_list_0.__str__()
        bool_0 = singly_linked_list_0.isEmpty()
        assert bool_0 is False
        int_0 = singly_linked_list_0.getSize()
&gt;       assert int_0 == 2
E       assert 3 == 2

DYNAMOSA/test_stack3_DYNAMOSA.py:154: AssertionError
=========================== short test summary info ============================
FAILED DYNAMOSA/test_stack3_DYNAMOSA.py::test_case_16 - assert 3 == 2
========================= 1 failed, 16 passed in 0.26s =========================
</pre></div></div></div></div></div><div class="mb-1" id="job_list___sub_accordion_54"><div class="card"><a data-toggle="collapse" data-target="#job_list___sub_collapse_54_1" aria-expanded="false" aria-controls="job_list___sub_collapse_54_1" href="#" class="job_list___sub_multi_heading"><div role="alert" class="card-header alert-success" id="job_list___sub_heading_54_1"><button class="btn btn-outline-success"><span class="job_id">54 : Job ID 97cec3bc136a4f4ab87410fba5856d1b</span></button></div></a><div aria-labelledby="job_list___sub_heading_54_1" data-parent="#job_list___sub_accordion_54" class="collapse job_list___sub_multi_collapse" id="job_list___sub_collapse_54_1"><div class="card-body"><div class="work-item"><div class="alert alert-success test-outcome" role="alert"><p>worker outcome: normal</p><p>test outcome: killed</p></div></div><pre class="location"><a href="pycharm://open?file=stack3.py&amp;line=27" class="text-secondary"><button class="btn btn-outline-dark">stack3.py, start pos: (27, 27), end pos: (27, 28)</button></a></pre><pre>operator: core/NumberReplacer, occurrence: 5</pre><div class="alert alert-secondary"><pre class="diff">--- mutation diff ---
--- astack3.py
+++ bstack3.py
@@ -24,7 +24,7 @@
         if self.__size == 0:
             self.__head.next = newNode
             self.__head = newNode
-            self.__size += 1
+            self.__size += 0
         else:
             self.__sentinel.next = newNode
             newNode.next = self.__head</pre></div><div class="alert alert-secondary"><pre class="diff">============================= test session starts ==============================
platform linux -- Python 3.10.10, pytest-7.2.1, pluggy-1.0.0
rootdir: /home/auri/temp/lucca/python_experiments/stack3
collected 17 items

DYNAMOSA/test_stack3_DYNAMOSA.py .F..F....FF..F.FF                       [100%]

=================================== FAILURES ===================================
_________________________________ test_case_1 __________________________________

    def test_case_1():
        singly_linked_list_0 = module_0.SinglyLinkedList()
        none_type_0 = singly_linked_list_0.add(singly_linked_list_0)
        var_0 = singly_linked_list_0.remove()
&gt;       assert f'{type(var_0).__module__}.{type(var_0).__qualname__}' == 'stack3.Node'
E       AssertionError: assert 'builtins.NoneType' == 'stack3.Node'
E         - stack3.Node
E         + builtins.NoneType

DYNAMOSA/test_stack3_DYNAMOSA.py:12: AssertionError
_________________________________ test_case_4 __________________________________

    def test_case_4():
        singly_linked_list_0 = module_0.SinglyLinkedList()
        node_0 = singly_linked_list_0.getHeadNode()
        int_0 = singly_linked_list_0.getSize()
        list_0 = singly_linked_list_0.toArray()
        none_type_0 = singly_linked_list_0.add(list_0)
        bool_0 = singly_linked_list_0.isEmpty()
&gt;       assert bool_0 is False
E       assert True is False

DYNAMOSA/test_stack3_DYNAMOSA.py:35: AssertionError
_________________________________ test_case_9 __________________________________

    def test_case_9():
        singly_linked_list_0 = module_0.SinglyLinkedList()
        none_type_0 = singly_linked_list_0.add(singly_linked_list_0)
        str_0 = singly_linked_list_0.__str__()
        var_0 = singly_linked_list_0.remove()
&gt;       assert f'{type(var_0).__module__}.{type(var_0).__qualname__}' == 'stack3.Node'
E       AssertionError: assert 'builtins.NoneType' == 'stack3.Node'
E         - stack3.Node
E         + builtins.NoneType

DYNAMOSA/test_stack3_DYNAMOSA.py:73: AssertionError
_________________________________ test_case_10 _________________________________

    def test_case_10():
        singly_linked_list_0 = module_0.SinglyLinkedList()
        stack_0 = module_0.Stack()
        bool_0 = False
        none_type_0 = singly_linked_list_0.add(bool_0)
        none_type_1 = stack_0.push(singly_linked_list_0)
        var_0 = singly_linked_list_0.remove()
&gt;       assert f'{type(var_0).__module__}.{type(var_0).__qualname__}' == 'stack3.Node'
E       AssertionError: assert 'builtins.NoneType' == 'stack3.Node'
E         - stack3.Node
E         + builtins.NoneType

DYNAMOSA/test_stack3_DYNAMOSA.py:88: AssertionError
_________________________________ test_case_13 _________________________________

    def test_case_13():
        stack_0 = module_0.Stack()
        none_type_0 = stack_0.push(stack_0)
        var_0 = stack_0.peek()
        bool_0 = var_0.isEmpty()
&gt;       assert bool_0 is False
E       assert True is False

DYNAMOSA/test_stack3_DYNAMOSA.py:108: AssertionError
_________________________________ test_case_15 _________________________________

    def test_case_15():
        singly_linked_list_0 = module_0.SinglyLinkedList()
        list_0 = singly_linked_list_0.toArray()
        str_0 = singly_linked_list_0.__str__()
        assert str_0 == '[None]'
        none_type_0 = singly_linked_list_0.add(singly_linked_list_0)
        bool_0 = singly_linked_list_0.isEmpty()
&gt;       assert bool_0 is False
E       assert True is False

DYNAMOSA/test_stack3_DYNAMOSA.py:133: AssertionError
_________________________________ test_case_16 _________________________________

    def test_case_16():
        singly_linked_list_0 = module_0.SinglyLinkedList()
        list_0 = singly_linked_list_0.toArray()
        str_0 = singly_linked_list_0.__str__()
        assert str_0 == '[None]'
        none_type_0 = singly_linked_list_0.add(singly_linked_list_0)
        none_type_1 = singly_linked_list_0.add(str_0)
        str_1 = singly_linked_list_0.__str__()
        bool_0 = singly_linked_list_0.isEmpty()
&gt;       assert bool_0 is False
E       assert True is False

DYNAMOSA/test_stack3_DYNAMOSA.py:152: AssertionError
=========================== short test summary info ============================
FAILED DYNAMOSA/test_stack3_DYNAMOSA.py::test_case_1 - AssertionError: assert...
FAILED DYNAMOSA/test_stack3_DYNAMOSA.py::test_case_4 - assert True is False
FAILED DYNAMOSA/test_stack3_DYNAMOSA.py::test_case_9 - AssertionError: assert...
FAILED DYNAMOSA/test_stack3_DYNAMOSA.py::test_case_10 - AssertionError: asser...
FAILED DYNAMOSA/test_stack3_DYNAMOSA.py::test_case_13 - assert True is False
FAILED DYNAMOSA/test_stack3_DYNAMOSA.py::test_case_15 - assert True is False
FAILED DYNAMOSA/test_stack3_DYNAMOSA.py::test_case_16 - assert True is False
========================= 7 failed, 10 passed in 0.20s =========================
</pre></div></div></div></div></div><div class="mb-1" id="job_list___sub_accordion_55"><div class="card"><a data-toggle="collapse" data-target="#job_list___sub_collapse_55_1" aria-expanded="false" aria-controls="job_list___sub_collapse_55_1" href="#" class="job_list___sub_multi_heading"><div role="alert" class="card-header alert-success" id="job_list___sub_heading_55_1"><button class="btn btn-outline-success"><span class="job_id">55 : Job ID a64472d5e6044042ae81db9f0f30a8c6</span></button></div></a><div aria-labelledby="job_list___sub_heading_55_1" data-parent="#job_list___sub_accordion_55" class="collapse job_list___sub_multi_collapse" id="job_list___sub_collapse_55_1"><div class="card-body"><div class="work-item"><div class="alert alert-success test-outcome" role="alert"><p>worker outcome: normal</p><p>test outcome: killed</p></div></div><pre class="location"><a href="pycharm://open?file=stack3.py&amp;line=32" class="text-secondary"><button class="btn btn-outline-dark">stack3.py, start pos: (32, 27), end pos: (32, 28)</button></a></pre><pre>operator: core/NumberReplacer, occurrence: 6</pre><div class="alert alert-secondary"><pre class="diff">--- mutation diff ---
--- astack3.py
+++ bstack3.py
@@ -29,7 +29,7 @@
             self.__sentinel.next = newNode
             newNode.next = self.__head
             self.__head = newNode
-            self.__size += 1
+            self.__size += 2
 
     def remove(self):
 </pre></div><div class="alert alert-secondary"><pre class="diff">============================= test session starts ==============================
platform linux -- Python 3.10.10, pytest-7.2.1, pluggy-1.0.0
rootdir: /home/auri/temp/lucca/python_experiments/stack3
collected 17 items

DYNAMOSA/test_stack3_DYNAMOSA.py ................F                       [100%]

=================================== FAILURES ===================================
_________________________________ test_case_16 _________________________________

    def test_case_16():
        singly_linked_list_0 = module_0.SinglyLinkedList()
        list_0 = singly_linked_list_0.toArray()
        str_0 = singly_linked_list_0.__str__()
        assert str_0 == '[None]'
        none_type_0 = singly_linked_list_0.add(singly_linked_list_0)
        none_type_1 = singly_linked_list_0.add(str_0)
        str_1 = singly_linked_list_0.__str__()
        bool_0 = singly_linked_list_0.isEmpty()
        assert bool_0 is False
        int_0 = singly_linked_list_0.getSize()
&gt;       assert int_0 == 2
E       assert 3 == 2

DYNAMOSA/test_stack3_DYNAMOSA.py:154: AssertionError
=========================== short test summary info ============================
FAILED DYNAMOSA/test_stack3_DYNAMOSA.py::test_case_16 - assert 3 == 2
========================= 1 failed, 16 passed in 0.17s =========================
</pre></div></div></div></div></div><div class="mb-1" id="job_list___sub_accordion_56"><div class="card"><a data-toggle="collapse" data-target="#job_list___sub_collapse_56_1" aria-expanded="false" aria-controls="job_list___sub_collapse_56_1" href="#" class="job_list___sub_multi_heading"><div role="alert" class="card-header alert-success" id="job_list___sub_heading_56_1"><button class="btn btn-outline-success"><span class="job_id">56 : Job ID 02cb1b6750974f7cba737c5595062473</span></button></div></a><div aria-labelledby="job_list___sub_heading_56_1" data-parent="#job_list___sub_accordion_56" class="collapse job_list___sub_multi_collapse" id="job_list___sub_collapse_56_1"><div class="card-body"><div class="work-item"><div class="alert alert-success test-outcome" role="alert"><p>worker outcome: normal</p><p>test outcome: killed</p></div></div><pre class="location"><a href="pycharm://open?file=stack3.py&amp;line=32" class="text-secondary"><button class="btn btn-outline-dark">stack3.py, start pos: (32, 27), end pos: (32, 28)</button></a></pre><pre>operator: core/NumberReplacer, occurrence: 7</pre><div class="alert alert-secondary"><pre class="diff">--- mutation diff ---
--- astack3.py
+++ bstack3.py
@@ -29,7 +29,7 @@
             self.__sentinel.next = newNode
             newNode.next = self.__head
             self.__head = newNode
-            self.__size += 1
+            self.__size += 0
 
     def remove(self):
 </pre></div><div class="alert alert-secondary"><pre class="diff">============================= test session starts ==============================
platform linux -- Python 3.10.10, pytest-7.2.1, pluggy-1.0.0
rootdir: /home/auri/temp/lucca/python_experiments/stack3
collected 17 items

DYNAMOSA/test_stack3_DYNAMOSA.py ................F                       [100%]

=================================== FAILURES ===================================
_________________________________ test_case_16 _________________________________

    def test_case_16():
        singly_linked_list_0 = module_0.SinglyLinkedList()
        list_0 = singly_linked_list_0.toArray()
        str_0 = singly_linked_list_0.__str__()
        assert str_0 == '[None]'
        none_type_0 = singly_linked_list_0.add(singly_linked_list_0)
        none_type_1 = singly_linked_list_0.add(str_0)
        str_1 = singly_linked_list_0.__str__()
        bool_0 = singly_linked_list_0.isEmpty()
        assert bool_0 is False
        int_0 = singly_linked_list_0.getSize()
&gt;       assert int_0 == 2
E       assert 1 == 2

DYNAMOSA/test_stack3_DYNAMOSA.py:154: AssertionError
=========================== short test summary info ============================
FAILED DYNAMOSA/test_stack3_DYNAMOSA.py::test_case_16 - assert 1 == 2
========================= 1 failed, 16 passed in 0.25s =========================
</pre></div></div></div></div></div><div class="mb-1" id="job_list___sub_accordion_57"><div class="card"><a data-toggle="collapse" data-target="#job_list___sub_collapse_57_1" aria-expanded="false" aria-controls="job_list___sub_collapse_57_1" href="#" class="job_list___sub_multi_heading"><div role="alert" class="card-header alert-success" id="job_list___sub_heading_57_1"><button class="btn btn-outline-success"><span class="job_id">57 : Job ID 7a7ea3f6628d41e69bd07192760503a4</span></button></div></a><div aria-labelledby="job_list___sub_heading_57_1" data-parent="#job_list___sub_accordion_57" class="collapse job_list___sub_multi_collapse" id="job_list___sub_collapse_57_1"><div class="card-body"><div class="work-item"><div class="alert alert-success test-outcome" role="alert"><p>worker outcome: normal</p><p>test outcome: killed</p></div></div><pre class="location"><a href="pycharm://open?file=stack3.py&amp;line=38" class="text-secondary"><button class="btn btn-outline-dark">stack3.py, start pos: (38, 26), end pos: (38, 27)</button></a></pre><pre>operator: core/NumberReplacer, occurrence: 8</pre><div class="alert alert-secondary"><pre class="diff">--- mutation diff ---
--- astack3.py
+++ bstack3.py
@@ -35,7 +35,7 @@
 
         """Remove node from linkedlist."""
 
-        if self.__size == 0:
+        if self.__size == 1:
             return None
         if self.__size &gt;= 1:
             nodeToRemove = self.__head</pre></div><div class="alert alert-secondary"><pre class="diff">============================= test session starts ==============================
platform linux -- Python 3.10.10, pytest-7.2.1, pluggy-1.0.0
rootdir: /home/auri/temp/lucca/python_experiments/stack3
collected 17 items

DYNAMOSA/test_stack3_DYNAMOSA.py .F..F....FF..F...                       [100%]

=================================== FAILURES ===================================
_________________________________ test_case_1 __________________________________

    def test_case_1():
        singly_linked_list_0 = module_0.SinglyLinkedList()
        none_type_0 = singly_linked_list_0.add(singly_linked_list_0)
        var_0 = singly_linked_list_0.remove()
&gt;       assert f'{type(var_0).__module__}.{type(var_0).__qualname__}' == 'stack3.Node'
E       AssertionError: assert 'builtins.NoneType' == 'stack3.Node'
E         - stack3.Node
E         + builtins.NoneType

DYNAMOSA/test_stack3_DYNAMOSA.py:12: AssertionError
_________________________________ test_case_4 __________________________________

    def test_case_4():
        singly_linked_list_0 = module_0.SinglyLinkedList()
        node_0 = singly_linked_list_0.getHeadNode()
        int_0 = singly_linked_list_0.getSize()
        list_0 = singly_linked_list_0.toArray()
        none_type_0 = singly_linked_list_0.add(list_0)
        bool_0 = singly_linked_list_0.isEmpty()
        assert bool_0 is False
        var_0 = singly_linked_list_0.remove()
&gt;       assert node_0.next is None
E       assert &lt;stack3.Node object at 0x7feb2bb13be0&gt; is None
E        +  where &lt;stack3.Node object at 0x7feb2bb13be0&gt; = &lt;stack3.Node object at 0x7feb2bb13a90&gt;.next

DYNAMOSA/test_stack3_DYNAMOSA.py:37: AssertionError
_________________________________ test_case_9 __________________________________

    def test_case_9():
        singly_linked_list_0 = module_0.SinglyLinkedList()
        none_type_0 = singly_linked_list_0.add(singly_linked_list_0)
        str_0 = singly_linked_list_0.__str__()
        var_0 = singly_linked_list_0.remove()
&gt;       assert f'{type(var_0).__module__}.{type(var_0).__qualname__}' == 'stack3.Node'
E       AssertionError: assert 'builtins.NoneType' == 'stack3.Node'
E         - stack3.Node
E         + builtins.NoneType

DYNAMOSA/test_stack3_DYNAMOSA.py:73: AssertionError
_________________________________ test_case_10 _________________________________

    def test_case_10():
        singly_linked_list_0 = module_0.SinglyLinkedList()
        stack_0 = module_0.Stack()
        bool_0 = False
        none_type_0 = singly_linked_list_0.add(bool_0)
        none_type_1 = stack_0.push(singly_linked_list_0)
        var_0 = singly_linked_list_0.remove()
&gt;       assert f'{type(var_0).__module__}.{type(var_0).__qualname__}' == 'stack3.Node'
E       AssertionError: assert 'builtins.NoneType' == 'stack3.Node'
E         - stack3.Node
E         + builtins.NoneType

DYNAMOSA/test_stack3_DYNAMOSA.py:88: AssertionError
_________________________________ test_case_13 _________________________________

    def test_case_13():
        stack_0 = module_0.Stack()
        none_type_0 = stack_0.push(stack_0)
        var_0 = stack_0.peek()
        bool_0 = var_0.isEmpty()
        assert bool_0 is False
        stack_1 = module_0.Stack()
        var_1 = stack_0.pop()
&gt;       assert f'{type(var_1).__module__}.{type(var_1).__qualname__}' == 'stack3.Node'
E       AssertionError: assert 'builtins.NoneType' == 'stack3.Node'
E         - stack3.Node
E         + builtins.NoneType

DYNAMOSA/test_stack3_DYNAMOSA.py:111: AssertionError
=========================== short test summary info ============================
FAILED DYNAMOSA/test_stack3_DYNAMOSA.py::test_case_1 - AssertionError: assert...
FAILED DYNAMOSA/test_stack3_DYNAMOSA.py::test_case_4 - assert &lt;stack3.Node ob...
FAILED DYNAMOSA/test_stack3_DYNAMOSA.py::test_case_9 - AssertionError: assert...
FAILED DYNAMOSA/test_stack3_DYNAMOSA.py::test_case_10 - AssertionError: asser...
FAILED DYNAMOSA/test_stack3_DYNAMOSA.py::test_case_13 - AssertionError: asser...
========================= 5 failed, 12 passed in 0.21s =========================
</pre></div></div></div></div></div><div class="mb-1" id="job_list___sub_accordion_58"><div class="card"><a data-toggle="collapse" data-target="#job_list___sub_collapse_58_1" aria-expanded="false" aria-controls="job_list___sub_collapse_58_1" href="#" class="job_list___sub_multi_heading"><div role="alert" class="card-header alert-danger" id="job_list___sub_heading_58_1"><button class="btn btn-outline-danger"><span class="job_id">58 : Job ID 0e3553a4bbf3426cb3966684873e7e0d</span></button></div></a><div aria-labelledby="job_list___sub_heading_58_1" data-parent="#job_list___sub_accordion_58" class="collapse job_list___sub_multi_collapse" id="job_list___sub_collapse_58_1"><div class="card-body"><div class="work-item"><div class="alert alert-danger test-outcome" role="alert"><p>SURVIVED</p><p>worker outcome: normal</p><p>test outcome: survived</p></div></div><pre class="location"><a href="pycharm://open?file=stack3.py&amp;line=38" class="text-secondary"><button class="btn btn-outline-dark">stack3.py, start pos: (38, 26), end pos: (38, 27)</button></a></pre><pre>operator: core/NumberReplacer, occurrence: 9</pre><div class="alert alert-secondary"><pre class="diff">--- mutation diff ---
--- astack3.py
+++ bstack3.py
@@ -35,7 +35,7 @@
 
         """Remove node from linkedlist."""
 
-        if self.__size == 0:
+        if self.__size == -1:
             return None
         if self.__size &gt;= 1:
             nodeToRemove = self.__head</pre></div><div class="alert alert-secondary"><pre class="diff">============================= test session starts ==============================
platform linux -- Python 3.10.10, pytest-7.2.1, pluggy-1.0.0
rootdir: /home/auri/temp/lucca/python_experiments/stack3
collected 17 items

DYNAMOSA/test_stack3_DYNAMOSA.py .................                       [100%]

============================== 17 passed in 0.10s ==============================
</pre></div></div></div></div></div><div class="mb-1" id="job_list___sub_accordion_59"><div class="card"><a data-toggle="collapse" data-target="#job_list___sub_collapse_59_1" aria-expanded="false" aria-controls="job_list___sub_collapse_59_1" href="#" class="job_list___sub_multi_heading"><div role="alert" class="card-header alert-success" id="job_list___sub_heading_59_1"><button class="btn btn-outline-success"><span class="job_id">59 : Job ID afc5dff28d1f42d0a50440d625eae240</span></button></div></a><div aria-labelledby="job_list___sub_heading_59_1" data-parent="#job_list___sub_accordion_59" class="collapse job_list___sub_multi_collapse" id="job_list___sub_collapse_59_1"><div class="card-body"><div class="work-item"><div class="alert alert-success test-outcome" role="alert"><p>worker outcome: normal</p><p>test outcome: killed</p></div></div><pre class="location"><a href="pycharm://open?file=stack3.py&amp;line=40" class="text-secondary"><button class="btn btn-outline-dark">stack3.py, start pos: (40, 26), end pos: (40, 27)</button></a></pre><pre>operator: core/NumberReplacer, occurrence: 10</pre><div class="alert alert-secondary"><pre class="diff">--- mutation diff ---
--- astack3.py
+++ bstack3.py
@@ -37,7 +37,7 @@
 
         if self.__size == 0:
             return None
-        if self.__size &gt;= 1:
+        if self.__size &gt;= 2:
             nodeToRemove = self.__head
             self.__sentinel.next = None
             self.__head = self.__sentinel</pre></div><div class="alert alert-secondary"><pre class="diff">============================= test session starts ==============================
platform linux -- Python 3.10.10, pytest-7.2.1, pluggy-1.0.0
rootdir: /home/auri/temp/lucca/python_experiments/stack3
collected 17 items

DYNAMOSA/test_stack3_DYNAMOSA.py .........F...F...                       [100%]

=================================== FAILURES ===================================
_________________________________ test_case_9 __________________________________

    def test_case_9():
        singly_linked_list_0 = module_0.SinglyLinkedList()
        none_type_0 = singly_linked_list_0.add(singly_linked_list_0)
        str_0 = singly_linked_list_0.__str__()
        var_0 = singly_linked_list_0.remove()
        assert f'{type(var_0).__module__}.{type(var_0).__qualname__}' == 'stack3.Node'
        assert f'{type(var_0.value).__module__}.{type(var_0.value).__qualname__}' == 'stack3.SinglyLinkedList'
        assert var_0.next is None
        node_0 = singly_linked_list_0.getHeadNode()
&gt;       assert f'{type(node_0).__module__}.{type(node_0).__qualname__}' == 'stack3.Node'
E       AssertionError: assert 'builtins.NoneType' == 'stack3.Node'
E         - stack3.Node
E         + builtins.NoneType

DYNAMOSA/test_stack3_DYNAMOSA.py:77: AssertionError
_________________________________ test_case_13 _________________________________

    def test_case_13():
        stack_0 = module_0.Stack()
        none_type_0 = stack_0.push(stack_0)
        var_0 = stack_0.peek()
        bool_0 = var_0.isEmpty()
        assert bool_0 is False
        stack_1 = module_0.Stack()
        var_1 = stack_0.pop()
        assert f'{type(var_1).__module__}.{type(var_1).__qualname__}' == 'stack3.Node'
        assert f'{type(var_1.value).__module__}.{type(var_1.value).__qualname__}' == 'stack3.Stack'
        assert var_1.next is None
&gt;       var_2 = stack_0.peek()

DYNAMOSA/test_stack3_DYNAMOSA.py:114: 
_ _ _ _ _ _ _ _ _ _ _ _ _ _ _ _ _ _ _ _ _ _ _ _ _ _ _ _ _ _ _ _ _ _ _ _ _ _ _ _ 
stack3.py:119: in peek
    return self.__stack.getHead()
_ _ _ _ _ _ _ _ _ _ _ _ _ _ _ _ _ _ _ _ _ _ _ _ _ _ _ _ _ _ _ _ _ _ _ _ _ _ _ _ 

self = &lt;stack3.SinglyLinkedList object at 0x7f14f205b970&gt;

    def getHead(self) -&gt; T:
    
        """Get value of the linkedlist head node."""
    
&gt;       return self.__head.value
E       AttributeError: 'NoneType' object has no attribute 'value'

stack3.py:57: AttributeError
=========================== short test summary info ============================
FAILED DYNAMOSA/test_stack3_DYNAMOSA.py::test_case_9 - AssertionError: assert...
FAILED DYNAMOSA/test_stack3_DYNAMOSA.py::test_case_13 - AttributeError: 'None...
========================= 2 failed, 15 passed in 0.39s =========================
</pre></div></div></div></div></div><div class="mb-1" id="job_list___sub_accordion_60"><div class="card"><a data-toggle="collapse" data-target="#job_list___sub_collapse_60_1" aria-expanded="false" aria-controls="job_list___sub_collapse_60_1" href="#" class="job_list___sub_multi_heading"><div role="alert" class="card-header alert-danger" id="job_list___sub_heading_60_1"><button class="btn btn-outline-danger"><span class="job_id">60 : Job ID b798380cd8c4421b807ff7e8344540a0</span></button></div></a><div aria-labelledby="job_list___sub_heading_60_1" data-parent="#job_list___sub_accordion_60" class="collapse job_list___sub_multi_collapse" id="job_list___sub_collapse_60_1"><div class="card-body"><div class="work-item"><div class="alert alert-danger test-outcome" role="alert"><p>SURVIVED</p><p>worker outcome: normal</p><p>test outcome: survived</p></div></div><pre class="location"><a href="pycharm://open?file=stack3.py&amp;line=40" class="text-secondary"><button class="btn btn-outline-dark">stack3.py, start pos: (40, 26), end pos: (40, 27)</button></a></pre><pre>operator: core/NumberReplacer, occurrence: 11</pre><div class="alert alert-secondary"><pre class="diff">--- mutation diff ---
--- astack3.py
+++ bstack3.py
@@ -37,7 +37,7 @@
 
         if self.__size == 0:
             return None
-        if self.__size &gt;= 1:
+        if self.__size &gt;= 0:
             nodeToRemove = self.__head
             self.__sentinel.next = None
             self.__head = self.__sentinel</pre></div><div class="alert alert-secondary"><pre class="diff">============================= test session starts ==============================
platform linux -- Python 3.10.10, pytest-7.2.1, pluggy-1.0.0
rootdir: /home/auri/temp/lucca/python_experiments/stack3
collected 17 items

DYNAMOSA/test_stack3_DYNAMOSA.py .................                       [100%]

============================== 17 passed in 0.17s ==============================
</pre></div></div></div></div></div><div class="mb-1" id="job_list___sub_accordion_61"><div class="card"><a data-toggle="collapse" data-target="#job_list___sub_collapse_61_1" aria-expanded="false" aria-controls="job_list___sub_collapse_61_1" href="#" class="job_list___sub_multi_heading"><div role="alert" class="card-header alert-danger" id="job_list___sub_heading_61_1"><button class="btn btn-outline-danger"><span class="job_id">61 : Job ID 61d0fc4210424acf8f4f6218c199dbcf</span></button></div></a><div aria-labelledby="job_list___sub_heading_61_1" data-parent="#job_list___sub_accordion_61" class="collapse job_list___sub_multi_collapse" id="job_list___sub_collapse_61_1"><div class="card-body"><div class="work-item"><div class="alert alert-danger test-outcome" role="alert"><p>SURVIVED</p><p>worker outcome: normal</p><p>test outcome: survived</p></div></div><pre class="location"><a href="pycharm://open?file=stack3.py&amp;line=44" class="text-secondary"><button class="btn btn-outline-dark">stack3.py, start pos: (44, 27), end pos: (44, 28)</button></a></pre><pre>operator: core/NumberReplacer, occurrence: 12</pre><div class="alert alert-secondary"><pre class="diff">--- mutation diff ---
--- astack3.py
+++ bstack3.py
@@ -41,7 +41,7 @@
             nodeToRemove = self.__head
             self.__sentinel.next = None
             self.__head = self.__sentinel
-            self.__size -= 1
+            self.__size -= 2
             return nodeToRemove
         else:
             nodeToRemove = self.__head</pre></div><div class="alert alert-secondary"><pre class="diff">============================= test session starts ==============================
platform linux -- Python 3.10.10, pytest-7.2.1, pluggy-1.0.0
rootdir: /home/auri/temp/lucca/python_experiments/stack3
collected 17 items

DYNAMOSA/test_stack3_DYNAMOSA.py .................                       [100%]

============================== 17 passed in 0.10s ==============================
</pre></div></div></div></div></div><div class="mb-1" id="job_list___sub_accordion_62"><div class="card"><a data-toggle="collapse" data-target="#job_list___sub_collapse_62_1" aria-expanded="false" aria-controls="job_list___sub_collapse_62_1" href="#" class="job_list___sub_multi_heading"><div role="alert" class="card-header alert-danger" id="job_list___sub_heading_62_1"><button class="btn btn-outline-danger"><span class="job_id">62 : Job ID f4536a68eea443a4841f7f2cb12b1665</span></button></div></a><div aria-labelledby="job_list___sub_heading_62_1" data-parent="#job_list___sub_accordion_62" class="collapse job_list___sub_multi_collapse" id="job_list___sub_collapse_62_1"><div class="card-body"><div class="work-item"><div class="alert alert-danger test-outcome" role="alert"><p>SURVIVED</p><p>worker outcome: normal</p><p>test outcome: survived</p></div></div><pre class="location"><a href="pycharm://open?file=stack3.py&amp;line=44" class="text-secondary"><button class="btn btn-outline-dark">stack3.py, start pos: (44, 27), end pos: (44, 28)</button></a></pre><pre>operator: core/NumberReplacer, occurrence: 13</pre><div class="alert alert-secondary"><pre class="diff">--- mutation diff ---
--- astack3.py
+++ bstack3.py
@@ -41,7 +41,7 @@
             nodeToRemove = self.__head
             self.__sentinel.next = None
             self.__head = self.__sentinel
-            self.__size -= 1
+            self.__size -= 0
             return nodeToRemove
         else:
             nodeToRemove = self.__head</pre></div><div class="alert alert-secondary"><pre class="diff">============================= test session starts ==============================
platform linux -- Python 3.10.10, pytest-7.2.1, pluggy-1.0.0
rootdir: /home/auri/temp/lucca/python_experiments/stack3
collected 17 items

DYNAMOSA/test_stack3_DYNAMOSA.py .................                       [100%]

============================== 17 passed in 0.09s ==============================
</pre></div></div></div></div></div><div class="mb-1" id="job_list___sub_accordion_63"><div class="card"><a data-toggle="collapse" data-target="#job_list___sub_collapse_63_1" aria-expanded="false" aria-controls="job_list___sub_collapse_63_1" href="#" class="job_list___sub_multi_heading"><div role="alert" class="card-header alert-danger" id="job_list___sub_heading_63_1"><button class="btn btn-outline-danger"><span class="job_id">63 : Job ID 0b3ceca7e1c74617a056639d5fcb56a0</span></button></div></a><div aria-labelledby="job_list___sub_heading_63_1" data-parent="#job_list___sub_accordion_63" class="collapse job_list___sub_multi_collapse" id="job_list___sub_collapse_63_1"><div class="card-body"><div class="work-item"><div class="alert alert-danger test-outcome" role="alert"><p>SURVIVED</p><p>worker outcome: normal</p><p>test outcome: survived</p></div></div><pre class="location"><a href="pycharm://open?file=stack3.py&amp;line=50" class="text-secondary"><button class="btn btn-outline-dark">stack3.py, start pos: (50, 27), end pos: (50, 28)</button></a></pre><pre>operator: core/NumberReplacer, occurrence: 14</pre><div class="alert alert-secondary"><pre class="diff">--- mutation diff ---
--- astack3.py
+++ bstack3.py
@@ -47,7 +47,7 @@
             nodeToRemove = self.__head
             self.__sentinel.next = self.__head.next
             self.__head = self.__sentinel.next
-            self.__size -= 1
+            self.__size -= 2
             return nodeToRemove
 
     def getHead(self) -&gt; T:</pre></div><div class="alert alert-secondary"><pre class="diff">============================= test session starts ==============================
platform linux -- Python 3.10.10, pytest-7.2.1, pluggy-1.0.0
rootdir: /home/auri/temp/lucca/python_experiments/stack3
collected 17 items

DYNAMOSA/test_stack3_DYNAMOSA.py .................                       [100%]

============================== 17 passed in 0.09s ==============================
</pre></div></div></div></div></div><div class="mb-1" id="job_list___sub_accordion_64"><div class="card"><a data-toggle="collapse" data-target="#job_list___sub_collapse_64_1" aria-expanded="false" aria-controls="job_list___sub_collapse_64_1" href="#" class="job_list___sub_multi_heading"><div role="alert" class="card-header alert-danger" id="job_list___sub_heading_64_1"><button class="btn btn-outline-danger"><span class="job_id">64 : Job ID c4a95fc83e4d4200a6b3435df0f6f6e9</span></button></div></a><div aria-labelledby="job_list___sub_heading_64_1" data-parent="#job_list___sub_accordion_64" class="collapse job_list___sub_multi_collapse" id="job_list___sub_collapse_64_1"><div class="card-body"><div class="work-item"><div class="alert alert-danger test-outcome" role="alert"><p>SURVIVED</p><p>worker outcome: normal</p><p>test outcome: survived</p></div></div><pre class="location"><a href="pycharm://open?file=stack3.py&amp;line=50" class="text-secondary"><button class="btn btn-outline-dark">stack3.py, start pos: (50, 27), end pos: (50, 28)</button></a></pre><pre>operator: core/NumberReplacer, occurrence: 15</pre><div class="alert alert-secondary"><pre class="diff">--- mutation diff ---
--- astack3.py
+++ bstack3.py
@@ -47,7 +47,7 @@
             nodeToRemove = self.__head
             self.__sentinel.next = self.__head.next
             self.__head = self.__sentinel.next
-            self.__size -= 1
+            self.__size -= 0
             return nodeToRemove
 
     def getHead(self) -&gt; T:</pre></div><div class="alert alert-secondary"><pre class="diff">============================= test session starts ==============================
platform linux -- Python 3.10.10, pytest-7.2.1, pluggy-1.0.0
rootdir: /home/auri/temp/lucca/python_experiments/stack3
collected 17 items

DYNAMOSA/test_stack3_DYNAMOSA.py .................                       [100%]

============================== 17 passed in 0.10s ==============================
</pre></div></div></div></div></div><div class="mb-1" id="job_list___sub_accordion_65"><div class="card"><a data-toggle="collapse" data-target="#job_list___sub_collapse_65_1" aria-expanded="false" aria-controls="job_list___sub_collapse_65_1" href="#" class="job_list___sub_multi_heading"><div role="alert" class="card-header alert-success" id="job_list___sub_heading_65_1"><button class="btn btn-outline-success"><span class="job_id">65 : Job ID e944bc86f7eb47e38de894b58d8ad335</span></button></div></a><div aria-labelledby="job_list___sub_heading_65_1" data-parent="#job_list___sub_accordion_65" class="collapse job_list___sub_multi_collapse" id="job_list___sub_collapse_65_1"><div class="card-body"><div class="work-item"><div class="alert alert-success test-outcome" role="alert"><p>worker outcome: normal</p><p>test outcome: killed</p></div></div><pre class="location"><a href="pycharm://open?file=stack3.py&amp;line=75" class="text-secondary"><button class="btn btn-outline-dark">stack3.py, start pos: (75, 38), end pos: (75, 39)</button></a></pre><pre>operator: core/NumberReplacer, occurrence: 16</pre><div class="alert alert-secondary"><pre class="diff">--- mutation diff ---
--- astack3.py
+++ bstack3.py
@@ -72,7 +72,7 @@
 
         """Checks if linkedlist is empty."""
 
-        return True if self.__size == 0 else False
+        return True if self.__size == 1 else False
 
     def toArray(self) -&gt; list:
 </pre></div><div class="alert alert-secondary"><pre class="diff">============================= test session starts ==============================
platform linux -- Python 3.10.10, pytest-7.2.1, pluggy-1.0.0
rootdir: /home/auri/temp/lucca/python_experiments/stack3
collected 17 items

DYNAMOSA/test_stack3_DYNAMOSA.py ...FF..........F.                       [100%]

=================================== FAILURES ===================================
_________________________________ test_case_3 __________________________________

    def test_case_3():
        singly_linked_list_0 = module_0.SinglyLinkedList()
        bool_0 = singly_linked_list_0.isEmpty()
&gt;       assert bool_0 is True
E       assert False is True

DYNAMOSA/test_stack3_DYNAMOSA.py:25: AssertionError
_________________________________ test_case_4 __________________________________

    def test_case_4():
        singly_linked_list_0 = module_0.SinglyLinkedList()
        node_0 = singly_linked_list_0.getHeadNode()
        int_0 = singly_linked_list_0.getSize()
        list_0 = singly_linked_list_0.toArray()
        none_type_0 = singly_linked_list_0.add(list_0)
        bool_0 = singly_linked_list_0.isEmpty()
&gt;       assert bool_0 is False
E       assert True is False

DYNAMOSA/test_stack3_DYNAMOSA.py:35: AssertionError
_________________________________ test_case_15 _________________________________

    def test_case_15():
        singly_linked_list_0 = module_0.SinglyLinkedList()
        list_0 = singly_linked_list_0.toArray()
        str_0 = singly_linked_list_0.__str__()
        assert str_0 == '[None]'
        none_type_0 = singly_linked_list_0.add(singly_linked_list_0)
        bool_0 = singly_linked_list_0.isEmpty()
&gt;       assert bool_0 is False
E       assert True is False

DYNAMOSA/test_stack3_DYNAMOSA.py:133: AssertionError
=========================== short test summary info ============================
FAILED DYNAMOSA/test_stack3_DYNAMOSA.py::test_case_3 - assert False is True
FAILED DYNAMOSA/test_stack3_DYNAMOSA.py::test_case_4 - assert True is False
FAILED DYNAMOSA/test_stack3_DYNAMOSA.py::test_case_15 - assert True is False
========================= 3 failed, 14 passed in 0.16s =========================
</pre></div></div></div></div></div><div class="mb-1" id="job_list___sub_accordion_66"><div class="card"><a data-toggle="collapse" data-target="#job_list___sub_collapse_66_1" aria-expanded="false" aria-controls="job_list___sub_collapse_66_1" href="#" class="job_list___sub_multi_heading"><div role="alert" class="card-header alert-success" id="job_list___sub_heading_66_1"><button class="btn btn-outline-success"><span class="job_id">66 : Job ID 4b9a32f9b8794b12953d945f6460a31b</span></button></div></a><div aria-labelledby="job_list___sub_heading_66_1" data-parent="#job_list___sub_accordion_66" class="collapse job_list___sub_multi_collapse" id="job_list___sub_collapse_66_1"><div class="card-body"><div class="work-item"><div class="alert alert-success test-outcome" role="alert"><p>worker outcome: normal</p><p>test outcome: killed</p></div></div><pre class="location"><a href="pycharm://open?file=stack3.py&amp;line=75" class="text-secondary"><button class="btn btn-outline-dark">stack3.py, start pos: (75, 38), end pos: (75, 39)</button></a></pre><pre>operator: core/NumberReplacer, occurrence: 17</pre><div class="alert alert-secondary"><pre class="diff">--- mutation diff ---
--- astack3.py
+++ bstack3.py
@@ -72,7 +72,7 @@
 
         """Checks if linkedlist is empty."""
 
-        return True if self.__size == 0 else False
+        return True if self.__size == -1 else False
 
     def toArray(self) -&gt; list:
 </pre></div><div class="alert alert-secondary"><pre class="diff">============================= test session starts ==============================
platform linux -- Python 3.10.10, pytest-7.2.1, pluggy-1.0.0
rootdir: /home/auri/temp/lucca/python_experiments/stack3
collected 17 items

DYNAMOSA/test_stack3_DYNAMOSA.py ...F.............                       [100%]

=================================== FAILURES ===================================
_________________________________ test_case_3 __________________________________

    def test_case_3():
        singly_linked_list_0 = module_0.SinglyLinkedList()
        bool_0 = singly_linked_list_0.isEmpty()
&gt;       assert bool_0 is True
E       assert False is True

DYNAMOSA/test_stack3_DYNAMOSA.py:25: AssertionError
=========================== short test summary info ============================
FAILED DYNAMOSA/test_stack3_DYNAMOSA.py::test_case_3 - assert False is True
========================= 1 failed, 16 passed in 0.16s =========================
</pre></div></div></div></div></div><div class="mb-1" id="job_list___sub_accordion_67"><div class="card"><a data-toggle="collapse" data-target="#job_list___sub_collapse_67_1" aria-expanded="false" aria-controls="job_list___sub_collapse_67_1" href="#" class="job_list___sub_multi_heading"><div role="alert" class="card-header alert-success" id="job_list___sub_heading_67_1"><button class="btn btn-outline-success"><span class="job_id">67 : Job ID 069214d166384866a4910ab970f9b9b4</span></button></div></a><div aria-labelledby="job_list___sub_heading_67_1" data-parent="#job_list___sub_accordion_67" class="collapse job_list___sub_multi_collapse" id="job_list___sub_collapse_67_1"><div class="card-body"><div class="work-item"><div class="alert alert-success test-outcome" role="alert"><p>worker outcome: normal</p><p>test outcome: killed</p></div></div><pre class="location"><a href="pycharm://open?file=stack3.py&amp;line=125" class="text-secondary"><button class="btn btn-outline-dark">stack3.py, start pos: (125, 49), end pos: (125, 50)</button></a></pre><pre>operator: core/NumberReplacer, occurrence: 18</pre><div class="alert alert-secondary"><pre class="diff">--- mutation diff ---
--- astack3.py
+++ bstack3.py
@@ -122,7 +122,7 @@
 
         """Check if stack is empty."""
 
-        return True if self.__stack.getSize() == 0 else False
+        return True if self.__stack.getSize() == 1 else False
 
     def getSize(self) -&gt; int:
 </pre></div><div class="alert alert-secondary"><pre class="diff">============================= test session starts ==============================
platform linux -- Python 3.10.10, pytest-7.2.1, pluggy-1.0.0
rootdir: /home/auri/temp/lucca/python_experiments/stack3
collected 17 items

DYNAMOSA/test_stack3_DYNAMOSA.py .......F.....F...                       [100%]

=================================== FAILURES ===================================
_________________________________ test_case_7 __________________________________

    def test_case_7():
        stack_0 = module_0.Stack()
        bool_0 = stack_0.isEmpty()
&gt;       assert bool_0 is True
E       assert False is True

DYNAMOSA/test_stack3_DYNAMOSA.py:59: AssertionError
_________________________________ test_case_13 _________________________________

    def test_case_13():
        stack_0 = module_0.Stack()
        none_type_0 = stack_0.push(stack_0)
        var_0 = stack_0.peek()
        bool_0 = var_0.isEmpty()
&gt;       assert bool_0 is False
E       assert True is False

DYNAMOSA/test_stack3_DYNAMOSA.py:108: AssertionError
=========================== short test summary info ============================
FAILED DYNAMOSA/test_stack3_DYNAMOSA.py::test_case_7 - assert False is True
FAILED DYNAMOSA/test_stack3_DYNAMOSA.py::test_case_13 - assert True is False
========================= 2 failed, 15 passed in 0.15s =========================
</pre></div></div></div></div></div><div class="mb-1" id="job_list___sub_accordion_68"><div class="card"><a data-toggle="collapse" data-target="#job_list___sub_collapse_68_1" aria-expanded="false" aria-controls="job_list___sub_collapse_68_1" href="#" class="job_list___sub_multi_heading"><div role="alert" class="card-header alert-success" id="job_list___sub_heading_68_1"><button class="btn btn-outline-success"><span class="job_id">68 : Job ID 378328a69a474248b12a4d90976b54e5</span></button></div></a><div aria-labelledby="job_list___sub_heading_68_1" data-parent="#job_list___sub_accordion_68" class="collapse job_list___sub_multi_collapse" id="job_list___sub_collapse_68_1"><div class="card-body"><div class="work-item"><div class="alert alert-success test-outcome" role="alert"><p>worker outcome: normal</p><p>test outcome: killed</p></div></div><pre class="location"><a href="pycharm://open?file=stack3.py&amp;line=125" class="text-secondary"><button class="btn btn-outline-dark">stack3.py, start pos: (125, 49), end pos: (125, 50)</button></a></pre><pre>operator: core/NumberReplacer, occurrence: 19</pre><div class="alert alert-secondary"><pre class="diff">--- mutation diff ---
--- astack3.py
+++ bstack3.py
@@ -122,7 +122,7 @@
 
         """Check if stack is empty."""
 
-        return True if self.__stack.getSize() == 0 else False
+        return True if self.__stack.getSize() == -1 else False
 
     def getSize(self) -&gt; int:
 </pre></div><div class="alert alert-secondary"><pre class="diff">============================= test session starts ==============================
platform linux -- Python 3.10.10, pytest-7.2.1, pluggy-1.0.0
rootdir: /home/auri/temp/lucca/python_experiments/stack3
collected 17 items

DYNAMOSA/test_stack3_DYNAMOSA.py .......F.........                       [100%]

=================================== FAILURES ===================================
_________________________________ test_case_7 __________________________________

    def test_case_7():
        stack_0 = module_0.Stack()
        bool_0 = stack_0.isEmpty()
&gt;       assert bool_0 is True
E       assert False is True

DYNAMOSA/test_stack3_DYNAMOSA.py:59: AssertionError
=========================== short test summary info ============================
FAILED DYNAMOSA/test_stack3_DYNAMOSA.py::test_case_7 - assert False is True
========================= 1 failed, 16 passed in 0.23s =========================
</pre></div></div></div></div></div><div class="mb-1" id="job_list___sub_accordion_69"><div class="card"><a data-toggle="collapse" data-target="#job_list___sub_collapse_69_1" aria-expanded="false" aria-controls="job_list___sub_collapse_69_1" href="#" class="job_list___sub_multi_heading"><div role="alert" class="card-header alert-danger" id="job_list___sub_heading_69_1"><button class="btn btn-outline-danger"><span class="job_id">69 : Job ID 02af477d03f44f158c1358f2ab8ed77c</span></button></div></a><div aria-labelledby="job_list___sub_heading_69_1" data-parent="#job_list___sub_accordion_69" class="collapse job_list___sub_multi_collapse" id="job_list___sub_collapse_69_1"><div class="card-body"><div class="work-item"><div class="alert alert-danger test-outcome" role="alert"><p>SURVIVED</p><p>worker outcome: normal</p><p>test outcome: survived</p></div></div><pre class="location"><a href="pycharm://open?file=stack3.py&amp;line=137" class="text-secondary"><button class="btn btn-outline-dark">stack3.py, start pos: (137, 45), end pos: (137, 46)</button></a></pre><pre>operator: core/NumberReplacer, occurrence: 20</pre><div class="alert alert-secondary"><pre class="diff">--- mutation diff ---
--- astack3.py
+++ bstack3.py
@@ -134,7 +134,7 @@
 
         """Get string representation of the stack."""
 
-        return str(self.__stack.toArray()[::-1])
+        return str(self.__stack.toArray()[::- 2])
 
 
 if __name__ == "__main__":</pre></div><div class="alert alert-secondary"><pre class="diff">============================= test session starts ==============================
platform linux -- Python 3.10.10, pytest-7.2.1, pluggy-1.0.0
rootdir: /home/auri/temp/lucca/python_experiments/stack3
collected 17 items

DYNAMOSA/test_stack3_DYNAMOSA.py .................                       [100%]

============================== 17 passed in 0.09s ==============================
</pre></div></div></div></div></div><div class="mb-1" id="job_list___sub_accordion_70"><div class="card"><a data-toggle="collapse" data-target="#job_list___sub_collapse_70_1" aria-expanded="false" aria-controls="job_list___sub_collapse_70_1" href="#" class="job_list___sub_multi_heading"><div role="alert" class="card-header alert-success" id="job_list___sub_heading_70_1"><button class="btn btn-outline-success"><span class="job_id">70 : Job ID 885258e91cef4e32928222645cce7700</span></button></div></a><div aria-labelledby="job_list___sub_heading_70_1" data-parent="#job_list___sub_accordion_70" class="collapse job_list___sub_multi_collapse" id="job_list___sub_collapse_70_1"><div class="card-body"><div class="work-item"><div class="alert alert-success test-outcome" role="alert"><p>worker outcome: normal</p><p>test outcome: killed</p></div></div><pre class="location"><a href="pycharm://open?file=stack3.py&amp;line=137" class="text-secondary"><button class="btn btn-outline-dark">stack3.py, start pos: (137, 45), end pos: (137, 46)</button></a></pre><pre>operator: core/NumberReplacer, occurrence: 21</pre><div class="alert alert-secondary"><pre class="diff">--- mutation diff ---
--- astack3.py
+++ bstack3.py
@@ -134,7 +134,7 @@
 
         """Get string representation of the stack."""
 
-        return str(self.__stack.toArray()[::-1])
+        return str(self.__stack.toArray()[::- 0])
 
 
 if __name__ == "__main__":</pre></div><div class="alert alert-secondary"><pre class="diff">============================= test session starts ==============================
platform linux -- Python 3.10.10, pytest-7.2.1, pluggy-1.0.0
rootdir: /home/auri/temp/lucca/python_experiments/stack3
collected 17 items

DYNAMOSA/test_stack3_DYNAMOSA.py .....F......F....                       [100%]

=================================== FAILURES ===================================
_________________________________ test_case_5 __________________________________

    def test_case_5():
        stack_0 = module_0.Stack()
&gt;       str_0 = stack_0.__str__()

DYNAMOSA/test_stack3_DYNAMOSA.py:48: 
_ _ _ _ _ _ _ _ _ _ _ _ _ _ _ _ _ _ _ _ _ _ _ _ _ _ _ _ _ _ _ _ _ _ _ _ _ _ _ _ 

self = &lt;stack3.Stack object at 0x7f08946caf50&gt;

    def __str__(self) -&gt; str:
    
        """Get string representation of the stack."""
    
&gt;       return str(self.__stack.toArray()[::- 0])
E       ValueError: slice step cannot be zero

stack3.py:137: ValueError
_________________________________ test_case_12 _________________________________

    def test_case_12():
        stack_0 = module_0.Stack()
&gt;       str_0 = stack_0.__str__()

DYNAMOSA/test_stack3_DYNAMOSA.py:98: 
_ _ _ _ _ _ _ _ _ _ _ _ _ _ _ _ _ _ _ _ _ _ _ _ _ _ _ _ _ _ _ _ _ _ _ _ _ _ _ _ 

self = &lt;stack3.Stack object at 0x7f089455c7c0&gt;

    def __str__(self) -&gt; str:
    
        """Get string representation of the stack."""
    
&gt;       return str(self.__stack.toArray()[::- 0])
E       ValueError: slice step cannot be zero

stack3.py:137: ValueError
=========================== short test summary info ============================
FAILED DYNAMOSA/test_stack3_DYNAMOSA.py::test_case_5 - ValueError: slice step...
FAILED DYNAMOSA/test_stack3_DYNAMOSA.py::test_case_12 - ValueError: slice ste...
========================= 2 failed, 15 passed in 0.17s =========================
</pre></div></div></div></div></div></div></div></div></div></div><script src="https://code.jquery.com/jquery-3.3.1.slim.min.js" integrity="sha384-q8i/X+965DzO0rT7abK41JStQIAqVgRVzpbzo5smXKp4YfRvH+8abtTE1Pi6jizo" crossorigin="anonymous"></script><script src="https://cdnjs.cloudflare.com/ajax/libs/popper.js/1.14.7/umd/popper.min.js" integrity="sha384-UO2eT0CpHqdSJQ6hJty5KVphtPhzWj9WO1clHTMGa3JDZwrnQq4sF86dIHNDz0W1" crossorigin="anonymous"></script><script src="https://stackpath.bootstrapcdn.com/bootstrap/4.3.1/js/bootstrap.min.js" integrity="sha384-JjSmVgyd0p3pXB1rRibZUAYoIIy6OrQ6VrjIEaFf/nJGzIxFDsf4x0xIM+B07jRM" crossorigin="anonymous"></script><script type="text/javascript">$('div.job_list___sub_multi_collapse').on('shown.bs.collapse',  function () {    correct_behavior_functional_buttons();  });$('div.job_list___sub_multi_collapse').on('hidden.bs.collapse',  function () {    correct_behavior_functional_buttons();  });function correct_behavior_functional_buttons() {    var expand = false;    var collapse = false;    $('a.job_list___sub_multi_heading').each(function(index) {      if ($(this).attr('aria-expanded') == 'false') {        expand = true;        return false;      };    });    $('a.job_list___sub_multi_heading').each(function(index) {      if ($(this).attr('aria-expanded') == 'true') {        collapse = true;        return false;      };    });    if (expand) {      $('div#job_item_expand_all').css('display', 'inline-block');    } else {      $('div#job_item_expand_all').css('display', 'none');    };    if (collapse) {      $('div#job_item_collapse_all').css('display', 'inline-block');    } else {      $('div#job_item_collapse_all').css('display', 'none');    };  };correct_behavior_functional_buttons();</script></body></html>
