<!DOCTYPE html><html lang="en"><head><meta charset="utf-8" /><meta name="viewport" content="width=device-width, initial-scale=1, shrink-to-fit=no" /><link rel="stylesheet" href="https://stackpath.bootstrapcdn.com/bootstrap/4.3.1/css/bootstrap.min.css" integrity="sha384-ggOyR0iXCbMQv3Xipma34MD+dH/1fQ784/j6cY/iJTQUOhcWr7x9JvoRxT2MZw1T" crossorigin="anonymous" /><title>Cosmic Ray Report</title></head><body><div class="container"><h1><p class="text-dark">Cosmic Ray Report</p></h1></div><div class="container"><div class="mb-1" id="summary_info___accordion"><div class="card"><a data-toggle="collapse" data-target="#summary_info___collapse_1" aria-expanded="true" aria-controls="summary_info___collapse_1" href="#"><div class="card-header" id="summary_info___heading_1"><button class="btn btn-outline-dark"><h4 class="m-0">Summary info</h4></button></div></a><div aria-labelledby="summary_info___heading_1" data-parent="#summary_info___accordion" class="collapse show" id="summary_info___collapse_1"><div class="card-body"><p>Date time: 05/03/2023 22:43:06</p><p>Total jobs: 14</p><p>Complete: 14 (100.00%)</p><p>Surviving mutants: 0 (0.00%)</p></div></div></div></div><div class="mb-1" id="job_list___accordion"><div class="card"><a data-toggle="collapse" data-target="#job_list___collapse_1" aria-expanded="false" aria-controls="job_list___collapse_1" href="#"><div class="card-header" id="job_list___heading_1"><button class="btn btn-outline-dark"><h4 class="m-0">Job list</h4></button></div></a><div aria-labelledby="job_list___heading_1" data-parent="#job_list___accordion" class="collapse" id="job_list___collapse_1"><div class="card-body"><div class="text-right mb-1"><div class="mx-1" id="job_item_expand_all"><a href="#" onclick="$('div.job_list___sub_multi_collapse').collapse('show');"><button class="btn btn-outline-dark"><span>Expand All</span></button></a></div><div class="mx-1" id="job_item_collapse_all"><a href="#" onclick="$('div.job_list___sub_multi_collapse').collapse('hide');"><button class="btn btn-outline-dark"><span>Collapse All</span></button></a></div></div><div class="mb-1" id="job_list___sub_accordion_1"><div class="card"><a data-toggle="collapse" data-target="#job_list___sub_collapse_1_1" aria-expanded="false" aria-controls="job_list___sub_collapse_1_1" href="#" class="job_list___sub_multi_heading"><div role="alert" class="card-header alert-success" id="job_list___sub_heading_1_1"><button class="btn btn-outline-success"><span class="job_id">1 : Job ID 6eff59f4da2d47939e94019506e10ff8</span></button></div></a><div aria-labelledby="job_list___sub_heading_1_1" data-parent="#job_list___sub_accordion_1" class="collapse job_list___sub_multi_collapse" id="job_list___sub_collapse_1_1"><div class="card-body"><div class="work-item"><div class="alert alert-success test-outcome" role="alert"><p>worker outcome: normal</p><p>test outcome: killed</p></div></div><pre class="location"><a href="pycharm://open?file=queue1.py&amp;line=23" class="text-secondary"><button class="btn btn-outline-dark">queue1.py, start pos: (23, 16), end pos: (23, 18)</button></a></pre><pre>operator: core/ReplaceComparisonOperator_Is_IsNot, occurrence: 0</pre><div class="alert alert-secondary"><pre class="diff">--- mutation diff ---
--- aqueue1.py
+++ bqueue1.py
@@ -20,7 +20,7 @@
 
 	def enqueue(self, item):
 
-		if self.front is None:
+		if self.front is not None:
 			new_node = QueueNode(item)
 			self.front = new_node
 			self.back = new_node</pre></div><div class="alert alert-secondary"><pre class="diff">============================= test session starts ==============================
platform linux -- Python 3.10.10, pytest-7.2.1, pluggy-1.0.0
rootdir: /home/auri/temp/lucca/python_experiments/queue1
collected 18 items

DYNAMOSA-WHOLE_SUITE/test_queue1_DYNAMOSA.py F..F..FF                    [ 44%]
DYNAMOSA-WHOLE_SUITE/test_queue1_WHOLE_SUITE.py .....F.FFF               [100%]

=================================== FAILURES ===================================
_________________________________ test_case_0 __________________________________

    def test_case_0():
        queue_0 = module_0.Queue()
        assert len(queue_0) == 0
        var_0 = queue_0.__len__()
        assert var_0 == 0
&gt;       var_1 = queue_0.enqueue(queue_0)

DYNAMOSA-WHOLE_SUITE/test_queue1_DYNAMOSA.py:10: 
_ _ _ _ _ _ _ _ _ _ _ _ _ _ _ _ _ _ _ _ _ _ _ _ _ _ _ _ _ _ _ _ _ _ _ _ _ _ _ _ 

self = &lt;queue1.Queue object at 0x7f4f5e0643a0&gt;
item = &lt;queue1.Queue object at 0x7f4f5e0643a0&gt;

    def enqueue(self, item):
    
    	if self.front is not None:
    		new_node = QueueNode(item)
    		self.front = new_node
    		self.back = new_node
    	else:
    		new_back = QueueNode(item)
&gt;   		self.back.next = new_back
E     AttributeError: 'NoneType' object has no attribute 'next'

queue1.py:29: AttributeError
_________________________________ test_case_3 __________________________________

    def test_case_3():
        str_0 = 'I*So4'
        queue_node_0 = module_0.QueueNode(str_0)
        dict_0 = {}
        queue_0 = module_0.Queue()
        assert len(queue_0) == 0
&gt;       var_0 = queue_0.enqueue(dict_0)

DYNAMOSA-WHOLE_SUITE/test_queue1_DYNAMOSA.py:32: 
_ _ _ _ _ _ _ _ _ _ _ _ _ _ _ _ _ _ _ _ _ _ _ _ _ _ _ _ _ _ _ _ _ _ _ _ _ _ _ _ 

self = &lt;queue1.Queue object at 0x7f4f5e04ee90&gt;, item = {}

    def enqueue(self, item):
    
    	if self.front is not None:
    		new_node = QueueNode(item)
    		self.front = new_node
    		self.back = new_node
    	else:
    		new_back = QueueNode(item)
&gt;   		self.back.next = new_back
E     AttributeError: 'NoneType' object has no attribute 'next'

queue1.py:29: AttributeError
_________________________________ test_case_6 __________________________________

    def test_case_6():
        dict_0 = {}
        queue_0 = module_0.Queue()
        assert len(queue_0) == 0
&gt;       var_0 = queue_0.enqueue(dict_0)

DYNAMOSA-WHOLE_SUITE/test_queue1_DYNAMOSA.py:54: 
_ _ _ _ _ _ _ _ _ _ _ _ _ _ _ _ _ _ _ _ _ _ _ _ _ _ _ _ _ _ _ _ _ _ _ _ _ _ _ _ 

self = &lt;queue1.Queue object at 0x7f4f5e1ff100&gt;, item = {}

    def enqueue(self, item):
    
    	if self.front is not None:
    		new_node = QueueNode(item)
    		self.front = new_node
    		self.back = new_node
    	else:
    		new_back = QueueNode(item)
&gt;   		self.back.next = new_back
E     AttributeError: 'NoneType' object has no attribute 'next'

queue1.py:29: AttributeError
_________________________________ test_case_7 __________________________________

    def test_case_7():
        str_0 = '\\=BToYP3(\rYl?ol$]='
        queue_node_0 = module_0.QueueNode(str_0)
        dict_0 = {}
        queue_0 = module_0.Queue()
        assert len(queue_0) == 0
&gt;       var_0 = queue_0.enqueue(dict_0)

DYNAMOSA-WHOLE_SUITE/test_queue1_DYNAMOSA.py:65: 
_ _ _ _ _ _ _ _ _ _ _ _ _ _ _ _ _ _ _ _ _ _ _ _ _ _ _ _ _ _ _ _ _ _ _ _ _ _ _ _ 

self = &lt;queue1.Queue object at 0x7f4f5e098a30&gt;, item = {}

    def enqueue(self, item):
    
    	if self.front is not None:
    		new_node = QueueNode(item)
    		self.front = new_node
    		self.back = new_node
    	else:
    		new_back = QueueNode(item)
&gt;   		self.back.next = new_back
E     AttributeError: 'NoneType' object has no attribute 'next'

queue1.py:29: AttributeError
_________________________________ test_case_5 __________________________________

    def test_case_5():
        queue_0 = module_0.Queue()
        assert len(queue_0) == 0
&gt;       var_0 = queue_0.enqueue(queue_0)

DYNAMOSA-WHOLE_SUITE/test_queue1_WHOLE_SUITE.py:39: 
_ _ _ _ _ _ _ _ _ _ _ _ _ _ _ _ _ _ _ _ _ _ _ _ _ _ _ _ _ _ _ _ _ _ _ _ _ _ _ _ 

self = &lt;queue1.Queue object at 0x7f4f5e09af20&gt;
item = &lt;queue1.Queue object at 0x7f4f5e09af20&gt;

    def enqueue(self, item):
    
    	if self.front is not None:
    		new_node = QueueNode(item)
    		self.front = new_node
    		self.back = new_node
    	else:
    		new_back = QueueNode(item)
&gt;   		self.back.next = new_back
E     AttributeError: 'NoneType' object has no attribute 'next'

queue1.py:29: AttributeError
_________________________________ test_case_7 __________________________________

    def test_case_7():
        bool_0 = False
        queue_0 = module_0.Queue()
        assert len(queue_0) == 0
&gt;       var_0 = queue_0.enqueue(bool_0)

DYNAMOSA-WHOLE_SUITE/test_queue1_WHOLE_SUITE.py:80: 
_ _ _ _ _ _ _ _ _ _ _ _ _ _ _ _ _ _ _ _ _ _ _ _ _ _ _ _ _ _ _ _ _ _ _ _ _ _ _ _ 

self = &lt;queue1.Queue object at 0x7f4f5e065210&gt;, item = False

    def enqueue(self, item):
    
    	if self.front is not None:
    		new_node = QueueNode(item)
    		self.front = new_node
    		self.back = new_node
    	else:
    		new_back = QueueNode(item)
&gt;   		self.back.next = new_back
E     AttributeError: 'NoneType' object has no attribute 'next'

queue1.py:29: AttributeError
_________________________________ test_case_8 __________________________________

    def test_case_8():
        complex_0 = -855.07 + 3693.73564j
        queue_node_0 = module_0.QueueNode(complex_0)
        queue_0 = module_0.Queue()
        assert len(queue_0) == 0
&gt;       var_0 = queue_0.enqueue(queue_0)

DYNAMOSA-WHOLE_SUITE/test_queue1_WHOLE_SUITE.py:88: 
_ _ _ _ _ _ _ _ _ _ _ _ _ _ _ _ _ _ _ _ _ _ _ _ _ _ _ _ _ _ _ _ _ _ _ _ _ _ _ _ 

self = &lt;queue1.Queue object at 0x7f4f5e04fb20&gt;
item = &lt;queue1.Queue object at 0x7f4f5e04fb20&gt;

    def enqueue(self, item):
    
    	if self.front is not None:
    		new_node = QueueNode(item)
    		self.front = new_node
    		self.back = new_node
    	else:
    		new_back = QueueNode(item)
&gt;   		self.back.next = new_back
E     AttributeError: 'NoneType' object has no attribute 'next'

queue1.py:29: AttributeError
_________________________________ test_case_9 __________________________________

    def test_case_9():
        queue_0 = module_0.Queue()
        assert len(queue_0) == 0
        queue_1 = module_0.Queue()
        assert len(queue_1) == 0
        queue_node_0 = module_0.QueueNode(queue_0)
        assert len(queue_node_0.data) == 0
&gt;       var_0 = queue_1.enqueue(queue_0)

DYNAMOSA-WHOLE_SUITE/test_queue1_WHOLE_SUITE.py:100: 
_ _ _ _ _ _ _ _ _ _ _ _ _ _ _ _ _ _ _ _ _ _ _ _ _ _ _ _ _ _ _ _ _ _ _ _ _ _ _ _ 

self = &lt;queue1.Queue object at 0x7f4f5e067d00&gt;
item = &lt;queue1.Queue object at 0x7f4f5e064160&gt;

    def enqueue(self, item):
    
    	if self.front is not None:
    		new_node = QueueNode(item)
    		self.front = new_node
    		self.back = new_node
    	else:
    		new_back = QueueNode(item)
&gt;   		self.back.next = new_back
E     AttributeError: 'NoneType' object has no attribute 'next'

queue1.py:29: AttributeError
=========================== short test summary info ============================
FAILED DYNAMOSA-WHOLE_SUITE/test_queue1_DYNAMOSA.py::test_case_0 - AttributeE...
FAILED DYNAMOSA-WHOLE_SUITE/test_queue1_DYNAMOSA.py::test_case_3 - AttributeE...
FAILED DYNAMOSA-WHOLE_SUITE/test_queue1_DYNAMOSA.py::test_case_6 - AttributeE...
FAILED DYNAMOSA-WHOLE_SUITE/test_queue1_DYNAMOSA.py::test_case_7 - AttributeE...
FAILED DYNAMOSA-WHOLE_SUITE/test_queue1_WHOLE_SUITE.py::test_case_5 - Attribu...
FAILED DYNAMOSA-WHOLE_SUITE/test_queue1_WHOLE_SUITE.py::test_case_7 - Attribu...
FAILED DYNAMOSA-WHOLE_SUITE/test_queue1_WHOLE_SUITE.py::test_case_8 - Attribu...
FAILED DYNAMOSA-WHOLE_SUITE/test_queue1_WHOLE_SUITE.py::test_case_9 - Attribu...
========================= 8 failed, 10 passed in 0.11s =========================
</pre></div></div></div></div></div><div class="mb-1" id="job_list___sub_accordion_2"><div class="card"><a data-toggle="collapse" data-target="#job_list___sub_collapse_2_1" aria-expanded="false" aria-controls="job_list___sub_collapse_2_1" href="#" class="job_list___sub_multi_heading"><div role="alert" class="card-header alert-success" id="job_list___sub_heading_2_1"><button class="btn btn-outline-success"><span class="job_id">2 : Job ID 6f620d42da3342f2bd28ed1df435239f</span></button></div></a><div aria-labelledby="job_list___sub_heading_2_1" data-parent="#job_list___sub_accordion_2" class="collapse job_list___sub_multi_collapse" id="job_list___sub_collapse_2_1"><div class="card-body"><div class="work-item"><div class="alert alert-success test-outcome" role="alert"><p>worker outcome: normal</p><p>test outcome: killed</p></div></div><pre class="location"><a href="pycharm://open?file=queue1.py&amp;line=35" class="text-secondary"><button class="btn btn-outline-dark">queue1.py, start pos: (35, 16), end pos: (35, 18)</button></a></pre><pre>operator: core/ReplaceComparisonOperator_Is_IsNot, occurrence: 1</pre><div class="alert alert-secondary"><pre class="diff">--- mutation diff ---
--- aqueue1.py
+++ bqueue1.py
@@ -32,7 +32,7 @@
 		self.size += 1
 
 	def dequeue(self):
-		if self.front is None:
+		if self.front is not None:
 			raise ValueError()
 		else:
 			front_node = self.front</pre></div><div class="alert alert-secondary"><pre class="diff">============================= test session starts ==============================
platform linux -- Python 3.10.10, pytest-7.2.1, pluggy-1.0.0
rootdir: /home/auri/temp/lucca/python_experiments/queue1
collected 18 items

DYNAMOSA-WHOLE_SUITE/test_queue1_DYNAMOSA.py .F.F..F.                    [ 44%]
DYNAMOSA-WHOLE_SUITE/test_queue1_WHOLE_SUITE.py .F...F....               [100%]

=================================== FAILURES ===================================
_________________________________ test_case_1 __________________________________

    def test_case_1():
        queue_0 = module_0.Queue()
        assert len(queue_0) == 0
        with pytest.raises(ValueError):
&gt;           queue_0.dequeue()

DYNAMOSA-WHOLE_SUITE/test_queue1_DYNAMOSA.py:17: 
_ _ _ _ _ _ _ _ _ _ _ _ _ _ _ _ _ _ _ _ _ _ _ _ _ _ _ _ _ _ _ _ _ _ _ _ _ _ _ _ 

self = &lt;queue1.Queue object at 0x7f17a06d4970&gt;

    def dequeue(self):
    	if self.front is not None:
    		raise ValueError()
    	else:
    		front_node = self.front
&gt;   		self.front = self.front.next
E     AttributeError: 'NoneType' object has no attribute 'next'

queue1.py:39: AttributeError
_________________________________ test_case_3 __________________________________

    def test_case_3():
        str_0 = 'I*So4'
        queue_node_0 = module_0.QueueNode(str_0)
        dict_0 = {}
        queue_0 = module_0.Queue()
        assert len(queue_0) == 0
        var_0 = queue_0.enqueue(dict_0)
        assert len(queue_0) == 1
        var_1 = queue_0.peek()
&gt;       var_2 = queue_0.dequeue()

DYNAMOSA-WHOLE_SUITE/test_queue1_DYNAMOSA.py:35: 
_ _ _ _ _ _ _ _ _ _ _ _ _ _ _ _ _ _ _ _ _ _ _ _ _ _ _ _ _ _ _ _ _ _ _ _ _ _ _ _ 

self = &lt;queue1.Queue object at 0x7f17a0862320&gt;

    def dequeue(self):
    	if self.front is not None:
&gt;   		raise ValueError()
E     ValueError

queue1.py:36: ValueError
_________________________________ test_case_6 __________________________________

    def test_case_6():
        dict_0 = {}
        queue_0 = module_0.Queue()
        assert len(queue_0) == 0
        var_0 = queue_0.enqueue(dict_0)
        assert len(queue_0) == 1
&gt;       var_1 = queue_0.dequeue()

DYNAMOSA-WHOLE_SUITE/test_queue1_DYNAMOSA.py:56: 
_ _ _ _ _ _ _ _ _ _ _ _ _ _ _ _ _ _ _ _ _ _ _ _ _ _ _ _ _ _ _ _ _ _ _ _ _ _ _ _ 

self = &lt;queue1.Queue object at 0x7f17a0705240&gt;

    def dequeue(self):
    	if self.front is not None:
&gt;   		raise ValueError()
E     ValueError

queue1.py:36: ValueError
_________________________________ test_case_1 __________________________________

    def test_case_1():
        queue_0 = module_0.Queue()
        assert len(queue_0) == 0
        with pytest.raises(ValueError):
&gt;           queue_0.dequeue()

DYNAMOSA-WHOLE_SUITE/test_queue1_WHOLE_SUITE.py:17: 
_ _ _ _ _ _ _ _ _ _ _ _ _ _ _ _ _ _ _ _ _ _ _ _ _ _ _ _ _ _ _ _ _ _ _ _ _ _ _ _ 

self = &lt;queue1.Queue object at 0x7f17a06b7430&gt;

    def dequeue(self):
    	if self.front is not None:
    		raise ValueError()
    	else:
    		front_node = self.front
&gt;   		self.front = self.front.next
E     AttributeError: 'NoneType' object has no attribute 'next'

queue1.py:39: AttributeError
_________________________________ test_case_5 __________________________________

    def test_case_5():
        queue_0 = module_0.Queue()
        assert len(queue_0) == 0
        var_0 = queue_0.enqueue(queue_0)
        assert len(queue_0) == 1
&gt;       var_1 = queue_0.dequeue()

DYNAMOSA-WHOLE_SUITE/test_queue1_WHOLE_SUITE.py:41: 
_ _ _ _ _ _ _ _ _ _ _ _ _ _ _ _ _ _ _ _ _ _ _ _ _ _ _ _ _ _ _ _ _ _ _ _ _ _ _ _ 

self = &lt;queue1.Queue object at 0x7f17a0706dd0&gt;

    def dequeue(self):
    	if self.front is not None:
&gt;   		raise ValueError()
E     ValueError

queue1.py:36: ValueError
=========================== short test summary info ============================
FAILED DYNAMOSA-WHOLE_SUITE/test_queue1_DYNAMOSA.py::test_case_1 - AttributeE...
FAILED DYNAMOSA-WHOLE_SUITE/test_queue1_DYNAMOSA.py::test_case_3 - ValueError
FAILED DYNAMOSA-WHOLE_SUITE/test_queue1_DYNAMOSA.py::test_case_6 - ValueError
FAILED DYNAMOSA-WHOLE_SUITE/test_queue1_WHOLE_SUITE.py::test_case_1 - Attribu...
FAILED DYNAMOSA-WHOLE_SUITE/test_queue1_WHOLE_SUITE.py::test_case_5 - ValueError
========================= 5 failed, 13 passed in 0.11s =========================
</pre></div></div></div></div></div><div class="mb-1" id="job_list___sub_accordion_3"><div class="card"><a data-toggle="collapse" data-target="#job_list___sub_collapse_3_1" aria-expanded="false" aria-controls="job_list___sub_collapse_3_1" href="#" class="job_list___sub_multi_heading"><div role="alert" class="card-header alert-success" id="job_list___sub_heading_3_1"><button class="btn btn-outline-success"><span class="job_id">3 : Job ID e218766c674f461db2de80db5ef87fa4</span></button></div></a><div aria-labelledby="job_list___sub_heading_3_1" data-parent="#job_list___sub_accordion_3" class="collapse job_list___sub_multi_collapse" id="job_list___sub_collapse_3_1"><div class="card-body"><div class="work-item"><div class="alert alert-success test-outcome" role="alert"><p>worker outcome: normal</p><p>test outcome: killed</p></div></div><pre class="location"><a href="pycharm://open?file=queue1.py&amp;line=44" class="text-secondary"><button class="btn btn-outline-dark">queue1.py, start pos: (44, 16), end pos: (44, 18)</button></a></pre><pre>operator: core/ReplaceComparisonOperator_Is_IsNot, occurrence: 2</pre><div class="alert alert-secondary"><pre class="diff">--- mutation diff ---
--- aqueue1.py
+++ bqueue1.py
@@ -41,7 +41,7 @@
 			return front_node.data
 
 	def peek(self):
-		if self.front is None:
+		if self.front is not None:
 			return None
 		return self.front.data
 </pre></div><div class="alert alert-secondary"><pre class="diff">============================= test session starts ==============================
platform linux -- Python 3.10.10, pytest-7.2.1, pluggy-1.0.0
rootdir: /home/auri/temp/lucca/python_experiments/queue1
collected 18 items

DYNAMOSA-WHOLE_SUITE/test_queue1_DYNAMOSA.py ..F.....                    [ 44%]
DYNAMOSA-WHOLE_SUITE/test_queue1_WHOLE_SUITE.py F....F...F               [100%]

=================================== FAILURES ===================================
_________________________________ test_case_2 __________________________________

    def test_case_2():
        queue_0 = module_0.Queue()
        assert len(queue_0) == 0
&gt;       var_0 = queue_0.peek()

DYNAMOSA-WHOLE_SUITE/test_queue1_DYNAMOSA.py:22: 
_ _ _ _ _ _ _ _ _ _ _ _ _ _ _ _ _ _ _ _ _ _ _ _ _ _ _ _ _ _ _ _ _ _ _ _ _ _ _ _ 

self = &lt;queue1.Queue object at 0x7fdf55d9cc40&gt;

    def peek(self):
    	if self.front is not None:
    		return None
&gt;   	return self.front.data
E    AttributeError: 'NoneType' object has no attribute 'data'

queue1.py:46: AttributeError
_________________________________ test_case_0 __________________________________

    def test_case_0():
        queue_0 = module_0.Queue()
        assert len(queue_0) == 0
        var_0 = queue_0.__str__()
        queue_1 = module_0.Queue()
        assert len(queue_1) == 0
&gt;       var_1 = queue_1.peek()

DYNAMOSA-WHOLE_SUITE/test_queue1_WHOLE_SUITE.py:11: 
_ _ _ _ _ _ _ _ _ _ _ _ _ _ _ _ _ _ _ _ _ _ _ _ _ _ _ _ _ _ _ _ _ _ _ _ _ _ _ _ 

self = &lt;queue1.Queue object at 0x7fdf55d86b30&gt;

    def peek(self):
    	if self.front is not None:
    		return None
&gt;   	return self.front.data
E    AttributeError: 'NoneType' object has no attribute 'data'

queue1.py:46: AttributeError
_________________________________ test_case_5 __________________________________

    def test_case_5():
        queue_0 = module_0.Queue()
        assert len(queue_0) == 0
        var_0 = queue_0.enqueue(queue_0)
        assert len(queue_0) == 1
        var_1 = queue_0.dequeue()
        assert len(queue_0) == 0
        assert f'{type(var_1).__module__}.{type(var_1).__qualname__}' == 'queue1.Queue'
        assert len(var_1) == 0
        var_2 = queue_0.enqueue(var_1)
        assert len(queue_0) == 1
        assert len(var_1) == 1
        var_3 = queue_0.dequeue()
        assert len(queue_0) == 0
        assert len(var_1) == 0
        assert len(var_3) == 0
&gt;       var_4 = queue_0.peek()

DYNAMOSA-WHOLE_SUITE/test_queue1_WHOLE_SUITE.py:52: 
_ _ _ _ _ _ _ _ _ _ _ _ _ _ _ _ _ _ _ _ _ _ _ _ _ _ _ _ _ _ _ _ _ _ _ _ _ _ _ _ 

self = &lt;queue1.Queue object at 0x7fdf55e0c370&gt;

    def peek(self):
    	if self.front is not None:
    		return None
&gt;   	return self.front.data
E    AttributeError: 'NoneType' object has no attribute 'data'

queue1.py:46: AttributeError
_________________________________ test_case_9 __________________________________

    def test_case_9():
        queue_0 = module_0.Queue()
        assert len(queue_0) == 0
        queue_1 = module_0.Queue()
        assert len(queue_1) == 0
        queue_node_0 = module_0.QueueNode(queue_0)
        assert len(queue_node_0.data) == 0
        var_0 = queue_1.enqueue(queue_0)
        assert len(queue_1) == 1
        var_1 = queue_1.peek()
&gt;       assert f'{type(var_1).__module__}.{type(var_1).__qualname__}' == 'queue1.Queue'
E       AssertionError: assert 'builtins.NoneType' == 'queue1.Queue'
E         - queue1.Queue
E         + builtins.NoneType

DYNAMOSA-WHOLE_SUITE/test_queue1_WHOLE_SUITE.py:103: AssertionError
=========================== short test summary info ============================
FAILED DYNAMOSA-WHOLE_SUITE/test_queue1_DYNAMOSA.py::test_case_2 - AttributeE...
FAILED DYNAMOSA-WHOLE_SUITE/test_queue1_WHOLE_SUITE.py::test_case_0 - Attribu...
FAILED DYNAMOSA-WHOLE_SUITE/test_queue1_WHOLE_SUITE.py::test_case_5 - Attribu...
FAILED DYNAMOSA-WHOLE_SUITE/test_queue1_WHOLE_SUITE.py::test_case_9 - Asserti...
========================= 4 failed, 14 passed in 0.11s =========================
</pre></div></div></div></div></div><div class="mb-1" id="job_list___sub_accordion_4"><div class="card"><a data-toggle="collapse" data-target="#job_list___sub_collapse_4_1" aria-expanded="false" aria-controls="job_list___sub_collapse_4_1" href="#" class="job_list___sub_multi_heading"><div role="alert" class="card-header alert-success" id="job_list___sub_heading_4_1"><button class="btn btn-outline-success"><span class="job_id">4 : Job ID a09fef5640324bf290055aa8ea8a286f</span></button></div></a><div aria-labelledby="job_list___sub_heading_4_1" data-parent="#job_list___sub_accordion_4" class="collapse job_list___sub_multi_collapse" id="job_list___sub_collapse_4_1"><div class="card-body"><div class="work-item"><div class="alert alert-success test-outcome" role="alert"><p>worker outcome: normal</p><p>test outcome: killed</p></div></div><pre class="location"><a href="pycharm://open?file=queue1.py&amp;line=23" class="text-secondary"><button class="btn btn-outline-dark">queue1.py, start pos: (23, 5), end pos: (23, 23)</button></a></pre><pre>operator: core/AddNot, occurrence: 0</pre><div class="alert alert-secondary"><pre class="diff">--- mutation diff ---
--- aqueue1.py
+++ bqueue1.py
@@ -20,7 +20,7 @@
 
 	def enqueue(self, item):
 
-		if self.front is None:
+		if not self.front is None:
 			new_node = QueueNode(item)
 			self.front = new_node
 			self.back = new_node</pre></div><div class="alert alert-secondary"><pre class="diff">============================= test session starts ==============================
platform linux -- Python 3.10.10, pytest-7.2.1, pluggy-1.0.0
rootdir: /home/auri/temp/lucca/python_experiments/queue1
collected 18 items

DYNAMOSA-WHOLE_SUITE/test_queue1_DYNAMOSA.py F..F..FF                    [ 44%]
DYNAMOSA-WHOLE_SUITE/test_queue1_WHOLE_SUITE.py .....F.FFF               [100%]

=================================== FAILURES ===================================
_________________________________ test_case_0 __________________________________

    def test_case_0():
        queue_0 = module_0.Queue()
        assert len(queue_0) == 0
        var_0 = queue_0.__len__()
        assert var_0 == 0
&gt;       var_1 = queue_0.enqueue(queue_0)

DYNAMOSA-WHOLE_SUITE/test_queue1_DYNAMOSA.py:10: 
_ _ _ _ _ _ _ _ _ _ _ _ _ _ _ _ _ _ _ _ _ _ _ _ _ _ _ _ _ _ _ _ _ _ _ _ _ _ _ _ 

self = &lt;queue1.Queue object at 0x7f49bc3fc3a0&gt;
item = &lt;queue1.Queue object at 0x7f49bc3fc3a0&gt;

    def enqueue(self, item):
    
    	if not self.front is None:
    		new_node = QueueNode(item)
    		self.front = new_node
    		self.back = new_node
    	else:
    		new_back = QueueNode(item)
&gt;   		self.back.next = new_back
E     AttributeError: 'NoneType' object has no attribute 'next'

queue1.py:29: AttributeError
_________________________________ test_case_3 __________________________________

    def test_case_3():
        str_0 = 'I*So4'
        queue_node_0 = module_0.QueueNode(str_0)
        dict_0 = {}
        queue_0 = module_0.Queue()
        assert len(queue_0) == 0
&gt;       var_0 = queue_0.enqueue(dict_0)

DYNAMOSA-WHOLE_SUITE/test_queue1_DYNAMOSA.py:32: 
_ _ _ _ _ _ _ _ _ _ _ _ _ _ _ _ _ _ _ _ _ _ _ _ _ _ _ _ _ _ _ _ _ _ _ _ _ _ _ _ 

self = &lt;queue1.Queue object at 0x7f49bc3deec0&gt;, item = {}

    def enqueue(self, item):
    
    	if not self.front is None:
    		new_node = QueueNode(item)
    		self.front = new_node
    		self.back = new_node
    	else:
    		new_back = QueueNode(item)
&gt;   		self.back.next = new_back
E     AttributeError: 'NoneType' object has no attribute 'next'

queue1.py:29: AttributeError
_________________________________ test_case_6 __________________________________

    def test_case_6():
        dict_0 = {}
        queue_0 = module_0.Queue()
        assert len(queue_0) == 0
&gt;       var_0 = queue_0.enqueue(dict_0)

DYNAMOSA-WHOLE_SUITE/test_queue1_DYNAMOSA.py:54: 
_ _ _ _ _ _ _ _ _ _ _ _ _ _ _ _ _ _ _ _ _ _ _ _ _ _ _ _ _ _ _ _ _ _ _ _ _ _ _ _ 

self = &lt;queue1.Queue object at 0x7f49bc58ee30&gt;, item = {}

    def enqueue(self, item):
    
    	if not self.front is None:
    		new_node = QueueNode(item)
    		self.front = new_node
    		self.back = new_node
    	else:
    		new_back = QueueNode(item)
&gt;   		self.back.next = new_back
E     AttributeError: 'NoneType' object has no attribute 'next'

queue1.py:29: AttributeError
_________________________________ test_case_7 __________________________________

    def test_case_7():
        str_0 = '\\=BToYP3(\rYl?ol$]='
        queue_node_0 = module_0.QueueNode(str_0)
        dict_0 = {}
        queue_0 = module_0.Queue()
        assert len(queue_0) == 0
&gt;       var_0 = queue_0.enqueue(dict_0)

DYNAMOSA-WHOLE_SUITE/test_queue1_DYNAMOSA.py:65: 
_ _ _ _ _ _ _ _ _ _ _ _ _ _ _ _ _ _ _ _ _ _ _ _ _ _ _ _ _ _ _ _ _ _ _ _ _ _ _ _ 

self = &lt;queue1.Queue object at 0x7f49bc430a00&gt;, item = {}

    def enqueue(self, item):
    
    	if not self.front is None:
    		new_node = QueueNode(item)
    		self.front = new_node
    		self.back = new_node
    	else:
    		new_back = QueueNode(item)
&gt;   		self.back.next = new_back
E     AttributeError: 'NoneType' object has no attribute 'next'

queue1.py:29: AttributeError
_________________________________ test_case_5 __________________________________

    def test_case_5():
        queue_0 = module_0.Queue()
        assert len(queue_0) == 0
&gt;       var_0 = queue_0.enqueue(queue_0)

DYNAMOSA-WHOLE_SUITE/test_queue1_WHOLE_SUITE.py:39: 
_ _ _ _ _ _ _ _ _ _ _ _ _ _ _ _ _ _ _ _ _ _ _ _ _ _ _ _ _ _ _ _ _ _ _ _ _ _ _ _ 

self = &lt;queue1.Queue object at 0x7f49bc432e30&gt;
item = &lt;queue1.Queue object at 0x7f49bc432e30&gt;

    def enqueue(self, item):
    
    	if not self.front is None:
    		new_node = QueueNode(item)
    		self.front = new_node
    		self.back = new_node
    	else:
    		new_back = QueueNode(item)
&gt;   		self.back.next = new_back
E     AttributeError: 'NoneType' object has no attribute 'next'

queue1.py:29: AttributeError
_________________________________ test_case_7 __________________________________

    def test_case_7():
        bool_0 = False
        queue_0 = module_0.Queue()
        assert len(queue_0) == 0
&gt;       var_0 = queue_0.enqueue(bool_0)

DYNAMOSA-WHOLE_SUITE/test_queue1_WHOLE_SUITE.py:80: 
_ _ _ _ _ _ _ _ _ _ _ _ _ _ _ _ _ _ _ _ _ _ _ _ _ _ _ _ _ _ _ _ _ _ _ _ _ _ _ _ 

self = &lt;queue1.Queue object at 0x7f49bc3ff610&gt;, item = False

    def enqueue(self, item):
    
    	if not self.front is None:
    		new_node = QueueNode(item)
    		self.front = new_node
    		self.back = new_node
    	else:
    		new_back = QueueNode(item)
&gt;   		self.back.next = new_back
E     AttributeError: 'NoneType' object has no attribute 'next'

queue1.py:29: AttributeError
_________________________________ test_case_8 __________________________________

    def test_case_8():
        complex_0 = -855.07 + 3693.73564j
        queue_node_0 = module_0.QueueNode(complex_0)
        queue_0 = module_0.Queue()
        assert len(queue_0) == 0
&gt;       var_0 = queue_0.enqueue(queue_0)

DYNAMOSA-WHOLE_SUITE/test_queue1_WHOLE_SUITE.py:88: 
_ _ _ _ _ _ _ _ _ _ _ _ _ _ _ _ _ _ _ _ _ _ _ _ _ _ _ _ _ _ _ _ _ _ _ _ _ _ _ _ 

self = &lt;queue1.Queue object at 0x7f49bc3df8e0&gt;
item = &lt;queue1.Queue object at 0x7f49bc3df8e0&gt;

    def enqueue(self, item):
    
    	if not self.front is None:
    		new_node = QueueNode(item)
    		self.front = new_node
    		self.back = new_node
    	else:
    		new_back = QueueNode(item)
&gt;   		self.back.next = new_back
E     AttributeError: 'NoneType' object has no attribute 'next'

queue1.py:29: AttributeError
_________________________________ test_case_9 __________________________________

    def test_case_9():
        queue_0 = module_0.Queue()
        assert len(queue_0) == 0
        queue_1 = module_0.Queue()
        assert len(queue_1) == 0
        queue_node_0 = module_0.QueueNode(queue_0)
        assert len(queue_node_0.data) == 0
&gt;       var_0 = queue_1.enqueue(queue_0)

DYNAMOSA-WHOLE_SUITE/test_queue1_WHOLE_SUITE.py:100: 
_ _ _ _ _ _ _ _ _ _ _ _ _ _ _ _ _ _ _ _ _ _ _ _ _ _ _ _ _ _ _ _ _ _ _ _ _ _ _ _ 

self = &lt;queue1.Queue object at 0x7f49bc3ff1f0&gt;
item = &lt;queue1.Queue object at 0x7f49bc3fd1e0&gt;

    def enqueue(self, item):
    
    	if not self.front is None:
    		new_node = QueueNode(item)
    		self.front = new_node
    		self.back = new_node
    	else:
    		new_back = QueueNode(item)
&gt;   		self.back.next = new_back
E     AttributeError: 'NoneType' object has no attribute 'next'

queue1.py:29: AttributeError
=========================== short test summary info ============================
FAILED DYNAMOSA-WHOLE_SUITE/test_queue1_DYNAMOSA.py::test_case_0 - AttributeE...
FAILED DYNAMOSA-WHOLE_SUITE/test_queue1_DYNAMOSA.py::test_case_3 - AttributeE...
FAILED DYNAMOSA-WHOLE_SUITE/test_queue1_DYNAMOSA.py::test_case_6 - AttributeE...
FAILED DYNAMOSA-WHOLE_SUITE/test_queue1_DYNAMOSA.py::test_case_7 - AttributeE...
FAILED DYNAMOSA-WHOLE_SUITE/test_queue1_WHOLE_SUITE.py::test_case_5 - Attribu...
FAILED DYNAMOSA-WHOLE_SUITE/test_queue1_WHOLE_SUITE.py::test_case_7 - Attribu...
FAILED DYNAMOSA-WHOLE_SUITE/test_queue1_WHOLE_SUITE.py::test_case_8 - Attribu...
FAILED DYNAMOSA-WHOLE_SUITE/test_queue1_WHOLE_SUITE.py::test_case_9 - Attribu...
========================= 8 failed, 10 passed in 0.12s =========================
</pre></div></div></div></div></div><div class="mb-1" id="job_list___sub_accordion_5"><div class="card"><a data-toggle="collapse" data-target="#job_list___sub_collapse_5_1" aria-expanded="false" aria-controls="job_list___sub_collapse_5_1" href="#" class="job_list___sub_multi_heading"><div role="alert" class="card-header alert-success" id="job_list___sub_heading_5_1"><button class="btn btn-outline-success"><span class="job_id">5 : Job ID 24e974b8d4a74c4394ec0c7d69767788</span></button></div></a><div aria-labelledby="job_list___sub_heading_5_1" data-parent="#job_list___sub_accordion_5" class="collapse job_list___sub_multi_collapse" id="job_list___sub_collapse_5_1"><div class="card-body"><div class="work-item"><div class="alert alert-success test-outcome" role="alert"><p>worker outcome: normal</p><p>test outcome: killed</p></div></div><pre class="location"><a href="pycharm://open?file=queue1.py&amp;line=35" class="text-secondary"><button class="btn btn-outline-dark">queue1.py, start pos: (35, 5), end pos: (35, 23)</button></a></pre><pre>operator: core/AddNot, occurrence: 1</pre><div class="alert alert-secondary"><pre class="diff">--- mutation diff ---
--- aqueue1.py
+++ bqueue1.py
@@ -32,7 +32,7 @@
 		self.size += 1
 
 	def dequeue(self):
-		if self.front is None:
+		if not self.front is None:
 			raise ValueError()
 		else:
 			front_node = self.front</pre></div><div class="alert alert-secondary"><pre class="diff">============================= test session starts ==============================
platform linux -- Python 3.10.10, pytest-7.2.1, pluggy-1.0.0
rootdir: /home/auri/temp/lucca/python_experiments/queue1
collected 18 items

DYNAMOSA-WHOLE_SUITE/test_queue1_DYNAMOSA.py .F.F..F.                    [ 44%]
DYNAMOSA-WHOLE_SUITE/test_queue1_WHOLE_SUITE.py .F...F....               [100%]

=================================== FAILURES ===================================
_________________________________ test_case_1 __________________________________

    def test_case_1():
        queue_0 = module_0.Queue()
        assert len(queue_0) == 0
        with pytest.raises(ValueError):
&gt;           queue_0.dequeue()

DYNAMOSA-WHOLE_SUITE/test_queue1_DYNAMOSA.py:17: 
_ _ _ _ _ _ _ _ _ _ _ _ _ _ _ _ _ _ _ _ _ _ _ _ _ _ _ _ _ _ _ _ _ _ _ _ _ _ _ _ 

self = &lt;queue1.Queue object at 0x7f194d7a8970&gt;

    def dequeue(self):
    	if not self.front is None:
    		raise ValueError()
    	else:
    		front_node = self.front
&gt;   		self.front = self.front.next
E     AttributeError: 'NoneType' object has no attribute 'next'

queue1.py:39: AttributeError
_________________________________ test_case_3 __________________________________

    def test_case_3():
        str_0 = 'I*So4'
        queue_node_0 = module_0.QueueNode(str_0)
        dict_0 = {}
        queue_0 = module_0.Queue()
        assert len(queue_0) == 0
        var_0 = queue_0.enqueue(dict_0)
        assert len(queue_0) == 1
        var_1 = queue_0.peek()
&gt;       var_2 = queue_0.dequeue()

DYNAMOSA-WHOLE_SUITE/test_queue1_DYNAMOSA.py:35: 
_ _ _ _ _ _ _ _ _ _ _ _ _ _ _ _ _ _ _ _ _ _ _ _ _ _ _ _ _ _ _ _ _ _ _ _ _ _ _ _ 

self = &lt;queue1.Queue object at 0x7f194d93a440&gt;

    def dequeue(self):
    	if not self.front is None:
&gt;   		raise ValueError()
E     ValueError

queue1.py:36: ValueError
_________________________________ test_case_6 __________________________________

    def test_case_6():
        dict_0 = {}
        queue_0 = module_0.Queue()
        assert len(queue_0) == 0
        var_0 = queue_0.enqueue(dict_0)
        assert len(queue_0) == 1
&gt;       var_1 = queue_0.dequeue()

DYNAMOSA-WHOLE_SUITE/test_queue1_DYNAMOSA.py:56: 
_ _ _ _ _ _ _ _ _ _ _ _ _ _ _ _ _ _ _ _ _ _ _ _ _ _ _ _ _ _ _ _ _ _ _ _ _ _ _ _ 

self = &lt;queue1.Queue object at 0x7f194d7d9240&gt;

    def dequeue(self):
    	if not self.front is None:
&gt;   		raise ValueError()
E     ValueError

queue1.py:36: ValueError
_________________________________ test_case_1 __________________________________

    def test_case_1():
        queue_0 = module_0.Queue()
        assert len(queue_0) == 0
        with pytest.raises(ValueError):
&gt;           queue_0.dequeue()

DYNAMOSA-WHOLE_SUITE/test_queue1_WHOLE_SUITE.py:17: 
_ _ _ _ _ _ _ _ _ _ _ _ _ _ _ _ _ _ _ _ _ _ _ _ _ _ _ _ _ _ _ _ _ _ _ _ _ _ _ _ 

self = &lt;queue1.Queue object at 0x7f194d793430&gt;

    def dequeue(self):
    	if not self.front is None:
    		raise ValueError()
    	else:
    		front_node = self.front
&gt;   		self.front = self.front.next
E     AttributeError: 'NoneType' object has no attribute 'next'

queue1.py:39: AttributeError
_________________________________ test_case_5 __________________________________

    def test_case_5():
        queue_0 = module_0.Queue()
        assert len(queue_0) == 0
        var_0 = queue_0.enqueue(queue_0)
        assert len(queue_0) == 1
&gt;       var_1 = queue_0.dequeue()

DYNAMOSA-WHOLE_SUITE/test_queue1_WHOLE_SUITE.py:41: 
_ _ _ _ _ _ _ _ _ _ _ _ _ _ _ _ _ _ _ _ _ _ _ _ _ _ _ _ _ _ _ _ _ _ _ _ _ _ _ _ 

self = &lt;queue1.Queue object at 0x7f194d7dadd0&gt;

    def dequeue(self):
    	if not self.front is None:
&gt;   		raise ValueError()
E     ValueError

queue1.py:36: ValueError
=========================== short test summary info ============================
FAILED DYNAMOSA-WHOLE_SUITE/test_queue1_DYNAMOSA.py::test_case_1 - AttributeE...
FAILED DYNAMOSA-WHOLE_SUITE/test_queue1_DYNAMOSA.py::test_case_3 - ValueError
FAILED DYNAMOSA-WHOLE_SUITE/test_queue1_DYNAMOSA.py::test_case_6 - ValueError
FAILED DYNAMOSA-WHOLE_SUITE/test_queue1_WHOLE_SUITE.py::test_case_1 - Attribu...
FAILED DYNAMOSA-WHOLE_SUITE/test_queue1_WHOLE_SUITE.py::test_case_5 - ValueError
========================= 5 failed, 13 passed in 0.11s =========================
</pre></div></div></div></div></div><div class="mb-1" id="job_list___sub_accordion_6"><div class="card"><a data-toggle="collapse" data-target="#job_list___sub_collapse_6_1" aria-expanded="false" aria-controls="job_list___sub_collapse_6_1" href="#" class="job_list___sub_multi_heading"><div role="alert" class="card-header alert-success" id="job_list___sub_heading_6_1"><button class="btn btn-outline-success"><span class="job_id">6 : Job ID c0c96d436dec4ff38e72a7882e6652a1</span></button></div></a><div aria-labelledby="job_list___sub_heading_6_1" data-parent="#job_list___sub_accordion_6" class="collapse job_list___sub_multi_collapse" id="job_list___sub_collapse_6_1"><div class="card-body"><div class="work-item"><div class="alert alert-success test-outcome" role="alert"><p>worker outcome: normal</p><p>test outcome: killed</p></div></div><pre class="location"><a href="pycharm://open?file=queue1.py&amp;line=44" class="text-secondary"><button class="btn btn-outline-dark">queue1.py, start pos: (44, 5), end pos: (44, 23)</button></a></pre><pre>operator: core/AddNot, occurrence: 2</pre><div class="alert alert-secondary"><pre class="diff">--- mutation diff ---
--- aqueue1.py
+++ bqueue1.py
@@ -41,7 +41,7 @@
 			return front_node.data
 
 	def peek(self):
-		if self.front is None:
+		if not self.front is None:
 			return None
 		return self.front.data
 </pre></div><div class="alert alert-secondary"><pre class="diff">============================= test session starts ==============================
platform linux -- Python 3.10.10, pytest-7.2.1, pluggy-1.0.0
rootdir: /home/auri/temp/lucca/python_experiments/queue1
collected 18 items

DYNAMOSA-WHOLE_SUITE/test_queue1_DYNAMOSA.py ..F.....                    [ 44%]
DYNAMOSA-WHOLE_SUITE/test_queue1_WHOLE_SUITE.py F....F...F               [100%]

=================================== FAILURES ===================================
_________________________________ test_case_2 __________________________________

    def test_case_2():
        queue_0 = module_0.Queue()
        assert len(queue_0) == 0
&gt;       var_0 = queue_0.peek()

DYNAMOSA-WHOLE_SUITE/test_queue1_DYNAMOSA.py:22: 
_ _ _ _ _ _ _ _ _ _ _ _ _ _ _ _ _ _ _ _ _ _ _ _ _ _ _ _ _ _ _ _ _ _ _ _ _ _ _ _ 

self = &lt;queue1.Queue object at 0x7f6ac4874c40&gt;

    def peek(self):
    	if not self.front is None:
    		return None
&gt;   	return self.front.data
E    AttributeError: 'NoneType' object has no attribute 'data'

queue1.py:46: AttributeError
_________________________________ test_case_0 __________________________________

    def test_case_0():
        queue_0 = module_0.Queue()
        assert len(queue_0) == 0
        var_0 = queue_0.__str__()
        queue_1 = module_0.Queue()
        assert len(queue_1) == 0
&gt;       var_1 = queue_1.peek()

DYNAMOSA-WHOLE_SUITE/test_queue1_WHOLE_SUITE.py:11: 
_ _ _ _ _ _ _ _ _ _ _ _ _ _ _ _ _ _ _ _ _ _ _ _ _ _ _ _ _ _ _ _ _ _ _ _ _ _ _ _ 

self = &lt;queue1.Queue object at 0x7f6ac4867250&gt;

    def peek(self):
    	if not self.front is None:
    		return None
&gt;   	return self.front.data
E    AttributeError: 'NoneType' object has no attribute 'data'

queue1.py:46: AttributeError
_________________________________ test_case_5 __________________________________

    def test_case_5():
        queue_0 = module_0.Queue()
        assert len(queue_0) == 0
        var_0 = queue_0.enqueue(queue_0)
        assert len(queue_0) == 1
        var_1 = queue_0.dequeue()
        assert len(queue_0) == 0
        assert f'{type(var_1).__module__}.{type(var_1).__qualname__}' == 'queue1.Queue'
        assert len(var_1) == 0
        var_2 = queue_0.enqueue(var_1)
        assert len(queue_0) == 1
        assert len(var_1) == 1
        var_3 = queue_0.dequeue()
        assert len(queue_0) == 0
        assert len(var_1) == 0
        assert len(var_3) == 0
&gt;       var_4 = queue_0.peek()

DYNAMOSA-WHOLE_SUITE/test_queue1_WHOLE_SUITE.py:52: 
_ _ _ _ _ _ _ _ _ _ _ _ _ _ _ _ _ _ _ _ _ _ _ _ _ _ _ _ _ _ _ _ _ _ _ _ _ _ _ _ 

self = &lt;queue1.Queue object at 0x7f6ac48e8f70&gt;

    def peek(self):
    	if not self.front is None:
    		return None
&gt;   	return self.front.data
E    AttributeError: 'NoneType' object has no attribute 'data'

queue1.py:46: AttributeError
_________________________________ test_case_9 __________________________________

    def test_case_9():
        queue_0 = module_0.Queue()
        assert len(queue_0) == 0
        queue_1 = module_0.Queue()
        assert len(queue_1) == 0
        queue_node_0 = module_0.QueueNode(queue_0)
        assert len(queue_node_0.data) == 0
        var_0 = queue_1.enqueue(queue_0)
        assert len(queue_1) == 1
        var_1 = queue_1.peek()
&gt;       assert f'{type(var_1).__module__}.{type(var_1).__qualname__}' == 'queue1.Queue'
E       AssertionError: assert 'builtins.NoneType' == 'queue1.Queue'
E         - queue1.Queue
E         + builtins.NoneType

DYNAMOSA-WHOLE_SUITE/test_queue1_WHOLE_SUITE.py:103: AssertionError
=========================== short test summary info ============================
FAILED DYNAMOSA-WHOLE_SUITE/test_queue1_DYNAMOSA.py::test_case_2 - AttributeE...
FAILED DYNAMOSA-WHOLE_SUITE/test_queue1_WHOLE_SUITE.py::test_case_0 - Attribu...
FAILED DYNAMOSA-WHOLE_SUITE/test_queue1_WHOLE_SUITE.py::test_case_5 - Attribu...
FAILED DYNAMOSA-WHOLE_SUITE/test_queue1_WHOLE_SUITE.py::test_case_9 - Asserti...
========================= 4 failed, 14 passed in 0.10s =========================
</pre></div></div></div></div></div><div class="mb-1" id="job_list___sub_accordion_7"><div class="card"><a data-toggle="collapse" data-target="#job_list___sub_collapse_7_1" aria-expanded="false" aria-controls="job_list___sub_collapse_7_1" href="#" class="job_list___sub_multi_heading"><div role="alert" class="card-header alert-success" id="job_list___sub_heading_7_1"><button class="btn btn-outline-success"><span class="job_id">7 : Job ID 2b7d2259c20b4de493749cc0e2ac5f07</span></button></div></a><div aria-labelledby="job_list___sub_heading_7_1" data-parent="#job_list___sub_accordion_7" class="collapse job_list___sub_multi_collapse" id="job_list___sub_collapse_7_1"><div class="card-body"><div class="work-item"><div class="alert alert-success test-outcome" role="alert"><p>worker outcome: normal</p><p>test outcome: killed</p></div></div><pre class="location"><a href="pycharm://open?file=queue1.py&amp;line=12" class="text-secondary"><button class="btn btn-outline-dark">queue1.py, start pos: (12, 14), end pos: (12, 15)</button></a></pre><pre>operator: core/NumberReplacer, occurrence: 0</pre><div class="alert alert-secondary"><pre class="diff">--- mutation diff ---
--- aqueue1.py
+++ bqueue1.py
@@ -9,7 +9,7 @@
 	def __init__(self):
 		self.front = None
 		self.back = None
-		self.size = 0
+		self.size = 1
 
 	def __str__(self):
 		# TODO implement this later</pre></div><div class="alert alert-secondary"><pre class="diff">============================= test session starts ==============================
platform linux -- Python 3.10.10, pytest-7.2.1, pluggy-1.0.0
rootdir: /home/auri/temp/lucca/python_experiments/queue1
collected 18 items

DYNAMOSA-WHOLE_SUITE/test_queue1_DYNAMOSA.py FFFFFFFF                    [ 44%]
DYNAMOSA-WHOLE_SUITE/test_queue1_WHOLE_SUITE.py FFFFFFFFFF               [100%]

=================================== FAILURES ===================================
_________________________________ test_case_0 __________________________________

    def test_case_0():
        queue_0 = module_0.Queue()
&gt;       assert len(queue_0) == 0
E       assert 1 == 0
E        +  where 1 = len(&lt;queue1.Queue object at 0x7f999ef1d570&gt;)

DYNAMOSA-WHOLE_SUITE/test_queue1_DYNAMOSA.py:7: AssertionError
_________________________________ test_case_1 __________________________________

    def test_case_1():
        queue_0 = module_0.Queue()
&gt;       assert len(queue_0) == 0
E       assert 1 == 0
E        +  where 1 = len(&lt;queue1.Queue object at 0x7f999ef06350&gt;)

DYNAMOSA-WHOLE_SUITE/test_queue1_DYNAMOSA.py:15: AssertionError
_________________________________ test_case_2 __________________________________

    def test_case_2():
        queue_0 = module_0.Queue()
&gt;       assert len(queue_0) == 0
E       assert 1 == 0
E        +  where 1 = len(&lt;queue1.Queue object at 0x7f999ef1e560&gt;)

DYNAMOSA-WHOLE_SUITE/test_queue1_DYNAMOSA.py:21: AssertionError
_________________________________ test_case_3 __________________________________

    def test_case_3():
        str_0 = 'I*So4'
        queue_node_0 = module_0.QueueNode(str_0)
        dict_0 = {}
        queue_0 = module_0.Queue()
&gt;       assert len(queue_0) == 0
E       assert 1 == 0
E        +  where 1 = len(&lt;queue1.Queue object at 0x7f999ef1f730&gt;)

DYNAMOSA-WHOLE_SUITE/test_queue1_DYNAMOSA.py:31: AssertionError
_________________________________ test_case_4 __________________________________

    def test_case_4():
        none_type_0 = None
        queue_0 = module_0.Queue()
&gt;       assert len(queue_0) == 0
E       assert 1 == 0
E        +  where 1 = len(&lt;queue1.Queue object at 0x7f999ef51240&gt;)

DYNAMOSA-WHOLE_SUITE/test_queue1_DYNAMOSA.py:41: AssertionError
_________________________________ test_case_5 __________________________________

    def test_case_5():
        queue_0 = module_0.Queue()
&gt;       assert len(queue_0) == 0
E       assert 1 == 0
E        +  where 1 = len(&lt;queue1.Queue object at 0x7f999ef1ed10&gt;)

DYNAMOSA-WHOLE_SUITE/test_queue1_DYNAMOSA.py:46: AssertionError
_________________________________ test_case_6 __________________________________

    def test_case_6():
        dict_0 = {}
        queue_0 = module_0.Queue()
&gt;       assert len(queue_0) == 0
E       assert 1 == 0
E        +  where 1 = len(&lt;queue1.Queue object at 0x7f999ef07100&gt;)

DYNAMOSA-WHOLE_SUITE/test_queue1_DYNAMOSA.py:53: AssertionError
_________________________________ test_case_7 __________________________________

    def test_case_7():
        str_0 = '\\=BToYP3(\rYl?ol$]='
        queue_node_0 = module_0.QueueNode(str_0)
        dict_0 = {}
        queue_0 = module_0.Queue()
&gt;       assert len(queue_0) == 0
E       assert 1 == 0
E        +  where 1 = len(&lt;queue1.Queue object at 0x7f999ef518a0&gt;)

DYNAMOSA-WHOLE_SUITE/test_queue1_DYNAMOSA.py:64: AssertionError
_________________________________ test_case_0 __________________________________

    def test_case_0():
        queue_0 = module_0.Queue()
&gt;       assert len(queue_0) == 0
E       assert 1 == 0
E        +  where 1 = len(&lt;queue1.Queue object at 0x7f999ef05c90&gt;)

DYNAMOSA-WHOLE_SUITE/test_queue1_WHOLE_SUITE.py:7: AssertionError
_________________________________ test_case_1 __________________________________

    def test_case_1():
        queue_0 = module_0.Queue()
&gt;       assert len(queue_0) == 0
E       assert 1 == 0
E        +  where 1 = len(&lt;queue1.Queue object at 0x7f999ef903d0&gt;)

DYNAMOSA-WHOLE_SUITE/test_queue1_WHOLE_SUITE.py:15: AssertionError
_________________________________ test_case_2 __________________________________

    def test_case_2():
        queue_0 = module_0.Queue()
&gt;       assert len(queue_0) == 0
E       assert 1 == 0
E        +  where 1 = len(&lt;queue1.Queue object at 0x7f999ef1ffa0&gt;)

DYNAMOSA-WHOLE_SUITE/test_queue1_WHOLE_SUITE.py:21: AssertionError
_________________________________ test_case_3 __________________________________

    def test_case_3():
        queue_0 = module_0.Queue()
&gt;       assert len(queue_0) == 0
E       assert 1 == 0
E        +  where 1 = len(&lt;queue1.Queue object at 0x7f999ef90220&gt;)

DYNAMOSA-WHOLE_SUITE/test_queue1_WHOLE_SUITE.py:26: AssertionError
_________________________________ test_case_4 __________________________________

    def test_case_4():
        queue_0 = module_0.Queue()
&gt;       assert len(queue_0) == 0
E       assert 1 == 0
E        +  where 1 = len(&lt;queue1.Queue object at 0x7f999ef1ec50&gt;)

DYNAMOSA-WHOLE_SUITE/test_queue1_WHOLE_SUITE.py:31: AssertionError
_________________________________ test_case_5 __________________________________

    def test_case_5():
        queue_0 = module_0.Queue()
&gt;       assert len(queue_0) == 0
E       assert 1 == 0
E        +  where 1 = len(&lt;queue1.Queue object at 0x7f999ef933a0&gt;)

DYNAMOSA-WHOLE_SUITE/test_queue1_WHOLE_SUITE.py:38: AssertionError
_________________________________ test_case_6 __________________________________

    def test_case_6():
        queue_0 = module_0.Queue()
&gt;       assert len(queue_0) == 0
E       assert 1 == 0
E        +  where 1 = len(&lt;queue1.Queue object at 0x7f999ef53340&gt;)

DYNAMOSA-WHOLE_SUITE/test_queue1_WHOLE_SUITE.py:70: AssertionError
_________________________________ test_case_7 __________________________________

    def test_case_7():
        bool_0 = False
        queue_0 = module_0.Queue()
&gt;       assert len(queue_0) == 0
E       assert 1 == 0
E        +  where 1 = len(&lt;queue1.Queue object at 0x7f999ef923e0&gt;)

DYNAMOSA-WHOLE_SUITE/test_queue1_WHOLE_SUITE.py:79: AssertionError
_________________________________ test_case_8 __________________________________

    def test_case_8():
        complex_0 = -855.07 + 3693.73564j
        queue_node_0 = module_0.QueueNode(complex_0)
        queue_0 = module_0.Queue()
&gt;       assert len(queue_0) == 0
E       assert 1 == 0
E        +  where 1 = len(&lt;queue1.Queue object at 0x7f999ef50a60&gt;)

DYNAMOSA-WHOLE_SUITE/test_queue1_WHOLE_SUITE.py:87: AssertionError
_________________________________ test_case_9 __________________________________

    def test_case_9():
        queue_0 = module_0.Queue()
&gt;       assert len(queue_0) == 0
E       assert 1 == 0
E        +  where 1 = len(&lt;queue1.Queue object at 0x7f999ef93970&gt;)

DYNAMOSA-WHOLE_SUITE/test_queue1_WHOLE_SUITE.py:95: AssertionError
=========================== short test summary info ============================
FAILED DYNAMOSA-WHOLE_SUITE/test_queue1_DYNAMOSA.py::test_case_0 - assert 1 == 0
FAILED DYNAMOSA-WHOLE_SUITE/test_queue1_DYNAMOSA.py::test_case_1 - assert 1 == 0
FAILED DYNAMOSA-WHOLE_SUITE/test_queue1_DYNAMOSA.py::test_case_2 - assert 1 == 0
FAILED DYNAMOSA-WHOLE_SUITE/test_queue1_DYNAMOSA.py::test_case_3 - assert 1 == 0
FAILED DYNAMOSA-WHOLE_SUITE/test_queue1_DYNAMOSA.py::test_case_4 - assert 1 == 0
FAILED DYNAMOSA-WHOLE_SUITE/test_queue1_DYNAMOSA.py::test_case_5 - assert 1 == 0
FAILED DYNAMOSA-WHOLE_SUITE/test_queue1_DYNAMOSA.py::test_case_6 - assert 1 == 0
FAILED DYNAMOSA-WHOLE_SUITE/test_queue1_DYNAMOSA.py::test_case_7 - assert 1 == 0
FAILED DYNAMOSA-WHOLE_SUITE/test_queue1_WHOLE_SUITE.py::test_case_0 - assert ...
FAILED DYNAMOSA-WHOLE_SUITE/test_queue1_WHOLE_SUITE.py::test_case_1 - assert ...
FAILED DYNAMOSA-WHOLE_SUITE/test_queue1_WHOLE_SUITE.py::test_case_2 - assert ...
FAILED DYNAMOSA-WHOLE_SUITE/test_queue1_WHOLE_SUITE.py::test_case_3 - assert ...
FAILED DYNAMOSA-WHOLE_SUITE/test_queue1_WHOLE_SUITE.py::test_case_4 - assert ...
FAILED DYNAMOSA-WHOLE_SUITE/test_queue1_WHOLE_SUITE.py::test_case_5 - assert ...
FAILED DYNAMOSA-WHOLE_SUITE/test_queue1_WHOLE_SUITE.py::test_case_6 - assert ...
FAILED DYNAMOSA-WHOLE_SUITE/test_queue1_WHOLE_SUITE.py::test_case_7 - assert ...
FAILED DYNAMOSA-WHOLE_SUITE/test_queue1_WHOLE_SUITE.py::test_case_8 - assert ...
FAILED DYNAMOSA-WHOLE_SUITE/test_queue1_WHOLE_SUITE.py::test_case_9 - assert ...
============================== 18 failed in 0.13s ==============================
</pre></div></div></div></div></div><div class="mb-1" id="job_list___sub_accordion_8"><div class="card"><a data-toggle="collapse" data-target="#job_list___sub_collapse_8_1" aria-expanded="false" aria-controls="job_list___sub_collapse_8_1" href="#" class="job_list___sub_multi_heading"><div role="alert" class="card-header alert-success" id="job_list___sub_heading_8_1"><button class="btn btn-outline-success"><span class="job_id">8 : Job ID b8c726e43a2e454fb8f35a4bd14e74b8</span></button></div></a><div aria-labelledby="job_list___sub_heading_8_1" data-parent="#job_list___sub_accordion_8" class="collapse job_list___sub_multi_collapse" id="job_list___sub_collapse_8_1"><div class="card-body"><div class="work-item"><div class="alert alert-success test-outcome" role="alert"><p>worker outcome: normal</p><p>test outcome: killed</p></div></div><pre class="location"><a href="pycharm://open?file=queue1.py&amp;line=12" class="text-secondary"><button class="btn btn-outline-dark">queue1.py, start pos: (12, 14), end pos: (12, 15)</button></a></pre><pre>operator: core/NumberReplacer, occurrence: 1</pre><div class="alert alert-secondary"><pre class="diff">--- mutation diff ---
--- aqueue1.py
+++ bqueue1.py
@@ -9,7 +9,7 @@
 	def __init__(self):
 		self.front = None
 		self.back = None
-		self.size = 0
+		self.size = -1
 
 	def __str__(self):
 		# TODO implement this later</pre></div><div class="alert alert-secondary"><pre class="diff">============================= test session starts ==============================
platform linux -- Python 3.10.10, pytest-7.2.1, pluggy-1.0.0
rootdir: /home/auri/temp/lucca/python_experiments/queue1
collected 18 items

DYNAMOSA-WHOLE_SUITE/test_queue1_DYNAMOSA.py FFFFFFFF                    [ 44%]
DYNAMOSA-WHOLE_SUITE/test_queue1_WHOLE_SUITE.py FFFFFFFFFF               [100%]

=================================== FAILURES ===================================
_________________________________ test_case_0 __________________________________

    def test_case_0():
        queue_0 = module_0.Queue()
&gt;       assert len(queue_0) == 0
E       ValueError: __len__() should return &gt;= 0

DYNAMOSA-WHOLE_SUITE/test_queue1_DYNAMOSA.py:7: ValueError
_________________________________ test_case_1 __________________________________

    def test_case_1():
        queue_0 = module_0.Queue()
&gt;       assert len(queue_0) == 0
E       ValueError: __len__() should return &gt;= 0

DYNAMOSA-WHOLE_SUITE/test_queue1_DYNAMOSA.py:15: ValueError
_________________________________ test_case_2 __________________________________

    def test_case_2():
        queue_0 = module_0.Queue()
&gt;       assert len(queue_0) == 0
E       ValueError: __len__() should return &gt;= 0

DYNAMOSA-WHOLE_SUITE/test_queue1_DYNAMOSA.py:21: ValueError
_________________________________ test_case_3 __________________________________

    def test_case_3():
        str_0 = 'I*So4'
        queue_node_0 = module_0.QueueNode(str_0)
        dict_0 = {}
        queue_0 = module_0.Queue()
&gt;       assert len(queue_0) == 0
E       ValueError: __len__() should return &gt;= 0

DYNAMOSA-WHOLE_SUITE/test_queue1_DYNAMOSA.py:31: ValueError
_________________________________ test_case_4 __________________________________

    def test_case_4():
        none_type_0 = None
        queue_0 = module_0.Queue()
&gt;       assert len(queue_0) == 0
E       ValueError: __len__() should return &gt;= 0

DYNAMOSA-WHOLE_SUITE/test_queue1_DYNAMOSA.py:41: ValueError
_________________________________ test_case_5 __________________________________

    def test_case_5():
        queue_0 = module_0.Queue()
&gt;       assert len(queue_0) == 0
E       ValueError: __len__() should return &gt;= 0

DYNAMOSA-WHOLE_SUITE/test_queue1_DYNAMOSA.py:46: ValueError
_________________________________ test_case_6 __________________________________

    def test_case_6():
        dict_0 = {}
        queue_0 = module_0.Queue()
&gt;       assert len(queue_0) == 0
E       ValueError: __len__() should return &gt;= 0

DYNAMOSA-WHOLE_SUITE/test_queue1_DYNAMOSA.py:53: ValueError
_________________________________ test_case_7 __________________________________

    def test_case_7():
        str_0 = '\\=BToYP3(\rYl?ol$]='
        queue_node_0 = module_0.QueueNode(str_0)
        dict_0 = {}
        queue_0 = module_0.Queue()
&gt;       assert len(queue_0) == 0
E       ValueError: __len__() should return &gt;= 0

DYNAMOSA-WHOLE_SUITE/test_queue1_DYNAMOSA.py:64: ValueError
_________________________________ test_case_0 __________________________________

    def test_case_0():
        queue_0 = module_0.Queue()
&gt;       assert len(queue_0) == 0
E       ValueError: __len__() should return &gt;= 0

DYNAMOSA-WHOLE_SUITE/test_queue1_WHOLE_SUITE.py:7: ValueError
_________________________________ test_case_1 __________________________________

    def test_case_1():
        queue_0 = module_0.Queue()
&gt;       assert len(queue_0) == 0
E       ValueError: __len__() should return &gt;= 0

DYNAMOSA-WHOLE_SUITE/test_queue1_WHOLE_SUITE.py:15: ValueError
_________________________________ test_case_2 __________________________________

    def test_case_2():
        queue_0 = module_0.Queue()
&gt;       assert len(queue_0) == 0
E       ValueError: __len__() should return &gt;= 0

DYNAMOSA-WHOLE_SUITE/test_queue1_WHOLE_SUITE.py:21: ValueError
_________________________________ test_case_3 __________________________________

    def test_case_3():
        queue_0 = module_0.Queue()
&gt;       assert len(queue_0) == 0
E       ValueError: __len__() should return &gt;= 0

DYNAMOSA-WHOLE_SUITE/test_queue1_WHOLE_SUITE.py:26: ValueError
_________________________________ test_case_4 __________________________________

    def test_case_4():
        queue_0 = module_0.Queue()
&gt;       assert len(queue_0) == 0
E       ValueError: __len__() should return &gt;= 0

DYNAMOSA-WHOLE_SUITE/test_queue1_WHOLE_SUITE.py:31: ValueError
_________________________________ test_case_5 __________________________________

    def test_case_5():
        queue_0 = module_0.Queue()
&gt;       assert len(queue_0) == 0
E       ValueError: __len__() should return &gt;= 0

DYNAMOSA-WHOLE_SUITE/test_queue1_WHOLE_SUITE.py:38: ValueError
_________________________________ test_case_6 __________________________________

    def test_case_6():
        queue_0 = module_0.Queue()
&gt;       assert len(queue_0) == 0
E       ValueError: __len__() should return &gt;= 0

DYNAMOSA-WHOLE_SUITE/test_queue1_WHOLE_SUITE.py:70: ValueError
_________________________________ test_case_7 __________________________________

    def test_case_7():
        bool_0 = False
        queue_0 = module_0.Queue()
&gt;       assert len(queue_0) == 0
E       ValueError: __len__() should return &gt;= 0

DYNAMOSA-WHOLE_SUITE/test_queue1_WHOLE_SUITE.py:79: ValueError
_________________________________ test_case_8 __________________________________

    def test_case_8():
        complex_0 = -855.07 + 3693.73564j
        queue_node_0 = module_0.QueueNode(complex_0)
        queue_0 = module_0.Queue()
&gt;       assert len(queue_0) == 0
E       ValueError: __len__() should return &gt;= 0

DYNAMOSA-WHOLE_SUITE/test_queue1_WHOLE_SUITE.py:87: ValueError
_________________________________ test_case_9 __________________________________

    def test_case_9():
        queue_0 = module_0.Queue()
&gt;       assert len(queue_0) == 0
E       ValueError: __len__() should return &gt;= 0

DYNAMOSA-WHOLE_SUITE/test_queue1_WHOLE_SUITE.py:95: ValueError
=========================== short test summary info ============================
FAILED DYNAMOSA-WHOLE_SUITE/test_queue1_DYNAMOSA.py::test_case_0 - ValueError...
FAILED DYNAMOSA-WHOLE_SUITE/test_queue1_DYNAMOSA.py::test_case_1 - ValueError...
FAILED DYNAMOSA-WHOLE_SUITE/test_queue1_DYNAMOSA.py::test_case_2 - ValueError...
FAILED DYNAMOSA-WHOLE_SUITE/test_queue1_DYNAMOSA.py::test_case_3 - ValueError...
FAILED DYNAMOSA-WHOLE_SUITE/test_queue1_DYNAMOSA.py::test_case_4 - ValueError...
FAILED DYNAMOSA-WHOLE_SUITE/test_queue1_DYNAMOSA.py::test_case_5 - ValueError...
FAILED DYNAMOSA-WHOLE_SUITE/test_queue1_DYNAMOSA.py::test_case_6 - ValueError...
FAILED DYNAMOSA-WHOLE_SUITE/test_queue1_DYNAMOSA.py::test_case_7 - ValueError...
FAILED DYNAMOSA-WHOLE_SUITE/test_queue1_WHOLE_SUITE.py::test_case_0 - ValueEr...
FAILED DYNAMOSA-WHOLE_SUITE/test_queue1_WHOLE_SUITE.py::test_case_1 - ValueEr...
FAILED DYNAMOSA-WHOLE_SUITE/test_queue1_WHOLE_SUITE.py::test_case_2 - ValueEr...
FAILED DYNAMOSA-WHOLE_SUITE/test_queue1_WHOLE_SUITE.py::test_case_3 - ValueEr...
FAILED DYNAMOSA-WHOLE_SUITE/test_queue1_WHOLE_SUITE.py::test_case_4 - ValueEr...
FAILED DYNAMOSA-WHOLE_SUITE/test_queue1_WHOLE_SUITE.py::test_case_5 - ValueEr...
FAILED DYNAMOSA-WHOLE_SUITE/test_queue1_WHOLE_SUITE.py::test_case_6 - ValueEr...
FAILED DYNAMOSA-WHOLE_SUITE/test_queue1_WHOLE_SUITE.py::test_case_7 - ValueEr...
FAILED DYNAMOSA-WHOLE_SUITE/test_queue1_WHOLE_SUITE.py::test_case_8 - ValueEr...
FAILED DYNAMOSA-WHOLE_SUITE/test_queue1_WHOLE_SUITE.py::test_case_9 - ValueEr...
============================== 18 failed in 0.13s ==============================
</pre></div></div></div></div></div><div class="mb-1" id="job_list___sub_accordion_9"><div class="card"><a data-toggle="collapse" data-target="#job_list___sub_collapse_9_1" aria-expanded="false" aria-controls="job_list___sub_collapse_9_1" href="#" class="job_list___sub_multi_heading"><div role="alert" class="card-header alert-success" id="job_list___sub_heading_9_1"><button class="btn btn-outline-success"><span class="job_id">9 : Job ID 2b6090dea41f442392bcdb9e5f02191a</span></button></div></a><div aria-labelledby="job_list___sub_heading_9_1" data-parent="#job_list___sub_accordion_9" class="collapse job_list___sub_multi_collapse" id="job_list___sub_collapse_9_1"><div class="card-body"><div class="work-item"><div class="alert alert-success test-outcome" role="alert"><p>worker outcome: normal</p><p>test outcome: killed</p></div></div><pre class="location"><a href="pycharm://open?file=queue1.py&amp;line=32" class="text-secondary"><button class="btn btn-outline-dark">queue1.py, start pos: (32, 15), end pos: (32, 16)</button></a></pre><pre>operator: core/NumberReplacer, occurrence: 2</pre><div class="alert alert-secondary"><pre class="diff">--- mutation diff ---
--- aqueue1.py
+++ bqueue1.py
@@ -29,7 +29,7 @@
 			self.back.next = new_back
 			self.back = new_back
 
-		self.size += 1
+		self.size += 2
 
 	def dequeue(self):
 		if self.front is None:</pre></div><div class="alert alert-secondary"><pre class="diff">============================= test session starts ==============================
platform linux -- Python 3.10.10, pytest-7.2.1, pluggy-1.0.0
rootdir: /home/auri/temp/lucca/python_experiments/queue1
collected 18 items

DYNAMOSA-WHOLE_SUITE/test_queue1_DYNAMOSA.py F..F..FF                    [ 44%]
DYNAMOSA-WHOLE_SUITE/test_queue1_WHOLE_SUITE.py .....F.FFF               [100%]

=================================== FAILURES ===================================
_________________________________ test_case_0 __________________________________

    def test_case_0():
        queue_0 = module_0.Queue()
        assert len(queue_0) == 0
        var_0 = queue_0.__len__()
        assert var_0 == 0
        var_1 = queue_0.enqueue(queue_0)
&gt;       assert len(queue_0) == 1
E       assert 2 == 1
E        +  where 2 = len(&lt;queue1.Queue object at 0x7fc0825548b0&gt;)

DYNAMOSA-WHOLE_SUITE/test_queue1_DYNAMOSA.py:11: AssertionError
_________________________________ test_case_3 __________________________________

    def test_case_3():
        str_0 = 'I*So4'
        queue_node_0 = module_0.QueueNode(str_0)
        dict_0 = {}
        queue_0 = module_0.Queue()
        assert len(queue_0) == 0
        var_0 = queue_0.enqueue(dict_0)
&gt;       assert len(queue_0) == 1
E       assert 2 == 1
E        +  where 2 = len(&lt;queue1.Queue object at 0x7fc08258b280&gt;)

DYNAMOSA-WHOLE_SUITE/test_queue1_DYNAMOSA.py:33: AssertionError
_________________________________ test_case_6 __________________________________

    def test_case_6():
        dict_0 = {}
        queue_0 = module_0.Queue()
        assert len(queue_0) == 0
        var_0 = queue_0.enqueue(dict_0)
&gt;       assert len(queue_0) == 1
E       assert 2 == 1
E        +  where 2 = len(&lt;queue1.Queue object at 0x7fc082555e40&gt;)

DYNAMOSA-WHOLE_SUITE/test_queue1_DYNAMOSA.py:55: AssertionError
_________________________________ test_case_7 __________________________________

    def test_case_7():
        str_0 = '\\=BToYP3(\rYl?ol$]='
        queue_node_0 = module_0.QueueNode(str_0)
        dict_0 = {}
        queue_0 = module_0.Queue()
        assert len(queue_0) == 0
        var_0 = queue_0.enqueue(dict_0)
&gt;       assert len(queue_0) == 1
E       assert 2 == 1
E        +  where 2 = len(&lt;queue1.Queue object at 0x7fc08258a650&gt;)

DYNAMOSA-WHOLE_SUITE/test_queue1_DYNAMOSA.py:66: AssertionError
_________________________________ test_case_5 __________________________________

    def test_case_5():
        queue_0 = module_0.Queue()
        assert len(queue_0) == 0
        var_0 = queue_0.enqueue(queue_0)
&gt;       assert len(queue_0) == 1
E       assert 2 == 1
E        +  where 2 = len(&lt;queue1.Queue object at 0x7fc082556f50&gt;)

DYNAMOSA-WHOLE_SUITE/test_queue1_WHOLE_SUITE.py:40: AssertionError
_________________________________ test_case_7 __________________________________

    def test_case_7():
        bool_0 = False
        queue_0 = module_0.Queue()
        assert len(queue_0) == 0
        var_0 = queue_0.enqueue(bool_0)
&gt;       assert len(queue_0) == 1
E       assert 2 == 1
E        +  where 2 = len(&lt;queue1.Queue object at 0x7fc0825c4850&gt;)

DYNAMOSA-WHOLE_SUITE/test_queue1_WHOLE_SUITE.py:81: AssertionError
_________________________________ test_case_8 __________________________________

    def test_case_8():
        complex_0 = -855.07 + 3693.73564j
        queue_node_0 = module_0.QueueNode(complex_0)
        queue_0 = module_0.Queue()
        assert len(queue_0) == 0
        var_0 = queue_0.enqueue(queue_0)
&gt;       assert len(queue_0) == 1
E       assert 2 == 1
E        +  where 2 = len(&lt;queue1.Queue object at 0x7fc08253fd60&gt;)

DYNAMOSA-WHOLE_SUITE/test_queue1_WHOLE_SUITE.py:89: AssertionError
_________________________________ test_case_9 __________________________________

    def test_case_9():
        queue_0 = module_0.Queue()
        assert len(queue_0) == 0
        queue_1 = module_0.Queue()
        assert len(queue_1) == 0
        queue_node_0 = module_0.QueueNode(queue_0)
        assert len(queue_node_0.data) == 0
        var_0 = queue_1.enqueue(queue_0)
&gt;       assert len(queue_1) == 1
E       assert 2 == 1
E        +  where 2 = len(&lt;queue1.Queue object at 0x7fc0825c5360&gt;)

DYNAMOSA-WHOLE_SUITE/test_queue1_WHOLE_SUITE.py:101: AssertionError
=========================== short test summary info ============================
FAILED DYNAMOSA-WHOLE_SUITE/test_queue1_DYNAMOSA.py::test_case_0 - assert 2 == 1
FAILED DYNAMOSA-WHOLE_SUITE/test_queue1_DYNAMOSA.py::test_case_3 - assert 2 == 1
FAILED DYNAMOSA-WHOLE_SUITE/test_queue1_DYNAMOSA.py::test_case_6 - assert 2 == 1
FAILED DYNAMOSA-WHOLE_SUITE/test_queue1_DYNAMOSA.py::test_case_7 - assert 2 == 1
FAILED DYNAMOSA-WHOLE_SUITE/test_queue1_WHOLE_SUITE.py::test_case_5 - assert ...
FAILED DYNAMOSA-WHOLE_SUITE/test_queue1_WHOLE_SUITE.py::test_case_7 - assert ...
FAILED DYNAMOSA-WHOLE_SUITE/test_queue1_WHOLE_SUITE.py::test_case_8 - assert ...
FAILED DYNAMOSA-WHOLE_SUITE/test_queue1_WHOLE_SUITE.py::test_case_9 - assert ...
========================= 8 failed, 10 passed in 0.11s =========================
</pre></div></div></div></div></div><div class="mb-1" id="job_list___sub_accordion_10"><div class="card"><a data-toggle="collapse" data-target="#job_list___sub_collapse_10_1" aria-expanded="false" aria-controls="job_list___sub_collapse_10_1" href="#" class="job_list___sub_multi_heading"><div role="alert" class="card-header alert-success" id="job_list___sub_heading_10_1"><button class="btn btn-outline-success"><span class="job_id">10 : Job ID 4cd34978fcb4460daefebac4c8d41ceb</span></button></div></a><div aria-labelledby="job_list___sub_heading_10_1" data-parent="#job_list___sub_accordion_10" class="collapse job_list___sub_multi_collapse" id="job_list___sub_collapse_10_1"><div class="card-body"><div class="work-item"><div class="alert alert-success test-outcome" role="alert"><p>worker outcome: normal</p><p>test outcome: killed</p></div></div><pre class="location"><a href="pycharm://open?file=queue1.py&amp;line=32" class="text-secondary"><button class="btn btn-outline-dark">queue1.py, start pos: (32, 15), end pos: (32, 16)</button></a></pre><pre>operator: core/NumberReplacer, occurrence: 3</pre><div class="alert alert-secondary"><pre class="diff">--- mutation diff ---
--- aqueue1.py
+++ bqueue1.py
@@ -29,7 +29,7 @@
 			self.back.next = new_back
 			self.back = new_back
 
-		self.size += 1
+		self.size += 0
 
 	def dequeue(self):
 		if self.front is None:</pre></div><div class="alert alert-secondary"><pre class="diff">============================= test session starts ==============================
platform linux -- Python 3.10.10, pytest-7.2.1, pluggy-1.0.0
rootdir: /home/auri/temp/lucca/python_experiments/queue1
collected 18 items

DYNAMOSA-WHOLE_SUITE/test_queue1_DYNAMOSA.py F..F..FF                    [ 44%]
DYNAMOSA-WHOLE_SUITE/test_queue1_WHOLE_SUITE.py .....F.FFF               [100%]

=================================== FAILURES ===================================
_________________________________ test_case_0 __________________________________

    def test_case_0():
        queue_0 = module_0.Queue()
        assert len(queue_0) == 0
        var_0 = queue_0.__len__()
        assert var_0 == 0
        var_1 = queue_0.enqueue(queue_0)
&gt;       assert len(queue_0) == 1
E       assert 0 == 1
E        +  where 0 = len(&lt;queue1.Queue object at 0x7f925802c7f0&gt;)

DYNAMOSA-WHOLE_SUITE/test_queue1_DYNAMOSA.py:11: AssertionError
_________________________________ test_case_3 __________________________________

    def test_case_3():
        str_0 = 'I*So4'
        queue_node_0 = module_0.QueueNode(str_0)
        dict_0 = {}
        queue_0 = module_0.Queue()
        assert len(queue_0) == 0
        var_0 = queue_0.enqueue(dict_0)
&gt;       assert len(queue_0) == 1
E       assert 0 == 1
E        +  where 0 = len(&lt;queue1.Queue object at 0x7f925805c100&gt;)

DYNAMOSA-WHOLE_SUITE/test_queue1_DYNAMOSA.py:33: AssertionError
_________________________________ test_case_6 __________________________________

    def test_case_6():
        dict_0 = {}
        queue_0 = module_0.Queue()
        assert len(queue_0) == 0
        var_0 = queue_0.enqueue(dict_0)
&gt;       assert len(queue_0) == 1
E       assert 0 == 1
E        +  where 0 = len(&lt;queue1.Queue object at 0x7f925802f400&gt;)

DYNAMOSA-WHOLE_SUITE/test_queue1_DYNAMOSA.py:55: AssertionError
_________________________________ test_case_7 __________________________________

    def test_case_7():
        str_0 = '\\=BToYP3(\rYl?ol$]='
        queue_node_0 = module_0.QueueNode(str_0)
        dict_0 = {}
        queue_0 = module_0.Queue()
        assert len(queue_0) == 0
        var_0 = queue_0.enqueue(dict_0)
&gt;       assert len(queue_0) == 1
E       assert 0 == 1
E        +  where 0 = len(&lt;queue1.Queue object at 0x7f925805c220&gt;)

DYNAMOSA-WHOLE_SUITE/test_queue1_DYNAMOSA.py:66: AssertionError
_________________________________ test_case_5 __________________________________

    def test_case_5():
        queue_0 = module_0.Queue()
        assert len(queue_0) == 0
        var_0 = queue_0.enqueue(queue_0)
&gt;       assert len(queue_0) == 1
E       assert 0 == 1
E        +  where 0 = len(&lt;queue1.Queue object at 0x7f9258016d40&gt;)

DYNAMOSA-WHOLE_SUITE/test_queue1_WHOLE_SUITE.py:40: AssertionError
_________________________________ test_case_7 __________________________________

    def test_case_7():
        bool_0 = False
        queue_0 = module_0.Queue()
        assert len(queue_0) == 0
        var_0 = queue_0.enqueue(bool_0)
&gt;       assert len(queue_0) == 1
E       assert 0 == 1
E        +  where 0 = len(&lt;queue1.Queue object at 0x7f925809d090&gt;)

DYNAMOSA-WHOLE_SUITE/test_queue1_WHOLE_SUITE.py:81: AssertionError
_________________________________ test_case_8 __________________________________

    def test_case_8():
        complex_0 = -855.07 + 3693.73564j
        queue_node_0 = module_0.QueueNode(complex_0)
        queue_0 = module_0.Queue()
        assert len(queue_0) == 0
        var_0 = queue_0.enqueue(queue_0)
&gt;       assert len(queue_0) == 1
E       assert 0 == 1
E        +  where 0 = len(&lt;queue1.Queue object at 0x7f925802fa00&gt;)

DYNAMOSA-WHOLE_SUITE/test_queue1_WHOLE_SUITE.py:89: AssertionError
_________________________________ test_case_9 __________________________________

    def test_case_9():
        queue_0 = module_0.Queue()
        assert len(queue_0) == 0
        queue_1 = module_0.Queue()
        assert len(queue_1) == 0
        queue_node_0 = module_0.QueueNode(queue_0)
        assert len(queue_node_0.data) == 0
        var_0 = queue_1.enqueue(queue_0)
&gt;       assert len(queue_1) == 1
E       assert 0 == 1
E        +  where 0 = len(&lt;queue1.Queue object at 0x7f925809d060&gt;)

DYNAMOSA-WHOLE_SUITE/test_queue1_WHOLE_SUITE.py:101: AssertionError
=========================== short test summary info ============================
FAILED DYNAMOSA-WHOLE_SUITE/test_queue1_DYNAMOSA.py::test_case_0 - assert 0 == 1
FAILED DYNAMOSA-WHOLE_SUITE/test_queue1_DYNAMOSA.py::test_case_3 - assert 0 == 1
FAILED DYNAMOSA-WHOLE_SUITE/test_queue1_DYNAMOSA.py::test_case_6 - assert 0 == 1
FAILED DYNAMOSA-WHOLE_SUITE/test_queue1_DYNAMOSA.py::test_case_7 - assert 0 == 1
FAILED DYNAMOSA-WHOLE_SUITE/test_queue1_WHOLE_SUITE.py::test_case_5 - assert ...
FAILED DYNAMOSA-WHOLE_SUITE/test_queue1_WHOLE_SUITE.py::test_case_7 - assert ...
FAILED DYNAMOSA-WHOLE_SUITE/test_queue1_WHOLE_SUITE.py::test_case_8 - assert ...
FAILED DYNAMOSA-WHOLE_SUITE/test_queue1_WHOLE_SUITE.py::test_case_9 - assert ...
========================= 8 failed, 10 passed in 0.11s =========================
</pre></div></div></div></div></div><div class="mb-1" id="job_list___sub_accordion_11"><div class="card"><a data-toggle="collapse" data-target="#job_list___sub_collapse_11_1" aria-expanded="false" aria-controls="job_list___sub_collapse_11_1" href="#" class="job_list___sub_multi_heading"><div role="alert" class="card-header alert-success" id="job_list___sub_heading_11_1"><button class="btn btn-outline-success"><span class="job_id">11 : Job ID d60f4580d86a494ab93e1e913d43654c</span></button></div></a><div aria-labelledby="job_list___sub_heading_11_1" data-parent="#job_list___sub_accordion_11" class="collapse job_list___sub_multi_collapse" id="job_list___sub_collapse_11_1"><div class="card-body"><div class="work-item"><div class="alert alert-success test-outcome" role="alert"><p>worker outcome: normal</p><p>test outcome: killed</p></div></div><pre class="location"><a href="pycharm://open?file=queue1.py&amp;line=40" class="text-secondary"><button class="btn btn-outline-dark">queue1.py, start pos: (40, 16), end pos: (40, 17)</button></a></pre><pre>operator: core/NumberReplacer, occurrence: 4</pre><div class="alert alert-secondary"><pre class="diff">--- mutation diff ---
--- aqueue1.py
+++ bqueue1.py
@@ -37,7 +37,7 @@
 		else:
 			front_node = self.front
 			self.front = self.front.next
-			self.size -= 1
+			self.size -= 2
 			return front_node.data
 
 	def peek(self):</pre></div><div class="alert alert-secondary"><pre class="diff">============================= test session starts ==============================
platform linux -- Python 3.10.10, pytest-7.2.1, pluggy-1.0.0
rootdir: /home/auri/temp/lucca/python_experiments/queue1
collected 18 items

DYNAMOSA-WHOLE_SUITE/test_queue1_DYNAMOSA.py ...F..F.                    [ 44%]
DYNAMOSA-WHOLE_SUITE/test_queue1_WHOLE_SUITE.py .....F....               [100%]

=================================== FAILURES ===================================
_________________________________ test_case_3 __________________________________

    def test_case_3():
        str_0 = 'I*So4'
        queue_node_0 = module_0.QueueNode(str_0)
        dict_0 = {}
        queue_0 = module_0.Queue()
        assert len(queue_0) == 0
        var_0 = queue_0.enqueue(dict_0)
        assert len(queue_0) == 1
        var_1 = queue_0.peek()
        var_2 = queue_0.dequeue()
&gt;       assert len(queue_0) == 0
E       ValueError: __len__() should return &gt;= 0

DYNAMOSA-WHOLE_SUITE/test_queue1_DYNAMOSA.py:36: ValueError
_________________________________ test_case_6 __________________________________

    def test_case_6():
        dict_0 = {}
        queue_0 = module_0.Queue()
        assert len(queue_0) == 0
        var_0 = queue_0.enqueue(dict_0)
        assert len(queue_0) == 1
        var_1 = queue_0.dequeue()
&gt;       assert len(queue_0) == 0
E       ValueError: __len__() should return &gt;= 0

DYNAMOSA-WHOLE_SUITE/test_queue1_DYNAMOSA.py:57: ValueError
_________________________________ test_case_5 __________________________________

    def test_case_5():
        queue_0 = module_0.Queue()
        assert len(queue_0) == 0
        var_0 = queue_0.enqueue(queue_0)
        assert len(queue_0) == 1
        var_1 = queue_0.dequeue()
&gt;       assert len(queue_0) == 0
E       ValueError: __len__() should return &gt;= 0

DYNAMOSA-WHOLE_SUITE/test_queue1_WHOLE_SUITE.py:42: ValueError
=========================== short test summary info ============================
FAILED DYNAMOSA-WHOLE_SUITE/test_queue1_DYNAMOSA.py::test_case_3 - ValueError...
FAILED DYNAMOSA-WHOLE_SUITE/test_queue1_DYNAMOSA.py::test_case_6 - ValueError...
FAILED DYNAMOSA-WHOLE_SUITE/test_queue1_WHOLE_SUITE.py::test_case_5 - ValueEr...
========================= 3 failed, 15 passed in 0.10s =========================
</pre></div></div></div></div></div><div class="mb-1" id="job_list___sub_accordion_12"><div class="card"><a data-toggle="collapse" data-target="#job_list___sub_collapse_12_1" aria-expanded="false" aria-controls="job_list___sub_collapse_12_1" href="#" class="job_list___sub_multi_heading"><div role="alert" class="card-header alert-success" id="job_list___sub_heading_12_1"><button class="btn btn-outline-success"><span class="job_id">12 : Job ID 2ba229840e4249438db41a75f087886d</span></button></div></a><div aria-labelledby="job_list___sub_heading_12_1" data-parent="#job_list___sub_accordion_12" class="collapse job_list___sub_multi_collapse" id="job_list___sub_collapse_12_1"><div class="card-body"><div class="work-item"><div class="alert alert-success test-outcome" role="alert"><p>worker outcome: normal</p><p>test outcome: killed</p></div></div><pre class="location"><a href="pycharm://open?file=queue1.py&amp;line=40" class="text-secondary"><button class="btn btn-outline-dark">queue1.py, start pos: (40, 16), end pos: (40, 17)</button></a></pre><pre>operator: core/NumberReplacer, occurrence: 5</pre><div class="alert alert-secondary"><pre class="diff">--- mutation diff ---
--- aqueue1.py
+++ bqueue1.py
@@ -37,7 +37,7 @@
 		else:
 			front_node = self.front
 			self.front = self.front.next
-			self.size -= 1
+			self.size -= 0
 			return front_node.data
 
 	def peek(self):</pre></div><div class="alert alert-secondary"><pre class="diff">============================= test session starts ==============================
platform linux -- Python 3.10.10, pytest-7.2.1, pluggy-1.0.0
rootdir: /home/auri/temp/lucca/python_experiments/queue1
collected 18 items

DYNAMOSA-WHOLE_SUITE/test_queue1_DYNAMOSA.py ...F..F.                    [ 44%]
DYNAMOSA-WHOLE_SUITE/test_queue1_WHOLE_SUITE.py .....F....               [100%]

=================================== FAILURES ===================================
_________________________________ test_case_3 __________________________________

    def test_case_3():
        str_0 = 'I*So4'
        queue_node_0 = module_0.QueueNode(str_0)
        dict_0 = {}
        queue_0 = module_0.Queue()
        assert len(queue_0) == 0
        var_0 = queue_0.enqueue(dict_0)
        assert len(queue_0) == 1
        var_1 = queue_0.peek()
        var_2 = queue_0.dequeue()
&gt;       assert len(queue_0) == 0
E       assert 1 == 0
E        +  where 1 = len(&lt;queue1.Queue object at 0x7f95b869cb80&gt;)

DYNAMOSA-WHOLE_SUITE/test_queue1_DYNAMOSA.py:36: AssertionError
_________________________________ test_case_6 __________________________________

    def test_case_6():
        dict_0 = {}
        queue_0 = module_0.Queue()
        assert len(queue_0) == 0
        var_0 = queue_0.enqueue(dict_0)
        assert len(queue_0) == 1
        var_1 = queue_0.dequeue()
&gt;       assert len(queue_0) == 0
E       assert 1 == 0
E        +  where 1 = len(&lt;queue1.Queue object at 0x7f95b86d0400&gt;)

DYNAMOSA-WHOLE_SUITE/test_queue1_DYNAMOSA.py:57: AssertionError
_________________________________ test_case_5 __________________________________

    def test_case_5():
        queue_0 = module_0.Queue()
        assert len(queue_0) == 0
        var_0 = queue_0.enqueue(queue_0)
        assert len(queue_0) == 1
        var_1 = queue_0.dequeue()
&gt;       assert len(queue_0) == 0
E       assert 1 == 0
E        +  where 1 = len(&lt;queue1.Queue object at 0x7f95b867f6a0&gt;)

DYNAMOSA-WHOLE_SUITE/test_queue1_WHOLE_SUITE.py:42: AssertionError
=========================== short test summary info ============================
FAILED DYNAMOSA-WHOLE_SUITE/test_queue1_DYNAMOSA.py::test_case_3 - assert 1 == 0
FAILED DYNAMOSA-WHOLE_SUITE/test_queue1_DYNAMOSA.py::test_case_6 - assert 1 == 0
FAILED DYNAMOSA-WHOLE_SUITE/test_queue1_WHOLE_SUITE.py::test_case_5 - assert ...
========================= 3 failed, 15 passed in 0.10s =========================
</pre></div></div></div></div></div><div class="mb-1" id="job_list___sub_accordion_13"><div class="card"><a data-toggle="collapse" data-target="#job_list___sub_collapse_13_1" aria-expanded="false" aria-controls="job_list___sub_collapse_13_1" href="#" class="job_list___sub_multi_heading"><div role="alert" class="card-header alert-success" id="job_list___sub_heading_13_1"><button class="btn btn-outline-success"><span class="job_id">13 : Job ID 03f827c9c03a46c4b6142dae5eb370d4</span></button></div></a><div aria-labelledby="job_list___sub_heading_13_1" data-parent="#job_list___sub_accordion_13" class="collapse job_list___sub_multi_collapse" id="job_list___sub_collapse_13_1"><div class="card-body"><div class="work-item"><div class="alert alert-success test-outcome" role="alert"><p>worker outcome: normal</p><p>test outcome: killed</p></div></div><pre class="location"><a href="pycharm://open?file=queue1.py&amp;line=49" class="text-secondary"><button class="btn btn-outline-dark">queue1.py, start pos: (49, 14), end pos: (49, 15)</button></a></pre><pre>operator: core/NumberReplacer, occurrence: 6</pre><div class="alert alert-secondary"><pre class="diff">--- mutation diff ---
--- aqueue1.py
+++ bqueue1.py
@@ -46,7 +46,7 @@
 		return self.front.data
 
 	def clear(self):
-		self.size = 0 
+		self.size = 1 
 		self.front = None
 		self.back = None
 </pre></div><div class="alert alert-secondary"><pre class="diff">============================= test session starts ==============================
platform linux -- Python 3.10.10, pytest-7.2.1, pluggy-1.0.0
rootdir: /home/auri/temp/lucca/python_experiments/queue1
collected 18 items

DYNAMOSA-WHOLE_SUITE/test_queue1_DYNAMOSA.py ........                    [ 44%]
DYNAMOSA-WHOLE_SUITE/test_queue1_WHOLE_SUITE.py .....F....               [100%]

=================================== FAILURES ===================================
_________________________________ test_case_5 __________________________________

    def test_case_5():
        queue_0 = module_0.Queue()
        assert len(queue_0) == 0
        var_0 = queue_0.enqueue(queue_0)
        assert len(queue_0) == 1
        var_1 = queue_0.dequeue()
        assert len(queue_0) == 0
        assert f'{type(var_1).__module__}.{type(var_1).__qualname__}' == 'queue1.Queue'
        assert len(var_1) == 0
        var_2 = queue_0.enqueue(var_1)
        assert len(queue_0) == 1
        assert len(var_1) == 1
        var_3 = queue_0.dequeue()
        assert len(queue_0) == 0
        assert len(var_1) == 0
        assert len(var_3) == 0
        var_4 = queue_0.peek()
        var_5 = queue_0.enqueue(var_3)
        assert len(queue_0) == 1
        assert len(var_1) == 1
        assert len(var_3) == 1
        var_6 = var_3.dequeue()
        assert len(queue_0) == 0
        assert len(var_1) == 0
        assert len(var_3) == 0
        assert len(var_6) == 0
        var_7 = var_6.clear()
        var_8 = var_6.__len__()
&gt;       assert var_8 == 0
E       assert 1 == 0

DYNAMOSA-WHOLE_SUITE/test_queue1_WHOLE_SUITE.py:64: AssertionError
=========================== short test summary info ============================
FAILED DYNAMOSA-WHOLE_SUITE/test_queue1_WHOLE_SUITE.py::test_case_5 - assert ...
========================= 1 failed, 17 passed in 0.09s =========================
</pre></div></div></div></div></div><div class="mb-1" id="job_list___sub_accordion_14"><div class="card"><a data-toggle="collapse" data-target="#job_list___sub_collapse_14_1" aria-expanded="false" aria-controls="job_list___sub_collapse_14_1" href="#" class="job_list___sub_multi_heading"><div role="alert" class="card-header alert-success" id="job_list___sub_heading_14_1"><button class="btn btn-outline-success"><span class="job_id">14 : Job ID 69a63b88b75e496085808f61258706b4</span></button></div></a><div aria-labelledby="job_list___sub_heading_14_1" data-parent="#job_list___sub_accordion_14" class="collapse job_list___sub_multi_collapse" id="job_list___sub_collapse_14_1"><div class="card-body"><div class="work-item"><div class="alert alert-success test-outcome" role="alert"><p>worker outcome: normal</p><p>test outcome: killed</p></div></div><pre class="location"><a href="pycharm://open?file=queue1.py&amp;line=49" class="text-secondary"><button class="btn btn-outline-dark">queue1.py, start pos: (49, 14), end pos: (49, 15)</button></a></pre><pre>operator: core/NumberReplacer, occurrence: 7</pre><div class="alert alert-secondary"><pre class="diff">--- mutation diff ---
--- aqueue1.py
+++ bqueue1.py
@@ -46,7 +46,7 @@
 		return self.front.data
 
 	def clear(self):
-		self.size = 0 
+		self.size = -1 
 		self.front = None
 		self.back = None
 </pre></div><div class="alert alert-secondary"><pre class="diff">============================= test session starts ==============================
platform linux -- Python 3.10.10, pytest-7.2.1, pluggy-1.0.0
rootdir: /home/auri/temp/lucca/python_experiments/queue1
collected 18 items

DYNAMOSA-WHOLE_SUITE/test_queue1_DYNAMOSA.py ........                    [ 44%]
DYNAMOSA-WHOLE_SUITE/test_queue1_WHOLE_SUITE.py .....F....               [100%]

=================================== FAILURES ===================================
_________________________________ test_case_5 __________________________________

    def test_case_5():
        queue_0 = module_0.Queue()
        assert len(queue_0) == 0
        var_0 = queue_0.enqueue(queue_0)
        assert len(queue_0) == 1
        var_1 = queue_0.dequeue()
        assert len(queue_0) == 0
        assert f'{type(var_1).__module__}.{type(var_1).__qualname__}' == 'queue1.Queue'
        assert len(var_1) == 0
        var_2 = queue_0.enqueue(var_1)
        assert len(queue_0) == 1
        assert len(var_1) == 1
        var_3 = queue_0.dequeue()
        assert len(queue_0) == 0
        assert len(var_1) == 0
        assert len(var_3) == 0
        var_4 = queue_0.peek()
        var_5 = queue_0.enqueue(var_3)
        assert len(queue_0) == 1
        assert len(var_1) == 1
        assert len(var_3) == 1
        var_6 = var_3.dequeue()
        assert len(queue_0) == 0
        assert len(var_1) == 0
        assert len(var_3) == 0
        assert len(var_6) == 0
        var_7 = var_6.clear()
        var_8 = var_6.__len__()
&gt;       assert var_8 == 0
E       assert -1 == 0

DYNAMOSA-WHOLE_SUITE/test_queue1_WHOLE_SUITE.py:64: AssertionError
=========================== short test summary info ============================
FAILED DYNAMOSA-WHOLE_SUITE/test_queue1_WHOLE_SUITE.py::test_case_5 - assert ...
========================= 1 failed, 17 passed in 0.09s =========================
</pre></div></div></div></div></div></div></div></div></div></div><script src="https://code.jquery.com/jquery-3.3.1.slim.min.js" integrity="sha384-q8i/X+965DzO0rT7abK41JStQIAqVgRVzpbzo5smXKp4YfRvH+8abtTE1Pi6jizo" crossorigin="anonymous"></script><script src="https://cdnjs.cloudflare.com/ajax/libs/popper.js/1.14.7/umd/popper.min.js" integrity="sha384-UO2eT0CpHqdSJQ6hJty5KVphtPhzWj9WO1clHTMGa3JDZwrnQq4sF86dIHNDz0W1" crossorigin="anonymous"></script><script src="https://stackpath.bootstrapcdn.com/bootstrap/4.3.1/js/bootstrap.min.js" integrity="sha384-JjSmVgyd0p3pXB1rRibZUAYoIIy6OrQ6VrjIEaFf/nJGzIxFDsf4x0xIM+B07jRM" crossorigin="anonymous"></script><script type="text/javascript">$('div.job_list___sub_multi_collapse').on('shown.bs.collapse',  function () {    correct_behavior_functional_buttons();  });$('div.job_list___sub_multi_collapse').on('hidden.bs.collapse',  function () {    correct_behavior_functional_buttons();  });function correct_behavior_functional_buttons() {    var expand = false;    var collapse = false;    $('a.job_list___sub_multi_heading').each(function(index) {      if ($(this).attr('aria-expanded') == 'false') {        expand = true;        return false;      };    });    $('a.job_list___sub_multi_heading').each(function(index) {      if ($(this).attr('aria-expanded') == 'true') {        collapse = true;        return false;      };    });    if (expand) {      $('div#job_item_expand_all').css('display', 'inline-block');    } else {      $('div#job_item_expand_all').css('display', 'none');    };    if (collapse) {      $('div#job_item_collapse_all').css('display', 'inline-block');    } else {      $('div#job_item_collapse_all').css('display', 'none');    };  };correct_behavior_functional_buttons();</script></body></html>
