<!DOCTYPE html><html lang="en"><head><meta charset="utf-8" /><meta name="viewport" content="width=device-width, initial-scale=1, shrink-to-fit=no" /><link rel="stylesheet" href="https://stackpath.bootstrapcdn.com/bootstrap/4.3.1/css/bootstrap.min.css" integrity="sha384-ggOyR0iXCbMQv3Xipma34MD+dH/1fQ784/j6cY/iJTQUOhcWr7x9JvoRxT2MZw1T" crossorigin="anonymous" /><title>Cosmic Ray Report</title></head><body><div class="container"><h1><p class="text-dark">Cosmic Ray Report</p></h1></div><div class="container"><div class="mb-1" id="summary_info___accordion"><div class="card"><a data-toggle="collapse" data-target="#summary_info___collapse_1" aria-expanded="true" aria-controls="summary_info___collapse_1" href="#"><div class="card-header" id="summary_info___heading_1"><button class="btn btn-outline-dark"><h4 class="m-0">Summary info</h4></button></div></a><div aria-labelledby="summary_info___heading_1" data-parent="#summary_info___accordion" class="collapse show" id="summary_info___collapse_1"><div class="card-body"><p>Date time: 04/03/2023 23:17:00</p><p>Total jobs: 70</p><p>Complete: 70 (100.00%)</p><p>Surviving mutants: 25 (35.71%)</p></div></div></div></div><div class="mb-1" id="job_list___accordion"><div class="card"><a data-toggle="collapse" data-target="#job_list___collapse_1" aria-expanded="false" aria-controls="job_list___collapse_1" href="#"><div class="card-header" id="job_list___heading_1"><button class="btn btn-outline-dark"><h4 class="m-0">Job list</h4></button></div></a><div aria-labelledby="job_list___heading_1" data-parent="#job_list___accordion" class="collapse" id="job_list___collapse_1"><div class="card-body"><div class="text-right mb-1"><div class="mx-1" id="job_item_expand_all"><a href="#" onclick="$('div.job_list___sub_multi_collapse').collapse('show');"><button class="btn btn-outline-dark"><span>Expand All</span></button></a></div><div class="mx-1" id="job_item_collapse_all"><a href="#" onclick="$('div.job_list___sub_multi_collapse').collapse('hide');"><button class="btn btn-outline-dark"><span>Collapse All</span></button></a></div></div><div class="mb-1" id="job_list___sub_accordion_1"><div class="card"><a data-toggle="collapse" data-target="#job_list___sub_collapse_1_1" aria-expanded="false" aria-controls="job_list___sub_collapse_1_1" href="#" class="job_list___sub_multi_heading"><div role="alert" class="card-header alert-success" id="job_list___sub_heading_1_1"><button class="btn btn-outline-success"><span class="job_id">1 : Job ID e00ca87e62794b6d9f727da167b4571a</span></button></div></a><div aria-labelledby="job_list___sub_heading_1_1" data-parent="#job_list___sub_accordion_1" class="collapse job_list___sub_multi_collapse" id="job_list___sub_collapse_1_1"><div class="card-body"><div class="work-item"><div class="alert alert-success test-outcome" role="alert"><p>worker outcome: normal</p><p>test outcome: killed</p></div></div><pre class="location"><a href="pycharm://open?file=stack3.py&amp;line=24" class="text-secondary"><button class="btn btn-outline-dark">stack3.py, start pos: (24, 23), end pos: (24, 25)</button></a></pre><pre>operator: core/ReplaceComparisonOperator_Eq_NotEq, occurrence: 0</pre><div class="alert alert-secondary"><pre class="diff">--- mutation diff ---
--- astack3.py
+++ bstack3.py
@@ -21,7 +21,7 @@
         """Add element to linked list."""
 
         newNode = Node(value)
-        if self.__size == 0:
+        if self.__size != 0:
             self.__head.next = newNode
             self.__head = newNode
             self.__size += 1</pre></div><div class="alert alert-secondary"><pre class="diff">timeout</pre></div></div></div></div></div><div class="mb-1" id="job_list___sub_accordion_2"><div class="card"><a data-toggle="collapse" data-target="#job_list___sub_collapse_2_1" aria-expanded="false" aria-controls="job_list___sub_collapse_2_1" href="#" class="job_list___sub_multi_heading"><div role="alert" class="card-header alert-success" id="job_list___sub_heading_2_1"><button class="btn btn-outline-success"><span class="job_id">2 : Job ID 853aafae00104ac999805b497af3abf4</span></button></div></a><div aria-labelledby="job_list___sub_heading_2_1" data-parent="#job_list___sub_accordion_2" class="collapse job_list___sub_multi_collapse" id="job_list___sub_collapse_2_1"><div class="card-body"><div class="work-item"><div class="alert alert-success test-outcome" role="alert"><p>worker outcome: normal</p><p>test outcome: killed</p></div></div><pre class="location"><a href="pycharm://open?file=stack3.py&amp;line=38" class="text-secondary"><button class="btn btn-outline-dark">stack3.py, start pos: (38, 23), end pos: (38, 25)</button></a></pre><pre>operator: core/ReplaceComparisonOperator_Eq_NotEq, occurrence: 1</pre><div class="alert alert-secondary"><pre class="diff">--- mutation diff ---
--- astack3.py
+++ bstack3.py
@@ -35,7 +35,7 @@
 
         """Remove node from linkedlist."""
 
-        if self.__size == 0:
+        if self.__size != 0:
             return None
         if self.__size &gt;= 1:
             nodeToRemove = self.__head</pre></div><div class="alert alert-secondary"><pre class="diff">============================= test session starts ==============================
platform linux -- Python 3.10.10, pytest-7.2.1, pluggy-1.0.0
rootdir: /home/auri/temp/lucca/python_experiments/stack3
collected 17 items

MOSA/test_stack3_MOSA.py .F..F....FF..F.FF                               [100%]

=================================== FAILURES ===================================
_________________________________ test_case_1 __________________________________

    def test_case_1():
        singly_linked_list_0 = module_0.SinglyLinkedList()
        none_type_0 = singly_linked_list_0.add(singly_linked_list_0)
        var_0 = singly_linked_list_0.remove()
&gt;       assert f'{type(var_0).__module__}.{type(var_0).__qualname__}' == 'stack3.Node'
E       AssertionError: assert 'builtins.NoneType' == 'stack3.Node'
E         - stack3.Node
E         + builtins.NoneType

MOSA/test_stack3_MOSA.py:12: AssertionError
_________________________________ test_case_4 __________________________________

    def test_case_4():
        singly_linked_list_0 = module_0.SinglyLinkedList()
        node_0 = singly_linked_list_0.getHeadNode()
        int_0 = singly_linked_list_0.getSize()
        list_0 = singly_linked_list_0.toArray()
        none_type_0 = singly_linked_list_0.add(list_0)
        bool_0 = singly_linked_list_0.isEmpty()
        assert bool_0 is False
        var_0 = singly_linked_list_0.remove()
&gt;       assert node_0.next is None
E       assert &lt;stack3.Node object at 0x7fdb3012fbe0&gt; is None
E        +  where &lt;stack3.Node object at 0x7fdb3012fbe0&gt; = &lt;stack3.Node object at 0x7fdb3012fa90&gt;.next

MOSA/test_stack3_MOSA.py:37: AssertionError
_________________________________ test_case_9 __________________________________

    def test_case_9():
        singly_linked_list_0 = module_0.SinglyLinkedList()
        none_type_0 = singly_linked_list_0.add(singly_linked_list_0)
        str_0 = singly_linked_list_0.__str__()
        var_0 = singly_linked_list_0.remove()
&gt;       assert f'{type(var_0).__module__}.{type(var_0).__qualname__}' == 'stack3.Node'
E       AssertionError: assert 'builtins.NoneType' == 'stack3.Node'
E         - stack3.Node
E         + builtins.NoneType

MOSA/test_stack3_MOSA.py:73: AssertionError
_________________________________ test_case_10 _________________________________

    def test_case_10():
        singly_linked_list_0 = module_0.SinglyLinkedList()
        stack_0 = module_0.Stack()
        bool_0 = False
        none_type_0 = singly_linked_list_0.add(bool_0)
        none_type_1 = stack_0.push(singly_linked_list_0)
        var_0 = singly_linked_list_0.remove()
&gt;       assert f'{type(var_0).__module__}.{type(var_0).__qualname__}' == 'stack3.Node'
E       AssertionError: assert 'builtins.NoneType' == 'stack3.Node'
E         - stack3.Node
E         + builtins.NoneType

MOSA/test_stack3_MOSA.py:88: AssertionError
_________________________________ test_case_13 _________________________________

    def test_case_13():
        stack_0 = module_0.Stack()
        none_type_0 = stack_0.push(stack_0)
        var_0 = stack_0.peek()
        bool_0 = var_0.isEmpty()
        assert bool_0 is False
        stack_1 = module_0.Stack()
        var_1 = stack_0.pop()
&gt;       assert f'{type(var_1).__module__}.{type(var_1).__qualname__}' == 'stack3.Node'
E       AssertionError: assert 'builtins.NoneType' == 'stack3.Node'
E         - stack3.Node
E         + builtins.NoneType

MOSA/test_stack3_MOSA.py:111: AssertionError
_________________________________ test_case_15 _________________________________

    def test_case_15():
        singly_linked_list_0 = module_0.SinglyLinkedList()
        list_0 = singly_linked_list_0.toArray()
        str_0 = singly_linked_list_0.__str__()
        assert str_0 == '[None]'
        none_type_0 = singly_linked_list_0.add(singly_linked_list_0)
        bool_0 = singly_linked_list_0.isEmpty()
        assert bool_0 is False
        none_type_1 = singly_linked_list_0.add(list_0)
        bool_1 = singly_linked_list_0.isEmpty()
        assert bool_1 is False
        list_1 = singly_linked_list_0.toArray()
        var_0 = singly_linked_list_0.remove()
&gt;       assert f'{type(var_0).__module__}.{type(var_0).__qualname__}' == 'stack3.Node'
E       AssertionError: assert 'builtins.NoneType' == 'stack3.Node'
E         - stack3.Node
E         + builtins.NoneType

MOSA/test_stack3_MOSA.py:139: AssertionError
_________________________________ test_case_16 _________________________________

    def test_case_16():
        singly_linked_list_0 = module_0.SinglyLinkedList()
        list_0 = singly_linked_list_0.toArray()
        str_0 = singly_linked_list_0.__str__()
        assert str_0 == '[None]'
        none_type_0 = singly_linked_list_0.add(singly_linked_list_0)
        none_type_1 = singly_linked_list_0.add(str_0)
        str_1 = singly_linked_list_0.__str__()
        bool_0 = singly_linked_list_0.isEmpty()
        assert bool_0 is False
        int_0 = singly_linked_list_0.getSize()
        assert int_0 == 2
        var_0 = singly_linked_list_0.remove()
&gt;       assert f'{type(var_0).__module__}.{type(var_0).__qualname__}' == 'stack3.Node'
E       AssertionError: assert 'builtins.NoneType' == 'stack3.Node'
E         - stack3.Node
E         + builtins.NoneType

MOSA/test_stack3_MOSA.py:156: AssertionError
=========================== short test summary info ============================
FAILED MOSA/test_stack3_MOSA.py::test_case_1 - AssertionError: assert 'builti...
FAILED MOSA/test_stack3_MOSA.py::test_case_4 - assert &lt;stack3.Node object at ...
FAILED MOSA/test_stack3_MOSA.py::test_case_9 - AssertionError: assert 'builti...
FAILED MOSA/test_stack3_MOSA.py::test_case_10 - AssertionError: assert 'built...
FAILED MOSA/test_stack3_MOSA.py::test_case_13 - AssertionError: assert 'built...
FAILED MOSA/test_stack3_MOSA.py::test_case_15 - AssertionError: assert 'built...
FAILED MOSA/test_stack3_MOSA.py::test_case_16 - AssertionError: assert 'built...
========================= 7 failed, 10 passed in 0.40s =========================
</pre></div></div></div></div></div><div class="mb-1" id="job_list___sub_accordion_3"><div class="card"><a data-toggle="collapse" data-target="#job_list___sub_collapse_3_1" aria-expanded="false" aria-controls="job_list___sub_collapse_3_1" href="#" class="job_list___sub_multi_heading"><div role="alert" class="card-header alert-success" id="job_list___sub_heading_3_1"><button class="btn btn-outline-success"><span class="job_id">3 : Job ID 4f3af41858e649c482d07dfd1885ce3e</span></button></div></a><div aria-labelledby="job_list___sub_heading_3_1" data-parent="#job_list___sub_accordion_3" class="collapse job_list___sub_multi_collapse" id="job_list___sub_collapse_3_1"><div class="card-body"><div class="work-item"><div class="alert alert-success test-outcome" role="alert"><p>worker outcome: normal</p><p>test outcome: killed</p></div></div><pre class="location"><a href="pycharm://open?file=stack3.py&amp;line=75" class="text-secondary"><button class="btn btn-outline-dark">stack3.py, start pos: (75, 35), end pos: (75, 37)</button></a></pre><pre>operator: core/ReplaceComparisonOperator_Eq_NotEq, occurrence: 2</pre><div class="alert alert-secondary"><pre class="diff">--- mutation diff ---
--- astack3.py
+++ bstack3.py
@@ -72,7 +72,7 @@
 
         """Checks if linkedlist is empty."""
 
-        return True if self.__size == 0 else False
+        return True if self.__size != 0 else False
 
     def toArray(self) -&gt; list:
 </pre></div><div class="alert alert-secondary"><pre class="diff">============================= test session starts ==============================
platform linux -- Python 3.10.10, pytest-7.2.1, pluggy-1.0.0
rootdir: /home/auri/temp/lucca/python_experiments/stack3
collected 17 items

MOSA/test_stack3_MOSA.py ...FF..........FF                               [100%]

=================================== FAILURES ===================================
_________________________________ test_case_3 __________________________________

    def test_case_3():
        singly_linked_list_0 = module_0.SinglyLinkedList()
        bool_0 = singly_linked_list_0.isEmpty()
&gt;       assert bool_0 is True
E       assert False is True

MOSA/test_stack3_MOSA.py:25: AssertionError
_________________________________ test_case_4 __________________________________

    def test_case_4():
        singly_linked_list_0 = module_0.SinglyLinkedList()
        node_0 = singly_linked_list_0.getHeadNode()
        int_0 = singly_linked_list_0.getSize()
        list_0 = singly_linked_list_0.toArray()
        none_type_0 = singly_linked_list_0.add(list_0)
        bool_0 = singly_linked_list_0.isEmpty()
&gt;       assert bool_0 is False
E       assert True is False

MOSA/test_stack3_MOSA.py:35: AssertionError
_________________________________ test_case_15 _________________________________

    def test_case_15():
        singly_linked_list_0 = module_0.SinglyLinkedList()
        list_0 = singly_linked_list_0.toArray()
        str_0 = singly_linked_list_0.__str__()
        assert str_0 == '[None]'
        none_type_0 = singly_linked_list_0.add(singly_linked_list_0)
        bool_0 = singly_linked_list_0.isEmpty()
&gt;       assert bool_0 is False
E       assert True is False

MOSA/test_stack3_MOSA.py:133: AssertionError
_________________________________ test_case_16 _________________________________

    def test_case_16():
        singly_linked_list_0 = module_0.SinglyLinkedList()
        list_0 = singly_linked_list_0.toArray()
        str_0 = singly_linked_list_0.__str__()
        assert str_0 == '[None]'
        none_type_0 = singly_linked_list_0.add(singly_linked_list_0)
        none_type_1 = singly_linked_list_0.add(str_0)
        str_1 = singly_linked_list_0.__str__()
        bool_0 = singly_linked_list_0.isEmpty()
&gt;       assert bool_0 is False
E       assert True is False

MOSA/test_stack3_MOSA.py:152: AssertionError
=========================== short test summary info ============================
FAILED MOSA/test_stack3_MOSA.py::test_case_3 - assert False is True
FAILED MOSA/test_stack3_MOSA.py::test_case_4 - assert True is False
FAILED MOSA/test_stack3_MOSA.py::test_case_15 - assert True is False
FAILED MOSA/test_stack3_MOSA.py::test_case_16 - assert True is False
========================= 4 failed, 13 passed in 0.28s =========================
</pre></div></div></div></div></div><div class="mb-1" id="job_list___sub_accordion_4"><div class="card"><a data-toggle="collapse" data-target="#job_list___sub_collapse_4_1" aria-expanded="false" aria-controls="job_list___sub_collapse_4_1" href="#" class="job_list___sub_multi_heading"><div role="alert" class="card-header alert-success" id="job_list___sub_heading_4_1"><button class="btn btn-outline-success"><span class="job_id">4 : Job ID b453c9c7c6d94840bfe82100e3ab7094</span></button></div></a><div aria-labelledby="job_list___sub_heading_4_1" data-parent="#job_list___sub_accordion_4" class="collapse job_list___sub_multi_collapse" id="job_list___sub_collapse_4_1"><div class="card-body"><div class="work-item"><div class="alert alert-success test-outcome" role="alert"><p>worker outcome: normal</p><p>test outcome: killed</p></div></div><pre class="location"><a href="pycharm://open?file=stack3.py&amp;line=125" class="text-secondary"><button class="btn btn-outline-dark">stack3.py, start pos: (125, 46), end pos: (125, 48)</button></a></pre><pre>operator: core/ReplaceComparisonOperator_Eq_NotEq, occurrence: 3</pre><div class="alert alert-secondary"><pre class="diff">--- mutation diff ---
--- astack3.py
+++ bstack3.py
@@ -122,7 +122,7 @@
 
         """Check if stack is empty."""
 
-        return True if self.__stack.getSize() == 0 else False
+        return True if self.__stack.getSize() != 0 else False
 
     def getSize(self) -&gt; int:
 </pre></div><div class="alert alert-secondary"><pre class="diff">============================= test session starts ==============================
platform linux -- Python 3.10.10, pytest-7.2.1, pluggy-1.0.0
rootdir: /home/auri/temp/lucca/python_experiments/stack3
collected 17 items

MOSA/test_stack3_MOSA.py .......F.....F...                               [100%]

=================================== FAILURES ===================================
_________________________________ test_case_7 __________________________________

    def test_case_7():
        stack_0 = module_0.Stack()
        bool_0 = stack_0.isEmpty()
&gt;       assert bool_0 is True
E       assert False is True

MOSA/test_stack3_MOSA.py:59: AssertionError
_________________________________ test_case_13 _________________________________

    def test_case_13():
        stack_0 = module_0.Stack()
        none_type_0 = stack_0.push(stack_0)
        var_0 = stack_0.peek()
        bool_0 = var_0.isEmpty()
&gt;       assert bool_0 is False
E       assert True is False

MOSA/test_stack3_MOSA.py:108: AssertionError
=========================== short test summary info ============================
FAILED MOSA/test_stack3_MOSA.py::test_case_7 - assert False is True
FAILED MOSA/test_stack3_MOSA.py::test_case_13 - assert True is False
========================= 2 failed, 15 passed in 0.15s =========================
</pre></div></div></div></div></div><div class="mb-1" id="job_list___sub_accordion_5"><div class="card"><a data-toggle="collapse" data-target="#job_list___sub_collapse_5_1" aria-expanded="false" aria-controls="job_list___sub_collapse_5_1" href="#" class="job_list___sub_multi_heading"><div role="alert" class="card-header alert-danger" id="job_list___sub_heading_5_1"><button class="btn btn-outline-danger"><span class="job_id">5 : Job ID 454fb26e12a647b58c734806e198fde5</span></button></div></a><div aria-labelledby="job_list___sub_heading_5_1" data-parent="#job_list___sub_accordion_5" class="collapse job_list___sub_multi_collapse" id="job_list___sub_collapse_5_1"><div class="card-body"><div class="work-item"><div class="alert alert-danger test-outcome" role="alert"><p>SURVIVED</p><p>worker outcome: normal</p><p>test outcome: survived</p></div></div><pre class="location"><a href="pycharm://open?file=stack3.py&amp;line=140" class="text-secondary"><button class="btn btn-outline-dark">stack3.py, start pos: (140, 12), end pos: (140, 14)</button></a></pre><pre>operator: core/ReplaceComparisonOperator_Eq_NotEq, occurrence: 4</pre><div class="alert alert-secondary"><pre class="diff">--- mutation diff ---
--- astack3.py
+++ bstack3.py
@@ -137,6 +137,6 @@
         return str(self.__stack.toArray()[::-1])
 
 
-if __name__ == "__main__":
+if __name__ != "__main__":
     pass
 </pre></div><div class="alert alert-secondary"><pre class="diff">============================= test session starts ==============================
platform linux -- Python 3.10.10, pytest-7.2.1, pluggy-1.0.0
rootdir: /home/auri/temp/lucca/python_experiments/stack3
collected 17 items

MOSA/test_stack3_MOSA.py .................                               [100%]

============================== 17 passed in 0.18s ==============================
</pre></div></div></div></div></div><div class="mb-1" id="job_list___sub_accordion_6"><div class="card"><a data-toggle="collapse" data-target="#job_list___sub_collapse_6_1" aria-expanded="false" aria-controls="job_list___sub_collapse_6_1" href="#" class="job_list___sub_multi_heading"><div role="alert" class="card-header alert-success" id="job_list___sub_heading_6_1"><button class="btn btn-outline-success"><span class="job_id">6 : Job ID 949119b7fa9e4b378162e6c5799c74af</span></button></div></a><div aria-labelledby="job_list___sub_heading_6_1" data-parent="#job_list___sub_accordion_6" class="collapse job_list___sub_multi_collapse" id="job_list___sub_collapse_6_1"><div class="card-body"><div class="work-item"><div class="alert alert-success test-outcome" role="alert"><p>worker outcome: normal</p><p>test outcome: killed</p></div></div><pre class="location"><a href="pycharm://open?file=stack3.py&amp;line=24" class="text-secondary"><button class="btn btn-outline-dark">stack3.py, start pos: (24, 23), end pos: (24, 25)</button></a></pre><pre>operator: core/ReplaceComparisonOperator_Eq_Lt, occurrence: 0</pre><div class="alert alert-secondary"><pre class="diff">--- mutation diff ---
--- astack3.py
+++ bstack3.py
@@ -21,7 +21,7 @@
         """Add element to linked list."""
 
         newNode = Node(value)
-        if self.__size == 0:
+        if self.__size &lt; 0:
             self.__head.next = newNode
             self.__head = newNode
             self.__size += 1</pre></div><div class="alert alert-secondary"><pre class="diff">timeout</pre></div></div></div></div></div><div class="mb-1" id="job_list___sub_accordion_7"><div class="card"><a data-toggle="collapse" data-target="#job_list___sub_collapse_7_1" aria-expanded="false" aria-controls="job_list___sub_collapse_7_1" href="#" class="job_list___sub_multi_heading"><div role="alert" class="card-header alert-danger" id="job_list___sub_heading_7_1"><button class="btn btn-outline-danger"><span class="job_id">7 : Job ID 43b833b8b28a401c97c7283fcfe16ca6</span></button></div></a><div aria-labelledby="job_list___sub_heading_7_1" data-parent="#job_list___sub_accordion_7" class="collapse job_list___sub_multi_collapse" id="job_list___sub_collapse_7_1"><div class="card-body"><div class="work-item"><div class="alert alert-danger test-outcome" role="alert"><p>SURVIVED</p><p>worker outcome: normal</p><p>test outcome: survived</p></div></div><pre class="location"><a href="pycharm://open?file=stack3.py&amp;line=38" class="text-secondary"><button class="btn btn-outline-dark">stack3.py, start pos: (38, 23), end pos: (38, 25)</button></a></pre><pre>operator: core/ReplaceComparisonOperator_Eq_Lt, occurrence: 1</pre><div class="alert alert-secondary"><pre class="diff">--- mutation diff ---
--- astack3.py
+++ bstack3.py
@@ -35,7 +35,7 @@
 
         """Remove node from linkedlist."""
 
-        if self.__size == 0:
+        if self.__size &lt; 0:
             return None
         if self.__size &gt;= 1:
             nodeToRemove = self.__head</pre></div><div class="alert alert-secondary"><pre class="diff">============================= test session starts ==============================
platform linux -- Python 3.10.10, pytest-7.2.1, pluggy-1.0.0
rootdir: /home/auri/temp/lucca/python_experiments/stack3
collected 17 items

MOSA/test_stack3_MOSA.py .................                               [100%]

============================== 17 passed in 0.19s ==============================
</pre></div></div></div></div></div><div class="mb-1" id="job_list___sub_accordion_8"><div class="card"><a data-toggle="collapse" data-target="#job_list___sub_collapse_8_1" aria-expanded="false" aria-controls="job_list___sub_collapse_8_1" href="#" class="job_list___sub_multi_heading"><div role="alert" class="card-header alert-success" id="job_list___sub_heading_8_1"><button class="btn btn-outline-success"><span class="job_id">8 : Job ID ec8233f476864a1f940f8e172631215f</span></button></div></a><div aria-labelledby="job_list___sub_heading_8_1" data-parent="#job_list___sub_accordion_8" class="collapse job_list___sub_multi_collapse" id="job_list___sub_collapse_8_1"><div class="card-body"><div class="work-item"><div class="alert alert-success test-outcome" role="alert"><p>worker outcome: normal</p><p>test outcome: killed</p></div></div><pre class="location"><a href="pycharm://open?file=stack3.py&amp;line=75" class="text-secondary"><button class="btn btn-outline-dark">stack3.py, start pos: (75, 35), end pos: (75, 37)</button></a></pre><pre>operator: core/ReplaceComparisonOperator_Eq_Lt, occurrence: 2</pre><div class="alert alert-secondary"><pre class="diff">--- mutation diff ---
--- astack3.py
+++ bstack3.py
@@ -72,7 +72,7 @@
 
         """Checks if linkedlist is empty."""
 
-        return True if self.__size == 0 else False
+        return True if self.__size &lt; 0 else False
 
     def toArray(self) -&gt; list:
 </pre></div><div class="alert alert-secondary"><pre class="diff">============================= test session starts ==============================
platform linux -- Python 3.10.10, pytest-7.2.1, pluggy-1.0.0
rootdir: /home/auri/temp/lucca/python_experiments/stack3
collected 17 items

MOSA/test_stack3_MOSA.py ...F.............                               [100%]

=================================== FAILURES ===================================
_________________________________ test_case_3 __________________________________

    def test_case_3():
        singly_linked_list_0 = module_0.SinglyLinkedList()
        bool_0 = singly_linked_list_0.isEmpty()
&gt;       assert bool_0 is True
E       assert False is True

MOSA/test_stack3_MOSA.py:25: AssertionError
=========================== short test summary info ============================
FAILED MOSA/test_stack3_MOSA.py::test_case_3 - assert False is True
========================= 1 failed, 16 passed in 0.36s =========================
</pre></div></div></div></div></div><div class="mb-1" id="job_list___sub_accordion_9"><div class="card"><a data-toggle="collapse" data-target="#job_list___sub_collapse_9_1" aria-expanded="false" aria-controls="job_list___sub_collapse_9_1" href="#" class="job_list___sub_multi_heading"><div role="alert" class="card-header alert-success" id="job_list___sub_heading_9_1"><button class="btn btn-outline-success"><span class="job_id">9 : Job ID 68e03a7ee4db4eddbdfd6df72e79ecb6</span></button></div></a><div aria-labelledby="job_list___sub_heading_9_1" data-parent="#job_list___sub_accordion_9" class="collapse job_list___sub_multi_collapse" id="job_list___sub_collapse_9_1"><div class="card-body"><div class="work-item"><div class="alert alert-success test-outcome" role="alert"><p>worker outcome: normal</p><p>test outcome: killed</p></div></div><pre class="location"><a href="pycharm://open?file=stack3.py&amp;line=125" class="text-secondary"><button class="btn btn-outline-dark">stack3.py, start pos: (125, 46), end pos: (125, 48)</button></a></pre><pre>operator: core/ReplaceComparisonOperator_Eq_Lt, occurrence: 3</pre><div class="alert alert-secondary"><pre class="diff">--- mutation diff ---
--- astack3.py
+++ bstack3.py
@@ -122,7 +122,7 @@
 
         """Check if stack is empty."""
 
-        return True if self.__stack.getSize() == 0 else False
+        return True if self.__stack.getSize() &lt; 0 else False
 
     def getSize(self) -&gt; int:
 </pre></div><div class="alert alert-secondary"><pre class="diff">============================= test session starts ==============================
platform linux -- Python 3.10.10, pytest-7.2.1, pluggy-1.0.0
rootdir: /home/auri/temp/lucca/python_experiments/stack3
collected 17 items

MOSA/test_stack3_MOSA.py .......F.........                               [100%]

=================================== FAILURES ===================================
_________________________________ test_case_7 __________________________________

    def test_case_7():
        stack_0 = module_0.Stack()
        bool_0 = stack_0.isEmpty()
&gt;       assert bool_0 is True
E       assert False is True

MOSA/test_stack3_MOSA.py:59: AssertionError
=========================== short test summary info ============================
FAILED MOSA/test_stack3_MOSA.py::test_case_7 - assert False is True
========================= 1 failed, 16 passed in 0.29s =========================
</pre></div></div></div></div></div><div class="mb-1" id="job_list___sub_accordion_10"><div class="card"><a data-toggle="collapse" data-target="#job_list___sub_collapse_10_1" aria-expanded="false" aria-controls="job_list___sub_collapse_10_1" href="#" class="job_list___sub_multi_heading"><div role="alert" class="card-header alert-danger" id="job_list___sub_heading_10_1"><button class="btn btn-outline-danger"><span class="job_id">10 : Job ID be88f5b0dc4e4a5aa06d1f7e4aea3614</span></button></div></a><div aria-labelledby="job_list___sub_heading_10_1" data-parent="#job_list___sub_accordion_10" class="collapse job_list___sub_multi_collapse" id="job_list___sub_collapse_10_1"><div class="card-body"><div class="work-item"><div class="alert alert-danger test-outcome" role="alert"><p>SURVIVED</p><p>worker outcome: normal</p><p>test outcome: survived</p></div></div><pre class="location"><a href="pycharm://open?file=stack3.py&amp;line=140" class="text-secondary"><button class="btn btn-outline-dark">stack3.py, start pos: (140, 12), end pos: (140, 14)</button></a></pre><pre>operator: core/ReplaceComparisonOperator_Eq_Lt, occurrence: 4</pre><div class="alert alert-secondary"><pre class="diff">--- mutation diff ---
--- astack3.py
+++ bstack3.py
@@ -137,6 +137,6 @@
         return str(self.__stack.toArray()[::-1])
 
 
-if __name__ == "__main__":
+if __name__ &lt; "__main__":
     pass
 </pre></div><div class="alert alert-secondary"><pre class="diff">============================= test session starts ==============================
platform linux -- Python 3.10.10, pytest-7.2.1, pluggy-1.0.0
rootdir: /home/auri/temp/lucca/python_experiments/stack3
collected 17 items

MOSA/test_stack3_MOSA.py .................                               [100%]

============================== 17 passed in 0.09s ==============================
</pre></div></div></div></div></div><div class="mb-1" id="job_list___sub_accordion_11"><div class="card"><a data-toggle="collapse" data-target="#job_list___sub_collapse_11_1" aria-expanded="false" aria-controls="job_list___sub_collapse_11_1" href="#" class="job_list___sub_multi_heading"><div role="alert" class="card-header alert-danger" id="job_list___sub_heading_11_1"><button class="btn btn-outline-danger"><span class="job_id">11 : Job ID 3cb2222a3e4349569350b0c7cda62e07</span></button></div></a><div aria-labelledby="job_list___sub_heading_11_1" data-parent="#job_list___sub_accordion_11" class="collapse job_list___sub_multi_collapse" id="job_list___sub_collapse_11_1"><div class="card-body"><div class="work-item"><div class="alert alert-danger test-outcome" role="alert"><p>SURVIVED</p><p>worker outcome: normal</p><p>test outcome: survived</p></div></div><pre class="location"><a href="pycharm://open?file=stack3.py&amp;line=24" class="text-secondary"><button class="btn btn-outline-dark">stack3.py, start pos: (24, 23), end pos: (24, 25)</button></a></pre><pre>operator: core/ReplaceComparisonOperator_Eq_LtE, occurrence: 0</pre><div class="alert alert-secondary"><pre class="diff">--- mutation diff ---
--- astack3.py
+++ bstack3.py
@@ -21,7 +21,7 @@
         """Add element to linked list."""
 
         newNode = Node(value)
-        if self.__size == 0:
+        if self.__size &lt;= 0:
             self.__head.next = newNode
             self.__head = newNode
             self.__size += 1</pre></div><div class="alert alert-secondary"><pre class="diff">============================= test session starts ==============================
platform linux -- Python 3.10.10, pytest-7.2.1, pluggy-1.0.0
rootdir: /home/auri/temp/lucca/python_experiments/stack3
collected 17 items

MOSA/test_stack3_MOSA.py .................                               [100%]

============================== 17 passed in 0.21s ==============================
</pre></div></div></div></div></div><div class="mb-1" id="job_list___sub_accordion_12"><div class="card"><a data-toggle="collapse" data-target="#job_list___sub_collapse_12_1" aria-expanded="false" aria-controls="job_list___sub_collapse_12_1" href="#" class="job_list___sub_multi_heading"><div role="alert" class="card-header alert-danger" id="job_list___sub_heading_12_1"><button class="btn btn-outline-danger"><span class="job_id">12 : Job ID aa9e702aea314aea93533a7311ddd5d4</span></button></div></a><div aria-labelledby="job_list___sub_heading_12_1" data-parent="#job_list___sub_accordion_12" class="collapse job_list___sub_multi_collapse" id="job_list___sub_collapse_12_1"><div class="card-body"><div class="work-item"><div class="alert alert-danger test-outcome" role="alert"><p>SURVIVED</p><p>worker outcome: normal</p><p>test outcome: survived</p></div></div><pre class="location"><a href="pycharm://open?file=stack3.py&amp;line=38" class="text-secondary"><button class="btn btn-outline-dark">stack3.py, start pos: (38, 23), end pos: (38, 25)</button></a></pre><pre>operator: core/ReplaceComparisonOperator_Eq_LtE, occurrence: 1</pre><div class="alert alert-secondary"><pre class="diff">--- mutation diff ---
--- astack3.py
+++ bstack3.py
@@ -35,7 +35,7 @@
 
         """Remove node from linkedlist."""
 
-        if self.__size == 0:
+        if self.__size &lt;= 0:
             return None
         if self.__size &gt;= 1:
             nodeToRemove = self.__head</pre></div><div class="alert alert-secondary"><pre class="diff">============================= test session starts ==============================
platform linux -- Python 3.10.10, pytest-7.2.1, pluggy-1.0.0
rootdir: /home/auri/temp/lucca/python_experiments/stack3
collected 17 items

MOSA/test_stack3_MOSA.py .................                               [100%]

============================== 17 passed in 0.19s ==============================
</pre></div></div></div></div></div><div class="mb-1" id="job_list___sub_accordion_13"><div class="card"><a data-toggle="collapse" data-target="#job_list___sub_collapse_13_1" aria-expanded="false" aria-controls="job_list___sub_collapse_13_1" href="#" class="job_list___sub_multi_heading"><div role="alert" class="card-header alert-danger" id="job_list___sub_heading_13_1"><button class="btn btn-outline-danger"><span class="job_id">13 : Job ID 0df8ede2bcba435199304869b805565e</span></button></div></a><div aria-labelledby="job_list___sub_heading_13_1" data-parent="#job_list___sub_accordion_13" class="collapse job_list___sub_multi_collapse" id="job_list___sub_collapse_13_1"><div class="card-body"><div class="work-item"><div class="alert alert-danger test-outcome" role="alert"><p>SURVIVED</p><p>worker outcome: normal</p><p>test outcome: survived</p></div></div><pre class="location"><a href="pycharm://open?file=stack3.py&amp;line=75" class="text-secondary"><button class="btn btn-outline-dark">stack3.py, start pos: (75, 35), end pos: (75, 37)</button></a></pre><pre>operator: core/ReplaceComparisonOperator_Eq_LtE, occurrence: 2</pre><div class="alert alert-secondary"><pre class="diff">--- mutation diff ---
--- astack3.py
+++ bstack3.py
@@ -72,7 +72,7 @@
 
         """Checks if linkedlist is empty."""
 
-        return True if self.__size == 0 else False
+        return True if self.__size &lt;= 0 else False
 
     def toArray(self) -&gt; list:
 </pre></div><div class="alert alert-secondary"><pre class="diff">============================= test session starts ==============================
platform linux -- Python 3.10.10, pytest-7.2.1, pluggy-1.0.0
rootdir: /home/auri/temp/lucca/python_experiments/stack3
collected 17 items

MOSA/test_stack3_MOSA.py .................                               [100%]

============================== 17 passed in 0.20s ==============================
</pre></div></div></div></div></div><div class="mb-1" id="job_list___sub_accordion_14"><div class="card"><a data-toggle="collapse" data-target="#job_list___sub_collapse_14_1" aria-expanded="false" aria-controls="job_list___sub_collapse_14_1" href="#" class="job_list___sub_multi_heading"><div role="alert" class="card-header alert-danger" id="job_list___sub_heading_14_1"><button class="btn btn-outline-danger"><span class="job_id">14 : Job ID 0a36e749e0c34f23aec9ba6bf98a9297</span></button></div></a><div aria-labelledby="job_list___sub_heading_14_1" data-parent="#job_list___sub_accordion_14" class="collapse job_list___sub_multi_collapse" id="job_list___sub_collapse_14_1"><div class="card-body"><div class="work-item"><div class="alert alert-danger test-outcome" role="alert"><p>SURVIVED</p><p>worker outcome: normal</p><p>test outcome: survived</p></div></div><pre class="location"><a href="pycharm://open?file=stack3.py&amp;line=125" class="text-secondary"><button class="btn btn-outline-dark">stack3.py, start pos: (125, 46), end pos: (125, 48)</button></a></pre><pre>operator: core/ReplaceComparisonOperator_Eq_LtE, occurrence: 3</pre><div class="alert alert-secondary"><pre class="diff">--- mutation diff ---
--- astack3.py
+++ bstack3.py
@@ -122,7 +122,7 @@
 
         """Check if stack is empty."""
 
-        return True if self.__stack.getSize() == 0 else False
+        return True if self.__stack.getSize() &lt;= 0 else False
 
     def getSize(self) -&gt; int:
 </pre></div><div class="alert alert-secondary"><pre class="diff">============================= test session starts ==============================
platform linux -- Python 3.10.10, pytest-7.2.1, pluggy-1.0.0
rootdir: /home/auri/temp/lucca/python_experiments/stack3
collected 17 items

MOSA/test_stack3_MOSA.py .................                               [100%]

============================== 17 passed in 0.21s ==============================
</pre></div></div></div></div></div><div class="mb-1" id="job_list___sub_accordion_15"><div class="card"><a data-toggle="collapse" data-target="#job_list___sub_collapse_15_1" aria-expanded="false" aria-controls="job_list___sub_collapse_15_1" href="#" class="job_list___sub_multi_heading"><div role="alert" class="card-header alert-danger" id="job_list___sub_heading_15_1"><button class="btn btn-outline-danger"><span class="job_id">15 : Job ID 2ded761a945342c19bb99ef9b17ba589</span></button></div></a><div aria-labelledby="job_list___sub_heading_15_1" data-parent="#job_list___sub_accordion_15" class="collapse job_list___sub_multi_collapse" id="job_list___sub_collapse_15_1"><div class="card-body"><div class="work-item"><div class="alert alert-danger test-outcome" role="alert"><p>SURVIVED</p><p>worker outcome: normal</p><p>test outcome: survived</p></div></div><pre class="location"><a href="pycharm://open?file=stack3.py&amp;line=140" class="text-secondary"><button class="btn btn-outline-dark">stack3.py, start pos: (140, 12), end pos: (140, 14)</button></a></pre><pre>operator: core/ReplaceComparisonOperator_Eq_LtE, occurrence: 4</pre><div class="alert alert-secondary"><pre class="diff">--- mutation diff ---
--- astack3.py
+++ bstack3.py
@@ -137,6 +137,6 @@
         return str(self.__stack.toArray()[::-1])
 
 
-if __name__ == "__main__":
+if __name__ &lt;= "__main__":
     pass
 </pre></div><div class="alert alert-secondary"><pre class="diff">============================= test session starts ==============================
platform linux -- Python 3.10.10, pytest-7.2.1, pluggy-1.0.0
rootdir: /home/auri/temp/lucca/python_experiments/stack3
collected 17 items

MOSA/test_stack3_MOSA.py .................                               [100%]

============================== 17 passed in 0.11s ==============================
</pre></div></div></div></div></div><div class="mb-1" id="job_list___sub_accordion_16"><div class="card"><a data-toggle="collapse" data-target="#job_list___sub_collapse_16_1" aria-expanded="false" aria-controls="job_list___sub_collapse_16_1" href="#" class="job_list___sub_multi_heading"><div role="alert" class="card-header alert-success" id="job_list___sub_heading_16_1"><button class="btn btn-outline-success"><span class="job_id">16 : Job ID b2ed77d8950e4fbc87cad0c32380097a</span></button></div></a><div aria-labelledby="job_list___sub_heading_16_1" data-parent="#job_list___sub_accordion_16" class="collapse job_list___sub_multi_collapse" id="job_list___sub_collapse_16_1"><div class="card-body"><div class="work-item"><div class="alert alert-success test-outcome" role="alert"><p>worker outcome: normal</p><p>test outcome: killed</p></div></div><pre class="location"><a href="pycharm://open?file=stack3.py&amp;line=24" class="text-secondary"><button class="btn btn-outline-dark">stack3.py, start pos: (24, 23), end pos: (24, 25)</button></a></pre><pre>operator: core/ReplaceComparisonOperator_Eq_Gt, occurrence: 0</pre><div class="alert alert-secondary"><pre class="diff">--- mutation diff ---
--- astack3.py
+++ bstack3.py
@@ -21,7 +21,7 @@
         """Add element to linked list."""
 
         newNode = Node(value)
-        if self.__size == 0:
+        if self.__size &gt; 0:
             self.__head.next = newNode
             self.__head = newNode
             self.__size += 1</pre></div><div class="alert alert-secondary"><pre class="diff">timeout</pre></div></div></div></div></div><div class="mb-1" id="job_list___sub_accordion_17"><div class="card"><a data-toggle="collapse" data-target="#job_list___sub_collapse_17_1" aria-expanded="false" aria-controls="job_list___sub_collapse_17_1" href="#" class="job_list___sub_multi_heading"><div role="alert" class="card-header alert-success" id="job_list___sub_heading_17_1"><button class="btn btn-outline-success"><span class="job_id">17 : Job ID 3bbbde34be4e4196a507755055053290</span></button></div></a><div aria-labelledby="job_list___sub_heading_17_1" data-parent="#job_list___sub_accordion_17" class="collapse job_list___sub_multi_collapse" id="job_list___sub_collapse_17_1"><div class="card-body"><div class="work-item"><div class="alert alert-success test-outcome" role="alert"><p>worker outcome: normal</p><p>test outcome: killed</p></div></div><pre class="location"><a href="pycharm://open?file=stack3.py&amp;line=38" class="text-secondary"><button class="btn btn-outline-dark">stack3.py, start pos: (38, 23), end pos: (38, 25)</button></a></pre><pre>operator: core/ReplaceComparisonOperator_Eq_Gt, occurrence: 1</pre><div class="alert alert-secondary"><pre class="diff">--- mutation diff ---
--- astack3.py
+++ bstack3.py
@@ -35,7 +35,7 @@
 
         """Remove node from linkedlist."""
 
-        if self.__size == 0:
+        if self.__size &gt; 0:
             return None
         if self.__size &gt;= 1:
             nodeToRemove = self.__head</pre></div><div class="alert alert-secondary"><pre class="diff">============================= test session starts ==============================
platform linux -- Python 3.10.10, pytest-7.2.1, pluggy-1.0.0
rootdir: /home/auri/temp/lucca/python_experiments/stack3
collected 17 items

MOSA/test_stack3_MOSA.py .F..F....FF..F.FF                               [100%]

=================================== FAILURES ===================================
_________________________________ test_case_1 __________________________________

    def test_case_1():
        singly_linked_list_0 = module_0.SinglyLinkedList()
        none_type_0 = singly_linked_list_0.add(singly_linked_list_0)
        var_0 = singly_linked_list_0.remove()
&gt;       assert f'{type(var_0).__module__}.{type(var_0).__qualname__}' == 'stack3.Node'
E       AssertionError: assert 'builtins.NoneType' == 'stack3.Node'
E         - stack3.Node
E         + builtins.NoneType

MOSA/test_stack3_MOSA.py:12: AssertionError
_________________________________ test_case_4 __________________________________

    def test_case_4():
        singly_linked_list_0 = module_0.SinglyLinkedList()
        node_0 = singly_linked_list_0.getHeadNode()
        int_0 = singly_linked_list_0.getSize()
        list_0 = singly_linked_list_0.toArray()
        none_type_0 = singly_linked_list_0.add(list_0)
        bool_0 = singly_linked_list_0.isEmpty()
        assert bool_0 is False
        var_0 = singly_linked_list_0.remove()
&gt;       assert node_0.next is None
E       assert &lt;stack3.Node object at 0x7f2fb3243be0&gt; is None
E        +  where &lt;stack3.Node object at 0x7f2fb3243be0&gt; = &lt;stack3.Node object at 0x7f2fb3243a90&gt;.next

MOSA/test_stack3_MOSA.py:37: AssertionError
_________________________________ test_case_9 __________________________________

    def test_case_9():
        singly_linked_list_0 = module_0.SinglyLinkedList()
        none_type_0 = singly_linked_list_0.add(singly_linked_list_0)
        str_0 = singly_linked_list_0.__str__()
        var_0 = singly_linked_list_0.remove()
&gt;       assert f'{type(var_0).__module__}.{type(var_0).__qualname__}' == 'stack3.Node'
E       AssertionError: assert 'builtins.NoneType' == 'stack3.Node'
E         - stack3.Node
E         + builtins.NoneType

MOSA/test_stack3_MOSA.py:73: AssertionError
_________________________________ test_case_10 _________________________________

    def test_case_10():
        singly_linked_list_0 = module_0.SinglyLinkedList()
        stack_0 = module_0.Stack()
        bool_0 = False
        none_type_0 = singly_linked_list_0.add(bool_0)
        none_type_1 = stack_0.push(singly_linked_list_0)
        var_0 = singly_linked_list_0.remove()
&gt;       assert f'{type(var_0).__module__}.{type(var_0).__qualname__}' == 'stack3.Node'
E       AssertionError: assert 'builtins.NoneType' == 'stack3.Node'
E         - stack3.Node
E         + builtins.NoneType

MOSA/test_stack3_MOSA.py:88: AssertionError
_________________________________ test_case_13 _________________________________

    def test_case_13():
        stack_0 = module_0.Stack()
        none_type_0 = stack_0.push(stack_0)
        var_0 = stack_0.peek()
        bool_0 = var_0.isEmpty()
        assert bool_0 is False
        stack_1 = module_0.Stack()
        var_1 = stack_0.pop()
&gt;       assert f'{type(var_1).__module__}.{type(var_1).__qualname__}' == 'stack3.Node'
E       AssertionError: assert 'builtins.NoneType' == 'stack3.Node'
E         - stack3.Node
E         + builtins.NoneType

MOSA/test_stack3_MOSA.py:111: AssertionError
_________________________________ test_case_15 _________________________________

    def test_case_15():
        singly_linked_list_0 = module_0.SinglyLinkedList()
        list_0 = singly_linked_list_0.toArray()
        str_0 = singly_linked_list_0.__str__()
        assert str_0 == '[None]'
        none_type_0 = singly_linked_list_0.add(singly_linked_list_0)
        bool_0 = singly_linked_list_0.isEmpty()
        assert bool_0 is False
        none_type_1 = singly_linked_list_0.add(list_0)
        bool_1 = singly_linked_list_0.isEmpty()
        assert bool_1 is False
        list_1 = singly_linked_list_0.toArray()
        var_0 = singly_linked_list_0.remove()
&gt;       assert f'{type(var_0).__module__}.{type(var_0).__qualname__}' == 'stack3.Node'
E       AssertionError: assert 'builtins.NoneType' == 'stack3.Node'
E         - stack3.Node
E         + builtins.NoneType

MOSA/test_stack3_MOSA.py:139: AssertionError
_________________________________ test_case_16 _________________________________

    def test_case_16():
        singly_linked_list_0 = module_0.SinglyLinkedList()
        list_0 = singly_linked_list_0.toArray()
        str_0 = singly_linked_list_0.__str__()
        assert str_0 == '[None]'
        none_type_0 = singly_linked_list_0.add(singly_linked_list_0)
        none_type_1 = singly_linked_list_0.add(str_0)
        str_1 = singly_linked_list_0.__str__()
        bool_0 = singly_linked_list_0.isEmpty()
        assert bool_0 is False
        int_0 = singly_linked_list_0.getSize()
        assert int_0 == 2
        var_0 = singly_linked_list_0.remove()
&gt;       assert f'{type(var_0).__module__}.{type(var_0).__qualname__}' == 'stack3.Node'
E       AssertionError: assert 'builtins.NoneType' == 'stack3.Node'
E         - stack3.Node
E         + builtins.NoneType

MOSA/test_stack3_MOSA.py:156: AssertionError
=========================== short test summary info ============================
FAILED MOSA/test_stack3_MOSA.py::test_case_1 - AssertionError: assert 'builti...
FAILED MOSA/test_stack3_MOSA.py::test_case_4 - assert &lt;stack3.Node object at ...
FAILED MOSA/test_stack3_MOSA.py::test_case_9 - AssertionError: assert 'builti...
FAILED MOSA/test_stack3_MOSA.py::test_case_10 - AssertionError: assert 'built...
FAILED MOSA/test_stack3_MOSA.py::test_case_13 - AssertionError: assert 'built...
FAILED MOSA/test_stack3_MOSA.py::test_case_15 - AssertionError: assert 'built...
FAILED MOSA/test_stack3_MOSA.py::test_case_16 - AssertionError: assert 'built...
========================= 7 failed, 10 passed in 0.53s =========================
</pre></div></div></div></div></div><div class="mb-1" id="job_list___sub_accordion_18"><div class="card"><a data-toggle="collapse" data-target="#job_list___sub_collapse_18_1" aria-expanded="false" aria-controls="job_list___sub_collapse_18_1" href="#" class="job_list___sub_multi_heading"><div role="alert" class="card-header alert-success" id="job_list___sub_heading_18_1"><button class="btn btn-outline-success"><span class="job_id">18 : Job ID d53549b5a4e14bae883b6fc0e5b7dc79</span></button></div></a><div aria-labelledby="job_list___sub_heading_18_1" data-parent="#job_list___sub_accordion_18" class="collapse job_list___sub_multi_collapse" id="job_list___sub_collapse_18_1"><div class="card-body"><div class="work-item"><div class="alert alert-success test-outcome" role="alert"><p>worker outcome: normal</p><p>test outcome: killed</p></div></div><pre class="location"><a href="pycharm://open?file=stack3.py&amp;line=75" class="text-secondary"><button class="btn btn-outline-dark">stack3.py, start pos: (75, 35), end pos: (75, 37)</button></a></pre><pre>operator: core/ReplaceComparisonOperator_Eq_Gt, occurrence: 2</pre><div class="alert alert-secondary"><pre class="diff">--- mutation diff ---
--- astack3.py
+++ bstack3.py
@@ -72,7 +72,7 @@
 
         """Checks if linkedlist is empty."""
 
-        return True if self.__size == 0 else False
+        return True if self.__size &gt; 0 else False
 
     def toArray(self) -&gt; list:
 </pre></div><div class="alert alert-secondary"><pre class="diff">============================= test session starts ==============================
platform linux -- Python 3.10.10, pytest-7.2.1, pluggy-1.0.0
rootdir: /home/auri/temp/lucca/python_experiments/stack3
collected 17 items

MOSA/test_stack3_MOSA.py ...FF..........FF                               [100%]

=================================== FAILURES ===================================
_________________________________ test_case_3 __________________________________

    def test_case_3():
        singly_linked_list_0 = module_0.SinglyLinkedList()
        bool_0 = singly_linked_list_0.isEmpty()
&gt;       assert bool_0 is True
E       assert False is True

MOSA/test_stack3_MOSA.py:25: AssertionError
_________________________________ test_case_4 __________________________________

    def test_case_4():
        singly_linked_list_0 = module_0.SinglyLinkedList()
        node_0 = singly_linked_list_0.getHeadNode()
        int_0 = singly_linked_list_0.getSize()
        list_0 = singly_linked_list_0.toArray()
        none_type_0 = singly_linked_list_0.add(list_0)
        bool_0 = singly_linked_list_0.isEmpty()
&gt;       assert bool_0 is False
E       assert True is False

MOSA/test_stack3_MOSA.py:35: AssertionError
_________________________________ test_case_15 _________________________________

    def test_case_15():
        singly_linked_list_0 = module_0.SinglyLinkedList()
        list_0 = singly_linked_list_0.toArray()
        str_0 = singly_linked_list_0.__str__()
        assert str_0 == '[None]'
        none_type_0 = singly_linked_list_0.add(singly_linked_list_0)
        bool_0 = singly_linked_list_0.isEmpty()
&gt;       assert bool_0 is False
E       assert True is False

MOSA/test_stack3_MOSA.py:133: AssertionError
_________________________________ test_case_16 _________________________________

    def test_case_16():
        singly_linked_list_0 = module_0.SinglyLinkedList()
        list_0 = singly_linked_list_0.toArray()
        str_0 = singly_linked_list_0.__str__()
        assert str_0 == '[None]'
        none_type_0 = singly_linked_list_0.add(singly_linked_list_0)
        none_type_1 = singly_linked_list_0.add(str_0)
        str_1 = singly_linked_list_0.__str__()
        bool_0 = singly_linked_list_0.isEmpty()
&gt;       assert bool_0 is False
E       assert True is False

MOSA/test_stack3_MOSA.py:152: AssertionError
=========================== short test summary info ============================
FAILED MOSA/test_stack3_MOSA.py::test_case_3 - assert False is True
FAILED MOSA/test_stack3_MOSA.py::test_case_4 - assert True is False
FAILED MOSA/test_stack3_MOSA.py::test_case_15 - assert True is False
FAILED MOSA/test_stack3_MOSA.py::test_case_16 - assert True is False
========================= 4 failed, 13 passed in 0.27s =========================
</pre></div></div></div></div></div><div class="mb-1" id="job_list___sub_accordion_19"><div class="card"><a data-toggle="collapse" data-target="#job_list___sub_collapse_19_1" aria-expanded="false" aria-controls="job_list___sub_collapse_19_1" href="#" class="job_list___sub_multi_heading"><div role="alert" class="card-header alert-success" id="job_list___sub_heading_19_1"><button class="btn btn-outline-success"><span class="job_id">19 : Job ID 172022ff87eb47a69870f570136f60f7</span></button></div></a><div aria-labelledby="job_list___sub_heading_19_1" data-parent="#job_list___sub_accordion_19" class="collapse job_list___sub_multi_collapse" id="job_list___sub_collapse_19_1"><div class="card-body"><div class="work-item"><div class="alert alert-success test-outcome" role="alert"><p>worker outcome: normal</p><p>test outcome: killed</p></div></div><pre class="location"><a href="pycharm://open?file=stack3.py&amp;line=125" class="text-secondary"><button class="btn btn-outline-dark">stack3.py, start pos: (125, 46), end pos: (125, 48)</button></a></pre><pre>operator: core/ReplaceComparisonOperator_Eq_Gt, occurrence: 3</pre><div class="alert alert-secondary"><pre class="diff">--- mutation diff ---
--- astack3.py
+++ bstack3.py
@@ -122,7 +122,7 @@
 
         """Check if stack is empty."""
 
-        return True if self.__stack.getSize() == 0 else False
+        return True if self.__stack.getSize() &gt; 0 else False
 
     def getSize(self) -&gt; int:
 </pre></div><div class="alert alert-secondary"><pre class="diff">============================= test session starts ==============================
platform linux -- Python 3.10.10, pytest-7.2.1, pluggy-1.0.0
rootdir: /home/auri/temp/lucca/python_experiments/stack3
collected 17 items

MOSA/test_stack3_MOSA.py .......F.....F...                               [100%]

=================================== FAILURES ===================================
_________________________________ test_case_7 __________________________________

    def test_case_7():
        stack_0 = module_0.Stack()
        bool_0 = stack_0.isEmpty()
&gt;       assert bool_0 is True
E       assert False is True

MOSA/test_stack3_MOSA.py:59: AssertionError
_________________________________ test_case_13 _________________________________

    def test_case_13():
        stack_0 = module_0.Stack()
        none_type_0 = stack_0.push(stack_0)
        var_0 = stack_0.peek()
        bool_0 = var_0.isEmpty()
&gt;       assert bool_0 is False
E       assert True is False

MOSA/test_stack3_MOSA.py:108: AssertionError
=========================== short test summary info ============================
FAILED MOSA/test_stack3_MOSA.py::test_case_7 - assert False is True
FAILED MOSA/test_stack3_MOSA.py::test_case_13 - assert True is False
========================= 2 failed, 15 passed in 0.20s =========================
</pre></div></div></div></div></div><div class="mb-1" id="job_list___sub_accordion_20"><div class="card"><a data-toggle="collapse" data-target="#job_list___sub_collapse_20_1" aria-expanded="false" aria-controls="job_list___sub_collapse_20_1" href="#" class="job_list___sub_multi_heading"><div role="alert" class="card-header alert-danger" id="job_list___sub_heading_20_1"><button class="btn btn-outline-danger"><span class="job_id">20 : Job ID 62030c2648524416a8ae08825fce42a6</span></button></div></a><div aria-labelledby="job_list___sub_heading_20_1" data-parent="#job_list___sub_accordion_20" class="collapse job_list___sub_multi_collapse" id="job_list___sub_collapse_20_1"><div class="card-body"><div class="work-item"><div class="alert alert-danger test-outcome" role="alert"><p>SURVIVED</p><p>worker outcome: normal</p><p>test outcome: survived</p></div></div><pre class="location"><a href="pycharm://open?file=stack3.py&amp;line=140" class="text-secondary"><button class="btn btn-outline-dark">stack3.py, start pos: (140, 12), end pos: (140, 14)</button></a></pre><pre>operator: core/ReplaceComparisonOperator_Eq_Gt, occurrence: 4</pre><div class="alert alert-secondary"><pre class="diff">--- mutation diff ---
--- astack3.py
+++ bstack3.py
@@ -137,6 +137,6 @@
         return str(self.__stack.toArray()[::-1])
 
 
-if __name__ == "__main__":
+if __name__ &gt; "__main__":
     pass
 </pre></div><div class="alert alert-secondary"><pre class="diff">============================= test session starts ==============================
platform linux -- Python 3.10.10, pytest-7.2.1, pluggy-1.0.0
rootdir: /home/auri/temp/lucca/python_experiments/stack3
collected 17 items

MOSA/test_stack3_MOSA.py .................                               [100%]

============================== 17 passed in 0.18s ==============================
</pre></div></div></div></div></div><div class="mb-1" id="job_list___sub_accordion_21"><div class="card"><a data-toggle="collapse" data-target="#job_list___sub_collapse_21_1" aria-expanded="false" aria-controls="job_list___sub_collapse_21_1" href="#" class="job_list___sub_multi_heading"><div role="alert" class="card-header alert-success" id="job_list___sub_heading_21_1"><button class="btn btn-outline-success"><span class="job_id">21 : Job ID 84d6d87c2a4f4f99b5662a64779ff497</span></button></div></a><div aria-labelledby="job_list___sub_heading_21_1" data-parent="#job_list___sub_accordion_21" class="collapse job_list___sub_multi_collapse" id="job_list___sub_collapse_21_1"><div class="card-body"><div class="work-item"><div class="alert alert-success test-outcome" role="alert"><p>worker outcome: normal</p><p>test outcome: killed</p></div></div><pre class="location"><a href="pycharm://open?file=stack3.py&amp;line=24" class="text-secondary"><button class="btn btn-outline-dark">stack3.py, start pos: (24, 23), end pos: (24, 25)</button></a></pre><pre>operator: core/ReplaceComparisonOperator_Eq_GtE, occurrence: 0</pre><div class="alert alert-secondary"><pre class="diff">--- mutation diff ---
--- astack3.py
+++ bstack3.py
@@ -21,7 +21,7 @@
         """Add element to linked list."""
 
         newNode = Node(value)
-        if self.__size == 0:
+        if self.__size &gt;= 0:
             self.__head.next = newNode
             self.__head = newNode
             self.__size += 1</pre></div><div class="alert alert-secondary"><pre class="diff">============================= test session starts ==============================
platform linux -- Python 3.10.10, pytest-7.2.1, pluggy-1.0.0
rootdir: /home/auri/temp/lucca/python_experiments/stack3
collected 17 items

MOSA/test_stack3_MOSA.py ...............FF                               [100%]

=================================== FAILURES ===================================
_________________________________ test_case_15 _________________________________

    def test_case_15():
        singly_linked_list_0 = module_0.SinglyLinkedList()
        list_0 = singly_linked_list_0.toArray()
        str_0 = singly_linked_list_0.__str__()
        assert str_0 == '[None]'
        none_type_0 = singly_linked_list_0.add(singly_linked_list_0)
        bool_0 = singly_linked_list_0.isEmpty()
        assert bool_0 is False
        none_type_1 = singly_linked_list_0.add(list_0)
        bool_1 = singly_linked_list_0.isEmpty()
        assert bool_1 is False
        list_1 = singly_linked_list_0.toArray()
        var_0 = singly_linked_list_0.remove()
        assert f'{type(var_0).__module__}.{type(var_0).__qualname__}' == 'stack3.Node'
        assert var_0.value == [None]
&gt;       assert f'{type(var_0.next).__module__}.{type(var_0.next).__qualname__}' == 'stack3.Node'
E       AssertionError: assert 'builtins.NoneType' == 'stack3.Node'
E         - stack3.Node
E         + builtins.NoneType

MOSA/test_stack3_MOSA.py:141: AssertionError
_________________________________ test_case_16 _________________________________

    def test_case_16():
        singly_linked_list_0 = module_0.SinglyLinkedList()
        list_0 = singly_linked_list_0.toArray()
        str_0 = singly_linked_list_0.__str__()
        assert str_0 == '[None]'
        none_type_0 = singly_linked_list_0.add(singly_linked_list_0)
        none_type_1 = singly_linked_list_0.add(str_0)
        str_1 = singly_linked_list_0.__str__()
        bool_0 = singly_linked_list_0.isEmpty()
        assert bool_0 is False
        int_0 = singly_linked_list_0.getSize()
        assert int_0 == 2
        var_0 = singly_linked_list_0.remove()
        assert f'{type(var_0).__module__}.{type(var_0).__qualname__}' == 'stack3.Node'
        assert var_0.value == '[None]'
&gt;       assert f'{type(var_0.next).__module__}.{type(var_0.next).__qualname__}' == 'stack3.Node'
E       AssertionError: assert 'builtins.NoneType' == 'stack3.Node'
E         - stack3.Node
E         + builtins.NoneType

MOSA/test_stack3_MOSA.py:158: AssertionError
=========================== short test summary info ============================
FAILED MOSA/test_stack3_MOSA.py::test_case_15 - AssertionError: assert 'built...
FAILED MOSA/test_stack3_MOSA.py::test_case_16 - AssertionError: assert 'built...
========================= 2 failed, 15 passed in 0.45s =========================
</pre></div></div></div></div></div><div class="mb-1" id="job_list___sub_accordion_22"><div class="card"><a data-toggle="collapse" data-target="#job_list___sub_collapse_22_1" aria-expanded="false" aria-controls="job_list___sub_collapse_22_1" href="#" class="job_list___sub_multi_heading"><div role="alert" class="card-header alert-success" id="job_list___sub_heading_22_1"><button class="btn btn-outline-success"><span class="job_id">22 : Job ID c830d4d776ec43e598377430f7e5fc14</span></button></div></a><div aria-labelledby="job_list___sub_heading_22_1" data-parent="#job_list___sub_accordion_22" class="collapse job_list___sub_multi_collapse" id="job_list___sub_collapse_22_1"><div class="card-body"><div class="work-item"><div class="alert alert-success test-outcome" role="alert"><p>worker outcome: normal</p><p>test outcome: killed</p></div></div><pre class="location"><a href="pycharm://open?file=stack3.py&amp;line=38" class="text-secondary"><button class="btn btn-outline-dark">stack3.py, start pos: (38, 23), end pos: (38, 25)</button></a></pre><pre>operator: core/ReplaceComparisonOperator_Eq_GtE, occurrence: 1</pre><div class="alert alert-secondary"><pre class="diff">--- mutation diff ---
--- astack3.py
+++ bstack3.py
@@ -35,7 +35,7 @@
 
         """Remove node from linkedlist."""
 
-        if self.__size == 0:
+        if self.__size &gt;= 0:
             return None
         if self.__size &gt;= 1:
             nodeToRemove = self.__head</pre></div><div class="alert alert-secondary"><pre class="diff">============================= test session starts ==============================
platform linux -- Python 3.10.10, pytest-7.2.1, pluggy-1.0.0
rootdir: /home/auri/temp/lucca/python_experiments/stack3
collected 17 items

MOSA/test_stack3_MOSA.py .F..F....FF..F.FF                               [100%]

=================================== FAILURES ===================================
_________________________________ test_case_1 __________________________________

    def test_case_1():
        singly_linked_list_0 = module_0.SinglyLinkedList()
        none_type_0 = singly_linked_list_0.add(singly_linked_list_0)
        var_0 = singly_linked_list_0.remove()
&gt;       assert f'{type(var_0).__module__}.{type(var_0).__qualname__}' == 'stack3.Node'
E       AssertionError: assert 'builtins.NoneType' == 'stack3.Node'
E         - stack3.Node
E         + builtins.NoneType

MOSA/test_stack3_MOSA.py:12: AssertionError
_________________________________ test_case_4 __________________________________

    def test_case_4():
        singly_linked_list_0 = module_0.SinglyLinkedList()
        node_0 = singly_linked_list_0.getHeadNode()
        int_0 = singly_linked_list_0.getSize()
        list_0 = singly_linked_list_0.toArray()
        none_type_0 = singly_linked_list_0.add(list_0)
        bool_0 = singly_linked_list_0.isEmpty()
        assert bool_0 is False
        var_0 = singly_linked_list_0.remove()
&gt;       assert node_0.next is None
E       assert &lt;stack3.Node object at 0x7fcbee67bc70&gt; is None
E        +  where &lt;stack3.Node object at 0x7fcbee67bc70&gt; = &lt;stack3.Node object at 0x7fcbee67baf0&gt;.next

MOSA/test_stack3_MOSA.py:37: AssertionError
_________________________________ test_case_9 __________________________________

    def test_case_9():
        singly_linked_list_0 = module_0.SinglyLinkedList()
        none_type_0 = singly_linked_list_0.add(singly_linked_list_0)
        str_0 = singly_linked_list_0.__str__()
        var_0 = singly_linked_list_0.remove()
&gt;       assert f'{type(var_0).__module__}.{type(var_0).__qualname__}' == 'stack3.Node'
E       AssertionError: assert 'builtins.NoneType' == 'stack3.Node'
E         - stack3.Node
E         + builtins.NoneType

MOSA/test_stack3_MOSA.py:73: AssertionError
_________________________________ test_case_10 _________________________________

    def test_case_10():
        singly_linked_list_0 = module_0.SinglyLinkedList()
        stack_0 = module_0.Stack()
        bool_0 = False
        none_type_0 = singly_linked_list_0.add(bool_0)
        none_type_1 = stack_0.push(singly_linked_list_0)
        var_0 = singly_linked_list_0.remove()
&gt;       assert f'{type(var_0).__module__}.{type(var_0).__qualname__}' == 'stack3.Node'
E       AssertionError: assert 'builtins.NoneType' == 'stack3.Node'
E         - stack3.Node
E         + builtins.NoneType

MOSA/test_stack3_MOSA.py:88: AssertionError
_________________________________ test_case_13 _________________________________

    def test_case_13():
        stack_0 = module_0.Stack()
        none_type_0 = stack_0.push(stack_0)
        var_0 = stack_0.peek()
        bool_0 = var_0.isEmpty()
        assert bool_0 is False
        stack_1 = module_0.Stack()
        var_1 = stack_0.pop()
&gt;       assert f'{type(var_1).__module__}.{type(var_1).__qualname__}' == 'stack3.Node'
E       AssertionError: assert 'builtins.NoneType' == 'stack3.Node'
E         - stack3.Node
E         + builtins.NoneType

MOSA/test_stack3_MOSA.py:111: AssertionError
_________________________________ test_case_15 _________________________________

    def test_case_15():
        singly_linked_list_0 = module_0.SinglyLinkedList()
        list_0 = singly_linked_list_0.toArray()
        str_0 = singly_linked_list_0.__str__()
        assert str_0 == '[None]'
        none_type_0 = singly_linked_list_0.add(singly_linked_list_0)
        bool_0 = singly_linked_list_0.isEmpty()
        assert bool_0 is False
        none_type_1 = singly_linked_list_0.add(list_0)
        bool_1 = singly_linked_list_0.isEmpty()
        assert bool_1 is False
        list_1 = singly_linked_list_0.toArray()
        var_0 = singly_linked_list_0.remove()
&gt;       assert f'{type(var_0).__module__}.{type(var_0).__qualname__}' == 'stack3.Node'
E       AssertionError: assert 'builtins.NoneType' == 'stack3.Node'
E         - stack3.Node
E         + builtins.NoneType

MOSA/test_stack3_MOSA.py:139: AssertionError
_________________________________ test_case_16 _________________________________

    def test_case_16():
        singly_linked_list_0 = module_0.SinglyLinkedList()
        list_0 = singly_linked_list_0.toArray()
        str_0 = singly_linked_list_0.__str__()
        assert str_0 == '[None]'
        none_type_0 = singly_linked_list_0.add(singly_linked_list_0)
        none_type_1 = singly_linked_list_0.add(str_0)
        str_1 = singly_linked_list_0.__str__()
        bool_0 = singly_linked_list_0.isEmpty()
        assert bool_0 is False
        int_0 = singly_linked_list_0.getSize()
        assert int_0 == 2
        var_0 = singly_linked_list_0.remove()
&gt;       assert f'{type(var_0).__module__}.{type(var_0).__qualname__}' == 'stack3.Node'
E       AssertionError: assert 'builtins.NoneType' == 'stack3.Node'
E         - stack3.Node
E         + builtins.NoneType

MOSA/test_stack3_MOSA.py:156: AssertionError
=========================== short test summary info ============================
FAILED MOSA/test_stack3_MOSA.py::test_case_1 - AssertionError: assert 'builti...
FAILED MOSA/test_stack3_MOSA.py::test_case_4 - assert &lt;stack3.Node object at ...
FAILED MOSA/test_stack3_MOSA.py::test_case_9 - AssertionError: assert 'builti...
FAILED MOSA/test_stack3_MOSA.py::test_case_10 - AssertionError: assert 'built...
FAILED MOSA/test_stack3_MOSA.py::test_case_13 - AssertionError: assert 'built...
FAILED MOSA/test_stack3_MOSA.py::test_case_15 - AssertionError: assert 'built...
FAILED MOSA/test_stack3_MOSA.py::test_case_16 - AssertionError: assert 'built...
========================= 7 failed, 10 passed in 0.51s =========================
</pre></div></div></div></div></div><div class="mb-1" id="job_list___sub_accordion_23"><div class="card"><a data-toggle="collapse" data-target="#job_list___sub_collapse_23_1" aria-expanded="false" aria-controls="job_list___sub_collapse_23_1" href="#" class="job_list___sub_multi_heading"><div role="alert" class="card-header alert-success" id="job_list___sub_heading_23_1"><button class="btn btn-outline-success"><span class="job_id">23 : Job ID a211aa81e6104796b2fe1837364f3cce</span></button></div></a><div aria-labelledby="job_list___sub_heading_23_1" data-parent="#job_list___sub_accordion_23" class="collapse job_list___sub_multi_collapse" id="job_list___sub_collapse_23_1"><div class="card-body"><div class="work-item"><div class="alert alert-success test-outcome" role="alert"><p>worker outcome: normal</p><p>test outcome: killed</p></div></div><pre class="location"><a href="pycharm://open?file=stack3.py&amp;line=75" class="text-secondary"><button class="btn btn-outline-dark">stack3.py, start pos: (75, 35), end pos: (75, 37)</button></a></pre><pre>operator: core/ReplaceComparisonOperator_Eq_GtE, occurrence: 2</pre><div class="alert alert-secondary"><pre class="diff">--- mutation diff ---
--- astack3.py
+++ bstack3.py
@@ -72,7 +72,7 @@
 
         """Checks if linkedlist is empty."""
 
-        return True if self.__size == 0 else False
+        return True if self.__size &gt;= 0 else False
 
     def toArray(self) -&gt; list:
 </pre></div><div class="alert alert-secondary"><pre class="diff">============================= test session starts ==============================
platform linux -- Python 3.10.10, pytest-7.2.1, pluggy-1.0.0
rootdir: /home/auri/temp/lucca/python_experiments/stack3
collected 17 items

MOSA/test_stack3_MOSA.py ....F..........FF                               [100%]

=================================== FAILURES ===================================
_________________________________ test_case_4 __________________________________

    def test_case_4():
        singly_linked_list_0 = module_0.SinglyLinkedList()
        node_0 = singly_linked_list_0.getHeadNode()
        int_0 = singly_linked_list_0.getSize()
        list_0 = singly_linked_list_0.toArray()
        none_type_0 = singly_linked_list_0.add(list_0)
        bool_0 = singly_linked_list_0.isEmpty()
&gt;       assert bool_0 is False
E       assert True is False

MOSA/test_stack3_MOSA.py:35: AssertionError
_________________________________ test_case_15 _________________________________

    def test_case_15():
        singly_linked_list_0 = module_0.SinglyLinkedList()
        list_0 = singly_linked_list_0.toArray()
        str_0 = singly_linked_list_0.__str__()
        assert str_0 == '[None]'
        none_type_0 = singly_linked_list_0.add(singly_linked_list_0)
        bool_0 = singly_linked_list_0.isEmpty()
&gt;       assert bool_0 is False
E       assert True is False

MOSA/test_stack3_MOSA.py:133: AssertionError
_________________________________ test_case_16 _________________________________

    def test_case_16():
        singly_linked_list_0 = module_0.SinglyLinkedList()
        list_0 = singly_linked_list_0.toArray()
        str_0 = singly_linked_list_0.__str__()
        assert str_0 == '[None]'
        none_type_0 = singly_linked_list_0.add(singly_linked_list_0)
        none_type_1 = singly_linked_list_0.add(str_0)
        str_1 = singly_linked_list_0.__str__()
        bool_0 = singly_linked_list_0.isEmpty()
&gt;       assert bool_0 is False
E       assert True is False

MOSA/test_stack3_MOSA.py:152: AssertionError
=========================== short test summary info ============================
FAILED MOSA/test_stack3_MOSA.py::test_case_4 - assert True is False
FAILED MOSA/test_stack3_MOSA.py::test_case_15 - assert True is False
FAILED MOSA/test_stack3_MOSA.py::test_case_16 - assert True is False
========================= 3 failed, 14 passed in 0.39s =========================
</pre></div></div></div></div></div><div class="mb-1" id="job_list___sub_accordion_24"><div class="card"><a data-toggle="collapse" data-target="#job_list___sub_collapse_24_1" aria-expanded="false" aria-controls="job_list___sub_collapse_24_1" href="#" class="job_list___sub_multi_heading"><div role="alert" class="card-header alert-success" id="job_list___sub_heading_24_1"><button class="btn btn-outline-success"><span class="job_id">24 : Job ID 7af642592a2a4fc1926a1ae5e8c5dbcc</span></button></div></a><div aria-labelledby="job_list___sub_heading_24_1" data-parent="#job_list___sub_accordion_24" class="collapse job_list___sub_multi_collapse" id="job_list___sub_collapse_24_1"><div class="card-body"><div class="work-item"><div class="alert alert-success test-outcome" role="alert"><p>worker outcome: normal</p><p>test outcome: killed</p></div></div><pre class="location"><a href="pycharm://open?file=stack3.py&amp;line=125" class="text-secondary"><button class="btn btn-outline-dark">stack3.py, start pos: (125, 46), end pos: (125, 48)</button></a></pre><pre>operator: core/ReplaceComparisonOperator_Eq_GtE, occurrence: 3</pre><div class="alert alert-secondary"><pre class="diff">--- mutation diff ---
--- astack3.py
+++ bstack3.py
@@ -122,7 +122,7 @@
 
         """Check if stack is empty."""
 
-        return True if self.__stack.getSize() == 0 else False
+        return True if self.__stack.getSize() &gt;= 0 else False
 
     def getSize(self) -&gt; int:
 </pre></div><div class="alert alert-secondary"><pre class="diff">============================= test session starts ==============================
platform linux -- Python 3.10.10, pytest-7.2.1, pluggy-1.0.0
rootdir: /home/auri/temp/lucca/python_experiments/stack3
collected 17 items

MOSA/test_stack3_MOSA.py .............F...                               [100%]

=================================== FAILURES ===================================
_________________________________ test_case_13 _________________________________

    def test_case_13():
        stack_0 = module_0.Stack()
        none_type_0 = stack_0.push(stack_0)
        var_0 = stack_0.peek()
        bool_0 = var_0.isEmpty()
&gt;       assert bool_0 is False
E       assert True is False

MOSA/test_stack3_MOSA.py:108: AssertionError
=========================== short test summary info ============================
FAILED MOSA/test_stack3_MOSA.py::test_case_13 - assert True is False
========================= 1 failed, 16 passed in 0.31s =========================
</pre></div></div></div></div></div><div class="mb-1" id="job_list___sub_accordion_25"><div class="card"><a data-toggle="collapse" data-target="#job_list___sub_collapse_25_1" aria-expanded="false" aria-controls="job_list___sub_collapse_25_1" href="#" class="job_list___sub_multi_heading"><div role="alert" class="card-header alert-danger" id="job_list___sub_heading_25_1"><button class="btn btn-outline-danger"><span class="job_id">25 : Job ID b0c623ad4ee545c090591e72ca115264</span></button></div></a><div aria-labelledby="job_list___sub_heading_25_1" data-parent="#job_list___sub_accordion_25" class="collapse job_list___sub_multi_collapse" id="job_list___sub_collapse_25_1"><div class="card-body"><div class="work-item"><div class="alert alert-danger test-outcome" role="alert"><p>SURVIVED</p><p>worker outcome: normal</p><p>test outcome: survived</p></div></div><pre class="location"><a href="pycharm://open?file=stack3.py&amp;line=140" class="text-secondary"><button class="btn btn-outline-dark">stack3.py, start pos: (140, 12), end pos: (140, 14)</button></a></pre><pre>operator: core/ReplaceComparisonOperator_Eq_GtE, occurrence: 4</pre><div class="alert alert-secondary"><pre class="diff">--- mutation diff ---
--- astack3.py
+++ bstack3.py
@@ -137,6 +137,6 @@
         return str(self.__stack.toArray()[::-1])
 
 
-if __name__ == "__main__":
+if __name__ &gt;= "__main__":
     pass
 </pre></div><div class="alert alert-secondary"><pre class="diff">============================= test session starts ==============================
platform linux -- Python 3.10.10, pytest-7.2.1, pluggy-1.0.0
rootdir: /home/auri/temp/lucca/python_experiments/stack3
collected 17 items

MOSA/test_stack3_MOSA.py .................                               [100%]

============================== 17 passed in 0.33s ==============================
</pre></div></div></div></div></div><div class="mb-1" id="job_list___sub_accordion_26"><div class="card"><a data-toggle="collapse" data-target="#job_list___sub_collapse_26_1" aria-expanded="false" aria-controls="job_list___sub_collapse_26_1" href="#" class="job_list___sub_multi_heading"><div role="alert" class="card-header alert-danger" id="job_list___sub_heading_26_1"><button class="btn btn-outline-danger"><span class="job_id">26 : Job ID e1c408ecebb242fa96a779c2141f1fe1</span></button></div></a><div aria-labelledby="job_list___sub_heading_26_1" data-parent="#job_list___sub_accordion_26" class="collapse job_list___sub_multi_collapse" id="job_list___sub_collapse_26_1"><div class="card-body"><div class="work-item"><div class="alert alert-danger test-outcome" role="alert"><p>SURVIVED</p><p>worker outcome: normal</p><p>test outcome: survived</p></div></div><pre class="location"><a href="pycharm://open?file=stack3.py&amp;line=140" class="text-secondary"><button class="btn btn-outline-dark">stack3.py, start pos: (140, 12), end pos: (140, 14)</button></a></pre><pre>operator: core/ReplaceComparisonOperator_Eq_Is, occurrence: 0</pre><div class="alert alert-secondary"><pre class="diff">--- mutation diff ---
--- astack3.py
+++ bstack3.py
@@ -137,6 +137,6 @@
         return str(self.__stack.toArray()[::-1])
 
 
-if __name__ == "__main__":
+if __name__ is "__main__":
     pass
 </pre></div><div class="alert alert-secondary"><pre class="diff">============================= test session starts ==============================
platform linux -- Python 3.10.10, pytest-7.2.1, pluggy-1.0.0
rootdir: /home/auri/temp/lucca/python_experiments/stack3
collected 17 items

MOSA/test_stack3_MOSA.py .................                               [100%]

=============================== warnings summary ===============================
stack3.py:140
  /home/auri/temp/lucca/python_experiments/stack3/stack3.py:140: SyntaxWarning: "is" with a literal. Did you mean "=="?
    if __name__ is "__main__":

-- Docs: https://docs.pytest.org/en/stable/how-to/capture-warnings.html
======================== 17 passed, 1 warning in 0.19s =========================
</pre></div></div></div></div></div><div class="mb-1" id="job_list___sub_accordion_27"><div class="card"><a data-toggle="collapse" data-target="#job_list___sub_collapse_27_1" aria-expanded="false" aria-controls="job_list___sub_collapse_27_1" href="#" class="job_list___sub_multi_heading"><div role="alert" class="card-header alert-danger" id="job_list___sub_heading_27_1"><button class="btn btn-outline-danger"><span class="job_id">27 : Job ID 3573629512ae4e55b95303b34d4fdce3</span></button></div></a><div aria-labelledby="job_list___sub_heading_27_1" data-parent="#job_list___sub_accordion_27" class="collapse job_list___sub_multi_collapse" id="job_list___sub_collapse_27_1"><div class="card-body"><div class="work-item"><div class="alert alert-danger test-outcome" role="alert"><p>SURVIVED</p><p>worker outcome: normal</p><p>test outcome: survived</p></div></div><pre class="location"><a href="pycharm://open?file=stack3.py&amp;line=140" class="text-secondary"><button class="btn btn-outline-dark">stack3.py, start pos: (140, 12), end pos: (140, 14)</button></a></pre><pre>operator: core/ReplaceComparisonOperator_Eq_IsNot, occurrence: 0</pre><div class="alert alert-secondary"><pre class="diff">--- mutation diff ---
--- astack3.py
+++ bstack3.py
@@ -137,6 +137,6 @@
         return str(self.__stack.toArray()[::-1])
 
 
-if __name__ == "__main__":
+if __name__ is not "__main__":
     pass
 </pre></div><div class="alert alert-secondary"><pre class="diff">============================= test session starts ==============================
platform linux -- Python 3.10.10, pytest-7.2.1, pluggy-1.0.0
rootdir: /home/auri/temp/lucca/python_experiments/stack3
collected 17 items

MOSA/test_stack3_MOSA.py .................                               [100%]

=============================== warnings summary ===============================
stack3.py:140
  /home/auri/temp/lucca/python_experiments/stack3/stack3.py:140: SyntaxWarning: "is not" with a literal. Did you mean "!="?
    if __name__ is not "__main__":

-- Docs: https://docs.pytest.org/en/stable/how-to/capture-warnings.html
======================== 17 passed, 1 warning in 0.14s =========================
</pre></div></div></div></div></div><div class="mb-1" id="job_list___sub_accordion_28"><div class="card"><a data-toggle="collapse" data-target="#job_list___sub_collapse_28_1" aria-expanded="false" aria-controls="job_list___sub_collapse_28_1" href="#" class="job_list___sub_multi_heading"><div role="alert" class="card-header alert-danger" id="job_list___sub_heading_28_1"><button class="btn btn-outline-danger"><span class="job_id">28 : Job ID 0150d8dc317c45d79c0d82aa7bc2a477</span></button></div></a><div aria-labelledby="job_list___sub_heading_28_1" data-parent="#job_list___sub_accordion_28" class="collapse job_list___sub_multi_collapse" id="job_list___sub_collapse_28_1"><div class="card-body"><div class="work-item"><div class="alert alert-danger test-outcome" role="alert"><p>SURVIVED</p><p>worker outcome: normal</p><p>test outcome: survived</p></div></div><pre class="location"><a href="pycharm://open?file=stack3.py&amp;line=40" class="text-secondary"><button class="btn btn-outline-dark">stack3.py, start pos: (40, 23), end pos: (40, 25)</button></a></pre><pre>operator: core/ReplaceComparisonOperator_GtE_Eq, occurrence: 0</pre><div class="alert alert-secondary"><pre class="diff">--- mutation diff ---
--- astack3.py
+++ bstack3.py
@@ -37,7 +37,7 @@
 
         if self.__size == 0:
             return None
-        if self.__size &gt;= 1:
+        if self.__size == 1:
             nodeToRemove = self.__head
             self.__sentinel.next = None
             self.__head = self.__sentinel</pre></div><div class="alert alert-secondary"><pre class="diff">============================= test session starts ==============================
platform linux -- Python 3.10.10, pytest-7.2.1, pluggy-1.0.0
rootdir: /home/auri/temp/lucca/python_experiments/stack3
collected 17 items

MOSA/test_stack3_MOSA.py .................                               [100%]

============================== 17 passed in 0.14s ==============================
</pre></div></div></div></div></div><div class="mb-1" id="job_list___sub_accordion_29"><div class="card"><a data-toggle="collapse" data-target="#job_list___sub_collapse_29_1" aria-expanded="false" aria-controls="job_list___sub_collapse_29_1" href="#" class="job_list___sub_multi_heading"><div role="alert" class="card-header alert-success" id="job_list___sub_heading_29_1"><button class="btn btn-outline-success"><span class="job_id">29 : Job ID 52ed655dd0e94dc8a89eba7814d110f0</span></button></div></a><div aria-labelledby="job_list___sub_heading_29_1" data-parent="#job_list___sub_accordion_29" class="collapse job_list___sub_multi_collapse" id="job_list___sub_collapse_29_1"><div class="card-body"><div class="work-item"><div class="alert alert-success test-outcome" role="alert"><p>worker outcome: normal</p><p>test outcome: killed</p></div></div><pre class="location"><a href="pycharm://open?file=stack3.py&amp;line=40" class="text-secondary"><button class="btn btn-outline-dark">stack3.py, start pos: (40, 23), end pos: (40, 25)</button></a></pre><pre>operator: core/ReplaceComparisonOperator_GtE_NotEq, occurrence: 0</pre><div class="alert alert-secondary"><pre class="diff">--- mutation diff ---
--- astack3.py
+++ bstack3.py
@@ -37,7 +37,7 @@
 
         if self.__size == 0:
             return None
-        if self.__size &gt;= 1:
+        if self.__size != 1:
             nodeToRemove = self.__head
             self.__sentinel.next = None
             self.__head = self.__sentinel</pre></div><div class="alert alert-secondary"><pre class="diff">============================= test session starts ==============================
platform linux -- Python 3.10.10, pytest-7.2.1, pluggy-1.0.0
rootdir: /home/auri/temp/lucca/python_experiments/stack3
collected 17 items

MOSA/test_stack3_MOSA.py .........F...F...                               [100%]

=================================== FAILURES ===================================
_________________________________ test_case_9 __________________________________

    def test_case_9():
        singly_linked_list_0 = module_0.SinglyLinkedList()
        none_type_0 = singly_linked_list_0.add(singly_linked_list_0)
        str_0 = singly_linked_list_0.__str__()
        var_0 = singly_linked_list_0.remove()
        assert f'{type(var_0).__module__}.{type(var_0).__qualname__}' == 'stack3.Node'
        assert f'{type(var_0.value).__module__}.{type(var_0.value).__qualname__}' == 'stack3.SinglyLinkedList'
        assert var_0.next is None
        node_0 = singly_linked_list_0.getHeadNode()
&gt;       assert f'{type(node_0).__module__}.{type(node_0).__qualname__}' == 'stack3.Node'
E       AssertionError: assert 'builtins.NoneType' == 'stack3.Node'
E         - stack3.Node
E         + builtins.NoneType

MOSA/test_stack3_MOSA.py:77: AssertionError
_________________________________ test_case_13 _________________________________

    def test_case_13():
        stack_0 = module_0.Stack()
        none_type_0 = stack_0.push(stack_0)
        var_0 = stack_0.peek()
        bool_0 = var_0.isEmpty()
        assert bool_0 is False
        stack_1 = module_0.Stack()
        var_1 = stack_0.pop()
        assert f'{type(var_1).__module__}.{type(var_1).__qualname__}' == 'stack3.Node'
        assert f'{type(var_1.value).__module__}.{type(var_1.value).__qualname__}' == 'stack3.Stack'
        assert var_1.next is None
&gt;       var_2 = stack_0.peek()

MOSA/test_stack3_MOSA.py:114: 
_ _ _ _ _ _ _ _ _ _ _ _ _ _ _ _ _ _ _ _ _ _ _ _ _ _ _ _ _ _ _ _ _ _ _ _ _ _ _ _ 
stack3.py:119: in peek
    return self.__stack.getHead()
_ _ _ _ _ _ _ _ _ _ _ _ _ _ _ _ _ _ _ _ _ _ _ _ _ _ _ _ _ _ _ _ _ _ _ _ _ _ _ _ 

self = &lt;stack3.SinglyLinkedList object at 0x7f45810b3970&gt;

    def getHead(self) -&gt; T:
    
        """Get value of the linkedlist head node."""
    
&gt;       return self.__head.value
E       AttributeError: 'NoneType' object has no attribute 'value'

stack3.py:57: AttributeError
=========================== short test summary info ============================
FAILED MOSA/test_stack3_MOSA.py::test_case_9 - AssertionError: assert 'builti...
FAILED MOSA/test_stack3_MOSA.py::test_case_13 - AttributeError: 'NoneType' ob...
========================= 2 failed, 15 passed in 0.38s =========================
</pre></div></div></div></div></div><div class="mb-1" id="job_list___sub_accordion_30"><div class="card"><a data-toggle="collapse" data-target="#job_list___sub_collapse_30_1" aria-expanded="false" aria-controls="job_list___sub_collapse_30_1" href="#" class="job_list___sub_multi_heading"><div role="alert" class="card-header alert-success" id="job_list___sub_heading_30_1"><button class="btn btn-outline-success"><span class="job_id">30 : Job ID ab3b6e8c8c064d919b0d777adfa3f20e</span></button></div></a><div aria-labelledby="job_list___sub_heading_30_1" data-parent="#job_list___sub_accordion_30" class="collapse job_list___sub_multi_collapse" id="job_list___sub_collapse_30_1"><div class="card-body"><div class="work-item"><div class="alert alert-success test-outcome" role="alert"><p>worker outcome: normal</p><p>test outcome: killed</p></div></div><pre class="location"><a href="pycharm://open?file=stack3.py&amp;line=40" class="text-secondary"><button class="btn btn-outline-dark">stack3.py, start pos: (40, 23), end pos: (40, 25)</button></a></pre><pre>operator: core/ReplaceComparisonOperator_GtE_Lt, occurrence: 0</pre><div class="alert alert-secondary"><pre class="diff">--- mutation diff ---
--- astack3.py
+++ bstack3.py
@@ -37,7 +37,7 @@
 
         if self.__size == 0:
             return None
-        if self.__size &gt;= 1:
+        if self.__size &lt; 1:
             nodeToRemove = self.__head
             self.__sentinel.next = None
             self.__head = self.__sentinel</pre></div><div class="alert alert-secondary"><pre class="diff">============================= test session starts ==============================
platform linux -- Python 3.10.10, pytest-7.2.1, pluggy-1.0.0
rootdir: /home/auri/temp/lucca/python_experiments/stack3
collected 17 items

MOSA/test_stack3_MOSA.py .........F...F...                               [100%]

=================================== FAILURES ===================================
_________________________________ test_case_9 __________________________________

    def test_case_9():
        singly_linked_list_0 = module_0.SinglyLinkedList()
        none_type_0 = singly_linked_list_0.add(singly_linked_list_0)
        str_0 = singly_linked_list_0.__str__()
        var_0 = singly_linked_list_0.remove()
        assert f'{type(var_0).__module__}.{type(var_0).__qualname__}' == 'stack3.Node'
        assert f'{type(var_0.value).__module__}.{type(var_0.value).__qualname__}' == 'stack3.SinglyLinkedList'
        assert var_0.next is None
        node_0 = singly_linked_list_0.getHeadNode()
&gt;       assert f'{type(node_0).__module__}.{type(node_0).__qualname__}' == 'stack3.Node'
E       AssertionError: assert 'builtins.NoneType' == 'stack3.Node'
E         - stack3.Node
E         + builtins.NoneType

MOSA/test_stack3_MOSA.py:77: AssertionError
_________________________________ test_case_13 _________________________________

    def test_case_13():
        stack_0 = module_0.Stack()
        none_type_0 = stack_0.push(stack_0)
        var_0 = stack_0.peek()
        bool_0 = var_0.isEmpty()
        assert bool_0 is False
        stack_1 = module_0.Stack()
        var_1 = stack_0.pop()
        assert f'{type(var_1).__module__}.{type(var_1).__qualname__}' == 'stack3.Node'
        assert f'{type(var_1.value).__module__}.{type(var_1.value).__qualname__}' == 'stack3.Stack'
        assert var_1.next is None
&gt;       var_2 = stack_0.peek()

MOSA/test_stack3_MOSA.py:114: 
_ _ _ _ _ _ _ _ _ _ _ _ _ _ _ _ _ _ _ _ _ _ _ _ _ _ _ _ _ _ _ _ _ _ _ _ _ _ _ _ 
stack3.py:119: in peek
    return self.__stack.getHead()
_ _ _ _ _ _ _ _ _ _ _ _ _ _ _ _ _ _ _ _ _ _ _ _ _ _ _ _ _ _ _ _ _ _ _ _ _ _ _ _ 

self = &lt;stack3.SinglyLinkedList object at 0x7f90cb103970&gt;

    def getHead(self) -&gt; T:
    
        """Get value of the linkedlist head node."""
    
&gt;       return self.__head.value
E       AttributeError: 'NoneType' object has no attribute 'value'

stack3.py:57: AttributeError
=========================== short test summary info ============================
FAILED MOSA/test_stack3_MOSA.py::test_case_9 - AssertionError: assert 'builti...
FAILED MOSA/test_stack3_MOSA.py::test_case_13 - AttributeError: 'NoneType' ob...
========================= 2 failed, 15 passed in 0.17s =========================
</pre></div></div></div></div></div><div class="mb-1" id="job_list___sub_accordion_31"><div class="card"><a data-toggle="collapse" data-target="#job_list___sub_collapse_31_1" aria-expanded="false" aria-controls="job_list___sub_collapse_31_1" href="#" class="job_list___sub_multi_heading"><div role="alert" class="card-header alert-danger" id="job_list___sub_heading_31_1"><button class="btn btn-outline-danger"><span class="job_id">31 : Job ID 390a4a0a99c444e5ab5299bc25607f12</span></button></div></a><div aria-labelledby="job_list___sub_heading_31_1" data-parent="#job_list___sub_accordion_31" class="collapse job_list___sub_multi_collapse" id="job_list___sub_collapse_31_1"><div class="card-body"><div class="work-item"><div class="alert alert-danger test-outcome" role="alert"><p>SURVIVED</p><p>worker outcome: normal</p><p>test outcome: survived</p></div></div><pre class="location"><a href="pycharm://open?file=stack3.py&amp;line=40" class="text-secondary"><button class="btn btn-outline-dark">stack3.py, start pos: (40, 23), end pos: (40, 25)</button></a></pre><pre>operator: core/ReplaceComparisonOperator_GtE_LtE, occurrence: 0</pre><div class="alert alert-secondary"><pre class="diff">--- mutation diff ---
--- astack3.py
+++ bstack3.py
@@ -37,7 +37,7 @@
 
         if self.__size == 0:
             return None
-        if self.__size &gt;= 1:
+        if self.__size &lt;= 1:
             nodeToRemove = self.__head
             self.__sentinel.next = None
             self.__head = self.__sentinel</pre></div><div class="alert alert-secondary"><pre class="diff">============================= test session starts ==============================
platform linux -- Python 3.10.10, pytest-7.2.1, pluggy-1.0.0
rootdir: /home/auri/temp/lucca/python_experiments/stack3
collected 17 items

MOSA/test_stack3_MOSA.py .................                               [100%]

============================== 17 passed in 0.12s ==============================
</pre></div></div></div></div></div><div class="mb-1" id="job_list___sub_accordion_32"><div class="card"><a data-toggle="collapse" data-target="#job_list___sub_collapse_32_1" aria-expanded="false" aria-controls="job_list___sub_collapse_32_1" href="#" class="job_list___sub_multi_heading"><div role="alert" class="card-header alert-success" id="job_list___sub_heading_32_1"><button class="btn btn-outline-success"><span class="job_id">32 : Job ID bc51287255a247f682e2221eec63d415</span></button></div></a><div aria-labelledby="job_list___sub_heading_32_1" data-parent="#job_list___sub_accordion_32" class="collapse job_list___sub_multi_collapse" id="job_list___sub_collapse_32_1"><div class="card-body"><div class="work-item"><div class="alert alert-success test-outcome" role="alert"><p>worker outcome: normal</p><p>test outcome: killed</p></div></div><pre class="location"><a href="pycharm://open?file=stack3.py&amp;line=40" class="text-secondary"><button class="btn btn-outline-dark">stack3.py, start pos: (40, 23), end pos: (40, 25)</button></a></pre><pre>operator: core/ReplaceComparisonOperator_GtE_Gt, occurrence: 0</pre><div class="alert alert-secondary"><pre class="diff">--- mutation diff ---
--- astack3.py
+++ bstack3.py
@@ -37,7 +37,7 @@
 
         if self.__size == 0:
             return None
-        if self.__size &gt;= 1:
+        if self.__size &gt; 1:
             nodeToRemove = self.__head
             self.__sentinel.next = None
             self.__head = self.__sentinel</pre></div><div class="alert alert-secondary"><pre class="diff">============================= test session starts ==============================
platform linux -- Python 3.10.10, pytest-7.2.1, pluggy-1.0.0
rootdir: /home/auri/temp/lucca/python_experiments/stack3
collected 17 items

MOSA/test_stack3_MOSA.py .........F...F...                               [100%]

=================================== FAILURES ===================================
_________________________________ test_case_9 __________________________________

    def test_case_9():
        singly_linked_list_0 = module_0.SinglyLinkedList()
        none_type_0 = singly_linked_list_0.add(singly_linked_list_0)
        str_0 = singly_linked_list_0.__str__()
        var_0 = singly_linked_list_0.remove()
        assert f'{type(var_0).__module__}.{type(var_0).__qualname__}' == 'stack3.Node'
        assert f'{type(var_0.value).__module__}.{type(var_0.value).__qualname__}' == 'stack3.SinglyLinkedList'
        assert var_0.next is None
        node_0 = singly_linked_list_0.getHeadNode()
&gt;       assert f'{type(node_0).__module__}.{type(node_0).__qualname__}' == 'stack3.Node'
E       AssertionError: assert 'builtins.NoneType' == 'stack3.Node'
E         - stack3.Node
E         + builtins.NoneType

MOSA/test_stack3_MOSA.py:77: AssertionError
_________________________________ test_case_13 _________________________________

    def test_case_13():
        stack_0 = module_0.Stack()
        none_type_0 = stack_0.push(stack_0)
        var_0 = stack_0.peek()
        bool_0 = var_0.isEmpty()
        assert bool_0 is False
        stack_1 = module_0.Stack()
        var_1 = stack_0.pop()
        assert f'{type(var_1).__module__}.{type(var_1).__qualname__}' == 'stack3.Node'
        assert f'{type(var_1.value).__module__}.{type(var_1.value).__qualname__}' == 'stack3.Stack'
        assert var_1.next is None
&gt;       var_2 = stack_0.peek()

MOSA/test_stack3_MOSA.py:114: 
_ _ _ _ _ _ _ _ _ _ _ _ _ _ _ _ _ _ _ _ _ _ _ _ _ _ _ _ _ _ _ _ _ _ _ _ _ _ _ _ 
stack3.py:119: in peek
    return self.__stack.getHead()
_ _ _ _ _ _ _ _ _ _ _ _ _ _ _ _ _ _ _ _ _ _ _ _ _ _ _ _ _ _ _ _ _ _ _ _ _ _ _ _ 

self = &lt;stack3.SinglyLinkedList object at 0x7f6df23e3970&gt;

    def getHead(self) -&gt; T:
    
        """Get value of the linkedlist head node."""
    
&gt;       return self.__head.value
E       AttributeError: 'NoneType' object has no attribute 'value'

stack3.py:57: AttributeError
=========================== short test summary info ============================
FAILED MOSA/test_stack3_MOSA.py::test_case_9 - AssertionError: assert 'builti...
FAILED MOSA/test_stack3_MOSA.py::test_case_13 - AttributeError: 'NoneType' ob...
========================= 2 failed, 15 passed in 0.34s =========================
</pre></div></div></div></div></div><div class="mb-1" id="job_list___sub_accordion_33"><div class="card"><a data-toggle="collapse" data-target="#job_list___sub_collapse_33_1" aria-expanded="false" aria-controls="job_list___sub_collapse_33_1" href="#" class="job_list___sub_multi_heading"><div role="alert" class="card-header alert-danger" id="job_list___sub_heading_33_1"><button class="btn btn-outline-danger"><span class="job_id">33 : Job ID 3e9d6eee151b4ce68c601f134a70c0ea</span></button></div></a><div aria-labelledby="job_list___sub_heading_33_1" data-parent="#job_list___sub_accordion_33" class="collapse job_list___sub_multi_collapse" id="job_list___sub_collapse_33_1"><div class="card-body"><div class="work-item"><div class="alert alert-danger test-outcome" role="alert"><p>SURVIVED</p><p>worker outcome: normal</p><p>test outcome: survived</p></div></div><pre class="location"><a href="pycharm://open?file=stack3.py&amp;line=137" class="text-secondary"><button class="btn btn-outline-dark">stack3.py, start pos: (137, 44), end pos: (137, 45)</button></a></pre><pre>operator: core/ReplaceUnaryOperator_USub_UAdd, occurrence: 0</pre><div class="alert alert-secondary"><pre class="diff">--- mutation diff ---
--- astack3.py
+++ bstack3.py
@@ -134,7 +134,7 @@
 
         """Get string representation of the stack."""
 
-        return str(self.__stack.toArray()[::-1])
+        return str(self.__stack.toArray()[::+1])
 
 
 if __name__ == "__main__":</pre></div><div class="alert alert-secondary"><pre class="diff">============================= test session starts ==============================
platform linux -- Python 3.10.10, pytest-7.2.1, pluggy-1.0.0
rootdir: /home/auri/temp/lucca/python_experiments/stack3
collected 17 items

MOSA/test_stack3_MOSA.py .................                               [100%]

============================== 17 passed in 0.19s ==============================
</pre></div></div></div></div></div><div class="mb-1" id="job_list___sub_accordion_34"><div class="card"><a data-toggle="collapse" data-target="#job_list___sub_collapse_34_1" aria-expanded="false" aria-controls="job_list___sub_collapse_34_1" href="#" class="job_list___sub_multi_heading"><div role="alert" class="card-header alert-danger" id="job_list___sub_heading_34_1"><button class="btn btn-outline-danger"><span class="job_id">34 : Job ID 8764504c03084abc83fcff936a2666e7</span></button></div></a><div aria-labelledby="job_list___sub_heading_34_1" data-parent="#job_list___sub_accordion_34" class="collapse job_list___sub_multi_collapse" id="job_list___sub_collapse_34_1"><div class="card-body"><div class="work-item"><div class="alert alert-danger test-outcome" role="alert"><p>SURVIVED</p><p>worker outcome: normal</p><p>test outcome: survived</p></div></div><pre class="location"><a href="pycharm://open?file=stack3.py&amp;line=137" class="text-secondary"><button class="btn btn-outline-dark">stack3.py, start pos: (137, 44), end pos: (137, 45)</button></a></pre><pre>operator: core/ReplaceUnaryOperator_USub_Invert, occurrence: 0</pre><div class="alert alert-secondary"><pre class="diff">--- mutation diff ---
--- astack3.py
+++ bstack3.py
@@ -134,7 +134,7 @@
 
         """Get string representation of the stack."""
 
-        return str(self.__stack.toArray()[::-1])
+        return str(self.__stack.toArray()[::~1])
 
 
 if __name__ == "__main__":</pre></div><div class="alert alert-secondary"><pre class="diff">============================= test session starts ==============================
platform linux -- Python 3.10.10, pytest-7.2.1, pluggy-1.0.0
rootdir: /home/auri/temp/lucca/python_experiments/stack3
collected 17 items

MOSA/test_stack3_MOSA.py .................                               [100%]

============================== 17 passed in 0.15s ==============================
</pre></div></div></div></div></div><div class="mb-1" id="job_list___sub_accordion_35"><div class="card"><a data-toggle="collapse" data-target="#job_list___sub_collapse_35_1" aria-expanded="false" aria-controls="job_list___sub_collapse_35_1" href="#" class="job_list___sub_multi_heading"><div role="alert" class="card-header alert-success" id="job_list___sub_heading_35_1"><button class="btn btn-outline-success"><span class="job_id">35 : Job ID 91763397804641e3af463db2d42317f6</span></button></div></a><div aria-labelledby="job_list___sub_heading_35_1" data-parent="#job_list___sub_accordion_35" class="collapse job_list___sub_multi_collapse" id="job_list___sub_collapse_35_1"><div class="card-body"><div class="work-item"><div class="alert alert-success test-outcome" role="alert"><p>worker outcome: normal</p><p>test outcome: killed</p></div></div><pre class="location"><a href="pycharm://open?file=stack3.py&amp;line=137" class="text-secondary"><button class="btn btn-outline-dark">stack3.py, start pos: (137, 44), end pos: (137, 45)</button></a></pre><pre>operator: core/ReplaceUnaryOperator_USub_Not, occurrence: 0</pre><div class="alert alert-secondary"><pre class="diff">--- mutation diff ---
--- astack3.py
+++ bstack3.py
@@ -134,7 +134,7 @@
 
         """Get string representation of the stack."""
 
-        return str(self.__stack.toArray()[::-1])
+        return str(self.__stack.toArray()[::not 1])
 
 
 if __name__ == "__main__":</pre></div><div class="alert alert-secondary"><pre class="diff">============================= test session starts ==============================
platform linux -- Python 3.10.10, pytest-7.2.1, pluggy-1.0.0
rootdir: /home/auri/temp/lucca/python_experiments/stack3
collected 17 items

MOSA/test_stack3_MOSA.py .....F......F....                               [100%]

=================================== FAILURES ===================================
_________________________________ test_case_5 __________________________________

    def test_case_5():
        stack_0 = module_0.Stack()
&gt;       str_0 = stack_0.__str__()

MOSA/test_stack3_MOSA.py:48: 
_ _ _ _ _ _ _ _ _ _ _ _ _ _ _ _ _ _ _ _ _ _ _ _ _ _ _ _ _ _ _ _ _ _ _ _ _ _ _ _ 

self = &lt;stack3.Stack object at 0x7efed168ef50&gt;

    def __str__(self) -&gt; str:
    
        """Get string representation of the stack."""
    
&gt;       return str(self.__stack.toArray()[::not 1])
E       ValueError: slice step cannot be zero

stack3.py:137: ValueError
_________________________________ test_case_12 _________________________________

    def test_case_12():
        stack_0 = module_0.Stack()
&gt;       str_0 = stack_0.__str__()

MOSA/test_stack3_MOSA.py:98: 
_ _ _ _ _ _ _ _ _ _ _ _ _ _ _ _ _ _ _ _ _ _ _ _ _ _ _ _ _ _ _ _ _ _ _ _ _ _ _ _ 

self = &lt;stack3.Stack object at 0x7efed14f47c0&gt;

    def __str__(self) -&gt; str:
    
        """Get string representation of the stack."""
    
&gt;       return str(self.__stack.toArray()[::not 1])
E       ValueError: slice step cannot be zero

stack3.py:137: ValueError
=========================== short test summary info ============================
FAILED MOSA/test_stack3_MOSA.py::test_case_5 - ValueError: slice step cannot ...
FAILED MOSA/test_stack3_MOSA.py::test_case_12 - ValueError: slice step cannot...
========================= 2 failed, 15 passed in 0.44s =========================
</pre></div></div></div></div></div><div class="mb-1" id="job_list___sub_accordion_36"><div class="card"><a data-toggle="collapse" data-target="#job_list___sub_collapse_36_1" aria-expanded="false" aria-controls="job_list___sub_collapse_36_1" href="#" class="job_list___sub_multi_heading"><div role="alert" class="card-header alert-danger" id="job_list___sub_heading_36_1"><button class="btn btn-outline-danger"><span class="job_id">36 : Job ID 4c8994635ed545b7b0b7c0ab92f334a2</span></button></div></a><div aria-labelledby="job_list___sub_heading_36_1" data-parent="#job_list___sub_accordion_36" class="collapse job_list___sub_multi_collapse" id="job_list___sub_collapse_36_1"><div class="card-body"><div class="work-item"><div class="alert alert-danger test-outcome" role="alert"><p>SURVIVED</p><p>worker outcome: normal</p><p>test outcome: survived</p></div></div><pre class="location"><a href="pycharm://open?file=stack3.py&amp;line=137" class="text-secondary"><button class="btn btn-outline-dark">stack3.py, start pos: (137, 44), end pos: (137, 45)</button></a></pre><pre>operator: core/ReplaceUnaryOperator_Delete_USub, occurrence: 0</pre><div class="alert alert-secondary"><pre class="diff">--- mutation diff ---
--- astack3.py
+++ bstack3.py
@@ -134,7 +134,7 @@
 
         """Get string representation of the stack."""
 
-        return str(self.__stack.toArray()[::-1])
+        return str(self.__stack.toArray()[::1])
 
 
 if __name__ == "__main__":</pre></div><div class="alert alert-secondary"><pre class="diff">============================= test session starts ==============================
platform linux -- Python 3.10.10, pytest-7.2.1, pluggy-1.0.0
rootdir: /home/auri/temp/lucca/python_experiments/stack3
collected 17 items

MOSA/test_stack3_MOSA.py .................                               [100%]

============================== 17 passed in 0.26s ==============================
</pre></div></div></div></div></div><div class="mb-1" id="job_list___sub_accordion_37"><div class="card"><a data-toggle="collapse" data-target="#job_list___sub_collapse_37_1" aria-expanded="false" aria-controls="job_list___sub_collapse_37_1" href="#" class="job_list___sub_multi_heading"><div role="alert" class="card-header alert-success" id="job_list___sub_heading_37_1"><button class="btn btn-outline-success"><span class="job_id">37 : Job ID 2b658fe9a6af4f0e893c2d2f3fb9bdc1</span></button></div></a><div aria-labelledby="job_list___sub_heading_37_1" data-parent="#job_list___sub_accordion_37" class="collapse job_list___sub_multi_collapse" id="job_list___sub_collapse_37_1"><div class="card-body"><div class="work-item"><div class="alert alert-success test-outcome" role="alert"><p>worker outcome: normal</p><p>test outcome: killed</p></div></div><pre class="location"><a href="pycharm://open?file=stack3.py&amp;line=24" class="text-secondary"><button class="btn btn-outline-dark">stack3.py, start pos: (24, 11), end pos: (24, 27)</button></a></pre><pre>operator: core/AddNot, occurrence: 0</pre><div class="alert alert-secondary"><pre class="diff">--- mutation diff ---
--- astack3.py
+++ bstack3.py
@@ -21,7 +21,7 @@
         """Add element to linked list."""
 
         newNode = Node(value)
-        if self.__size == 0:
+        if not self.__size == 0:
             self.__head.next = newNode
             self.__head = newNode
             self.__size += 1</pre></div><div class="alert alert-secondary"><pre class="diff">timeout</pre></div></div></div></div></div><div class="mb-1" id="job_list___sub_accordion_38"><div class="card"><a data-toggle="collapse" data-target="#job_list___sub_collapse_38_1" aria-expanded="false" aria-controls="job_list___sub_collapse_38_1" href="#" class="job_list___sub_multi_heading"><div role="alert" class="card-header alert-success" id="job_list___sub_heading_38_1"><button class="btn btn-outline-success"><span class="job_id">38 : Job ID 719673644bef46ab81416894e62b626b</span></button></div></a><div aria-labelledby="job_list___sub_heading_38_1" data-parent="#job_list___sub_accordion_38" class="collapse job_list___sub_multi_collapse" id="job_list___sub_collapse_38_1"><div class="card-body"><div class="work-item"><div class="alert alert-success test-outcome" role="alert"><p>worker outcome: normal</p><p>test outcome: killed</p></div></div><pre class="location"><a href="pycharm://open?file=stack3.py&amp;line=38" class="text-secondary"><button class="btn btn-outline-dark">stack3.py, start pos: (38, 11), end pos: (38, 27)</button></a></pre><pre>operator: core/AddNot, occurrence: 1</pre><div class="alert alert-secondary"><pre class="diff">--- mutation diff ---
--- astack3.py
+++ bstack3.py
@@ -35,7 +35,7 @@
 
         """Remove node from linkedlist."""
 
-        if self.__size == 0:
+        if not self.__size == 0:
             return None
         if self.__size &gt;= 1:
             nodeToRemove = self.__head</pre></div><div class="alert alert-secondary"><pre class="diff">============================= test session starts ==============================
platform linux -- Python 3.10.10, pytest-7.2.1, pluggy-1.0.0
rootdir: /home/auri/temp/lucca/python_experiments/stack3
collected 17 items

MOSA/test_stack3_MOSA.py .F..F....FF..F.FF                               [100%]

=================================== FAILURES ===================================
_________________________________ test_case_1 __________________________________

    def test_case_1():
        singly_linked_list_0 = module_0.SinglyLinkedList()
        none_type_0 = singly_linked_list_0.add(singly_linked_list_0)
        var_0 = singly_linked_list_0.remove()
&gt;       assert f'{type(var_0).__module__}.{type(var_0).__qualname__}' == 'stack3.Node'
E       AssertionError: assert 'builtins.NoneType' == 'stack3.Node'
E         - stack3.Node
E         + builtins.NoneType

MOSA/test_stack3_MOSA.py:12: AssertionError
_________________________________ test_case_4 __________________________________

    def test_case_4():
        singly_linked_list_0 = module_0.SinglyLinkedList()
        node_0 = singly_linked_list_0.getHeadNode()
        int_0 = singly_linked_list_0.getSize()
        list_0 = singly_linked_list_0.toArray()
        none_type_0 = singly_linked_list_0.add(list_0)
        bool_0 = singly_linked_list_0.isEmpty()
        assert bool_0 is False
        var_0 = singly_linked_list_0.remove()
&gt;       assert node_0.next is None
E       assert &lt;stack3.Node object at 0x7f21320d3be0&gt; is None
E        +  where &lt;stack3.Node object at 0x7f21320d3be0&gt; = &lt;stack3.Node object at 0x7f21320d3a90&gt;.next

MOSA/test_stack3_MOSA.py:37: AssertionError
_________________________________ test_case_9 __________________________________

    def test_case_9():
        singly_linked_list_0 = module_0.SinglyLinkedList()
        none_type_0 = singly_linked_list_0.add(singly_linked_list_0)
        str_0 = singly_linked_list_0.__str__()
        var_0 = singly_linked_list_0.remove()
&gt;       assert f'{type(var_0).__module__}.{type(var_0).__qualname__}' == 'stack3.Node'
E       AssertionError: assert 'builtins.NoneType' == 'stack3.Node'
E         - stack3.Node
E         + builtins.NoneType

MOSA/test_stack3_MOSA.py:73: AssertionError
_________________________________ test_case_10 _________________________________

    def test_case_10():
        singly_linked_list_0 = module_0.SinglyLinkedList()
        stack_0 = module_0.Stack()
        bool_0 = False
        none_type_0 = singly_linked_list_0.add(bool_0)
        none_type_1 = stack_0.push(singly_linked_list_0)
        var_0 = singly_linked_list_0.remove()
&gt;       assert f'{type(var_0).__module__}.{type(var_0).__qualname__}' == 'stack3.Node'
E       AssertionError: assert 'builtins.NoneType' == 'stack3.Node'
E         - stack3.Node
E         + builtins.NoneType

MOSA/test_stack3_MOSA.py:88: AssertionError
_________________________________ test_case_13 _________________________________

    def test_case_13():
        stack_0 = module_0.Stack()
        none_type_0 = stack_0.push(stack_0)
        var_0 = stack_0.peek()
        bool_0 = var_0.isEmpty()
        assert bool_0 is False
        stack_1 = module_0.Stack()
        var_1 = stack_0.pop()
&gt;       assert f'{type(var_1).__module__}.{type(var_1).__qualname__}' == 'stack3.Node'
E       AssertionError: assert 'builtins.NoneType' == 'stack3.Node'
E         - stack3.Node
E         + builtins.NoneType

MOSA/test_stack3_MOSA.py:111: AssertionError
_________________________________ test_case_15 _________________________________

    def test_case_15():
        singly_linked_list_0 = module_0.SinglyLinkedList()
        list_0 = singly_linked_list_0.toArray()
        str_0 = singly_linked_list_0.__str__()
        assert str_0 == '[None]'
        none_type_0 = singly_linked_list_0.add(singly_linked_list_0)
        bool_0 = singly_linked_list_0.isEmpty()
        assert bool_0 is False
        none_type_1 = singly_linked_list_0.add(list_0)
        bool_1 = singly_linked_list_0.isEmpty()
        assert bool_1 is False
        list_1 = singly_linked_list_0.toArray()
        var_0 = singly_linked_list_0.remove()
&gt;       assert f'{type(var_0).__module__}.{type(var_0).__qualname__}' == 'stack3.Node'
E       AssertionError: assert 'builtins.NoneType' == 'stack3.Node'
E         - stack3.Node
E         + builtins.NoneType

MOSA/test_stack3_MOSA.py:139: AssertionError
_________________________________ test_case_16 _________________________________

    def test_case_16():
        singly_linked_list_0 = module_0.SinglyLinkedList()
        list_0 = singly_linked_list_0.toArray()
        str_0 = singly_linked_list_0.__str__()
        assert str_0 == '[None]'
        none_type_0 = singly_linked_list_0.add(singly_linked_list_0)
        none_type_1 = singly_linked_list_0.add(str_0)
        str_1 = singly_linked_list_0.__str__()
        bool_0 = singly_linked_list_0.isEmpty()
        assert bool_0 is False
        int_0 = singly_linked_list_0.getSize()
        assert int_0 == 2
        var_0 = singly_linked_list_0.remove()
&gt;       assert f'{type(var_0).__module__}.{type(var_0).__qualname__}' == 'stack3.Node'
E       AssertionError: assert 'builtins.NoneType' == 'stack3.Node'
E         - stack3.Node
E         + builtins.NoneType

MOSA/test_stack3_MOSA.py:156: AssertionError
=========================== short test summary info ============================
FAILED MOSA/test_stack3_MOSA.py::test_case_1 - AssertionError: assert 'builti...
FAILED MOSA/test_stack3_MOSA.py::test_case_4 - assert &lt;stack3.Node object at ...
FAILED MOSA/test_stack3_MOSA.py::test_case_9 - AssertionError: assert 'builti...
FAILED MOSA/test_stack3_MOSA.py::test_case_10 - AssertionError: assert 'built...
FAILED MOSA/test_stack3_MOSA.py::test_case_13 - AssertionError: assert 'built...
FAILED MOSA/test_stack3_MOSA.py::test_case_15 - AssertionError: assert 'built...
FAILED MOSA/test_stack3_MOSA.py::test_case_16 - AssertionError: assert 'built...
========================= 7 failed, 10 passed in 0.69s =========================
</pre></div></div></div></div></div><div class="mb-1" id="job_list___sub_accordion_39"><div class="card"><a data-toggle="collapse" data-target="#job_list___sub_collapse_39_1" aria-expanded="false" aria-controls="job_list___sub_collapse_39_1" href="#" class="job_list___sub_multi_heading"><div role="alert" class="card-header alert-success" id="job_list___sub_heading_39_1"><button class="btn btn-outline-success"><span class="job_id">39 : Job ID 2b62fe712546424ca8483297dab9d3ed</span></button></div></a><div aria-labelledby="job_list___sub_heading_39_1" data-parent="#job_list___sub_accordion_39" class="collapse job_list___sub_multi_collapse" id="job_list___sub_collapse_39_1"><div class="card-body"><div class="work-item"><div class="alert alert-success test-outcome" role="alert"><p>worker outcome: normal</p><p>test outcome: killed</p></div></div><pre class="location"><a href="pycharm://open?file=stack3.py&amp;line=40" class="text-secondary"><button class="btn btn-outline-dark">stack3.py, start pos: (40, 11), end pos: (40, 27)</button></a></pre><pre>operator: core/AddNot, occurrence: 2</pre><div class="alert alert-secondary"><pre class="diff">--- mutation diff ---
--- astack3.py
+++ bstack3.py
@@ -37,7 +37,7 @@
 
         if self.__size == 0:
             return None
-        if self.__size &gt;= 1:
+        if not self.__size &gt;= 1:
             nodeToRemove = self.__head
             self.__sentinel.next = None
             self.__head = self.__sentinel</pre></div><div class="alert alert-secondary"><pre class="diff">============================= test session starts ==============================
platform linux -- Python 3.10.10, pytest-7.2.1, pluggy-1.0.0
rootdir: /home/auri/temp/lucca/python_experiments/stack3
collected 17 items

MOSA/test_stack3_MOSA.py .........F...F...                               [100%]

=================================== FAILURES ===================================
_________________________________ test_case_9 __________________________________

    def test_case_9():
        singly_linked_list_0 = module_0.SinglyLinkedList()
        none_type_0 = singly_linked_list_0.add(singly_linked_list_0)
        str_0 = singly_linked_list_0.__str__()
        var_0 = singly_linked_list_0.remove()
        assert f'{type(var_0).__module__}.{type(var_0).__qualname__}' == 'stack3.Node'
        assert f'{type(var_0.value).__module__}.{type(var_0.value).__qualname__}' == 'stack3.SinglyLinkedList'
        assert var_0.next is None
        node_0 = singly_linked_list_0.getHeadNode()
&gt;       assert f'{type(node_0).__module__}.{type(node_0).__qualname__}' == 'stack3.Node'
E       AssertionError: assert 'builtins.NoneType' == 'stack3.Node'
E         - stack3.Node
E         + builtins.NoneType

MOSA/test_stack3_MOSA.py:77: AssertionError
_________________________________ test_case_13 _________________________________

    def test_case_13():
        stack_0 = module_0.Stack()
        none_type_0 = stack_0.push(stack_0)
        var_0 = stack_0.peek()
        bool_0 = var_0.isEmpty()
        assert bool_0 is False
        stack_1 = module_0.Stack()
        var_1 = stack_0.pop()
        assert f'{type(var_1).__module__}.{type(var_1).__qualname__}' == 'stack3.Node'
        assert f'{type(var_1.value).__module__}.{type(var_1.value).__qualname__}' == 'stack3.Stack'
        assert var_1.next is None
&gt;       var_2 = stack_0.peek()

MOSA/test_stack3_MOSA.py:114: 
_ _ _ _ _ _ _ _ _ _ _ _ _ _ _ _ _ _ _ _ _ _ _ _ _ _ _ _ _ _ _ _ _ _ _ _ _ _ _ _ 
stack3.py:119: in peek
    return self.__stack.getHead()
_ _ _ _ _ _ _ _ _ _ _ _ _ _ _ _ _ _ _ _ _ _ _ _ _ _ _ _ _ _ _ _ _ _ _ _ _ _ _ _ 

self = &lt;stack3.SinglyLinkedList object at 0x7f0ac202b970&gt;

    def getHead(self) -&gt; T:
    
        """Get value of the linkedlist head node."""
    
&gt;       return self.__head.value
E       AttributeError: 'NoneType' object has no attribute 'value'

stack3.py:57: AttributeError
=========================== short test summary info ============================
FAILED MOSA/test_stack3_MOSA.py::test_case_9 - AssertionError: assert 'builti...
FAILED MOSA/test_stack3_MOSA.py::test_case_13 - AttributeError: 'NoneType' ob...
========================= 2 failed, 15 passed in 0.33s =========================
</pre></div></div></div></div></div><div class="mb-1" id="job_list___sub_accordion_40"><div class="card"><a data-toggle="collapse" data-target="#job_list___sub_collapse_40_1" aria-expanded="false" aria-controls="job_list___sub_collapse_40_1" href="#" class="job_list___sub_multi_heading"><div role="alert" class="card-header alert-success" id="job_list___sub_heading_40_1"><button class="btn btn-outline-success"><span class="job_id">40 : Job ID d0ab7fdb06c540aaa4a02c9e02345f92</span></button></div></a><div aria-labelledby="job_list___sub_heading_40_1" data-parent="#job_list___sub_accordion_40" class="collapse job_list___sub_multi_collapse" id="job_list___sub_collapse_40_1"><div class="card-body"><div class="work-item"><div class="alert alert-success test-outcome" role="alert"><p>worker outcome: normal</p><p>test outcome: killed</p></div></div><pre class="location"><a href="pycharm://open?file=stack3.py&amp;line=75" class="text-secondary"><button class="btn btn-outline-dark">stack3.py, start pos: (75, 23), end pos: (75, 39)</button></a></pre><pre>operator: core/AddNot, occurrence: 3</pre><div class="alert alert-secondary"><pre class="diff">--- mutation diff ---
--- astack3.py
+++ bstack3.py
@@ -72,7 +72,7 @@
 
         """Checks if linkedlist is empty."""
 
-        return True if self.__size == 0 else False
+        return True if not self.__size == 0 else False
 
     def toArray(self) -&gt; list:
 </pre></div><div class="alert alert-secondary"><pre class="diff">============================= test session starts ==============================
platform linux -- Python 3.10.10, pytest-7.2.1, pluggy-1.0.0
rootdir: /home/auri/temp/lucca/python_experiments/stack3
collected 17 items

MOSA/test_stack3_MOSA.py ...FF..........FF                               [100%]

=================================== FAILURES ===================================
_________________________________ test_case_3 __________________________________

    def test_case_3():
        singly_linked_list_0 = module_0.SinglyLinkedList()
        bool_0 = singly_linked_list_0.isEmpty()
&gt;       assert bool_0 is True
E       assert False is True

MOSA/test_stack3_MOSA.py:25: AssertionError
_________________________________ test_case_4 __________________________________

    def test_case_4():
        singly_linked_list_0 = module_0.SinglyLinkedList()
        node_0 = singly_linked_list_0.getHeadNode()
        int_0 = singly_linked_list_0.getSize()
        list_0 = singly_linked_list_0.toArray()
        none_type_0 = singly_linked_list_0.add(list_0)
        bool_0 = singly_linked_list_0.isEmpty()
&gt;       assert bool_0 is False
E       assert True is False

MOSA/test_stack3_MOSA.py:35: AssertionError
_________________________________ test_case_15 _________________________________

    def test_case_15():
        singly_linked_list_0 = module_0.SinglyLinkedList()
        list_0 = singly_linked_list_0.toArray()
        str_0 = singly_linked_list_0.__str__()
        assert str_0 == '[None]'
        none_type_0 = singly_linked_list_0.add(singly_linked_list_0)
        bool_0 = singly_linked_list_0.isEmpty()
&gt;       assert bool_0 is False
E       assert True is False

MOSA/test_stack3_MOSA.py:133: AssertionError
_________________________________ test_case_16 _________________________________

    def test_case_16():
        singly_linked_list_0 = module_0.SinglyLinkedList()
        list_0 = singly_linked_list_0.toArray()
        str_0 = singly_linked_list_0.__str__()
        assert str_0 == '[None]'
        none_type_0 = singly_linked_list_0.add(singly_linked_list_0)
        none_type_1 = singly_linked_list_0.add(str_0)
        str_1 = singly_linked_list_0.__str__()
        bool_0 = singly_linked_list_0.isEmpty()
&gt;       assert bool_0 is False
E       assert True is False

MOSA/test_stack3_MOSA.py:152: AssertionError
=========================== short test summary info ============================
FAILED MOSA/test_stack3_MOSA.py::test_case_3 - assert False is True
FAILED MOSA/test_stack3_MOSA.py::test_case_4 - assert True is False
FAILED MOSA/test_stack3_MOSA.py::test_case_15 - assert True is False
FAILED MOSA/test_stack3_MOSA.py::test_case_16 - assert True is False
========================= 4 failed, 13 passed in 0.37s =========================
</pre></div></div></div></div></div><div class="mb-1" id="job_list___sub_accordion_41"><div class="card"><a data-toggle="collapse" data-target="#job_list___sub_collapse_41_1" aria-expanded="false" aria-controls="job_list___sub_collapse_41_1" href="#" class="job_list___sub_multi_heading"><div role="alert" class="card-header alert-success" id="job_list___sub_heading_41_1"><button class="btn btn-outline-success"><span class="job_id">41 : Job ID a2af0facc94b4fa387ca6aad04c4b899</span></button></div></a><div aria-labelledby="job_list___sub_heading_41_1" data-parent="#job_list___sub_accordion_41" class="collapse job_list___sub_multi_collapse" id="job_list___sub_collapse_41_1"><div class="card-body"><div class="work-item"><div class="alert alert-success test-outcome" role="alert"><p>worker outcome: normal</p><p>test outcome: killed</p></div></div><pre class="location"><a href="pycharm://open?file=stack3.py&amp;line=83" class="text-secondary"><button class="btn btn-outline-dark">stack3.py, start pos: (83, 14), end pos: (83, 21)</button></a></pre><pre>operator: core/AddNot, occurrence: 4</pre><div class="alert alert-secondary"><pre class="diff">--- mutation diff ---
--- astack3.py
+++ bstack3.py
@@ -80,7 +80,7 @@
 
         arr = []
         current = self.__head
-        while current:
+        while not current:
             arr.append(current.value)
             current = current.next
         return arr</pre></div><div class="alert alert-secondary"><pre class="diff">============================= test session starts ==============================
platform linux -- Python 3.10.10, pytest-7.2.1, pluggy-1.0.0
rootdir: /home/auri/temp/lucca/python_experiments/stack3
collected 17 items

MOSA/test_stack3_MOSA.py ....FF......F..F.                               [100%]

=================================== FAILURES ===================================
_________________________________ test_case_4 __________________________________

    def test_case_4():
        singly_linked_list_0 = module_0.SinglyLinkedList()
        node_0 = singly_linked_list_0.getHeadNode()
        int_0 = singly_linked_list_0.getSize()
        list_0 = singly_linked_list_0.toArray()
        none_type_0 = singly_linked_list_0.add(list_0)
        bool_0 = singly_linked_list_0.isEmpty()
        assert bool_0 is False
        var_0 = singly_linked_list_0.remove()
        assert node_0.next is None
        assert f'{type(var_0).__module__}.{type(var_0).__qualname__}' == 'stack3.Node'
&gt;       assert var_0.value == [None]
E       assert [] == [None]
E         Right contains one more item: None
E         Use -v to get more diff

MOSA/test_stack3_MOSA.py:39: AssertionError
_________________________________ test_case_5 __________________________________

    def test_case_5():
        stack_0 = module_0.Stack()
        str_0 = stack_0.__str__()
&gt;       assert str_0 == '[None]'
E       AssertionError: assert '[]' == '[None]'
E         - [None]
E         + []

MOSA/test_stack3_MOSA.py:49: AssertionError
_________________________________ test_case_12 _________________________________

    def test_case_12():
        stack_0 = module_0.Stack()
        str_0 = stack_0.__str__()
&gt;       assert str_0 == '[None]'
E       AssertionError: assert '[]' == '[None]'
E         - [None]
E         + []

MOSA/test_stack3_MOSA.py:99: AssertionError
_________________________________ test_case_15 _________________________________

    def test_case_15():
        singly_linked_list_0 = module_0.SinglyLinkedList()
        list_0 = singly_linked_list_0.toArray()
        str_0 = singly_linked_list_0.__str__()
        assert str_0 == '[None]'
        none_type_0 = singly_linked_list_0.add(singly_linked_list_0)
        bool_0 = singly_linked_list_0.isEmpty()
        assert bool_0 is False
        none_type_1 = singly_linked_list_0.add(list_0)
        bool_1 = singly_linked_list_0.isEmpty()
        assert bool_1 is False
        list_1 = singly_linked_list_0.toArray()
        var_0 = singly_linked_list_0.remove()
        assert f'{type(var_0).__module__}.{type(var_0).__qualname__}' == 'stack3.Node'
&gt;       assert var_0.value == [None]
E       assert [] == [None]
E         Right contains one more item: None
E         Use -v to get more diff

MOSA/test_stack3_MOSA.py:140: AssertionError
=========================== short test summary info ============================
FAILED MOSA/test_stack3_MOSA.py::test_case_4 - assert [] == [None]
FAILED MOSA/test_stack3_MOSA.py::test_case_5 - AssertionError: assert '[]' ==...
FAILED MOSA/test_stack3_MOSA.py::test_case_12 - AssertionError: assert '[]' =...
FAILED MOSA/test_stack3_MOSA.py::test_case_15 - assert [] == [None]
========================= 4 failed, 13 passed in 0.40s =========================
</pre></div></div></div></div></div><div class="mb-1" id="job_list___sub_accordion_42"><div class="card"><a data-toggle="collapse" data-target="#job_list___sub_collapse_42_1" aria-expanded="false" aria-controls="job_list___sub_collapse_42_1" href="#" class="job_list___sub_multi_heading"><div role="alert" class="card-header alert-success" id="job_list___sub_heading_42_1"><button class="btn btn-outline-success"><span class="job_id">42 : Job ID af5f7023312849ad89edd2c3af9fcb72</span></button></div></a><div aria-labelledby="job_list___sub_heading_42_1" data-parent="#job_list___sub_accordion_42" class="collapse job_list___sub_multi_collapse" id="job_list___sub_collapse_42_1"><div class="card-body"><div class="work-item"><div class="alert alert-success test-outcome" role="alert"><p>worker outcome: normal</p><p>test outcome: killed</p></div></div><pre class="location"><a href="pycharm://open?file=stack3.py&amp;line=94" class="text-secondary"><button class="btn btn-outline-dark">stack3.py, start pos: (94, 14), end pos: (94, 21)</button></a></pre><pre>operator: core/AddNot, occurrence: 5</pre><div class="alert alert-secondary"><pre class="diff">--- mutation diff ---
--- astack3.py
+++ bstack3.py
@@ -91,7 +91,7 @@
 
         arr = []
         current = self.__head
-        while current:
+        while not current:
             arr.append(current.value)
             current = current.next
         return str(arr)</pre></div><div class="alert alert-secondary"><pre class="diff">============================= test session starts ==============================
platform linux -- Python 3.10.10, pytest-7.2.1, pluggy-1.0.0
rootdir: /home/auri/temp/lucca/python_experiments/stack3
collected 17 items

MOSA/test_stack3_MOSA.py ......F........FF                               [100%]

=================================== FAILURES ===================================
_________________________________ test_case_6 __________________________________

    def test_case_6():
        singly_linked_list_0 = module_0.SinglyLinkedList()
        str_0 = singly_linked_list_0.__str__()
&gt;       assert str_0 == '[None]'
E       AssertionError: assert '[]' == '[None]'
E         - [None]
E         + []

MOSA/test_stack3_MOSA.py:54: AssertionError
_________________________________ test_case_15 _________________________________

    def test_case_15():
        singly_linked_list_0 = module_0.SinglyLinkedList()
        list_0 = singly_linked_list_0.toArray()
        str_0 = singly_linked_list_0.__str__()
&gt;       assert str_0 == '[None]'
E       AssertionError: assert '[]' == '[None]'
E         - [None]
E         + []

MOSA/test_stack3_MOSA.py:130: AssertionError
_________________________________ test_case_16 _________________________________

    def test_case_16():
        singly_linked_list_0 = module_0.SinglyLinkedList()
        list_0 = singly_linked_list_0.toArray()
        str_0 = singly_linked_list_0.__str__()
&gt;       assert str_0 == '[None]'
E       AssertionError: assert '[]' == '[None]'
E         - [None]
E         + []

MOSA/test_stack3_MOSA.py:147: AssertionError
=========================== short test summary info ============================
FAILED MOSA/test_stack3_MOSA.py::test_case_6 - AssertionError: assert '[]' ==...
FAILED MOSA/test_stack3_MOSA.py::test_case_15 - AssertionError: assert '[]' =...
FAILED MOSA/test_stack3_MOSA.py::test_case_16 - AssertionError: assert '[]' =...
========================= 3 failed, 14 passed in 0.34s =========================
</pre></div></div></div></div></div><div class="mb-1" id="job_list___sub_accordion_43"><div class="card"><a data-toggle="collapse" data-target="#job_list___sub_collapse_43_1" aria-expanded="false" aria-controls="job_list___sub_collapse_43_1" href="#" class="job_list___sub_multi_heading"><div role="alert" class="card-header alert-success" id="job_list___sub_heading_43_1"><button class="btn btn-outline-success"><span class="job_id">43 : Job ID c0bf58b816d44d0da8c35ae2a7ac12ab</span></button></div></a><div aria-labelledby="job_list___sub_heading_43_1" data-parent="#job_list___sub_accordion_43" class="collapse job_list___sub_multi_collapse" id="job_list___sub_collapse_43_1"><div class="card-body"><div class="work-item"><div class="alert alert-success test-outcome" role="alert"><p>worker outcome: normal</p><p>test outcome: killed</p></div></div><pre class="location"><a href="pycharm://open?file=stack3.py&amp;line=125" class="text-secondary"><button class="btn btn-outline-dark">stack3.py, start pos: (125, 23), end pos: (125, 50)</button></a></pre><pre>operator: core/AddNot, occurrence: 6</pre><div class="alert alert-secondary"><pre class="diff">--- mutation diff ---
--- astack3.py
+++ bstack3.py
@@ -122,7 +122,7 @@
 
         """Check if stack is empty."""
 
-        return True if self.__stack.getSize() == 0 else False
+        return True if not self.__stack.getSize() == 0 else False
 
     def getSize(self) -&gt; int:
 </pre></div><div class="alert alert-secondary"><pre class="diff">============================= test session starts ==============================
platform linux -- Python 3.10.10, pytest-7.2.1, pluggy-1.0.0
rootdir: /home/auri/temp/lucca/python_experiments/stack3
collected 17 items

MOSA/test_stack3_MOSA.py .......F.....F...                               [100%]

=================================== FAILURES ===================================
_________________________________ test_case_7 __________________________________

    def test_case_7():
        stack_0 = module_0.Stack()
        bool_0 = stack_0.isEmpty()
&gt;       assert bool_0 is True
E       assert False is True

MOSA/test_stack3_MOSA.py:59: AssertionError
_________________________________ test_case_13 _________________________________

    def test_case_13():
        stack_0 = module_0.Stack()
        none_type_0 = stack_0.push(stack_0)
        var_0 = stack_0.peek()
        bool_0 = var_0.isEmpty()
&gt;       assert bool_0 is False
E       assert True is False

MOSA/test_stack3_MOSA.py:108: AssertionError
=========================== short test summary info ============================
FAILED MOSA/test_stack3_MOSA.py::test_case_7 - assert False is True
FAILED MOSA/test_stack3_MOSA.py::test_case_13 - assert True is False
========================= 2 failed, 15 passed in 0.30s =========================
</pre></div></div></div></div></div><div class="mb-1" id="job_list___sub_accordion_44"><div class="card"><a data-toggle="collapse" data-target="#job_list___sub_collapse_44_1" aria-expanded="false" aria-controls="job_list___sub_collapse_44_1" href="#" class="job_list___sub_multi_heading"><div role="alert" class="card-header alert-danger" id="job_list___sub_heading_44_1"><button class="btn btn-outline-danger"><span class="job_id">44 : Job ID 9d84a6c1a10d408da5162b1c2f67dc86</span></button></div></a><div aria-labelledby="job_list___sub_heading_44_1" data-parent="#job_list___sub_accordion_44" class="collapse job_list___sub_multi_collapse" id="job_list___sub_collapse_44_1"><div class="card-body"><div class="work-item"><div class="alert alert-danger test-outcome" role="alert"><p>SURVIVED</p><p>worker outcome: normal</p><p>test outcome: survived</p></div></div><pre class="location"><a href="pycharm://open?file=stack3.py&amp;line=140" class="text-secondary"><button class="btn btn-outline-dark">stack3.py, start pos: (140, 3), end pos: (140, 25)</button></a></pre><pre>operator: core/AddNot, occurrence: 7</pre><div class="alert alert-secondary"><pre class="diff">--- mutation diff ---
--- astack3.py
+++ bstack3.py
@@ -137,6 +137,6 @@
         return str(self.__stack.toArray()[::-1])
 
 
-if __name__ == "__main__":
+if not __name__ == "__main__":
     pass
 </pre></div><div class="alert alert-secondary"><pre class="diff">============================= test session starts ==============================
platform linux -- Python 3.10.10, pytest-7.2.1, pluggy-1.0.0
rootdir: /home/auri/temp/lucca/python_experiments/stack3
collected 17 items

MOSA/test_stack3_MOSA.py .................                               [100%]

============================== 17 passed in 0.19s ==============================
</pre></div></div></div></div></div><div class="mb-1" id="job_list___sub_accordion_45"><div class="card"><a data-toggle="collapse" data-target="#job_list___sub_collapse_45_1" aria-expanded="false" aria-controls="job_list___sub_collapse_45_1" href="#" class="job_list___sub_multi_heading"><div role="alert" class="card-header alert-success" id="job_list___sub_heading_45_1"><button class="btn btn-outline-success"><span class="job_id">45 : Job ID 70b9e5267e784422a22c4c1c7c38ce2c</span></button></div></a><div aria-labelledby="job_list___sub_heading_45_1" data-parent="#job_list___sub_accordion_45" class="collapse job_list___sub_multi_collapse" id="job_list___sub_collapse_45_1"><div class="card-body"><div class="work-item"><div class="alert alert-success test-outcome" role="alert"><p>worker outcome: normal</p><p>test outcome: killed</p></div></div><pre class="location"><a href="pycharm://open?file=stack3.py&amp;line=75" class="text-secondary"><button class="btn btn-outline-dark">stack3.py, start pos: (75, 15), end pos: (75, 19)</button></a></pre><pre>operator: core/ReplaceTrueWithFalse, occurrence: 0</pre><div class="alert alert-secondary"><pre class="diff">--- mutation diff ---
--- astack3.py
+++ bstack3.py
@@ -72,7 +72,7 @@
 
         """Checks if linkedlist is empty."""
 
-        return True if self.__size == 0 else False
+        return False if self.__size == 0 else False
 
     def toArray(self) -&gt; list:
 </pre></div><div class="alert alert-secondary"><pre class="diff">============================= test session starts ==============================
platform linux -- Python 3.10.10, pytest-7.2.1, pluggy-1.0.0
rootdir: /home/auri/temp/lucca/python_experiments/stack3
collected 17 items

MOSA/test_stack3_MOSA.py ...F.............                               [100%]

=================================== FAILURES ===================================
_________________________________ test_case_3 __________________________________

    def test_case_3():
        singly_linked_list_0 = module_0.SinglyLinkedList()
        bool_0 = singly_linked_list_0.isEmpty()
&gt;       assert bool_0 is True
E       assert False is True

MOSA/test_stack3_MOSA.py:25: AssertionError
=========================== short test summary info ============================
FAILED MOSA/test_stack3_MOSA.py::test_case_3 - assert False is True
========================= 1 failed, 16 passed in 0.28s =========================
</pre></div></div></div></div></div><div class="mb-1" id="job_list___sub_accordion_46"><div class="card"><a data-toggle="collapse" data-target="#job_list___sub_collapse_46_1" aria-expanded="false" aria-controls="job_list___sub_collapse_46_1" href="#" class="job_list___sub_multi_heading"><div role="alert" class="card-header alert-success" id="job_list___sub_heading_46_1"><button class="btn btn-outline-success"><span class="job_id">46 : Job ID 11afd03e19db48ccb11c1c23af6e27b0</span></button></div></a><div aria-labelledby="job_list___sub_heading_46_1" data-parent="#job_list___sub_accordion_46" class="collapse job_list___sub_multi_collapse" id="job_list___sub_collapse_46_1"><div class="card-body"><div class="work-item"><div class="alert alert-success test-outcome" role="alert"><p>worker outcome: normal</p><p>test outcome: killed</p></div></div><pre class="location"><a href="pycharm://open?file=stack3.py&amp;line=125" class="text-secondary"><button class="btn btn-outline-dark">stack3.py, start pos: (125, 15), end pos: (125, 19)</button></a></pre><pre>operator: core/ReplaceTrueWithFalse, occurrence: 1</pre><div class="alert alert-secondary"><pre class="diff">--- mutation diff ---
--- astack3.py
+++ bstack3.py
@@ -122,7 +122,7 @@
 
         """Check if stack is empty."""
 
-        return True if self.__stack.getSize() == 0 else False
+        return False if self.__stack.getSize() == 0 else False
 
     def getSize(self) -&gt; int:
 </pre></div><div class="alert alert-secondary"><pre class="diff">============================= test session starts ==============================
platform linux -- Python 3.10.10, pytest-7.2.1, pluggy-1.0.0
rootdir: /home/auri/temp/lucca/python_experiments/stack3
collected 17 items

MOSA/test_stack3_MOSA.py .......F.........                               [100%]

=================================== FAILURES ===================================
_________________________________ test_case_7 __________________________________

    def test_case_7():
        stack_0 = module_0.Stack()
        bool_0 = stack_0.isEmpty()
&gt;       assert bool_0 is True
E       assert False is True

MOSA/test_stack3_MOSA.py:59: AssertionError
=========================== short test summary info ============================
FAILED MOSA/test_stack3_MOSA.py::test_case_7 - assert False is True
========================= 1 failed, 16 passed in 0.36s =========================
</pre></div></div></div></div></div><div class="mb-1" id="job_list___sub_accordion_47"><div class="card"><a data-toggle="collapse" data-target="#job_list___sub_collapse_47_1" aria-expanded="false" aria-controls="job_list___sub_collapse_47_1" href="#" class="job_list___sub_multi_heading"><div role="alert" class="card-header alert-success" id="job_list___sub_heading_47_1"><button class="btn btn-outline-success"><span class="job_id">47 : Job ID 5f3850bbb4834209b653ef68577f3449</span></button></div></a><div aria-labelledby="job_list___sub_heading_47_1" data-parent="#job_list___sub_accordion_47" class="collapse job_list___sub_multi_collapse" id="job_list___sub_collapse_47_1"><div class="card-body"><div class="work-item"><div class="alert alert-success test-outcome" role="alert"><p>worker outcome: normal</p><p>test outcome: killed</p></div></div><pre class="location"><a href="pycharm://open?file=stack3.py&amp;line=75" class="text-secondary"><button class="btn btn-outline-dark">stack3.py, start pos: (75, 45), end pos: (75, 50)</button></a></pre><pre>operator: core/ReplaceFalseWithTrue, occurrence: 0</pre><div class="alert alert-secondary"><pre class="diff">--- mutation diff ---
--- astack3.py
+++ bstack3.py
@@ -72,7 +72,7 @@
 
         """Checks if linkedlist is empty."""
 
-        return True if self.__size == 0 else False
+        return True if self.__size == 0 else True
 
     def toArray(self) -&gt; list:
 </pre></div><div class="alert alert-secondary"><pre class="diff">============================= test session starts ==============================
platform linux -- Python 3.10.10, pytest-7.2.1, pluggy-1.0.0
rootdir: /home/auri/temp/lucca/python_experiments/stack3
collected 17 items

MOSA/test_stack3_MOSA.py ....F..........FF                               [100%]

=================================== FAILURES ===================================
_________________________________ test_case_4 __________________________________

    def test_case_4():
        singly_linked_list_0 = module_0.SinglyLinkedList()
        node_0 = singly_linked_list_0.getHeadNode()
        int_0 = singly_linked_list_0.getSize()
        list_0 = singly_linked_list_0.toArray()
        none_type_0 = singly_linked_list_0.add(list_0)
        bool_0 = singly_linked_list_0.isEmpty()
&gt;       assert bool_0 is False
E       assert True is False

MOSA/test_stack3_MOSA.py:35: AssertionError
_________________________________ test_case_15 _________________________________

    def test_case_15():
        singly_linked_list_0 = module_0.SinglyLinkedList()
        list_0 = singly_linked_list_0.toArray()
        str_0 = singly_linked_list_0.__str__()
        assert str_0 == '[None]'
        none_type_0 = singly_linked_list_0.add(singly_linked_list_0)
        bool_0 = singly_linked_list_0.isEmpty()
&gt;       assert bool_0 is False
E       assert True is False

MOSA/test_stack3_MOSA.py:133: AssertionError
_________________________________ test_case_16 _________________________________

    def test_case_16():
        singly_linked_list_0 = module_0.SinglyLinkedList()
        list_0 = singly_linked_list_0.toArray()
        str_0 = singly_linked_list_0.__str__()
        assert str_0 == '[None]'
        none_type_0 = singly_linked_list_0.add(singly_linked_list_0)
        none_type_1 = singly_linked_list_0.add(str_0)
        str_1 = singly_linked_list_0.__str__()
        bool_0 = singly_linked_list_0.isEmpty()
&gt;       assert bool_0 is False
E       assert True is False

MOSA/test_stack3_MOSA.py:152: AssertionError
=========================== short test summary info ============================
FAILED MOSA/test_stack3_MOSA.py::test_case_4 - assert True is False
FAILED MOSA/test_stack3_MOSA.py::test_case_15 - assert True is False
FAILED MOSA/test_stack3_MOSA.py::test_case_16 - assert True is False
========================= 3 failed, 14 passed in 0.39s =========================
</pre></div></div></div></div></div><div class="mb-1" id="job_list___sub_accordion_48"><div class="card"><a data-toggle="collapse" data-target="#job_list___sub_collapse_48_1" aria-expanded="false" aria-controls="job_list___sub_collapse_48_1" href="#" class="job_list___sub_multi_heading"><div role="alert" class="card-header alert-success" id="job_list___sub_heading_48_1"><button class="btn btn-outline-success"><span class="job_id">48 : Job ID ddf6dd22965845d9a07510a83e1a115e</span></button></div></a><div aria-labelledby="job_list___sub_heading_48_1" data-parent="#job_list___sub_accordion_48" class="collapse job_list___sub_multi_collapse" id="job_list___sub_collapse_48_1"><div class="card-body"><div class="work-item"><div class="alert alert-success test-outcome" role="alert"><p>worker outcome: normal</p><p>test outcome: killed</p></div></div><pre class="location"><a href="pycharm://open?file=stack3.py&amp;line=125" class="text-secondary"><button class="btn btn-outline-dark">stack3.py, start pos: (125, 56), end pos: (125, 61)</button></a></pre><pre>operator: core/ReplaceFalseWithTrue, occurrence: 1</pre><div class="alert alert-secondary"><pre class="diff">--- mutation diff ---
--- astack3.py
+++ bstack3.py
@@ -122,7 +122,7 @@
 
         """Check if stack is empty."""
 
-        return True if self.__stack.getSize() == 0 else False
+        return True if self.__stack.getSize() == 0 else True
 
     def getSize(self) -&gt; int:
 </pre></div><div class="alert alert-secondary"><pre class="diff">============================= test session starts ==============================
platform linux -- Python 3.10.10, pytest-7.2.1, pluggy-1.0.0
rootdir: /home/auri/temp/lucca/python_experiments/stack3
collected 17 items

MOSA/test_stack3_MOSA.py .............F...                               [100%]

=================================== FAILURES ===================================
_________________________________ test_case_13 _________________________________

    def test_case_13():
        stack_0 = module_0.Stack()
        none_type_0 = stack_0.push(stack_0)
        var_0 = stack_0.peek()
        bool_0 = var_0.isEmpty()
&gt;       assert bool_0 is False
E       assert True is False

MOSA/test_stack3_MOSA.py:108: AssertionError
=========================== short test summary info ============================
FAILED MOSA/test_stack3_MOSA.py::test_case_13 - assert True is False
========================= 1 failed, 16 passed in 0.28s =========================
</pre></div></div></div></div></div><div class="mb-1" id="job_list___sub_accordion_49"><div class="card"><a data-toggle="collapse" data-target="#job_list___sub_collapse_49_1" aria-expanded="false" aria-controls="job_list___sub_collapse_49_1" href="#" class="job_list___sub_multi_heading"><div role="alert" class="card-header alert-success" id="job_list___sub_heading_49_1"><button class="btn btn-outline-success"><span class="job_id">49 : Job ID 26086a159a3449c9a3373a93bda0c16d</span></button></div></a><div aria-labelledby="job_list___sub_heading_49_1" data-parent="#job_list___sub_accordion_49" class="collapse job_list___sub_multi_collapse" id="job_list___sub_collapse_49_1"><div class="card-body"><div class="work-item"><div class="alert alert-success test-outcome" role="alert"><p>worker outcome: normal</p><p>test outcome: killed</p></div></div><pre class="location"><a href="pycharm://open?file=stack3.py&amp;line=17" class="text-secondary"><button class="btn btn-outline-dark">stack3.py, start pos: (17, 22), end pos: (17, 23)</button></a></pre><pre>operator: core/NumberReplacer, occurrence: 0</pre><div class="alert alert-secondary"><pre class="diff">--- mutation diff ---
--- astack3.py
+++ bstack3.py
@@ -14,7 +14,7 @@
     def __init__(self):
         self.__sentinel = Node(None)
         self.__head = self.__sentinel
-        self.__size = 0
+        self.__size = 1
 
     def add(self, value: T) -&gt; None:
 </pre></div><div class="alert alert-secondary"><pre class="diff">timeout</pre></div></div></div></div></div><div class="mb-1" id="job_list___sub_accordion_50"><div class="card"><a data-toggle="collapse" data-target="#job_list___sub_collapse_50_1" aria-expanded="false" aria-controls="job_list___sub_collapse_50_1" href="#" class="job_list___sub_multi_heading"><div role="alert" class="card-header alert-success" id="job_list___sub_heading_50_1"><button class="btn btn-outline-success"><span class="job_id">50 : Job ID fdc59287a8304d528a66b55e325b7df7</span></button></div></a><div aria-labelledby="job_list___sub_heading_50_1" data-parent="#job_list___sub_accordion_50" class="collapse job_list___sub_multi_collapse" id="job_list___sub_collapse_50_1"><div class="card-body"><div class="work-item"><div class="alert alert-success test-outcome" role="alert"><p>worker outcome: normal</p><p>test outcome: killed</p></div></div><pre class="location"><a href="pycharm://open?file=stack3.py&amp;line=17" class="text-secondary"><button class="btn btn-outline-dark">stack3.py, start pos: (17, 22), end pos: (17, 23)</button></a></pre><pre>operator: core/NumberReplacer, occurrence: 1</pre><div class="alert alert-secondary"><pre class="diff">--- mutation diff ---
--- astack3.py
+++ bstack3.py
@@ -14,7 +14,7 @@
     def __init__(self):
         self.__sentinel = Node(None)
         self.__head = self.__sentinel
-        self.__size = 0
+        self.__size = -1
 
     def add(self, value: T) -&gt; None:
 </pre></div><div class="alert alert-secondary"><pre class="diff">timeout</pre></div></div></div></div></div><div class="mb-1" id="job_list___sub_accordion_51"><div class="card"><a data-toggle="collapse" data-target="#job_list___sub_collapse_51_1" aria-expanded="false" aria-controls="job_list___sub_collapse_51_1" href="#" class="job_list___sub_multi_heading"><div role="alert" class="card-header alert-success" id="job_list___sub_heading_51_1"><button class="btn btn-outline-success"><span class="job_id">51 : Job ID 3fc567de96ed4a41a432f1bd43262abb</span></button></div></a><div aria-labelledby="job_list___sub_heading_51_1" data-parent="#job_list___sub_accordion_51" class="collapse job_list___sub_multi_collapse" id="job_list___sub_collapse_51_1"><div class="card-body"><div class="work-item"><div class="alert alert-success test-outcome" role="alert"><p>worker outcome: normal</p><p>test outcome: killed</p></div></div><pre class="location"><a href="pycharm://open?file=stack3.py&amp;line=24" class="text-secondary"><button class="btn btn-outline-dark">stack3.py, start pos: (24, 26), end pos: (24, 27)</button></a></pre><pre>operator: core/NumberReplacer, occurrence: 2</pre><div class="alert alert-secondary"><pre class="diff">--- mutation diff ---
--- astack3.py
+++ bstack3.py
@@ -21,7 +21,7 @@
         """Add element to linked list."""
 
         newNode = Node(value)
-        if self.__size == 0:
+        if self.__size == 1:
             self.__head.next = newNode
             self.__head = newNode
             self.__size += 1</pre></div><div class="alert alert-secondary"><pre class="diff">timeout</pre></div></div></div></div></div><div class="mb-1" id="job_list___sub_accordion_52"><div class="card"><a data-toggle="collapse" data-target="#job_list___sub_collapse_52_1" aria-expanded="false" aria-controls="job_list___sub_collapse_52_1" href="#" class="job_list___sub_multi_heading"><div role="alert" class="card-header alert-success" id="job_list___sub_heading_52_1"><button class="btn btn-outline-success"><span class="job_id">52 : Job ID 7b25dc8bc5b54bb4a2e125b3be90a4b4</span></button></div></a><div aria-labelledby="job_list___sub_heading_52_1" data-parent="#job_list___sub_accordion_52" class="collapse job_list___sub_multi_collapse" id="job_list___sub_collapse_52_1"><div class="card-body"><div class="work-item"><div class="alert alert-success test-outcome" role="alert"><p>worker outcome: normal</p><p>test outcome: killed</p></div></div><pre class="location"><a href="pycharm://open?file=stack3.py&amp;line=24" class="text-secondary"><button class="btn btn-outline-dark">stack3.py, start pos: (24, 26), end pos: (24, 27)</button></a></pre><pre>operator: core/NumberReplacer, occurrence: 3</pre><div class="alert alert-secondary"><pre class="diff">--- mutation diff ---
--- astack3.py
+++ bstack3.py
@@ -21,7 +21,7 @@
         """Add element to linked list."""
 
         newNode = Node(value)
-        if self.__size == 0:
+        if self.__size == -1:
             self.__head.next = newNode
             self.__head = newNode
             self.__size += 1</pre></div><div class="alert alert-secondary"><pre class="diff">timeout</pre></div></div></div></div></div><div class="mb-1" id="job_list___sub_accordion_53"><div class="card"><a data-toggle="collapse" data-target="#job_list___sub_collapse_53_1" aria-expanded="false" aria-controls="job_list___sub_collapse_53_1" href="#" class="job_list___sub_multi_heading"><div role="alert" class="card-header alert-success" id="job_list___sub_heading_53_1"><button class="btn btn-outline-success"><span class="job_id">53 : Job ID 882e1fb0f8ae45c88f11c37b0f2e9f71</span></button></div></a><div aria-labelledby="job_list___sub_heading_53_1" data-parent="#job_list___sub_accordion_53" class="collapse job_list___sub_multi_collapse" id="job_list___sub_collapse_53_1"><div class="card-body"><div class="work-item"><div class="alert alert-success test-outcome" role="alert"><p>worker outcome: normal</p><p>test outcome: killed</p></div></div><pre class="location"><a href="pycharm://open?file=stack3.py&amp;line=27" class="text-secondary"><button class="btn btn-outline-dark">stack3.py, start pos: (27, 27), end pos: (27, 28)</button></a></pre><pre>operator: core/NumberReplacer, occurrence: 4</pre><div class="alert alert-secondary"><pre class="diff">--- mutation diff ---
--- astack3.py
+++ bstack3.py
@@ -24,7 +24,7 @@
         if self.__size == 0:
             self.__head.next = newNode
             self.__head = newNode
-            self.__size += 1
+            self.__size += 2
         else:
             self.__sentinel.next = newNode
             newNode.next = self.__head</pre></div><div class="alert alert-secondary"><pre class="diff">============================= test session starts ==============================
platform linux -- Python 3.10.10, pytest-7.2.1, pluggy-1.0.0
rootdir: /home/auri/temp/lucca/python_experiments/stack3
collected 17 items

MOSA/test_stack3_MOSA.py ................F                               [100%]

=================================== FAILURES ===================================
_________________________________ test_case_16 _________________________________

    def test_case_16():
        singly_linked_list_0 = module_0.SinglyLinkedList()
        list_0 = singly_linked_list_0.toArray()
        str_0 = singly_linked_list_0.__str__()
        assert str_0 == '[None]'
        none_type_0 = singly_linked_list_0.add(singly_linked_list_0)
        none_type_1 = singly_linked_list_0.add(str_0)
        str_1 = singly_linked_list_0.__str__()
        bool_0 = singly_linked_list_0.isEmpty()
        assert bool_0 is False
        int_0 = singly_linked_list_0.getSize()
&gt;       assert int_0 == 2
E       assert 3 == 2

MOSA/test_stack3_MOSA.py:154: AssertionError
=========================== short test summary info ============================
FAILED MOSA/test_stack3_MOSA.py::test_case_16 - assert 3 == 2
========================= 1 failed, 16 passed in 0.30s =========================
</pre></div></div></div></div></div><div class="mb-1" id="job_list___sub_accordion_54"><div class="card"><a data-toggle="collapse" data-target="#job_list___sub_collapse_54_1" aria-expanded="false" aria-controls="job_list___sub_collapse_54_1" href="#" class="job_list___sub_multi_heading"><div role="alert" class="card-header alert-success" id="job_list___sub_heading_54_1"><button class="btn btn-outline-success"><span class="job_id">54 : Job ID c8e1b25f09a04071b12db200b8146251</span></button></div></a><div aria-labelledby="job_list___sub_heading_54_1" data-parent="#job_list___sub_accordion_54" class="collapse job_list___sub_multi_collapse" id="job_list___sub_collapse_54_1"><div class="card-body"><div class="work-item"><div class="alert alert-success test-outcome" role="alert"><p>worker outcome: normal</p><p>test outcome: killed</p></div></div><pre class="location"><a href="pycharm://open?file=stack3.py&amp;line=27" class="text-secondary"><button class="btn btn-outline-dark">stack3.py, start pos: (27, 27), end pos: (27, 28)</button></a></pre><pre>operator: core/NumberReplacer, occurrence: 5</pre><div class="alert alert-secondary"><pre class="diff">--- mutation diff ---
--- astack3.py
+++ bstack3.py
@@ -24,7 +24,7 @@
         if self.__size == 0:
             self.__head.next = newNode
             self.__head = newNode
-            self.__size += 1
+            self.__size += 0
         else:
             self.__sentinel.next = newNode
             newNode.next = self.__head</pre></div><div class="alert alert-secondary"><pre class="diff">============================= test session starts ==============================
platform linux -- Python 3.10.10, pytest-7.2.1, pluggy-1.0.0
rootdir: /home/auri/temp/lucca/python_experiments/stack3
collected 17 items

MOSA/test_stack3_MOSA.py .F..F....FF..F.FF                               [100%]

=================================== FAILURES ===================================
_________________________________ test_case_1 __________________________________

    def test_case_1():
        singly_linked_list_0 = module_0.SinglyLinkedList()
        none_type_0 = singly_linked_list_0.add(singly_linked_list_0)
        var_0 = singly_linked_list_0.remove()
&gt;       assert f'{type(var_0).__module__}.{type(var_0).__qualname__}' == 'stack3.Node'
E       AssertionError: assert 'builtins.NoneType' == 'stack3.Node'
E         - stack3.Node
E         + builtins.NoneType

MOSA/test_stack3_MOSA.py:12: AssertionError
_________________________________ test_case_4 __________________________________

    def test_case_4():
        singly_linked_list_0 = module_0.SinglyLinkedList()
        node_0 = singly_linked_list_0.getHeadNode()
        int_0 = singly_linked_list_0.getSize()
        list_0 = singly_linked_list_0.toArray()
        none_type_0 = singly_linked_list_0.add(list_0)
        bool_0 = singly_linked_list_0.isEmpty()
&gt;       assert bool_0 is False
E       assert True is False

MOSA/test_stack3_MOSA.py:35: AssertionError
_________________________________ test_case_9 __________________________________

    def test_case_9():
        singly_linked_list_0 = module_0.SinglyLinkedList()
        none_type_0 = singly_linked_list_0.add(singly_linked_list_0)
        str_0 = singly_linked_list_0.__str__()
        var_0 = singly_linked_list_0.remove()
&gt;       assert f'{type(var_0).__module__}.{type(var_0).__qualname__}' == 'stack3.Node'
E       AssertionError: assert 'builtins.NoneType' == 'stack3.Node'
E         - stack3.Node
E         + builtins.NoneType

MOSA/test_stack3_MOSA.py:73: AssertionError
_________________________________ test_case_10 _________________________________

    def test_case_10():
        singly_linked_list_0 = module_0.SinglyLinkedList()
        stack_0 = module_0.Stack()
        bool_0 = False
        none_type_0 = singly_linked_list_0.add(bool_0)
        none_type_1 = stack_0.push(singly_linked_list_0)
        var_0 = singly_linked_list_0.remove()
&gt;       assert f'{type(var_0).__module__}.{type(var_0).__qualname__}' == 'stack3.Node'
E       AssertionError: assert 'builtins.NoneType' == 'stack3.Node'
E         - stack3.Node
E         + builtins.NoneType

MOSA/test_stack3_MOSA.py:88: AssertionError
_________________________________ test_case_13 _________________________________

    def test_case_13():
        stack_0 = module_0.Stack()
        none_type_0 = stack_0.push(stack_0)
        var_0 = stack_0.peek()
        bool_0 = var_0.isEmpty()
&gt;       assert bool_0 is False
E       assert True is False

MOSA/test_stack3_MOSA.py:108: AssertionError
_________________________________ test_case_15 _________________________________

    def test_case_15():
        singly_linked_list_0 = module_0.SinglyLinkedList()
        list_0 = singly_linked_list_0.toArray()
        str_0 = singly_linked_list_0.__str__()
        assert str_0 == '[None]'
        none_type_0 = singly_linked_list_0.add(singly_linked_list_0)
        bool_0 = singly_linked_list_0.isEmpty()
&gt;       assert bool_0 is False
E       assert True is False

MOSA/test_stack3_MOSA.py:133: AssertionError
_________________________________ test_case_16 _________________________________

    def test_case_16():
        singly_linked_list_0 = module_0.SinglyLinkedList()
        list_0 = singly_linked_list_0.toArray()
        str_0 = singly_linked_list_0.__str__()
        assert str_0 == '[None]'
        none_type_0 = singly_linked_list_0.add(singly_linked_list_0)
        none_type_1 = singly_linked_list_0.add(str_0)
        str_1 = singly_linked_list_0.__str__()
        bool_0 = singly_linked_list_0.isEmpty()
&gt;       assert bool_0 is False
E       assert True is False

MOSA/test_stack3_MOSA.py:152: AssertionError
=========================== short test summary info ============================
FAILED MOSA/test_stack3_MOSA.py::test_case_1 - AssertionError: assert 'builti...
FAILED MOSA/test_stack3_MOSA.py::test_case_4 - assert True is False
FAILED MOSA/test_stack3_MOSA.py::test_case_9 - AssertionError: assert 'builti...
FAILED MOSA/test_stack3_MOSA.py::test_case_10 - AssertionError: assert 'built...
FAILED MOSA/test_stack3_MOSA.py::test_case_13 - assert True is False
FAILED MOSA/test_stack3_MOSA.py::test_case_15 - assert True is False
FAILED MOSA/test_stack3_MOSA.py::test_case_16 - assert True is False
========================= 7 failed, 10 passed in 0.44s =========================
</pre></div></div></div></div></div><div class="mb-1" id="job_list___sub_accordion_55"><div class="card"><a data-toggle="collapse" data-target="#job_list___sub_collapse_55_1" aria-expanded="false" aria-controls="job_list___sub_collapse_55_1" href="#" class="job_list___sub_multi_heading"><div role="alert" class="card-header alert-success" id="job_list___sub_heading_55_1"><button class="btn btn-outline-success"><span class="job_id">55 : Job ID f775cb381df040c4924c810f02e38876</span></button></div></a><div aria-labelledby="job_list___sub_heading_55_1" data-parent="#job_list___sub_accordion_55" class="collapse job_list___sub_multi_collapse" id="job_list___sub_collapse_55_1"><div class="card-body"><div class="work-item"><div class="alert alert-success test-outcome" role="alert"><p>worker outcome: normal</p><p>test outcome: killed</p></div></div><pre class="location"><a href="pycharm://open?file=stack3.py&amp;line=32" class="text-secondary"><button class="btn btn-outline-dark">stack3.py, start pos: (32, 27), end pos: (32, 28)</button></a></pre><pre>operator: core/NumberReplacer, occurrence: 6</pre><div class="alert alert-secondary"><pre class="diff">--- mutation diff ---
--- astack3.py
+++ bstack3.py
@@ -29,7 +29,7 @@
             self.__sentinel.next = newNode
             newNode.next = self.__head
             self.__head = newNode
-            self.__size += 1
+            self.__size += 2
 
     def remove(self):
 </pre></div><div class="alert alert-secondary"><pre class="diff">============================= test session starts ==============================
platform linux -- Python 3.10.10, pytest-7.2.1, pluggy-1.0.0
rootdir: /home/auri/temp/lucca/python_experiments/stack3
collected 17 items

MOSA/test_stack3_MOSA.py ................F                               [100%]

=================================== FAILURES ===================================
_________________________________ test_case_16 _________________________________

    def test_case_16():
        singly_linked_list_0 = module_0.SinglyLinkedList()
        list_0 = singly_linked_list_0.toArray()
        str_0 = singly_linked_list_0.__str__()
        assert str_0 == '[None]'
        none_type_0 = singly_linked_list_0.add(singly_linked_list_0)
        none_type_1 = singly_linked_list_0.add(str_0)
        str_1 = singly_linked_list_0.__str__()
        bool_0 = singly_linked_list_0.isEmpty()
        assert bool_0 is False
        int_0 = singly_linked_list_0.getSize()
&gt;       assert int_0 == 2
E       assert 3 == 2

MOSA/test_stack3_MOSA.py:154: AssertionError
=========================== short test summary info ============================
FAILED MOSA/test_stack3_MOSA.py::test_case_16 - assert 3 == 2
========================= 1 failed, 16 passed in 0.30s =========================
</pre></div></div></div></div></div><div class="mb-1" id="job_list___sub_accordion_56"><div class="card"><a data-toggle="collapse" data-target="#job_list___sub_collapse_56_1" aria-expanded="false" aria-controls="job_list___sub_collapse_56_1" href="#" class="job_list___sub_multi_heading"><div role="alert" class="card-header alert-success" id="job_list___sub_heading_56_1"><button class="btn btn-outline-success"><span class="job_id">56 : Job ID 33bd37a1628045dd9eba03576e42bd7a</span></button></div></a><div aria-labelledby="job_list___sub_heading_56_1" data-parent="#job_list___sub_accordion_56" class="collapse job_list___sub_multi_collapse" id="job_list___sub_collapse_56_1"><div class="card-body"><div class="work-item"><div class="alert alert-success test-outcome" role="alert"><p>worker outcome: normal</p><p>test outcome: killed</p></div></div><pre class="location"><a href="pycharm://open?file=stack3.py&amp;line=32" class="text-secondary"><button class="btn btn-outline-dark">stack3.py, start pos: (32, 27), end pos: (32, 28)</button></a></pre><pre>operator: core/NumberReplacer, occurrence: 7</pre><div class="alert alert-secondary"><pre class="diff">--- mutation diff ---
--- astack3.py
+++ bstack3.py
@@ -29,7 +29,7 @@
             self.__sentinel.next = newNode
             newNode.next = self.__head
             self.__head = newNode
-            self.__size += 1
+            self.__size += 0
 
     def remove(self):
 </pre></div><div class="alert alert-secondary"><pre class="diff">============================= test session starts ==============================
platform linux -- Python 3.10.10, pytest-7.2.1, pluggy-1.0.0
rootdir: /home/auri/temp/lucca/python_experiments/stack3
collected 17 items

MOSA/test_stack3_MOSA.py ................F                               [100%]

=================================== FAILURES ===================================
_________________________________ test_case_16 _________________________________

    def test_case_16():
        singly_linked_list_0 = module_0.SinglyLinkedList()
        list_0 = singly_linked_list_0.toArray()
        str_0 = singly_linked_list_0.__str__()
        assert str_0 == '[None]'
        none_type_0 = singly_linked_list_0.add(singly_linked_list_0)
        none_type_1 = singly_linked_list_0.add(str_0)
        str_1 = singly_linked_list_0.__str__()
        bool_0 = singly_linked_list_0.isEmpty()
        assert bool_0 is False
        int_0 = singly_linked_list_0.getSize()
&gt;       assert int_0 == 2
E       assert 1 == 2

MOSA/test_stack3_MOSA.py:154: AssertionError
=========================== short test summary info ============================
FAILED MOSA/test_stack3_MOSA.py::test_case_16 - assert 1 == 2
========================= 1 failed, 16 passed in 0.32s =========================
</pre></div></div></div></div></div><div class="mb-1" id="job_list___sub_accordion_57"><div class="card"><a data-toggle="collapse" data-target="#job_list___sub_collapse_57_1" aria-expanded="false" aria-controls="job_list___sub_collapse_57_1" href="#" class="job_list___sub_multi_heading"><div role="alert" class="card-header alert-success" id="job_list___sub_heading_57_1"><button class="btn btn-outline-success"><span class="job_id">57 : Job ID 7862e7384f5944388a1f6a865f775e14</span></button></div></a><div aria-labelledby="job_list___sub_heading_57_1" data-parent="#job_list___sub_accordion_57" class="collapse job_list___sub_multi_collapse" id="job_list___sub_collapse_57_1"><div class="card-body"><div class="work-item"><div class="alert alert-success test-outcome" role="alert"><p>worker outcome: normal</p><p>test outcome: killed</p></div></div><pre class="location"><a href="pycharm://open?file=stack3.py&amp;line=38" class="text-secondary"><button class="btn btn-outline-dark">stack3.py, start pos: (38, 26), end pos: (38, 27)</button></a></pre><pre>operator: core/NumberReplacer, occurrence: 8</pre><div class="alert alert-secondary"><pre class="diff">--- mutation diff ---
--- astack3.py
+++ bstack3.py
@@ -35,7 +35,7 @@
 
         """Remove node from linkedlist."""
 
-        if self.__size == 0:
+        if self.__size == 1:
             return None
         if self.__size &gt;= 1:
             nodeToRemove = self.__head</pre></div><div class="alert alert-secondary"><pre class="diff">============================= test session starts ==============================
platform linux -- Python 3.10.10, pytest-7.2.1, pluggy-1.0.0
rootdir: /home/auri/temp/lucca/python_experiments/stack3
collected 17 items

MOSA/test_stack3_MOSA.py .F..F....FF..F...                               [100%]

=================================== FAILURES ===================================
_________________________________ test_case_1 __________________________________

    def test_case_1():
        singly_linked_list_0 = module_0.SinglyLinkedList()
        none_type_0 = singly_linked_list_0.add(singly_linked_list_0)
        var_0 = singly_linked_list_0.remove()
&gt;       assert f'{type(var_0).__module__}.{type(var_0).__qualname__}' == 'stack3.Node'
E       AssertionError: assert 'builtins.NoneType' == 'stack3.Node'
E         - stack3.Node
E         + builtins.NoneType

MOSA/test_stack3_MOSA.py:12: AssertionError
_________________________________ test_case_4 __________________________________

    def test_case_4():
        singly_linked_list_0 = module_0.SinglyLinkedList()
        node_0 = singly_linked_list_0.getHeadNode()
        int_0 = singly_linked_list_0.getSize()
        list_0 = singly_linked_list_0.toArray()
        none_type_0 = singly_linked_list_0.add(list_0)
        bool_0 = singly_linked_list_0.isEmpty()
        assert bool_0 is False
        var_0 = singly_linked_list_0.remove()
&gt;       assert node_0.next is None
E       assert &lt;stack3.Node object at 0x7fa933e0fbe0&gt; is None
E        +  where &lt;stack3.Node object at 0x7fa933e0fbe0&gt; = &lt;stack3.Node object at 0x7fa933e0fa90&gt;.next

MOSA/test_stack3_MOSA.py:37: AssertionError
_________________________________ test_case_9 __________________________________

    def test_case_9():
        singly_linked_list_0 = module_0.SinglyLinkedList()
        none_type_0 = singly_linked_list_0.add(singly_linked_list_0)
        str_0 = singly_linked_list_0.__str__()
        var_0 = singly_linked_list_0.remove()
&gt;       assert f'{type(var_0).__module__}.{type(var_0).__qualname__}' == 'stack3.Node'
E       AssertionError: assert 'builtins.NoneType' == 'stack3.Node'
E         - stack3.Node
E         + builtins.NoneType

MOSA/test_stack3_MOSA.py:73: AssertionError
_________________________________ test_case_10 _________________________________

    def test_case_10():
        singly_linked_list_0 = module_0.SinglyLinkedList()
        stack_0 = module_0.Stack()
        bool_0 = False
        none_type_0 = singly_linked_list_0.add(bool_0)
        none_type_1 = stack_0.push(singly_linked_list_0)
        var_0 = singly_linked_list_0.remove()
&gt;       assert f'{type(var_0).__module__}.{type(var_0).__qualname__}' == 'stack3.Node'
E       AssertionError: assert 'builtins.NoneType' == 'stack3.Node'
E         - stack3.Node
E         + builtins.NoneType

MOSA/test_stack3_MOSA.py:88: AssertionError
_________________________________ test_case_13 _________________________________

    def test_case_13():
        stack_0 = module_0.Stack()
        none_type_0 = stack_0.push(stack_0)
        var_0 = stack_0.peek()
        bool_0 = var_0.isEmpty()
        assert bool_0 is False
        stack_1 = module_0.Stack()
        var_1 = stack_0.pop()
&gt;       assert f'{type(var_1).__module__}.{type(var_1).__qualname__}' == 'stack3.Node'
E       AssertionError: assert 'builtins.NoneType' == 'stack3.Node'
E         - stack3.Node
E         + builtins.NoneType

MOSA/test_stack3_MOSA.py:111: AssertionError
=========================== short test summary info ============================
FAILED MOSA/test_stack3_MOSA.py::test_case_1 - AssertionError: assert 'builti...
FAILED MOSA/test_stack3_MOSA.py::test_case_4 - assert &lt;stack3.Node object at ...
FAILED MOSA/test_stack3_MOSA.py::test_case_9 - AssertionError: assert 'builti...
FAILED MOSA/test_stack3_MOSA.py::test_case_10 - AssertionError: assert 'built...
FAILED MOSA/test_stack3_MOSA.py::test_case_13 - AssertionError: assert 'built...
========================= 5 failed, 12 passed in 0.36s =========================
</pre></div></div></div></div></div><div class="mb-1" id="job_list___sub_accordion_58"><div class="card"><a data-toggle="collapse" data-target="#job_list___sub_collapse_58_1" aria-expanded="false" aria-controls="job_list___sub_collapse_58_1" href="#" class="job_list___sub_multi_heading"><div role="alert" class="card-header alert-danger" id="job_list___sub_heading_58_1"><button class="btn btn-outline-danger"><span class="job_id">58 : Job ID d1e7404771e646cfa1c4f9c6705a57f2</span></button></div></a><div aria-labelledby="job_list___sub_heading_58_1" data-parent="#job_list___sub_accordion_58" class="collapse job_list___sub_multi_collapse" id="job_list___sub_collapse_58_1"><div class="card-body"><div class="work-item"><div class="alert alert-danger test-outcome" role="alert"><p>SURVIVED</p><p>worker outcome: normal</p><p>test outcome: survived</p></div></div><pre class="location"><a href="pycharm://open?file=stack3.py&amp;line=38" class="text-secondary"><button class="btn btn-outline-dark">stack3.py, start pos: (38, 26), end pos: (38, 27)</button></a></pre><pre>operator: core/NumberReplacer, occurrence: 9</pre><div class="alert alert-secondary"><pre class="diff">--- mutation diff ---
--- astack3.py
+++ bstack3.py
@@ -35,7 +35,7 @@
 
         """Remove node from linkedlist."""
 
-        if self.__size == 0:
+        if self.__size == -1:
             return None
         if self.__size &gt;= 1:
             nodeToRemove = self.__head</pre></div><div class="alert alert-secondary"><pre class="diff">============================= test session starts ==============================
platform linux -- Python 3.10.10, pytest-7.2.1, pluggy-1.0.0
rootdir: /home/auri/temp/lucca/python_experiments/stack3
collected 17 items

MOSA/test_stack3_MOSA.py .................                               [100%]

============================== 17 passed in 0.20s ==============================
</pre></div></div></div></div></div><div class="mb-1" id="job_list___sub_accordion_59"><div class="card"><a data-toggle="collapse" data-target="#job_list___sub_collapse_59_1" aria-expanded="false" aria-controls="job_list___sub_collapse_59_1" href="#" class="job_list___sub_multi_heading"><div role="alert" class="card-header alert-success" id="job_list___sub_heading_59_1"><button class="btn btn-outline-success"><span class="job_id">59 : Job ID 40e732beef5e4f6a89817f0b68a7cbc0</span></button></div></a><div aria-labelledby="job_list___sub_heading_59_1" data-parent="#job_list___sub_accordion_59" class="collapse job_list___sub_multi_collapse" id="job_list___sub_collapse_59_1"><div class="card-body"><div class="work-item"><div class="alert alert-success test-outcome" role="alert"><p>worker outcome: normal</p><p>test outcome: killed</p></div></div><pre class="location"><a href="pycharm://open?file=stack3.py&amp;line=40" class="text-secondary"><button class="btn btn-outline-dark">stack3.py, start pos: (40, 26), end pos: (40, 27)</button></a></pre><pre>operator: core/NumberReplacer, occurrence: 10</pre><div class="alert alert-secondary"><pre class="diff">--- mutation diff ---
--- astack3.py
+++ bstack3.py
@@ -37,7 +37,7 @@
 
         if self.__size == 0:
             return None
-        if self.__size &gt;= 1:
+        if self.__size &gt;= 2:
             nodeToRemove = self.__head
             self.__sentinel.next = None
             self.__head = self.__sentinel</pre></div><div class="alert alert-secondary"><pre class="diff">============================= test session starts ==============================
platform linux -- Python 3.10.10, pytest-7.2.1, pluggy-1.0.0
rootdir: /home/auri/temp/lucca/python_experiments/stack3
collected 17 items

MOSA/test_stack3_MOSA.py .........F...F...                               [100%]

=================================== FAILURES ===================================
_________________________________ test_case_9 __________________________________

    def test_case_9():
        singly_linked_list_0 = module_0.SinglyLinkedList()
        none_type_0 = singly_linked_list_0.add(singly_linked_list_0)
        str_0 = singly_linked_list_0.__str__()
        var_0 = singly_linked_list_0.remove()
        assert f'{type(var_0).__module__}.{type(var_0).__qualname__}' == 'stack3.Node'
        assert f'{type(var_0.value).__module__}.{type(var_0.value).__qualname__}' == 'stack3.SinglyLinkedList'
        assert var_0.next is None
        node_0 = singly_linked_list_0.getHeadNode()
&gt;       assert f'{type(node_0).__module__}.{type(node_0).__qualname__}' == 'stack3.Node'
E       AssertionError: assert 'builtins.NoneType' == 'stack3.Node'
E         - stack3.Node
E         + builtins.NoneType

MOSA/test_stack3_MOSA.py:77: AssertionError
_________________________________ test_case_13 _________________________________

    def test_case_13():
        stack_0 = module_0.Stack()
        none_type_0 = stack_0.push(stack_0)
        var_0 = stack_0.peek()
        bool_0 = var_0.isEmpty()
        assert bool_0 is False
        stack_1 = module_0.Stack()
        var_1 = stack_0.pop()
        assert f'{type(var_1).__module__}.{type(var_1).__qualname__}' == 'stack3.Node'
        assert f'{type(var_1.value).__module__}.{type(var_1.value).__qualname__}' == 'stack3.Stack'
        assert var_1.next is None
&gt;       var_2 = stack_0.peek()

MOSA/test_stack3_MOSA.py:114: 
_ _ _ _ _ _ _ _ _ _ _ _ _ _ _ _ _ _ _ _ _ _ _ _ _ _ _ _ _ _ _ _ _ _ _ _ _ _ _ _ 
stack3.py:119: in peek
    return self.__stack.getHead()
_ _ _ _ _ _ _ _ _ _ _ _ _ _ _ _ _ _ _ _ _ _ _ _ _ _ _ _ _ _ _ _ _ _ _ _ _ _ _ _ 

self = &lt;stack3.SinglyLinkedList object at 0x7fb7b462f970&gt;

    def getHead(self) -&gt; T:
    
        """Get value of the linkedlist head node."""
    
&gt;       return self.__head.value
E       AttributeError: 'NoneType' object has no attribute 'value'

stack3.py:57: AttributeError
=========================== short test summary info ============================
FAILED MOSA/test_stack3_MOSA.py::test_case_9 - AssertionError: assert 'builti...
FAILED MOSA/test_stack3_MOSA.py::test_case_13 - AttributeError: 'NoneType' ob...
========================= 2 failed, 15 passed in 0.35s =========================
</pre></div></div></div></div></div><div class="mb-1" id="job_list___sub_accordion_60"><div class="card"><a data-toggle="collapse" data-target="#job_list___sub_collapse_60_1" aria-expanded="false" aria-controls="job_list___sub_collapse_60_1" href="#" class="job_list___sub_multi_heading"><div role="alert" class="card-header alert-danger" id="job_list___sub_heading_60_1"><button class="btn btn-outline-danger"><span class="job_id">60 : Job ID 4b81db3e5f404a17b41e6e2ba5e5169b</span></button></div></a><div aria-labelledby="job_list___sub_heading_60_1" data-parent="#job_list___sub_accordion_60" class="collapse job_list___sub_multi_collapse" id="job_list___sub_collapse_60_1"><div class="card-body"><div class="work-item"><div class="alert alert-danger test-outcome" role="alert"><p>SURVIVED</p><p>worker outcome: normal</p><p>test outcome: survived</p></div></div><pre class="location"><a href="pycharm://open?file=stack3.py&amp;line=40" class="text-secondary"><button class="btn btn-outline-dark">stack3.py, start pos: (40, 26), end pos: (40, 27)</button></a></pre><pre>operator: core/NumberReplacer, occurrence: 11</pre><div class="alert alert-secondary"><pre class="diff">--- mutation diff ---
--- astack3.py
+++ bstack3.py
@@ -37,7 +37,7 @@
 
         if self.__size == 0:
             return None
-        if self.__size &gt;= 1:
+        if self.__size &gt;= 0:
             nodeToRemove = self.__head
             self.__sentinel.next = None
             self.__head = self.__sentinel</pre></div><div class="alert alert-secondary"><pre class="diff">============================= test session starts ==============================
platform linux -- Python 3.10.10, pytest-7.2.1, pluggy-1.0.0
rootdir: /home/auri/temp/lucca/python_experiments/stack3
collected 17 items

MOSA/test_stack3_MOSA.py .................                               [100%]

============================== 17 passed in 0.19s ==============================
</pre></div></div></div></div></div><div class="mb-1" id="job_list___sub_accordion_61"><div class="card"><a data-toggle="collapse" data-target="#job_list___sub_collapse_61_1" aria-expanded="false" aria-controls="job_list___sub_collapse_61_1" href="#" class="job_list___sub_multi_heading"><div role="alert" class="card-header alert-danger" id="job_list___sub_heading_61_1"><button class="btn btn-outline-danger"><span class="job_id">61 : Job ID f478cb387c4b47d2ab7298528f751105</span></button></div></a><div aria-labelledby="job_list___sub_heading_61_1" data-parent="#job_list___sub_accordion_61" class="collapse job_list___sub_multi_collapse" id="job_list___sub_collapse_61_1"><div class="card-body"><div class="work-item"><div class="alert alert-danger test-outcome" role="alert"><p>SURVIVED</p><p>worker outcome: normal</p><p>test outcome: survived</p></div></div><pre class="location"><a href="pycharm://open?file=stack3.py&amp;line=44" class="text-secondary"><button class="btn btn-outline-dark">stack3.py, start pos: (44, 27), end pos: (44, 28)</button></a></pre><pre>operator: core/NumberReplacer, occurrence: 12</pre><div class="alert alert-secondary"><pre class="diff">--- mutation diff ---
--- astack3.py
+++ bstack3.py
@@ -41,7 +41,7 @@
             nodeToRemove = self.__head
             self.__sentinel.next = None
             self.__head = self.__sentinel
-            self.__size -= 1
+            self.__size -= 2
             return nodeToRemove
         else:
             nodeToRemove = self.__head</pre></div><div class="alert alert-secondary"><pre class="diff">============================= test session starts ==============================
platform linux -- Python 3.10.10, pytest-7.2.1, pluggy-1.0.0
rootdir: /home/auri/temp/lucca/python_experiments/stack3
collected 17 items

MOSA/test_stack3_MOSA.py .................                               [100%]

============================== 17 passed in 0.19s ==============================
</pre></div></div></div></div></div><div class="mb-1" id="job_list___sub_accordion_62"><div class="card"><a data-toggle="collapse" data-target="#job_list___sub_collapse_62_1" aria-expanded="false" aria-controls="job_list___sub_collapse_62_1" href="#" class="job_list___sub_multi_heading"><div role="alert" class="card-header alert-danger" id="job_list___sub_heading_62_1"><button class="btn btn-outline-danger"><span class="job_id">62 : Job ID ffc3b50a2bd947b09078ed51a237d900</span></button></div></a><div aria-labelledby="job_list___sub_heading_62_1" data-parent="#job_list___sub_accordion_62" class="collapse job_list___sub_multi_collapse" id="job_list___sub_collapse_62_1"><div class="card-body"><div class="work-item"><div class="alert alert-danger test-outcome" role="alert"><p>SURVIVED</p><p>worker outcome: normal</p><p>test outcome: survived</p></div></div><pre class="location"><a href="pycharm://open?file=stack3.py&amp;line=44" class="text-secondary"><button class="btn btn-outline-dark">stack3.py, start pos: (44, 27), end pos: (44, 28)</button></a></pre><pre>operator: core/NumberReplacer, occurrence: 13</pre><div class="alert alert-secondary"><pre class="diff">--- mutation diff ---
--- astack3.py
+++ bstack3.py
@@ -41,7 +41,7 @@
             nodeToRemove = self.__head
             self.__sentinel.next = None
             self.__head = self.__sentinel
-            self.__size -= 1
+            self.__size -= 0
             return nodeToRemove
         else:
             nodeToRemove = self.__head</pre></div><div class="alert alert-secondary"><pre class="diff">============================= test session starts ==============================
platform linux -- Python 3.10.10, pytest-7.2.1, pluggy-1.0.0
rootdir: /home/auri/temp/lucca/python_experiments/stack3
collected 17 items

MOSA/test_stack3_MOSA.py .................                               [100%]

============================== 17 passed in 0.17s ==============================
</pre></div></div></div></div></div><div class="mb-1" id="job_list___sub_accordion_63"><div class="card"><a data-toggle="collapse" data-target="#job_list___sub_collapse_63_1" aria-expanded="false" aria-controls="job_list___sub_collapse_63_1" href="#" class="job_list___sub_multi_heading"><div role="alert" class="card-header alert-danger" id="job_list___sub_heading_63_1"><button class="btn btn-outline-danger"><span class="job_id">63 : Job ID 60d1a63a07eb40b78d6d567824f26333</span></button></div></a><div aria-labelledby="job_list___sub_heading_63_1" data-parent="#job_list___sub_accordion_63" class="collapse job_list___sub_multi_collapse" id="job_list___sub_collapse_63_1"><div class="card-body"><div class="work-item"><div class="alert alert-danger test-outcome" role="alert"><p>SURVIVED</p><p>worker outcome: normal</p><p>test outcome: survived</p></div></div><pre class="location"><a href="pycharm://open?file=stack3.py&amp;line=50" class="text-secondary"><button class="btn btn-outline-dark">stack3.py, start pos: (50, 27), end pos: (50, 28)</button></a></pre><pre>operator: core/NumberReplacer, occurrence: 14</pre><div class="alert alert-secondary"><pre class="diff">--- mutation diff ---
--- astack3.py
+++ bstack3.py
@@ -47,7 +47,7 @@
             nodeToRemove = self.__head
             self.__sentinel.next = self.__head.next
             self.__head = self.__sentinel.next
-            self.__size -= 1
+            self.__size -= 2
             return nodeToRemove
 
     def getHead(self) -&gt; T:</pre></div><div class="alert alert-secondary"><pre class="diff">============================= test session starts ==============================
platform linux -- Python 3.10.10, pytest-7.2.1, pluggy-1.0.0
rootdir: /home/auri/temp/lucca/python_experiments/stack3
collected 17 items

MOSA/test_stack3_MOSA.py .................                               [100%]

============================== 17 passed in 0.25s ==============================
</pre></div></div></div></div></div><div class="mb-1" id="job_list___sub_accordion_64"><div class="card"><a data-toggle="collapse" data-target="#job_list___sub_collapse_64_1" aria-expanded="false" aria-controls="job_list___sub_collapse_64_1" href="#" class="job_list___sub_multi_heading"><div role="alert" class="card-header alert-danger" id="job_list___sub_heading_64_1"><button class="btn btn-outline-danger"><span class="job_id">64 : Job ID 76da1010e77f422d89e7708407887776</span></button></div></a><div aria-labelledby="job_list___sub_heading_64_1" data-parent="#job_list___sub_accordion_64" class="collapse job_list___sub_multi_collapse" id="job_list___sub_collapse_64_1"><div class="card-body"><div class="work-item"><div class="alert alert-danger test-outcome" role="alert"><p>SURVIVED</p><p>worker outcome: normal</p><p>test outcome: survived</p></div></div><pre class="location"><a href="pycharm://open?file=stack3.py&amp;line=50" class="text-secondary"><button class="btn btn-outline-dark">stack3.py, start pos: (50, 27), end pos: (50, 28)</button></a></pre><pre>operator: core/NumberReplacer, occurrence: 15</pre><div class="alert alert-secondary"><pre class="diff">--- mutation diff ---
--- astack3.py
+++ bstack3.py
@@ -47,7 +47,7 @@
             nodeToRemove = self.__head
             self.__sentinel.next = self.__head.next
             self.__head = self.__sentinel.next
-            self.__size -= 1
+            self.__size -= 0
             return nodeToRemove
 
     def getHead(self) -&gt; T:</pre></div><div class="alert alert-secondary"><pre class="diff">============================= test session starts ==============================
platform linux -- Python 3.10.10, pytest-7.2.1, pluggy-1.0.0
rootdir: /home/auri/temp/lucca/python_experiments/stack3
collected 17 items

MOSA/test_stack3_MOSA.py .................                               [100%]

============================== 17 passed in 0.23s ==============================
</pre></div></div></div></div></div><div class="mb-1" id="job_list___sub_accordion_65"><div class="card"><a data-toggle="collapse" data-target="#job_list___sub_collapse_65_1" aria-expanded="false" aria-controls="job_list___sub_collapse_65_1" href="#" class="job_list___sub_multi_heading"><div role="alert" class="card-header alert-success" id="job_list___sub_heading_65_1"><button class="btn btn-outline-success"><span class="job_id">65 : Job ID b25f21c3125d40a3ac65d9eeacaa79f8</span></button></div></a><div aria-labelledby="job_list___sub_heading_65_1" data-parent="#job_list___sub_accordion_65" class="collapse job_list___sub_multi_collapse" id="job_list___sub_collapse_65_1"><div class="card-body"><div class="work-item"><div class="alert alert-success test-outcome" role="alert"><p>worker outcome: normal</p><p>test outcome: killed</p></div></div><pre class="location"><a href="pycharm://open?file=stack3.py&amp;line=75" class="text-secondary"><button class="btn btn-outline-dark">stack3.py, start pos: (75, 38), end pos: (75, 39)</button></a></pre><pre>operator: core/NumberReplacer, occurrence: 16</pre><div class="alert alert-secondary"><pre class="diff">--- mutation diff ---
--- astack3.py
+++ bstack3.py
@@ -72,7 +72,7 @@
 
         """Checks if linkedlist is empty."""
 
-        return True if self.__size == 0 else False
+        return True if self.__size == 1 else False
 
     def toArray(self) -&gt; list:
 </pre></div><div class="alert alert-secondary"><pre class="diff">============================= test session starts ==============================
platform linux -- Python 3.10.10, pytest-7.2.1, pluggy-1.0.0
rootdir: /home/auri/temp/lucca/python_experiments/stack3
collected 17 items

MOSA/test_stack3_MOSA.py ...FF..........F.                               [100%]

=================================== FAILURES ===================================
_________________________________ test_case_3 __________________________________

    def test_case_3():
        singly_linked_list_0 = module_0.SinglyLinkedList()
        bool_0 = singly_linked_list_0.isEmpty()
&gt;       assert bool_0 is True
E       assert False is True

MOSA/test_stack3_MOSA.py:25: AssertionError
_________________________________ test_case_4 __________________________________

    def test_case_4():
        singly_linked_list_0 = module_0.SinglyLinkedList()
        node_0 = singly_linked_list_0.getHeadNode()
        int_0 = singly_linked_list_0.getSize()
        list_0 = singly_linked_list_0.toArray()
        none_type_0 = singly_linked_list_0.add(list_0)
        bool_0 = singly_linked_list_0.isEmpty()
&gt;       assert bool_0 is False
E       assert True is False

MOSA/test_stack3_MOSA.py:35: AssertionError
_________________________________ test_case_15 _________________________________

    def test_case_15():
        singly_linked_list_0 = module_0.SinglyLinkedList()
        list_0 = singly_linked_list_0.toArray()
        str_0 = singly_linked_list_0.__str__()
        assert str_0 == '[None]'
        none_type_0 = singly_linked_list_0.add(singly_linked_list_0)
        bool_0 = singly_linked_list_0.isEmpty()
&gt;       assert bool_0 is False
E       assert True is False

MOSA/test_stack3_MOSA.py:133: AssertionError
=========================== short test summary info ============================
FAILED MOSA/test_stack3_MOSA.py::test_case_3 - assert False is True
FAILED MOSA/test_stack3_MOSA.py::test_case_4 - assert True is False
FAILED MOSA/test_stack3_MOSA.py::test_case_15 - assert True is False
========================= 3 failed, 14 passed in 0.29s =========================
</pre></div></div></div></div></div><div class="mb-1" id="job_list___sub_accordion_66"><div class="card"><a data-toggle="collapse" data-target="#job_list___sub_collapse_66_1" aria-expanded="false" aria-controls="job_list___sub_collapse_66_1" href="#" class="job_list___sub_multi_heading"><div role="alert" class="card-header alert-success" id="job_list___sub_heading_66_1"><button class="btn btn-outline-success"><span class="job_id">66 : Job ID 305a58bad9fc436eb98580707fd8cafe</span></button></div></a><div aria-labelledby="job_list___sub_heading_66_1" data-parent="#job_list___sub_accordion_66" class="collapse job_list___sub_multi_collapse" id="job_list___sub_collapse_66_1"><div class="card-body"><div class="work-item"><div class="alert alert-success test-outcome" role="alert"><p>worker outcome: normal</p><p>test outcome: killed</p></div></div><pre class="location"><a href="pycharm://open?file=stack3.py&amp;line=75" class="text-secondary"><button class="btn btn-outline-dark">stack3.py, start pos: (75, 38), end pos: (75, 39)</button></a></pre><pre>operator: core/NumberReplacer, occurrence: 17</pre><div class="alert alert-secondary"><pre class="diff">--- mutation diff ---
--- astack3.py
+++ bstack3.py
@@ -72,7 +72,7 @@
 
         """Checks if linkedlist is empty."""
 
-        return True if self.__size == 0 else False
+        return True if self.__size == -1 else False
 
     def toArray(self) -&gt; list:
 </pre></div><div class="alert alert-secondary"><pre class="diff">============================= test session starts ==============================
platform linux -- Python 3.10.10, pytest-7.2.1, pluggy-1.0.0
rootdir: /home/auri/temp/lucca/python_experiments/stack3
collected 17 items

MOSA/test_stack3_MOSA.py ...F.............                               [100%]

=================================== FAILURES ===================================
_________________________________ test_case_3 __________________________________

    def test_case_3():
        singly_linked_list_0 = module_0.SinglyLinkedList()
        bool_0 = singly_linked_list_0.isEmpty()
&gt;       assert bool_0 is True
E       assert False is True

MOSA/test_stack3_MOSA.py:25: AssertionError
=========================== short test summary info ============================
FAILED MOSA/test_stack3_MOSA.py::test_case_3 - assert False is True
========================= 1 failed, 16 passed in 0.28s =========================
</pre></div></div></div></div></div><div class="mb-1" id="job_list___sub_accordion_67"><div class="card"><a data-toggle="collapse" data-target="#job_list___sub_collapse_67_1" aria-expanded="false" aria-controls="job_list___sub_collapse_67_1" href="#" class="job_list___sub_multi_heading"><div role="alert" class="card-header alert-success" id="job_list___sub_heading_67_1"><button class="btn btn-outline-success"><span class="job_id">67 : Job ID 184b7cadd08547c1aef776b9d66fc35d</span></button></div></a><div aria-labelledby="job_list___sub_heading_67_1" data-parent="#job_list___sub_accordion_67" class="collapse job_list___sub_multi_collapse" id="job_list___sub_collapse_67_1"><div class="card-body"><div class="work-item"><div class="alert alert-success test-outcome" role="alert"><p>worker outcome: normal</p><p>test outcome: killed</p></div></div><pre class="location"><a href="pycharm://open?file=stack3.py&amp;line=125" class="text-secondary"><button class="btn btn-outline-dark">stack3.py, start pos: (125, 49), end pos: (125, 50)</button></a></pre><pre>operator: core/NumberReplacer, occurrence: 18</pre><div class="alert alert-secondary"><pre class="diff">--- mutation diff ---
--- astack3.py
+++ bstack3.py
@@ -122,7 +122,7 @@
 
         """Check if stack is empty."""
 
-        return True if self.__stack.getSize() == 0 else False
+        return True if self.__stack.getSize() == 1 else False
 
     def getSize(self) -&gt; int:
 </pre></div><div class="alert alert-secondary"><pre class="diff">============================= test session starts ==============================
platform linux -- Python 3.10.10, pytest-7.2.1, pluggy-1.0.0
rootdir: /home/auri/temp/lucca/python_experiments/stack3
collected 17 items

MOSA/test_stack3_MOSA.py .......F.....F...                               [100%]

=================================== FAILURES ===================================
_________________________________ test_case_7 __________________________________

    def test_case_7():
        stack_0 = module_0.Stack()
        bool_0 = stack_0.isEmpty()
&gt;       assert bool_0 is True
E       assert False is True

MOSA/test_stack3_MOSA.py:59: AssertionError
_________________________________ test_case_13 _________________________________

    def test_case_13():
        stack_0 = module_0.Stack()
        none_type_0 = stack_0.push(stack_0)
        var_0 = stack_0.peek()
        bool_0 = var_0.isEmpty()
&gt;       assert bool_0 is False
E       assert True is False

MOSA/test_stack3_MOSA.py:108: AssertionError
=========================== short test summary info ============================
FAILED MOSA/test_stack3_MOSA.py::test_case_7 - assert False is True
FAILED MOSA/test_stack3_MOSA.py::test_case_13 - assert True is False
========================= 2 failed, 15 passed in 0.30s =========================
</pre></div></div></div></div></div><div class="mb-1" id="job_list___sub_accordion_68"><div class="card"><a data-toggle="collapse" data-target="#job_list___sub_collapse_68_1" aria-expanded="false" aria-controls="job_list___sub_collapse_68_1" href="#" class="job_list___sub_multi_heading"><div role="alert" class="card-header alert-success" id="job_list___sub_heading_68_1"><button class="btn btn-outline-success"><span class="job_id">68 : Job ID d8fb9feb969a4ff2a7d408771dd96d8b</span></button></div></a><div aria-labelledby="job_list___sub_heading_68_1" data-parent="#job_list___sub_accordion_68" class="collapse job_list___sub_multi_collapse" id="job_list___sub_collapse_68_1"><div class="card-body"><div class="work-item"><div class="alert alert-success test-outcome" role="alert"><p>worker outcome: normal</p><p>test outcome: killed</p></div></div><pre class="location"><a href="pycharm://open?file=stack3.py&amp;line=125" class="text-secondary"><button class="btn btn-outline-dark">stack3.py, start pos: (125, 49), end pos: (125, 50)</button></a></pre><pre>operator: core/NumberReplacer, occurrence: 19</pre><div class="alert alert-secondary"><pre class="diff">--- mutation diff ---
--- astack3.py
+++ bstack3.py
@@ -122,7 +122,7 @@
 
         """Check if stack is empty."""
 
-        return True if self.__stack.getSize() == 0 else False
+        return True if self.__stack.getSize() == -1 else False
 
     def getSize(self) -&gt; int:
 </pre></div><div class="alert alert-secondary"><pre class="diff">============================= test session starts ==============================
platform linux -- Python 3.10.10, pytest-7.2.1, pluggy-1.0.0
rootdir: /home/auri/temp/lucca/python_experiments/stack3
collected 17 items

MOSA/test_stack3_MOSA.py .......F.........                               [100%]

=================================== FAILURES ===================================
_________________________________ test_case_7 __________________________________

    def test_case_7():
        stack_0 = module_0.Stack()
        bool_0 = stack_0.isEmpty()
&gt;       assert bool_0 is True
E       assert False is True

MOSA/test_stack3_MOSA.py:59: AssertionError
=========================== short test summary info ============================
FAILED MOSA/test_stack3_MOSA.py::test_case_7 - assert False is True
========================= 1 failed, 16 passed in 0.29s =========================
</pre></div></div></div></div></div><div class="mb-1" id="job_list___sub_accordion_69"><div class="card"><a data-toggle="collapse" data-target="#job_list___sub_collapse_69_1" aria-expanded="false" aria-controls="job_list___sub_collapse_69_1" href="#" class="job_list___sub_multi_heading"><div role="alert" class="card-header alert-danger" id="job_list___sub_heading_69_1"><button class="btn btn-outline-danger"><span class="job_id">69 : Job ID c2f62525464a4974846f11230aec0a44</span></button></div></a><div aria-labelledby="job_list___sub_heading_69_1" data-parent="#job_list___sub_accordion_69" class="collapse job_list___sub_multi_collapse" id="job_list___sub_collapse_69_1"><div class="card-body"><div class="work-item"><div class="alert alert-danger test-outcome" role="alert"><p>SURVIVED</p><p>worker outcome: normal</p><p>test outcome: survived</p></div></div><pre class="location"><a href="pycharm://open?file=stack3.py&amp;line=137" class="text-secondary"><button class="btn btn-outline-dark">stack3.py, start pos: (137, 45), end pos: (137, 46)</button></a></pre><pre>operator: core/NumberReplacer, occurrence: 20</pre><div class="alert alert-secondary"><pre class="diff">--- mutation diff ---
--- astack3.py
+++ bstack3.py
@@ -134,7 +134,7 @@
 
         """Get string representation of the stack."""
 
-        return str(self.__stack.toArray()[::-1])
+        return str(self.__stack.toArray()[::- 2])
 
 
 if __name__ == "__main__":</pre></div><div class="alert alert-secondary"><pre class="diff">============================= test session starts ==============================
platform linux -- Python 3.10.10, pytest-7.2.1, pluggy-1.0.0
rootdir: /home/auri/temp/lucca/python_experiments/stack3
collected 17 items

MOSA/test_stack3_MOSA.py .................                               [100%]

============================== 17 passed in 0.18s ==============================
</pre></div></div></div></div></div><div class="mb-1" id="job_list___sub_accordion_70"><div class="card"><a data-toggle="collapse" data-target="#job_list___sub_collapse_70_1" aria-expanded="false" aria-controls="job_list___sub_collapse_70_1" href="#" class="job_list___sub_multi_heading"><div role="alert" class="card-header alert-success" id="job_list___sub_heading_70_1"><button class="btn btn-outline-success"><span class="job_id">70 : Job ID 720545e70f4143c28c4e0982abcee158</span></button></div></a><div aria-labelledby="job_list___sub_heading_70_1" data-parent="#job_list___sub_accordion_70" class="collapse job_list___sub_multi_collapse" id="job_list___sub_collapse_70_1"><div class="card-body"><div class="work-item"><div class="alert alert-success test-outcome" role="alert"><p>worker outcome: normal</p><p>test outcome: killed</p></div></div><pre class="location"><a href="pycharm://open?file=stack3.py&amp;line=137" class="text-secondary"><button class="btn btn-outline-dark">stack3.py, start pos: (137, 45), end pos: (137, 46)</button></a></pre><pre>operator: core/NumberReplacer, occurrence: 21</pre><div class="alert alert-secondary"><pre class="diff">--- mutation diff ---
--- astack3.py
+++ bstack3.py
@@ -134,7 +134,7 @@
 
         """Get string representation of the stack."""
 
-        return str(self.__stack.toArray()[::-1])
+        return str(self.__stack.toArray()[::- 0])
 
 
 if __name__ == "__main__":</pre></div><div class="alert alert-secondary"><pre class="diff">============================= test session starts ==============================
platform linux -- Python 3.10.10, pytest-7.2.1, pluggy-1.0.0
rootdir: /home/auri/temp/lucca/python_experiments/stack3
collected 17 items

MOSA/test_stack3_MOSA.py .....F......F....                               [100%]

=================================== FAILURES ===================================
_________________________________ test_case_5 __________________________________

    def test_case_5():
        stack_0 = module_0.Stack()
&gt;       str_0 = stack_0.__str__()

MOSA/test_stack3_MOSA.py:48: 
_ _ _ _ _ _ _ _ _ _ _ _ _ _ _ _ _ _ _ _ _ _ _ _ _ _ _ _ _ _ _ _ _ _ _ _ _ _ _ _ 

self = &lt;stack3.Stack object at 0x7f2aa4df6ef0&gt;

    def __str__(self) -&gt; str:
    
        """Get string representation of the stack."""
    
&gt;       return str(self.__stack.toArray()[::- 0])
E       ValueError: slice step cannot be zero

stack3.py:137: ValueError
_________________________________ test_case_12 _________________________________

    def test_case_12():
        stack_0 = module_0.Stack()
&gt;       str_0 = stack_0.__str__()

MOSA/test_stack3_MOSA.py:98: 
_ _ _ _ _ _ _ _ _ _ _ _ _ _ _ _ _ _ _ _ _ _ _ _ _ _ _ _ _ _ _ _ _ _ _ _ _ _ _ _ 

self = &lt;stack3.Stack object at 0x7f2aa4c588b0&gt;

    def __str__(self) -&gt; str:
    
        """Get string representation of the stack."""
    
&gt;       return str(self.__stack.toArray()[::- 0])
E       ValueError: slice step cannot be zero

stack3.py:137: ValueError
=========================== short test summary info ============================
FAILED MOSA/test_stack3_MOSA.py::test_case_5 - ValueError: slice step cannot ...
FAILED MOSA/test_stack3_MOSA.py::test_case_12 - ValueError: slice step cannot...
========================= 2 failed, 15 passed in 0.36s =========================
</pre></div></div></div></div></div></div></div></div></div></div><script src="https://code.jquery.com/jquery-3.3.1.slim.min.js" integrity="sha384-q8i/X+965DzO0rT7abK41JStQIAqVgRVzpbzo5smXKp4YfRvH+8abtTE1Pi6jizo" crossorigin="anonymous"></script><script src="https://cdnjs.cloudflare.com/ajax/libs/popper.js/1.14.7/umd/popper.min.js" integrity="sha384-UO2eT0CpHqdSJQ6hJty5KVphtPhzWj9WO1clHTMGa3JDZwrnQq4sF86dIHNDz0W1" crossorigin="anonymous"></script><script src="https://stackpath.bootstrapcdn.com/bootstrap/4.3.1/js/bootstrap.min.js" integrity="sha384-JjSmVgyd0p3pXB1rRibZUAYoIIy6OrQ6VrjIEaFf/nJGzIxFDsf4x0xIM+B07jRM" crossorigin="anonymous"></script><script type="text/javascript">$('div.job_list___sub_multi_collapse').on('shown.bs.collapse',  function () {    correct_behavior_functional_buttons();  });$('div.job_list___sub_multi_collapse').on('hidden.bs.collapse',  function () {    correct_behavior_functional_buttons();  });function correct_behavior_functional_buttons() {    var expand = false;    var collapse = false;    $('a.job_list___sub_multi_heading').each(function(index) {      if ($(this).attr('aria-expanded') == 'false') {        expand = true;        return false;      };    });    $('a.job_list___sub_multi_heading').each(function(index) {      if ($(this).attr('aria-expanded') == 'true') {        collapse = true;        return false;      };    });    if (expand) {      $('div#job_item_expand_all').css('display', 'inline-block');    } else {      $('div#job_item_expand_all').css('display', 'none');    };    if (collapse) {      $('div#job_item_collapse_all').css('display', 'inline-block');    } else {      $('div#job_item_collapse_all').css('display', 'none');    };  };correct_behavior_functional_buttons();</script></body></html>
