<!DOCTYPE html><html lang="en"><head><meta charset="utf-8" /><meta name="viewport" content="width=device-width, initial-scale=1, shrink-to-fit=no" /><link rel="stylesheet" href="https://stackpath.bootstrapcdn.com/bootstrap/4.3.1/css/bootstrap.min.css" integrity="sha384-ggOyR0iXCbMQv3Xipma34MD+dH/1fQ784/j6cY/iJTQUOhcWr7x9JvoRxT2MZw1T" crossorigin="anonymous" /><title>Cosmic Ray Report</title></head><body><div class="container"><h1><p class="text-dark">Cosmic Ray Report</p></h1></div><div class="container"><div class="mb-1" id="summary_info___accordion"><div class="card"><a data-toggle="collapse" data-target="#summary_info___collapse_1" aria-expanded="true" aria-controls="summary_info___collapse_1" href="#"><div class="card-header" id="summary_info___heading_1"><button class="btn btn-outline-dark"><h4 class="m-0">Summary info</h4></button></div></a><div aria-labelledby="summary_info___heading_1" data-parent="#summary_info___accordion" class="collapse show" id="summary_info___collapse_1"><div class="card-body"><p>Date time: 10/03/2023 00:37:52</p><p>Total jobs: 70</p><p>Complete: 70 (100.00%)</p><p>Surviving mutants: 26 (37.14%)</p></div></div></div></div><div class="mb-1" id="job_list___accordion"><div class="card"><a data-toggle="collapse" data-target="#job_list___collapse_1" aria-expanded="false" aria-controls="job_list___collapse_1" href="#"><div class="card-header" id="job_list___heading_1"><button class="btn btn-outline-dark"><h4 class="m-0">Job list</h4></button></div></a><div aria-labelledby="job_list___heading_1" data-parent="#job_list___accordion" class="collapse" id="job_list___collapse_1"><div class="card-body"><div class="text-right mb-1"><div class="mx-1" id="job_item_expand_all"><a href="#" onclick="$('div.job_list___sub_multi_collapse').collapse('show');"><button class="btn btn-outline-dark"><span>Expand All</span></button></a></div><div class="mx-1" id="job_item_collapse_all"><a href="#" onclick="$('div.job_list___sub_multi_collapse').collapse('hide');"><button class="btn btn-outline-dark"><span>Collapse All</span></button></a></div></div><div class="mb-1" id="job_list___sub_accordion_1"><div class="card"><a data-toggle="collapse" data-target="#job_list___sub_collapse_1_1" aria-expanded="false" aria-controls="job_list___sub_collapse_1_1" href="#" class="job_list___sub_multi_heading"><div role="alert" class="card-header alert-success" id="job_list___sub_heading_1_1"><button class="btn btn-outline-success"><span class="job_id">1 : Job ID 610ef3e9b67a451cb3b507c09349331b</span></button></div></a><div aria-labelledby="job_list___sub_heading_1_1" data-parent="#job_list___sub_accordion_1" class="collapse job_list___sub_multi_collapse" id="job_list___sub_collapse_1_1"><div class="card-body"><div class="work-item"><div class="alert alert-success test-outcome" role="alert"><p>worker outcome: normal</p><p>test outcome: killed</p></div></div><pre class="location"><a href="pycharm://open?file=stack3.py&amp;line=24" class="text-secondary"><button class="btn btn-outline-dark">stack3.py, start pos: (24, 23), end pos: (24, 25)</button></a></pre><pre>operator: core/ReplaceComparisonOperator_Eq_NotEq, occurrence: 0</pre><div class="alert alert-secondary"><pre class="diff">--- mutation diff ---
--- astack3.py
+++ bstack3.py
@@ -21,7 +21,7 @@
         """Add element to linked list."""
 
         newNode = Node(value)
-        if self.__size == 0:
+        if self.__size != 0:
             self.__head.next = newNode
             self.__head = newNode
             self.__size += 1</pre></div><div class="alert alert-secondary"><pre class="diff">timeout</pre></div></div></div></div></div><div class="mb-1" id="job_list___sub_accordion_2"><div class="card"><a data-toggle="collapse" data-target="#job_list___sub_collapse_2_1" aria-expanded="false" aria-controls="job_list___sub_collapse_2_1" href="#" class="job_list___sub_multi_heading"><div role="alert" class="card-header alert-success" id="job_list___sub_heading_2_1"><button class="btn btn-outline-success"><span class="job_id">2 : Job ID 88de7b0dd1ad4f509a466dadf152d1ce</span></button></div></a><div aria-labelledby="job_list___sub_heading_2_1" data-parent="#job_list___sub_accordion_2" class="collapse job_list___sub_multi_collapse" id="job_list___sub_collapse_2_1"><div class="card-body"><div class="work-item"><div class="alert alert-success test-outcome" role="alert"><p>worker outcome: normal</p><p>test outcome: killed</p></div></div><pre class="location"><a href="pycharm://open?file=stack3.py&amp;line=38" class="text-secondary"><button class="btn btn-outline-dark">stack3.py, start pos: (38, 23), end pos: (38, 25)</button></a></pre><pre>operator: core/ReplaceComparisonOperator_Eq_NotEq, occurrence: 1</pre><div class="alert alert-secondary"><pre class="diff">--- mutation diff ---
--- astack3.py
+++ bstack3.py
@@ -35,7 +35,7 @@
 
         """Remove node from linkedlist."""
 
-        if self.__size == 0:
+        if self.__size != 0:
             return None
         if self.__size &gt;= 1:
             nodeToRemove = self.__head</pre></div><div class="alert alert-secondary"><pre class="diff">============================= test session starts ==============================
platform linux -- Python 3.10.10, pytest-7.2.1, pluggy-1.0.0
rootdir: /home/auri/temp/lucca/python_experiments/stack3
collected 30 items

MIO-WHOLE_SUITE/test_stack3_MIO.py ...F.................                 [ 70%]
MIO-WHOLE_SUITE/test_stack3_WHOLE_SUITE.py .F..FF..F                     [100%]

=================================== FAILURES ===================================
_________________________________ test_case_3 __________________________________

    def test_case_3():
        singly_linked_list_0 = module_0.SinglyLinkedList()
        none_type_0 = singly_linked_list_0.add(singly_linked_list_0)
        var_0 = singly_linked_list_0.remove()
&gt;       assert f'{type(var_0).__module__}.{type(var_0).__qualname__}' == 'stack3.Node'
E       AssertionError: assert 'builtins.NoneType' == 'stack3.Node'
E         - stack3.Node
E         + builtins.NoneType

MIO-WHOLE_SUITE/test_stack3_MIO.py:20: AssertionError
_________________________________ test_case_1 __________________________________

    def test_case_1():
        singly_linked_list_0 = module_0.SinglyLinkedList()
        none_type_0 = singly_linked_list_0.add(singly_linked_list_0)
        str_0 = singly_linked_list_0.__str__()
        none_type_1 = singly_linked_list_0.add(singly_linked_list_0)
        str_1 = singly_linked_list_0.__str__()
        var_0 = singly_linked_list_0.remove()
&gt;       assert f'{type(var_0).__module__}.{type(var_0).__qualname__}' == 'stack3.Node'
E       AssertionError: assert 'builtins.NoneType' == 'stack3.Node'
E         - stack3.Node
E         + builtins.NoneType

MIO-WHOLE_SUITE/test_stack3_WHOLE_SUITE.py:20: AssertionError
_________________________________ test_case_4 __________________________________

    def test_case_4():
        bytes_0 = b'W)\x0e\xb6\x96'
        stack_0 = module_0.Stack()
        none_type_0 = stack_0.push(bytes_0)
        var_0 = stack_0.pop()
&gt;       assert f'{type(var_0).__module__}.{type(var_0).__qualname__}' == 'stack3.Node'
E       AssertionError: assert 'builtins.NoneType' == 'stack3.Node'
E         - stack3.Node
E         + builtins.NoneType

MIO-WHOLE_SUITE/test_stack3_WHOLE_SUITE.py:63: AssertionError
_________________________________ test_case_5 __________________________________

    def test_case_5():
        singly_linked_list_0 = module_0.SinglyLinkedList()
        var_0 = singly_linked_list_0.remove()
        int_0 = singly_linked_list_0.getSize()
&gt;       assert int_0 == 0
E       assert -1 == 0

MIO-WHOLE_SUITE/test_stack3_WHOLE_SUITE.py:71: AssertionError
_________________________________ test_case_8 __________________________________

    def test_case_8():
        singly_linked_list_0 = module_0.SinglyLinkedList()
        var_0 = singly_linked_list_0.remove()
        node_0 = module_0.Node(var_0)
&gt;       assert node_0.value is None
E       assert &lt;stack3.Node object at 0x7f3381b2b1f0&gt; is None
E        +  where &lt;stack3.Node object at 0x7f3381b2b1f0&gt; = &lt;stack3.Node object at 0x7f3381b2ae30&gt;.value

MIO-WHOLE_SUITE/test_stack3_WHOLE_SUITE.py:92: AssertionError
=========================== short test summary info ============================
FAILED MIO-WHOLE_SUITE/test_stack3_MIO.py::test_case_3 - AssertionError: asse...
FAILED MIO-WHOLE_SUITE/test_stack3_WHOLE_SUITE.py::test_case_1 - AssertionErr...
FAILED MIO-WHOLE_SUITE/test_stack3_WHOLE_SUITE.py::test_case_4 - AssertionErr...
FAILED MIO-WHOLE_SUITE/test_stack3_WHOLE_SUITE.py::test_case_5 - assert -1 == 0
FAILED MIO-WHOLE_SUITE/test_stack3_WHOLE_SUITE.py::test_case_8 - assert &lt;stac...
========================= 5 failed, 25 passed in 0.22s =========================
</pre></div></div></div></div></div><div class="mb-1" id="job_list___sub_accordion_3"><div class="card"><a data-toggle="collapse" data-target="#job_list___sub_collapse_3_1" aria-expanded="false" aria-controls="job_list___sub_collapse_3_1" href="#" class="job_list___sub_multi_heading"><div role="alert" class="card-header alert-success" id="job_list___sub_heading_3_1"><button class="btn btn-outline-success"><span class="job_id">3 : Job ID bde96d6f666c4338b313d99bd980e2c0</span></button></div></a><div aria-labelledby="job_list___sub_heading_3_1" data-parent="#job_list___sub_accordion_3" class="collapse job_list___sub_multi_collapse" id="job_list___sub_collapse_3_1"><div class="card-body"><div class="work-item"><div class="alert alert-success test-outcome" role="alert"><p>worker outcome: normal</p><p>test outcome: killed</p></div></div><pre class="location"><a href="pycharm://open?file=stack3.py&amp;line=75" class="text-secondary"><button class="btn btn-outline-dark">stack3.py, start pos: (75, 35), end pos: (75, 37)</button></a></pre><pre>operator: core/ReplaceComparisonOperator_Eq_NotEq, occurrence: 2</pre><div class="alert alert-secondary"><pre class="diff">--- mutation diff ---
--- astack3.py
+++ bstack3.py
@@ -72,7 +72,7 @@
 
         """Checks if linkedlist is empty."""
 
-        return True if self.__size == 0 else False
+        return True if self.__size != 0 else False
 
     def toArray(self) -&gt; list:
 </pre></div><div class="alert alert-secondary"><pre class="diff">============================= test session starts ==============================
platform linux -- Python 3.10.10, pytest-7.2.1, pluggy-1.0.0
rootdir: /home/auri/temp/lucca/python_experiments/stack3
collected 30 items

MIO-WHOLE_SUITE/test_stack3_MIO.py .....FF..............                 [ 70%]
MIO-WHOLE_SUITE/test_stack3_WHOLE_SUITE.py .F.....F.                     [100%]

=================================== FAILURES ===================================
_________________________________ test_case_5 __________________________________

    def test_case_5():
        singly_linked_list_0 = module_0.SinglyLinkedList()
        bool_0 = singly_linked_list_0.isEmpty()
&gt;       assert bool_0 is True
E       assert False is True

MIO-WHOLE_SUITE/test_stack3_MIO.py:31: AssertionError
_________________________________ test_case_6 __________________________________

    def test_case_6():
        singly_linked_list_0 = module_0.SinglyLinkedList()
        none_type_0 = singly_linked_list_0.add(singly_linked_list_0)
        bool_0 = singly_linked_list_0.isEmpty()
&gt;       assert bool_0 is False
E       assert True is False

MIO-WHOLE_SUITE/test_stack3_MIO.py:37: AssertionError
_________________________________ test_case_1 __________________________________

    def test_case_1():
        singly_linked_list_0 = module_0.SinglyLinkedList()
        none_type_0 = singly_linked_list_0.add(singly_linked_list_0)
        str_0 = singly_linked_list_0.__str__()
        none_type_1 = singly_linked_list_0.add(singly_linked_list_0)
        str_1 = singly_linked_list_0.__str__()
        var_0 = singly_linked_list_0.remove()
        assert f'{type(var_0).__module__}.{type(var_0).__qualname__}' == 'stack3.Node'
        assert f'{type(var_0.value).__module__}.{type(var_0.value).__qualname__}' == 'stack3.SinglyLinkedList'
        assert f'{type(var_0.next).__module__}.{type(var_0.next).__qualname__}' == 'stack3.Node'
        singly_linked_list_1 = module_0.SinglyLinkedList()
        int_0 = singly_linked_list_0.getSize()
        assert int_0 == 1
        bool_0 = singly_linked_list_0.isEmpty()
&gt;       assert bool_0 is False
E       assert True is False

MIO-WHOLE_SUITE/test_stack3_WHOLE_SUITE.py:27: AssertionError
_________________________________ test_case_7 __________________________________

    def test_case_7():
        singly_linked_list_0 = module_0.SinglyLinkedList()
        bool_0 = singly_linked_list_0.isEmpty()
&gt;       assert bool_0 is True
E       assert False is True

MIO-WHOLE_SUITE/test_stack3_WHOLE_SUITE.py:83: AssertionError
=========================== short test summary info ============================
FAILED MIO-WHOLE_SUITE/test_stack3_MIO.py::test_case_5 - assert False is True
FAILED MIO-WHOLE_SUITE/test_stack3_MIO.py::test_case_6 - assert True is False
FAILED MIO-WHOLE_SUITE/test_stack3_WHOLE_SUITE.py::test_case_1 - assert True ...
FAILED MIO-WHOLE_SUITE/test_stack3_WHOLE_SUITE.py::test_case_7 - assert False...
========================= 4 failed, 26 passed in 0.22s =========================
</pre></div></div></div></div></div><div class="mb-1" id="job_list___sub_accordion_4"><div class="card"><a data-toggle="collapse" data-target="#job_list___sub_collapse_4_1" aria-expanded="false" aria-controls="job_list___sub_collapse_4_1" href="#" class="job_list___sub_multi_heading"><div role="alert" class="card-header alert-success" id="job_list___sub_heading_4_1"><button class="btn btn-outline-success"><span class="job_id">4 : Job ID 5d80a400f68c4f93bf9d1551ca2545d9</span></button></div></a><div aria-labelledby="job_list___sub_heading_4_1" data-parent="#job_list___sub_accordion_4" class="collapse job_list___sub_multi_collapse" id="job_list___sub_collapse_4_1"><div class="card-body"><div class="work-item"><div class="alert alert-success test-outcome" role="alert"><p>worker outcome: normal</p><p>test outcome: killed</p></div></div><pre class="location"><a href="pycharm://open?file=stack3.py&amp;line=125" class="text-secondary"><button class="btn btn-outline-dark">stack3.py, start pos: (125, 46), end pos: (125, 48)</button></a></pre><pre>operator: core/ReplaceComparisonOperator_Eq_NotEq, occurrence: 3</pre><div class="alert alert-secondary"><pre class="diff">--- mutation diff ---
--- astack3.py
+++ bstack3.py
@@ -122,7 +122,7 @@
 
         """Check if stack is empty."""
 
-        return True if self.__stack.getSize() == 0 else False
+        return True if self.__stack.getSize() != 0 else False
 
     def getSize(self) -&gt; int:
 </pre></div><div class="alert alert-secondary"><pre class="diff">============================= test session starts ==============================
platform linux -- Python 3.10.10, pytest-7.2.1, pluggy-1.0.0
rootdir: /home/auri/temp/lucca/python_experiments/stack3
collected 30 items

MIO-WHOLE_SUITE/test_stack3_MIO.py ...........FF........                 [ 70%]
MIO-WHOLE_SUITE/test_stack3_WHOLE_SUITE.py ..FF.....                     [100%]

=================================== FAILURES ===================================
_________________________________ test_case_11 _________________________________

    def test_case_11():
        stack_0 = module_0.Stack()
        bool_0 = stack_0.isEmpty()
&gt;       assert bool_0 is True
E       assert False is True

MIO-WHOLE_SUITE/test_stack3_MIO.py:63: AssertionError
_________________________________ test_case_12 _________________________________

    def test_case_12():
        stack_0 = module_0.Stack()
        none_type_0 = stack_0.push(stack_0)
        bool_0 = stack_0.isEmpty()
&gt;       assert bool_0 is False
E       assert True is False

MIO-WHOLE_SUITE/test_stack3_MIO.py:69: AssertionError
_________________________________ test_case_2 __________________________________

    def test_case_2():
        stack_0 = module_0.Stack()
        bool_0 = stack_0.isEmpty()
&gt;       assert bool_0 is True
E       assert False is True

MIO-WHOLE_SUITE/test_stack3_WHOLE_SUITE.py:33: AssertionError
_________________________________ test_case_3 __________________________________

    def test_case_3():
        bool_0 = False
        stack_0 = module_0.Stack()
        none_type_0 = stack_0.push(bool_0)
        str_0 = stack_0.__str__()
        assert str_0 == '[False]'
        none_type_1 = stack_0.push(stack_0)
        int_0 = stack_0.getSize()
        assert int_0 == 2
        bool_1 = stack_0.isEmpty()
&gt;       assert bool_1 is False
E       assert True is False

MIO-WHOLE_SUITE/test_stack3_WHOLE_SUITE.py:47: AssertionError
=========================== short test summary info ============================
FAILED MIO-WHOLE_SUITE/test_stack3_MIO.py::test_case_11 - assert False is True
FAILED MIO-WHOLE_SUITE/test_stack3_MIO.py::test_case_12 - assert True is False
FAILED MIO-WHOLE_SUITE/test_stack3_WHOLE_SUITE.py::test_case_2 - assert False...
FAILED MIO-WHOLE_SUITE/test_stack3_WHOLE_SUITE.py::test_case_3 - assert True ...
========================= 4 failed, 26 passed in 0.22s =========================
</pre></div></div></div></div></div><div class="mb-1" id="job_list___sub_accordion_5"><div class="card"><a data-toggle="collapse" data-target="#job_list___sub_collapse_5_1" aria-expanded="false" aria-controls="job_list___sub_collapse_5_1" href="#" class="job_list___sub_multi_heading"><div role="alert" class="card-header alert-danger" id="job_list___sub_heading_5_1"><button class="btn btn-outline-danger"><span class="job_id">5 : Job ID 54891e3df23f4e92916755b8a61a7fe3</span></button></div></a><div aria-labelledby="job_list___sub_heading_5_1" data-parent="#job_list___sub_accordion_5" class="collapse job_list___sub_multi_collapse" id="job_list___sub_collapse_5_1"><div class="card-body"><div class="work-item"><div class="alert alert-danger test-outcome" role="alert"><p>SURVIVED</p><p>worker outcome: normal</p><p>test outcome: survived</p></div></div><pre class="location"><a href="pycharm://open?file=stack3.py&amp;line=140" class="text-secondary"><button class="btn btn-outline-dark">stack3.py, start pos: (140, 12), end pos: (140, 14)</button></a></pre><pre>operator: core/ReplaceComparisonOperator_Eq_NotEq, occurrence: 4</pre><div class="alert alert-secondary"><pre class="diff">--- mutation diff ---
--- astack3.py
+++ bstack3.py
@@ -137,6 +137,6 @@
         return str(self.__stack.toArray()[::-1])
 
 
-if __name__ == "__main__":
+if __name__ != "__main__":
     pass
 </pre></div><div class="alert alert-secondary"><pre class="diff">============================= test session starts ==============================
platform linux -- Python 3.10.10, pytest-7.2.1, pluggy-1.0.0
rootdir: /home/auri/temp/lucca/python_experiments/stack3
collected 30 items

MIO-WHOLE_SUITE/test_stack3_MIO.py .....................                 [ 70%]
MIO-WHOLE_SUITE/test_stack3_WHOLE_SUITE.py .........                     [100%]

============================== 30 passed in 0.15s ==============================
</pre></div></div></div></div></div><div class="mb-1" id="job_list___sub_accordion_6"><div class="card"><a data-toggle="collapse" data-target="#job_list___sub_collapse_6_1" aria-expanded="false" aria-controls="job_list___sub_collapse_6_1" href="#" class="job_list___sub_multi_heading"><div role="alert" class="card-header alert-success" id="job_list___sub_heading_6_1"><button class="btn btn-outline-success"><span class="job_id">6 : Job ID 79e8c91adfe045c0960d8e1af5328b5a</span></button></div></a><div aria-labelledby="job_list___sub_heading_6_1" data-parent="#job_list___sub_accordion_6" class="collapse job_list___sub_multi_collapse" id="job_list___sub_collapse_6_1"><div class="card-body"><div class="work-item"><div class="alert alert-success test-outcome" role="alert"><p>worker outcome: normal</p><p>test outcome: killed</p></div></div><pre class="location"><a href="pycharm://open?file=stack3.py&amp;line=24" class="text-secondary"><button class="btn btn-outline-dark">stack3.py, start pos: (24, 23), end pos: (24, 25)</button></a></pre><pre>operator: core/ReplaceComparisonOperator_Eq_Lt, occurrence: 0</pre><div class="alert alert-secondary"><pre class="diff">--- mutation diff ---
--- astack3.py
+++ bstack3.py
@@ -21,7 +21,7 @@
         """Add element to linked list."""
 
         newNode = Node(value)
-        if self.__size == 0:
+        if self.__size &lt; 0:
             self.__head.next = newNode
             self.__head = newNode
             self.__size += 1</pre></div><div class="alert alert-secondary"><pre class="diff">timeout</pre></div></div></div></div></div><div class="mb-1" id="job_list___sub_accordion_7"><div class="card"><a data-toggle="collapse" data-target="#job_list___sub_collapse_7_1" aria-expanded="false" aria-controls="job_list___sub_collapse_7_1" href="#" class="job_list___sub_multi_heading"><div role="alert" class="card-header alert-success" id="job_list___sub_heading_7_1"><button class="btn btn-outline-success"><span class="job_id">7 : Job ID d31c9cf87ede495c86b3dd40443019b7</span></button></div></a><div aria-labelledby="job_list___sub_heading_7_1" data-parent="#job_list___sub_accordion_7" class="collapse job_list___sub_multi_collapse" id="job_list___sub_collapse_7_1"><div class="card-body"><div class="work-item"><div class="alert alert-success test-outcome" role="alert"><p>worker outcome: normal</p><p>test outcome: killed</p></div></div><pre class="location"><a href="pycharm://open?file=stack3.py&amp;line=38" class="text-secondary"><button class="btn btn-outline-dark">stack3.py, start pos: (38, 23), end pos: (38, 25)</button></a></pre><pre>operator: core/ReplaceComparisonOperator_Eq_Lt, occurrence: 1</pre><div class="alert alert-secondary"><pre class="diff">--- mutation diff ---
--- astack3.py
+++ bstack3.py
@@ -35,7 +35,7 @@
 
         """Remove node from linkedlist."""
 
-        if self.__size == 0:
+        if self.__size &lt; 0:
             return None
         if self.__size &gt;= 1:
             nodeToRemove = self.__head</pre></div><div class="alert alert-secondary"><pre class="diff">============================= test session starts ==============================
platform linux -- Python 3.10.10, pytest-7.2.1, pluggy-1.0.0
rootdir: /home/auri/temp/lucca/python_experiments/stack3
collected 30 items

MIO-WHOLE_SUITE/test_stack3_MIO.py .....................                 [ 70%]
MIO-WHOLE_SUITE/test_stack3_WHOLE_SUITE.py .....F..F                     [100%]

=================================== FAILURES ===================================
_________________________________ test_case_5 __________________________________

    def test_case_5():
        singly_linked_list_0 = module_0.SinglyLinkedList()
        var_0 = singly_linked_list_0.remove()
        int_0 = singly_linked_list_0.getSize()
&gt;       assert int_0 == 0
E       assert -1 == 0

MIO-WHOLE_SUITE/test_stack3_WHOLE_SUITE.py:71: AssertionError
_________________________________ test_case_8 __________________________________

    def test_case_8():
        singly_linked_list_0 = module_0.SinglyLinkedList()
        var_0 = singly_linked_list_0.remove()
        node_0 = module_0.Node(var_0)
&gt;       assert node_0.value is None
E       assert &lt;stack3.Node object at 0x7f927d4a3cd0&gt; is None
E        +  where &lt;stack3.Node object at 0x7f927d4a3cd0&gt; = &lt;stack3.Node object at 0x7f927d4a3b80&gt;.value

MIO-WHOLE_SUITE/test_stack3_WHOLE_SUITE.py:92: AssertionError
=========================== short test summary info ============================
FAILED MIO-WHOLE_SUITE/test_stack3_WHOLE_SUITE.py::test_case_5 - assert -1 == 0
FAILED MIO-WHOLE_SUITE/test_stack3_WHOLE_SUITE.py::test_case_8 - assert &lt;stac...
========================= 2 failed, 28 passed in 0.25s =========================
</pre></div></div></div></div></div><div class="mb-1" id="job_list___sub_accordion_8"><div class="card"><a data-toggle="collapse" data-target="#job_list___sub_collapse_8_1" aria-expanded="false" aria-controls="job_list___sub_collapse_8_1" href="#" class="job_list___sub_multi_heading"><div role="alert" class="card-header alert-success" id="job_list___sub_heading_8_1"><button class="btn btn-outline-success"><span class="job_id">8 : Job ID a7d2be6784a54d01b639db7df0ef66e2</span></button></div></a><div aria-labelledby="job_list___sub_heading_8_1" data-parent="#job_list___sub_accordion_8" class="collapse job_list___sub_multi_collapse" id="job_list___sub_collapse_8_1"><div class="card-body"><div class="work-item"><div class="alert alert-success test-outcome" role="alert"><p>worker outcome: normal</p><p>test outcome: killed</p></div></div><pre class="location"><a href="pycharm://open?file=stack3.py&amp;line=75" class="text-secondary"><button class="btn btn-outline-dark">stack3.py, start pos: (75, 35), end pos: (75, 37)</button></a></pre><pre>operator: core/ReplaceComparisonOperator_Eq_Lt, occurrence: 2</pre><div class="alert alert-secondary"><pre class="diff">--- mutation diff ---
--- astack3.py
+++ bstack3.py
@@ -72,7 +72,7 @@
 
         """Checks if linkedlist is empty."""
 
-        return True if self.__size == 0 else False
+        return True if self.__size &lt; 0 else False
 
     def toArray(self) -&gt; list:
 </pre></div><div class="alert alert-secondary"><pre class="diff">============================= test session starts ==============================
platform linux -- Python 3.10.10, pytest-7.2.1, pluggy-1.0.0
rootdir: /home/auri/temp/lucca/python_experiments/stack3
collected 30 items

MIO-WHOLE_SUITE/test_stack3_MIO.py .....F...............                 [ 70%]
MIO-WHOLE_SUITE/test_stack3_WHOLE_SUITE.py .......F.                     [100%]

=================================== FAILURES ===================================
_________________________________ test_case_5 __________________________________

    def test_case_5():
        singly_linked_list_0 = module_0.SinglyLinkedList()
        bool_0 = singly_linked_list_0.isEmpty()
&gt;       assert bool_0 is True
E       assert False is True

MIO-WHOLE_SUITE/test_stack3_MIO.py:31: AssertionError
_________________________________ test_case_7 __________________________________

    def test_case_7():
        singly_linked_list_0 = module_0.SinglyLinkedList()
        bool_0 = singly_linked_list_0.isEmpty()
&gt;       assert bool_0 is True
E       assert False is True

MIO-WHOLE_SUITE/test_stack3_WHOLE_SUITE.py:83: AssertionError
=========================== short test summary info ============================
FAILED MIO-WHOLE_SUITE/test_stack3_MIO.py::test_case_5 - assert False is True
FAILED MIO-WHOLE_SUITE/test_stack3_WHOLE_SUITE.py::test_case_7 - assert False...
========================= 2 failed, 28 passed in 0.21s =========================
</pre></div></div></div></div></div><div class="mb-1" id="job_list___sub_accordion_9"><div class="card"><a data-toggle="collapse" data-target="#job_list___sub_collapse_9_1" aria-expanded="false" aria-controls="job_list___sub_collapse_9_1" href="#" class="job_list___sub_multi_heading"><div role="alert" class="card-header alert-success" id="job_list___sub_heading_9_1"><button class="btn btn-outline-success"><span class="job_id">9 : Job ID fa531c40ae80465faa78347320848ff8</span></button></div></a><div aria-labelledby="job_list___sub_heading_9_1" data-parent="#job_list___sub_accordion_9" class="collapse job_list___sub_multi_collapse" id="job_list___sub_collapse_9_1"><div class="card-body"><div class="work-item"><div class="alert alert-success test-outcome" role="alert"><p>worker outcome: normal</p><p>test outcome: killed</p></div></div><pre class="location"><a href="pycharm://open?file=stack3.py&amp;line=125" class="text-secondary"><button class="btn btn-outline-dark">stack3.py, start pos: (125, 46), end pos: (125, 48)</button></a></pre><pre>operator: core/ReplaceComparisonOperator_Eq_Lt, occurrence: 3</pre><div class="alert alert-secondary"><pre class="diff">--- mutation diff ---
--- astack3.py
+++ bstack3.py
@@ -122,7 +122,7 @@
 
         """Check if stack is empty."""
 
-        return True if self.__stack.getSize() == 0 else False
+        return True if self.__stack.getSize() &lt; 0 else False
 
     def getSize(self) -&gt; int:
 </pre></div><div class="alert alert-secondary"><pre class="diff">============================= test session starts ==============================
platform linux -- Python 3.10.10, pytest-7.2.1, pluggy-1.0.0
rootdir: /home/auri/temp/lucca/python_experiments/stack3
collected 30 items

MIO-WHOLE_SUITE/test_stack3_MIO.py ...........F.........                 [ 70%]
MIO-WHOLE_SUITE/test_stack3_WHOLE_SUITE.py ..F......                     [100%]

=================================== FAILURES ===================================
_________________________________ test_case_11 _________________________________

    def test_case_11():
        stack_0 = module_0.Stack()
        bool_0 = stack_0.isEmpty()
&gt;       assert bool_0 is True
E       assert False is True

MIO-WHOLE_SUITE/test_stack3_MIO.py:63: AssertionError
_________________________________ test_case_2 __________________________________

    def test_case_2():
        stack_0 = module_0.Stack()
        bool_0 = stack_0.isEmpty()
&gt;       assert bool_0 is True
E       assert False is True

MIO-WHOLE_SUITE/test_stack3_WHOLE_SUITE.py:33: AssertionError
=========================== short test summary info ============================
FAILED MIO-WHOLE_SUITE/test_stack3_MIO.py::test_case_11 - assert False is True
FAILED MIO-WHOLE_SUITE/test_stack3_WHOLE_SUITE.py::test_case_2 - assert False...
========================= 2 failed, 28 passed in 0.24s =========================
</pre></div></div></div></div></div><div class="mb-1" id="job_list___sub_accordion_10"><div class="card"><a data-toggle="collapse" data-target="#job_list___sub_collapse_10_1" aria-expanded="false" aria-controls="job_list___sub_collapse_10_1" href="#" class="job_list___sub_multi_heading"><div role="alert" class="card-header alert-danger" id="job_list___sub_heading_10_1"><button class="btn btn-outline-danger"><span class="job_id">10 : Job ID f492aa5c28d346e7aba5d97536e2bbfc</span></button></div></a><div aria-labelledby="job_list___sub_heading_10_1" data-parent="#job_list___sub_accordion_10" class="collapse job_list___sub_multi_collapse" id="job_list___sub_collapse_10_1"><div class="card-body"><div class="work-item"><div class="alert alert-danger test-outcome" role="alert"><p>SURVIVED</p><p>worker outcome: normal</p><p>test outcome: survived</p></div></div><pre class="location"><a href="pycharm://open?file=stack3.py&amp;line=140" class="text-secondary"><button class="btn btn-outline-dark">stack3.py, start pos: (140, 12), end pos: (140, 14)</button></a></pre><pre>operator: core/ReplaceComparisonOperator_Eq_Lt, occurrence: 4</pre><div class="alert alert-secondary"><pre class="diff">--- mutation diff ---
--- astack3.py
+++ bstack3.py
@@ -137,6 +137,6 @@
         return str(self.__stack.toArray()[::-1])
 
 
-if __name__ == "__main__":
+if __name__ &lt; "__main__":
     pass
 </pre></div><div class="alert alert-secondary"><pre class="diff">============================= test session starts ==============================
platform linux -- Python 3.10.10, pytest-7.2.1, pluggy-1.0.0
rootdir: /home/auri/temp/lucca/python_experiments/stack3
collected 30 items

MIO-WHOLE_SUITE/test_stack3_MIO.py .....................                 [ 70%]
MIO-WHOLE_SUITE/test_stack3_WHOLE_SUITE.py .........                     [100%]

============================== 30 passed in 0.15s ==============================
</pre></div></div></div></div></div><div class="mb-1" id="job_list___sub_accordion_11"><div class="card"><a data-toggle="collapse" data-target="#job_list___sub_collapse_11_1" aria-expanded="false" aria-controls="job_list___sub_collapse_11_1" href="#" class="job_list___sub_multi_heading"><div role="alert" class="card-header alert-danger" id="job_list___sub_heading_11_1"><button class="btn btn-outline-danger"><span class="job_id">11 : Job ID 722b3ea14b634fcb8463e925c28e932f</span></button></div></a><div aria-labelledby="job_list___sub_heading_11_1" data-parent="#job_list___sub_accordion_11" class="collapse job_list___sub_multi_collapse" id="job_list___sub_collapse_11_1"><div class="card-body"><div class="work-item"><div class="alert alert-danger test-outcome" role="alert"><p>SURVIVED</p><p>worker outcome: normal</p><p>test outcome: survived</p></div></div><pre class="location"><a href="pycharm://open?file=stack3.py&amp;line=24" class="text-secondary"><button class="btn btn-outline-dark">stack3.py, start pos: (24, 23), end pos: (24, 25)</button></a></pre><pre>operator: core/ReplaceComparisonOperator_Eq_LtE, occurrence: 0</pre><div class="alert alert-secondary"><pre class="diff">--- mutation diff ---
--- astack3.py
+++ bstack3.py
@@ -21,7 +21,7 @@
         """Add element to linked list."""
 
         newNode = Node(value)
-        if self.__size == 0:
+        if self.__size &lt;= 0:
             self.__head.next = newNode
             self.__head = newNode
             self.__size += 1</pre></div><div class="alert alert-secondary"><pre class="diff">============================= test session starts ==============================
platform linux -- Python 3.10.10, pytest-7.2.1, pluggy-1.0.0
rootdir: /home/auri/temp/lucca/python_experiments/stack3
collected 30 items

MIO-WHOLE_SUITE/test_stack3_MIO.py .....................                 [ 70%]
MIO-WHOLE_SUITE/test_stack3_WHOLE_SUITE.py .........                     [100%]

============================== 30 passed in 0.15s ==============================
</pre></div></div></div></div></div><div class="mb-1" id="job_list___sub_accordion_12"><div class="card"><a data-toggle="collapse" data-target="#job_list___sub_collapse_12_1" aria-expanded="false" aria-controls="job_list___sub_collapse_12_1" href="#" class="job_list___sub_multi_heading"><div role="alert" class="card-header alert-danger" id="job_list___sub_heading_12_1"><button class="btn btn-outline-danger"><span class="job_id">12 : Job ID 94450e66b1924a708abdd1f557bd215a</span></button></div></a><div aria-labelledby="job_list___sub_heading_12_1" data-parent="#job_list___sub_accordion_12" class="collapse job_list___sub_multi_collapse" id="job_list___sub_collapse_12_1"><div class="card-body"><div class="work-item"><div class="alert alert-danger test-outcome" role="alert"><p>SURVIVED</p><p>worker outcome: normal</p><p>test outcome: survived</p></div></div><pre class="location"><a href="pycharm://open?file=stack3.py&amp;line=38" class="text-secondary"><button class="btn btn-outline-dark">stack3.py, start pos: (38, 23), end pos: (38, 25)</button></a></pre><pre>operator: core/ReplaceComparisonOperator_Eq_LtE, occurrence: 1</pre><div class="alert alert-secondary"><pre class="diff">--- mutation diff ---
--- astack3.py
+++ bstack3.py
@@ -35,7 +35,7 @@
 
         """Remove node from linkedlist."""
 
-        if self.__size == 0:
+        if self.__size &lt;= 0:
             return None
         if self.__size &gt;= 1:
             nodeToRemove = self.__head</pre></div><div class="alert alert-secondary"><pre class="diff">============================= test session starts ==============================
platform linux -- Python 3.10.10, pytest-7.2.1, pluggy-1.0.0
rootdir: /home/auri/temp/lucca/python_experiments/stack3
collected 30 items

MIO-WHOLE_SUITE/test_stack3_MIO.py .....................                 [ 70%]
MIO-WHOLE_SUITE/test_stack3_WHOLE_SUITE.py .........                     [100%]

============================== 30 passed in 0.15s ==============================
</pre></div></div></div></div></div><div class="mb-1" id="job_list___sub_accordion_13"><div class="card"><a data-toggle="collapse" data-target="#job_list___sub_collapse_13_1" aria-expanded="false" aria-controls="job_list___sub_collapse_13_1" href="#" class="job_list___sub_multi_heading"><div role="alert" class="card-header alert-danger" id="job_list___sub_heading_13_1"><button class="btn btn-outline-danger"><span class="job_id">13 : Job ID eb587fa16e1344b6a49cc5f03eaf019f</span></button></div></a><div aria-labelledby="job_list___sub_heading_13_1" data-parent="#job_list___sub_accordion_13" class="collapse job_list___sub_multi_collapse" id="job_list___sub_collapse_13_1"><div class="card-body"><div class="work-item"><div class="alert alert-danger test-outcome" role="alert"><p>SURVIVED</p><p>worker outcome: normal</p><p>test outcome: survived</p></div></div><pre class="location"><a href="pycharm://open?file=stack3.py&amp;line=75" class="text-secondary"><button class="btn btn-outline-dark">stack3.py, start pos: (75, 35), end pos: (75, 37)</button></a></pre><pre>operator: core/ReplaceComparisonOperator_Eq_LtE, occurrence: 2</pre><div class="alert alert-secondary"><pre class="diff">--- mutation diff ---
--- astack3.py
+++ bstack3.py
@@ -72,7 +72,7 @@
 
         """Checks if linkedlist is empty."""
 
-        return True if self.__size == 0 else False
+        return True if self.__size &lt;= 0 else False
 
     def toArray(self) -&gt; list:
 </pre></div><div class="alert alert-secondary"><pre class="diff">============================= test session starts ==============================
platform linux -- Python 3.10.10, pytest-7.2.1, pluggy-1.0.0
rootdir: /home/auri/temp/lucca/python_experiments/stack3
collected 30 items

MIO-WHOLE_SUITE/test_stack3_MIO.py .....................                 [ 70%]
MIO-WHOLE_SUITE/test_stack3_WHOLE_SUITE.py .........                     [100%]

============================== 30 passed in 0.15s ==============================
</pre></div></div></div></div></div><div class="mb-1" id="job_list___sub_accordion_14"><div class="card"><a data-toggle="collapse" data-target="#job_list___sub_collapse_14_1" aria-expanded="false" aria-controls="job_list___sub_collapse_14_1" href="#" class="job_list___sub_multi_heading"><div role="alert" class="card-header alert-danger" id="job_list___sub_heading_14_1"><button class="btn btn-outline-danger"><span class="job_id">14 : Job ID a6b2d355ce884feab38b63f5ad74dff3</span></button></div></a><div aria-labelledby="job_list___sub_heading_14_1" data-parent="#job_list___sub_accordion_14" class="collapse job_list___sub_multi_collapse" id="job_list___sub_collapse_14_1"><div class="card-body"><div class="work-item"><div class="alert alert-danger test-outcome" role="alert"><p>SURVIVED</p><p>worker outcome: normal</p><p>test outcome: survived</p></div></div><pre class="location"><a href="pycharm://open?file=stack3.py&amp;line=125" class="text-secondary"><button class="btn btn-outline-dark">stack3.py, start pos: (125, 46), end pos: (125, 48)</button></a></pre><pre>operator: core/ReplaceComparisonOperator_Eq_LtE, occurrence: 3</pre><div class="alert alert-secondary"><pre class="diff">--- mutation diff ---
--- astack3.py
+++ bstack3.py
@@ -122,7 +122,7 @@
 
         """Check if stack is empty."""
 
-        return True if self.__stack.getSize() == 0 else False
+        return True if self.__stack.getSize() &lt;= 0 else False
 
     def getSize(self) -&gt; int:
 </pre></div><div class="alert alert-secondary"><pre class="diff">============================= test session starts ==============================
platform linux -- Python 3.10.10, pytest-7.2.1, pluggy-1.0.0
rootdir: /home/auri/temp/lucca/python_experiments/stack3
collected 30 items

MIO-WHOLE_SUITE/test_stack3_MIO.py .....................                 [ 70%]
MIO-WHOLE_SUITE/test_stack3_WHOLE_SUITE.py .........                     [100%]

============================== 30 passed in 0.15s ==============================
</pre></div></div></div></div></div><div class="mb-1" id="job_list___sub_accordion_15"><div class="card"><a data-toggle="collapse" data-target="#job_list___sub_collapse_15_1" aria-expanded="false" aria-controls="job_list___sub_collapse_15_1" href="#" class="job_list___sub_multi_heading"><div role="alert" class="card-header alert-danger" id="job_list___sub_heading_15_1"><button class="btn btn-outline-danger"><span class="job_id">15 : Job ID d16a7465940d45fc9dbc1d2a6a4e9442</span></button></div></a><div aria-labelledby="job_list___sub_heading_15_1" data-parent="#job_list___sub_accordion_15" class="collapse job_list___sub_multi_collapse" id="job_list___sub_collapse_15_1"><div class="card-body"><div class="work-item"><div class="alert alert-danger test-outcome" role="alert"><p>SURVIVED</p><p>worker outcome: normal</p><p>test outcome: survived</p></div></div><pre class="location"><a href="pycharm://open?file=stack3.py&amp;line=140" class="text-secondary"><button class="btn btn-outline-dark">stack3.py, start pos: (140, 12), end pos: (140, 14)</button></a></pre><pre>operator: core/ReplaceComparisonOperator_Eq_LtE, occurrence: 4</pre><div class="alert alert-secondary"><pre class="diff">--- mutation diff ---
--- astack3.py
+++ bstack3.py
@@ -137,6 +137,6 @@
         return str(self.__stack.toArray()[::-1])
 
 
-if __name__ == "__main__":
+if __name__ &lt;= "__main__":
     pass
 </pre></div><div class="alert alert-secondary"><pre class="diff">============================= test session starts ==============================
platform linux -- Python 3.10.10, pytest-7.2.1, pluggy-1.0.0
rootdir: /home/auri/temp/lucca/python_experiments/stack3
collected 30 items

MIO-WHOLE_SUITE/test_stack3_MIO.py .....................                 [ 70%]
MIO-WHOLE_SUITE/test_stack3_WHOLE_SUITE.py .........                     [100%]

============================== 30 passed in 0.15s ==============================
</pre></div></div></div></div></div><div class="mb-1" id="job_list___sub_accordion_16"><div class="card"><a data-toggle="collapse" data-target="#job_list___sub_collapse_16_1" aria-expanded="false" aria-controls="job_list___sub_collapse_16_1" href="#" class="job_list___sub_multi_heading"><div role="alert" class="card-header alert-success" id="job_list___sub_heading_16_1"><button class="btn btn-outline-success"><span class="job_id">16 : Job ID d643a3eb703f4f8e92d7e2e39ba4669a</span></button></div></a><div aria-labelledby="job_list___sub_heading_16_1" data-parent="#job_list___sub_accordion_16" class="collapse job_list___sub_multi_collapse" id="job_list___sub_collapse_16_1"><div class="card-body"><div class="work-item"><div class="alert alert-success test-outcome" role="alert"><p>worker outcome: normal</p><p>test outcome: killed</p></div></div><pre class="location"><a href="pycharm://open?file=stack3.py&amp;line=24" class="text-secondary"><button class="btn btn-outline-dark">stack3.py, start pos: (24, 23), end pos: (24, 25)</button></a></pre><pre>operator: core/ReplaceComparisonOperator_Eq_Gt, occurrence: 0</pre><div class="alert alert-secondary"><pre class="diff">--- mutation diff ---
--- astack3.py
+++ bstack3.py
@@ -21,7 +21,7 @@
         """Add element to linked list."""
 
         newNode = Node(value)
-        if self.__size == 0:
+        if self.__size &gt; 0:
             self.__head.next = newNode
             self.__head = newNode
             self.__size += 1</pre></div><div class="alert alert-secondary"><pre class="diff">timeout</pre></div></div></div></div></div><div class="mb-1" id="job_list___sub_accordion_17"><div class="card"><a data-toggle="collapse" data-target="#job_list___sub_collapse_17_1" aria-expanded="false" aria-controls="job_list___sub_collapse_17_1" href="#" class="job_list___sub_multi_heading"><div role="alert" class="card-header alert-success" id="job_list___sub_heading_17_1"><button class="btn btn-outline-success"><span class="job_id">17 : Job ID 1fb3bffe711a43d59c0a9e07b8c47274</span></button></div></a><div aria-labelledby="job_list___sub_heading_17_1" data-parent="#job_list___sub_accordion_17" class="collapse job_list___sub_multi_collapse" id="job_list___sub_collapse_17_1"><div class="card-body"><div class="work-item"><div class="alert alert-success test-outcome" role="alert"><p>worker outcome: normal</p><p>test outcome: killed</p></div></div><pre class="location"><a href="pycharm://open?file=stack3.py&amp;line=38" class="text-secondary"><button class="btn btn-outline-dark">stack3.py, start pos: (38, 23), end pos: (38, 25)</button></a></pre><pre>operator: core/ReplaceComparisonOperator_Eq_Gt, occurrence: 1</pre><div class="alert alert-secondary"><pre class="diff">--- mutation diff ---
--- astack3.py
+++ bstack3.py
@@ -35,7 +35,7 @@
 
         """Remove node from linkedlist."""
 
-        if self.__size == 0:
+        if self.__size &gt; 0:
             return None
         if self.__size &gt;= 1:
             nodeToRemove = self.__head</pre></div><div class="alert alert-secondary"><pre class="diff">============================= test session starts ==============================
platform linux -- Python 3.10.10, pytest-7.2.1, pluggy-1.0.0
rootdir: /home/auri/temp/lucca/python_experiments/stack3
collected 30 items

MIO-WHOLE_SUITE/test_stack3_MIO.py ...F.................                 [ 70%]
MIO-WHOLE_SUITE/test_stack3_WHOLE_SUITE.py .F..FF..F                     [100%]

=================================== FAILURES ===================================
_________________________________ test_case_3 __________________________________

    def test_case_3():
        singly_linked_list_0 = module_0.SinglyLinkedList()
        none_type_0 = singly_linked_list_0.add(singly_linked_list_0)
        var_0 = singly_linked_list_0.remove()
&gt;       assert f'{type(var_0).__module__}.{type(var_0).__qualname__}' == 'stack3.Node'
E       AssertionError: assert 'builtins.NoneType' == 'stack3.Node'
E         - stack3.Node
E         + builtins.NoneType

MIO-WHOLE_SUITE/test_stack3_MIO.py:20: AssertionError
_________________________________ test_case_1 __________________________________

    def test_case_1():
        singly_linked_list_0 = module_0.SinglyLinkedList()
        none_type_0 = singly_linked_list_0.add(singly_linked_list_0)
        str_0 = singly_linked_list_0.__str__()
        none_type_1 = singly_linked_list_0.add(singly_linked_list_0)
        str_1 = singly_linked_list_0.__str__()
        var_0 = singly_linked_list_0.remove()
&gt;       assert f'{type(var_0).__module__}.{type(var_0).__qualname__}' == 'stack3.Node'
E       AssertionError: assert 'builtins.NoneType' == 'stack3.Node'
E         - stack3.Node
E         + builtins.NoneType

MIO-WHOLE_SUITE/test_stack3_WHOLE_SUITE.py:20: AssertionError
_________________________________ test_case_4 __________________________________

    def test_case_4():
        bytes_0 = b'W)\x0e\xb6\x96'
        stack_0 = module_0.Stack()
        none_type_0 = stack_0.push(bytes_0)
        var_0 = stack_0.pop()
&gt;       assert f'{type(var_0).__module__}.{type(var_0).__qualname__}' == 'stack3.Node'
E       AssertionError: assert 'builtins.NoneType' == 'stack3.Node'
E         - stack3.Node
E         + builtins.NoneType

MIO-WHOLE_SUITE/test_stack3_WHOLE_SUITE.py:63: AssertionError
_________________________________ test_case_5 __________________________________

    def test_case_5():
        singly_linked_list_0 = module_0.SinglyLinkedList()
        var_0 = singly_linked_list_0.remove()
        int_0 = singly_linked_list_0.getSize()
&gt;       assert int_0 == 0
E       assert -1 == 0

MIO-WHOLE_SUITE/test_stack3_WHOLE_SUITE.py:71: AssertionError
_________________________________ test_case_8 __________________________________

    def test_case_8():
        singly_linked_list_0 = module_0.SinglyLinkedList()
        var_0 = singly_linked_list_0.remove()
        node_0 = module_0.Node(var_0)
&gt;       assert node_0.value is None
E       assert &lt;stack3.Node object at 0x7fb0db28d5a0&gt; is None
E        +  where &lt;stack3.Node object at 0x7fb0db28d5a0&gt; = &lt;stack3.Node object at 0x7fb0db28ea70&gt;.value

MIO-WHOLE_SUITE/test_stack3_WHOLE_SUITE.py:92: AssertionError
=========================== short test summary info ============================
FAILED MIO-WHOLE_SUITE/test_stack3_MIO.py::test_case_3 - AssertionError: asse...
FAILED MIO-WHOLE_SUITE/test_stack3_WHOLE_SUITE.py::test_case_1 - AssertionErr...
FAILED MIO-WHOLE_SUITE/test_stack3_WHOLE_SUITE.py::test_case_4 - AssertionErr...
FAILED MIO-WHOLE_SUITE/test_stack3_WHOLE_SUITE.py::test_case_5 - assert -1 == 0
FAILED MIO-WHOLE_SUITE/test_stack3_WHOLE_SUITE.py::test_case_8 - assert &lt;stac...
========================= 5 failed, 25 passed in 0.40s =========================
</pre></div></div></div></div></div><div class="mb-1" id="job_list___sub_accordion_18"><div class="card"><a data-toggle="collapse" data-target="#job_list___sub_collapse_18_1" aria-expanded="false" aria-controls="job_list___sub_collapse_18_1" href="#" class="job_list___sub_multi_heading"><div role="alert" class="card-header alert-success" id="job_list___sub_heading_18_1"><button class="btn btn-outline-success"><span class="job_id">18 : Job ID 65f2dd3ab249488e98f7d34624b99f86</span></button></div></a><div aria-labelledby="job_list___sub_heading_18_1" data-parent="#job_list___sub_accordion_18" class="collapse job_list___sub_multi_collapse" id="job_list___sub_collapse_18_1"><div class="card-body"><div class="work-item"><div class="alert alert-success test-outcome" role="alert"><p>worker outcome: normal</p><p>test outcome: killed</p></div></div><pre class="location"><a href="pycharm://open?file=stack3.py&amp;line=75" class="text-secondary"><button class="btn btn-outline-dark">stack3.py, start pos: (75, 35), end pos: (75, 37)</button></a></pre><pre>operator: core/ReplaceComparisonOperator_Eq_Gt, occurrence: 2</pre><div class="alert alert-secondary"><pre class="diff">--- mutation diff ---
--- astack3.py
+++ bstack3.py
@@ -72,7 +72,7 @@
 
         """Checks if linkedlist is empty."""
 
-        return True if self.__size == 0 else False
+        return True if self.__size &gt; 0 else False
 
     def toArray(self) -&gt; list:
 </pre></div><div class="alert alert-secondary"><pre class="diff">============================= test session starts ==============================
platform linux -- Python 3.10.10, pytest-7.2.1, pluggy-1.0.0
rootdir: /home/auri/temp/lucca/python_experiments/stack3
collected 30 items

MIO-WHOLE_SUITE/test_stack3_MIO.py .....FF..............                 [ 70%]
MIO-WHOLE_SUITE/test_stack3_WHOLE_SUITE.py .F.....F.                     [100%]

=================================== FAILURES ===================================
_________________________________ test_case_5 __________________________________

    def test_case_5():
        singly_linked_list_0 = module_0.SinglyLinkedList()
        bool_0 = singly_linked_list_0.isEmpty()
&gt;       assert bool_0 is True
E       assert False is True

MIO-WHOLE_SUITE/test_stack3_MIO.py:31: AssertionError
_________________________________ test_case_6 __________________________________

    def test_case_6():
        singly_linked_list_0 = module_0.SinglyLinkedList()
        none_type_0 = singly_linked_list_0.add(singly_linked_list_0)
        bool_0 = singly_linked_list_0.isEmpty()
&gt;       assert bool_0 is False
E       assert True is False

MIO-WHOLE_SUITE/test_stack3_MIO.py:37: AssertionError
_________________________________ test_case_1 __________________________________

    def test_case_1():
        singly_linked_list_0 = module_0.SinglyLinkedList()
        none_type_0 = singly_linked_list_0.add(singly_linked_list_0)
        str_0 = singly_linked_list_0.__str__()
        none_type_1 = singly_linked_list_0.add(singly_linked_list_0)
        str_1 = singly_linked_list_0.__str__()
        var_0 = singly_linked_list_0.remove()
        assert f'{type(var_0).__module__}.{type(var_0).__qualname__}' == 'stack3.Node'
        assert f'{type(var_0.value).__module__}.{type(var_0.value).__qualname__}' == 'stack3.SinglyLinkedList'
        assert f'{type(var_0.next).__module__}.{type(var_0.next).__qualname__}' == 'stack3.Node'
        singly_linked_list_1 = module_0.SinglyLinkedList()
        int_0 = singly_linked_list_0.getSize()
        assert int_0 == 1
        bool_0 = singly_linked_list_0.isEmpty()
&gt;       assert bool_0 is False
E       assert True is False

MIO-WHOLE_SUITE/test_stack3_WHOLE_SUITE.py:27: AssertionError
_________________________________ test_case_7 __________________________________

    def test_case_7():
        singly_linked_list_0 = module_0.SinglyLinkedList()
        bool_0 = singly_linked_list_0.isEmpty()
&gt;       assert bool_0 is True
E       assert False is True

MIO-WHOLE_SUITE/test_stack3_WHOLE_SUITE.py:83: AssertionError
=========================== short test summary info ============================
FAILED MIO-WHOLE_SUITE/test_stack3_MIO.py::test_case_5 - assert False is True
FAILED MIO-WHOLE_SUITE/test_stack3_MIO.py::test_case_6 - assert True is False
FAILED MIO-WHOLE_SUITE/test_stack3_WHOLE_SUITE.py::test_case_1 - assert True ...
FAILED MIO-WHOLE_SUITE/test_stack3_WHOLE_SUITE.py::test_case_7 - assert False...
========================= 4 failed, 26 passed in 0.24s =========================
</pre></div></div></div></div></div><div class="mb-1" id="job_list___sub_accordion_19"><div class="card"><a data-toggle="collapse" data-target="#job_list___sub_collapse_19_1" aria-expanded="false" aria-controls="job_list___sub_collapse_19_1" href="#" class="job_list___sub_multi_heading"><div role="alert" class="card-header alert-success" id="job_list___sub_heading_19_1"><button class="btn btn-outline-success"><span class="job_id">19 : Job ID 41bba11532c2431b929377776e635749</span></button></div></a><div aria-labelledby="job_list___sub_heading_19_1" data-parent="#job_list___sub_accordion_19" class="collapse job_list___sub_multi_collapse" id="job_list___sub_collapse_19_1"><div class="card-body"><div class="work-item"><div class="alert alert-success test-outcome" role="alert"><p>worker outcome: normal</p><p>test outcome: killed</p></div></div><pre class="location"><a href="pycharm://open?file=stack3.py&amp;line=125" class="text-secondary"><button class="btn btn-outline-dark">stack3.py, start pos: (125, 46), end pos: (125, 48)</button></a></pre><pre>operator: core/ReplaceComparisonOperator_Eq_Gt, occurrence: 3</pre><div class="alert alert-secondary"><pre class="diff">--- mutation diff ---
--- astack3.py
+++ bstack3.py
@@ -122,7 +122,7 @@
 
         """Check if stack is empty."""
 
-        return True if self.__stack.getSize() == 0 else False
+        return True if self.__stack.getSize() &gt; 0 else False
 
     def getSize(self) -&gt; int:
 </pre></div><div class="alert alert-secondary"><pre class="diff">============================= test session starts ==============================
platform linux -- Python 3.10.10, pytest-7.2.1, pluggy-1.0.0
rootdir: /home/auri/temp/lucca/python_experiments/stack3
collected 30 items

MIO-WHOLE_SUITE/test_stack3_MIO.py ...........FF........                 [ 70%]
MIO-WHOLE_SUITE/test_stack3_WHOLE_SUITE.py ..FF.....                     [100%]

=================================== FAILURES ===================================
_________________________________ test_case_11 _________________________________

    def test_case_11():
        stack_0 = module_0.Stack()
        bool_0 = stack_0.isEmpty()
&gt;       assert bool_0 is True
E       assert False is True

MIO-WHOLE_SUITE/test_stack3_MIO.py:63: AssertionError
_________________________________ test_case_12 _________________________________

    def test_case_12():
        stack_0 = module_0.Stack()
        none_type_0 = stack_0.push(stack_0)
        bool_0 = stack_0.isEmpty()
&gt;       assert bool_0 is False
E       assert True is False

MIO-WHOLE_SUITE/test_stack3_MIO.py:69: AssertionError
_________________________________ test_case_2 __________________________________

    def test_case_2():
        stack_0 = module_0.Stack()
        bool_0 = stack_0.isEmpty()
&gt;       assert bool_0 is True
E       assert False is True

MIO-WHOLE_SUITE/test_stack3_WHOLE_SUITE.py:33: AssertionError
_________________________________ test_case_3 __________________________________

    def test_case_3():
        bool_0 = False
        stack_0 = module_0.Stack()
        none_type_0 = stack_0.push(bool_0)
        str_0 = stack_0.__str__()
        assert str_0 == '[False]'
        none_type_1 = stack_0.push(stack_0)
        int_0 = stack_0.getSize()
        assert int_0 == 2
        bool_1 = stack_0.isEmpty()
&gt;       assert bool_1 is False
E       assert True is False

MIO-WHOLE_SUITE/test_stack3_WHOLE_SUITE.py:47: AssertionError
=========================== short test summary info ============================
FAILED MIO-WHOLE_SUITE/test_stack3_MIO.py::test_case_11 - assert False is True
FAILED MIO-WHOLE_SUITE/test_stack3_MIO.py::test_case_12 - assert True is False
FAILED MIO-WHOLE_SUITE/test_stack3_WHOLE_SUITE.py::test_case_2 - assert False...
FAILED MIO-WHOLE_SUITE/test_stack3_WHOLE_SUITE.py::test_case_3 - assert True ...
========================= 4 failed, 26 passed in 0.22s =========================
</pre></div></div></div></div></div><div class="mb-1" id="job_list___sub_accordion_20"><div class="card"><a data-toggle="collapse" data-target="#job_list___sub_collapse_20_1" aria-expanded="false" aria-controls="job_list___sub_collapse_20_1" href="#" class="job_list___sub_multi_heading"><div role="alert" class="card-header alert-danger" id="job_list___sub_heading_20_1"><button class="btn btn-outline-danger"><span class="job_id">20 : Job ID a2839b4576c14ca08686faa4183643aa</span></button></div></a><div aria-labelledby="job_list___sub_heading_20_1" data-parent="#job_list___sub_accordion_20" class="collapse job_list___sub_multi_collapse" id="job_list___sub_collapse_20_1"><div class="card-body"><div class="work-item"><div class="alert alert-danger test-outcome" role="alert"><p>SURVIVED</p><p>worker outcome: normal</p><p>test outcome: survived</p></div></div><pre class="location"><a href="pycharm://open?file=stack3.py&amp;line=140" class="text-secondary"><button class="btn btn-outline-dark">stack3.py, start pos: (140, 12), end pos: (140, 14)</button></a></pre><pre>operator: core/ReplaceComparisonOperator_Eq_Gt, occurrence: 4</pre><div class="alert alert-secondary"><pre class="diff">--- mutation diff ---
--- astack3.py
+++ bstack3.py
@@ -137,6 +137,6 @@
         return str(self.__stack.toArray()[::-1])
 
 
-if __name__ == "__main__":
+if __name__ &gt; "__main__":
     pass
 </pre></div><div class="alert alert-secondary"><pre class="diff">============================= test session starts ==============================
platform linux -- Python 3.10.10, pytest-7.2.1, pluggy-1.0.0
rootdir: /home/auri/temp/lucca/python_experiments/stack3
collected 30 items

MIO-WHOLE_SUITE/test_stack3_MIO.py .....................                 [ 70%]
MIO-WHOLE_SUITE/test_stack3_WHOLE_SUITE.py .........                     [100%]

============================== 30 passed in 0.15s ==============================
</pre></div></div></div></div></div><div class="mb-1" id="job_list___sub_accordion_21"><div class="card"><a data-toggle="collapse" data-target="#job_list___sub_collapse_21_1" aria-expanded="false" aria-controls="job_list___sub_collapse_21_1" href="#" class="job_list___sub_multi_heading"><div role="alert" class="card-header alert-success" id="job_list___sub_heading_21_1"><button class="btn btn-outline-success"><span class="job_id">21 : Job ID c778690ca48d4c9a85f425226bd4749c</span></button></div></a><div aria-labelledby="job_list___sub_heading_21_1" data-parent="#job_list___sub_accordion_21" class="collapse job_list___sub_multi_collapse" id="job_list___sub_collapse_21_1"><div class="card-body"><div class="work-item"><div class="alert alert-success test-outcome" role="alert"><p>worker outcome: normal</p><p>test outcome: killed</p></div></div><pre class="location"><a href="pycharm://open?file=stack3.py&amp;line=24" class="text-secondary"><button class="btn btn-outline-dark">stack3.py, start pos: (24, 23), end pos: (24, 25)</button></a></pre><pre>operator: core/ReplaceComparisonOperator_Eq_GtE, occurrence: 0</pre><div class="alert alert-secondary"><pre class="diff">--- mutation diff ---
--- astack3.py
+++ bstack3.py
@@ -21,7 +21,7 @@
         """Add element to linked list."""
 
         newNode = Node(value)
-        if self.__size == 0:
+        if self.__size &gt;= 0:
             self.__head.next = newNode
             self.__head = newNode
             self.__size += 1</pre></div><div class="alert alert-secondary"><pre class="diff">============================= test session starts ==============================
platform linux -- Python 3.10.10, pytest-7.2.1, pluggy-1.0.0
rootdir: /home/auri/temp/lucca/python_experiments/stack3
collected 30 items

MIO-WHOLE_SUITE/test_stack3_MIO.py .....................                 [ 70%]
MIO-WHOLE_SUITE/test_stack3_WHOLE_SUITE.py .F.......                     [100%]

=================================== FAILURES ===================================
_________________________________ test_case_1 __________________________________

    def test_case_1():
        singly_linked_list_0 = module_0.SinglyLinkedList()
        none_type_0 = singly_linked_list_0.add(singly_linked_list_0)
        str_0 = singly_linked_list_0.__str__()
        none_type_1 = singly_linked_list_0.add(singly_linked_list_0)
        str_1 = singly_linked_list_0.__str__()
        var_0 = singly_linked_list_0.remove()
        assert f'{type(var_0).__module__}.{type(var_0).__qualname__}' == 'stack3.Node'
        assert f'{type(var_0.value).__module__}.{type(var_0.value).__qualname__}' == 'stack3.SinglyLinkedList'
&gt;       assert f'{type(var_0.next).__module__}.{type(var_0.next).__qualname__}' == 'stack3.Node'
E       AssertionError: assert 'builtins.NoneType' == 'stack3.Node'
E         - stack3.Node
E         + builtins.NoneType

MIO-WHOLE_SUITE/test_stack3_WHOLE_SUITE.py:22: AssertionError
=========================== short test summary info ============================
FAILED MIO-WHOLE_SUITE/test_stack3_WHOLE_SUITE.py::test_case_1 - AssertionErr...
========================= 1 failed, 29 passed in 0.20s =========================
</pre></div></div></div></div></div><div class="mb-1" id="job_list___sub_accordion_22"><div class="card"><a data-toggle="collapse" data-target="#job_list___sub_collapse_22_1" aria-expanded="false" aria-controls="job_list___sub_collapse_22_1" href="#" class="job_list___sub_multi_heading"><div role="alert" class="card-header alert-success" id="job_list___sub_heading_22_1"><button class="btn btn-outline-success"><span class="job_id">22 : Job ID 7b2cf95507294ad4bd29b9863f2a75ad</span></button></div></a><div aria-labelledby="job_list___sub_heading_22_1" data-parent="#job_list___sub_accordion_22" class="collapse job_list___sub_multi_collapse" id="job_list___sub_collapse_22_1"><div class="card-body"><div class="work-item"><div class="alert alert-success test-outcome" role="alert"><p>worker outcome: normal</p><p>test outcome: killed</p></div></div><pre class="location"><a href="pycharm://open?file=stack3.py&amp;line=38" class="text-secondary"><button class="btn btn-outline-dark">stack3.py, start pos: (38, 23), end pos: (38, 25)</button></a></pre><pre>operator: core/ReplaceComparisonOperator_Eq_GtE, occurrence: 1</pre><div class="alert alert-secondary"><pre class="diff">--- mutation diff ---
--- astack3.py
+++ bstack3.py
@@ -35,7 +35,7 @@
 
         """Remove node from linkedlist."""
 
-        if self.__size == 0:
+        if self.__size &gt;= 0:
             return None
         if self.__size &gt;= 1:
             nodeToRemove = self.__head</pre></div><div class="alert alert-secondary"><pre class="diff">============================= test session starts ==============================
platform linux -- Python 3.10.10, pytest-7.2.1, pluggy-1.0.0
rootdir: /home/auri/temp/lucca/python_experiments/stack3
collected 30 items

MIO-WHOLE_SUITE/test_stack3_MIO.py ...F.................                 [ 70%]
MIO-WHOLE_SUITE/test_stack3_WHOLE_SUITE.py .F..F....                     [100%]

=================================== FAILURES ===================================
_________________________________ test_case_3 __________________________________

    def test_case_3():
        singly_linked_list_0 = module_0.SinglyLinkedList()
        none_type_0 = singly_linked_list_0.add(singly_linked_list_0)
        var_0 = singly_linked_list_0.remove()
&gt;       assert f'{type(var_0).__module__}.{type(var_0).__qualname__}' == 'stack3.Node'
E       AssertionError: assert 'builtins.NoneType' == 'stack3.Node'
E         - stack3.Node
E         + builtins.NoneType

MIO-WHOLE_SUITE/test_stack3_MIO.py:20: AssertionError
_________________________________ test_case_1 __________________________________

    def test_case_1():
        singly_linked_list_0 = module_0.SinglyLinkedList()
        none_type_0 = singly_linked_list_0.add(singly_linked_list_0)
        str_0 = singly_linked_list_0.__str__()
        none_type_1 = singly_linked_list_0.add(singly_linked_list_0)
        str_1 = singly_linked_list_0.__str__()
        var_0 = singly_linked_list_0.remove()
&gt;       assert f'{type(var_0).__module__}.{type(var_0).__qualname__}' == 'stack3.Node'
E       AssertionError: assert 'builtins.NoneType' == 'stack3.Node'
E         - stack3.Node
E         + builtins.NoneType

MIO-WHOLE_SUITE/test_stack3_WHOLE_SUITE.py:20: AssertionError
_________________________________ test_case_4 __________________________________

    def test_case_4():
        bytes_0 = b'W)\x0e\xb6\x96'
        stack_0 = module_0.Stack()
        none_type_0 = stack_0.push(bytes_0)
        var_0 = stack_0.pop()
&gt;       assert f'{type(var_0).__module__}.{type(var_0).__qualname__}' == 'stack3.Node'
E       AssertionError: assert 'builtins.NoneType' == 'stack3.Node'
E         - stack3.Node
E         + builtins.NoneType

MIO-WHOLE_SUITE/test_stack3_WHOLE_SUITE.py:63: AssertionError
=========================== short test summary info ============================
FAILED MIO-WHOLE_SUITE/test_stack3_MIO.py::test_case_3 - AssertionError: asse...
FAILED MIO-WHOLE_SUITE/test_stack3_WHOLE_SUITE.py::test_case_1 - AssertionErr...
FAILED MIO-WHOLE_SUITE/test_stack3_WHOLE_SUITE.py::test_case_4 - AssertionErr...
========================= 3 failed, 27 passed in 0.25s =========================
</pre></div></div></div></div></div><div class="mb-1" id="job_list___sub_accordion_23"><div class="card"><a data-toggle="collapse" data-target="#job_list___sub_collapse_23_1" aria-expanded="false" aria-controls="job_list___sub_collapse_23_1" href="#" class="job_list___sub_multi_heading"><div role="alert" class="card-header alert-success" id="job_list___sub_heading_23_1"><button class="btn btn-outline-success"><span class="job_id">23 : Job ID 6c33159dc27340cd8692be36d67936b2</span></button></div></a><div aria-labelledby="job_list___sub_heading_23_1" data-parent="#job_list___sub_accordion_23" class="collapse job_list___sub_multi_collapse" id="job_list___sub_collapse_23_1"><div class="card-body"><div class="work-item"><div class="alert alert-success test-outcome" role="alert"><p>worker outcome: normal</p><p>test outcome: killed</p></div></div><pre class="location"><a href="pycharm://open?file=stack3.py&amp;line=75" class="text-secondary"><button class="btn btn-outline-dark">stack3.py, start pos: (75, 35), end pos: (75, 37)</button></a></pre><pre>operator: core/ReplaceComparisonOperator_Eq_GtE, occurrence: 2</pre><div class="alert alert-secondary"><pre class="diff">--- mutation diff ---
--- astack3.py
+++ bstack3.py
@@ -72,7 +72,7 @@
 
         """Checks if linkedlist is empty."""
 
-        return True if self.__size == 0 else False
+        return True if self.__size &gt;= 0 else False
 
     def toArray(self) -&gt; list:
 </pre></div><div class="alert alert-secondary"><pre class="diff">============================= test session starts ==============================
platform linux -- Python 3.10.10, pytest-7.2.1, pluggy-1.0.0
rootdir: /home/auri/temp/lucca/python_experiments/stack3
collected 30 items

MIO-WHOLE_SUITE/test_stack3_MIO.py ......F..............                 [ 70%]
MIO-WHOLE_SUITE/test_stack3_WHOLE_SUITE.py .F.......                     [100%]

=================================== FAILURES ===================================
_________________________________ test_case_6 __________________________________

    def test_case_6():
        singly_linked_list_0 = module_0.SinglyLinkedList()
        none_type_0 = singly_linked_list_0.add(singly_linked_list_0)
        bool_0 = singly_linked_list_0.isEmpty()
&gt;       assert bool_0 is False
E       assert True is False

MIO-WHOLE_SUITE/test_stack3_MIO.py:37: AssertionError
_________________________________ test_case_1 __________________________________

    def test_case_1():
        singly_linked_list_0 = module_0.SinglyLinkedList()
        none_type_0 = singly_linked_list_0.add(singly_linked_list_0)
        str_0 = singly_linked_list_0.__str__()
        none_type_1 = singly_linked_list_0.add(singly_linked_list_0)
        str_1 = singly_linked_list_0.__str__()
        var_0 = singly_linked_list_0.remove()
        assert f'{type(var_0).__module__}.{type(var_0).__qualname__}' == 'stack3.Node'
        assert f'{type(var_0.value).__module__}.{type(var_0.value).__qualname__}' == 'stack3.SinglyLinkedList'
        assert f'{type(var_0.next).__module__}.{type(var_0.next).__qualname__}' == 'stack3.Node'
        singly_linked_list_1 = module_0.SinglyLinkedList()
        int_0 = singly_linked_list_0.getSize()
        assert int_0 == 1
        bool_0 = singly_linked_list_0.isEmpty()
&gt;       assert bool_0 is False
E       assert True is False

MIO-WHOLE_SUITE/test_stack3_WHOLE_SUITE.py:27: AssertionError
=========================== short test summary info ============================
FAILED MIO-WHOLE_SUITE/test_stack3_MIO.py::test_case_6 - assert True is False
FAILED MIO-WHOLE_SUITE/test_stack3_WHOLE_SUITE.py::test_case_1 - assert True ...
========================= 2 failed, 28 passed in 0.24s =========================
</pre></div></div></div></div></div><div class="mb-1" id="job_list___sub_accordion_24"><div class="card"><a data-toggle="collapse" data-target="#job_list___sub_collapse_24_1" aria-expanded="false" aria-controls="job_list___sub_collapse_24_1" href="#" class="job_list___sub_multi_heading"><div role="alert" class="card-header alert-success" id="job_list___sub_heading_24_1"><button class="btn btn-outline-success"><span class="job_id">24 : Job ID f9ee8ecd039b4f69be334f6170b810b4</span></button></div></a><div aria-labelledby="job_list___sub_heading_24_1" data-parent="#job_list___sub_accordion_24" class="collapse job_list___sub_multi_collapse" id="job_list___sub_collapse_24_1"><div class="card-body"><div class="work-item"><div class="alert alert-success test-outcome" role="alert"><p>worker outcome: normal</p><p>test outcome: killed</p></div></div><pre class="location"><a href="pycharm://open?file=stack3.py&amp;line=125" class="text-secondary"><button class="btn btn-outline-dark">stack3.py, start pos: (125, 46), end pos: (125, 48)</button></a></pre><pre>operator: core/ReplaceComparisonOperator_Eq_GtE, occurrence: 3</pre><div class="alert alert-secondary"><pre class="diff">--- mutation diff ---
--- astack3.py
+++ bstack3.py
@@ -122,7 +122,7 @@
 
         """Check if stack is empty."""
 
-        return True if self.__stack.getSize() == 0 else False
+        return True if self.__stack.getSize() &gt;= 0 else False
 
     def getSize(self) -&gt; int:
 </pre></div><div class="alert alert-secondary"><pre class="diff">============================= test session starts ==============================
platform linux -- Python 3.10.10, pytest-7.2.1, pluggy-1.0.0
rootdir: /home/auri/temp/lucca/python_experiments/stack3
collected 30 items

MIO-WHOLE_SUITE/test_stack3_MIO.py ............F........                 [ 70%]
MIO-WHOLE_SUITE/test_stack3_WHOLE_SUITE.py ...F.....                     [100%]

=================================== FAILURES ===================================
_________________________________ test_case_12 _________________________________

    def test_case_12():
        stack_0 = module_0.Stack()
        none_type_0 = stack_0.push(stack_0)
        bool_0 = stack_0.isEmpty()
&gt;       assert bool_0 is False
E       assert True is False

MIO-WHOLE_SUITE/test_stack3_MIO.py:69: AssertionError
_________________________________ test_case_3 __________________________________

    def test_case_3():
        bool_0 = False
        stack_0 = module_0.Stack()
        none_type_0 = stack_0.push(bool_0)
        str_0 = stack_0.__str__()
        assert str_0 == '[False]'
        none_type_1 = stack_0.push(stack_0)
        int_0 = stack_0.getSize()
        assert int_0 == 2
        bool_1 = stack_0.isEmpty()
&gt;       assert bool_1 is False
E       assert True is False

MIO-WHOLE_SUITE/test_stack3_WHOLE_SUITE.py:47: AssertionError
=========================== short test summary info ============================
FAILED MIO-WHOLE_SUITE/test_stack3_MIO.py::test_case_12 - assert True is False
FAILED MIO-WHOLE_SUITE/test_stack3_WHOLE_SUITE.py::test_case_3 - assert True ...
========================= 2 failed, 28 passed in 0.21s =========================
</pre></div></div></div></div></div><div class="mb-1" id="job_list___sub_accordion_25"><div class="card"><a data-toggle="collapse" data-target="#job_list___sub_collapse_25_1" aria-expanded="false" aria-controls="job_list___sub_collapse_25_1" href="#" class="job_list___sub_multi_heading"><div role="alert" class="card-header alert-danger" id="job_list___sub_heading_25_1"><button class="btn btn-outline-danger"><span class="job_id">25 : Job ID 395ce906fe7c4e4eb3f13a5271ea74e2</span></button></div></a><div aria-labelledby="job_list___sub_heading_25_1" data-parent="#job_list___sub_accordion_25" class="collapse job_list___sub_multi_collapse" id="job_list___sub_collapse_25_1"><div class="card-body"><div class="work-item"><div class="alert alert-danger test-outcome" role="alert"><p>SURVIVED</p><p>worker outcome: normal</p><p>test outcome: survived</p></div></div><pre class="location"><a href="pycharm://open?file=stack3.py&amp;line=140" class="text-secondary"><button class="btn btn-outline-dark">stack3.py, start pos: (140, 12), end pos: (140, 14)</button></a></pre><pre>operator: core/ReplaceComparisonOperator_Eq_GtE, occurrence: 4</pre><div class="alert alert-secondary"><pre class="diff">--- mutation diff ---
--- astack3.py
+++ bstack3.py
@@ -137,6 +137,6 @@
         return str(self.__stack.toArray()[::-1])
 
 
-if __name__ == "__main__":
+if __name__ &gt;= "__main__":
     pass
 </pre></div><div class="alert alert-secondary"><pre class="diff">============================= test session starts ==============================
platform linux -- Python 3.10.10, pytest-7.2.1, pluggy-1.0.0
rootdir: /home/auri/temp/lucca/python_experiments/stack3
collected 30 items

MIO-WHOLE_SUITE/test_stack3_MIO.py .....................                 [ 70%]
MIO-WHOLE_SUITE/test_stack3_WHOLE_SUITE.py .........                     [100%]

============================== 30 passed in 0.17s ==============================
</pre></div></div></div></div></div><div class="mb-1" id="job_list___sub_accordion_26"><div class="card"><a data-toggle="collapse" data-target="#job_list___sub_collapse_26_1" aria-expanded="false" aria-controls="job_list___sub_collapse_26_1" href="#" class="job_list___sub_multi_heading"><div role="alert" class="card-header alert-danger" id="job_list___sub_heading_26_1"><button class="btn btn-outline-danger"><span class="job_id">26 : Job ID da51ddf76dfc47b4b5df6a0a06518f5c</span></button></div></a><div aria-labelledby="job_list___sub_heading_26_1" data-parent="#job_list___sub_accordion_26" class="collapse job_list___sub_multi_collapse" id="job_list___sub_collapse_26_1"><div class="card-body"><div class="work-item"><div class="alert alert-danger test-outcome" role="alert"><p>SURVIVED</p><p>worker outcome: normal</p><p>test outcome: survived</p></div></div><pre class="location"><a href="pycharm://open?file=stack3.py&amp;line=140" class="text-secondary"><button class="btn btn-outline-dark">stack3.py, start pos: (140, 12), end pos: (140, 14)</button></a></pre><pre>operator: core/ReplaceComparisonOperator_Eq_Is, occurrence: 0</pre><div class="alert alert-secondary"><pre class="diff">--- mutation diff ---
--- astack3.py
+++ bstack3.py
@@ -137,6 +137,6 @@
         return str(self.__stack.toArray()[::-1])
 
 
-if __name__ == "__main__":
+if __name__ is "__main__":
     pass
 </pre></div><div class="alert alert-secondary"><pre class="diff">============================= test session starts ==============================
platform linux -- Python 3.10.10, pytest-7.2.1, pluggy-1.0.0
rootdir: /home/auri/temp/lucca/python_experiments/stack3
collected 30 items

MIO-WHOLE_SUITE/test_stack3_MIO.py .....................                 [ 70%]
MIO-WHOLE_SUITE/test_stack3_WHOLE_SUITE.py .........                     [100%]

=============================== warnings summary ===============================
stack3.py:140
  /home/auri/temp/lucca/python_experiments/stack3/stack3.py:140: SyntaxWarning: "is" with a literal. Did you mean "=="?
    if __name__ is "__main__":

-- Docs: https://docs.pytest.org/en/stable/how-to/capture-warnings.html
======================== 30 passed, 1 warning in 0.16s =========================
</pre></div></div></div></div></div><div class="mb-1" id="job_list___sub_accordion_27"><div class="card"><a data-toggle="collapse" data-target="#job_list___sub_collapse_27_1" aria-expanded="false" aria-controls="job_list___sub_collapse_27_1" href="#" class="job_list___sub_multi_heading"><div role="alert" class="card-header alert-danger" id="job_list___sub_heading_27_1"><button class="btn btn-outline-danger"><span class="job_id">27 : Job ID 1e3a4c2ed03742cb86d02d247c32e8d4</span></button></div></a><div aria-labelledby="job_list___sub_heading_27_1" data-parent="#job_list___sub_accordion_27" class="collapse job_list___sub_multi_collapse" id="job_list___sub_collapse_27_1"><div class="card-body"><div class="work-item"><div class="alert alert-danger test-outcome" role="alert"><p>SURVIVED</p><p>worker outcome: normal</p><p>test outcome: survived</p></div></div><pre class="location"><a href="pycharm://open?file=stack3.py&amp;line=140" class="text-secondary"><button class="btn btn-outline-dark">stack3.py, start pos: (140, 12), end pos: (140, 14)</button></a></pre><pre>operator: core/ReplaceComparisonOperator_Eq_IsNot, occurrence: 0</pre><div class="alert alert-secondary"><pre class="diff">--- mutation diff ---
--- astack3.py
+++ bstack3.py
@@ -137,6 +137,6 @@
         return str(self.__stack.toArray()[::-1])
 
 
-if __name__ == "__main__":
+if __name__ is not "__main__":
     pass
 </pre></div><div class="alert alert-secondary"><pre class="diff">============================= test session starts ==============================
platform linux -- Python 3.10.10, pytest-7.2.1, pluggy-1.0.0
rootdir: /home/auri/temp/lucca/python_experiments/stack3
collected 30 items

MIO-WHOLE_SUITE/test_stack3_MIO.py .....................                 [ 70%]
MIO-WHOLE_SUITE/test_stack3_WHOLE_SUITE.py .........                     [100%]

=============================== warnings summary ===============================
stack3.py:140
  /home/auri/temp/lucca/python_experiments/stack3/stack3.py:140: SyntaxWarning: "is not" with a literal. Did you mean "!="?
    if __name__ is not "__main__":

-- Docs: https://docs.pytest.org/en/stable/how-to/capture-warnings.html
======================== 30 passed, 1 warning in 0.15s =========================
</pre></div></div></div></div></div><div class="mb-1" id="job_list___sub_accordion_28"><div class="card"><a data-toggle="collapse" data-target="#job_list___sub_collapse_28_1" aria-expanded="false" aria-controls="job_list___sub_collapse_28_1" href="#" class="job_list___sub_multi_heading"><div role="alert" class="card-header alert-danger" id="job_list___sub_heading_28_1"><button class="btn btn-outline-danger"><span class="job_id">28 : Job ID 90cb3992cdb644b688c888c1b455342f</span></button></div></a><div aria-labelledby="job_list___sub_heading_28_1" data-parent="#job_list___sub_accordion_28" class="collapse job_list___sub_multi_collapse" id="job_list___sub_collapse_28_1"><div class="card-body"><div class="work-item"><div class="alert alert-danger test-outcome" role="alert"><p>SURVIVED</p><p>worker outcome: normal</p><p>test outcome: survived</p></div></div><pre class="location"><a href="pycharm://open?file=stack3.py&amp;line=40" class="text-secondary"><button class="btn btn-outline-dark">stack3.py, start pos: (40, 23), end pos: (40, 25)</button></a></pre><pre>operator: core/ReplaceComparisonOperator_GtE_Eq, occurrence: 0</pre><div class="alert alert-secondary"><pre class="diff">--- mutation diff ---
--- astack3.py
+++ bstack3.py
@@ -37,7 +37,7 @@
 
         if self.__size == 0:
             return None
-        if self.__size &gt;= 1:
+        if self.__size == 1:
             nodeToRemove = self.__head
             self.__sentinel.next = None
             self.__head = self.__sentinel</pre></div><div class="alert alert-secondary"><pre class="diff">============================= test session starts ==============================
platform linux -- Python 3.10.10, pytest-7.2.1, pluggy-1.0.0
rootdir: /home/auri/temp/lucca/python_experiments/stack3
collected 30 items

MIO-WHOLE_SUITE/test_stack3_MIO.py .....................                 [ 70%]
MIO-WHOLE_SUITE/test_stack3_WHOLE_SUITE.py .........                     [100%]

============================== 30 passed in 0.15s ==============================
</pre></div></div></div></div></div><div class="mb-1" id="job_list___sub_accordion_29"><div class="card"><a data-toggle="collapse" data-target="#job_list___sub_collapse_29_1" aria-expanded="false" aria-controls="job_list___sub_collapse_29_1" href="#" class="job_list___sub_multi_heading"><div role="alert" class="card-header alert-danger" id="job_list___sub_heading_29_1"><button class="btn btn-outline-danger"><span class="job_id">29 : Job ID cd367034af8d4adc92410a7ededefa98</span></button></div></a><div aria-labelledby="job_list___sub_heading_29_1" data-parent="#job_list___sub_accordion_29" class="collapse job_list___sub_multi_collapse" id="job_list___sub_collapse_29_1"><div class="card-body"><div class="work-item"><div class="alert alert-danger test-outcome" role="alert"><p>SURVIVED</p><p>worker outcome: normal</p><p>test outcome: survived</p></div></div><pre class="location"><a href="pycharm://open?file=stack3.py&amp;line=40" class="text-secondary"><button class="btn btn-outline-dark">stack3.py, start pos: (40, 23), end pos: (40, 25)</button></a></pre><pre>operator: core/ReplaceComparisonOperator_GtE_NotEq, occurrence: 0</pre><div class="alert alert-secondary"><pre class="diff">--- mutation diff ---
--- astack3.py
+++ bstack3.py
@@ -37,7 +37,7 @@
 
         if self.__size == 0:
             return None
-        if self.__size &gt;= 1:
+        if self.__size != 1:
             nodeToRemove = self.__head
             self.__sentinel.next = None
             self.__head = self.__sentinel</pre></div><div class="alert alert-secondary"><pre class="diff">============================= test session starts ==============================
platform linux -- Python 3.10.10, pytest-7.2.1, pluggy-1.0.0
rootdir: /home/auri/temp/lucca/python_experiments/stack3
collected 30 items

MIO-WHOLE_SUITE/test_stack3_MIO.py .....................                 [ 70%]
MIO-WHOLE_SUITE/test_stack3_WHOLE_SUITE.py .........                     [100%]

============================== 30 passed in 0.15s ==============================
</pre></div></div></div></div></div><div class="mb-1" id="job_list___sub_accordion_30"><div class="card"><a data-toggle="collapse" data-target="#job_list___sub_collapse_30_1" aria-expanded="false" aria-controls="job_list___sub_collapse_30_1" href="#" class="job_list___sub_multi_heading"><div role="alert" class="card-header alert-danger" id="job_list___sub_heading_30_1"><button class="btn btn-outline-danger"><span class="job_id">30 : Job ID 872c2a1f4c5f412c8ae30fbef036f179</span></button></div></a><div aria-labelledby="job_list___sub_heading_30_1" data-parent="#job_list___sub_accordion_30" class="collapse job_list___sub_multi_collapse" id="job_list___sub_collapse_30_1"><div class="card-body"><div class="work-item"><div class="alert alert-danger test-outcome" role="alert"><p>SURVIVED</p><p>worker outcome: normal</p><p>test outcome: survived</p></div></div><pre class="location"><a href="pycharm://open?file=stack3.py&amp;line=40" class="text-secondary"><button class="btn btn-outline-dark">stack3.py, start pos: (40, 23), end pos: (40, 25)</button></a></pre><pre>operator: core/ReplaceComparisonOperator_GtE_Lt, occurrence: 0</pre><div class="alert alert-secondary"><pre class="diff">--- mutation diff ---
--- astack3.py
+++ bstack3.py
@@ -37,7 +37,7 @@
 
         if self.__size == 0:
             return None
-        if self.__size &gt;= 1:
+        if self.__size &lt; 1:
             nodeToRemove = self.__head
             self.__sentinel.next = None
             self.__head = self.__sentinel</pre></div><div class="alert alert-secondary"><pre class="diff">============================= test session starts ==============================
platform linux -- Python 3.10.10, pytest-7.2.1, pluggy-1.0.0
rootdir: /home/auri/temp/lucca/python_experiments/stack3
collected 30 items

MIO-WHOLE_SUITE/test_stack3_MIO.py .....................                 [ 70%]
MIO-WHOLE_SUITE/test_stack3_WHOLE_SUITE.py .........                     [100%]

============================== 30 passed in 0.15s ==============================
</pre></div></div></div></div></div><div class="mb-1" id="job_list___sub_accordion_31"><div class="card"><a data-toggle="collapse" data-target="#job_list___sub_collapse_31_1" aria-expanded="false" aria-controls="job_list___sub_collapse_31_1" href="#" class="job_list___sub_multi_heading"><div role="alert" class="card-header alert-danger" id="job_list___sub_heading_31_1"><button class="btn btn-outline-danger"><span class="job_id">31 : Job ID cb4f1430d5aa4feaa4ea060ba33c33a5</span></button></div></a><div aria-labelledby="job_list___sub_heading_31_1" data-parent="#job_list___sub_accordion_31" class="collapse job_list___sub_multi_collapse" id="job_list___sub_collapse_31_1"><div class="card-body"><div class="work-item"><div class="alert alert-danger test-outcome" role="alert"><p>SURVIVED</p><p>worker outcome: normal</p><p>test outcome: survived</p></div></div><pre class="location"><a href="pycharm://open?file=stack3.py&amp;line=40" class="text-secondary"><button class="btn btn-outline-dark">stack3.py, start pos: (40, 23), end pos: (40, 25)</button></a></pre><pre>operator: core/ReplaceComparisonOperator_GtE_LtE, occurrence: 0</pre><div class="alert alert-secondary"><pre class="diff">--- mutation diff ---
--- astack3.py
+++ bstack3.py
@@ -37,7 +37,7 @@
 
         if self.__size == 0:
             return None
-        if self.__size &gt;= 1:
+        if self.__size &lt;= 1:
             nodeToRemove = self.__head
             self.__sentinel.next = None
             self.__head = self.__sentinel</pre></div><div class="alert alert-secondary"><pre class="diff">============================= test session starts ==============================
platform linux -- Python 3.10.10, pytest-7.2.1, pluggy-1.0.0
rootdir: /home/auri/temp/lucca/python_experiments/stack3
collected 30 items

MIO-WHOLE_SUITE/test_stack3_MIO.py .....................                 [ 70%]
MIO-WHOLE_SUITE/test_stack3_WHOLE_SUITE.py .........                     [100%]

============================== 30 passed in 0.23s ==============================
</pre></div></div></div></div></div><div class="mb-1" id="job_list___sub_accordion_32"><div class="card"><a data-toggle="collapse" data-target="#job_list___sub_collapse_32_1" aria-expanded="false" aria-controls="job_list___sub_collapse_32_1" href="#" class="job_list___sub_multi_heading"><div role="alert" class="card-header alert-danger" id="job_list___sub_heading_32_1"><button class="btn btn-outline-danger"><span class="job_id">32 : Job ID 5afeac2c49684e5d894710a8df60f2e6</span></button></div></a><div aria-labelledby="job_list___sub_heading_32_1" data-parent="#job_list___sub_accordion_32" class="collapse job_list___sub_multi_collapse" id="job_list___sub_collapse_32_1"><div class="card-body"><div class="work-item"><div class="alert alert-danger test-outcome" role="alert"><p>SURVIVED</p><p>worker outcome: normal</p><p>test outcome: survived</p></div></div><pre class="location"><a href="pycharm://open?file=stack3.py&amp;line=40" class="text-secondary"><button class="btn btn-outline-dark">stack3.py, start pos: (40, 23), end pos: (40, 25)</button></a></pre><pre>operator: core/ReplaceComparisonOperator_GtE_Gt, occurrence: 0</pre><div class="alert alert-secondary"><pre class="diff">--- mutation diff ---
--- astack3.py
+++ bstack3.py
@@ -37,7 +37,7 @@
 
         if self.__size == 0:
             return None
-        if self.__size &gt;= 1:
+        if self.__size &gt; 1:
             nodeToRemove = self.__head
             self.__sentinel.next = None
             self.__head = self.__sentinel</pre></div><div class="alert alert-secondary"><pre class="diff">============================= test session starts ==============================
platform linux -- Python 3.10.10, pytest-7.2.1, pluggy-1.0.0
rootdir: /home/auri/temp/lucca/python_experiments/stack3
collected 30 items

MIO-WHOLE_SUITE/test_stack3_MIO.py .....................                 [ 70%]
MIO-WHOLE_SUITE/test_stack3_WHOLE_SUITE.py .........                     [100%]

============================== 30 passed in 0.15s ==============================
</pre></div></div></div></div></div><div class="mb-1" id="job_list___sub_accordion_33"><div class="card"><a data-toggle="collapse" data-target="#job_list___sub_collapse_33_1" aria-expanded="false" aria-controls="job_list___sub_collapse_33_1" href="#" class="job_list___sub_multi_heading"><div role="alert" class="card-header alert-danger" id="job_list___sub_heading_33_1"><button class="btn btn-outline-danger"><span class="job_id">33 : Job ID 071293cdb66b483f848d91413959f1f0</span></button></div></a><div aria-labelledby="job_list___sub_heading_33_1" data-parent="#job_list___sub_accordion_33" class="collapse job_list___sub_multi_collapse" id="job_list___sub_collapse_33_1"><div class="card-body"><div class="work-item"><div class="alert alert-danger test-outcome" role="alert"><p>SURVIVED</p><p>worker outcome: normal</p><p>test outcome: survived</p></div></div><pre class="location"><a href="pycharm://open?file=stack3.py&amp;line=137" class="text-secondary"><button class="btn btn-outline-dark">stack3.py, start pos: (137, 44), end pos: (137, 45)</button></a></pre><pre>operator: core/ReplaceUnaryOperator_USub_UAdd, occurrence: 0</pre><div class="alert alert-secondary"><pre class="diff">--- mutation diff ---
--- astack3.py
+++ bstack3.py
@@ -134,7 +134,7 @@
 
         """Get string representation of the stack."""
 
-        return str(self.__stack.toArray()[::-1])
+        return str(self.__stack.toArray()[::+1])
 
 
 if __name__ == "__main__":</pre></div><div class="alert alert-secondary"><pre class="diff">============================= test session starts ==============================
platform linux -- Python 3.10.10, pytest-7.2.1, pluggy-1.0.0
rootdir: /home/auri/temp/lucca/python_experiments/stack3
collected 30 items

MIO-WHOLE_SUITE/test_stack3_MIO.py .....................                 [ 70%]
MIO-WHOLE_SUITE/test_stack3_WHOLE_SUITE.py .........                     [100%]

============================== 30 passed in 0.15s ==============================
</pre></div></div></div></div></div><div class="mb-1" id="job_list___sub_accordion_34"><div class="card"><a data-toggle="collapse" data-target="#job_list___sub_collapse_34_1" aria-expanded="false" aria-controls="job_list___sub_collapse_34_1" href="#" class="job_list___sub_multi_heading"><div role="alert" class="card-header alert-danger" id="job_list___sub_heading_34_1"><button class="btn btn-outline-danger"><span class="job_id">34 : Job ID fd4601ec63dc41b1a3213a26ec63b488</span></button></div></a><div aria-labelledby="job_list___sub_heading_34_1" data-parent="#job_list___sub_accordion_34" class="collapse job_list___sub_multi_collapse" id="job_list___sub_collapse_34_1"><div class="card-body"><div class="work-item"><div class="alert alert-danger test-outcome" role="alert"><p>SURVIVED</p><p>worker outcome: normal</p><p>test outcome: survived</p></div></div><pre class="location"><a href="pycharm://open?file=stack3.py&amp;line=137" class="text-secondary"><button class="btn btn-outline-dark">stack3.py, start pos: (137, 44), end pos: (137, 45)</button></a></pre><pre>operator: core/ReplaceUnaryOperator_USub_Invert, occurrence: 0</pre><div class="alert alert-secondary"><pre class="diff">--- mutation diff ---
--- astack3.py
+++ bstack3.py
@@ -134,7 +134,7 @@
 
         """Get string representation of the stack."""
 
-        return str(self.__stack.toArray()[::-1])
+        return str(self.__stack.toArray()[::~1])
 
 
 if __name__ == "__main__":</pre></div><div class="alert alert-secondary"><pre class="diff">============================= test session starts ==============================
platform linux -- Python 3.10.10, pytest-7.2.1, pluggy-1.0.0
rootdir: /home/auri/temp/lucca/python_experiments/stack3
collected 30 items

MIO-WHOLE_SUITE/test_stack3_MIO.py .....................                 [ 70%]
MIO-WHOLE_SUITE/test_stack3_WHOLE_SUITE.py .........                     [100%]

============================== 30 passed in 0.22s ==============================
</pre></div></div></div></div></div><div class="mb-1" id="job_list___sub_accordion_35"><div class="card"><a data-toggle="collapse" data-target="#job_list___sub_collapse_35_1" aria-expanded="false" aria-controls="job_list___sub_collapse_35_1" href="#" class="job_list___sub_multi_heading"><div role="alert" class="card-header alert-success" id="job_list___sub_heading_35_1"><button class="btn btn-outline-success"><span class="job_id">35 : Job ID 94329668dc394774997dddaf8d98554f</span></button></div></a><div aria-labelledby="job_list___sub_heading_35_1" data-parent="#job_list___sub_accordion_35" class="collapse job_list___sub_multi_collapse" id="job_list___sub_collapse_35_1"><div class="card-body"><div class="work-item"><div class="alert alert-success test-outcome" role="alert"><p>worker outcome: normal</p><p>test outcome: killed</p></div></div><pre class="location"><a href="pycharm://open?file=stack3.py&amp;line=137" class="text-secondary"><button class="btn btn-outline-dark">stack3.py, start pos: (137, 44), end pos: (137, 45)</button></a></pre><pre>operator: core/ReplaceUnaryOperator_USub_Not, occurrence: 0</pre><div class="alert alert-secondary"><pre class="diff">--- mutation diff ---
--- astack3.py
+++ bstack3.py
@@ -134,7 +134,7 @@
 
         """Get string representation of the stack."""
 
-        return str(self.__stack.toArray()[::-1])
+        return str(self.__stack.toArray()[::not 1])
 
 
 if __name__ == "__main__":</pre></div><div class="alert alert-secondary"><pre class="diff">============================= test session starts ==============================
platform linux -- Python 3.10.10, pytest-7.2.1, pluggy-1.0.0
rootdir: /home/auri/temp/lucca/python_experiments/stack3
collected 30 items

MIO-WHOLE_SUITE/test_stack3_MIO.py ....................F                 [ 70%]
MIO-WHOLE_SUITE/test_stack3_WHOLE_SUITE.py ...F.....                     [100%]

=================================== FAILURES ===================================
_________________________________ test_case_20 _________________________________

    def test_case_20():
        stack_0 = module_0.Stack()
&gt;       str_0 = stack_0.__str__()

MIO-WHOLE_SUITE/test_stack3_MIO.py:100: 
_ _ _ _ _ _ _ _ _ _ _ _ _ _ _ _ _ _ _ _ _ _ _ _ _ _ _ _ _ _ _ _ _ _ _ _ _ _ _ _ 

self = &lt;stack3.Stack object at 0x7f5efbb92200&gt;

    def __str__(self) -&gt; str:
    
        """Get string representation of the stack."""
    
&gt;       return str(self.__stack.toArray()[::not 1])
E       ValueError: slice step cannot be zero

stack3.py:137: ValueError
_________________________________ test_case_3 __________________________________

    def test_case_3():
        bool_0 = False
        stack_0 = module_0.Stack()
        none_type_0 = stack_0.push(bool_0)
&gt;       str_0 = stack_0.__str__()

MIO-WHOLE_SUITE/test_stack3_WHOLE_SUITE.py:41: 
_ _ _ _ _ _ _ _ _ _ _ _ _ _ _ _ _ _ _ _ _ _ _ _ _ _ _ _ _ _ _ _ _ _ _ _ _ _ _ _ 

self = &lt;stack3.Stack object at 0x7f5efb88bac0&gt;

    def __str__(self) -&gt; str:
    
        """Get string representation of the stack."""
    
&gt;       return str(self.__stack.toArray()[::not 1])
E       ValueError: slice step cannot be zero

stack3.py:137: ValueError
=========================== short test summary info ============================
FAILED MIO-WHOLE_SUITE/test_stack3_MIO.py::test_case_20 - ValueError: slice s...
FAILED MIO-WHOLE_SUITE/test_stack3_WHOLE_SUITE.py::test_case_3 - ValueError: ...
========================= 2 failed, 28 passed in 0.22s =========================
</pre></div></div></div></div></div><div class="mb-1" id="job_list___sub_accordion_36"><div class="card"><a data-toggle="collapse" data-target="#job_list___sub_collapse_36_1" aria-expanded="false" aria-controls="job_list___sub_collapse_36_1" href="#" class="job_list___sub_multi_heading"><div role="alert" class="card-header alert-danger" id="job_list___sub_heading_36_1"><button class="btn btn-outline-danger"><span class="job_id">36 : Job ID 180f0ff6fa2d4e7b92d358b1a562ff18</span></button></div></a><div aria-labelledby="job_list___sub_heading_36_1" data-parent="#job_list___sub_accordion_36" class="collapse job_list___sub_multi_collapse" id="job_list___sub_collapse_36_1"><div class="card-body"><div class="work-item"><div class="alert alert-danger test-outcome" role="alert"><p>SURVIVED</p><p>worker outcome: normal</p><p>test outcome: survived</p></div></div><pre class="location"><a href="pycharm://open?file=stack3.py&amp;line=137" class="text-secondary"><button class="btn btn-outline-dark">stack3.py, start pos: (137, 44), end pos: (137, 45)</button></a></pre><pre>operator: core/ReplaceUnaryOperator_Delete_USub, occurrence: 0</pre><div class="alert alert-secondary"><pre class="diff">--- mutation diff ---
--- astack3.py
+++ bstack3.py
@@ -134,7 +134,7 @@
 
         """Get string representation of the stack."""
 
-        return str(self.__stack.toArray()[::-1])
+        return str(self.__stack.toArray()[::1])
 
 
 if __name__ == "__main__":</pre></div><div class="alert alert-secondary"><pre class="diff">============================= test session starts ==============================
platform linux -- Python 3.10.10, pytest-7.2.1, pluggy-1.0.0
rootdir: /home/auri/temp/lucca/python_experiments/stack3
collected 30 items

MIO-WHOLE_SUITE/test_stack3_MIO.py .....................                 [ 70%]
MIO-WHOLE_SUITE/test_stack3_WHOLE_SUITE.py .........                     [100%]

============================== 30 passed in 0.15s ==============================
</pre></div></div></div></div></div><div class="mb-1" id="job_list___sub_accordion_37"><div class="card"><a data-toggle="collapse" data-target="#job_list___sub_collapse_37_1" aria-expanded="false" aria-controls="job_list___sub_collapse_37_1" href="#" class="job_list___sub_multi_heading"><div role="alert" class="card-header alert-success" id="job_list___sub_heading_37_1"><button class="btn btn-outline-success"><span class="job_id">37 : Job ID 14af25b0cc7d4eca86c8b0aaa06d76da</span></button></div></a><div aria-labelledby="job_list___sub_heading_37_1" data-parent="#job_list___sub_accordion_37" class="collapse job_list___sub_multi_collapse" id="job_list___sub_collapse_37_1"><div class="card-body"><div class="work-item"><div class="alert alert-success test-outcome" role="alert"><p>worker outcome: normal</p><p>test outcome: killed</p></div></div><pre class="location"><a href="pycharm://open?file=stack3.py&amp;line=24" class="text-secondary"><button class="btn btn-outline-dark">stack3.py, start pos: (24, 11), end pos: (24, 27)</button></a></pre><pre>operator: core/AddNot, occurrence: 0</pre><div class="alert alert-secondary"><pre class="diff">--- mutation diff ---
--- astack3.py
+++ bstack3.py
@@ -21,7 +21,7 @@
         """Add element to linked list."""
 
         newNode = Node(value)
-        if self.__size == 0:
+        if not self.__size == 0:
             self.__head.next = newNode
             self.__head = newNode
             self.__size += 1</pre></div><div class="alert alert-secondary"><pre class="diff">timeout</pre></div></div></div></div></div><div class="mb-1" id="job_list___sub_accordion_38"><div class="card"><a data-toggle="collapse" data-target="#job_list___sub_collapse_38_1" aria-expanded="false" aria-controls="job_list___sub_collapse_38_1" href="#" class="job_list___sub_multi_heading"><div role="alert" class="card-header alert-success" id="job_list___sub_heading_38_1"><button class="btn btn-outline-success"><span class="job_id">38 : Job ID fcf13e1710284fc1a4bd07456e4440fd</span></button></div></a><div aria-labelledby="job_list___sub_heading_38_1" data-parent="#job_list___sub_accordion_38" class="collapse job_list___sub_multi_collapse" id="job_list___sub_collapse_38_1"><div class="card-body"><div class="work-item"><div class="alert alert-success test-outcome" role="alert"><p>worker outcome: normal</p><p>test outcome: killed</p></div></div><pre class="location"><a href="pycharm://open?file=stack3.py&amp;line=38" class="text-secondary"><button class="btn btn-outline-dark">stack3.py, start pos: (38, 11), end pos: (38, 27)</button></a></pre><pre>operator: core/AddNot, occurrence: 1</pre><div class="alert alert-secondary"><pre class="diff">--- mutation diff ---
--- astack3.py
+++ bstack3.py
@@ -35,7 +35,7 @@
 
         """Remove node from linkedlist."""
 
-        if self.__size == 0:
+        if not self.__size == 0:
             return None
         if self.__size &gt;= 1:
             nodeToRemove = self.__head</pre></div><div class="alert alert-secondary"><pre class="diff">============================= test session starts ==============================
platform linux -- Python 3.10.10, pytest-7.2.1, pluggy-1.0.0
rootdir: /home/auri/temp/lucca/python_experiments/stack3
collected 30 items

MIO-WHOLE_SUITE/test_stack3_MIO.py ...F.................                 [ 70%]
MIO-WHOLE_SUITE/test_stack3_WHOLE_SUITE.py .F..FF..F                     [100%]

=================================== FAILURES ===================================
_________________________________ test_case_3 __________________________________

    def test_case_3():
        singly_linked_list_0 = module_0.SinglyLinkedList()
        none_type_0 = singly_linked_list_0.add(singly_linked_list_0)
        var_0 = singly_linked_list_0.remove()
&gt;       assert f'{type(var_0).__module__}.{type(var_0).__qualname__}' == 'stack3.Node'
E       AssertionError: assert 'builtins.NoneType' == 'stack3.Node'
E         - stack3.Node
E         + builtins.NoneType

MIO-WHOLE_SUITE/test_stack3_MIO.py:20: AssertionError
_________________________________ test_case_1 __________________________________

    def test_case_1():
        singly_linked_list_0 = module_0.SinglyLinkedList()
        none_type_0 = singly_linked_list_0.add(singly_linked_list_0)
        str_0 = singly_linked_list_0.__str__()
        none_type_1 = singly_linked_list_0.add(singly_linked_list_0)
        str_1 = singly_linked_list_0.__str__()
        var_0 = singly_linked_list_0.remove()
&gt;       assert f'{type(var_0).__module__}.{type(var_0).__qualname__}' == 'stack3.Node'
E       AssertionError: assert 'builtins.NoneType' == 'stack3.Node'
E         - stack3.Node
E         + builtins.NoneType

MIO-WHOLE_SUITE/test_stack3_WHOLE_SUITE.py:20: AssertionError
_________________________________ test_case_4 __________________________________

    def test_case_4():
        bytes_0 = b'W)\x0e\xb6\x96'
        stack_0 = module_0.Stack()
        none_type_0 = stack_0.push(bytes_0)
        var_0 = stack_0.pop()
&gt;       assert f'{type(var_0).__module__}.{type(var_0).__qualname__}' == 'stack3.Node'
E       AssertionError: assert 'builtins.NoneType' == 'stack3.Node'
E         - stack3.Node
E         + builtins.NoneType

MIO-WHOLE_SUITE/test_stack3_WHOLE_SUITE.py:63: AssertionError
_________________________________ test_case_5 __________________________________

    def test_case_5():
        singly_linked_list_0 = module_0.SinglyLinkedList()
        var_0 = singly_linked_list_0.remove()
        int_0 = singly_linked_list_0.getSize()
&gt;       assert int_0 == 0
E       assert -1 == 0

MIO-WHOLE_SUITE/test_stack3_WHOLE_SUITE.py:71: AssertionError
_________________________________ test_case_8 __________________________________

    def test_case_8():
        singly_linked_list_0 = module_0.SinglyLinkedList()
        var_0 = singly_linked_list_0.remove()
        node_0 = module_0.Node(var_0)
&gt;       assert node_0.value is None
E       assert &lt;stack3.Node object at 0x7f621283b310&gt; is None
E        +  where &lt;stack3.Node object at 0x7f621283b310&gt; = &lt;stack3.Node object at 0x7f621283ae60&gt;.value

MIO-WHOLE_SUITE/test_stack3_WHOLE_SUITE.py:92: AssertionError
=========================== short test summary info ============================
FAILED MIO-WHOLE_SUITE/test_stack3_MIO.py::test_case_3 - AssertionError: asse...
FAILED MIO-WHOLE_SUITE/test_stack3_WHOLE_SUITE.py::test_case_1 - AssertionErr...
FAILED MIO-WHOLE_SUITE/test_stack3_WHOLE_SUITE.py::test_case_4 - AssertionErr...
FAILED MIO-WHOLE_SUITE/test_stack3_WHOLE_SUITE.py::test_case_5 - assert -1 == 0
FAILED MIO-WHOLE_SUITE/test_stack3_WHOLE_SUITE.py::test_case_8 - assert &lt;stac...
========================= 5 failed, 25 passed in 0.23s =========================
</pre></div></div></div></div></div><div class="mb-1" id="job_list___sub_accordion_39"><div class="card"><a data-toggle="collapse" data-target="#job_list___sub_collapse_39_1" aria-expanded="false" aria-controls="job_list___sub_collapse_39_1" href="#" class="job_list___sub_multi_heading"><div role="alert" class="card-header alert-danger" id="job_list___sub_heading_39_1"><button class="btn btn-outline-danger"><span class="job_id">39 : Job ID cf042c6d26cd45128a73e6b6a239515d</span></button></div></a><div aria-labelledby="job_list___sub_heading_39_1" data-parent="#job_list___sub_accordion_39" class="collapse job_list___sub_multi_collapse" id="job_list___sub_collapse_39_1"><div class="card-body"><div class="work-item"><div class="alert alert-danger test-outcome" role="alert"><p>SURVIVED</p><p>worker outcome: normal</p><p>test outcome: survived</p></div></div><pre class="location"><a href="pycharm://open?file=stack3.py&amp;line=40" class="text-secondary"><button class="btn btn-outline-dark">stack3.py, start pos: (40, 11), end pos: (40, 27)</button></a></pre><pre>operator: core/AddNot, occurrence: 2</pre><div class="alert alert-secondary"><pre class="diff">--- mutation diff ---
--- astack3.py
+++ bstack3.py
@@ -37,7 +37,7 @@
 
         if self.__size == 0:
             return None
-        if self.__size &gt;= 1:
+        if not self.__size &gt;= 1:
             nodeToRemove = self.__head
             self.__sentinel.next = None
             self.__head = self.__sentinel</pre></div><div class="alert alert-secondary"><pre class="diff">============================= test session starts ==============================
platform linux -- Python 3.10.10, pytest-7.2.1, pluggy-1.0.0
rootdir: /home/auri/temp/lucca/python_experiments/stack3
collected 30 items

MIO-WHOLE_SUITE/test_stack3_MIO.py .....................                 [ 70%]
MIO-WHOLE_SUITE/test_stack3_WHOLE_SUITE.py .........                     [100%]

============================== 30 passed in 0.15s ==============================
</pre></div></div></div></div></div><div class="mb-1" id="job_list___sub_accordion_40"><div class="card"><a data-toggle="collapse" data-target="#job_list___sub_collapse_40_1" aria-expanded="false" aria-controls="job_list___sub_collapse_40_1" href="#" class="job_list___sub_multi_heading"><div role="alert" class="card-header alert-success" id="job_list___sub_heading_40_1"><button class="btn btn-outline-success"><span class="job_id">40 : Job ID 3461988194cd4ecaa286b02cc14a8234</span></button></div></a><div aria-labelledby="job_list___sub_heading_40_1" data-parent="#job_list___sub_accordion_40" class="collapse job_list___sub_multi_collapse" id="job_list___sub_collapse_40_1"><div class="card-body"><div class="work-item"><div class="alert alert-success test-outcome" role="alert"><p>worker outcome: normal</p><p>test outcome: killed</p></div></div><pre class="location"><a href="pycharm://open?file=stack3.py&amp;line=75" class="text-secondary"><button class="btn btn-outline-dark">stack3.py, start pos: (75, 23), end pos: (75, 39)</button></a></pre><pre>operator: core/AddNot, occurrence: 3</pre><div class="alert alert-secondary"><pre class="diff">--- mutation diff ---
--- astack3.py
+++ bstack3.py
@@ -72,7 +72,7 @@
 
         """Checks if linkedlist is empty."""
 
-        return True if self.__size == 0 else False
+        return True if not self.__size == 0 else False
 
     def toArray(self) -&gt; list:
 </pre></div><div class="alert alert-secondary"><pre class="diff">============================= test session starts ==============================
platform linux -- Python 3.10.10, pytest-7.2.1, pluggy-1.0.0
rootdir: /home/auri/temp/lucca/python_experiments/stack3
collected 30 items

MIO-WHOLE_SUITE/test_stack3_MIO.py .....FF..............                 [ 70%]
MIO-WHOLE_SUITE/test_stack3_WHOLE_SUITE.py .F.....F.                     [100%]

=================================== FAILURES ===================================
_________________________________ test_case_5 __________________________________

    def test_case_5():
        singly_linked_list_0 = module_0.SinglyLinkedList()
        bool_0 = singly_linked_list_0.isEmpty()
&gt;       assert bool_0 is True
E       assert False is True

MIO-WHOLE_SUITE/test_stack3_MIO.py:31: AssertionError
_________________________________ test_case_6 __________________________________

    def test_case_6():
        singly_linked_list_0 = module_0.SinglyLinkedList()
        none_type_0 = singly_linked_list_0.add(singly_linked_list_0)
        bool_0 = singly_linked_list_0.isEmpty()
&gt;       assert bool_0 is False
E       assert True is False

MIO-WHOLE_SUITE/test_stack3_MIO.py:37: AssertionError
_________________________________ test_case_1 __________________________________

    def test_case_1():
        singly_linked_list_0 = module_0.SinglyLinkedList()
        none_type_0 = singly_linked_list_0.add(singly_linked_list_0)
        str_0 = singly_linked_list_0.__str__()
        none_type_1 = singly_linked_list_0.add(singly_linked_list_0)
        str_1 = singly_linked_list_0.__str__()
        var_0 = singly_linked_list_0.remove()
        assert f'{type(var_0).__module__}.{type(var_0).__qualname__}' == 'stack3.Node'
        assert f'{type(var_0.value).__module__}.{type(var_0.value).__qualname__}' == 'stack3.SinglyLinkedList'
        assert f'{type(var_0.next).__module__}.{type(var_0.next).__qualname__}' == 'stack3.Node'
        singly_linked_list_1 = module_0.SinglyLinkedList()
        int_0 = singly_linked_list_0.getSize()
        assert int_0 == 1
        bool_0 = singly_linked_list_0.isEmpty()
&gt;       assert bool_0 is False
E       assert True is False

MIO-WHOLE_SUITE/test_stack3_WHOLE_SUITE.py:27: AssertionError
_________________________________ test_case_7 __________________________________

    def test_case_7():
        singly_linked_list_0 = module_0.SinglyLinkedList()
        bool_0 = singly_linked_list_0.isEmpty()
&gt;       assert bool_0 is True
E       assert False is True

MIO-WHOLE_SUITE/test_stack3_WHOLE_SUITE.py:83: AssertionError
=========================== short test summary info ============================
FAILED MIO-WHOLE_SUITE/test_stack3_MIO.py::test_case_5 - assert False is True
FAILED MIO-WHOLE_SUITE/test_stack3_MIO.py::test_case_6 - assert True is False
FAILED MIO-WHOLE_SUITE/test_stack3_WHOLE_SUITE.py::test_case_1 - assert True ...
FAILED MIO-WHOLE_SUITE/test_stack3_WHOLE_SUITE.py::test_case_7 - assert False...
========================= 4 failed, 26 passed in 0.22s =========================
</pre></div></div></div></div></div><div class="mb-1" id="job_list___sub_accordion_41"><div class="card"><a data-toggle="collapse" data-target="#job_list___sub_collapse_41_1" aria-expanded="false" aria-controls="job_list___sub_collapse_41_1" href="#" class="job_list___sub_multi_heading"><div role="alert" class="card-header alert-success" id="job_list___sub_heading_41_1"><button class="btn btn-outline-success"><span class="job_id">41 : Job ID c6a0c81925694a828a759846ff256993</span></button></div></a><div aria-labelledby="job_list___sub_heading_41_1" data-parent="#job_list___sub_accordion_41" class="collapse job_list___sub_multi_collapse" id="job_list___sub_collapse_41_1"><div class="card-body"><div class="work-item"><div class="alert alert-success test-outcome" role="alert"><p>worker outcome: normal</p><p>test outcome: killed</p></div></div><pre class="location"><a href="pycharm://open?file=stack3.py&amp;line=83" class="text-secondary"><button class="btn btn-outline-dark">stack3.py, start pos: (83, 14), end pos: (83, 21)</button></a></pre><pre>operator: core/AddNot, occurrence: 4</pre><div class="alert alert-secondary"><pre class="diff">--- mutation diff ---
--- astack3.py
+++ bstack3.py
@@ -80,7 +80,7 @@
 
         arr = []
         current = self.__head
-        while current:
+        while not current:
             arr.append(current.value)
             current = current.next
         return arr</pre></div><div class="alert alert-secondary"><pre class="diff">============================= test session starts ==============================
platform linux -- Python 3.10.10, pytest-7.2.1, pluggy-1.0.0
rootdir: /home/auri/temp/lucca/python_experiments/stack3
collected 30 items

MIO-WHOLE_SUITE/test_stack3_MIO.py ....................F                 [ 70%]
MIO-WHOLE_SUITE/test_stack3_WHOLE_SUITE.py ...F.....                     [100%]

=================================== FAILURES ===================================
_________________________________ test_case_20 _________________________________

    def test_case_20():
        stack_0 = module_0.Stack()
        str_0 = stack_0.__str__()
&gt;       assert str_0 == '[None]'
E       AssertionError: assert '[]' == '[None]'
E         - [None]
E         + []

MIO-WHOLE_SUITE/test_stack3_MIO.py:101: AssertionError
_________________________________ test_case_3 __________________________________

    def test_case_3():
        bool_0 = False
        stack_0 = module_0.Stack()
        none_type_0 = stack_0.push(bool_0)
        str_0 = stack_0.__str__()
&gt;       assert str_0 == '[False]'
E       AssertionError: assert '[]' == '[False]'
E         - [False]
E         + []

MIO-WHOLE_SUITE/test_stack3_WHOLE_SUITE.py:42: AssertionError
=========================== short test summary info ============================
FAILED MIO-WHOLE_SUITE/test_stack3_MIO.py::test_case_20 - AssertionError: ass...
FAILED MIO-WHOLE_SUITE/test_stack3_WHOLE_SUITE.py::test_case_3 - AssertionErr...
========================= 2 failed, 28 passed in 0.20s =========================
</pre></div></div></div></div></div><div class="mb-1" id="job_list___sub_accordion_42"><div class="card"><a data-toggle="collapse" data-target="#job_list___sub_collapse_42_1" aria-expanded="false" aria-controls="job_list___sub_collapse_42_1" href="#" class="job_list___sub_multi_heading"><div role="alert" class="card-header alert-success" id="job_list___sub_heading_42_1"><button class="btn btn-outline-success"><span class="job_id">42 : Job ID 52018612aa3f4d409a098cec528c348b</span></button></div></a><div aria-labelledby="job_list___sub_heading_42_1" data-parent="#job_list___sub_accordion_42" class="collapse job_list___sub_multi_collapse" id="job_list___sub_collapse_42_1"><div class="card-body"><div class="work-item"><div class="alert alert-success test-outcome" role="alert"><p>worker outcome: normal</p><p>test outcome: killed</p></div></div><pre class="location"><a href="pycharm://open?file=stack3.py&amp;line=94" class="text-secondary"><button class="btn btn-outline-dark">stack3.py, start pos: (94, 14), end pos: (94, 21)</button></a></pre><pre>operator: core/AddNot, occurrence: 5</pre><div class="alert alert-secondary"><pre class="diff">--- mutation diff ---
--- astack3.py
+++ bstack3.py
@@ -91,7 +91,7 @@
 
         arr = []
         current = self.__head
-        while current:
+        while not current:
             arr.append(current.value)
             current = current.next
         return str(arr)</pre></div><div class="alert alert-secondary"><pre class="diff">============================= test session starts ==============================
platform linux -- Python 3.10.10, pytest-7.2.1, pluggy-1.0.0
rootdir: /home/auri/temp/lucca/python_experiments/stack3
collected 30 items

MIO-WHOLE_SUITE/test_stack3_MIO.py ..........F..........                 [ 70%]
MIO-WHOLE_SUITE/test_stack3_WHOLE_SUITE.py .....F...                     [100%]

=================================== FAILURES ===================================
_________________________________ test_case_10 _________________________________

    def test_case_10():
        singly_linked_list_0 = module_0.SinglyLinkedList()
        str_0 = singly_linked_list_0.__str__()
&gt;       assert str_0 == '[None]'
E       AssertionError: assert '[]' == '[None]'
E         - [None]
E         + []

MIO-WHOLE_SUITE/test_stack3_MIO.py:58: AssertionError
_________________________________ test_case_5 __________________________________

    def test_case_5():
        singly_linked_list_0 = module_0.SinglyLinkedList()
        var_0 = singly_linked_list_0.remove()
        int_0 = singly_linked_list_0.getSize()
        assert int_0 == 0
        str_0 = singly_linked_list_0.__str__()
&gt;       assert str_0 == '[None]'
E       AssertionError: assert '[]' == '[None]'
E         - [None]
E         + []

MIO-WHOLE_SUITE/test_stack3_WHOLE_SUITE.py:73: AssertionError
=========================== short test summary info ============================
FAILED MIO-WHOLE_SUITE/test_stack3_MIO.py::test_case_10 - AssertionError: ass...
FAILED MIO-WHOLE_SUITE/test_stack3_WHOLE_SUITE.py::test_case_5 - AssertionErr...
========================= 2 failed, 28 passed in 0.21s =========================
</pre></div></div></div></div></div><div class="mb-1" id="job_list___sub_accordion_43"><div class="card"><a data-toggle="collapse" data-target="#job_list___sub_collapse_43_1" aria-expanded="false" aria-controls="job_list___sub_collapse_43_1" href="#" class="job_list___sub_multi_heading"><div role="alert" class="card-header alert-success" id="job_list___sub_heading_43_1"><button class="btn btn-outline-success"><span class="job_id">43 : Job ID 7f01d8b0d78e4b4ebdb1db44234df01d</span></button></div></a><div aria-labelledby="job_list___sub_heading_43_1" data-parent="#job_list___sub_accordion_43" class="collapse job_list___sub_multi_collapse" id="job_list___sub_collapse_43_1"><div class="card-body"><div class="work-item"><div class="alert alert-success test-outcome" role="alert"><p>worker outcome: normal</p><p>test outcome: killed</p></div></div><pre class="location"><a href="pycharm://open?file=stack3.py&amp;line=125" class="text-secondary"><button class="btn btn-outline-dark">stack3.py, start pos: (125, 23), end pos: (125, 50)</button></a></pre><pre>operator: core/AddNot, occurrence: 6</pre><div class="alert alert-secondary"><pre class="diff">--- mutation diff ---
--- astack3.py
+++ bstack3.py
@@ -122,7 +122,7 @@
 
         """Check if stack is empty."""
 
-        return True if self.__stack.getSize() == 0 else False
+        return True if not self.__stack.getSize() == 0 else False
 
     def getSize(self) -&gt; int:
 </pre></div><div class="alert alert-secondary"><pre class="diff">============================= test session starts ==============================
platform linux -- Python 3.10.10, pytest-7.2.1, pluggy-1.0.0
rootdir: /home/auri/temp/lucca/python_experiments/stack3
collected 30 items

MIO-WHOLE_SUITE/test_stack3_MIO.py ...........FF........                 [ 70%]
MIO-WHOLE_SUITE/test_stack3_WHOLE_SUITE.py ..FF.....                     [100%]

=================================== FAILURES ===================================
_________________________________ test_case_11 _________________________________

    def test_case_11():
        stack_0 = module_0.Stack()
        bool_0 = stack_0.isEmpty()
&gt;       assert bool_0 is True
E       assert False is True

MIO-WHOLE_SUITE/test_stack3_MIO.py:63: AssertionError
_________________________________ test_case_12 _________________________________

    def test_case_12():
        stack_0 = module_0.Stack()
        none_type_0 = stack_0.push(stack_0)
        bool_0 = stack_0.isEmpty()
&gt;       assert bool_0 is False
E       assert True is False

MIO-WHOLE_SUITE/test_stack3_MIO.py:69: AssertionError
_________________________________ test_case_2 __________________________________

    def test_case_2():
        stack_0 = module_0.Stack()
        bool_0 = stack_0.isEmpty()
&gt;       assert bool_0 is True
E       assert False is True

MIO-WHOLE_SUITE/test_stack3_WHOLE_SUITE.py:33: AssertionError
_________________________________ test_case_3 __________________________________

    def test_case_3():
        bool_0 = False
        stack_0 = module_0.Stack()
        none_type_0 = stack_0.push(bool_0)
        str_0 = stack_0.__str__()
        assert str_0 == '[False]'
        none_type_1 = stack_0.push(stack_0)
        int_0 = stack_0.getSize()
        assert int_0 == 2
        bool_1 = stack_0.isEmpty()
&gt;       assert bool_1 is False
E       assert True is False

MIO-WHOLE_SUITE/test_stack3_WHOLE_SUITE.py:47: AssertionError
=========================== short test summary info ============================
FAILED MIO-WHOLE_SUITE/test_stack3_MIO.py::test_case_11 - assert False is True
FAILED MIO-WHOLE_SUITE/test_stack3_MIO.py::test_case_12 - assert True is False
FAILED MIO-WHOLE_SUITE/test_stack3_WHOLE_SUITE.py::test_case_2 - assert False...
FAILED MIO-WHOLE_SUITE/test_stack3_WHOLE_SUITE.py::test_case_3 - assert True ...
========================= 4 failed, 26 passed in 0.22s =========================
</pre></div></div></div></div></div><div class="mb-1" id="job_list___sub_accordion_44"><div class="card"><a data-toggle="collapse" data-target="#job_list___sub_collapse_44_1" aria-expanded="false" aria-controls="job_list___sub_collapse_44_1" href="#" class="job_list___sub_multi_heading"><div role="alert" class="card-header alert-danger" id="job_list___sub_heading_44_1"><button class="btn btn-outline-danger"><span class="job_id">44 : Job ID 745be4c3045f429c96678c473eea26b4</span></button></div></a><div aria-labelledby="job_list___sub_heading_44_1" data-parent="#job_list___sub_accordion_44" class="collapse job_list___sub_multi_collapse" id="job_list___sub_collapse_44_1"><div class="card-body"><div class="work-item"><div class="alert alert-danger test-outcome" role="alert"><p>SURVIVED</p><p>worker outcome: normal</p><p>test outcome: survived</p></div></div><pre class="location"><a href="pycharm://open?file=stack3.py&amp;line=140" class="text-secondary"><button class="btn btn-outline-dark">stack3.py, start pos: (140, 3), end pos: (140, 25)</button></a></pre><pre>operator: core/AddNot, occurrence: 7</pre><div class="alert alert-secondary"><pre class="diff">--- mutation diff ---
--- astack3.py
+++ bstack3.py
@@ -137,6 +137,6 @@
         return str(self.__stack.toArray()[::-1])
 
 
-if __name__ == "__main__":
+if not __name__ == "__main__":
     pass
 </pre></div><div class="alert alert-secondary"><pre class="diff">============================= test session starts ==============================
platform linux -- Python 3.10.10, pytest-7.2.1, pluggy-1.0.0
rootdir: /home/auri/temp/lucca/python_experiments/stack3
collected 30 items

MIO-WHOLE_SUITE/test_stack3_MIO.py .....................                 [ 70%]
MIO-WHOLE_SUITE/test_stack3_WHOLE_SUITE.py .........                     [100%]

============================== 30 passed in 0.15s ==============================
</pre></div></div></div></div></div><div class="mb-1" id="job_list___sub_accordion_45"><div class="card"><a data-toggle="collapse" data-target="#job_list___sub_collapse_45_1" aria-expanded="false" aria-controls="job_list___sub_collapse_45_1" href="#" class="job_list___sub_multi_heading"><div role="alert" class="card-header alert-success" id="job_list___sub_heading_45_1"><button class="btn btn-outline-success"><span class="job_id">45 : Job ID 5b4d4b4a3ecd4c6a811e6b0ca0c02ebf</span></button></div></a><div aria-labelledby="job_list___sub_heading_45_1" data-parent="#job_list___sub_accordion_45" class="collapse job_list___sub_multi_collapse" id="job_list___sub_collapse_45_1"><div class="card-body"><div class="work-item"><div class="alert alert-success test-outcome" role="alert"><p>worker outcome: normal</p><p>test outcome: killed</p></div></div><pre class="location"><a href="pycharm://open?file=stack3.py&amp;line=75" class="text-secondary"><button class="btn btn-outline-dark">stack3.py, start pos: (75, 15), end pos: (75, 19)</button></a></pre><pre>operator: core/ReplaceTrueWithFalse, occurrence: 0</pre><div class="alert alert-secondary"><pre class="diff">--- mutation diff ---
--- astack3.py
+++ bstack3.py
@@ -72,7 +72,7 @@
 
         """Checks if linkedlist is empty."""
 
-        return True if self.__size == 0 else False
+        return False if self.__size == 0 else False
 
     def toArray(self) -&gt; list:
 </pre></div><div class="alert alert-secondary"><pre class="diff">============================= test session starts ==============================
platform linux -- Python 3.10.10, pytest-7.2.1, pluggy-1.0.0
rootdir: /home/auri/temp/lucca/python_experiments/stack3
collected 30 items

MIO-WHOLE_SUITE/test_stack3_MIO.py .....F...............                 [ 70%]
MIO-WHOLE_SUITE/test_stack3_WHOLE_SUITE.py .......F.                     [100%]

=================================== FAILURES ===================================
_________________________________ test_case_5 __________________________________

    def test_case_5():
        singly_linked_list_0 = module_0.SinglyLinkedList()
        bool_0 = singly_linked_list_0.isEmpty()
&gt;       assert bool_0 is True
E       assert False is True

MIO-WHOLE_SUITE/test_stack3_MIO.py:31: AssertionError
_________________________________ test_case_7 __________________________________

    def test_case_7():
        singly_linked_list_0 = module_0.SinglyLinkedList()
        bool_0 = singly_linked_list_0.isEmpty()
&gt;       assert bool_0 is True
E       assert False is True

MIO-WHOLE_SUITE/test_stack3_WHOLE_SUITE.py:83: AssertionError
=========================== short test summary info ============================
FAILED MIO-WHOLE_SUITE/test_stack3_MIO.py::test_case_5 - assert False is True
FAILED MIO-WHOLE_SUITE/test_stack3_WHOLE_SUITE.py::test_case_7 - assert False...
========================= 2 failed, 28 passed in 0.21s =========================
</pre></div></div></div></div></div><div class="mb-1" id="job_list___sub_accordion_46"><div class="card"><a data-toggle="collapse" data-target="#job_list___sub_collapse_46_1" aria-expanded="false" aria-controls="job_list___sub_collapse_46_1" href="#" class="job_list___sub_multi_heading"><div role="alert" class="card-header alert-success" id="job_list___sub_heading_46_1"><button class="btn btn-outline-success"><span class="job_id">46 : Job ID 1d1e5a1273694ec8999afbd22de856a4</span></button></div></a><div aria-labelledby="job_list___sub_heading_46_1" data-parent="#job_list___sub_accordion_46" class="collapse job_list___sub_multi_collapse" id="job_list___sub_collapse_46_1"><div class="card-body"><div class="work-item"><div class="alert alert-success test-outcome" role="alert"><p>worker outcome: normal</p><p>test outcome: killed</p></div></div><pre class="location"><a href="pycharm://open?file=stack3.py&amp;line=125" class="text-secondary"><button class="btn btn-outline-dark">stack3.py, start pos: (125, 15), end pos: (125, 19)</button></a></pre><pre>operator: core/ReplaceTrueWithFalse, occurrence: 1</pre><div class="alert alert-secondary"><pre class="diff">--- mutation diff ---
--- astack3.py
+++ bstack3.py
@@ -122,7 +122,7 @@
 
         """Check if stack is empty."""
 
-        return True if self.__stack.getSize() == 0 else False
+        return False if self.__stack.getSize() == 0 else False
 
     def getSize(self) -&gt; int:
 </pre></div><div class="alert alert-secondary"><pre class="diff">============================= test session starts ==============================
platform linux -- Python 3.10.10, pytest-7.2.1, pluggy-1.0.0
rootdir: /home/auri/temp/lucca/python_experiments/stack3
collected 30 items

MIO-WHOLE_SUITE/test_stack3_MIO.py ...........F.........                 [ 70%]
MIO-WHOLE_SUITE/test_stack3_WHOLE_SUITE.py ..F......                     [100%]

=================================== FAILURES ===================================
_________________________________ test_case_11 _________________________________

    def test_case_11():
        stack_0 = module_0.Stack()
        bool_0 = stack_0.isEmpty()
&gt;       assert bool_0 is True
E       assert False is True

MIO-WHOLE_SUITE/test_stack3_MIO.py:63: AssertionError
_________________________________ test_case_2 __________________________________

    def test_case_2():
        stack_0 = module_0.Stack()
        bool_0 = stack_0.isEmpty()
&gt;       assert bool_0 is True
E       assert False is True

MIO-WHOLE_SUITE/test_stack3_WHOLE_SUITE.py:33: AssertionError
=========================== short test summary info ============================
FAILED MIO-WHOLE_SUITE/test_stack3_MIO.py::test_case_11 - assert False is True
FAILED MIO-WHOLE_SUITE/test_stack3_WHOLE_SUITE.py::test_case_2 - assert False...
========================= 2 failed, 28 passed in 0.21s =========================
</pre></div></div></div></div></div><div class="mb-1" id="job_list___sub_accordion_47"><div class="card"><a data-toggle="collapse" data-target="#job_list___sub_collapse_47_1" aria-expanded="false" aria-controls="job_list___sub_collapse_47_1" href="#" class="job_list___sub_multi_heading"><div role="alert" class="card-header alert-success" id="job_list___sub_heading_47_1"><button class="btn btn-outline-success"><span class="job_id">47 : Job ID b6a8a3b15b74427194e4e78048464aa4</span></button></div></a><div aria-labelledby="job_list___sub_heading_47_1" data-parent="#job_list___sub_accordion_47" class="collapse job_list___sub_multi_collapse" id="job_list___sub_collapse_47_1"><div class="card-body"><div class="work-item"><div class="alert alert-success test-outcome" role="alert"><p>worker outcome: normal</p><p>test outcome: killed</p></div></div><pre class="location"><a href="pycharm://open?file=stack3.py&amp;line=75" class="text-secondary"><button class="btn btn-outline-dark">stack3.py, start pos: (75, 45), end pos: (75, 50)</button></a></pre><pre>operator: core/ReplaceFalseWithTrue, occurrence: 0</pre><div class="alert alert-secondary"><pre class="diff">--- mutation diff ---
--- astack3.py
+++ bstack3.py
@@ -72,7 +72,7 @@
 
         """Checks if linkedlist is empty."""
 
-        return True if self.__size == 0 else False
+        return True if self.__size == 0 else True
 
     def toArray(self) -&gt; list:
 </pre></div><div class="alert alert-secondary"><pre class="diff">============================= test session starts ==============================
platform linux -- Python 3.10.10, pytest-7.2.1, pluggy-1.0.0
rootdir: /home/auri/temp/lucca/python_experiments/stack3
collected 30 items

MIO-WHOLE_SUITE/test_stack3_MIO.py ......F..............                 [ 70%]
MIO-WHOLE_SUITE/test_stack3_WHOLE_SUITE.py .F.......                     [100%]

=================================== FAILURES ===================================
_________________________________ test_case_6 __________________________________

    def test_case_6():
        singly_linked_list_0 = module_0.SinglyLinkedList()
        none_type_0 = singly_linked_list_0.add(singly_linked_list_0)
        bool_0 = singly_linked_list_0.isEmpty()
&gt;       assert bool_0 is False
E       assert True is False

MIO-WHOLE_SUITE/test_stack3_MIO.py:37: AssertionError
_________________________________ test_case_1 __________________________________

    def test_case_1():
        singly_linked_list_0 = module_0.SinglyLinkedList()
        none_type_0 = singly_linked_list_0.add(singly_linked_list_0)
        str_0 = singly_linked_list_0.__str__()
        none_type_1 = singly_linked_list_0.add(singly_linked_list_0)
        str_1 = singly_linked_list_0.__str__()
        var_0 = singly_linked_list_0.remove()
        assert f'{type(var_0).__module__}.{type(var_0).__qualname__}' == 'stack3.Node'
        assert f'{type(var_0.value).__module__}.{type(var_0.value).__qualname__}' == 'stack3.SinglyLinkedList'
        assert f'{type(var_0.next).__module__}.{type(var_0.next).__qualname__}' == 'stack3.Node'
        singly_linked_list_1 = module_0.SinglyLinkedList()
        int_0 = singly_linked_list_0.getSize()
        assert int_0 == 1
        bool_0 = singly_linked_list_0.isEmpty()
&gt;       assert bool_0 is False
E       assert True is False

MIO-WHOLE_SUITE/test_stack3_WHOLE_SUITE.py:27: AssertionError
=========================== short test summary info ============================
FAILED MIO-WHOLE_SUITE/test_stack3_MIO.py::test_case_6 - assert True is False
FAILED MIO-WHOLE_SUITE/test_stack3_WHOLE_SUITE.py::test_case_1 - assert True ...
========================= 2 failed, 28 passed in 0.21s =========================
</pre></div></div></div></div></div><div class="mb-1" id="job_list___sub_accordion_48"><div class="card"><a data-toggle="collapse" data-target="#job_list___sub_collapse_48_1" aria-expanded="false" aria-controls="job_list___sub_collapse_48_1" href="#" class="job_list___sub_multi_heading"><div role="alert" class="card-header alert-success" id="job_list___sub_heading_48_1"><button class="btn btn-outline-success"><span class="job_id">48 : Job ID ecb070b0e77a41d884c630fca41823ac</span></button></div></a><div aria-labelledby="job_list___sub_heading_48_1" data-parent="#job_list___sub_accordion_48" class="collapse job_list___sub_multi_collapse" id="job_list___sub_collapse_48_1"><div class="card-body"><div class="work-item"><div class="alert alert-success test-outcome" role="alert"><p>worker outcome: normal</p><p>test outcome: killed</p></div></div><pre class="location"><a href="pycharm://open?file=stack3.py&amp;line=125" class="text-secondary"><button class="btn btn-outline-dark">stack3.py, start pos: (125, 56), end pos: (125, 61)</button></a></pre><pre>operator: core/ReplaceFalseWithTrue, occurrence: 1</pre><div class="alert alert-secondary"><pre class="diff">--- mutation diff ---
--- astack3.py
+++ bstack3.py
@@ -122,7 +122,7 @@
 
         """Check if stack is empty."""
 
-        return True if self.__stack.getSize() == 0 else False
+        return True if self.__stack.getSize() == 0 else True
 
     def getSize(self) -&gt; int:
 </pre></div><div class="alert alert-secondary"><pre class="diff">============================= test session starts ==============================
platform linux -- Python 3.10.10, pytest-7.2.1, pluggy-1.0.0
rootdir: /home/auri/temp/lucca/python_experiments/stack3
collected 30 items

MIO-WHOLE_SUITE/test_stack3_MIO.py ............F........                 [ 70%]
MIO-WHOLE_SUITE/test_stack3_WHOLE_SUITE.py ...F.....                     [100%]

=================================== FAILURES ===================================
_________________________________ test_case_12 _________________________________

    def test_case_12():
        stack_0 = module_0.Stack()
        none_type_0 = stack_0.push(stack_0)
        bool_0 = stack_0.isEmpty()
&gt;       assert bool_0 is False
E       assert True is False

MIO-WHOLE_SUITE/test_stack3_MIO.py:69: AssertionError
_________________________________ test_case_3 __________________________________

    def test_case_3():
        bool_0 = False
        stack_0 = module_0.Stack()
        none_type_0 = stack_0.push(bool_0)
        str_0 = stack_0.__str__()
        assert str_0 == '[False]'
        none_type_1 = stack_0.push(stack_0)
        int_0 = stack_0.getSize()
        assert int_0 == 2
        bool_1 = stack_0.isEmpty()
&gt;       assert bool_1 is False
E       assert True is False

MIO-WHOLE_SUITE/test_stack3_WHOLE_SUITE.py:47: AssertionError
=========================== short test summary info ============================
FAILED MIO-WHOLE_SUITE/test_stack3_MIO.py::test_case_12 - assert True is False
FAILED MIO-WHOLE_SUITE/test_stack3_WHOLE_SUITE.py::test_case_3 - assert True ...
========================= 2 failed, 28 passed in 0.21s =========================
</pre></div></div></div></div></div><div class="mb-1" id="job_list___sub_accordion_49"><div class="card"><a data-toggle="collapse" data-target="#job_list___sub_collapse_49_1" aria-expanded="false" aria-controls="job_list___sub_collapse_49_1" href="#" class="job_list___sub_multi_heading"><div role="alert" class="card-header alert-success" id="job_list___sub_heading_49_1"><button class="btn btn-outline-success"><span class="job_id">49 : Job ID e73b168f89f94612b284ab0fb5848828</span></button></div></a><div aria-labelledby="job_list___sub_heading_49_1" data-parent="#job_list___sub_accordion_49" class="collapse job_list___sub_multi_collapse" id="job_list___sub_collapse_49_1"><div class="card-body"><div class="work-item"><div class="alert alert-success test-outcome" role="alert"><p>worker outcome: normal</p><p>test outcome: killed</p></div></div><pre class="location"><a href="pycharm://open?file=stack3.py&amp;line=17" class="text-secondary"><button class="btn btn-outline-dark">stack3.py, start pos: (17, 22), end pos: (17, 23)</button></a></pre><pre>operator: core/NumberReplacer, occurrence: 0</pre><div class="alert alert-secondary"><pre class="diff">--- mutation diff ---
--- astack3.py
+++ bstack3.py
@@ -14,7 +14,7 @@
     def __init__(self):
         self.__sentinel = Node(None)
         self.__head = self.__sentinel
-        self.__size = 0
+        self.__size = 1
 
     def add(self, value: T) -&gt; None:
 </pre></div><div class="alert alert-secondary"><pre class="diff">timeout</pre></div></div></div></div></div><div class="mb-1" id="job_list___sub_accordion_50"><div class="card"><a data-toggle="collapse" data-target="#job_list___sub_collapse_50_1" aria-expanded="false" aria-controls="job_list___sub_collapse_50_1" href="#" class="job_list___sub_multi_heading"><div role="alert" class="card-header alert-success" id="job_list___sub_heading_50_1"><button class="btn btn-outline-success"><span class="job_id">50 : Job ID 1583710a1dfc431fb987e6ecd69f215b</span></button></div></a><div aria-labelledby="job_list___sub_heading_50_1" data-parent="#job_list___sub_accordion_50" class="collapse job_list___sub_multi_collapse" id="job_list___sub_collapse_50_1"><div class="card-body"><div class="work-item"><div class="alert alert-success test-outcome" role="alert"><p>worker outcome: normal</p><p>test outcome: killed</p></div></div><pre class="location"><a href="pycharm://open?file=stack3.py&amp;line=17" class="text-secondary"><button class="btn btn-outline-dark">stack3.py, start pos: (17, 22), end pos: (17, 23)</button></a></pre><pre>operator: core/NumberReplacer, occurrence: 1</pre><div class="alert alert-secondary"><pre class="diff">--- mutation diff ---
--- astack3.py
+++ bstack3.py
@@ -14,7 +14,7 @@
     def __init__(self):
         self.__sentinel = Node(None)
         self.__head = self.__sentinel
-        self.__size = 0
+        self.__size = -1
 
     def add(self, value: T) -&gt; None:
 </pre></div><div class="alert alert-secondary"><pre class="diff">timeout</pre></div></div></div></div></div><div class="mb-1" id="job_list___sub_accordion_51"><div class="card"><a data-toggle="collapse" data-target="#job_list___sub_collapse_51_1" aria-expanded="false" aria-controls="job_list___sub_collapse_51_1" href="#" class="job_list___sub_multi_heading"><div role="alert" class="card-header alert-success" id="job_list___sub_heading_51_1"><button class="btn btn-outline-success"><span class="job_id">51 : Job ID 0505518c4e204b35b609e1e47e16e4d7</span></button></div></a><div aria-labelledby="job_list___sub_heading_51_1" data-parent="#job_list___sub_accordion_51" class="collapse job_list___sub_multi_collapse" id="job_list___sub_collapse_51_1"><div class="card-body"><div class="work-item"><div class="alert alert-success test-outcome" role="alert"><p>worker outcome: normal</p><p>test outcome: killed</p></div></div><pre class="location"><a href="pycharm://open?file=stack3.py&amp;line=24" class="text-secondary"><button class="btn btn-outline-dark">stack3.py, start pos: (24, 26), end pos: (24, 27)</button></a></pre><pre>operator: core/NumberReplacer, occurrence: 2</pre><div class="alert alert-secondary"><pre class="diff">--- mutation diff ---
--- astack3.py
+++ bstack3.py
@@ -21,7 +21,7 @@
         """Add element to linked list."""
 
         newNode = Node(value)
-        if self.__size == 0:
+        if self.__size == 1:
             self.__head.next = newNode
             self.__head = newNode
             self.__size += 1</pre></div><div class="alert alert-secondary"><pre class="diff">timeout</pre></div></div></div></div></div><div class="mb-1" id="job_list___sub_accordion_52"><div class="card"><a data-toggle="collapse" data-target="#job_list___sub_collapse_52_1" aria-expanded="false" aria-controls="job_list___sub_collapse_52_1" href="#" class="job_list___sub_multi_heading"><div role="alert" class="card-header alert-success" id="job_list___sub_heading_52_1"><button class="btn btn-outline-success"><span class="job_id">52 : Job ID 554fe51c517842b8b6738c191d5ab13b</span></button></div></a><div aria-labelledby="job_list___sub_heading_52_1" data-parent="#job_list___sub_accordion_52" class="collapse job_list___sub_multi_collapse" id="job_list___sub_collapse_52_1"><div class="card-body"><div class="work-item"><div class="alert alert-success test-outcome" role="alert"><p>worker outcome: normal</p><p>test outcome: killed</p></div></div><pre class="location"><a href="pycharm://open?file=stack3.py&amp;line=24" class="text-secondary"><button class="btn btn-outline-dark">stack3.py, start pos: (24, 26), end pos: (24, 27)</button></a></pre><pre>operator: core/NumberReplacer, occurrence: 3</pre><div class="alert alert-secondary"><pre class="diff">--- mutation diff ---
--- astack3.py
+++ bstack3.py
@@ -21,7 +21,7 @@
         """Add element to linked list."""
 
         newNode = Node(value)
-        if self.__size == 0:
+        if self.__size == -1:
             self.__head.next = newNode
             self.__head = newNode
             self.__size += 1</pre></div><div class="alert alert-secondary"><pre class="diff">timeout</pre></div></div></div></div></div><div class="mb-1" id="job_list___sub_accordion_53"><div class="card"><a data-toggle="collapse" data-target="#job_list___sub_collapse_53_1" aria-expanded="false" aria-controls="job_list___sub_collapse_53_1" href="#" class="job_list___sub_multi_heading"><div role="alert" class="card-header alert-success" id="job_list___sub_heading_53_1"><button class="btn btn-outline-success"><span class="job_id">53 : Job ID 5e037060e50b422d81b5152a88f35e33</span></button></div></a><div aria-labelledby="job_list___sub_heading_53_1" data-parent="#job_list___sub_accordion_53" class="collapse job_list___sub_multi_collapse" id="job_list___sub_collapse_53_1"><div class="card-body"><div class="work-item"><div class="alert alert-success test-outcome" role="alert"><p>worker outcome: normal</p><p>test outcome: killed</p></div></div><pre class="location"><a href="pycharm://open?file=stack3.py&amp;line=27" class="text-secondary"><button class="btn btn-outline-dark">stack3.py, start pos: (27, 27), end pos: (27, 28)</button></a></pre><pre>operator: core/NumberReplacer, occurrence: 4</pre><div class="alert alert-secondary"><pre class="diff">--- mutation diff ---
--- astack3.py
+++ bstack3.py
@@ -24,7 +24,7 @@
         if self.__size == 0:
             self.__head.next = newNode
             self.__head = newNode
-            self.__size += 1
+            self.__size += 2
         else:
             self.__sentinel.next = newNode
             newNode.next = self.__head</pre></div><div class="alert alert-secondary"><pre class="diff">============================= test session starts ==============================
platform linux -- Python 3.10.10, pytest-7.2.1, pluggy-1.0.0
rootdir: /home/auri/temp/lucca/python_experiments/stack3
collected 30 items

MIO-WHOLE_SUITE/test_stack3_MIO.py .....................                 [ 70%]
MIO-WHOLE_SUITE/test_stack3_WHOLE_SUITE.py .F.F.....                     [100%]

=================================== FAILURES ===================================
_________________________________ test_case_1 __________________________________

    def test_case_1():
        singly_linked_list_0 = module_0.SinglyLinkedList()
        none_type_0 = singly_linked_list_0.add(singly_linked_list_0)
        str_0 = singly_linked_list_0.__str__()
        none_type_1 = singly_linked_list_0.add(singly_linked_list_0)
        str_1 = singly_linked_list_0.__str__()
        var_0 = singly_linked_list_0.remove()
        assert f'{type(var_0).__module__}.{type(var_0).__qualname__}' == 'stack3.Node'
        assert f'{type(var_0.value).__module__}.{type(var_0.value).__qualname__}' == 'stack3.SinglyLinkedList'
        assert f'{type(var_0.next).__module__}.{type(var_0.next).__qualname__}' == 'stack3.Node'
        singly_linked_list_1 = module_0.SinglyLinkedList()
        int_0 = singly_linked_list_0.getSize()
&gt;       assert int_0 == 1
E       assert 2 == 1

MIO-WHOLE_SUITE/test_stack3_WHOLE_SUITE.py:25: AssertionError
_________________________________ test_case_3 __________________________________

    def test_case_3():
        bool_0 = False
        stack_0 = module_0.Stack()
        none_type_0 = stack_0.push(bool_0)
        str_0 = stack_0.__str__()
        assert str_0 == '[False]'
        none_type_1 = stack_0.push(stack_0)
        int_0 = stack_0.getSize()
&gt;       assert int_0 == 2
E       assert 3 == 2

MIO-WHOLE_SUITE/test_stack3_WHOLE_SUITE.py:45: AssertionError
=========================== short test summary info ============================
FAILED MIO-WHOLE_SUITE/test_stack3_WHOLE_SUITE.py::test_case_1 - assert 2 == 1
FAILED MIO-WHOLE_SUITE/test_stack3_WHOLE_SUITE.py::test_case_3 - assert 3 == 2
========================= 2 failed, 28 passed in 0.24s =========================
</pre></div></div></div></div></div><div class="mb-1" id="job_list___sub_accordion_54"><div class="card"><a data-toggle="collapse" data-target="#job_list___sub_collapse_54_1" aria-expanded="false" aria-controls="job_list___sub_collapse_54_1" href="#" class="job_list___sub_multi_heading"><div role="alert" class="card-header alert-success" id="job_list___sub_heading_54_1"><button class="btn btn-outline-success"><span class="job_id">54 : Job ID 04b33227ca8d403b9517131697f72975</span></button></div></a><div aria-labelledby="job_list___sub_heading_54_1" data-parent="#job_list___sub_accordion_54" class="collapse job_list___sub_multi_collapse" id="job_list___sub_collapse_54_1"><div class="card-body"><div class="work-item"><div class="alert alert-success test-outcome" role="alert"><p>worker outcome: normal</p><p>test outcome: killed</p></div></div><pre class="location"><a href="pycharm://open?file=stack3.py&amp;line=27" class="text-secondary"><button class="btn btn-outline-dark">stack3.py, start pos: (27, 27), end pos: (27, 28)</button></a></pre><pre>operator: core/NumberReplacer, occurrence: 5</pre><div class="alert alert-secondary"><pre class="diff">--- mutation diff ---
--- astack3.py
+++ bstack3.py
@@ -24,7 +24,7 @@
         if self.__size == 0:
             self.__head.next = newNode
             self.__head = newNode
-            self.__size += 1
+            self.__size += 0
         else:
             self.__sentinel.next = newNode
             newNode.next = self.__head</pre></div><div class="alert alert-secondary"><pre class="diff">============================= test session starts ==============================
platform linux -- Python 3.10.10, pytest-7.2.1, pluggy-1.0.0
rootdir: /home/auri/temp/lucca/python_experiments/stack3
collected 30 items

MIO-WHOLE_SUITE/test_stack3_MIO.py ...F..F.....F........                 [ 70%]
MIO-WHOLE_SUITE/test_stack3_WHOLE_SUITE.py .F.FF....                     [100%]

=================================== FAILURES ===================================
_________________________________ test_case_3 __________________________________

    def test_case_3():
        singly_linked_list_0 = module_0.SinglyLinkedList()
        none_type_0 = singly_linked_list_0.add(singly_linked_list_0)
        var_0 = singly_linked_list_0.remove()
&gt;       assert f'{type(var_0).__module__}.{type(var_0).__qualname__}' == 'stack3.Node'
E       AssertionError: assert 'builtins.NoneType' == 'stack3.Node'
E         - stack3.Node
E         + builtins.NoneType

MIO-WHOLE_SUITE/test_stack3_MIO.py:20: AssertionError
_________________________________ test_case_6 __________________________________

    def test_case_6():
        singly_linked_list_0 = module_0.SinglyLinkedList()
        none_type_0 = singly_linked_list_0.add(singly_linked_list_0)
        bool_0 = singly_linked_list_0.isEmpty()
&gt;       assert bool_0 is False
E       assert True is False

MIO-WHOLE_SUITE/test_stack3_MIO.py:37: AssertionError
_________________________________ test_case_12 _________________________________

    def test_case_12():
        stack_0 = module_0.Stack()
        none_type_0 = stack_0.push(stack_0)
        bool_0 = stack_0.isEmpty()
&gt;       assert bool_0 is False
E       assert True is False

MIO-WHOLE_SUITE/test_stack3_MIO.py:69: AssertionError
_________________________________ test_case_1 __________________________________

    def test_case_1():
        singly_linked_list_0 = module_0.SinglyLinkedList()
        none_type_0 = singly_linked_list_0.add(singly_linked_list_0)
        str_0 = singly_linked_list_0.__str__()
        none_type_1 = singly_linked_list_0.add(singly_linked_list_0)
        str_1 = singly_linked_list_0.__str__()
        var_0 = singly_linked_list_0.remove()
&gt;       assert f'{type(var_0).__module__}.{type(var_0).__qualname__}' == 'stack3.Node'
E       AssertionError: assert 'builtins.NoneType' == 'stack3.Node'
E         - stack3.Node
E         + builtins.NoneType

MIO-WHOLE_SUITE/test_stack3_WHOLE_SUITE.py:20: AssertionError
_________________________________ test_case_3 __________________________________

    def test_case_3():
        bool_0 = False
        stack_0 = module_0.Stack()
        none_type_0 = stack_0.push(bool_0)
        str_0 = stack_0.__str__()
        assert str_0 == '[False]'
        none_type_1 = stack_0.push(stack_0)
        int_0 = stack_0.getSize()
&gt;       assert int_0 == 2
E       assert 0 == 2

MIO-WHOLE_SUITE/test_stack3_WHOLE_SUITE.py:45: AssertionError
_________________________________ test_case_4 __________________________________

    def test_case_4():
        bytes_0 = b'W)\x0e\xb6\x96'
        stack_0 = module_0.Stack()
        none_type_0 = stack_0.push(bytes_0)
        var_0 = stack_0.pop()
&gt;       assert f'{type(var_0).__module__}.{type(var_0).__qualname__}' == 'stack3.Node'
E       AssertionError: assert 'builtins.NoneType' == 'stack3.Node'
E         - stack3.Node
E         + builtins.NoneType

MIO-WHOLE_SUITE/test_stack3_WHOLE_SUITE.py:63: AssertionError
=========================== short test summary info ============================
FAILED MIO-WHOLE_SUITE/test_stack3_MIO.py::test_case_3 - AssertionError: asse...
FAILED MIO-WHOLE_SUITE/test_stack3_MIO.py::test_case_6 - assert True is False
FAILED MIO-WHOLE_SUITE/test_stack3_MIO.py::test_case_12 - assert True is False
FAILED MIO-WHOLE_SUITE/test_stack3_WHOLE_SUITE.py::test_case_1 - AssertionErr...
FAILED MIO-WHOLE_SUITE/test_stack3_WHOLE_SUITE.py::test_case_3 - assert 0 == 2
FAILED MIO-WHOLE_SUITE/test_stack3_WHOLE_SUITE.py::test_case_4 - AssertionErr...
========================= 6 failed, 24 passed in 0.24s =========================
</pre></div></div></div></div></div><div class="mb-1" id="job_list___sub_accordion_55"><div class="card"><a data-toggle="collapse" data-target="#job_list___sub_collapse_55_1" aria-expanded="false" aria-controls="job_list___sub_collapse_55_1" href="#" class="job_list___sub_multi_heading"><div role="alert" class="card-header alert-success" id="job_list___sub_heading_55_1"><button class="btn btn-outline-success"><span class="job_id">55 : Job ID 0ebb70f2520e44b2b9aba93a60a0a1b5</span></button></div></a><div aria-labelledby="job_list___sub_heading_55_1" data-parent="#job_list___sub_accordion_55" class="collapse job_list___sub_multi_collapse" id="job_list___sub_collapse_55_1"><div class="card-body"><div class="work-item"><div class="alert alert-success test-outcome" role="alert"><p>worker outcome: normal</p><p>test outcome: killed</p></div></div><pre class="location"><a href="pycharm://open?file=stack3.py&amp;line=32" class="text-secondary"><button class="btn btn-outline-dark">stack3.py, start pos: (32, 27), end pos: (32, 28)</button></a></pre><pre>operator: core/NumberReplacer, occurrence: 6</pre><div class="alert alert-secondary"><pre class="diff">--- mutation diff ---
--- astack3.py
+++ bstack3.py
@@ -29,7 +29,7 @@
             self.__sentinel.next = newNode
             newNode.next = self.__head
             self.__head = newNode
-            self.__size += 1
+            self.__size += 2
 
     def remove(self):
 </pre></div><div class="alert alert-secondary"><pre class="diff">============================= test session starts ==============================
platform linux -- Python 3.10.10, pytest-7.2.1, pluggy-1.0.0
rootdir: /home/auri/temp/lucca/python_experiments/stack3
collected 30 items

MIO-WHOLE_SUITE/test_stack3_MIO.py .....................                 [ 70%]
MIO-WHOLE_SUITE/test_stack3_WHOLE_SUITE.py .F.F.....                     [100%]

=================================== FAILURES ===================================
_________________________________ test_case_1 __________________________________

    def test_case_1():
        singly_linked_list_0 = module_0.SinglyLinkedList()
        none_type_0 = singly_linked_list_0.add(singly_linked_list_0)
        str_0 = singly_linked_list_0.__str__()
        none_type_1 = singly_linked_list_0.add(singly_linked_list_0)
        str_1 = singly_linked_list_0.__str__()
        var_0 = singly_linked_list_0.remove()
        assert f'{type(var_0).__module__}.{type(var_0).__qualname__}' == 'stack3.Node'
        assert f'{type(var_0.value).__module__}.{type(var_0.value).__qualname__}' == 'stack3.SinglyLinkedList'
        assert f'{type(var_0.next).__module__}.{type(var_0.next).__qualname__}' == 'stack3.Node'
        singly_linked_list_1 = module_0.SinglyLinkedList()
        int_0 = singly_linked_list_0.getSize()
&gt;       assert int_0 == 1
E       assert 2 == 1

MIO-WHOLE_SUITE/test_stack3_WHOLE_SUITE.py:25: AssertionError
_________________________________ test_case_3 __________________________________

    def test_case_3():
        bool_0 = False
        stack_0 = module_0.Stack()
        none_type_0 = stack_0.push(bool_0)
        str_0 = stack_0.__str__()
        assert str_0 == '[False]'
        none_type_1 = stack_0.push(stack_0)
        int_0 = stack_0.getSize()
&gt;       assert int_0 == 2
E       assert 3 == 2

MIO-WHOLE_SUITE/test_stack3_WHOLE_SUITE.py:45: AssertionError
=========================== short test summary info ============================
FAILED MIO-WHOLE_SUITE/test_stack3_WHOLE_SUITE.py::test_case_1 - assert 2 == 1
FAILED MIO-WHOLE_SUITE/test_stack3_WHOLE_SUITE.py::test_case_3 - assert 3 == 2
========================= 2 failed, 28 passed in 0.21s =========================
</pre></div></div></div></div></div><div class="mb-1" id="job_list___sub_accordion_56"><div class="card"><a data-toggle="collapse" data-target="#job_list___sub_collapse_56_1" aria-expanded="false" aria-controls="job_list___sub_collapse_56_1" href="#" class="job_list___sub_multi_heading"><div role="alert" class="card-header alert-success" id="job_list___sub_heading_56_1"><button class="btn btn-outline-success"><span class="job_id">56 : Job ID 261e237afaf3417c8cd2b4bf1cae908c</span></button></div></a><div aria-labelledby="job_list___sub_heading_56_1" data-parent="#job_list___sub_accordion_56" class="collapse job_list___sub_multi_collapse" id="job_list___sub_collapse_56_1"><div class="card-body"><div class="work-item"><div class="alert alert-success test-outcome" role="alert"><p>worker outcome: normal</p><p>test outcome: killed</p></div></div><pre class="location"><a href="pycharm://open?file=stack3.py&amp;line=32" class="text-secondary"><button class="btn btn-outline-dark">stack3.py, start pos: (32, 27), end pos: (32, 28)</button></a></pre><pre>operator: core/NumberReplacer, occurrence: 7</pre><div class="alert alert-secondary"><pre class="diff">--- mutation diff ---
--- astack3.py
+++ bstack3.py
@@ -29,7 +29,7 @@
             self.__sentinel.next = newNode
             newNode.next = self.__head
             self.__head = newNode
-            self.__size += 1
+            self.__size += 0
 
     def remove(self):
 </pre></div><div class="alert alert-secondary"><pre class="diff">============================= test session starts ==============================
platform linux -- Python 3.10.10, pytest-7.2.1, pluggy-1.0.0
rootdir: /home/auri/temp/lucca/python_experiments/stack3
collected 30 items

MIO-WHOLE_SUITE/test_stack3_MIO.py .....................                 [ 70%]
MIO-WHOLE_SUITE/test_stack3_WHOLE_SUITE.py .F.F.....                     [100%]

=================================== FAILURES ===================================
_________________________________ test_case_1 __________________________________

    def test_case_1():
        singly_linked_list_0 = module_0.SinglyLinkedList()
        none_type_0 = singly_linked_list_0.add(singly_linked_list_0)
        str_0 = singly_linked_list_0.__str__()
        none_type_1 = singly_linked_list_0.add(singly_linked_list_0)
        str_1 = singly_linked_list_0.__str__()
        var_0 = singly_linked_list_0.remove()
        assert f'{type(var_0).__module__}.{type(var_0).__qualname__}' == 'stack3.Node'
        assert f'{type(var_0.value).__module__}.{type(var_0.value).__qualname__}' == 'stack3.SinglyLinkedList'
        assert f'{type(var_0.next).__module__}.{type(var_0.next).__qualname__}' == 'stack3.Node'
        singly_linked_list_1 = module_0.SinglyLinkedList()
        int_0 = singly_linked_list_0.getSize()
&gt;       assert int_0 == 1
E       assert 0 == 1

MIO-WHOLE_SUITE/test_stack3_WHOLE_SUITE.py:25: AssertionError
_________________________________ test_case_3 __________________________________

    def test_case_3():
        bool_0 = False
        stack_0 = module_0.Stack()
        none_type_0 = stack_0.push(bool_0)
        str_0 = stack_0.__str__()
        assert str_0 == '[False]'
        none_type_1 = stack_0.push(stack_0)
        int_0 = stack_0.getSize()
&gt;       assert int_0 == 2
E       assert 1 == 2

MIO-WHOLE_SUITE/test_stack3_WHOLE_SUITE.py:45: AssertionError
=========================== short test summary info ============================
FAILED MIO-WHOLE_SUITE/test_stack3_WHOLE_SUITE.py::test_case_1 - assert 0 == 1
FAILED MIO-WHOLE_SUITE/test_stack3_WHOLE_SUITE.py::test_case_3 - assert 1 == 2
========================= 2 failed, 28 passed in 0.21s =========================
</pre></div></div></div></div></div><div class="mb-1" id="job_list___sub_accordion_57"><div class="card"><a data-toggle="collapse" data-target="#job_list___sub_collapse_57_1" aria-expanded="false" aria-controls="job_list___sub_collapse_57_1" href="#" class="job_list___sub_multi_heading"><div role="alert" class="card-header alert-success" id="job_list___sub_heading_57_1"><button class="btn btn-outline-success"><span class="job_id">57 : Job ID 6a2a5c04be6747b19aa78dd1a27a98c1</span></button></div></a><div aria-labelledby="job_list___sub_heading_57_1" data-parent="#job_list___sub_accordion_57" class="collapse job_list___sub_multi_collapse" id="job_list___sub_collapse_57_1"><div class="card-body"><div class="work-item"><div class="alert alert-success test-outcome" role="alert"><p>worker outcome: normal</p><p>test outcome: killed</p></div></div><pre class="location"><a href="pycharm://open?file=stack3.py&amp;line=38" class="text-secondary"><button class="btn btn-outline-dark">stack3.py, start pos: (38, 26), end pos: (38, 27)</button></a></pre><pre>operator: core/NumberReplacer, occurrence: 8</pre><div class="alert alert-secondary"><pre class="diff">--- mutation diff ---
--- astack3.py
+++ bstack3.py
@@ -35,7 +35,7 @@
 
         """Remove node from linkedlist."""
 
-        if self.__size == 0:
+        if self.__size == 1:
             return None
         if self.__size &gt;= 1:
             nodeToRemove = self.__head</pre></div><div class="alert alert-secondary"><pre class="diff">============================= test session starts ==============================
platform linux -- Python 3.10.10, pytest-7.2.1, pluggy-1.0.0
rootdir: /home/auri/temp/lucca/python_experiments/stack3
collected 30 items

MIO-WHOLE_SUITE/test_stack3_MIO.py ...F.................                 [ 70%]
MIO-WHOLE_SUITE/test_stack3_WHOLE_SUITE.py ....FF..F                     [100%]

=================================== FAILURES ===================================
_________________________________ test_case_3 __________________________________

    def test_case_3():
        singly_linked_list_0 = module_0.SinglyLinkedList()
        none_type_0 = singly_linked_list_0.add(singly_linked_list_0)
        var_0 = singly_linked_list_0.remove()
&gt;       assert f'{type(var_0).__module__}.{type(var_0).__qualname__}' == 'stack3.Node'
E       AssertionError: assert 'builtins.NoneType' == 'stack3.Node'
E         - stack3.Node
E         + builtins.NoneType

MIO-WHOLE_SUITE/test_stack3_MIO.py:20: AssertionError
_________________________________ test_case_4 __________________________________

    def test_case_4():
        bytes_0 = b'W)\x0e\xb6\x96'
        stack_0 = module_0.Stack()
        none_type_0 = stack_0.push(bytes_0)
        var_0 = stack_0.pop()
&gt;       assert f'{type(var_0).__module__}.{type(var_0).__qualname__}' == 'stack3.Node'
E       AssertionError: assert 'builtins.NoneType' == 'stack3.Node'
E         - stack3.Node
E         + builtins.NoneType

MIO-WHOLE_SUITE/test_stack3_WHOLE_SUITE.py:63: AssertionError
_________________________________ test_case_5 __________________________________

    def test_case_5():
        singly_linked_list_0 = module_0.SinglyLinkedList()
        var_0 = singly_linked_list_0.remove()
        int_0 = singly_linked_list_0.getSize()
&gt;       assert int_0 == 0
E       assert -1 == 0

MIO-WHOLE_SUITE/test_stack3_WHOLE_SUITE.py:71: AssertionError
_________________________________ test_case_8 __________________________________

    def test_case_8():
        singly_linked_list_0 = module_0.SinglyLinkedList()
        var_0 = singly_linked_list_0.remove()
        node_0 = module_0.Node(var_0)
&gt;       assert node_0.value is None
E       assert &lt;stack3.Node object at 0x7fea6bfed270&gt; is None
E        +  where &lt;stack3.Node object at 0x7fea6bfed270&gt; = &lt;stack3.Node object at 0x7fea6bfed060&gt;.value

MIO-WHOLE_SUITE/test_stack3_WHOLE_SUITE.py:92: AssertionError
=========================== short test summary info ============================
FAILED MIO-WHOLE_SUITE/test_stack3_MIO.py::test_case_3 - AssertionError: asse...
FAILED MIO-WHOLE_SUITE/test_stack3_WHOLE_SUITE.py::test_case_4 - AssertionErr...
FAILED MIO-WHOLE_SUITE/test_stack3_WHOLE_SUITE.py::test_case_5 - assert -1 == 0
FAILED MIO-WHOLE_SUITE/test_stack3_WHOLE_SUITE.py::test_case_8 - assert &lt;stac...
========================= 4 failed, 26 passed in 0.22s =========================
</pre></div></div></div></div></div><div class="mb-1" id="job_list___sub_accordion_58"><div class="card"><a data-toggle="collapse" data-target="#job_list___sub_collapse_58_1" aria-expanded="false" aria-controls="job_list___sub_collapse_58_1" href="#" class="job_list___sub_multi_heading"><div role="alert" class="card-header alert-success" id="job_list___sub_heading_58_1"><button class="btn btn-outline-success"><span class="job_id">58 : Job ID e4c8abe873d942d79ae260bace45c9a1</span></button></div></a><div aria-labelledby="job_list___sub_heading_58_1" data-parent="#job_list___sub_accordion_58" class="collapse job_list___sub_multi_collapse" id="job_list___sub_collapse_58_1"><div class="card-body"><div class="work-item"><div class="alert alert-success test-outcome" role="alert"><p>worker outcome: normal</p><p>test outcome: killed</p></div></div><pre class="location"><a href="pycharm://open?file=stack3.py&amp;line=38" class="text-secondary"><button class="btn btn-outline-dark">stack3.py, start pos: (38, 26), end pos: (38, 27)</button></a></pre><pre>operator: core/NumberReplacer, occurrence: 9</pre><div class="alert alert-secondary"><pre class="diff">--- mutation diff ---
--- astack3.py
+++ bstack3.py
@@ -35,7 +35,7 @@
 
         """Remove node from linkedlist."""
 
-        if self.__size == 0:
+        if self.__size == -1:
             return None
         if self.__size &gt;= 1:
             nodeToRemove = self.__head</pre></div><div class="alert alert-secondary"><pre class="diff">============================= test session starts ==============================
platform linux -- Python 3.10.10, pytest-7.2.1, pluggy-1.0.0
rootdir: /home/auri/temp/lucca/python_experiments/stack3
collected 30 items

MIO-WHOLE_SUITE/test_stack3_MIO.py .....................                 [ 70%]
MIO-WHOLE_SUITE/test_stack3_WHOLE_SUITE.py .....F..F                     [100%]

=================================== FAILURES ===================================
_________________________________ test_case_5 __________________________________

    def test_case_5():
        singly_linked_list_0 = module_0.SinglyLinkedList()
        var_0 = singly_linked_list_0.remove()
        int_0 = singly_linked_list_0.getSize()
&gt;       assert int_0 == 0
E       assert -1 == 0

MIO-WHOLE_SUITE/test_stack3_WHOLE_SUITE.py:71: AssertionError
_________________________________ test_case_8 __________________________________

    def test_case_8():
        singly_linked_list_0 = module_0.SinglyLinkedList()
        var_0 = singly_linked_list_0.remove()
        node_0 = module_0.Node(var_0)
&gt;       assert node_0.value is None
E       assert &lt;stack3.Node object at 0x7f2fac717c10&gt; is None
E        +  where &lt;stack3.Node object at 0x7f2fac717c10&gt; = &lt;stack3.Node object at 0x7f2fac717b50&gt;.value

MIO-WHOLE_SUITE/test_stack3_WHOLE_SUITE.py:92: AssertionError
=========================== short test summary info ============================
FAILED MIO-WHOLE_SUITE/test_stack3_WHOLE_SUITE.py::test_case_5 - assert -1 == 0
FAILED MIO-WHOLE_SUITE/test_stack3_WHOLE_SUITE.py::test_case_8 - assert &lt;stac...
========================= 2 failed, 28 passed in 0.21s =========================
</pre></div></div></div></div></div><div class="mb-1" id="job_list___sub_accordion_59"><div class="card"><a data-toggle="collapse" data-target="#job_list___sub_collapse_59_1" aria-expanded="false" aria-controls="job_list___sub_collapse_59_1" href="#" class="job_list___sub_multi_heading"><div role="alert" class="card-header alert-danger" id="job_list___sub_heading_59_1"><button class="btn btn-outline-danger"><span class="job_id">59 : Job ID f1de2bb276cf496bb48155367cc7b232</span></button></div></a><div aria-labelledby="job_list___sub_heading_59_1" data-parent="#job_list___sub_accordion_59" class="collapse job_list___sub_multi_collapse" id="job_list___sub_collapse_59_1"><div class="card-body"><div class="work-item"><div class="alert alert-danger test-outcome" role="alert"><p>SURVIVED</p><p>worker outcome: normal</p><p>test outcome: survived</p></div></div><pre class="location"><a href="pycharm://open?file=stack3.py&amp;line=40" class="text-secondary"><button class="btn btn-outline-dark">stack3.py, start pos: (40, 26), end pos: (40, 27)</button></a></pre><pre>operator: core/NumberReplacer, occurrence: 10</pre><div class="alert alert-secondary"><pre class="diff">--- mutation diff ---
--- astack3.py
+++ bstack3.py
@@ -37,7 +37,7 @@
 
         if self.__size == 0:
             return None
-        if self.__size &gt;= 1:
+        if self.__size &gt;= 2:
             nodeToRemove = self.__head
             self.__sentinel.next = None
             self.__head = self.__sentinel</pre></div><div class="alert alert-secondary"><pre class="diff">============================= test session starts ==============================
platform linux -- Python 3.10.10, pytest-7.2.1, pluggy-1.0.0
rootdir: /home/auri/temp/lucca/python_experiments/stack3
collected 30 items

MIO-WHOLE_SUITE/test_stack3_MIO.py .....................                 [ 70%]
MIO-WHOLE_SUITE/test_stack3_WHOLE_SUITE.py .........                     [100%]

============================== 30 passed in 0.15s ==============================
</pre></div></div></div></div></div><div class="mb-1" id="job_list___sub_accordion_60"><div class="card"><a data-toggle="collapse" data-target="#job_list___sub_collapse_60_1" aria-expanded="false" aria-controls="job_list___sub_collapse_60_1" href="#" class="job_list___sub_multi_heading"><div role="alert" class="card-header alert-danger" id="job_list___sub_heading_60_1"><button class="btn btn-outline-danger"><span class="job_id">60 : Job ID 063534c232694c48af883533a804deba</span></button></div></a><div aria-labelledby="job_list___sub_heading_60_1" data-parent="#job_list___sub_accordion_60" class="collapse job_list___sub_multi_collapse" id="job_list___sub_collapse_60_1"><div class="card-body"><div class="work-item"><div class="alert alert-danger test-outcome" role="alert"><p>SURVIVED</p><p>worker outcome: normal</p><p>test outcome: survived</p></div></div><pre class="location"><a href="pycharm://open?file=stack3.py&amp;line=40" class="text-secondary"><button class="btn btn-outline-dark">stack3.py, start pos: (40, 26), end pos: (40, 27)</button></a></pre><pre>operator: core/NumberReplacer, occurrence: 11</pre><div class="alert alert-secondary"><pre class="diff">--- mutation diff ---
--- astack3.py
+++ bstack3.py
@@ -37,7 +37,7 @@
 
         if self.__size == 0:
             return None
-        if self.__size &gt;= 1:
+        if self.__size &gt;= 0:
             nodeToRemove = self.__head
             self.__sentinel.next = None
             self.__head = self.__sentinel</pre></div><div class="alert alert-secondary"><pre class="diff">============================= test session starts ==============================
platform linux -- Python 3.10.10, pytest-7.2.1, pluggy-1.0.0
rootdir: /home/auri/temp/lucca/python_experiments/stack3
collected 30 items

MIO-WHOLE_SUITE/test_stack3_MIO.py .....................                 [ 70%]
MIO-WHOLE_SUITE/test_stack3_WHOLE_SUITE.py .........                     [100%]

============================== 30 passed in 0.15s ==============================
</pre></div></div></div></div></div><div class="mb-1" id="job_list___sub_accordion_61"><div class="card"><a data-toggle="collapse" data-target="#job_list___sub_collapse_61_1" aria-expanded="false" aria-controls="job_list___sub_collapse_61_1" href="#" class="job_list___sub_multi_heading"><div role="alert" class="card-header alert-success" id="job_list___sub_heading_61_1"><button class="btn btn-outline-success"><span class="job_id">61 : Job ID 1cc00187a73a47c0847fd8fbd770d08e</span></button></div></a><div aria-labelledby="job_list___sub_heading_61_1" data-parent="#job_list___sub_accordion_61" class="collapse job_list___sub_multi_collapse" id="job_list___sub_collapse_61_1"><div class="card-body"><div class="work-item"><div class="alert alert-success test-outcome" role="alert"><p>worker outcome: normal</p><p>test outcome: killed</p></div></div><pre class="location"><a href="pycharm://open?file=stack3.py&amp;line=44" class="text-secondary"><button class="btn btn-outline-dark">stack3.py, start pos: (44, 27), end pos: (44, 28)</button></a></pre><pre>operator: core/NumberReplacer, occurrence: 12</pre><div class="alert alert-secondary"><pre class="diff">--- mutation diff ---
--- astack3.py
+++ bstack3.py
@@ -41,7 +41,7 @@
             nodeToRemove = self.__head
             self.__sentinel.next = None
             self.__head = self.__sentinel
-            self.__size -= 1
+            self.__size -= 2
             return nodeToRemove
         else:
             nodeToRemove = self.__head</pre></div><div class="alert alert-secondary"><pre class="diff">============================= test session starts ==============================
platform linux -- Python 3.10.10, pytest-7.2.1, pluggy-1.0.0
rootdir: /home/auri/temp/lucca/python_experiments/stack3
collected 30 items

MIO-WHOLE_SUITE/test_stack3_MIO.py .....................                 [ 70%]
MIO-WHOLE_SUITE/test_stack3_WHOLE_SUITE.py .F.......                     [100%]

=================================== FAILURES ===================================
_________________________________ test_case_1 __________________________________

    def test_case_1():
        singly_linked_list_0 = module_0.SinglyLinkedList()
        none_type_0 = singly_linked_list_0.add(singly_linked_list_0)
        str_0 = singly_linked_list_0.__str__()
        none_type_1 = singly_linked_list_0.add(singly_linked_list_0)
        str_1 = singly_linked_list_0.__str__()
        var_0 = singly_linked_list_0.remove()
        assert f'{type(var_0).__module__}.{type(var_0).__qualname__}' == 'stack3.Node'
        assert f'{type(var_0.value).__module__}.{type(var_0.value).__qualname__}' == 'stack3.SinglyLinkedList'
        assert f'{type(var_0.next).__module__}.{type(var_0.next).__qualname__}' == 'stack3.Node'
        singly_linked_list_1 = module_0.SinglyLinkedList()
        int_0 = singly_linked_list_0.getSize()
&gt;       assert int_0 == 1
E       assert 0 == 1

MIO-WHOLE_SUITE/test_stack3_WHOLE_SUITE.py:25: AssertionError
=========================== short test summary info ============================
FAILED MIO-WHOLE_SUITE/test_stack3_WHOLE_SUITE.py::test_case_1 - assert 0 == 1
========================= 1 failed, 29 passed in 0.20s =========================
</pre></div></div></div></div></div><div class="mb-1" id="job_list___sub_accordion_62"><div class="card"><a data-toggle="collapse" data-target="#job_list___sub_collapse_62_1" aria-expanded="false" aria-controls="job_list___sub_collapse_62_1" href="#" class="job_list___sub_multi_heading"><div role="alert" class="card-header alert-success" id="job_list___sub_heading_62_1"><button class="btn btn-outline-success"><span class="job_id">62 : Job ID f2ad6218deb34c76ba579f7531ec5cac</span></button></div></a><div aria-labelledby="job_list___sub_heading_62_1" data-parent="#job_list___sub_accordion_62" class="collapse job_list___sub_multi_collapse" id="job_list___sub_collapse_62_1"><div class="card-body"><div class="work-item"><div class="alert alert-success test-outcome" role="alert"><p>worker outcome: normal</p><p>test outcome: killed</p></div></div><pre class="location"><a href="pycharm://open?file=stack3.py&amp;line=44" class="text-secondary"><button class="btn btn-outline-dark">stack3.py, start pos: (44, 27), end pos: (44, 28)</button></a></pre><pre>operator: core/NumberReplacer, occurrence: 13</pre><div class="alert alert-secondary"><pre class="diff">--- mutation diff ---
--- astack3.py
+++ bstack3.py
@@ -41,7 +41,7 @@
             nodeToRemove = self.__head
             self.__sentinel.next = None
             self.__head = self.__sentinel
-            self.__size -= 1
+            self.__size -= 0
             return nodeToRemove
         else:
             nodeToRemove = self.__head</pre></div><div class="alert alert-secondary"><pre class="diff">============================= test session starts ==============================
platform linux -- Python 3.10.10, pytest-7.2.1, pluggy-1.0.0
rootdir: /home/auri/temp/lucca/python_experiments/stack3
collected 30 items

MIO-WHOLE_SUITE/test_stack3_MIO.py .....................                 [ 70%]
MIO-WHOLE_SUITE/test_stack3_WHOLE_SUITE.py .F.......                     [100%]

=================================== FAILURES ===================================
_________________________________ test_case_1 __________________________________

    def test_case_1():
        singly_linked_list_0 = module_0.SinglyLinkedList()
        none_type_0 = singly_linked_list_0.add(singly_linked_list_0)
        str_0 = singly_linked_list_0.__str__()
        none_type_1 = singly_linked_list_0.add(singly_linked_list_0)
        str_1 = singly_linked_list_0.__str__()
        var_0 = singly_linked_list_0.remove()
        assert f'{type(var_0).__module__}.{type(var_0).__qualname__}' == 'stack3.Node'
        assert f'{type(var_0.value).__module__}.{type(var_0.value).__qualname__}' == 'stack3.SinglyLinkedList'
        assert f'{type(var_0.next).__module__}.{type(var_0.next).__qualname__}' == 'stack3.Node'
        singly_linked_list_1 = module_0.SinglyLinkedList()
        int_0 = singly_linked_list_0.getSize()
&gt;       assert int_0 == 1
E       assert 2 == 1

MIO-WHOLE_SUITE/test_stack3_WHOLE_SUITE.py:25: AssertionError
=========================== short test summary info ============================
FAILED MIO-WHOLE_SUITE/test_stack3_WHOLE_SUITE.py::test_case_1 - assert 2 == 1
========================= 1 failed, 29 passed in 0.20s =========================
</pre></div></div></div></div></div><div class="mb-1" id="job_list___sub_accordion_63"><div class="card"><a data-toggle="collapse" data-target="#job_list___sub_collapse_63_1" aria-expanded="false" aria-controls="job_list___sub_collapse_63_1" href="#" class="job_list___sub_multi_heading"><div role="alert" class="card-header alert-danger" id="job_list___sub_heading_63_1"><button class="btn btn-outline-danger"><span class="job_id">63 : Job ID 0a22defa29d54320b27708c9e80de4b8</span></button></div></a><div aria-labelledby="job_list___sub_heading_63_1" data-parent="#job_list___sub_accordion_63" class="collapse job_list___sub_multi_collapse" id="job_list___sub_collapse_63_1"><div class="card-body"><div class="work-item"><div class="alert alert-danger test-outcome" role="alert"><p>SURVIVED</p><p>worker outcome: normal</p><p>test outcome: survived</p></div></div><pre class="location"><a href="pycharm://open?file=stack3.py&amp;line=50" class="text-secondary"><button class="btn btn-outline-dark">stack3.py, start pos: (50, 27), end pos: (50, 28)</button></a></pre><pre>operator: core/NumberReplacer, occurrence: 14</pre><div class="alert alert-secondary"><pre class="diff">--- mutation diff ---
--- astack3.py
+++ bstack3.py
@@ -47,7 +47,7 @@
             nodeToRemove = self.__head
             self.__sentinel.next = self.__head.next
             self.__head = self.__sentinel.next
-            self.__size -= 1
+            self.__size -= 2
             return nodeToRemove
 
     def getHead(self) -&gt; T:</pre></div><div class="alert alert-secondary"><pre class="diff">============================= test session starts ==============================
platform linux -- Python 3.10.10, pytest-7.2.1, pluggy-1.0.0
rootdir: /home/auri/temp/lucca/python_experiments/stack3
collected 30 items

MIO-WHOLE_SUITE/test_stack3_MIO.py .....................                 [ 70%]
MIO-WHOLE_SUITE/test_stack3_WHOLE_SUITE.py .........                     [100%]

============================== 30 passed in 0.15s ==============================
</pre></div></div></div></div></div><div class="mb-1" id="job_list___sub_accordion_64"><div class="card"><a data-toggle="collapse" data-target="#job_list___sub_collapse_64_1" aria-expanded="false" aria-controls="job_list___sub_collapse_64_1" href="#" class="job_list___sub_multi_heading"><div role="alert" class="card-header alert-danger" id="job_list___sub_heading_64_1"><button class="btn btn-outline-danger"><span class="job_id">64 : Job ID 8d96bd86ecc44f76ad5f122b9dcad66e</span></button></div></a><div aria-labelledby="job_list___sub_heading_64_1" data-parent="#job_list___sub_accordion_64" class="collapse job_list___sub_multi_collapse" id="job_list___sub_collapse_64_1"><div class="card-body"><div class="work-item"><div class="alert alert-danger test-outcome" role="alert"><p>SURVIVED</p><p>worker outcome: normal</p><p>test outcome: survived</p></div></div><pre class="location"><a href="pycharm://open?file=stack3.py&amp;line=50" class="text-secondary"><button class="btn btn-outline-dark">stack3.py, start pos: (50, 27), end pos: (50, 28)</button></a></pre><pre>operator: core/NumberReplacer, occurrence: 15</pre><div class="alert alert-secondary"><pre class="diff">--- mutation diff ---
--- astack3.py
+++ bstack3.py
@@ -47,7 +47,7 @@
             nodeToRemove = self.__head
             self.__sentinel.next = self.__head.next
             self.__head = self.__sentinel.next
-            self.__size -= 1
+            self.__size -= 0
             return nodeToRemove
 
     def getHead(self) -&gt; T:</pre></div><div class="alert alert-secondary"><pre class="diff">============================= test session starts ==============================
platform linux -- Python 3.10.10, pytest-7.2.1, pluggy-1.0.0
rootdir: /home/auri/temp/lucca/python_experiments/stack3
collected 30 items

MIO-WHOLE_SUITE/test_stack3_MIO.py .....................                 [ 70%]
MIO-WHOLE_SUITE/test_stack3_WHOLE_SUITE.py .........                     [100%]

============================== 30 passed in 0.15s ==============================
</pre></div></div></div></div></div><div class="mb-1" id="job_list___sub_accordion_65"><div class="card"><a data-toggle="collapse" data-target="#job_list___sub_collapse_65_1" aria-expanded="false" aria-controls="job_list___sub_collapse_65_1" href="#" class="job_list___sub_multi_heading"><div role="alert" class="card-header alert-success" id="job_list___sub_heading_65_1"><button class="btn btn-outline-success"><span class="job_id">65 : Job ID 98520347c2004d838388b94a1f9dcaba</span></button></div></a><div aria-labelledby="job_list___sub_heading_65_1" data-parent="#job_list___sub_accordion_65" class="collapse job_list___sub_multi_collapse" id="job_list___sub_collapse_65_1"><div class="card-body"><div class="work-item"><div class="alert alert-success test-outcome" role="alert"><p>worker outcome: normal</p><p>test outcome: killed</p></div></div><pre class="location"><a href="pycharm://open?file=stack3.py&amp;line=75" class="text-secondary"><button class="btn btn-outline-dark">stack3.py, start pos: (75, 38), end pos: (75, 39)</button></a></pre><pre>operator: core/NumberReplacer, occurrence: 16</pre><div class="alert alert-secondary"><pre class="diff">--- mutation diff ---
--- astack3.py
+++ bstack3.py
@@ -72,7 +72,7 @@
 
         """Checks if linkedlist is empty."""
 
-        return True if self.__size == 0 else False
+        return True if self.__size == 1 else False
 
     def toArray(self) -&gt; list:
 </pre></div><div class="alert alert-secondary"><pre class="diff">============================= test session starts ==============================
platform linux -- Python 3.10.10, pytest-7.2.1, pluggy-1.0.0
rootdir: /home/auri/temp/lucca/python_experiments/stack3
collected 30 items

MIO-WHOLE_SUITE/test_stack3_MIO.py .....FF..............                 [ 70%]
MIO-WHOLE_SUITE/test_stack3_WHOLE_SUITE.py .F.....F.                     [100%]

=================================== FAILURES ===================================
_________________________________ test_case_5 __________________________________

    def test_case_5():
        singly_linked_list_0 = module_0.SinglyLinkedList()
        bool_0 = singly_linked_list_0.isEmpty()
&gt;       assert bool_0 is True
E       assert False is True

MIO-WHOLE_SUITE/test_stack3_MIO.py:31: AssertionError
_________________________________ test_case_6 __________________________________

    def test_case_6():
        singly_linked_list_0 = module_0.SinglyLinkedList()
        none_type_0 = singly_linked_list_0.add(singly_linked_list_0)
        bool_0 = singly_linked_list_0.isEmpty()
&gt;       assert bool_0 is False
E       assert True is False

MIO-WHOLE_SUITE/test_stack3_MIO.py:37: AssertionError
_________________________________ test_case_1 __________________________________

    def test_case_1():
        singly_linked_list_0 = module_0.SinglyLinkedList()
        none_type_0 = singly_linked_list_0.add(singly_linked_list_0)
        str_0 = singly_linked_list_0.__str__()
        none_type_1 = singly_linked_list_0.add(singly_linked_list_0)
        str_1 = singly_linked_list_0.__str__()
        var_0 = singly_linked_list_0.remove()
        assert f'{type(var_0).__module__}.{type(var_0).__qualname__}' == 'stack3.Node'
        assert f'{type(var_0.value).__module__}.{type(var_0.value).__qualname__}' == 'stack3.SinglyLinkedList'
        assert f'{type(var_0.next).__module__}.{type(var_0.next).__qualname__}' == 'stack3.Node'
        singly_linked_list_1 = module_0.SinglyLinkedList()
        int_0 = singly_linked_list_0.getSize()
        assert int_0 == 1
        bool_0 = singly_linked_list_0.isEmpty()
&gt;       assert bool_0 is False
E       assert True is False

MIO-WHOLE_SUITE/test_stack3_WHOLE_SUITE.py:27: AssertionError
_________________________________ test_case_7 __________________________________

    def test_case_7():
        singly_linked_list_0 = module_0.SinglyLinkedList()
        bool_0 = singly_linked_list_0.isEmpty()
&gt;       assert bool_0 is True
E       assert False is True

MIO-WHOLE_SUITE/test_stack3_WHOLE_SUITE.py:83: AssertionError
=========================== short test summary info ============================
FAILED MIO-WHOLE_SUITE/test_stack3_MIO.py::test_case_5 - assert False is True
FAILED MIO-WHOLE_SUITE/test_stack3_MIO.py::test_case_6 - assert True is False
FAILED MIO-WHOLE_SUITE/test_stack3_WHOLE_SUITE.py::test_case_1 - assert True ...
FAILED MIO-WHOLE_SUITE/test_stack3_WHOLE_SUITE.py::test_case_7 - assert False...
========================= 4 failed, 26 passed in 0.23s =========================
</pre></div></div></div></div></div><div class="mb-1" id="job_list___sub_accordion_66"><div class="card"><a data-toggle="collapse" data-target="#job_list___sub_collapse_66_1" aria-expanded="false" aria-controls="job_list___sub_collapse_66_1" href="#" class="job_list___sub_multi_heading"><div role="alert" class="card-header alert-success" id="job_list___sub_heading_66_1"><button class="btn btn-outline-success"><span class="job_id">66 : Job ID d977a510136f45fd924eb605e9614bd9</span></button></div></a><div aria-labelledby="job_list___sub_heading_66_1" data-parent="#job_list___sub_accordion_66" class="collapse job_list___sub_multi_collapse" id="job_list___sub_collapse_66_1"><div class="card-body"><div class="work-item"><div class="alert alert-success test-outcome" role="alert"><p>worker outcome: normal</p><p>test outcome: killed</p></div></div><pre class="location"><a href="pycharm://open?file=stack3.py&amp;line=75" class="text-secondary"><button class="btn btn-outline-dark">stack3.py, start pos: (75, 38), end pos: (75, 39)</button></a></pre><pre>operator: core/NumberReplacer, occurrence: 17</pre><div class="alert alert-secondary"><pre class="diff">--- mutation diff ---
--- astack3.py
+++ bstack3.py
@@ -72,7 +72,7 @@
 
         """Checks if linkedlist is empty."""
 
-        return True if self.__size == 0 else False
+        return True if self.__size == -1 else False
 
     def toArray(self) -&gt; list:
 </pre></div><div class="alert alert-secondary"><pre class="diff">============================= test session starts ==============================
platform linux -- Python 3.10.10, pytest-7.2.1, pluggy-1.0.0
rootdir: /home/auri/temp/lucca/python_experiments/stack3
collected 30 items

MIO-WHOLE_SUITE/test_stack3_MIO.py .....F...............                 [ 70%]
MIO-WHOLE_SUITE/test_stack3_WHOLE_SUITE.py .......F.                     [100%]

=================================== FAILURES ===================================
_________________________________ test_case_5 __________________________________

    def test_case_5():
        singly_linked_list_0 = module_0.SinglyLinkedList()
        bool_0 = singly_linked_list_0.isEmpty()
&gt;       assert bool_0 is True
E       assert False is True

MIO-WHOLE_SUITE/test_stack3_MIO.py:31: AssertionError
_________________________________ test_case_7 __________________________________

    def test_case_7():
        singly_linked_list_0 = module_0.SinglyLinkedList()
        bool_0 = singly_linked_list_0.isEmpty()
&gt;       assert bool_0 is True
E       assert False is True

MIO-WHOLE_SUITE/test_stack3_WHOLE_SUITE.py:83: AssertionError
=========================== short test summary info ============================
FAILED MIO-WHOLE_SUITE/test_stack3_MIO.py::test_case_5 - assert False is True
FAILED MIO-WHOLE_SUITE/test_stack3_WHOLE_SUITE.py::test_case_7 - assert False...
========================= 2 failed, 28 passed in 0.21s =========================
</pre></div></div></div></div></div><div class="mb-1" id="job_list___sub_accordion_67"><div class="card"><a data-toggle="collapse" data-target="#job_list___sub_collapse_67_1" aria-expanded="false" aria-controls="job_list___sub_collapse_67_1" href="#" class="job_list___sub_multi_heading"><div role="alert" class="card-header alert-success" id="job_list___sub_heading_67_1"><button class="btn btn-outline-success"><span class="job_id">67 : Job ID 10e168053a7f44999590744d09b9283c</span></button></div></a><div aria-labelledby="job_list___sub_heading_67_1" data-parent="#job_list___sub_accordion_67" class="collapse job_list___sub_multi_collapse" id="job_list___sub_collapse_67_1"><div class="card-body"><div class="work-item"><div class="alert alert-success test-outcome" role="alert"><p>worker outcome: normal</p><p>test outcome: killed</p></div></div><pre class="location"><a href="pycharm://open?file=stack3.py&amp;line=125" class="text-secondary"><button class="btn btn-outline-dark">stack3.py, start pos: (125, 49), end pos: (125, 50)</button></a></pre><pre>operator: core/NumberReplacer, occurrence: 18</pre><div class="alert alert-secondary"><pre class="diff">--- mutation diff ---
--- astack3.py
+++ bstack3.py
@@ -122,7 +122,7 @@
 
         """Check if stack is empty."""
 
-        return True if self.__stack.getSize() == 0 else False
+        return True if self.__stack.getSize() == 1 else False
 
     def getSize(self) -&gt; int:
 </pre></div><div class="alert alert-secondary"><pre class="diff">============================= test session starts ==============================
platform linux -- Python 3.10.10, pytest-7.2.1, pluggy-1.0.0
rootdir: /home/auri/temp/lucca/python_experiments/stack3
collected 30 items

MIO-WHOLE_SUITE/test_stack3_MIO.py ...........FF........                 [ 70%]
MIO-WHOLE_SUITE/test_stack3_WHOLE_SUITE.py ..F......                     [100%]

=================================== FAILURES ===================================
_________________________________ test_case_11 _________________________________

    def test_case_11():
        stack_0 = module_0.Stack()
        bool_0 = stack_0.isEmpty()
&gt;       assert bool_0 is True
E       assert False is True

MIO-WHOLE_SUITE/test_stack3_MIO.py:63: AssertionError
_________________________________ test_case_12 _________________________________

    def test_case_12():
        stack_0 = module_0.Stack()
        none_type_0 = stack_0.push(stack_0)
        bool_0 = stack_0.isEmpty()
&gt;       assert bool_0 is False
E       assert True is False

MIO-WHOLE_SUITE/test_stack3_MIO.py:69: AssertionError
_________________________________ test_case_2 __________________________________

    def test_case_2():
        stack_0 = module_0.Stack()
        bool_0 = stack_0.isEmpty()
&gt;       assert bool_0 is True
E       assert False is True

MIO-WHOLE_SUITE/test_stack3_WHOLE_SUITE.py:33: AssertionError
=========================== short test summary info ============================
FAILED MIO-WHOLE_SUITE/test_stack3_MIO.py::test_case_11 - assert False is True
FAILED MIO-WHOLE_SUITE/test_stack3_MIO.py::test_case_12 - assert True is False
FAILED MIO-WHOLE_SUITE/test_stack3_WHOLE_SUITE.py::test_case_2 - assert False...
========================= 3 failed, 27 passed in 0.22s =========================
</pre></div></div></div></div></div><div class="mb-1" id="job_list___sub_accordion_68"><div class="card"><a data-toggle="collapse" data-target="#job_list___sub_collapse_68_1" aria-expanded="false" aria-controls="job_list___sub_collapse_68_1" href="#" class="job_list___sub_multi_heading"><div role="alert" class="card-header alert-success" id="job_list___sub_heading_68_1"><button class="btn btn-outline-success"><span class="job_id">68 : Job ID 0285b4e1fba94c8490d0567597bae42f</span></button></div></a><div aria-labelledby="job_list___sub_heading_68_1" data-parent="#job_list___sub_accordion_68" class="collapse job_list___sub_multi_collapse" id="job_list___sub_collapse_68_1"><div class="card-body"><div class="work-item"><div class="alert alert-success test-outcome" role="alert"><p>worker outcome: normal</p><p>test outcome: killed</p></div></div><pre class="location"><a href="pycharm://open?file=stack3.py&amp;line=125" class="text-secondary"><button class="btn btn-outline-dark">stack3.py, start pos: (125, 49), end pos: (125, 50)</button></a></pre><pre>operator: core/NumberReplacer, occurrence: 19</pre><div class="alert alert-secondary"><pre class="diff">--- mutation diff ---
--- astack3.py
+++ bstack3.py
@@ -122,7 +122,7 @@
 
         """Check if stack is empty."""
 
-        return True if self.__stack.getSize() == 0 else False
+        return True if self.__stack.getSize() == -1 else False
 
     def getSize(self) -&gt; int:
 </pre></div><div class="alert alert-secondary"><pre class="diff">============================= test session starts ==============================
platform linux -- Python 3.10.10, pytest-7.2.1, pluggy-1.0.0
rootdir: /home/auri/temp/lucca/python_experiments/stack3
collected 30 items

MIO-WHOLE_SUITE/test_stack3_MIO.py ...........F.........                 [ 70%]
MIO-WHOLE_SUITE/test_stack3_WHOLE_SUITE.py ..F......                     [100%]

=================================== FAILURES ===================================
_________________________________ test_case_11 _________________________________

    def test_case_11():
        stack_0 = module_0.Stack()
        bool_0 = stack_0.isEmpty()
&gt;       assert bool_0 is True
E       assert False is True

MIO-WHOLE_SUITE/test_stack3_MIO.py:63: AssertionError
_________________________________ test_case_2 __________________________________

    def test_case_2():
        stack_0 = module_0.Stack()
        bool_0 = stack_0.isEmpty()
&gt;       assert bool_0 is True
E       assert False is True

MIO-WHOLE_SUITE/test_stack3_WHOLE_SUITE.py:33: AssertionError
=========================== short test summary info ============================
FAILED MIO-WHOLE_SUITE/test_stack3_MIO.py::test_case_11 - assert False is True
FAILED MIO-WHOLE_SUITE/test_stack3_WHOLE_SUITE.py::test_case_2 - assert False...
========================= 2 failed, 28 passed in 0.21s =========================
</pre></div></div></div></div></div><div class="mb-1" id="job_list___sub_accordion_69"><div class="card"><a data-toggle="collapse" data-target="#job_list___sub_collapse_69_1" aria-expanded="false" aria-controls="job_list___sub_collapse_69_1" href="#" class="job_list___sub_multi_heading"><div role="alert" class="card-header alert-danger" id="job_list___sub_heading_69_1"><button class="btn btn-outline-danger"><span class="job_id">69 : Job ID cb4a0eadf09d4e99b8125ead7067903f</span></button></div></a><div aria-labelledby="job_list___sub_heading_69_1" data-parent="#job_list___sub_accordion_69" class="collapse job_list___sub_multi_collapse" id="job_list___sub_collapse_69_1"><div class="card-body"><div class="work-item"><div class="alert alert-danger test-outcome" role="alert"><p>SURVIVED</p><p>worker outcome: normal</p><p>test outcome: survived</p></div></div><pre class="location"><a href="pycharm://open?file=stack3.py&amp;line=137" class="text-secondary"><button class="btn btn-outline-dark">stack3.py, start pos: (137, 45), end pos: (137, 46)</button></a></pre><pre>operator: core/NumberReplacer, occurrence: 20</pre><div class="alert alert-secondary"><pre class="diff">--- mutation diff ---
--- astack3.py
+++ bstack3.py
@@ -134,7 +134,7 @@
 
         """Get string representation of the stack."""
 
-        return str(self.__stack.toArray()[::-1])
+        return str(self.__stack.toArray()[::- 2])
 
 
 if __name__ == "__main__":</pre></div><div class="alert alert-secondary"><pre class="diff">============================= test session starts ==============================
platform linux -- Python 3.10.10, pytest-7.2.1, pluggy-1.0.0
rootdir: /home/auri/temp/lucca/python_experiments/stack3
collected 30 items

MIO-WHOLE_SUITE/test_stack3_MIO.py .....................                 [ 70%]
MIO-WHOLE_SUITE/test_stack3_WHOLE_SUITE.py .........                     [100%]

============================== 30 passed in 0.15s ==============================
</pre></div></div></div></div></div><div class="mb-1" id="job_list___sub_accordion_70"><div class="card"><a data-toggle="collapse" data-target="#job_list___sub_collapse_70_1" aria-expanded="false" aria-controls="job_list___sub_collapse_70_1" href="#" class="job_list___sub_multi_heading"><div role="alert" class="card-header alert-success" id="job_list___sub_heading_70_1"><button class="btn btn-outline-success"><span class="job_id">70 : Job ID c362ce2ecd0d4a3ba49f3ca115ba5f59</span></button></div></a><div aria-labelledby="job_list___sub_heading_70_1" data-parent="#job_list___sub_accordion_70" class="collapse job_list___sub_multi_collapse" id="job_list___sub_collapse_70_1"><div class="card-body"><div class="work-item"><div class="alert alert-success test-outcome" role="alert"><p>worker outcome: normal</p><p>test outcome: killed</p></div></div><pre class="location"><a href="pycharm://open?file=stack3.py&amp;line=137" class="text-secondary"><button class="btn btn-outline-dark">stack3.py, start pos: (137, 45), end pos: (137, 46)</button></a></pre><pre>operator: core/NumberReplacer, occurrence: 21</pre><div class="alert alert-secondary"><pre class="diff">--- mutation diff ---
--- astack3.py
+++ bstack3.py
@@ -134,7 +134,7 @@
 
         """Get string representation of the stack."""
 
-        return str(self.__stack.toArray()[::-1])
+        return str(self.__stack.toArray()[::- 0])
 
 
 if __name__ == "__main__":</pre></div><div class="alert alert-secondary"><pre class="diff">============================= test session starts ==============================
platform linux -- Python 3.10.10, pytest-7.2.1, pluggy-1.0.0
rootdir: /home/auri/temp/lucca/python_experiments/stack3
collected 30 items

MIO-WHOLE_SUITE/test_stack3_MIO.py ....................F                 [ 70%]
MIO-WHOLE_SUITE/test_stack3_WHOLE_SUITE.py ...F.....                     [100%]

=================================== FAILURES ===================================
_________________________________ test_case_20 _________________________________

    def test_case_20():
        stack_0 = module_0.Stack()
&gt;       str_0 = stack_0.__str__()

MIO-WHOLE_SUITE/test_stack3_MIO.py:100: 
_ _ _ _ _ _ _ _ _ _ _ _ _ _ _ _ _ _ _ _ _ _ _ _ _ _ _ _ _ _ _ _ _ _ _ _ _ _ _ _ 

self = &lt;stack3.Stack object at 0x7f6bc16b6110&gt;

    def __str__(self) -&gt; str:
    
        """Get string representation of the stack."""
    
&gt;       return str(self.__stack.toArray()[::- 0])
E       ValueError: slice step cannot be zero

stack3.py:137: ValueError
_________________________________ test_case_3 __________________________________

    def test_case_3():
        bool_0 = False
        stack_0 = module_0.Stack()
        none_type_0 = stack_0.push(bool_0)
&gt;       str_0 = stack_0.__str__()

MIO-WHOLE_SUITE/test_stack3_WHOLE_SUITE.py:41: 
_ _ _ _ _ _ _ _ _ _ _ _ _ _ _ _ _ _ _ _ _ _ _ _ _ _ _ _ _ _ _ _ _ _ _ _ _ _ _ _ 

self = &lt;stack3.Stack object at 0x7f6bc13b7ac0&gt;

    def __str__(self) -&gt; str:
    
        """Get string representation of the stack."""
    
&gt;       return str(self.__stack.toArray()[::- 0])
E       ValueError: slice step cannot be zero

stack3.py:137: ValueError
=========================== short test summary info ============================
FAILED MIO-WHOLE_SUITE/test_stack3_MIO.py::test_case_20 - ValueError: slice s...
FAILED MIO-WHOLE_SUITE/test_stack3_WHOLE_SUITE.py::test_case_3 - ValueError: ...
========================= 2 failed, 28 passed in 0.22s =========================
</pre></div></div></div></div></div></div></div></div></div></div><script src="https://code.jquery.com/jquery-3.3.1.slim.min.js" integrity="sha384-q8i/X+965DzO0rT7abK41JStQIAqVgRVzpbzo5smXKp4YfRvH+8abtTE1Pi6jizo" crossorigin="anonymous"></script><script src="https://cdnjs.cloudflare.com/ajax/libs/popper.js/1.14.7/umd/popper.min.js" integrity="sha384-UO2eT0CpHqdSJQ6hJty5KVphtPhzWj9WO1clHTMGa3JDZwrnQq4sF86dIHNDz0W1" crossorigin="anonymous"></script><script src="https://stackpath.bootstrapcdn.com/bootstrap/4.3.1/js/bootstrap.min.js" integrity="sha384-JjSmVgyd0p3pXB1rRibZUAYoIIy6OrQ6VrjIEaFf/nJGzIxFDsf4x0xIM+B07jRM" crossorigin="anonymous"></script><script type="text/javascript">$('div.job_list___sub_multi_collapse').on('shown.bs.collapse',  function () {    correct_behavior_functional_buttons();  });$('div.job_list___sub_multi_collapse').on('hidden.bs.collapse',  function () {    correct_behavior_functional_buttons();  });function correct_behavior_functional_buttons() {    var expand = false;    var collapse = false;    $('a.job_list___sub_multi_heading').each(function(index) {      if ($(this).attr('aria-expanded') == 'false') {        expand = true;        return false;      };    });    $('a.job_list___sub_multi_heading').each(function(index) {      if ($(this).attr('aria-expanded') == 'true') {        collapse = true;        return false;      };    });    if (expand) {      $('div#job_item_expand_all').css('display', 'inline-block');    } else {      $('div#job_item_expand_all').css('display', 'none');    };    if (collapse) {      $('div#job_item_collapse_all').css('display', 'inline-block');    } else {      $('div#job_item_collapse_all').css('display', 'none');    };  };correct_behavior_functional_buttons();</script></body></html>
