<!DOCTYPE html><html lang="en"><head><meta charset="utf-8" /><meta name="viewport" content="width=device-width, initial-scale=1, shrink-to-fit=no" /><link rel="stylesheet" href="https://stackpath.bootstrapcdn.com/bootstrap/4.3.1/css/bootstrap.min.css" integrity="sha384-ggOyR0iXCbMQv3Xipma34MD+dH/1fQ784/j6cY/iJTQUOhcWr7x9JvoRxT2MZw1T" crossorigin="anonymous" /><title>Cosmic Ray Report</title></head><body><div class="container"><h1><p class="text-dark">Cosmic Ray Report</p></h1></div><div class="container"><div class="mb-1" id="summary_info___accordion"><div class="card"><a data-toggle="collapse" data-target="#summary_info___collapse_1" aria-expanded="true" aria-controls="summary_info___collapse_1" href="#"><div class="card-header" id="summary_info___heading_1"><button class="btn btn-outline-dark"><h4 class="m-0">Summary info</h4></button></div></a><div aria-labelledby="summary_info___heading_1" data-parent="#summary_info___accordion" class="collapse show" id="summary_info___collapse_1"><div class="card-body"><p>Date time: 04/03/2023 21:01:28</p><p>Total jobs: 44</p><p>Complete: 44 (100.00%)</p><p>Surviving mutants: 6 (13.64%)</p></div></div></div></div><div class="mb-1" id="job_list___accordion"><div class="card"><a data-toggle="collapse" data-target="#job_list___collapse_1" aria-expanded="false" aria-controls="job_list___collapse_1" href="#"><div class="card-header" id="job_list___heading_1"><button class="btn btn-outline-dark"><h4 class="m-0">Job list</h4></button></div></a><div aria-labelledby="job_list___heading_1" data-parent="#job_list___accordion" class="collapse" id="job_list___collapse_1"><div class="card-body"><div class="text-right mb-1"><div class="mx-1" id="job_item_expand_all"><a href="#" onclick="$('div.job_list___sub_multi_collapse').collapse('show');"><button class="btn btn-outline-dark"><span>Expand All</span></button></a></div><div class="mx-1" id="job_item_collapse_all"><a href="#" onclick="$('div.job_list___sub_multi_collapse').collapse('hide');"><button class="btn btn-outline-dark"><span>Collapse All</span></button></a></div></div><div class="mb-1" id="job_list___sub_accordion_1"><div class="card"><a data-toggle="collapse" data-target="#job_list___sub_collapse_1_1" aria-expanded="false" aria-controls="job_list___sub_collapse_1_1" href="#" class="job_list___sub_multi_heading"><div role="alert" class="card-header alert-success" id="job_list___sub_heading_1_1"><button class="btn btn-outline-success"><span class="job_id">1 : Job ID c1610a41cbd3467b9925f28872c9dc38</span></button></div></a><div aria-labelledby="job_list___sub_heading_1_1" data-parent="#job_list___sub_accordion_1" class="collapse job_list___sub_multi_collapse" id="job_list___sub_collapse_1_1"><div class="card-body"><div class="work-item"><div class="alert alert-success test-outcome" role="alert"><p>worker outcome: normal</p><p>test outcome: killed</p></div></div><pre class="location"><a href="pycharm://open?file=linkedList2.py&amp;line=21" class="text-secondary"><button class="btn btn-outline-dark">linkedList2.py, start pos: (21, 18), end pos: (21, 20)</button></a></pre><pre>operator: core/ReplaceComparisonOperator_Eq_NotEq, occurrence: 0</pre><div class="alert alert-secondary"><pre class="diff">--- mutation diff ---
--- alinkedList2.py
+++ blinkedList2.py
@@ -18,7 +18,7 @@
             p1 = p1.next
             p2 = p2.next.next
             
-            if p1 == p2: return True
+            if p1 != p2: return True
         return False
 
 class LinkedList:</pre></div><div class="alert alert-secondary"><pre class="diff">============================= test session starts ==============================
platform linux -- Python 3.10.10, pytest-7.2.1, pluggy-1.0.0
rootdir: /home/auri/temp/lucca/python_experiments/linkedList2
collected 15 items

DYNAMOSA/test_linkedList2_DYNAMOSA.py .............FF                    [100%]

=================================== FAILURES ===================================
_________________________________ test_case_13 _________________________________

    def test_case_13():
        linked_list_0 = module_0.LinkedList()
        assert len(linked_list_0) == 0
        linked_node_0 = module_0.LinkedNode(linked_list_0)
        assert len(linked_node_0.value) == 0
        linked_node_1 = module_0.LinkedNode(linked_node_0, linked_node_0)
        var_0 = linked_node_1.checkInfinite()
&gt;       assert var_0 is False
E       assert True is False

DYNAMOSA/test_linkedList2_DYNAMOSA.py:134: AssertionError
_________________________________ test_case_14 _________________________________

    def test_case_14():
        linked_list_0 = module_0.LinkedList()
        assert len(linked_list_0) == 0
        var_0 = linked_list_0.__len__()
        assert var_0 == 0
        none_type_0 = None
        linked_node_0 = module_0.LinkedNode(linked_list_0)
        assert len(linked_node_0.value) == 0
        var_1 = linked_node_0.checkInfinite()
        assert var_1 is False
        linked_node_1 = module_0.LinkedNode(none_type_0, linked_node_0)
        int_0 = 697
        str_0 = ''
        list_0 = [int_0, none_type_0, str_0, str_0, linked_node_0]
        linked_list_1 = module_0.LinkedList(*list_0)
        assert len(linked_list_1) == 5
        var_2 = linked_node_1.checkInfinite()
&gt;       assert var_2 is False
E       assert True is False

DYNAMOSA/test_linkedList2_DYNAMOSA.py:153: AssertionError
=========================== short test summary info ============================
FAILED DYNAMOSA/test_linkedList2_DYNAMOSA.py::test_case_13 - assert True is F...
FAILED DYNAMOSA/test_linkedList2_DYNAMOSA.py::test_case_14 - assert True is F...
========================= 2 failed, 13 passed in 0.08s =========================
</pre></div></div></div></div></div><div class="mb-1" id="job_list___sub_accordion_2"><div class="card"><a data-toggle="collapse" data-target="#job_list___sub_collapse_2_1" aria-expanded="false" aria-controls="job_list___sub_collapse_2_1" href="#" class="job_list___sub_multi_heading"><div role="alert" class="card-header alert-success" id="job_list___sub_heading_2_1"><button class="btn btn-outline-success"><span class="job_id">2 : Job ID f30504f2f4fd4c0c86a969545a90917e</span></button></div></a><div aria-labelledby="job_list___sub_heading_2_1" data-parent="#job_list___sub_accordion_2" class="collapse job_list___sub_multi_collapse" id="job_list___sub_collapse_2_1"><div class="card-body"><div class="work-item"><div class="alert alert-success test-outcome" role="alert"><p>worker outcome: normal</p><p>test outcome: killed</p></div></div><pre class="location"><a href="pycharm://open?file=linkedList2.py&amp;line=48" class="text-secondary"><button class="btn btn-outline-dark">linkedList2.py, start pos: (48, 23), end pos: (48, 25)</button></a></pre><pre>operator: core/ReplaceComparisonOperator_Eq_NotEq, occurrence: 1</pre><div class="alert alert-secondary"><pre class="diff">--- mutation diff ---
--- alinkedList2.py
+++ blinkedList2.py
@@ -45,7 +45,7 @@
         n = self.head
         last = None
         while n != None:
-            if n.value == value:
+            if n.value != value:
                 if last == None:
                     self.head = self.head.next
                 else:</pre></div><div class="alert alert-secondary"><pre class="diff">============================= test session starts ==============================
platform linux -- Python 3.10.10, pytest-7.2.1, pluggy-1.0.0
rootdir: /home/auri/temp/lucca/python_experiments/linkedList2
collected 15 items

DYNAMOSA/test_linkedList2_DYNAMOSA.py .....F..F..F...                    [100%]

=================================== FAILURES ===================================
_________________________________ test_case_5 __________________________________

    def test_case_5():
        linked_list_0 = module_0.LinkedList()
        assert len(linked_list_0) == 0
        var_0 = linked_list_0.prepend(linked_list_0)
        assert len(linked_list_0) == 1
        var_1 = linked_list_0.remove(linked_list_0)
&gt;       assert var_1 is True
E       assert False is True

DYNAMOSA/test_linkedList2_DYNAMOSA.py:53: AssertionError
_________________________________ test_case_8 __________________________________

    def test_case_8():
        linked_list_0 = module_0.LinkedList()
        assert len(linked_list_0) == 0
        var_0 = linked_list_0.prepend(linked_list_0)
        assert len(linked_list_0) == 1
        var_1 = linked_list_0.remove(linked_list_0)
&gt;       assert var_1 is True
E       assert False is True

DYNAMOSA/test_linkedList2_DYNAMOSA.py:80: AssertionError
_________________________________ test_case_11 _________________________________

    def test_case_11():
        str_0 = 'Rg$'
        linked_list_0 = module_0.LinkedList(*str_0)
        assert len(linked_list_0) == 3
        var_0 = linked_list_0.remove(str_0)
&gt;       assert var_0 is False
E       assert True is False

DYNAMOSA/test_linkedList2_DYNAMOSA.py:106: AssertionError
=========================== short test summary info ============================
FAILED DYNAMOSA/test_linkedList2_DYNAMOSA.py::test_case_5 - assert False is True
FAILED DYNAMOSA/test_linkedList2_DYNAMOSA.py::test_case_8 - assert False is True
FAILED DYNAMOSA/test_linkedList2_DYNAMOSA.py::test_case_11 - assert True is F...
========================= 3 failed, 12 passed in 0.08s =========================
</pre></div></div></div></div></div><div class="mb-1" id="job_list___sub_accordion_3"><div class="card"><a data-toggle="collapse" data-target="#job_list___sub_collapse_3_1" aria-expanded="false" aria-controls="job_list___sub_collapse_3_1" href="#" class="job_list___sub_multi_heading"><div role="alert" class="card-header alert-success" id="job_list___sub_heading_3_1"><button class="btn btn-outline-success"><span class="job_id">3 : Job ID 35f8960cf9c546eba5fc5515e71d85ad</span></button></div></a><div aria-labelledby="job_list___sub_heading_3_1" data-parent="#job_list___sub_accordion_3" class="collapse job_list___sub_multi_collapse" id="job_list___sub_collapse_3_1"><div class="card-body"><div class="work-item"><div class="alert alert-success test-outcome" role="alert"><p>worker outcome: normal</p><p>test outcome: killed</p></div></div><pre class="location"><a href="pycharm://open?file=linkedList2.py&amp;line=21" class="text-secondary"><button class="btn btn-outline-dark">linkedList2.py, start pos: (21, 18), end pos: (21, 20)</button></a></pre><pre>operator: core/ReplaceComparisonOperator_Eq_Lt, occurrence: 0</pre><div class="alert alert-secondary"><pre class="diff">--- mutation diff ---
--- alinkedList2.py
+++ blinkedList2.py
@@ -18,7 +18,7 @@
             p1 = p1.next
             p2 = p2.next.next
             
-            if p1 == p2: return True
+            if p1 &lt; p2: return True
         return False
 
 class LinkedList:</pre></div><div class="alert alert-secondary"><pre class="diff">============================= test session starts ==============================
platform linux -- Python 3.10.10, pytest-7.2.1, pluggy-1.0.0
rootdir: /home/auri/temp/lucca/python_experiments/linkedList2
collected 15 items

DYNAMOSA/test_linkedList2_DYNAMOSA.py .............FF                    [100%]

=================================== FAILURES ===================================
_________________________________ test_case_13 _________________________________

    def test_case_13():
        linked_list_0 = module_0.LinkedList()
        assert len(linked_list_0) == 0
        linked_node_0 = module_0.LinkedNode(linked_list_0)
        assert len(linked_node_0.value) == 0
        linked_node_1 = module_0.LinkedNode(linked_node_0, linked_node_0)
&gt;       var_0 = linked_node_1.checkInfinite()

DYNAMOSA/test_linkedList2_DYNAMOSA.py:133: 
_ _ _ _ _ _ _ _ _ _ _ _ _ _ _ _ _ _ _ _ _ _ _ _ _ _ _ _ _ _ _ _ _ _ _ _ _ _ _ _ 

self = &lt;linkedList2.LinkedNode object at 0x7fd3a87c45b0&gt;

    def checkInfinite(self):
        """Check whether infinite loop via next."""
        p1 = p2 = self
        while p1 != None and p2 != None:
            if p2.next == None: return False
    
            p1 = p1.next
            p2 = p2.next.next
    
&gt;           if p1 &lt; p2: return True
E           TypeError: '&lt;' not supported between instances of 'LinkedNode' and 'NoneType'

linkedList2.py:21: TypeError
_________________________________ test_case_14 _________________________________

    def test_case_14():
        linked_list_0 = module_0.LinkedList()
        assert len(linked_list_0) == 0
        var_0 = linked_list_0.__len__()
        assert var_0 == 0
        none_type_0 = None
        linked_node_0 = module_0.LinkedNode(linked_list_0)
        assert len(linked_node_0.value) == 0
        var_1 = linked_node_0.checkInfinite()
        assert var_1 is False
        linked_node_1 = module_0.LinkedNode(none_type_0, linked_node_0)
        int_0 = 697
        str_0 = ''
        list_0 = [int_0, none_type_0, str_0, str_0, linked_node_0]
        linked_list_1 = module_0.LinkedList(*list_0)
        assert len(linked_list_1) == 5
&gt;       var_2 = linked_node_1.checkInfinite()

DYNAMOSA/test_linkedList2_DYNAMOSA.py:152: 
_ _ _ _ _ _ _ _ _ _ _ _ _ _ _ _ _ _ _ _ _ _ _ _ _ _ _ _ _ _ _ _ _ _ _ _ _ _ _ _ 

self = &lt;linkedList2.LinkedNode object at 0x7fd3a8922b90&gt;

    def checkInfinite(self):
        """Check whether infinite loop via next."""
        p1 = p2 = self
        while p1 != None and p2 != None:
            if p2.next == None: return False
    
            p1 = p1.next
            p2 = p2.next.next
    
&gt;           if p1 &lt; p2: return True
E           TypeError: '&lt;' not supported between instances of 'LinkedNode' and 'NoneType'

linkedList2.py:21: TypeError
=========================== short test summary info ============================
FAILED DYNAMOSA/test_linkedList2_DYNAMOSA.py::test_case_13 - TypeError: '&lt;' n...
FAILED DYNAMOSA/test_linkedList2_DYNAMOSA.py::test_case_14 - TypeError: '&lt;' n...
========================= 2 failed, 13 passed in 0.08s =========================
</pre></div></div></div></div></div><div class="mb-1" id="job_list___sub_accordion_4"><div class="card"><a data-toggle="collapse" data-target="#job_list___sub_collapse_4_1" aria-expanded="false" aria-controls="job_list___sub_collapse_4_1" href="#" class="job_list___sub_multi_heading"><div role="alert" class="card-header alert-success" id="job_list___sub_heading_4_1"><button class="btn btn-outline-success"><span class="job_id">4 : Job ID ca15551848ed49889a8965936cdf3cb2</span></button></div></a><div aria-labelledby="job_list___sub_heading_4_1" data-parent="#job_list___sub_accordion_4" class="collapse job_list___sub_multi_collapse" id="job_list___sub_collapse_4_1"><div class="card-body"><div class="work-item"><div class="alert alert-success test-outcome" role="alert"><p>worker outcome: normal</p><p>test outcome: killed</p></div></div><pre class="location"><a href="pycharm://open?file=linkedList2.py&amp;line=48" class="text-secondary"><button class="btn btn-outline-dark">linkedList2.py, start pos: (48, 23), end pos: (48, 25)</button></a></pre><pre>operator: core/ReplaceComparisonOperator_Eq_Lt, occurrence: 1</pre><div class="alert alert-secondary"><pre class="diff">--- mutation diff ---
--- alinkedList2.py
+++ blinkedList2.py
@@ -45,7 +45,7 @@
         n = self.head
         last = None
         while n != None:
-            if n.value == value:
+            if n.value &lt; value:
                 if last == None:
                     self.head = self.head.next
                 else:</pre></div><div class="alert alert-secondary"><pre class="diff">============================= test session starts ==============================
platform linux -- Python 3.10.10, pytest-7.2.1, pluggy-1.0.0
rootdir: /home/auri/temp/lucca/python_experiments/linkedList2
collected 15 items

DYNAMOSA/test_linkedList2_DYNAMOSA.py .....F..F..F..F                    [100%]

=================================== FAILURES ===================================
_________________________________ test_case_5 __________________________________

    def test_case_5():
        linked_list_0 = module_0.LinkedList()
        assert len(linked_list_0) == 0
        var_0 = linked_list_0.prepend(linked_list_0)
        assert len(linked_list_0) == 1
&gt;       var_1 = linked_list_0.remove(linked_list_0)

DYNAMOSA/test_linkedList2_DYNAMOSA.py:52: 
_ _ _ _ _ _ _ _ _ _ _ _ _ _ _ _ _ _ _ _ _ _ _ _ _ _ _ _ _ _ _ _ _ _ _ _ _ _ _ _ 

self = &lt;[RecursionError('maximum recursion depth exceeded in comparison') raised in repr()] LinkedList object at 0x7f2216e44e80&gt;
value = &lt;[RecursionError('maximum recursion depth exceeded in comparison') raised in repr()] LinkedList object at 0x7f2216e44e80&gt;

    def remove(self, value):
        """Remove value from list."""
        n = self.head
        last = None
        while n != None:
&gt;           if n.value &lt; value:
E           TypeError: '&lt;' not supported between instances of 'LinkedList' and 'LinkedList'

linkedList2.py:48: TypeError
_________________________________ test_case_8 __________________________________

    def test_case_8():
        linked_list_0 = module_0.LinkedList()
        assert len(linked_list_0) == 0
        var_0 = linked_list_0.prepend(linked_list_0)
        assert len(linked_list_0) == 1
&gt;       var_1 = linked_list_0.remove(linked_list_0)

DYNAMOSA/test_linkedList2_DYNAMOSA.py:79: 
_ _ _ _ _ _ _ _ _ _ _ _ _ _ _ _ _ _ _ _ _ _ _ _ _ _ _ _ _ _ _ _ _ _ _ _ _ _ _ _ 

self = &lt;[RecursionError('maximum recursion depth exceeded in comparison') raised in repr()] LinkedList object at 0x7f2216fa61d0&gt;
value = &lt;[RecursionError('maximum recursion depth exceeded in comparison') raised in repr()] LinkedList object at 0x7f2216fa61d0&gt;

    def remove(self, value):
        """Remove value from list."""
        n = self.head
        last = None
        while n != None:
&gt;           if n.value &lt; value:
E           TypeError: '&lt;' not supported between instances of 'LinkedList' and 'LinkedList'

linkedList2.py:48: TypeError
_________________________________ test_case_11 _________________________________

    def test_case_11():
        str_0 = 'Rg$'
        linked_list_0 = module_0.LinkedList(*str_0)
        assert len(linked_list_0) == 3
        var_0 = linked_list_0.remove(str_0)
&gt;       assert var_0 is False
E       assert True is False

DYNAMOSA/test_linkedList2_DYNAMOSA.py:106: AssertionError
_________________________________ test_case_14 _________________________________

    def test_case_14():
        linked_list_0 = module_0.LinkedList()
        assert len(linked_list_0) == 0
        var_0 = linked_list_0.__len__()
        assert var_0 == 0
        none_type_0 = None
        linked_node_0 = module_0.LinkedNode(linked_list_0)
        assert len(linked_node_0.value) == 0
        var_1 = linked_node_0.checkInfinite()
        assert var_1 is False
        linked_node_1 = module_0.LinkedNode(none_type_0, linked_node_0)
        int_0 = 697
        str_0 = ''
        list_0 = [int_0, none_type_0, str_0, str_0, linked_node_0]
        linked_list_1 = module_0.LinkedList(*list_0)
        assert len(linked_list_1) == 5
        var_2 = linked_node_1.checkInfinite()
        assert var_2 is False
&gt;       var_3 = linked_list_1.remove(linked_node_0)

DYNAMOSA/test_linkedList2_DYNAMOSA.py:154: 
_ _ _ _ _ _ _ _ _ _ _ _ _ _ _ _ _ _ _ _ _ _ _ _ _ _ _ _ _ _ _ _ _ _ _ _ _ _ _ _ 

self = link:[&lt;linkedList2.LinkedNode object at 0x7f2216d85d80&gt;,,,None,697]
value = &lt;linkedList2.LinkedNode object at 0x7f2216d85d80&gt;

    def remove(self, value):
        """Remove value from list."""
        n = self.head
        last = None
        while n != None:
&gt;           if n.value &lt; value:
E           TypeError: '&lt;' not supported between instances of 'LinkedNode' and 'LinkedNode'

linkedList2.py:48: TypeError
=========================== short test summary info ============================
FAILED DYNAMOSA/test_linkedList2_DYNAMOSA.py::test_case_5 - TypeError: '&lt;' no...
FAILED DYNAMOSA/test_linkedList2_DYNAMOSA.py::test_case_8 - TypeError: '&lt;' no...
FAILED DYNAMOSA/test_linkedList2_DYNAMOSA.py::test_case_11 - assert True is F...
FAILED DYNAMOSA/test_linkedList2_DYNAMOSA.py::test_case_14 - TypeError: '&lt;' n...
========================= 4 failed, 11 passed in 0.09s =========================
</pre></div></div></div></div></div><div class="mb-1" id="job_list___sub_accordion_5"><div class="card"><a data-toggle="collapse" data-target="#job_list___sub_collapse_5_1" aria-expanded="false" aria-controls="job_list___sub_collapse_5_1" href="#" class="job_list___sub_multi_heading"><div role="alert" class="card-header alert-success" id="job_list___sub_heading_5_1"><button class="btn btn-outline-success"><span class="job_id">5 : Job ID 78b9074fc238497c9ad37b47dce93fac</span></button></div></a><div aria-labelledby="job_list___sub_heading_5_1" data-parent="#job_list___sub_accordion_5" class="collapse job_list___sub_multi_collapse" id="job_list___sub_collapse_5_1"><div class="card-body"><div class="work-item"><div class="alert alert-success test-outcome" role="alert"><p>worker outcome: normal</p><p>test outcome: killed</p></div></div><pre class="location"><a href="pycharm://open?file=linkedList2.py&amp;line=21" class="text-secondary"><button class="btn btn-outline-dark">linkedList2.py, start pos: (21, 18), end pos: (21, 20)</button></a></pre><pre>operator: core/ReplaceComparisonOperator_Eq_LtE, occurrence: 0</pre><div class="alert alert-secondary"><pre class="diff">--- mutation diff ---
--- alinkedList2.py
+++ blinkedList2.py
@@ -18,7 +18,7 @@
             p1 = p1.next
             p2 = p2.next.next
             
-            if p1 == p2: return True
+            if p1 &lt;= p2: return True
         return False
 
 class LinkedList:</pre></div><div class="alert alert-secondary"><pre class="diff">============================= test session starts ==============================
platform linux -- Python 3.10.10, pytest-7.2.1, pluggy-1.0.0
rootdir: /home/auri/temp/lucca/python_experiments/linkedList2
collected 15 items

DYNAMOSA/test_linkedList2_DYNAMOSA.py .............FF                    [100%]

=================================== FAILURES ===================================
_________________________________ test_case_13 _________________________________

    def test_case_13():
        linked_list_0 = module_0.LinkedList()
        assert len(linked_list_0) == 0
        linked_node_0 = module_0.LinkedNode(linked_list_0)
        assert len(linked_node_0.value) == 0
        linked_node_1 = module_0.LinkedNode(linked_node_0, linked_node_0)
&gt;       var_0 = linked_node_1.checkInfinite()

DYNAMOSA/test_linkedList2_DYNAMOSA.py:133: 
_ _ _ _ _ _ _ _ _ _ _ _ _ _ _ _ _ _ _ _ _ _ _ _ _ _ _ _ _ _ _ _ _ _ _ _ _ _ _ _ 

self = &lt;linkedList2.LinkedNode object at 0x7f44302ac5b0&gt;

    def checkInfinite(self):
        """Check whether infinite loop via next."""
        p1 = p2 = self
        while p1 != None and p2 != None:
            if p2.next == None: return False
    
            p1 = p1.next
            p2 = p2.next.next
    
&gt;           if p1 &lt;= p2: return True
E           TypeError: '&lt;=' not supported between instances of 'LinkedNode' and 'NoneType'

linkedList2.py:21: TypeError
_________________________________ test_case_14 _________________________________

    def test_case_14():
        linked_list_0 = module_0.LinkedList()
        assert len(linked_list_0) == 0
        var_0 = linked_list_0.__len__()
        assert var_0 == 0
        none_type_0 = None
        linked_node_0 = module_0.LinkedNode(linked_list_0)
        assert len(linked_node_0.value) == 0
        var_1 = linked_node_0.checkInfinite()
        assert var_1 is False
        linked_node_1 = module_0.LinkedNode(none_type_0, linked_node_0)
        int_0 = 697
        str_0 = ''
        list_0 = [int_0, none_type_0, str_0, str_0, linked_node_0]
        linked_list_1 = module_0.LinkedList(*list_0)
        assert len(linked_list_1) == 5
&gt;       var_2 = linked_node_1.checkInfinite()

DYNAMOSA/test_linkedList2_DYNAMOSA.py:152: 
_ _ _ _ _ _ _ _ _ _ _ _ _ _ _ _ _ _ _ _ _ _ _ _ _ _ _ _ _ _ _ _ _ _ _ _ _ _ _ _ 

self = &lt;linkedList2.LinkedNode object at 0x7f443040ab30&gt;

    def checkInfinite(self):
        """Check whether infinite loop via next."""
        p1 = p2 = self
        while p1 != None and p2 != None:
            if p2.next == None: return False
    
            p1 = p1.next
            p2 = p2.next.next
    
&gt;           if p1 &lt;= p2: return True
E           TypeError: '&lt;=' not supported between instances of 'LinkedNode' and 'NoneType'

linkedList2.py:21: TypeError
=========================== short test summary info ============================
FAILED DYNAMOSA/test_linkedList2_DYNAMOSA.py::test_case_13 - TypeError: '&lt;=' ...
FAILED DYNAMOSA/test_linkedList2_DYNAMOSA.py::test_case_14 - TypeError: '&lt;=' ...
========================= 2 failed, 13 passed in 0.08s =========================
</pre></div></div></div></div></div><div class="mb-1" id="job_list___sub_accordion_6"><div class="card"><a data-toggle="collapse" data-target="#job_list___sub_collapse_6_1" aria-expanded="false" aria-controls="job_list___sub_collapse_6_1" href="#" class="job_list___sub_multi_heading"><div role="alert" class="card-header alert-success" id="job_list___sub_heading_6_1"><button class="btn btn-outline-success"><span class="job_id">6 : Job ID 05a01435dd3e447f995fbac2ad3aa337</span></button></div></a><div aria-labelledby="job_list___sub_heading_6_1" data-parent="#job_list___sub_accordion_6" class="collapse job_list___sub_multi_collapse" id="job_list___sub_collapse_6_1"><div class="card-body"><div class="work-item"><div class="alert alert-success test-outcome" role="alert"><p>worker outcome: normal</p><p>test outcome: killed</p></div></div><pre class="location"><a href="pycharm://open?file=linkedList2.py&amp;line=48" class="text-secondary"><button class="btn btn-outline-dark">linkedList2.py, start pos: (48, 23), end pos: (48, 25)</button></a></pre><pre>operator: core/ReplaceComparisonOperator_Eq_LtE, occurrence: 1</pre><div class="alert alert-secondary"><pre class="diff">--- mutation diff ---
--- alinkedList2.py
+++ blinkedList2.py
@@ -45,7 +45,7 @@
         n = self.head
         last = None
         while n != None:
-            if n.value == value:
+            if n.value &lt;= value:
                 if last == None:
                     self.head = self.head.next
                 else:</pre></div><div class="alert alert-secondary"><pre class="diff">============================= test session starts ==============================
platform linux -- Python 3.10.10, pytest-7.2.1, pluggy-1.0.0
rootdir: /home/auri/temp/lucca/python_experiments/linkedList2
collected 15 items

DYNAMOSA/test_linkedList2_DYNAMOSA.py .....F..F..F..F                    [100%]

=================================== FAILURES ===================================
_________________________________ test_case_5 __________________________________

    def test_case_5():
        linked_list_0 = module_0.LinkedList()
        assert len(linked_list_0) == 0
        var_0 = linked_list_0.prepend(linked_list_0)
        assert len(linked_list_0) == 1
&gt;       var_1 = linked_list_0.remove(linked_list_0)

DYNAMOSA/test_linkedList2_DYNAMOSA.py:52: 
_ _ _ _ _ _ _ _ _ _ _ _ _ _ _ _ _ _ _ _ _ _ _ _ _ _ _ _ _ _ _ _ _ _ _ _ _ _ _ _ 

self = &lt;[RecursionError('maximum recursion depth exceeded in comparison') raised in repr()] LinkedList object at 0x7f9afa368d60&gt;
value = &lt;[RecursionError('maximum recursion depth exceeded in comparison') raised in repr()] LinkedList object at 0x7f9afa368d60&gt;

    def remove(self, value):
        """Remove value from list."""
        n = self.head
        last = None
        while n != None:
&gt;           if n.value &lt;= value:
E           TypeError: '&lt;=' not supported between instances of 'LinkedList' and 'LinkedList'

linkedList2.py:48: TypeError
_________________________________ test_case_8 __________________________________

    def test_case_8():
        linked_list_0 = module_0.LinkedList()
        assert len(linked_list_0) == 0
        var_0 = linked_list_0.prepend(linked_list_0)
        assert len(linked_list_0) == 1
&gt;       var_1 = linked_list_0.remove(linked_list_0)

DYNAMOSA/test_linkedList2_DYNAMOSA.py:79: 
_ _ _ _ _ _ _ _ _ _ _ _ _ _ _ _ _ _ _ _ _ _ _ _ _ _ _ _ _ _ _ _ _ _ _ _ _ _ _ _ 

self = &lt;[RecursionError('maximum recursion depth exceeded in comparison') raised in repr()] LinkedList object at 0x7f9afa4ca140&gt;
value = &lt;[RecursionError('maximum recursion depth exceeded in comparison') raised in repr()] LinkedList object at 0x7f9afa4ca140&gt;

    def remove(self, value):
        """Remove value from list."""
        n = self.head
        last = None
        while n != None:
&gt;           if n.value &lt;= value:
E           TypeError: '&lt;=' not supported between instances of 'LinkedList' and 'LinkedList'

linkedList2.py:48: TypeError
_________________________________ test_case_11 _________________________________

    def test_case_11():
        str_0 = 'Rg$'
        linked_list_0 = module_0.LinkedList(*str_0)
        assert len(linked_list_0) == 3
        var_0 = linked_list_0.remove(str_0)
&gt;       assert var_0 is False
E       assert True is False

DYNAMOSA/test_linkedList2_DYNAMOSA.py:106: AssertionError
_________________________________ test_case_14 _________________________________

    def test_case_14():
        linked_list_0 = module_0.LinkedList()
        assert len(linked_list_0) == 0
        var_0 = linked_list_0.__len__()
        assert var_0 == 0
        none_type_0 = None
        linked_node_0 = module_0.LinkedNode(linked_list_0)
        assert len(linked_node_0.value) == 0
        var_1 = linked_node_0.checkInfinite()
        assert var_1 is False
        linked_node_1 = module_0.LinkedNode(none_type_0, linked_node_0)
        int_0 = 697
        str_0 = ''
        list_0 = [int_0, none_type_0, str_0, str_0, linked_node_0]
        linked_list_1 = module_0.LinkedList(*list_0)
        assert len(linked_list_1) == 5
        var_2 = linked_node_1.checkInfinite()
        assert var_2 is False
&gt;       var_3 = linked_list_1.remove(linked_node_0)

DYNAMOSA/test_linkedList2_DYNAMOSA.py:154: 
_ _ _ _ _ _ _ _ _ _ _ _ _ _ _ _ _ _ _ _ _ _ _ _ _ _ _ _ _ _ _ _ _ _ _ _ _ _ _ _ 

self = link:[&lt;linkedList2.LinkedNode object at 0x7f9afa2a99f0&gt;,,,None,697]
value = &lt;linkedList2.LinkedNode object at 0x7f9afa2a99f0&gt;

    def remove(self, value):
        """Remove value from list."""
        n = self.head
        last = None
        while n != None:
&gt;           if n.value &lt;= value:
E           TypeError: '&lt;=' not supported between instances of 'LinkedNode' and 'LinkedNode'

linkedList2.py:48: TypeError
=========================== short test summary info ============================
FAILED DYNAMOSA/test_linkedList2_DYNAMOSA.py::test_case_5 - TypeError: '&lt;=' n...
FAILED DYNAMOSA/test_linkedList2_DYNAMOSA.py::test_case_8 - TypeError: '&lt;=' n...
FAILED DYNAMOSA/test_linkedList2_DYNAMOSA.py::test_case_11 - assert True is F...
FAILED DYNAMOSA/test_linkedList2_DYNAMOSA.py::test_case_14 - TypeError: '&lt;=' ...
========================= 4 failed, 11 passed in 0.09s =========================
</pre></div></div></div></div></div><div class="mb-1" id="job_list___sub_accordion_7"><div class="card"><a data-toggle="collapse" data-target="#job_list___sub_collapse_7_1" aria-expanded="false" aria-controls="job_list___sub_collapse_7_1" href="#" class="job_list___sub_multi_heading"><div role="alert" class="card-header alert-success" id="job_list___sub_heading_7_1"><button class="btn btn-outline-success"><span class="job_id">7 : Job ID 85147db7f69541619ed41bba6995488e</span></button></div></a><div aria-labelledby="job_list___sub_heading_7_1" data-parent="#job_list___sub_accordion_7" class="collapse job_list___sub_multi_collapse" id="job_list___sub_collapse_7_1"><div class="card-body"><div class="work-item"><div class="alert alert-success test-outcome" role="alert"><p>worker outcome: normal</p><p>test outcome: killed</p></div></div><pre class="location"><a href="pycharm://open?file=linkedList2.py&amp;line=21" class="text-secondary"><button class="btn btn-outline-dark">linkedList2.py, start pos: (21, 18), end pos: (21, 20)</button></a></pre><pre>operator: core/ReplaceComparisonOperator_Eq_Gt, occurrence: 0</pre><div class="alert alert-secondary"><pre class="diff">--- mutation diff ---
--- alinkedList2.py
+++ blinkedList2.py
@@ -18,7 +18,7 @@
             p1 = p1.next
             p2 = p2.next.next
             
-            if p1 == p2: return True
+            if p1 &gt; p2: return True
         return False
 
 class LinkedList:</pre></div><div class="alert alert-secondary"><pre class="diff">============================= test session starts ==============================
platform linux -- Python 3.10.10, pytest-7.2.1, pluggy-1.0.0
rootdir: /home/auri/temp/lucca/python_experiments/linkedList2
collected 15 items

DYNAMOSA/test_linkedList2_DYNAMOSA.py .............FF                    [100%]

=================================== FAILURES ===================================
_________________________________ test_case_13 _________________________________

    def test_case_13():
        linked_list_0 = module_0.LinkedList()
        assert len(linked_list_0) == 0
        linked_node_0 = module_0.LinkedNode(linked_list_0)
        assert len(linked_node_0.value) == 0
        linked_node_1 = module_0.LinkedNode(linked_node_0, linked_node_0)
&gt;       var_0 = linked_node_1.checkInfinite()

DYNAMOSA/test_linkedList2_DYNAMOSA.py:133: 
_ _ _ _ _ _ _ _ _ _ _ _ _ _ _ _ _ _ _ _ _ _ _ _ _ _ _ _ _ _ _ _ _ _ _ _ _ _ _ _ 

self = &lt;linkedList2.LinkedNode object at 0x7f2ab04fc4f0&gt;

    def checkInfinite(self):
        """Check whether infinite loop via next."""
        p1 = p2 = self
        while p1 != None and p2 != None:
            if p2.next == None: return False
    
            p1 = p1.next
            p2 = p2.next.next
    
&gt;           if p1 &gt; p2: return True
E           TypeError: '&gt;' not supported between instances of 'LinkedNode' and 'NoneType'

linkedList2.py:21: TypeError
_________________________________ test_case_14 _________________________________

    def test_case_14():
        linked_list_0 = module_0.LinkedList()
        assert len(linked_list_0) == 0
        var_0 = linked_list_0.__len__()
        assert var_0 == 0
        none_type_0 = None
        linked_node_0 = module_0.LinkedNode(linked_list_0)
        assert len(linked_node_0.value) == 0
        var_1 = linked_node_0.checkInfinite()
        assert var_1 is False
        linked_node_1 = module_0.LinkedNode(none_type_0, linked_node_0)
        int_0 = 697
        str_0 = ''
        list_0 = [int_0, none_type_0, str_0, str_0, linked_node_0]
        linked_list_1 = module_0.LinkedList(*list_0)
        assert len(linked_list_1) == 5
&gt;       var_2 = linked_node_1.checkInfinite()

DYNAMOSA/test_linkedList2_DYNAMOSA.py:152: 
_ _ _ _ _ _ _ _ _ _ _ _ _ _ _ _ _ _ _ _ _ _ _ _ _ _ _ _ _ _ _ _ _ _ _ _ _ _ _ _ 

self = &lt;linkedList2.LinkedNode object at 0x7f2ab065ab00&gt;

    def checkInfinite(self):
        """Check whether infinite loop via next."""
        p1 = p2 = self
        while p1 != None and p2 != None:
            if p2.next == None: return False
    
            p1 = p1.next
            p2 = p2.next.next
    
&gt;           if p1 &gt; p2: return True
E           TypeError: '&gt;' not supported between instances of 'LinkedNode' and 'NoneType'

linkedList2.py:21: TypeError
=========================== short test summary info ============================
FAILED DYNAMOSA/test_linkedList2_DYNAMOSA.py::test_case_13 - TypeError: '&gt;' n...
FAILED DYNAMOSA/test_linkedList2_DYNAMOSA.py::test_case_14 - TypeError: '&gt;' n...
========================= 2 failed, 13 passed in 0.08s =========================
</pre></div></div></div></div></div><div class="mb-1" id="job_list___sub_accordion_8"><div class="card"><a data-toggle="collapse" data-target="#job_list___sub_collapse_8_1" aria-expanded="false" aria-controls="job_list___sub_collapse_8_1" href="#" class="job_list___sub_multi_heading"><div role="alert" class="card-header alert-success" id="job_list___sub_heading_8_1"><button class="btn btn-outline-success"><span class="job_id">8 : Job ID 7933f55eb4da486a8b69edaf71cd6183</span></button></div></a><div aria-labelledby="job_list___sub_heading_8_1" data-parent="#job_list___sub_accordion_8" class="collapse job_list___sub_multi_collapse" id="job_list___sub_collapse_8_1"><div class="card-body"><div class="work-item"><div class="alert alert-success test-outcome" role="alert"><p>worker outcome: normal</p><p>test outcome: killed</p></div></div><pre class="location"><a href="pycharm://open?file=linkedList2.py&amp;line=48" class="text-secondary"><button class="btn btn-outline-dark">linkedList2.py, start pos: (48, 23), end pos: (48, 25)</button></a></pre><pre>operator: core/ReplaceComparisonOperator_Eq_Gt, occurrence: 1</pre><div class="alert alert-secondary"><pre class="diff">--- mutation diff ---
--- alinkedList2.py
+++ blinkedList2.py
@@ -45,7 +45,7 @@
         n = self.head
         last = None
         while n != None:
-            if n.value == value:
+            if n.value &gt; value:
                 if last == None:
                     self.head = self.head.next
                 else:</pre></div><div class="alert alert-secondary"><pre class="diff">============================= test session starts ==============================
platform linux -- Python 3.10.10, pytest-7.2.1, pluggy-1.0.0
rootdir: /home/auri/temp/lucca/python_experiments/linkedList2
collected 15 items

DYNAMOSA/test_linkedList2_DYNAMOSA.py .....F..F..F..F                    [100%]

=================================== FAILURES ===================================
_________________________________ test_case_5 __________________________________

    def test_case_5():
        linked_list_0 = module_0.LinkedList()
        assert len(linked_list_0) == 0
        var_0 = linked_list_0.prepend(linked_list_0)
        assert len(linked_list_0) == 1
&gt;       var_1 = linked_list_0.remove(linked_list_0)

DYNAMOSA/test_linkedList2_DYNAMOSA.py:52: 
_ _ _ _ _ _ _ _ _ _ _ _ _ _ _ _ _ _ _ _ _ _ _ _ _ _ _ _ _ _ _ _ _ _ _ _ _ _ _ _ 

self = &lt;[RecursionError('maximum recursion depth exceeded in comparison') raised in repr()] LinkedList object at 0x7fd4a06c0d60&gt;
value = &lt;[RecursionError('maximum recursion depth exceeded in comparison') raised in repr()] LinkedList object at 0x7fd4a06c0d60&gt;

    def remove(self, value):
        """Remove value from list."""
        n = self.head
        last = None
        while n != None:
&gt;           if n.value &gt; value:
E           TypeError: '&gt;' not supported between instances of 'LinkedList' and 'LinkedList'

linkedList2.py:48: TypeError
_________________________________ test_case_8 __________________________________

    def test_case_8():
        linked_list_0 = module_0.LinkedList()
        assert len(linked_list_0) == 0
        var_0 = linked_list_0.prepend(linked_list_0)
        assert len(linked_list_0) == 1
&gt;       var_1 = linked_list_0.remove(linked_list_0)

DYNAMOSA/test_linkedList2_DYNAMOSA.py:79: 
_ _ _ _ _ _ _ _ _ _ _ _ _ _ _ _ _ _ _ _ _ _ _ _ _ _ _ _ _ _ _ _ _ _ _ _ _ _ _ _ 

self = &lt;[RecursionError('maximum recursion depth exceeded in comparison') raised in repr()] LinkedList object at 0x7fd4a081e0e0&gt;
value = &lt;[RecursionError('maximum recursion depth exceeded in comparison') raised in repr()] LinkedList object at 0x7fd4a081e0e0&gt;

    def remove(self, value):
        """Remove value from list."""
        n = self.head
        last = None
        while n != None:
&gt;           if n.value &gt; value:
E           TypeError: '&gt;' not supported between instances of 'LinkedList' and 'LinkedList'

linkedList2.py:48: TypeError
_________________________________ test_case_11 _________________________________

    def test_case_11():
        str_0 = 'Rg$'
        linked_list_0 = module_0.LinkedList(*str_0)
        assert len(linked_list_0) == 3
        var_0 = linked_list_0.remove(str_0)
&gt;       assert var_0 is False
E       assert True is False

DYNAMOSA/test_linkedList2_DYNAMOSA.py:106: AssertionError
_________________________________ test_case_14 _________________________________

    def test_case_14():
        linked_list_0 = module_0.LinkedList()
        assert len(linked_list_0) == 0
        var_0 = linked_list_0.__len__()
        assert var_0 == 0
        none_type_0 = None
        linked_node_0 = module_0.LinkedNode(linked_list_0)
        assert len(linked_node_0.value) == 0
        var_1 = linked_node_0.checkInfinite()
        assert var_1 is False
        linked_node_1 = module_0.LinkedNode(none_type_0, linked_node_0)
        int_0 = 697
        str_0 = ''
        list_0 = [int_0, none_type_0, str_0, str_0, linked_node_0]
        linked_list_1 = module_0.LinkedList(*list_0)
        assert len(linked_list_1) == 5
        var_2 = linked_node_1.checkInfinite()
        assert var_2 is False
&gt;       var_3 = linked_list_1.remove(linked_node_0)

DYNAMOSA/test_linkedList2_DYNAMOSA.py:154: 
_ _ _ _ _ _ _ _ _ _ _ _ _ _ _ _ _ _ _ _ _ _ _ _ _ _ _ _ _ _ _ _ _ _ _ _ _ _ _ _ 

self = link:[&lt;linkedList2.LinkedNode object at 0x7fd4a0409b70&gt;,,,None,697]
value = &lt;linkedList2.LinkedNode object at 0x7fd4a0409b70&gt;

    def remove(self, value):
        """Remove value from list."""
        n = self.head
        last = None
        while n != None:
&gt;           if n.value &gt; value:
E           TypeError: '&gt;' not supported between instances of 'LinkedNode' and 'LinkedNode'

linkedList2.py:48: TypeError
=========================== short test summary info ============================
FAILED DYNAMOSA/test_linkedList2_DYNAMOSA.py::test_case_5 - TypeError: '&gt;' no...
FAILED DYNAMOSA/test_linkedList2_DYNAMOSA.py::test_case_8 - TypeError: '&gt;' no...
FAILED DYNAMOSA/test_linkedList2_DYNAMOSA.py::test_case_11 - assert True is F...
FAILED DYNAMOSA/test_linkedList2_DYNAMOSA.py::test_case_14 - TypeError: '&gt;' n...
========================= 4 failed, 11 passed in 0.09s =========================
</pre></div></div></div></div></div><div class="mb-1" id="job_list___sub_accordion_9"><div class="card"><a data-toggle="collapse" data-target="#job_list___sub_collapse_9_1" aria-expanded="false" aria-controls="job_list___sub_collapse_9_1" href="#" class="job_list___sub_multi_heading"><div role="alert" class="card-header alert-success" id="job_list___sub_heading_9_1"><button class="btn btn-outline-success"><span class="job_id">9 : Job ID 60ada021608a4f4c9b8d49eb41c75b8c</span></button></div></a><div aria-labelledby="job_list___sub_heading_9_1" data-parent="#job_list___sub_accordion_9" class="collapse job_list___sub_multi_collapse" id="job_list___sub_collapse_9_1"><div class="card-body"><div class="work-item"><div class="alert alert-success test-outcome" role="alert"><p>worker outcome: normal</p><p>test outcome: killed</p></div></div><pre class="location"><a href="pycharm://open?file=linkedList2.py&amp;line=21" class="text-secondary"><button class="btn btn-outline-dark">linkedList2.py, start pos: (21, 18), end pos: (21, 20)</button></a></pre><pre>operator: core/ReplaceComparisonOperator_Eq_GtE, occurrence: 0</pre><div class="alert alert-secondary"><pre class="diff">--- mutation diff ---
--- alinkedList2.py
+++ blinkedList2.py
@@ -18,7 +18,7 @@
             p1 = p1.next
             p2 = p2.next.next
             
-            if p1 == p2: return True
+            if p1 &gt;= p2: return True
         return False
 
 class LinkedList:</pre></div><div class="alert alert-secondary"><pre class="diff">============================= test session starts ==============================
platform linux -- Python 3.10.10, pytest-7.2.1, pluggy-1.0.0
rootdir: /home/auri/temp/lucca/python_experiments/linkedList2
collected 15 items

DYNAMOSA/test_linkedList2_DYNAMOSA.py .............FF                    [100%]

=================================== FAILURES ===================================
_________________________________ test_case_13 _________________________________

    def test_case_13():
        linked_list_0 = module_0.LinkedList()
        assert len(linked_list_0) == 0
        linked_node_0 = module_0.LinkedNode(linked_list_0)
        assert len(linked_node_0.value) == 0
        linked_node_1 = module_0.LinkedNode(linked_node_0, linked_node_0)
&gt;       var_0 = linked_node_1.checkInfinite()

DYNAMOSA/test_linkedList2_DYNAMOSA.py:133: 
_ _ _ _ _ _ _ _ _ _ _ _ _ _ _ _ _ _ _ _ _ _ _ _ _ _ _ _ _ _ _ _ _ _ _ _ _ _ _ _ 

self = &lt;linkedList2.LinkedNode object at 0x7ffb0cd68550&gt;

    def checkInfinite(self):
        """Check whether infinite loop via next."""
        p1 = p2 = self
        while p1 != None and p2 != None:
            if p2.next == None: return False
    
            p1 = p1.next
            p2 = p2.next.next
    
&gt;           if p1 &gt;= p2: return True
E           TypeError: '&gt;=' not supported between instances of 'LinkedNode' and 'NoneType'

linkedList2.py:21: TypeError
_________________________________ test_case_14 _________________________________

    def test_case_14():
        linked_list_0 = module_0.LinkedList()
        assert len(linked_list_0) == 0
        var_0 = linked_list_0.__len__()
        assert var_0 == 0
        none_type_0 = None
        linked_node_0 = module_0.LinkedNode(linked_list_0)
        assert len(linked_node_0.value) == 0
        var_1 = linked_node_0.checkInfinite()
        assert var_1 is False
        linked_node_1 = module_0.LinkedNode(none_type_0, linked_node_0)
        int_0 = 697
        str_0 = ''
        list_0 = [int_0, none_type_0, str_0, str_0, linked_node_0]
        linked_list_1 = module_0.LinkedList(*list_0)
        assert len(linked_list_1) == 5
&gt;       var_2 = linked_node_1.checkInfinite()

DYNAMOSA/test_linkedList2_DYNAMOSA.py:152: 
_ _ _ _ _ _ _ _ _ _ _ _ _ _ _ _ _ _ _ _ _ _ _ _ _ _ _ _ _ _ _ _ _ _ _ _ _ _ _ _ 

self = &lt;linkedList2.LinkedNode object at 0x7ffb0cec6b30&gt;

    def checkInfinite(self):
        """Check whether infinite loop via next."""
        p1 = p2 = self
        while p1 != None and p2 != None:
            if p2.next == None: return False
    
            p1 = p1.next
            p2 = p2.next.next
    
&gt;           if p1 &gt;= p2: return True
E           TypeError: '&gt;=' not supported between instances of 'LinkedNode' and 'NoneType'

linkedList2.py:21: TypeError
=========================== short test summary info ============================
FAILED DYNAMOSA/test_linkedList2_DYNAMOSA.py::test_case_13 - TypeError: '&gt;=' ...
FAILED DYNAMOSA/test_linkedList2_DYNAMOSA.py::test_case_14 - TypeError: '&gt;=' ...
========================= 2 failed, 13 passed in 0.08s =========================
</pre></div></div></div></div></div><div class="mb-1" id="job_list___sub_accordion_10"><div class="card"><a data-toggle="collapse" data-target="#job_list___sub_collapse_10_1" aria-expanded="false" aria-controls="job_list___sub_collapse_10_1" href="#" class="job_list___sub_multi_heading"><div role="alert" class="card-header alert-success" id="job_list___sub_heading_10_1"><button class="btn btn-outline-success"><span class="job_id">10 : Job ID fa77976dcffb41c0a1ca699cbc300615</span></button></div></a><div aria-labelledby="job_list___sub_heading_10_1" data-parent="#job_list___sub_accordion_10" class="collapse job_list___sub_multi_collapse" id="job_list___sub_collapse_10_1"><div class="card-body"><div class="work-item"><div class="alert alert-success test-outcome" role="alert"><p>worker outcome: normal</p><p>test outcome: killed</p></div></div><pre class="location"><a href="pycharm://open?file=linkedList2.py&amp;line=48" class="text-secondary"><button class="btn btn-outline-dark">linkedList2.py, start pos: (48, 23), end pos: (48, 25)</button></a></pre><pre>operator: core/ReplaceComparisonOperator_Eq_GtE, occurrence: 1</pre><div class="alert alert-secondary"><pre class="diff">--- mutation diff ---
--- alinkedList2.py
+++ blinkedList2.py
@@ -45,7 +45,7 @@
         n = self.head
         last = None
         while n != None:
-            if n.value == value:
+            if n.value &gt;= value:
                 if last == None:
                     self.head = self.head.next
                 else:</pre></div><div class="alert alert-secondary"><pre class="diff">============================= test session starts ==============================
platform linux -- Python 3.10.10, pytest-7.2.1, pluggy-1.0.0
rootdir: /home/auri/temp/lucca/python_experiments/linkedList2
collected 15 items

DYNAMOSA/test_linkedList2_DYNAMOSA.py .....F..F..F..F                    [100%]

=================================== FAILURES ===================================
_________________________________ test_case_5 __________________________________

    def test_case_5():
        linked_list_0 = module_0.LinkedList()
        assert len(linked_list_0) == 0
        var_0 = linked_list_0.prepend(linked_list_0)
        assert len(linked_list_0) == 1
&gt;       var_1 = linked_list_0.remove(linked_list_0)

DYNAMOSA/test_linkedList2_DYNAMOSA.py:52: 
_ _ _ _ _ _ _ _ _ _ _ _ _ _ _ _ _ _ _ _ _ _ _ _ _ _ _ _ _ _ _ _ _ _ _ _ _ _ _ _ 

self = &lt;[RecursionError('maximum recursion depth exceeded in comparison') raised in repr()] LinkedList object at 0x7f85b5914d90&gt;
value = &lt;[RecursionError('maximum recursion depth exceeded in comparison') raised in repr()] LinkedList object at 0x7f85b5914d90&gt;

    def remove(self, value):
        """Remove value from list."""
        n = self.head
        last = None
        while n != None:
&gt;           if n.value &gt;= value:
E           TypeError: '&gt;=' not supported between instances of 'LinkedList' and 'LinkedList'

linkedList2.py:48: TypeError
_________________________________ test_case_8 __________________________________

    def test_case_8():
        linked_list_0 = module_0.LinkedList()
        assert len(linked_list_0) == 0
        var_0 = linked_list_0.prepend(linked_list_0)
        assert len(linked_list_0) == 1
&gt;       var_1 = linked_list_0.remove(linked_list_0)

DYNAMOSA/test_linkedList2_DYNAMOSA.py:79: 
_ _ _ _ _ _ _ _ _ _ _ _ _ _ _ _ _ _ _ _ _ _ _ _ _ _ _ _ _ _ _ _ _ _ _ _ _ _ _ _ 

self = &lt;[RecursionError('maximum recursion depth exceeded in comparison') raised in repr()] LinkedList object at 0x7f85b5a76140&gt;
value = &lt;[RecursionError('maximum recursion depth exceeded in comparison') raised in repr()] LinkedList object at 0x7f85b5a76140&gt;

    def remove(self, value):
        """Remove value from list."""
        n = self.head
        last = None
        while n != None:
&gt;           if n.value &gt;= value:
E           TypeError: '&gt;=' not supported between instances of 'LinkedList' and 'LinkedList'

linkedList2.py:48: TypeError
_________________________________ test_case_11 _________________________________

    def test_case_11():
        str_0 = 'Rg$'
        linked_list_0 = module_0.LinkedList(*str_0)
        assert len(linked_list_0) == 3
        var_0 = linked_list_0.remove(str_0)
&gt;       assert var_0 is False
E       assert True is False

DYNAMOSA/test_linkedList2_DYNAMOSA.py:106: AssertionError
_________________________________ test_case_14 _________________________________

    def test_case_14():
        linked_list_0 = module_0.LinkedList()
        assert len(linked_list_0) == 0
        var_0 = linked_list_0.__len__()
        assert var_0 == 0
        none_type_0 = None
        linked_node_0 = module_0.LinkedNode(linked_list_0)
        assert len(linked_node_0.value) == 0
        var_1 = linked_node_0.checkInfinite()
        assert var_1 is False
        linked_node_1 = module_0.LinkedNode(none_type_0, linked_node_0)
        int_0 = 697
        str_0 = ''
        list_0 = [int_0, none_type_0, str_0, str_0, linked_node_0]
        linked_list_1 = module_0.LinkedList(*list_0)
        assert len(linked_list_1) == 5
        var_2 = linked_node_1.checkInfinite()
        assert var_2 is False
&gt;       var_3 = linked_list_1.remove(linked_node_0)

DYNAMOSA/test_linkedList2_DYNAMOSA.py:154: 
_ _ _ _ _ _ _ _ _ _ _ _ _ _ _ _ _ _ _ _ _ _ _ _ _ _ _ _ _ _ _ _ _ _ _ _ _ _ _ _ 

self = link:[&lt;linkedList2.LinkedNode object at 0x7f85b5855b10&gt;,,,None,697]
value = &lt;linkedList2.LinkedNode object at 0x7f85b5855b10&gt;

    def remove(self, value):
        """Remove value from list."""
        n = self.head
        last = None
        while n != None:
&gt;           if n.value &gt;= value:
E           TypeError: '&gt;=' not supported between instances of 'LinkedNode' and 'LinkedNode'

linkedList2.py:48: TypeError
=========================== short test summary info ============================
FAILED DYNAMOSA/test_linkedList2_DYNAMOSA.py::test_case_5 - TypeError: '&gt;=' n...
FAILED DYNAMOSA/test_linkedList2_DYNAMOSA.py::test_case_8 - TypeError: '&gt;=' n...
FAILED DYNAMOSA/test_linkedList2_DYNAMOSA.py::test_case_11 - assert True is F...
FAILED DYNAMOSA/test_linkedList2_DYNAMOSA.py::test_case_14 - TypeError: '&gt;=' ...
========================= 4 failed, 11 passed in 0.09s =========================
</pre></div></div></div></div></div><div class="mb-1" id="job_list___sub_accordion_11"><div class="card"><a data-toggle="collapse" data-target="#job_list___sub_collapse_11_1" aria-expanded="false" aria-controls="job_list___sub_collapse_11_1" href="#" class="job_list___sub_multi_heading"><div role="alert" class="card-header alert-danger" id="job_list___sub_heading_11_1"><button class="btn btn-outline-danger"><span class="job_id">11 : Job ID efef0a19eda34f0f924f01d173ea0540</span></button></div></a><div aria-labelledby="job_list___sub_heading_11_1" data-parent="#job_list___sub_accordion_11" class="collapse job_list___sub_multi_collapse" id="job_list___sub_collapse_11_1"><div class="card-body"><div class="work-item"><div class="alert alert-danger test-outcome" role="alert"><p>SURVIVED</p><p>worker outcome: normal</p><p>test outcome: survived</p></div></div><pre class="location"><a href="pycharm://open?file=linkedList2.py&amp;line=21" class="text-secondary"><button class="btn btn-outline-dark">linkedList2.py, start pos: (21, 18), end pos: (21, 20)</button></a></pre><pre>operator: core/ReplaceComparisonOperator_Eq_Is, occurrence: 0</pre><div class="alert alert-secondary"><pre class="diff">--- mutation diff ---
--- alinkedList2.py
+++ blinkedList2.py
@@ -18,7 +18,7 @@
             p1 = p1.next
             p2 = p2.next.next
             
-            if p1 == p2: return True
+            if p1 is p2: return True
         return False
 
 class LinkedList:</pre></div><div class="alert alert-secondary"><pre class="diff">============================= test session starts ==============================
platform linux -- Python 3.10.10, pytest-7.2.1, pluggy-1.0.0
rootdir: /home/auri/temp/lucca/python_experiments/linkedList2
collected 15 items

DYNAMOSA/test_linkedList2_DYNAMOSA.py ...............                    [100%]

============================== 15 passed in 0.05s ==============================
</pre></div></div></div></div></div><div class="mb-1" id="job_list___sub_accordion_12"><div class="card"><a data-toggle="collapse" data-target="#job_list___sub_collapse_12_1" aria-expanded="false" aria-controls="job_list___sub_collapse_12_1" href="#" class="job_list___sub_multi_heading"><div role="alert" class="card-header alert-danger" id="job_list___sub_heading_12_1"><button class="btn btn-outline-danger"><span class="job_id">12 : Job ID 4ce2b0937de346c3ae04583aa4fe11aa</span></button></div></a><div aria-labelledby="job_list___sub_heading_12_1" data-parent="#job_list___sub_accordion_12" class="collapse job_list___sub_multi_collapse" id="job_list___sub_collapse_12_1"><div class="card-body"><div class="work-item"><div class="alert alert-danger test-outcome" role="alert"><p>SURVIVED</p><p>worker outcome: normal</p><p>test outcome: survived</p></div></div><pre class="location"><a href="pycharm://open?file=linkedList2.py&amp;line=48" class="text-secondary"><button class="btn btn-outline-dark">linkedList2.py, start pos: (48, 23), end pos: (48, 25)</button></a></pre><pre>operator: core/ReplaceComparisonOperator_Eq_Is, occurrence: 1</pre><div class="alert alert-secondary"><pre class="diff">--- mutation diff ---
--- alinkedList2.py
+++ blinkedList2.py
@@ -45,7 +45,7 @@
         n = self.head
         last = None
         while n != None:
-            if n.value == value:
+            if n.value is value:
                 if last == None:
                     self.head = self.head.next
                 else:</pre></div><div class="alert alert-secondary"><pre class="diff">============================= test session starts ==============================
platform linux -- Python 3.10.10, pytest-7.2.1, pluggy-1.0.0
rootdir: /home/auri/temp/lucca/python_experiments/linkedList2
collected 15 items

DYNAMOSA/test_linkedList2_DYNAMOSA.py ...............                    [100%]

============================== 15 passed in 0.05s ==============================
</pre></div></div></div></div></div><div class="mb-1" id="job_list___sub_accordion_13"><div class="card"><a data-toggle="collapse" data-target="#job_list___sub_collapse_13_1" aria-expanded="false" aria-controls="job_list___sub_collapse_13_1" href="#" class="job_list___sub_multi_heading"><div role="alert" class="card-header alert-success" id="job_list___sub_heading_13_1"><button class="btn btn-outline-success"><span class="job_id">13 : Job ID edeff690d31a47acac14dfcf2894aafe</span></button></div></a><div aria-labelledby="job_list___sub_heading_13_1" data-parent="#job_list___sub_accordion_13" class="collapse job_list___sub_multi_collapse" id="job_list___sub_collapse_13_1"><div class="card-body"><div class="work-item"><div class="alert alert-success test-outcome" role="alert"><p>worker outcome: normal</p><p>test outcome: killed</p></div></div><pre class="location"><a href="pycharm://open?file=linkedList2.py&amp;line=16" class="text-secondary"><button class="btn btn-outline-dark">linkedList2.py, start pos: (16, 23), end pos: (16, 25)</button></a></pre><pre>operator: core/ReplaceComparisonOperator_Eq_IsNot, occurrence: 0</pre><div class="alert alert-secondary"><pre class="diff">--- mutation diff ---
--- alinkedList2.py
+++ blinkedList2.py
@@ -13,7 +13,7 @@
         """Check whether infinite loop via next."""
         p1 = p2 = self
         while p1 != None and p2 != None:
-            if p2.next == None: return False
+            if p2.next is not None: return False
 
             p1 = p1.next
             p2 = p2.next.next</pre></div><div class="alert alert-secondary"><pre class="diff">============================= test session starts ==============================
platform linux -- Python 3.10.10, pytest-7.2.1, pluggy-1.0.0
rootdir: /home/auri/temp/lucca/python_experiments/linkedList2
collected 15 items

DYNAMOSA/test_linkedList2_DYNAMOSA.py F.............F                    [100%]

=================================== FAILURES ===================================
_________________________________ test_case_0 __________________________________

    def test_case_0():
        bool_0 = True
        linked_node_0 = module_0.LinkedNode(bool_0)
&gt;       var_0 = linked_node_0.checkInfinite()

DYNAMOSA/test_linkedList2_DYNAMOSA.py:8: 
_ _ _ _ _ _ _ _ _ _ _ _ _ _ _ _ _ _ _ _ _ _ _ _ _ _ _ _ _ _ _ _ _ _ _ _ _ _ _ _ 

self = &lt;linkedList2.LinkedNode object at 0x7fb7cc1b0f70&gt;

    def checkInfinite(self):
        """Check whether infinite loop via next."""
        p1 = p2 = self
        while p1 != None and p2 != None:
            if p2.next is not None: return False
    
            p1 = p1.next
&gt;           p2 = p2.next.next
E           AttributeError: 'NoneType' object has no attribute 'next'

linkedList2.py:19: AttributeError
_________________________________ test_case_14 _________________________________

    def test_case_14():
        linked_list_0 = module_0.LinkedList()
        assert len(linked_list_0) == 0
        var_0 = linked_list_0.__len__()
        assert var_0 == 0
        none_type_0 = None
        linked_node_0 = module_0.LinkedNode(linked_list_0)
        assert len(linked_node_0.value) == 0
&gt;       var_1 = linked_node_0.checkInfinite()

DYNAMOSA/test_linkedList2_DYNAMOSA.py:144: 
_ _ _ _ _ _ _ _ _ _ _ _ _ _ _ _ _ _ _ _ _ _ _ _ _ _ _ _ _ _ _ _ _ _ _ _ _ _ _ _ 

self = &lt;linkedList2.LinkedNode object at 0x7fb7cc30d990&gt;

    def checkInfinite(self):
        """Check whether infinite loop via next."""
        p1 = p2 = self
        while p1 != None and p2 != None:
            if p2.next is not None: return False
    
            p1 = p1.next
&gt;           p2 = p2.next.next
E           AttributeError: 'NoneType' object has no attribute 'next'

linkedList2.py:19: AttributeError
=========================== short test summary info ============================
FAILED DYNAMOSA/test_linkedList2_DYNAMOSA.py::test_case_0 - AttributeError: '...
FAILED DYNAMOSA/test_linkedList2_DYNAMOSA.py::test_case_14 - AttributeError: ...
========================= 2 failed, 13 passed in 0.08s =========================
</pre></div></div></div></div></div><div class="mb-1" id="job_list___sub_accordion_14"><div class="card"><a data-toggle="collapse" data-target="#job_list___sub_collapse_14_1" aria-expanded="false" aria-controls="job_list___sub_collapse_14_1" href="#" class="job_list___sub_multi_heading"><div role="alert" class="card-header alert-success" id="job_list___sub_heading_14_1"><button class="btn btn-outline-success"><span class="job_id">14 : Job ID 51294f6526994ce6b04b71f46eb64cbb</span></button></div></a><div aria-labelledby="job_list___sub_heading_14_1" data-parent="#job_list___sub_accordion_14" class="collapse job_list___sub_multi_collapse" id="job_list___sub_collapse_14_1"><div class="card-body"><div class="work-item"><div class="alert alert-success test-outcome" role="alert"><p>worker outcome: normal</p><p>test outcome: killed</p></div></div><pre class="location"><a href="pycharm://open?file=linkedList2.py&amp;line=21" class="text-secondary"><button class="btn btn-outline-dark">linkedList2.py, start pos: (21, 18), end pos: (21, 20)</button></a></pre><pre>operator: core/ReplaceComparisonOperator_Eq_IsNot, occurrence: 1</pre><div class="alert alert-secondary"><pre class="diff">--- mutation diff ---
--- alinkedList2.py
+++ blinkedList2.py
@@ -18,7 +18,7 @@
             p1 = p1.next
             p2 = p2.next.next
             
-            if p1 == p2: return True
+            if p1 is not p2: return True
         return False
 
 class LinkedList:</pre></div><div class="alert alert-secondary"><pre class="diff">============================= test session starts ==============================
platform linux -- Python 3.10.10, pytest-7.2.1, pluggy-1.0.0
rootdir: /home/auri/temp/lucca/python_experiments/linkedList2
collected 15 items

DYNAMOSA/test_linkedList2_DYNAMOSA.py .............FF                    [100%]

=================================== FAILURES ===================================
_________________________________ test_case_13 _________________________________

    def test_case_13():
        linked_list_0 = module_0.LinkedList()
        assert len(linked_list_0) == 0
        linked_node_0 = module_0.LinkedNode(linked_list_0)
        assert len(linked_node_0.value) == 0
        linked_node_1 = module_0.LinkedNode(linked_node_0, linked_node_0)
        var_0 = linked_node_1.checkInfinite()
&gt;       assert var_0 is False
E       assert True is False

DYNAMOSA/test_linkedList2_DYNAMOSA.py:134: AssertionError
_________________________________ test_case_14 _________________________________

    def test_case_14():
        linked_list_0 = module_0.LinkedList()
        assert len(linked_list_0) == 0
        var_0 = linked_list_0.__len__()
        assert var_0 == 0
        none_type_0 = None
        linked_node_0 = module_0.LinkedNode(linked_list_0)
        assert len(linked_node_0.value) == 0
        var_1 = linked_node_0.checkInfinite()
        assert var_1 is False
        linked_node_1 = module_0.LinkedNode(none_type_0, linked_node_0)
        int_0 = 697
        str_0 = ''
        list_0 = [int_0, none_type_0, str_0, str_0, linked_node_0]
        linked_list_1 = module_0.LinkedList(*list_0)
        assert len(linked_list_1) == 5
        var_2 = linked_node_1.checkInfinite()
&gt;       assert var_2 is False
E       assert True is False

DYNAMOSA/test_linkedList2_DYNAMOSA.py:153: AssertionError
=========================== short test summary info ============================
FAILED DYNAMOSA/test_linkedList2_DYNAMOSA.py::test_case_13 - assert True is F...
FAILED DYNAMOSA/test_linkedList2_DYNAMOSA.py::test_case_14 - assert True is F...
========================= 2 failed, 13 passed in 0.08s =========================
</pre></div></div></div></div></div><div class="mb-1" id="job_list___sub_accordion_15"><div class="card"><a data-toggle="collapse" data-target="#job_list___sub_collapse_15_1" aria-expanded="false" aria-controls="job_list___sub_collapse_15_1" href="#" class="job_list___sub_multi_heading"><div role="alert" class="card-header alert-success" id="job_list___sub_heading_15_1"><button class="btn btn-outline-success"><span class="job_id">15 : Job ID 64cad86626e6471ea4c36543156139c8</span></button></div></a><div aria-labelledby="job_list___sub_heading_15_1" data-parent="#job_list___sub_accordion_15" class="collapse job_list___sub_multi_collapse" id="job_list___sub_collapse_15_1"><div class="card-body"><div class="work-item"><div class="alert alert-success test-outcome" role="alert"><p>worker outcome: normal</p><p>test outcome: killed</p></div></div><pre class="location"><a href="pycharm://open?file=linkedList2.py&amp;line=48" class="text-secondary"><button class="btn btn-outline-dark">linkedList2.py, start pos: (48, 23), end pos: (48, 25)</button></a></pre><pre>operator: core/ReplaceComparisonOperator_Eq_IsNot, occurrence: 2</pre><div class="alert alert-secondary"><pre class="diff">--- mutation diff ---
--- alinkedList2.py
+++ blinkedList2.py
@@ -45,7 +45,7 @@
         n = self.head
         last = None
         while n != None:
-            if n.value == value:
+            if n.value is not value:
                 if last == None:
                     self.head = self.head.next
                 else:</pre></div><div class="alert alert-secondary"><pre class="diff">============================= test session starts ==============================
platform linux -- Python 3.10.10, pytest-7.2.1, pluggy-1.0.0
rootdir: /home/auri/temp/lucca/python_experiments/linkedList2
collected 15 items

DYNAMOSA/test_linkedList2_DYNAMOSA.py .....F..F..F...                    [100%]

=================================== FAILURES ===================================
_________________________________ test_case_5 __________________________________

    def test_case_5():
        linked_list_0 = module_0.LinkedList()
        assert len(linked_list_0) == 0
        var_0 = linked_list_0.prepend(linked_list_0)
        assert len(linked_list_0) == 1
        var_1 = linked_list_0.remove(linked_list_0)
&gt;       assert var_1 is True
E       assert False is True

DYNAMOSA/test_linkedList2_DYNAMOSA.py:53: AssertionError
_________________________________ test_case_8 __________________________________

    def test_case_8():
        linked_list_0 = module_0.LinkedList()
        assert len(linked_list_0) == 0
        var_0 = linked_list_0.prepend(linked_list_0)
        assert len(linked_list_0) == 1
        var_1 = linked_list_0.remove(linked_list_0)
&gt;       assert var_1 is True
E       assert False is True

DYNAMOSA/test_linkedList2_DYNAMOSA.py:80: AssertionError
_________________________________ test_case_11 _________________________________

    def test_case_11():
        str_0 = 'Rg$'
        linked_list_0 = module_0.LinkedList(*str_0)
        assert len(linked_list_0) == 3
        var_0 = linked_list_0.remove(str_0)
&gt;       assert var_0 is False
E       assert True is False

DYNAMOSA/test_linkedList2_DYNAMOSA.py:106: AssertionError
=========================== short test summary info ============================
FAILED DYNAMOSA/test_linkedList2_DYNAMOSA.py::test_case_5 - assert False is True
FAILED DYNAMOSA/test_linkedList2_DYNAMOSA.py::test_case_8 - assert False is True
FAILED DYNAMOSA/test_linkedList2_DYNAMOSA.py::test_case_11 - assert True is F...
========================= 3 failed, 12 passed in 0.08s =========================
</pre></div></div></div></div></div><div class="mb-1" id="job_list___sub_accordion_16"><div class="card"><a data-toggle="collapse" data-target="#job_list___sub_collapse_16_1" aria-expanded="false" aria-controls="job_list___sub_collapse_16_1" href="#" class="job_list___sub_multi_heading"><div role="alert" class="card-header alert-success" id="job_list___sub_heading_16_1"><button class="btn btn-outline-success"><span class="job_id">16 : Job ID 3a3ddfa30d824813a8357c8dca52a0aa</span></button></div></a><div aria-labelledby="job_list___sub_heading_16_1" data-parent="#job_list___sub_accordion_16" class="collapse job_list___sub_multi_collapse" id="job_list___sub_collapse_16_1"><div class="card-body"><div class="work-item"><div class="alert alert-success test-outcome" role="alert"><p>worker outcome: normal</p><p>test outcome: killed</p></div></div><pre class="location"><a href="pycharm://open?file=linkedList2.py&amp;line=49" class="text-secondary"><button class="btn btn-outline-dark">linkedList2.py, start pos: (49, 24), end pos: (49, 26)</button></a></pre><pre>operator: core/ReplaceComparisonOperator_Eq_IsNot, occurrence: 3</pre><div class="alert alert-secondary"><pre class="diff">--- mutation diff ---
--- alinkedList2.py
+++ blinkedList2.py
@@ -46,7 +46,7 @@
         last = None
         while n != None:
             if n.value == value:
-                if last == None:
+                if last is not None:
                     self.head = self.head.next
                 else:
                     last.next = n.next</pre></div><div class="alert alert-secondary"><pre class="diff">============================= test session starts ==============================
platform linux -- Python 3.10.10, pytest-7.2.1, pluggy-1.0.0
rootdir: /home/auri/temp/lucca/python_experiments/linkedList2
collected 15 items

DYNAMOSA/test_linkedList2_DYNAMOSA.py .....F..F.....F                    [100%]

=================================== FAILURES ===================================
_________________________________ test_case_5 __________________________________

    def test_case_5():
        linked_list_0 = module_0.LinkedList()
        assert len(linked_list_0) == 0
        var_0 = linked_list_0.prepend(linked_list_0)
        assert len(linked_list_0) == 1
&gt;       var_1 = linked_list_0.remove(linked_list_0)

DYNAMOSA/test_linkedList2_DYNAMOSA.py:52: 
_ _ _ _ _ _ _ _ _ _ _ _ _ _ _ _ _ _ _ _ _ _ _ _ _ _ _ _ _ _ _ _ _ _ _ _ _ _ _ _ 

self = &lt;[RecursionError('maximum recursion depth exceeded in comparison') raised in repr()] LinkedList object at 0x7f653ba08e20&gt;
value = &lt;[RecursionError('maximum recursion depth exceeded in comparison') raised in repr()] LinkedList object at 0x7f653ba08e20&gt;

    def remove(self, value):
        """Remove value from list."""
        n = self.head
        last = None
        while n != None:
            if n.value == value:
                if last is not None:
                    self.head = self.head.next
                else:
&gt;                   last.next = n.next
E                   AttributeError: 'NoneType' object has no attribute 'next'

linkedList2.py:52: AttributeError
_________________________________ test_case_8 __________________________________

    def test_case_8():
        linked_list_0 = module_0.LinkedList()
        assert len(linked_list_0) == 0
        var_0 = linked_list_0.prepend(linked_list_0)
        assert len(linked_list_0) == 1
&gt;       var_1 = linked_list_0.remove(linked_list_0)

DYNAMOSA/test_linkedList2_DYNAMOSA.py:79: 
_ _ _ _ _ _ _ _ _ _ _ _ _ _ _ _ _ _ _ _ _ _ _ _ _ _ _ _ _ _ _ _ _ _ _ _ _ _ _ _ 

self = &lt;[RecursionError('maximum recursion depth exceeded in comparison') raised in repr()] LinkedList object at 0x7f653bb6a140&gt;
value = &lt;[RecursionError('maximum recursion depth exceeded in comparison') raised in repr()] LinkedList object at 0x7f653bb6a140&gt;

    def remove(self, value):
        """Remove value from list."""
        n = self.head
        last = None
        while n != None:
            if n.value == value:
                if last is not None:
                    self.head = self.head.next
                else:
&gt;                   last.next = n.next
E                   AttributeError: 'NoneType' object has no attribute 'next'

linkedList2.py:52: AttributeError
_________________________________ test_case_14 _________________________________

    def test_case_14():
        linked_list_0 = module_0.LinkedList()
        assert len(linked_list_0) == 0
        var_0 = linked_list_0.__len__()
        assert var_0 == 0
        none_type_0 = None
        linked_node_0 = module_0.LinkedNode(linked_list_0)
        assert len(linked_node_0.value) == 0
        var_1 = linked_node_0.checkInfinite()
        assert var_1 is False
        linked_node_1 = module_0.LinkedNode(none_type_0, linked_node_0)
        int_0 = 697
        str_0 = ''
        list_0 = [int_0, none_type_0, str_0, str_0, linked_node_0]
        linked_list_1 = module_0.LinkedList(*list_0)
        assert len(linked_list_1) == 5
        var_2 = linked_node_1.checkInfinite()
        assert var_2 is False
&gt;       var_3 = linked_list_1.remove(linked_node_0)

DYNAMOSA/test_linkedList2_DYNAMOSA.py:154: 
_ _ _ _ _ _ _ _ _ _ _ _ _ _ _ _ _ _ _ _ _ _ _ _ _ _ _ _ _ _ _ _ _ _ _ _ _ _ _ _ 

self = link:[&lt;linkedList2.LinkedNode object at 0x7f653b9faf80&gt;,,,None,697]
value = &lt;linkedList2.LinkedNode object at 0x7f653b9faf80&gt;

    def remove(self, value):
        """Remove value from list."""
        n = self.head
        last = None
        while n != None:
            if n.value == value:
                if last is not None:
                    self.head = self.head.next
                else:
&gt;                   last.next = n.next
E                   AttributeError: 'NoneType' object has no attribute 'next'

linkedList2.py:52: AttributeError
=========================== short test summary info ============================
FAILED DYNAMOSA/test_linkedList2_DYNAMOSA.py::test_case_5 - AttributeError: '...
FAILED DYNAMOSA/test_linkedList2_DYNAMOSA.py::test_case_8 - AttributeError: '...
FAILED DYNAMOSA/test_linkedList2_DYNAMOSA.py::test_case_14 - AttributeError: ...
========================= 3 failed, 12 passed in 0.08s =========================
</pre></div></div></div></div></div><div class="mb-1" id="job_list___sub_accordion_17"><div class="card"><a data-toggle="collapse" data-target="#job_list___sub_collapse_17_1" aria-expanded="false" aria-controls="job_list___sub_collapse_17_1" href="#" class="job_list___sub_multi_heading"><div role="alert" class="card-header alert-danger" id="job_list___sub_heading_17_1"><button class="btn btn-outline-danger"><span class="job_id">17 : Job ID 65cecf86bb794ea4b42f49695d08cb3e</span></button></div></a><div aria-labelledby="job_list___sub_heading_17_1" data-parent="#job_list___sub_accordion_17" class="collapse job_list___sub_multi_collapse" id="job_list___sub_collapse_17_1"><div class="card-body"><div class="work-item"><div class="alert alert-danger test-outcome" role="alert"><p>SURVIVED</p><p>worker outcome: normal</p><p>test outcome: survived</p></div></div><pre class="location"><a href="pycharm://open?file=linkedList2.py&amp;line=15" class="text-secondary"><button class="btn btn-outline-dark">linkedList2.py, start pos: (15, 17), end pos: (15, 19)</button></a></pre><pre>operator: core/ReplaceComparisonOperator_NotEq_Is, occurrence: 0</pre><div class="alert alert-secondary"><pre class="diff">--- mutation diff ---
--- alinkedList2.py
+++ blinkedList2.py
@@ -12,7 +12,7 @@
     def checkInfinite(self):
         """Check whether infinite loop via next."""
         p1 = p2 = self
-        while p1 != None and p2 != None:
+        while p1 is None and p2 != None:
             if p2.next == None: return False
 
             p1 = p1.next</pre></div><div class="alert alert-secondary"><pre class="diff">============================= test session starts ==============================
platform linux -- Python 3.10.10, pytest-7.2.1, pluggy-1.0.0
rootdir: /home/auri/temp/lucca/python_experiments/linkedList2
collected 15 items

DYNAMOSA/test_linkedList2_DYNAMOSA.py ...............                    [100%]

============================== 15 passed in 0.05s ==============================
</pre></div></div></div></div></div><div class="mb-1" id="job_list___sub_accordion_18"><div class="card"><a data-toggle="collapse" data-target="#job_list___sub_collapse_18_1" aria-expanded="false" aria-controls="job_list___sub_collapse_18_1" href="#" class="job_list___sub_multi_heading"><div role="alert" class="card-header alert-danger" id="job_list___sub_heading_18_1"><button class="btn btn-outline-danger"><span class="job_id">18 : Job ID 6447a3883ebc4163bffb3b86c0687620</span></button></div></a><div aria-labelledby="job_list___sub_heading_18_1" data-parent="#job_list___sub_accordion_18" class="collapse job_list___sub_multi_collapse" id="job_list___sub_collapse_18_1"><div class="card-body"><div class="work-item"><div class="alert alert-danger test-outcome" role="alert"><p>SURVIVED</p><p>worker outcome: normal</p><p>test outcome: survived</p></div></div><pre class="location"><a href="pycharm://open?file=linkedList2.py&amp;line=15" class="text-secondary"><button class="btn btn-outline-dark">linkedList2.py, start pos: (15, 32), end pos: (15, 34)</button></a></pre><pre>operator: core/ReplaceComparisonOperator_NotEq_Is, occurrence: 1</pre><div class="alert alert-secondary"><pre class="diff">--- mutation diff ---
--- alinkedList2.py
+++ blinkedList2.py
@@ -12,7 +12,7 @@
     def checkInfinite(self):
         """Check whether infinite loop via next."""
         p1 = p2 = self
-        while p1 != None and p2 != None:
+        while p1 != None and p2 is None:
             if p2.next == None: return False
 
             p1 = p1.next</pre></div><div class="alert alert-secondary"><pre class="diff">============================= test session starts ==============================
platform linux -- Python 3.10.10, pytest-7.2.1, pluggy-1.0.0
rootdir: /home/auri/temp/lucca/python_experiments/linkedList2
collected 15 items

DYNAMOSA/test_linkedList2_DYNAMOSA.py ...............                    [100%]

============================== 15 passed in 0.05s ==============================
</pre></div></div></div></div></div><div class="mb-1" id="job_list___sub_accordion_19"><div class="card"><a data-toggle="collapse" data-target="#job_list___sub_collapse_19_1" aria-expanded="false" aria-controls="job_list___sub_collapse_19_1" href="#" class="job_list___sub_multi_heading"><div role="alert" class="card-header alert-success" id="job_list___sub_heading_19_1"><button class="btn btn-outline-success"><span class="job_id">19 : Job ID 80dd444a5e87481e9576e160b941ab10</span></button></div></a><div aria-labelledby="job_list___sub_heading_19_1" data-parent="#job_list___sub_accordion_19" class="collapse job_list___sub_multi_collapse" id="job_list___sub_collapse_19_1"><div class="card-body"><div class="work-item"><div class="alert alert-success test-outcome" role="alert"><p>worker outcome: normal</p><p>test outcome: killed</p></div></div><pre class="location"><a href="pycharm://open?file=linkedList2.py&amp;line=47" class="text-secondary"><button class="btn btn-outline-dark">linkedList2.py, start pos: (47, 16), end pos: (47, 18)</button></a></pre><pre>operator: core/ReplaceComparisonOperator_NotEq_Is, occurrence: 2</pre><div class="alert alert-secondary"><pre class="diff">--- mutation diff ---
--- alinkedList2.py
+++ blinkedList2.py
@@ -44,7 +44,7 @@
         """Remove value from list."""
         n = self.head
         last = None
-        while n != None:
+        while n is None:
             if n.value == value:
                 if last == None:
                     self.head = self.head.next</pre></div><div class="alert alert-secondary"><pre class="diff">============================= test session starts ==============================
platform linux -- Python 3.10.10, pytest-7.2.1, pluggy-1.0.0
rootdir: /home/auri/temp/lucca/python_experiments/linkedList2
collected 15 items

DYNAMOSA/test_linkedList2_DYNAMOSA.py ...F.F..F.....F                    [100%]

=================================== FAILURES ===================================
_________________________________ test_case_3 __________________________________

    def test_case_3():
        linked_list_0 = module_0.LinkedList()
        assert len(linked_list_0) == 0
&gt;       var_0 = linked_list_0.remove(linked_list_0)

DYNAMOSA/test_linkedList2_DYNAMOSA.py:28: 
_ _ _ _ _ _ _ _ _ _ _ _ _ _ _ _ _ _ _ _ _ _ _ _ _ _ _ _ _ _ _ _ _ _ _ _ _ _ _ _ 

self = link:[], value = link:[]

    def remove(self, value):
        """Remove value from list."""
        n = self.head
        last = None
        while n is None:
&gt;           if n.value == value:
E           AttributeError: 'NoneType' object has no attribute 'value'

linkedList2.py:48: AttributeError
_________________________________ test_case_5 __________________________________

    def test_case_5():
        linked_list_0 = module_0.LinkedList()
        assert len(linked_list_0) == 0
        var_0 = linked_list_0.prepend(linked_list_0)
        assert len(linked_list_0) == 1
        var_1 = linked_list_0.remove(linked_list_0)
&gt;       assert var_1 is True
E       assert False is True

DYNAMOSA/test_linkedList2_DYNAMOSA.py:53: AssertionError
_________________________________ test_case_8 __________________________________

    def test_case_8():
        linked_list_0 = module_0.LinkedList()
        assert len(linked_list_0) == 0
        var_0 = linked_list_0.prepend(linked_list_0)
        assert len(linked_list_0) == 1
        var_1 = linked_list_0.remove(linked_list_0)
&gt;       assert var_1 is True
E       assert False is True

DYNAMOSA/test_linkedList2_DYNAMOSA.py:80: AssertionError
_________________________________ test_case_14 _________________________________

    def test_case_14():
        linked_list_0 = module_0.LinkedList()
        assert len(linked_list_0) == 0
        var_0 = linked_list_0.__len__()
        assert var_0 == 0
        none_type_0 = None
        linked_node_0 = module_0.LinkedNode(linked_list_0)
        assert len(linked_node_0.value) == 0
        var_1 = linked_node_0.checkInfinite()
        assert var_1 is False
        linked_node_1 = module_0.LinkedNode(none_type_0, linked_node_0)
        int_0 = 697
        str_0 = ''
        list_0 = [int_0, none_type_0, str_0, str_0, linked_node_0]
        linked_list_1 = module_0.LinkedList(*list_0)
        assert len(linked_list_1) == 5
        var_2 = linked_node_1.checkInfinite()
        assert var_2 is False
        var_3 = linked_list_1.remove(linked_node_0)
&gt;       assert var_3 is True
E       assert False is True

DYNAMOSA/test_linkedList2_DYNAMOSA.py:155: AssertionError
=========================== short test summary info ============================
FAILED DYNAMOSA/test_linkedList2_DYNAMOSA.py::test_case_3 - AttributeError: '...
FAILED DYNAMOSA/test_linkedList2_DYNAMOSA.py::test_case_5 - assert False is True
FAILED DYNAMOSA/test_linkedList2_DYNAMOSA.py::test_case_8 - assert False is True
FAILED DYNAMOSA/test_linkedList2_DYNAMOSA.py::test_case_14 - assert False is ...
========================= 4 failed, 11 passed in 0.08s =========================
</pre></div></div></div></div></div><div class="mb-1" id="job_list___sub_accordion_20"><div class="card"><a data-toggle="collapse" data-target="#job_list___sub_collapse_20_1" aria-expanded="false" aria-controls="job_list___sub_collapse_20_1" href="#" class="job_list___sub_multi_heading"><div role="alert" class="card-header alert-success" id="job_list___sub_heading_20_1"><button class="btn btn-outline-success"><span class="job_id">20 : Job ID 8625d17401ee46b694595a4abe15a864</span></button></div></a><div aria-labelledby="job_list___sub_heading_20_1" data-parent="#job_list___sub_accordion_20" class="collapse job_list___sub_multi_collapse" id="job_list___sub_collapse_20_1"><div class="card-body"><div class="work-item"><div class="alert alert-success test-outcome" role="alert"><p>worker outcome: normal</p><p>test outcome: killed</p></div></div><pre class="location"><a href="pycharm://open?file=linkedList2.py&amp;line=60" class="text-secondary"><button class="btn btn-outline-dark">linkedList2.py, start pos: (60, 16), end pos: (60, 18)</button></a></pre><pre>operator: core/ReplaceComparisonOperator_NotEq_Is, occurrence: 3</pre><div class="alert alert-secondary"><pre class="diff">--- mutation diff ---
--- alinkedList2.py
+++ blinkedList2.py
@@ -57,7 +57,7 @@
     def __iter__(self):
         """Iterator of values in the list."""
         n = self.head
-        while n != None:
+        while n is None:
             yield n.value
             n = n.next
         </pre></div><div class="alert alert-secondary"><pre class="diff">============================= test session starts ==============================
platform linux -- Python 3.10.10, pytest-7.2.1, pluggy-1.0.0
rootdir: /home/auri/temp/lucca/python_experiments/linkedList2
collected 15 items

DYNAMOSA/test_linkedList2_DYNAMOSA.py ......F.....F..                    [100%]

=================================== FAILURES ===================================
_________________________________ test_case_6 __________________________________

    def test_case_6():
        bool_0 = True
        list_0 = [bool_0, bool_0]
        list_1 = [list_0, list_0, list_0]
        linked_list_0 = module_0.LinkedList(*list_1)
        assert len(linked_list_0) == 3
        var_0 = linked_list_0.__repr__()
&gt;       assert var_0 == 'link:[[True, True],[True, True],[True, True]]'
E       AssertionError: assert 'link:[]' == 'link:[[True,...[True, True]]'
E         - link:[[True, True],[True, True],[True, True]]
E         + link:[]

DYNAMOSA/test_linkedList2_DYNAMOSA.py:63: AssertionError
_________________________________ test_case_12 _________________________________

    def test_case_12():
        none_type_0 = None
        linked_node_0 = module_0.LinkedNode(none_type_0)
        linked_list_0 = module_0.LinkedList()
        assert len(linked_list_0) == 0
        linked_list_1 = module_0.LinkedList()
        assert len(linked_list_1) == 0
        var_0 = linked_list_0.__iter__()
&gt;       linked_list_2 = module_0.LinkedList(*var_0)

DYNAMOSA/test_linkedList2_DYNAMOSA.py:120: 
_ _ _ _ _ _ _ _ _ _ _ _ _ _ _ _ _ _ _ _ _ _ _ _ _ _ _ _ _ _ _ _ _ _ _ _ _ _ _ _ 

self = link:[]

    def __iter__(self):
        """Iterator of values in the list."""
        n = self.head
        while n is None:
&gt;           yield n.value
E           AttributeError: 'NoneType' object has no attribute 'value'

linkedList2.py:61: AttributeError
=========================== short test summary info ============================
FAILED DYNAMOSA/test_linkedList2_DYNAMOSA.py::test_case_6 - AssertionError: a...
FAILED DYNAMOSA/test_linkedList2_DYNAMOSA.py::test_case_12 - AttributeError: ...
========================= 2 failed, 13 passed in 0.08s =========================
</pre></div></div></div></div></div><div class="mb-1" id="job_list___sub_accordion_21"><div class="card"><a data-toggle="collapse" data-target="#job_list___sub_collapse_21_1" aria-expanded="false" aria-controls="job_list___sub_collapse_21_1" href="#" class="job_list___sub_multi_heading"><div role="alert" class="card-header alert-success" id="job_list___sub_heading_21_1"><button class="btn btn-outline-success"><span class="job_id">21 : Job ID 63d875236f6149929d3ca782c09d491d</span></button></div></a><div aria-labelledby="job_list___sub_heading_21_1" data-parent="#job_list___sub_accordion_21" class="collapse job_list___sub_multi_collapse" id="job_list___sub_collapse_21_1"><div class="card-body"><div class="work-item"><div class="alert alert-success test-outcome" role="alert"><p>worker outcome: normal</p><p>test outcome: killed</p></div></div><pre class="location"><a href="pycharm://open?file=linkedList2.py&amp;line=75" class="text-secondary"><button class="btn btn-outline-dark">linkedList2.py, start pos: (75, 16), end pos: (75, 18)</button></a></pre><pre>operator: core/ReplaceComparisonOperator_NotEq_Is, occurrence: 4</pre><div class="alert alert-secondary"><pre class="diff">--- mutation diff ---
--- alinkedList2.py
+++ blinkedList2.py
@@ -72,7 +72,7 @@
         """Count values in list."""
         n = self.head
         count = 0
-        while n != None:
+        while n is None:
             count += 1
             n = n.next
         return count</pre></div><div class="alert alert-secondary"><pre class="diff">============================= test session starts ==============================
platform linux -- Python 3.10.10, pytest-7.2.1, pluggy-1.0.0
rootdir: /home/auri/temp/lucca/python_experiments/linkedList2
collected 15 items

DYNAMOSA/test_linkedList2_DYNAMOSA.py .FFFFFFFFF.FFFF                    [100%]

=================================== FAILURES ===================================
_________________________________ test_case_1 __________________________________

    def test_case_1():
        none_type_0 = None
        list_0 = [none_type_0]
        linked_list_0 = module_0.LinkedList(*list_0)
&gt;       assert len(linked_list_0) == 1
E       assert 0 == 1
E        +  where 0 = len(link:[None])

DYNAMOSA/test_linkedList2_DYNAMOSA.py:15: AssertionError
_________________________________ test_case_2 __________________________________

    def test_case_2():
        linked_list_0 = module_0.LinkedList()
&gt;       assert len(linked_list_0) == 0

DYNAMOSA/test_linkedList2_DYNAMOSA.py:19: 
_ _ _ _ _ _ _ _ _ _ _ _ _ _ _ _ _ _ _ _ _ _ _ _ _ _ _ _ _ _ _ _ _ _ _ _ _ _ _ _ 

self = link:[]

    def __len__(self):
        """Count values in list."""
        n = self.head
        count = 0
        while n is None:
            count += 1
&gt;           n = n.next
E           AttributeError: 'NoneType' object has no attribute 'next'

linkedList2.py:77: AttributeError
_________________________________ test_case_3 __________________________________

    def test_case_3():
        linked_list_0 = module_0.LinkedList()
&gt;       assert len(linked_list_0) == 0

DYNAMOSA/test_linkedList2_DYNAMOSA.py:27: 
_ _ _ _ _ _ _ _ _ _ _ _ _ _ _ _ _ _ _ _ _ _ _ _ _ _ _ _ _ _ _ _ _ _ _ _ _ _ _ _ 

self = link:[]

    def __len__(self):
        """Count values in list."""
        n = self.head
        count = 0
        while n is None:
            count += 1
&gt;           n = n.next
E           AttributeError: 'NoneType' object has no attribute 'next'

linkedList2.py:77: AttributeError
_________________________________ test_case_4 __________________________________

    def test_case_4():
        bytes_0 = b'\x14\x0f\xf4'
        list_0 = [bytes_0, bytes_0, bytes_0, bytes_0]
        linked_list_0 = module_0.LinkedList(*list_0)
&gt;       assert len(linked_list_0) == 4
E       AssertionError: assert 0 == 4
E        +  where 0 = len(link:[b'\x14\x0f\xf4',b'\x14\x0f\xf4',b'\x14\x0f\xf4',b'\x14\x0f\xf4'])

DYNAMOSA/test_linkedList2_DYNAMOSA.py:37: AssertionError
_________________________________ test_case_5 __________________________________

    def test_case_5():
        linked_list_0 = module_0.LinkedList()
&gt;       assert len(linked_list_0) == 0

DYNAMOSA/test_linkedList2_DYNAMOSA.py:49: 
_ _ _ _ _ _ _ _ _ _ _ _ _ _ _ _ _ _ _ _ _ _ _ _ _ _ _ _ _ _ _ _ _ _ _ _ _ _ _ _ 

self = link:[]

    def __len__(self):
        """Count values in list."""
        n = self.head
        count = 0
        while n is None:
            count += 1
&gt;           n = n.next
E           AttributeError: 'NoneType' object has no attribute 'next'

linkedList2.py:77: AttributeError
_________________________________ test_case_6 __________________________________

    def test_case_6():
        bool_0 = True
        list_0 = [bool_0, bool_0]
        list_1 = [list_0, list_0, list_0]
        linked_list_0 = module_0.LinkedList(*list_1)
&gt;       assert len(linked_list_0) == 3
E       assert 0 == 3
E        +  where 0 = len(link:[[True, True],[True, True],[True, True]])

DYNAMOSA/test_linkedList2_DYNAMOSA.py:61: AssertionError
_________________________________ test_case_7 __________________________________

    def test_case_7():
        linked_list_0 = module_0.LinkedList()
&gt;       assert len(linked_list_0) == 0

DYNAMOSA/test_linkedList2_DYNAMOSA.py:67: 
_ _ _ _ _ _ _ _ _ _ _ _ _ _ _ _ _ _ _ _ _ _ _ _ _ _ _ _ _ _ _ _ _ _ _ _ _ _ _ _ 

self = link:[]

    def __len__(self):
        """Count values in list."""
        n = self.head
        count = 0
        while n is None:
            count += 1
&gt;           n = n.next
E           AttributeError: 'NoneType' object has no attribute 'next'

linkedList2.py:77: AttributeError
_________________________________ test_case_8 __________________________________

    def test_case_8():
        linked_list_0 = module_0.LinkedList()
&gt;       assert len(linked_list_0) == 0

DYNAMOSA/test_linkedList2_DYNAMOSA.py:76: 
_ _ _ _ _ _ _ _ _ _ _ _ _ _ _ _ _ _ _ _ _ _ _ _ _ _ _ _ _ _ _ _ _ _ _ _ _ _ _ _ 

self = link:[]

    def __len__(self):
        """Count values in list."""
        n = self.head
        count = 0
        while n is None:
            count += 1
&gt;           n = n.next
E           AttributeError: 'NoneType' object has no attribute 'next'

linkedList2.py:77: AttributeError
_________________________________ test_case_9 __________________________________

    def test_case_9():
        bool_0 = False
        list_0 = [bool_0, bool_0, bool_0, bool_0]
        linked_list_0 = module_0.LinkedList(*list_0)
&gt;       assert len(linked_list_0) == 4
E       assert 0 == 4
E        +  where 0 = len(link:[False,False,False,False])

DYNAMOSA/test_linkedList2_DYNAMOSA.py:93: AssertionError
_________________________________ test_case_11 _________________________________

    def test_case_11():
        str_0 = 'Rg$'
        linked_list_0 = module_0.LinkedList(*str_0)
&gt;       assert len(linked_list_0) == 3
E       assert 0 == 3
E        +  where 0 = len(link:[$,g,R])

DYNAMOSA/test_linkedList2_DYNAMOSA.py:104: AssertionError
_________________________________ test_case_12 _________________________________

    def test_case_12():
        none_type_0 = None
        linked_node_0 = module_0.LinkedNode(none_type_0)
        linked_list_0 = module_0.LinkedList()
&gt;       assert len(linked_list_0) == 0

DYNAMOSA/test_linkedList2_DYNAMOSA.py:116: 
_ _ _ _ _ _ _ _ _ _ _ _ _ _ _ _ _ _ _ _ _ _ _ _ _ _ _ _ _ _ _ _ _ _ _ _ _ _ _ _ 

self = link:[]

    def __len__(self):
        """Count values in list."""
        n = self.head
        count = 0
        while n is None:
            count += 1
&gt;           n = n.next
E           AttributeError: 'NoneType' object has no attribute 'next'

linkedList2.py:77: AttributeError
_________________________________ test_case_13 _________________________________

    def test_case_13():
        linked_list_0 = module_0.LinkedList()
&gt;       assert len(linked_list_0) == 0

DYNAMOSA/test_linkedList2_DYNAMOSA.py:129: 
_ _ _ _ _ _ _ _ _ _ _ _ _ _ _ _ _ _ _ _ _ _ _ _ _ _ _ _ _ _ _ _ _ _ _ _ _ _ _ _ 

self = link:[]

    def __len__(self):
        """Count values in list."""
        n = self.head
        count = 0
        while n is None:
            count += 1
&gt;           n = n.next
E           AttributeError: 'NoneType' object has no attribute 'next'

linkedList2.py:77: AttributeError
_________________________________ test_case_14 _________________________________

    def test_case_14():
        linked_list_0 = module_0.LinkedList()
&gt;       assert len(linked_list_0) == 0

DYNAMOSA/test_linkedList2_DYNAMOSA.py:138: 
_ _ _ _ _ _ _ _ _ _ _ _ _ _ _ _ _ _ _ _ _ _ _ _ _ _ _ _ _ _ _ _ _ _ _ _ _ _ _ _ 

self = link:[]

    def __len__(self):
        """Count values in list."""
        n = self.head
        count = 0
        while n is None:
            count += 1
&gt;           n = n.next
E           AttributeError: 'NoneType' object has no attribute 'next'

linkedList2.py:77: AttributeError
=========================== short test summary info ============================
FAILED DYNAMOSA/test_linkedList2_DYNAMOSA.py::test_case_1 - assert 0 == 1
FAILED DYNAMOSA/test_linkedList2_DYNAMOSA.py::test_case_2 - AttributeError: '...
FAILED DYNAMOSA/test_linkedList2_DYNAMOSA.py::test_case_3 - AttributeError: '...
FAILED DYNAMOSA/test_linkedList2_DYNAMOSA.py::test_case_4 - AssertionError: a...
FAILED DYNAMOSA/test_linkedList2_DYNAMOSA.py::test_case_5 - AttributeError: '...
FAILED DYNAMOSA/test_linkedList2_DYNAMOSA.py::test_case_6 - assert 0 == 3
FAILED DYNAMOSA/test_linkedList2_DYNAMOSA.py::test_case_7 - AttributeError: '...
FAILED DYNAMOSA/test_linkedList2_DYNAMOSA.py::test_case_8 - AttributeError: '...
FAILED DYNAMOSA/test_linkedList2_DYNAMOSA.py::test_case_9 - assert 0 == 4
FAILED DYNAMOSA/test_linkedList2_DYNAMOSA.py::test_case_11 - assert 0 == 3
FAILED DYNAMOSA/test_linkedList2_DYNAMOSA.py::test_case_12 - AttributeError: ...
FAILED DYNAMOSA/test_linkedList2_DYNAMOSA.py::test_case_13 - AttributeError: ...
FAILED DYNAMOSA/test_linkedList2_DYNAMOSA.py::test_case_14 - AttributeError: ...
========================= 13 failed, 2 passed in 0.13s =========================
</pre></div></div></div></div></div><div class="mb-1" id="job_list___sub_accordion_22"><div class="card"><a data-toggle="collapse" data-target="#job_list___sub_collapse_22_1" aria-expanded="false" aria-controls="job_list___sub_collapse_22_1" href="#" class="job_list___sub_multi_heading"><div role="alert" class="card-header alert-success" id="job_list___sub_heading_22_1"><button class="btn btn-outline-success"><span class="job_id">22 : Job ID 3e9d88fc4a674abb8ccd79765313f22f</span></button></div></a><div aria-labelledby="job_list___sub_heading_22_1" data-parent="#job_list___sub_accordion_22" class="collapse job_list___sub_multi_collapse" id="job_list___sub_collapse_22_1"><div class="card-body"><div class="work-item"><div class="alert alert-success test-outcome" role="alert"><p>worker outcome: normal</p><p>test outcome: killed</p></div></div><pre class="location"><a href="pycharm://open?file=linkedList2.py&amp;line=37" class="text-secondary"><button class="btn btn-outline-dark">linkedList2.py, start pos: (37, 21), end pos: (37, 23)</button></a></pre><pre>operator: core/ReplaceComparisonOperator_Is_IsNot, occurrence: 0</pre><div class="alert alert-secondary"><pre class="diff">--- mutation diff ---
--- alinkedList2.py
+++ blinkedList2.py
@@ -34,7 +34,7 @@
 
     def pop(self):
         """Remove first value in list."""
-        if self.head is None:
+        if self.head is not None:
             raise Exception ("Linked list is empty.")
         val = self.head.value
         self.head = self.head.next</pre></div><div class="alert alert-secondary"><pre class="diff">============================= test session starts ==============================
platform linux -- Python 3.10.10, pytest-7.2.1, pluggy-1.0.0
rootdir: /home/auri/temp/lucca/python_experiments/linkedList2
collected 15 items

DYNAMOSA/test_linkedList2_DYNAMOSA.py ....F..........                    [100%]

=================================== FAILURES ===================================
_________________________________ test_case_4 __________________________________

    def test_case_4():
        bytes_0 = b'\x14\x0f\xf4'
        list_0 = [bytes_0, bytes_0, bytes_0, bytes_0]
        linked_list_0 = module_0.LinkedList(*list_0)
        assert len(linked_list_0) == 4
        str_0 = "'_*"
        list_1 = [str_0]
        linked_list_1 = module_0.LinkedList(*list_1)
        assert len(linked_list_1) == 1
&gt;       var_0 = linked_list_1.pop()

DYNAMOSA/test_linkedList2_DYNAMOSA.py:42: 
_ _ _ _ _ _ _ _ _ _ _ _ _ _ _ _ _ _ _ _ _ _ _ _ _ _ _ _ _ _ _ _ _ _ _ _ _ _ _ _ 

self = link:['_*]

    def pop(self):
        """Remove first value in list."""
        if self.head is not None:
&gt;           raise Exception ("Linked list is empty.")
E           Exception: Linked list is empty.

linkedList2.py:38: Exception
=========================== short test summary info ============================
FAILED DYNAMOSA/test_linkedList2_DYNAMOSA.py::test_case_4 - Exception: Linked...
========================= 1 failed, 14 passed in 0.07s =========================
</pre></div></div></div></div></div><div class="mb-1" id="job_list___sub_accordion_23"><div class="card"><a data-toggle="collapse" data-target="#job_list___sub_collapse_23_1" aria-expanded="false" aria-controls="job_list___sub_collapse_23_1" href="#" class="job_list___sub_multi_heading"><div role="alert" class="card-header alert-success" id="job_list___sub_heading_23_1"><button class="btn btn-outline-success"><span class="job_id">23 : Job ID 3bd75a624fce4b3b91aff820df37fa37</span></button></div></a><div aria-labelledby="job_list___sub_heading_23_1" data-parent="#job_list___sub_accordion_23" class="collapse job_list___sub_multi_collapse" id="job_list___sub_collapse_23_1"><div class="card-body"><div class="work-item"><div class="alert alert-success test-outcome" role="alert"><p>worker outcome: normal</p><p>test outcome: killed</p></div></div><pre class="location"><a href="pycharm://open?file=linkedList2.py&amp;line=66" class="text-secondary"><button class="btn btn-outline-dark">linkedList2.py, start pos: (66, 21), end pos: (66, 23)</button></a></pre><pre>operator: core/ReplaceComparisonOperator_Is_IsNot, occurrence: 1</pre><div class="alert alert-secondary"><pre class="diff">--- mutation diff ---
--- alinkedList2.py
+++ blinkedList2.py
@@ -63,7 +63,7 @@
         
     def __repr__(self):
         """String representation of linked list."""
-        if self.head is None:
+        if self.head is not None:
             return 'link:[]'
 
         return 'link:[{0:s}]'.format(','.join(map(str,self)))</pre></div><div class="alert alert-secondary"><pre class="diff">============================= test session starts ==============================
platform linux -- Python 3.10.10, pytest-7.2.1, pluggy-1.0.0
rootdir: /home/auri/temp/lucca/python_experiments/linkedList2
collected 15 items

DYNAMOSA/test_linkedList2_DYNAMOSA.py ......F........                    [100%]

=================================== FAILURES ===================================
_________________________________ test_case_6 __________________________________

    def test_case_6():
        bool_0 = True
        list_0 = [bool_0, bool_0]
        list_1 = [list_0, list_0, list_0]
        linked_list_0 = module_0.LinkedList(*list_1)
        assert len(linked_list_0) == 3
        var_0 = linked_list_0.__repr__()
&gt;       assert var_0 == 'link:[[True, True],[True, True],[True, True]]'
E       AssertionError: assert 'link:[]' == 'link:[[True,...[True, True]]'
E         - link:[[True, True],[True, True],[True, True]]
E         + link:[]

DYNAMOSA/test_linkedList2_DYNAMOSA.py:63: AssertionError
=========================== short test summary info ============================
FAILED DYNAMOSA/test_linkedList2_DYNAMOSA.py::test_case_6 - AssertionError: a...
========================= 1 failed, 14 passed in 0.07s =========================
</pre></div></div></div></div></div><div class="mb-1" id="job_list___sub_accordion_24"><div class="card"><a data-toggle="collapse" data-target="#job_list___sub_collapse_24_1" aria-expanded="false" aria-controls="job_list___sub_collapse_24_1" href="#" class="job_list___sub_multi_heading"><div role="alert" class="card-header alert-danger" id="job_list___sub_heading_24_1"><button class="btn btn-outline-danger"><span class="job_id">24 : Job ID ef968f7fe3ed49d380cc9b87967f3824</span></button></div></a><div aria-labelledby="job_list___sub_heading_24_1" data-parent="#job_list___sub_accordion_24" class="collapse job_list___sub_multi_collapse" id="job_list___sub_collapse_24_1"><div class="card-body"><div class="work-item"><div class="alert alert-danger test-outcome" role="alert"><p>SURVIVED</p><p>worker outcome: normal</p><p>test outcome: survived</p></div></div><pre class="location"><a href="pycharm://open?file=linkedList2.py&amp;line=15" class="text-secondary"><button class="btn btn-outline-dark">linkedList2.py, start pos: (15, 14), end pos: (15, 39)</button></a></pre><pre>operator: core/AddNot, occurrence: 0</pre><div class="alert alert-secondary"><pre class="diff">--- mutation diff ---
--- alinkedList2.py
+++ blinkedList2.py
@@ -12,7 +12,7 @@
     def checkInfinite(self):
         """Check whether infinite loop via next."""
         p1 = p2 = self
-        while p1 != None and p2 != None:
+        while not p1 != None and p2 != None:
             if p2.next == None: return False
 
             p1 = p1.next</pre></div><div class="alert alert-secondary"><pre class="diff">============================= test session starts ==============================
platform linux -- Python 3.10.10, pytest-7.2.1, pluggy-1.0.0
rootdir: /home/auri/temp/lucca/python_experiments/linkedList2
collected 15 items

DYNAMOSA/test_linkedList2_DYNAMOSA.py ...............                    [100%]

============================== 15 passed in 0.05s ==============================
</pre></div></div></div></div></div><div class="mb-1" id="job_list___sub_accordion_25"><div class="card"><a data-toggle="collapse" data-target="#job_list___sub_collapse_25_1" aria-expanded="false" aria-controls="job_list___sub_collapse_25_1" href="#" class="job_list___sub_multi_heading"><div role="alert" class="card-header alert-success" id="job_list___sub_heading_25_1"><button class="btn btn-outline-success"><span class="job_id">25 : Job ID d6bc7e1208254f7186b3ce91ab3ee3e6</span></button></div></a><div aria-labelledby="job_list___sub_heading_25_1" data-parent="#job_list___sub_accordion_25" class="collapse job_list___sub_multi_collapse" id="job_list___sub_collapse_25_1"><div class="card-body"><div class="work-item"><div class="alert alert-success test-outcome" role="alert"><p>worker outcome: normal</p><p>test outcome: killed</p></div></div><pre class="location"><a href="pycharm://open?file=linkedList2.py&amp;line=16" class="text-secondary"><button class="btn btn-outline-dark">linkedList2.py, start pos: (16, 15), end pos: (16, 30)</button></a></pre><pre>operator: core/AddNot, occurrence: 1</pre><div class="alert alert-secondary"><pre class="diff">--- mutation diff ---
--- alinkedList2.py
+++ blinkedList2.py
@@ -13,7 +13,7 @@
         """Check whether infinite loop via next."""
         p1 = p2 = self
         while p1 != None and p2 != None:
-            if p2.next == None: return False
+            if not p2.next == None: return False
 
             p1 = p1.next
             p2 = p2.next.next</pre></div><div class="alert alert-secondary"><pre class="diff">============================= test session starts ==============================
platform linux -- Python 3.10.10, pytest-7.2.1, pluggy-1.0.0
rootdir: /home/auri/temp/lucca/python_experiments/linkedList2
collected 15 items

DYNAMOSA/test_linkedList2_DYNAMOSA.py F.............F                    [100%]

=================================== FAILURES ===================================
_________________________________ test_case_0 __________________________________

    def test_case_0():
        bool_0 = True
        linked_node_0 = module_0.LinkedNode(bool_0)
&gt;       var_0 = linked_node_0.checkInfinite()

DYNAMOSA/test_linkedList2_DYNAMOSA.py:8: 
_ _ _ _ _ _ _ _ _ _ _ _ _ _ _ _ _ _ _ _ _ _ _ _ _ _ _ _ _ _ _ _ _ _ _ _ _ _ _ _ 

self = &lt;linkedList2.LinkedNode object at 0x7f78ab700f40&gt;

    def checkInfinite(self):
        """Check whether infinite loop via next."""
        p1 = p2 = self
        while p1 != None and p2 != None:
            if not p2.next == None: return False
    
            p1 = p1.next
&gt;           p2 = p2.next.next
E           AttributeError: 'NoneType' object has no attribute 'next'

linkedList2.py:19: AttributeError
_________________________________ test_case_14 _________________________________

    def test_case_14():
        linked_list_0 = module_0.LinkedList()
        assert len(linked_list_0) == 0
        var_0 = linked_list_0.__len__()
        assert var_0 == 0
        none_type_0 = None
        linked_node_0 = module_0.LinkedNode(linked_list_0)
        assert len(linked_node_0.value) == 0
&gt;       var_1 = linked_node_0.checkInfinite()

DYNAMOSA/test_linkedList2_DYNAMOSA.py:144: 
_ _ _ _ _ _ _ _ _ _ _ _ _ _ _ _ _ _ _ _ _ _ _ _ _ _ _ _ _ _ _ _ _ _ _ _ _ _ _ _ 

self = &lt;linkedList2.LinkedNode object at 0x7f78ab862290&gt;

    def checkInfinite(self):
        """Check whether infinite loop via next."""
        p1 = p2 = self
        while p1 != None and p2 != None:
            if not p2.next == None: return False
    
            p1 = p1.next
&gt;           p2 = p2.next.next
E           AttributeError: 'NoneType' object has no attribute 'next'

linkedList2.py:19: AttributeError
=========================== short test summary info ============================
FAILED DYNAMOSA/test_linkedList2_DYNAMOSA.py::test_case_0 - AttributeError: '...
FAILED DYNAMOSA/test_linkedList2_DYNAMOSA.py::test_case_14 - AttributeError: ...
========================= 2 failed, 13 passed in 0.08s =========================
</pre></div></div></div></div></div><div class="mb-1" id="job_list___sub_accordion_26"><div class="card"><a data-toggle="collapse" data-target="#job_list___sub_collapse_26_1" aria-expanded="false" aria-controls="job_list___sub_collapse_26_1" href="#" class="job_list___sub_multi_heading"><div role="alert" class="card-header alert-success" id="job_list___sub_heading_26_1"><button class="btn btn-outline-success"><span class="job_id">26 : Job ID 995d1b841e724bdeb9d8455a13ddfae3</span></button></div></a><div aria-labelledby="job_list___sub_heading_26_1" data-parent="#job_list___sub_accordion_26" class="collapse job_list___sub_multi_collapse" id="job_list___sub_collapse_26_1"><div class="card-body"><div class="work-item"><div class="alert alert-success test-outcome" role="alert"><p>worker outcome: normal</p><p>test outcome: killed</p></div></div><pre class="location"><a href="pycharm://open?file=linkedList2.py&amp;line=21" class="text-secondary"><button class="btn btn-outline-dark">linkedList2.py, start pos: (21, 15), end pos: (21, 23)</button></a></pre><pre>operator: core/AddNot, occurrence: 2</pre><div class="alert alert-secondary"><pre class="diff">--- mutation diff ---
--- alinkedList2.py
+++ blinkedList2.py
@@ -18,7 +18,7 @@
             p1 = p1.next
             p2 = p2.next.next
             
-            if p1 == p2: return True
+            if not p1 == p2: return True
         return False
 
 class LinkedList:</pre></div><div class="alert alert-secondary"><pre class="diff">============================= test session starts ==============================
platform linux -- Python 3.10.10, pytest-7.2.1, pluggy-1.0.0
rootdir: /home/auri/temp/lucca/python_experiments/linkedList2
collected 15 items

DYNAMOSA/test_linkedList2_DYNAMOSA.py .............FF                    [100%]

=================================== FAILURES ===================================
_________________________________ test_case_13 _________________________________

    def test_case_13():
        linked_list_0 = module_0.LinkedList()
        assert len(linked_list_0) == 0
        linked_node_0 = module_0.LinkedNode(linked_list_0)
        assert len(linked_node_0.value) == 0
        linked_node_1 = module_0.LinkedNode(linked_node_0, linked_node_0)
        var_0 = linked_node_1.checkInfinite()
&gt;       assert var_0 is False
E       assert True is False

DYNAMOSA/test_linkedList2_DYNAMOSA.py:134: AssertionError
_________________________________ test_case_14 _________________________________

    def test_case_14():
        linked_list_0 = module_0.LinkedList()
        assert len(linked_list_0) == 0
        var_0 = linked_list_0.__len__()
        assert var_0 == 0
        none_type_0 = None
        linked_node_0 = module_0.LinkedNode(linked_list_0)
        assert len(linked_node_0.value) == 0
        var_1 = linked_node_0.checkInfinite()
        assert var_1 is False
        linked_node_1 = module_0.LinkedNode(none_type_0, linked_node_0)
        int_0 = 697
        str_0 = ''
        list_0 = [int_0, none_type_0, str_0, str_0, linked_node_0]
        linked_list_1 = module_0.LinkedList(*list_0)
        assert len(linked_list_1) == 5
        var_2 = linked_node_1.checkInfinite()
&gt;       assert var_2 is False
E       assert True is False

DYNAMOSA/test_linkedList2_DYNAMOSA.py:153: AssertionError
=========================== short test summary info ============================
FAILED DYNAMOSA/test_linkedList2_DYNAMOSA.py::test_case_13 - assert True is F...
FAILED DYNAMOSA/test_linkedList2_DYNAMOSA.py::test_case_14 - assert True is F...
========================= 2 failed, 13 passed in 0.08s =========================
</pre></div></div></div></div></div><div class="mb-1" id="job_list___sub_accordion_27"><div class="card"><a data-toggle="collapse" data-target="#job_list___sub_collapse_27_1" aria-expanded="false" aria-controls="job_list___sub_collapse_27_1" href="#" class="job_list___sub_multi_heading"><div role="alert" class="card-header alert-success" id="job_list___sub_heading_27_1"><button class="btn btn-outline-success"><span class="job_id">27 : Job ID 7e8884607b7c44c796fad02454a31136</span></button></div></a><div aria-labelledby="job_list___sub_heading_27_1" data-parent="#job_list___sub_accordion_27" class="collapse job_list___sub_multi_collapse" id="job_list___sub_collapse_27_1"><div class="card-body"><div class="work-item"><div class="alert alert-success test-outcome" role="alert"><p>worker outcome: normal</p><p>test outcome: killed</p></div></div><pre class="location"><a href="pycharm://open?file=linkedList2.py&amp;line=37" class="text-secondary"><button class="btn btn-outline-dark">linkedList2.py, start pos: (37, 11), end pos: (37, 28)</button></a></pre><pre>operator: core/AddNot, occurrence: 3</pre><div class="alert alert-secondary"><pre class="diff">--- mutation diff ---
--- alinkedList2.py
+++ blinkedList2.py
@@ -34,7 +34,7 @@
 
     def pop(self):
         """Remove first value in list."""
-        if self.head is None:
+        if not self.head is None:
             raise Exception ("Linked list is empty.")
         val = self.head.value
         self.head = self.head.next</pre></div><div class="alert alert-secondary"><pre class="diff">============================= test session starts ==============================
platform linux -- Python 3.10.10, pytest-7.2.1, pluggy-1.0.0
rootdir: /home/auri/temp/lucca/python_experiments/linkedList2
collected 15 items

DYNAMOSA/test_linkedList2_DYNAMOSA.py ....F..........                    [100%]

=================================== FAILURES ===================================
_________________________________ test_case_4 __________________________________

    def test_case_4():
        bytes_0 = b'\x14\x0f\xf4'
        list_0 = [bytes_0, bytes_0, bytes_0, bytes_0]
        linked_list_0 = module_0.LinkedList(*list_0)
        assert len(linked_list_0) == 4
        str_0 = "'_*"
        list_1 = [str_0]
        linked_list_1 = module_0.LinkedList(*list_1)
        assert len(linked_list_1) == 1
&gt;       var_0 = linked_list_1.pop()

DYNAMOSA/test_linkedList2_DYNAMOSA.py:42: 
_ _ _ _ _ _ _ _ _ _ _ _ _ _ _ _ _ _ _ _ _ _ _ _ _ _ _ _ _ _ _ _ _ _ _ _ _ _ _ _ 

self = link:['_*]

    def pop(self):
        """Remove first value in list."""
        if not self.head is None:
&gt;           raise Exception ("Linked list is empty.")
E           Exception: Linked list is empty.

linkedList2.py:38: Exception
=========================== short test summary info ============================
FAILED DYNAMOSA/test_linkedList2_DYNAMOSA.py::test_case_4 - Exception: Linked...
========================= 1 failed, 14 passed in 0.07s =========================
</pre></div></div></div></div></div><div class="mb-1" id="job_list___sub_accordion_28"><div class="card"><a data-toggle="collapse" data-target="#job_list___sub_collapse_28_1" aria-expanded="false" aria-controls="job_list___sub_collapse_28_1" href="#" class="job_list___sub_multi_heading"><div role="alert" class="card-header alert-success" id="job_list___sub_heading_28_1"><button class="btn btn-outline-success"><span class="job_id">28 : Job ID 6a7a373fb2a448cd87d611eb312d10be</span></button></div></a><div aria-labelledby="job_list___sub_heading_28_1" data-parent="#job_list___sub_accordion_28" class="collapse job_list___sub_multi_collapse" id="job_list___sub_collapse_28_1"><div class="card-body"><div class="work-item"><div class="alert alert-success test-outcome" role="alert"><p>worker outcome: normal</p><p>test outcome: killed</p></div></div><pre class="location"><a href="pycharm://open?file=linkedList2.py&amp;line=47" class="text-secondary"><button class="btn btn-outline-dark">linkedList2.py, start pos: (47, 14), end pos: (47, 23)</button></a></pre><pre>operator: core/AddNot, occurrence: 4</pre><div class="alert alert-secondary"><pre class="diff">--- mutation diff ---
--- alinkedList2.py
+++ blinkedList2.py
@@ -44,7 +44,7 @@
         """Remove value from list."""
         n = self.head
         last = None
-        while n != None:
+        while not n != None:
             if n.value == value:
                 if last == None:
                     self.head = self.head.next</pre></div><div class="alert alert-secondary"><pre class="diff">============================= test session starts ==============================
platform linux -- Python 3.10.10, pytest-7.2.1, pluggy-1.0.0
rootdir: /home/auri/temp/lucca/python_experiments/linkedList2
collected 15 items

DYNAMOSA/test_linkedList2_DYNAMOSA.py ...F.F..F.....F                    [100%]

=================================== FAILURES ===================================
_________________________________ test_case_3 __________________________________

    def test_case_3():
        linked_list_0 = module_0.LinkedList()
        assert len(linked_list_0) == 0
&gt;       var_0 = linked_list_0.remove(linked_list_0)

DYNAMOSA/test_linkedList2_DYNAMOSA.py:28: 
_ _ _ _ _ _ _ _ _ _ _ _ _ _ _ _ _ _ _ _ _ _ _ _ _ _ _ _ _ _ _ _ _ _ _ _ _ _ _ _ 

self = link:[], value = link:[]

    def remove(self, value):
        """Remove value from list."""
        n = self.head
        last = None
        while not n != None:
&gt;           if n.value == value:
E           AttributeError: 'NoneType' object has no attribute 'value'

linkedList2.py:48: AttributeError
_________________________________ test_case_5 __________________________________

    def test_case_5():
        linked_list_0 = module_0.LinkedList()
        assert len(linked_list_0) == 0
        var_0 = linked_list_0.prepend(linked_list_0)
        assert len(linked_list_0) == 1
        var_1 = linked_list_0.remove(linked_list_0)
&gt;       assert var_1 is True
E       assert False is True

DYNAMOSA/test_linkedList2_DYNAMOSA.py:53: AssertionError
_________________________________ test_case_8 __________________________________

    def test_case_8():
        linked_list_0 = module_0.LinkedList()
        assert len(linked_list_0) == 0
        var_0 = linked_list_0.prepend(linked_list_0)
        assert len(linked_list_0) == 1
        var_1 = linked_list_0.remove(linked_list_0)
&gt;       assert var_1 is True
E       assert False is True

DYNAMOSA/test_linkedList2_DYNAMOSA.py:80: AssertionError
_________________________________ test_case_14 _________________________________

    def test_case_14():
        linked_list_0 = module_0.LinkedList()
        assert len(linked_list_0) == 0
        var_0 = linked_list_0.__len__()
        assert var_0 == 0
        none_type_0 = None
        linked_node_0 = module_0.LinkedNode(linked_list_0)
        assert len(linked_node_0.value) == 0
        var_1 = linked_node_0.checkInfinite()
        assert var_1 is False
        linked_node_1 = module_0.LinkedNode(none_type_0, linked_node_0)
        int_0 = 697
        str_0 = ''
        list_0 = [int_0, none_type_0, str_0, str_0, linked_node_0]
        linked_list_1 = module_0.LinkedList(*list_0)
        assert len(linked_list_1) == 5
        var_2 = linked_node_1.checkInfinite()
        assert var_2 is False
        var_3 = linked_list_1.remove(linked_node_0)
&gt;       assert var_3 is True
E       assert False is True

DYNAMOSA/test_linkedList2_DYNAMOSA.py:155: AssertionError
=========================== short test summary info ============================
FAILED DYNAMOSA/test_linkedList2_DYNAMOSA.py::test_case_3 - AttributeError: '...
FAILED DYNAMOSA/test_linkedList2_DYNAMOSA.py::test_case_5 - assert False is True
FAILED DYNAMOSA/test_linkedList2_DYNAMOSA.py::test_case_8 - assert False is True
FAILED DYNAMOSA/test_linkedList2_DYNAMOSA.py::test_case_14 - assert False is ...
========================= 4 failed, 11 passed in 0.08s =========================
</pre></div></div></div></div></div><div class="mb-1" id="job_list___sub_accordion_29"><div class="card"><a data-toggle="collapse" data-target="#job_list___sub_collapse_29_1" aria-expanded="false" aria-controls="job_list___sub_collapse_29_1" href="#" class="job_list___sub_multi_heading"><div role="alert" class="card-header alert-success" id="job_list___sub_heading_29_1"><button class="btn btn-outline-success"><span class="job_id">29 : Job ID 08b6488feec643c58d6a565d5c4de3ee</span></button></div></a><div aria-labelledby="job_list___sub_heading_29_1" data-parent="#job_list___sub_accordion_29" class="collapse job_list___sub_multi_collapse" id="job_list___sub_collapse_29_1"><div class="card-body"><div class="work-item"><div class="alert alert-success test-outcome" role="alert"><p>worker outcome: normal</p><p>test outcome: killed</p></div></div><pre class="location"><a href="pycharm://open?file=linkedList2.py&amp;line=48" class="text-secondary"><button class="btn btn-outline-dark">linkedList2.py, start pos: (48, 15), end pos: (48, 31)</button></a></pre><pre>operator: core/AddNot, occurrence: 5</pre><div class="alert alert-secondary"><pre class="diff">--- mutation diff ---
--- alinkedList2.py
+++ blinkedList2.py
@@ -45,7 +45,7 @@
         n = self.head
         last = None
         while n != None:
-            if n.value == value:
+            if not n.value == value:
                 if last == None:
                     self.head = self.head.next
                 else:</pre></div><div class="alert alert-secondary"><pre class="diff">============================= test session starts ==============================
platform linux -- Python 3.10.10, pytest-7.2.1, pluggy-1.0.0
rootdir: /home/auri/temp/lucca/python_experiments/linkedList2
collected 15 items

DYNAMOSA/test_linkedList2_DYNAMOSA.py .....F..F..F...                    [100%]

=================================== FAILURES ===================================
_________________________________ test_case_5 __________________________________

    def test_case_5():
        linked_list_0 = module_0.LinkedList()
        assert len(linked_list_0) == 0
        var_0 = linked_list_0.prepend(linked_list_0)
        assert len(linked_list_0) == 1
        var_1 = linked_list_0.remove(linked_list_0)
&gt;       assert var_1 is True
E       assert False is True

DYNAMOSA/test_linkedList2_DYNAMOSA.py:53: AssertionError
_________________________________ test_case_8 __________________________________

    def test_case_8():
        linked_list_0 = module_0.LinkedList()
        assert len(linked_list_0) == 0
        var_0 = linked_list_0.prepend(linked_list_0)
        assert len(linked_list_0) == 1
        var_1 = linked_list_0.remove(linked_list_0)
&gt;       assert var_1 is True
E       assert False is True

DYNAMOSA/test_linkedList2_DYNAMOSA.py:80: AssertionError
_________________________________ test_case_11 _________________________________

    def test_case_11():
        str_0 = 'Rg$'
        linked_list_0 = module_0.LinkedList(*str_0)
        assert len(linked_list_0) == 3
        var_0 = linked_list_0.remove(str_0)
&gt;       assert var_0 is False
E       assert True is False

DYNAMOSA/test_linkedList2_DYNAMOSA.py:106: AssertionError
=========================== short test summary info ============================
FAILED DYNAMOSA/test_linkedList2_DYNAMOSA.py::test_case_5 - assert False is True
FAILED DYNAMOSA/test_linkedList2_DYNAMOSA.py::test_case_8 - assert False is True
FAILED DYNAMOSA/test_linkedList2_DYNAMOSA.py::test_case_11 - assert True is F...
========================= 3 failed, 12 passed in 0.08s =========================
</pre></div></div></div></div></div><div class="mb-1" id="job_list___sub_accordion_30"><div class="card"><a data-toggle="collapse" data-target="#job_list___sub_collapse_30_1" aria-expanded="false" aria-controls="job_list___sub_collapse_30_1" href="#" class="job_list___sub_multi_heading"><div role="alert" class="card-header alert-success" id="job_list___sub_heading_30_1"><button class="btn btn-outline-success"><span class="job_id">30 : Job ID 2992ea0fcf404d22919bf2c631d44d07</span></button></div></a><div aria-labelledby="job_list___sub_heading_30_1" data-parent="#job_list___sub_accordion_30" class="collapse job_list___sub_multi_collapse" id="job_list___sub_collapse_30_1"><div class="card-body"><div class="work-item"><div class="alert alert-success test-outcome" role="alert"><p>worker outcome: normal</p><p>test outcome: killed</p></div></div><pre class="location"><a href="pycharm://open?file=linkedList2.py&amp;line=49" class="text-secondary"><button class="btn btn-outline-dark">linkedList2.py, start pos: (49, 19), end pos: (49, 31)</button></a></pre><pre>operator: core/AddNot, occurrence: 6</pre><div class="alert alert-secondary"><pre class="diff">--- mutation diff ---
--- alinkedList2.py
+++ blinkedList2.py
@@ -46,7 +46,7 @@
         last = None
         while n != None:
             if n.value == value:
-                if last == None:
+                if not last == None:
                     self.head = self.head.next
                 else:
                     last.next = n.next</pre></div><div class="alert alert-secondary"><pre class="diff">============================= test session starts ==============================
platform linux -- Python 3.10.10, pytest-7.2.1, pluggy-1.0.0
rootdir: /home/auri/temp/lucca/python_experiments/linkedList2
collected 15 items

DYNAMOSA/test_linkedList2_DYNAMOSA.py .....F..F.....F                    [100%]

=================================== FAILURES ===================================
_________________________________ test_case_5 __________________________________

    def test_case_5():
        linked_list_0 = module_0.LinkedList()
        assert len(linked_list_0) == 0
        var_0 = linked_list_0.prepend(linked_list_0)
        assert len(linked_list_0) == 1
&gt;       var_1 = linked_list_0.remove(linked_list_0)

DYNAMOSA/test_linkedList2_DYNAMOSA.py:52: 
_ _ _ _ _ _ _ _ _ _ _ _ _ _ _ _ _ _ _ _ _ _ _ _ _ _ _ _ _ _ _ _ _ _ _ _ _ _ _ _ 

self = &lt;[RecursionError('maximum recursion depth exceeded in comparison') raised in repr()] LinkedList object at 0x7f5f8ed38e20&gt;
value = &lt;[RecursionError('maximum recursion depth exceeded in comparison') raised in repr()] LinkedList object at 0x7f5f8ed38e20&gt;

    def remove(self, value):
        """Remove value from list."""
        n = self.head
        last = None
        while n != None:
            if n.value == value:
                if not last == None:
                    self.head = self.head.next
                else:
&gt;                   last.next = n.next
E                   AttributeError: 'NoneType' object has no attribute 'next'

linkedList2.py:52: AttributeError
_________________________________ test_case_8 __________________________________

    def test_case_8():
        linked_list_0 = module_0.LinkedList()
        assert len(linked_list_0) == 0
        var_0 = linked_list_0.prepend(linked_list_0)
        assert len(linked_list_0) == 1
&gt;       var_1 = linked_list_0.remove(linked_list_0)

DYNAMOSA/test_linkedList2_DYNAMOSA.py:79: 
_ _ _ _ _ _ _ _ _ _ _ _ _ _ _ _ _ _ _ _ _ _ _ _ _ _ _ _ _ _ _ _ _ _ _ _ _ _ _ _ 

self = &lt;[RecursionError('maximum recursion depth exceeded in comparison') raised in repr()] LinkedList object at 0x7f5f8ee96110&gt;
value = &lt;[RecursionError('maximum recursion depth exceeded in comparison') raised in repr()] LinkedList object at 0x7f5f8ee96110&gt;

    def remove(self, value):
        """Remove value from list."""
        n = self.head
        last = None
        while n != None:
            if n.value == value:
                if not last == None:
                    self.head = self.head.next
                else:
&gt;                   last.next = n.next
E                   AttributeError: 'NoneType' object has no attribute 'next'

linkedList2.py:52: AttributeError
_________________________________ test_case_14 _________________________________

    def test_case_14():
        linked_list_0 = module_0.LinkedList()
        assert len(linked_list_0) == 0
        var_0 = linked_list_0.__len__()
        assert var_0 == 0
        none_type_0 = None
        linked_node_0 = module_0.LinkedNode(linked_list_0)
        assert len(linked_node_0.value) == 0
        var_1 = linked_node_0.checkInfinite()
        assert var_1 is False
        linked_node_1 = module_0.LinkedNode(none_type_0, linked_node_0)
        int_0 = 697
        str_0 = ''
        list_0 = [int_0, none_type_0, str_0, str_0, linked_node_0]
        linked_list_1 = module_0.LinkedList(*list_0)
        assert len(linked_list_1) == 5
        var_2 = linked_node_1.checkInfinite()
        assert var_2 is False
&gt;       var_3 = linked_list_1.remove(linked_node_0)

DYNAMOSA/test_linkedList2_DYNAMOSA.py:154: 
_ _ _ _ _ _ _ _ _ _ _ _ _ _ _ _ _ _ _ _ _ _ _ _ _ _ _ _ _ _ _ _ _ _ _ _ _ _ _ _ 

self = link:[&lt;linkedList2.LinkedNode object at 0x7f5f8ed2a350&gt;,,,None,697]
value = &lt;linkedList2.LinkedNode object at 0x7f5f8ed2a350&gt;

    def remove(self, value):
        """Remove value from list."""
        n = self.head
        last = None
        while n != None:
            if n.value == value:
                if not last == None:
                    self.head = self.head.next
                else:
&gt;                   last.next = n.next
E                   AttributeError: 'NoneType' object has no attribute 'next'

linkedList2.py:52: AttributeError
=========================== short test summary info ============================
FAILED DYNAMOSA/test_linkedList2_DYNAMOSA.py::test_case_5 - AttributeError: '...
FAILED DYNAMOSA/test_linkedList2_DYNAMOSA.py::test_case_8 - AttributeError: '...
FAILED DYNAMOSA/test_linkedList2_DYNAMOSA.py::test_case_14 - AttributeError: ...
========================= 3 failed, 12 passed in 0.08s =========================
</pre></div></div></div></div></div><div class="mb-1" id="job_list___sub_accordion_31"><div class="card"><a data-toggle="collapse" data-target="#job_list___sub_collapse_31_1" aria-expanded="false" aria-controls="job_list___sub_collapse_31_1" href="#" class="job_list___sub_multi_heading"><div role="alert" class="card-header alert-success" id="job_list___sub_heading_31_1"><button class="btn btn-outline-success"><span class="job_id">31 : Job ID 1341e8dd732747438b5eaefd8f393389</span></button></div></a><div aria-labelledby="job_list___sub_heading_31_1" data-parent="#job_list___sub_accordion_31" class="collapse job_list___sub_multi_collapse" id="job_list___sub_collapse_31_1"><div class="card-body"><div class="work-item"><div class="alert alert-success test-outcome" role="alert"><p>worker outcome: normal</p><p>test outcome: killed</p></div></div><pre class="location"><a href="pycharm://open?file=linkedList2.py&amp;line=60" class="text-secondary"><button class="btn btn-outline-dark">linkedList2.py, start pos: (60, 14), end pos: (60, 23)</button></a></pre><pre>operator: core/AddNot, occurrence: 7</pre><div class="alert alert-secondary"><pre class="diff">--- mutation diff ---
--- alinkedList2.py
+++ blinkedList2.py
@@ -57,7 +57,7 @@
     def __iter__(self):
         """Iterator of values in the list."""
         n = self.head
-        while n != None:
+        while not n != None:
             yield n.value
             n = n.next
         </pre></div><div class="alert alert-secondary"><pre class="diff">============================= test session starts ==============================
platform linux -- Python 3.10.10, pytest-7.2.1, pluggy-1.0.0
rootdir: /home/auri/temp/lucca/python_experiments/linkedList2
collected 15 items

DYNAMOSA/test_linkedList2_DYNAMOSA.py ......F.....F..                    [100%]

=================================== FAILURES ===================================
_________________________________ test_case_6 __________________________________

    def test_case_6():
        bool_0 = True
        list_0 = [bool_0, bool_0]
        list_1 = [list_0, list_0, list_0]
        linked_list_0 = module_0.LinkedList(*list_1)
        assert len(linked_list_0) == 3
        var_0 = linked_list_0.__repr__()
&gt;       assert var_0 == 'link:[[True, True],[True, True],[True, True]]'
E       AssertionError: assert 'link:[]' == 'link:[[True,...[True, True]]'
E         - link:[[True, True],[True, True],[True, True]]
E         + link:[]

DYNAMOSA/test_linkedList2_DYNAMOSA.py:63: AssertionError
_________________________________ test_case_12 _________________________________

    def test_case_12():
        none_type_0 = None
        linked_node_0 = module_0.LinkedNode(none_type_0)
        linked_list_0 = module_0.LinkedList()
        assert len(linked_list_0) == 0
        linked_list_1 = module_0.LinkedList()
        assert len(linked_list_1) == 0
        var_0 = linked_list_0.__iter__()
&gt;       linked_list_2 = module_0.LinkedList(*var_0)

DYNAMOSA/test_linkedList2_DYNAMOSA.py:120: 
_ _ _ _ _ _ _ _ _ _ _ _ _ _ _ _ _ _ _ _ _ _ _ _ _ _ _ _ _ _ _ _ _ _ _ _ _ _ _ _ 

self = link:[]

    def __iter__(self):
        """Iterator of values in the list."""
        n = self.head
        while not n != None:
&gt;           yield n.value
E           AttributeError: 'NoneType' object has no attribute 'value'

linkedList2.py:61: AttributeError
=========================== short test summary info ============================
FAILED DYNAMOSA/test_linkedList2_DYNAMOSA.py::test_case_6 - AssertionError: a...
FAILED DYNAMOSA/test_linkedList2_DYNAMOSA.py::test_case_12 - AttributeError: ...
========================= 2 failed, 13 passed in 0.08s =========================
</pre></div></div></div></div></div><div class="mb-1" id="job_list___sub_accordion_32"><div class="card"><a data-toggle="collapse" data-target="#job_list___sub_collapse_32_1" aria-expanded="false" aria-controls="job_list___sub_collapse_32_1" href="#" class="job_list___sub_multi_heading"><div role="alert" class="card-header alert-success" id="job_list___sub_heading_32_1"><button class="btn btn-outline-success"><span class="job_id">32 : Job ID 53bb6ac4b1b145f8968b57b3eab156e9</span></button></div></a><div aria-labelledby="job_list___sub_heading_32_1" data-parent="#job_list___sub_accordion_32" class="collapse job_list___sub_multi_collapse" id="job_list___sub_collapse_32_1"><div class="card-body"><div class="work-item"><div class="alert alert-success test-outcome" role="alert"><p>worker outcome: normal</p><p>test outcome: killed</p></div></div><pre class="location"><a href="pycharm://open?file=linkedList2.py&amp;line=66" class="text-secondary"><button class="btn btn-outline-dark">linkedList2.py, start pos: (66, 11), end pos: (66, 28)</button></a></pre><pre>operator: core/AddNot, occurrence: 8</pre><div class="alert alert-secondary"><pre class="diff">--- mutation diff ---
--- alinkedList2.py
+++ blinkedList2.py
@@ -63,7 +63,7 @@
         
     def __repr__(self):
         """String representation of linked list."""
-        if self.head is None:
+        if not self.head is None:
             return 'link:[]'
 
         return 'link:[{0:s}]'.format(','.join(map(str,self)))</pre></div><div class="alert alert-secondary"><pre class="diff">============================= test session starts ==============================
platform linux -- Python 3.10.10, pytest-7.2.1, pluggy-1.0.0
rootdir: /home/auri/temp/lucca/python_experiments/linkedList2
collected 15 items

DYNAMOSA/test_linkedList2_DYNAMOSA.py ......F........                    [100%]

=================================== FAILURES ===================================
_________________________________ test_case_6 __________________________________

    def test_case_6():
        bool_0 = True
        list_0 = [bool_0, bool_0]
        list_1 = [list_0, list_0, list_0]
        linked_list_0 = module_0.LinkedList(*list_1)
        assert len(linked_list_0) == 3
        var_0 = linked_list_0.__repr__()
&gt;       assert var_0 == 'link:[[True, True],[True, True],[True, True]]'
E       AssertionError: assert 'link:[]' == 'link:[[True,...[True, True]]'
E         - link:[[True, True],[True, True],[True, True]]
E         + link:[]

DYNAMOSA/test_linkedList2_DYNAMOSA.py:63: AssertionError
=========================== short test summary info ============================
FAILED DYNAMOSA/test_linkedList2_DYNAMOSA.py::test_case_6 - AssertionError: a...
========================= 1 failed, 14 passed in 0.07s =========================
</pre></div></div></div></div></div><div class="mb-1" id="job_list___sub_accordion_33"><div class="card"><a data-toggle="collapse" data-target="#job_list___sub_collapse_33_1" aria-expanded="false" aria-controls="job_list___sub_collapse_33_1" href="#" class="job_list___sub_multi_heading"><div role="alert" class="card-header alert-success" id="job_list___sub_heading_33_1"><button class="btn btn-outline-success"><span class="job_id">33 : Job ID 3cce334ddc4044b5a02d9d914b52c063</span></button></div></a><div aria-labelledby="job_list___sub_heading_33_1" data-parent="#job_list___sub_accordion_33" class="collapse job_list___sub_multi_collapse" id="job_list___sub_collapse_33_1"><div class="card-body"><div class="work-item"><div class="alert alert-success test-outcome" role="alert"><p>worker outcome: normal</p><p>test outcome: killed</p></div></div><pre class="location"><a href="pycharm://open?file=linkedList2.py&amp;line=75" class="text-secondary"><button class="btn btn-outline-dark">linkedList2.py, start pos: (75, 14), end pos: (75, 23)</button></a></pre><pre>operator: core/AddNot, occurrence: 9</pre><div class="alert alert-secondary"><pre class="diff">--- mutation diff ---
--- alinkedList2.py
+++ blinkedList2.py
@@ -72,7 +72,7 @@
         """Count values in list."""
         n = self.head
         count = 0
-        while n != None:
+        while not n != None:
             count += 1
             n = n.next
         return count</pre></div><div class="alert alert-secondary"><pre class="diff">============================= test session starts ==============================
platform linux -- Python 3.10.10, pytest-7.2.1, pluggy-1.0.0
rootdir: /home/auri/temp/lucca/python_experiments/linkedList2
collected 15 items

DYNAMOSA/test_linkedList2_DYNAMOSA.py .FFFFFFFFF.FFFF                    [100%]

=================================== FAILURES ===================================
_________________________________ test_case_1 __________________________________

    def test_case_1():
        none_type_0 = None
        list_0 = [none_type_0]
        linked_list_0 = module_0.LinkedList(*list_0)
&gt;       assert len(linked_list_0) == 1
E       assert 0 == 1
E        +  where 0 = len(link:[None])

DYNAMOSA/test_linkedList2_DYNAMOSA.py:15: AssertionError
_________________________________ test_case_2 __________________________________

    def test_case_2():
        linked_list_0 = module_0.LinkedList()
&gt;       assert len(linked_list_0) == 0

DYNAMOSA/test_linkedList2_DYNAMOSA.py:19: 
_ _ _ _ _ _ _ _ _ _ _ _ _ _ _ _ _ _ _ _ _ _ _ _ _ _ _ _ _ _ _ _ _ _ _ _ _ _ _ _ 

self = link:[]

    def __len__(self):
        """Count values in list."""
        n = self.head
        count = 0
        while not n != None:
            count += 1
&gt;           n = n.next
E           AttributeError: 'NoneType' object has no attribute 'next'

linkedList2.py:77: AttributeError
_________________________________ test_case_3 __________________________________

    def test_case_3():
        linked_list_0 = module_0.LinkedList()
&gt;       assert len(linked_list_0) == 0

DYNAMOSA/test_linkedList2_DYNAMOSA.py:27: 
_ _ _ _ _ _ _ _ _ _ _ _ _ _ _ _ _ _ _ _ _ _ _ _ _ _ _ _ _ _ _ _ _ _ _ _ _ _ _ _ 

self = link:[]

    def __len__(self):
        """Count values in list."""
        n = self.head
        count = 0
        while not n != None:
            count += 1
&gt;           n = n.next
E           AttributeError: 'NoneType' object has no attribute 'next'

linkedList2.py:77: AttributeError
_________________________________ test_case_4 __________________________________

    def test_case_4():
        bytes_0 = b'\x14\x0f\xf4'
        list_0 = [bytes_0, bytes_0, bytes_0, bytes_0]
        linked_list_0 = module_0.LinkedList(*list_0)
&gt;       assert len(linked_list_0) == 4
E       AssertionError: assert 0 == 4
E        +  where 0 = len(link:[b'\x14\x0f\xf4',b'\x14\x0f\xf4',b'\x14\x0f\xf4',b'\x14\x0f\xf4'])

DYNAMOSA/test_linkedList2_DYNAMOSA.py:37: AssertionError
_________________________________ test_case_5 __________________________________

    def test_case_5():
        linked_list_0 = module_0.LinkedList()
&gt;       assert len(linked_list_0) == 0

DYNAMOSA/test_linkedList2_DYNAMOSA.py:49: 
_ _ _ _ _ _ _ _ _ _ _ _ _ _ _ _ _ _ _ _ _ _ _ _ _ _ _ _ _ _ _ _ _ _ _ _ _ _ _ _ 

self = link:[]

    def __len__(self):
        """Count values in list."""
        n = self.head
        count = 0
        while not n != None:
            count += 1
&gt;           n = n.next
E           AttributeError: 'NoneType' object has no attribute 'next'

linkedList2.py:77: AttributeError
_________________________________ test_case_6 __________________________________

    def test_case_6():
        bool_0 = True
        list_0 = [bool_0, bool_0]
        list_1 = [list_0, list_0, list_0]
        linked_list_0 = module_0.LinkedList(*list_1)
&gt;       assert len(linked_list_0) == 3
E       assert 0 == 3
E        +  where 0 = len(link:[[True, True],[True, True],[True, True]])

DYNAMOSA/test_linkedList2_DYNAMOSA.py:61: AssertionError
_________________________________ test_case_7 __________________________________

    def test_case_7():
        linked_list_0 = module_0.LinkedList()
&gt;       assert len(linked_list_0) == 0

DYNAMOSA/test_linkedList2_DYNAMOSA.py:67: 
_ _ _ _ _ _ _ _ _ _ _ _ _ _ _ _ _ _ _ _ _ _ _ _ _ _ _ _ _ _ _ _ _ _ _ _ _ _ _ _ 

self = link:[]

    def __len__(self):
        """Count values in list."""
        n = self.head
        count = 0
        while not n != None:
            count += 1
&gt;           n = n.next
E           AttributeError: 'NoneType' object has no attribute 'next'

linkedList2.py:77: AttributeError
_________________________________ test_case_8 __________________________________

    def test_case_8():
        linked_list_0 = module_0.LinkedList()
&gt;       assert len(linked_list_0) == 0

DYNAMOSA/test_linkedList2_DYNAMOSA.py:76: 
_ _ _ _ _ _ _ _ _ _ _ _ _ _ _ _ _ _ _ _ _ _ _ _ _ _ _ _ _ _ _ _ _ _ _ _ _ _ _ _ 

self = link:[]

    def __len__(self):
        """Count values in list."""
        n = self.head
        count = 0
        while not n != None:
            count += 1
&gt;           n = n.next
E           AttributeError: 'NoneType' object has no attribute 'next'

linkedList2.py:77: AttributeError
_________________________________ test_case_9 __________________________________

    def test_case_9():
        bool_0 = False
        list_0 = [bool_0, bool_0, bool_0, bool_0]
        linked_list_0 = module_0.LinkedList(*list_0)
&gt;       assert len(linked_list_0) == 4
E       assert 0 == 4
E        +  where 0 = len(link:[False,False,False,False])

DYNAMOSA/test_linkedList2_DYNAMOSA.py:93: AssertionError
_________________________________ test_case_11 _________________________________

    def test_case_11():
        str_0 = 'Rg$'
        linked_list_0 = module_0.LinkedList(*str_0)
&gt;       assert len(linked_list_0) == 3
E       assert 0 == 3
E        +  where 0 = len(link:[$,g,R])

DYNAMOSA/test_linkedList2_DYNAMOSA.py:104: AssertionError
_________________________________ test_case_12 _________________________________

    def test_case_12():
        none_type_0 = None
        linked_node_0 = module_0.LinkedNode(none_type_0)
        linked_list_0 = module_0.LinkedList()
&gt;       assert len(linked_list_0) == 0

DYNAMOSA/test_linkedList2_DYNAMOSA.py:116: 
_ _ _ _ _ _ _ _ _ _ _ _ _ _ _ _ _ _ _ _ _ _ _ _ _ _ _ _ _ _ _ _ _ _ _ _ _ _ _ _ 

self = link:[]

    def __len__(self):
        """Count values in list."""
        n = self.head
        count = 0
        while not n != None:
            count += 1
&gt;           n = n.next
E           AttributeError: 'NoneType' object has no attribute 'next'

linkedList2.py:77: AttributeError
_________________________________ test_case_13 _________________________________

    def test_case_13():
        linked_list_0 = module_0.LinkedList()
&gt;       assert len(linked_list_0) == 0

DYNAMOSA/test_linkedList2_DYNAMOSA.py:129: 
_ _ _ _ _ _ _ _ _ _ _ _ _ _ _ _ _ _ _ _ _ _ _ _ _ _ _ _ _ _ _ _ _ _ _ _ _ _ _ _ 

self = link:[]

    def __len__(self):
        """Count values in list."""
        n = self.head
        count = 0
        while not n != None:
            count += 1
&gt;           n = n.next
E           AttributeError: 'NoneType' object has no attribute 'next'

linkedList2.py:77: AttributeError
_________________________________ test_case_14 _________________________________

    def test_case_14():
        linked_list_0 = module_0.LinkedList()
&gt;       assert len(linked_list_0) == 0

DYNAMOSA/test_linkedList2_DYNAMOSA.py:138: 
_ _ _ _ _ _ _ _ _ _ _ _ _ _ _ _ _ _ _ _ _ _ _ _ _ _ _ _ _ _ _ _ _ _ _ _ _ _ _ _ 

self = link:[]

    def __len__(self):
        """Count values in list."""
        n = self.head
        count = 0
        while not n != None:
            count += 1
&gt;           n = n.next
E           AttributeError: 'NoneType' object has no attribute 'next'

linkedList2.py:77: AttributeError
=========================== short test summary info ============================
FAILED DYNAMOSA/test_linkedList2_DYNAMOSA.py::test_case_1 - assert 0 == 1
FAILED DYNAMOSA/test_linkedList2_DYNAMOSA.py::test_case_2 - AttributeError: '...
FAILED DYNAMOSA/test_linkedList2_DYNAMOSA.py::test_case_3 - AttributeError: '...
FAILED DYNAMOSA/test_linkedList2_DYNAMOSA.py::test_case_4 - AssertionError: a...
FAILED DYNAMOSA/test_linkedList2_DYNAMOSA.py::test_case_5 - AttributeError: '...
FAILED DYNAMOSA/test_linkedList2_DYNAMOSA.py::test_case_6 - assert 0 == 3
FAILED DYNAMOSA/test_linkedList2_DYNAMOSA.py::test_case_7 - AttributeError: '...
FAILED DYNAMOSA/test_linkedList2_DYNAMOSA.py::test_case_8 - AttributeError: '...
FAILED DYNAMOSA/test_linkedList2_DYNAMOSA.py::test_case_9 - assert 0 == 4
FAILED DYNAMOSA/test_linkedList2_DYNAMOSA.py::test_case_11 - assert 0 == 3
FAILED DYNAMOSA/test_linkedList2_DYNAMOSA.py::test_case_12 - AttributeError: ...
FAILED DYNAMOSA/test_linkedList2_DYNAMOSA.py::test_case_13 - AttributeError: ...
FAILED DYNAMOSA/test_linkedList2_DYNAMOSA.py::test_case_14 - AttributeError: ...
========================= 13 failed, 2 passed in 0.13s =========================
</pre></div></div></div></div></div><div class="mb-1" id="job_list___sub_accordion_34"><div class="card"><a data-toggle="collapse" data-target="#job_list___sub_collapse_34_1" aria-expanded="false" aria-controls="job_list___sub_collapse_34_1" href="#" class="job_list___sub_multi_heading"><div role="alert" class="card-header alert-danger" id="job_list___sub_heading_34_1"><button class="btn btn-outline-danger"><span class="job_id">34 : Job ID c85a1966e94e4bb2b2016aa8df81361a</span></button></div></a><div aria-labelledby="job_list___sub_heading_34_1" data-parent="#job_list___sub_accordion_34" class="collapse job_list___sub_multi_collapse" id="job_list___sub_collapse_34_1"><div class="card-body"><div class="work-item"><div class="alert alert-danger test-outcome" role="alert"><p>SURVIVED</p><p>worker outcome: normal</p><p>test outcome: survived</p></div></div><pre class="location"><a href="pycharm://open?file=linkedList2.py&amp;line=21" class="text-secondary"><button class="btn btn-outline-dark">linkedList2.py, start pos: (21, 32), end pos: (21, 36)</button></a></pre><pre>operator: core/ReplaceTrueWithFalse, occurrence: 0</pre><div class="alert alert-secondary"><pre class="diff">--- mutation diff ---
--- alinkedList2.py
+++ blinkedList2.py
@@ -18,7 +18,7 @@
             p1 = p1.next
             p2 = p2.next.next
             
-            if p1 == p2: return True
+            if p1 == p2: return False
         return False
 
 class LinkedList:</pre></div><div class="alert alert-secondary"><pre class="diff">============================= test session starts ==============================
platform linux -- Python 3.10.10, pytest-7.2.1, pluggy-1.0.0
rootdir: /home/auri/temp/lucca/python_experiments/linkedList2
collected 15 items

DYNAMOSA/test_linkedList2_DYNAMOSA.py ...............                    [100%]

============================== 15 passed in 0.05s ==============================
</pre></div></div></div></div></div><div class="mb-1" id="job_list___sub_accordion_35"><div class="card"><a data-toggle="collapse" data-target="#job_list___sub_collapse_35_1" aria-expanded="false" aria-controls="job_list___sub_collapse_35_1" href="#" class="job_list___sub_multi_heading"><div role="alert" class="card-header alert-success" id="job_list___sub_heading_35_1"><button class="btn btn-outline-success"><span class="job_id">35 : Job ID 98b8178904944d87810aadc0fd5a7bf1</span></button></div></a><div aria-labelledby="job_list___sub_heading_35_1" data-parent="#job_list___sub_accordion_35" class="collapse job_list___sub_multi_collapse" id="job_list___sub_collapse_35_1"><div class="card-body"><div class="work-item"><div class="alert alert-success test-outcome" role="alert"><p>worker outcome: normal</p><p>test outcome: killed</p></div></div><pre class="location"><a href="pycharm://open?file=linkedList2.py&amp;line=53" class="text-secondary"><button class="btn btn-outline-dark">linkedList2.py, start pos: (53, 23), end pos: (53, 27)</button></a></pre><pre>operator: core/ReplaceTrueWithFalse, occurrence: 1</pre><div class="alert alert-secondary"><pre class="diff">--- mutation diff ---
--- alinkedList2.py
+++ blinkedList2.py
@@ -50,7 +50,7 @@
                     self.head = self.head.next
                 else:
                     last.next = n.next
-                return True
+                return False
             n = n.next
         return False
         </pre></div><div class="alert alert-secondary"><pre class="diff">============================= test session starts ==============================
platform linux -- Python 3.10.10, pytest-7.2.1, pluggy-1.0.0
rootdir: /home/auri/temp/lucca/python_experiments/linkedList2
collected 15 items

DYNAMOSA/test_linkedList2_DYNAMOSA.py .....F..F.....F                    [100%]

=================================== FAILURES ===================================
_________________________________ test_case_5 __________________________________

    def test_case_5():
        linked_list_0 = module_0.LinkedList()
        assert len(linked_list_0) == 0
        var_0 = linked_list_0.prepend(linked_list_0)
        assert len(linked_list_0) == 1
        var_1 = linked_list_0.remove(linked_list_0)
&gt;       assert var_1 is True
E       assert False is True

DYNAMOSA/test_linkedList2_DYNAMOSA.py:53: AssertionError
_________________________________ test_case_8 __________________________________

    def test_case_8():
        linked_list_0 = module_0.LinkedList()
        assert len(linked_list_0) == 0
        var_0 = linked_list_0.prepend(linked_list_0)
        assert len(linked_list_0) == 1
        var_1 = linked_list_0.remove(linked_list_0)
&gt;       assert var_1 is True
E       assert False is True

DYNAMOSA/test_linkedList2_DYNAMOSA.py:80: AssertionError
_________________________________ test_case_14 _________________________________

    def test_case_14():
        linked_list_0 = module_0.LinkedList()
        assert len(linked_list_0) == 0
        var_0 = linked_list_0.__len__()
        assert var_0 == 0
        none_type_0 = None
        linked_node_0 = module_0.LinkedNode(linked_list_0)
        assert len(linked_node_0.value) == 0
        var_1 = linked_node_0.checkInfinite()
        assert var_1 is False
        linked_node_1 = module_0.LinkedNode(none_type_0, linked_node_0)
        int_0 = 697
        str_0 = ''
        list_0 = [int_0, none_type_0, str_0, str_0, linked_node_0]
        linked_list_1 = module_0.LinkedList(*list_0)
        assert len(linked_list_1) == 5
        var_2 = linked_node_1.checkInfinite()
        assert var_2 is False
        var_3 = linked_list_1.remove(linked_node_0)
&gt;       assert var_3 is True
E       assert False is True

DYNAMOSA/test_linkedList2_DYNAMOSA.py:155: AssertionError
=========================== short test summary info ============================
FAILED DYNAMOSA/test_linkedList2_DYNAMOSA.py::test_case_5 - assert False is True
FAILED DYNAMOSA/test_linkedList2_DYNAMOSA.py::test_case_8 - assert False is True
FAILED DYNAMOSA/test_linkedList2_DYNAMOSA.py::test_case_14 - assert False is ...
========================= 3 failed, 12 passed in 0.08s =========================
</pre></div></div></div></div></div><div class="mb-1" id="job_list___sub_accordion_36"><div class="card"><a data-toggle="collapse" data-target="#job_list___sub_collapse_36_1" aria-expanded="false" aria-controls="job_list___sub_collapse_36_1" href="#" class="job_list___sub_multi_heading"><div role="alert" class="card-header alert-success" id="job_list___sub_heading_36_1"><button class="btn btn-outline-success"><span class="job_id">36 : Job ID c0b82e518ee6488dba71a66a7af1f19d</span></button></div></a><div aria-labelledby="job_list___sub_heading_36_1" data-parent="#job_list___sub_accordion_36" class="collapse job_list___sub_multi_collapse" id="job_list___sub_collapse_36_1"><div class="card-body"><div class="work-item"><div class="alert alert-success test-outcome" role="alert"><p>worker outcome: normal</p><p>test outcome: killed</p></div></div><pre class="location"><a href="pycharm://open?file=linkedList2.py&amp;line=16" class="text-secondary"><button class="btn btn-outline-dark">linkedList2.py, start pos: (16, 39), end pos: (16, 44)</button></a></pre><pre>operator: core/ReplaceFalseWithTrue, occurrence: 0</pre><div class="alert alert-secondary"><pre class="diff">--- mutation diff ---
--- alinkedList2.py
+++ blinkedList2.py
@@ -13,7 +13,7 @@
         """Check whether infinite loop via next."""
         p1 = p2 = self
         while p1 != None and p2 != None:
-            if p2.next == None: return False
+            if p2.next == None: return True
 
             p1 = p1.next
             p2 = p2.next.next</pre></div><div class="alert alert-secondary"><pre class="diff">============================= test session starts ==============================
platform linux -- Python 3.10.10, pytest-7.2.1, pluggy-1.0.0
rootdir: /home/auri/temp/lucca/python_experiments/linkedList2
collected 15 items

DYNAMOSA/test_linkedList2_DYNAMOSA.py F.............F                    [100%]

=================================== FAILURES ===================================
_________________________________ test_case_0 __________________________________

    def test_case_0():
        bool_0 = True
        linked_node_0 = module_0.LinkedNode(bool_0)
        var_0 = linked_node_0.checkInfinite()
&gt;       assert var_0 is False
E       assert True is False

DYNAMOSA/test_linkedList2_DYNAMOSA.py:9: AssertionError
_________________________________ test_case_14 _________________________________

    def test_case_14():
        linked_list_0 = module_0.LinkedList()
        assert len(linked_list_0) == 0
        var_0 = linked_list_0.__len__()
        assert var_0 == 0
        none_type_0 = None
        linked_node_0 = module_0.LinkedNode(linked_list_0)
        assert len(linked_node_0.value) == 0
        var_1 = linked_node_0.checkInfinite()
&gt;       assert var_1 is False
E       assert True is False

DYNAMOSA/test_linkedList2_DYNAMOSA.py:145: AssertionError
=========================== short test summary info ============================
FAILED DYNAMOSA/test_linkedList2_DYNAMOSA.py::test_case_0 - assert True is False
FAILED DYNAMOSA/test_linkedList2_DYNAMOSA.py::test_case_14 - assert True is F...
========================= 2 failed, 13 passed in 0.08s =========================
</pre></div></div></div></div></div><div class="mb-1" id="job_list___sub_accordion_37"><div class="card"><a data-toggle="collapse" data-target="#job_list___sub_collapse_37_1" aria-expanded="false" aria-controls="job_list___sub_collapse_37_1" href="#" class="job_list___sub_multi_heading"><div role="alert" class="card-header alert-success" id="job_list___sub_heading_37_1"><button class="btn btn-outline-success"><span class="job_id">37 : Job ID 4999582c9cab45509f22e53e5d59e5ae</span></button></div></a><div aria-labelledby="job_list___sub_heading_37_1" data-parent="#job_list___sub_accordion_37" class="collapse job_list___sub_multi_collapse" id="job_list___sub_collapse_37_1"><div class="card-body"><div class="work-item"><div class="alert alert-success test-outcome" role="alert"><p>worker outcome: normal</p><p>test outcome: killed</p></div></div><pre class="location"><a href="pycharm://open?file=linkedList2.py&amp;line=22" class="text-secondary"><button class="btn btn-outline-dark">linkedList2.py, start pos: (22, 15), end pos: (22, 20)</button></a></pre><pre>operator: core/ReplaceFalseWithTrue, occurrence: 1</pre><div class="alert alert-secondary"><pre class="diff">--- mutation diff ---
--- alinkedList2.py
+++ blinkedList2.py
@@ -19,7 +19,7 @@
             p2 = p2.next.next
             
             if p1 == p2: return True
-        return False
+        return True
 
 class LinkedList:
     def __init__(self, *start):</pre></div><div class="alert alert-secondary"><pre class="diff">============================= test session starts ==============================
platform linux -- Python 3.10.10, pytest-7.2.1, pluggy-1.0.0
rootdir: /home/auri/temp/lucca/python_experiments/linkedList2
collected 15 items

DYNAMOSA/test_linkedList2_DYNAMOSA.py .............FF                    [100%]

=================================== FAILURES ===================================
_________________________________ test_case_13 _________________________________

    def test_case_13():
        linked_list_0 = module_0.LinkedList()
        assert len(linked_list_0) == 0
        linked_node_0 = module_0.LinkedNode(linked_list_0)
        assert len(linked_node_0.value) == 0
        linked_node_1 = module_0.LinkedNode(linked_node_0, linked_node_0)
        var_0 = linked_node_1.checkInfinite()
&gt;       assert var_0 is False
E       assert True is False

DYNAMOSA/test_linkedList2_DYNAMOSA.py:134: AssertionError
_________________________________ test_case_14 _________________________________

    def test_case_14():
        linked_list_0 = module_0.LinkedList()
        assert len(linked_list_0) == 0
        var_0 = linked_list_0.__len__()
        assert var_0 == 0
        none_type_0 = None
        linked_node_0 = module_0.LinkedNode(linked_list_0)
        assert len(linked_node_0.value) == 0
        var_1 = linked_node_0.checkInfinite()
        assert var_1 is False
        linked_node_1 = module_0.LinkedNode(none_type_0, linked_node_0)
        int_0 = 697
        str_0 = ''
        list_0 = [int_0, none_type_0, str_0, str_0, linked_node_0]
        linked_list_1 = module_0.LinkedList(*list_0)
        assert len(linked_list_1) == 5
        var_2 = linked_node_1.checkInfinite()
&gt;       assert var_2 is False
E       assert True is False

DYNAMOSA/test_linkedList2_DYNAMOSA.py:153: AssertionError
=========================== short test summary info ============================
FAILED DYNAMOSA/test_linkedList2_DYNAMOSA.py::test_case_13 - assert True is F...
FAILED DYNAMOSA/test_linkedList2_DYNAMOSA.py::test_case_14 - assert True is F...
========================= 2 failed, 13 passed in 0.08s =========================
</pre></div></div></div></div></div><div class="mb-1" id="job_list___sub_accordion_38"><div class="card"><a data-toggle="collapse" data-target="#job_list___sub_collapse_38_1" aria-expanded="false" aria-controls="job_list___sub_collapse_38_1" href="#" class="job_list___sub_multi_heading"><div role="alert" class="card-header alert-success" id="job_list___sub_heading_38_1"><button class="btn btn-outline-success"><span class="job_id">38 : Job ID e01cf9c4a21f4e35ba0d1efa0cc6b900</span></button></div></a><div aria-labelledby="job_list___sub_heading_38_1" data-parent="#job_list___sub_accordion_38" class="collapse job_list___sub_multi_collapse" id="job_list___sub_collapse_38_1"><div class="card-body"><div class="work-item"><div class="alert alert-success test-outcome" role="alert"><p>worker outcome: normal</p><p>test outcome: killed</p></div></div><pre class="location"><a href="pycharm://open?file=linkedList2.py&amp;line=55" class="text-secondary"><button class="btn btn-outline-dark">linkedList2.py, start pos: (55, 15), end pos: (55, 20)</button></a></pre><pre>operator: core/ReplaceFalseWithTrue, occurrence: 2</pre><div class="alert alert-secondary"><pre class="diff">--- mutation diff ---
--- alinkedList2.py
+++ blinkedList2.py
@@ -52,7 +52,7 @@
                     last.next = n.next
                 return True
             n = n.next
-        return False
+        return True
         
     def __iter__(self):
         """Iterator of values in the list."""</pre></div><div class="alert alert-secondary"><pre class="diff">============================= test session starts ==============================
platform linux -- Python 3.10.10, pytest-7.2.1, pluggy-1.0.0
rootdir: /home/auri/temp/lucca/python_experiments/linkedList2
collected 15 items

DYNAMOSA/test_linkedList2_DYNAMOSA.py ...F.......F...                    [100%]

=================================== FAILURES ===================================
_________________________________ test_case_3 __________________________________

    def test_case_3():
        linked_list_0 = module_0.LinkedList()
        assert len(linked_list_0) == 0
        var_0 = linked_list_0.remove(linked_list_0)
&gt;       assert var_0 is False
E       assert True is False

DYNAMOSA/test_linkedList2_DYNAMOSA.py:29: AssertionError
_________________________________ test_case_11 _________________________________

    def test_case_11():
        str_0 = 'Rg$'
        linked_list_0 = module_0.LinkedList(*str_0)
        assert len(linked_list_0) == 3
        var_0 = linked_list_0.remove(str_0)
&gt;       assert var_0 is False
E       assert True is False

DYNAMOSA/test_linkedList2_DYNAMOSA.py:106: AssertionError
=========================== short test summary info ============================
FAILED DYNAMOSA/test_linkedList2_DYNAMOSA.py::test_case_3 - assert True is False
FAILED DYNAMOSA/test_linkedList2_DYNAMOSA.py::test_case_11 - assert True is F...
========================= 2 failed, 13 passed in 0.07s =========================
</pre></div></div></div></div></div><div class="mb-1" id="job_list___sub_accordion_39"><div class="card"><a data-toggle="collapse" data-target="#job_list___sub_collapse_39_1" aria-expanded="false" aria-controls="job_list___sub_collapse_39_1" href="#" class="job_list___sub_multi_heading"><div role="alert" class="card-header alert-success" id="job_list___sub_heading_39_1"><button class="btn btn-outline-success"><span class="job_id">39 : Job ID 28246b487ab34d20a712d2f95c827b67</span></button></div></a><div aria-labelledby="job_list___sub_heading_39_1" data-parent="#job_list___sub_accordion_39" class="collapse job_list___sub_multi_collapse" id="job_list___sub_collapse_39_1"><div class="card-body"><div class="work-item"><div class="alert alert-success test-outcome" role="alert"><p>worker outcome: normal</p><p>test outcome: killed</p></div></div><pre class="location"><a href="pycharm://open?file=linkedList2.py&amp;line=15" class="text-secondary"><button class="btn btn-outline-dark">linkedList2.py, start pos: (15, 25), end pos: (15, 28)</button></a></pre><pre>operator: core/ReplaceAndWithOr, occurrence: 0</pre><div class="alert alert-secondary"><pre class="diff">--- mutation diff ---
--- alinkedList2.py
+++ blinkedList2.py
@@ -12,7 +12,7 @@
     def checkInfinite(self):
         """Check whether infinite loop via next."""
         p1 = p2 = self
-        while p1 != None and p2 != None:
+        while p1 != None or p2 != None:
             if p2.next == None: return False
 
             p1 = p1.next</pre></div><div class="alert alert-secondary"><pre class="diff">============================= test session starts ==============================
platform linux -- Python 3.10.10, pytest-7.2.1, pluggy-1.0.0
rootdir: /home/auri/temp/lucca/python_experiments/linkedList2
collected 15 items

DYNAMOSA/test_linkedList2_DYNAMOSA.py .............FF                    [100%]

=================================== FAILURES ===================================
_________________________________ test_case_13 _________________________________

    def test_case_13():
        linked_list_0 = module_0.LinkedList()
        assert len(linked_list_0) == 0
        linked_node_0 = module_0.LinkedNode(linked_list_0)
        assert len(linked_node_0.value) == 0
        linked_node_1 = module_0.LinkedNode(linked_node_0, linked_node_0)
&gt;       var_0 = linked_node_1.checkInfinite()

DYNAMOSA/test_linkedList2_DYNAMOSA.py:133: 
_ _ _ _ _ _ _ _ _ _ _ _ _ _ _ _ _ _ _ _ _ _ _ _ _ _ _ _ _ _ _ _ _ _ _ _ _ _ _ _ 

self = &lt;linkedList2.LinkedNode object at 0x7fcfe3b7c5b0&gt;

    def checkInfinite(self):
        """Check whether infinite loop via next."""
        p1 = p2 = self
        while p1 != None or p2 != None:
&gt;           if p2.next == None: return False
E           AttributeError: 'NoneType' object has no attribute 'next'

linkedList2.py:16: AttributeError
_________________________________ test_case_14 _________________________________

    def test_case_14():
        linked_list_0 = module_0.LinkedList()
        assert len(linked_list_0) == 0
        var_0 = linked_list_0.__len__()
        assert var_0 == 0
        none_type_0 = None
        linked_node_0 = module_0.LinkedNode(linked_list_0)
        assert len(linked_node_0.value) == 0
        var_1 = linked_node_0.checkInfinite()
        assert var_1 is False
        linked_node_1 = module_0.LinkedNode(none_type_0, linked_node_0)
        int_0 = 697
        str_0 = ''
        list_0 = [int_0, none_type_0, str_0, str_0, linked_node_0]
        linked_list_1 = module_0.LinkedList(*list_0)
        assert len(linked_list_1) == 5
&gt;       var_2 = linked_node_1.checkInfinite()

DYNAMOSA/test_linkedList2_DYNAMOSA.py:152: 
_ _ _ _ _ _ _ _ _ _ _ _ _ _ _ _ _ _ _ _ _ _ _ _ _ _ _ _ _ _ _ _ _ _ _ _ _ _ _ _ 

self = &lt;linkedList2.LinkedNode object at 0x7fcfe3cdab90&gt;

    def checkInfinite(self):
        """Check whether infinite loop via next."""
        p1 = p2 = self
        while p1 != None or p2 != None:
&gt;           if p2.next == None: return False
E           AttributeError: 'NoneType' object has no attribute 'next'

linkedList2.py:16: AttributeError
=========================== short test summary info ============================
FAILED DYNAMOSA/test_linkedList2_DYNAMOSA.py::test_case_13 - AttributeError: ...
FAILED DYNAMOSA/test_linkedList2_DYNAMOSA.py::test_case_14 - AttributeError: ...
========================= 2 failed, 13 passed in 0.08s =========================
</pre></div></div></div></div></div><div class="mb-1" id="job_list___sub_accordion_40"><div class="card"><a data-toggle="collapse" data-target="#job_list___sub_collapse_40_1" aria-expanded="false" aria-controls="job_list___sub_collapse_40_1" href="#" class="job_list___sub_multi_heading"><div role="alert" class="card-header alert-success" id="job_list___sub_heading_40_1"><button class="btn btn-outline-success"><span class="job_id">40 : Job ID abea745ed61e49359b03403bd0bdc5d1</span></button></div></a><div aria-labelledby="job_list___sub_heading_40_1" data-parent="#job_list___sub_accordion_40" class="collapse job_list___sub_multi_collapse" id="job_list___sub_collapse_40_1"><div class="card-body"><div class="work-item"><div class="alert alert-success test-outcome" role="alert"><p>worker outcome: normal</p><p>test outcome: killed</p></div></div><pre class="location"><a href="pycharm://open?file=linkedList2.py&amp;line=74" class="text-secondary"><button class="btn btn-outline-dark">linkedList2.py, start pos: (74, 16), end pos: (74, 17)</button></a></pre><pre>operator: core/NumberReplacer, occurrence: 0</pre><div class="alert alert-secondary"><pre class="diff">--- mutation diff ---
--- alinkedList2.py
+++ blinkedList2.py
@@ -71,7 +71,7 @@
     def __len__(self):
         """Count values in list."""
         n = self.head
-        count = 0
+        count = 1
         while n != None:
             count += 1
             n = n.next</pre></div><div class="alert alert-secondary"><pre class="diff">============================= test session starts ==============================
platform linux -- Python 3.10.10, pytest-7.2.1, pluggy-1.0.0
rootdir: /home/auri/temp/lucca/python_experiments/linkedList2
collected 15 items

DYNAMOSA/test_linkedList2_DYNAMOSA.py .FFFFFFFFF.FFFF                    [100%]

=================================== FAILURES ===================================
_________________________________ test_case_1 __________________________________

    def test_case_1():
        none_type_0 = None
        list_0 = [none_type_0]
        linked_list_0 = module_0.LinkedList(*list_0)
&gt;       assert len(linked_list_0) == 1
E       assert 2 == 1
E        +  where 2 = len(link:[None])

DYNAMOSA/test_linkedList2_DYNAMOSA.py:15: AssertionError
_________________________________ test_case_2 __________________________________

    def test_case_2():
        linked_list_0 = module_0.LinkedList()
&gt;       assert len(linked_list_0) == 0
E       assert 1 == 0
E        +  where 1 = len(link:[])

DYNAMOSA/test_linkedList2_DYNAMOSA.py:19: AssertionError
_________________________________ test_case_3 __________________________________

    def test_case_3():
        linked_list_0 = module_0.LinkedList()
&gt;       assert len(linked_list_0) == 0
E       assert 1 == 0
E        +  where 1 = len(link:[])

DYNAMOSA/test_linkedList2_DYNAMOSA.py:27: AssertionError
_________________________________ test_case_4 __________________________________

    def test_case_4():
        bytes_0 = b'\x14\x0f\xf4'
        list_0 = [bytes_0, bytes_0, bytes_0, bytes_0]
        linked_list_0 = module_0.LinkedList(*list_0)
&gt;       assert len(linked_list_0) == 4
E       AssertionError: assert 5 == 4
E        +  where 5 = len(link:[b'\x14\x0f\xf4',b'\x14\x0f\xf4',b'\x14\x0f\xf4',b'\x14\x0f\xf4'])

DYNAMOSA/test_linkedList2_DYNAMOSA.py:37: AssertionError
_________________________________ test_case_5 __________________________________

    def test_case_5():
        linked_list_0 = module_0.LinkedList()
&gt;       assert len(linked_list_0) == 0
E       assert 1 == 0
E        +  where 1 = len(link:[])

DYNAMOSA/test_linkedList2_DYNAMOSA.py:49: AssertionError
_________________________________ test_case_6 __________________________________

    def test_case_6():
        bool_0 = True
        list_0 = [bool_0, bool_0]
        list_1 = [list_0, list_0, list_0]
        linked_list_0 = module_0.LinkedList(*list_1)
&gt;       assert len(linked_list_0) == 3
E       assert 4 == 3
E        +  where 4 = len(link:[[True, True],[True, True],[True, True]])

DYNAMOSA/test_linkedList2_DYNAMOSA.py:61: AssertionError
_________________________________ test_case_7 __________________________________

    def test_case_7():
        linked_list_0 = module_0.LinkedList()
&gt;       assert len(linked_list_0) == 0
E       assert 1 == 0
E        +  where 1 = len(link:[])

DYNAMOSA/test_linkedList2_DYNAMOSA.py:67: AssertionError
_________________________________ test_case_8 __________________________________

    def test_case_8():
        linked_list_0 = module_0.LinkedList()
&gt;       assert len(linked_list_0) == 0
E       assert 1 == 0
E        +  where 1 = len(link:[])

DYNAMOSA/test_linkedList2_DYNAMOSA.py:76: AssertionError
_________________________________ test_case_9 __________________________________

    def test_case_9():
        bool_0 = False
        list_0 = [bool_0, bool_0, bool_0, bool_0]
        linked_list_0 = module_0.LinkedList(*list_0)
&gt;       assert len(linked_list_0) == 4
E       assert 5 == 4
E        +  where 5 = len(link:[False,False,False,False])

DYNAMOSA/test_linkedList2_DYNAMOSA.py:93: AssertionError
_________________________________ test_case_11 _________________________________

    def test_case_11():
        str_0 = 'Rg$'
        linked_list_0 = module_0.LinkedList(*str_0)
&gt;       assert len(linked_list_0) == 3
E       assert 4 == 3
E        +  where 4 = len(link:[$,g,R])

DYNAMOSA/test_linkedList2_DYNAMOSA.py:104: AssertionError
_________________________________ test_case_12 _________________________________

    def test_case_12():
        none_type_0 = None
        linked_node_0 = module_0.LinkedNode(none_type_0)
        linked_list_0 = module_0.LinkedList()
&gt;       assert len(linked_list_0) == 0
E       assert 1 == 0
E        +  where 1 = len(link:[])

DYNAMOSA/test_linkedList2_DYNAMOSA.py:116: AssertionError
_________________________________ test_case_13 _________________________________

    def test_case_13():
        linked_list_0 = module_0.LinkedList()
&gt;       assert len(linked_list_0) == 0
E       assert 1 == 0
E        +  where 1 = len(link:[])

DYNAMOSA/test_linkedList2_DYNAMOSA.py:129: AssertionError
_________________________________ test_case_14 _________________________________

    def test_case_14():
        linked_list_0 = module_0.LinkedList()
&gt;       assert len(linked_list_0) == 0
E       assert 1 == 0
E        +  where 1 = len(link:[])

DYNAMOSA/test_linkedList2_DYNAMOSA.py:138: AssertionError
=========================== short test summary info ============================
FAILED DYNAMOSA/test_linkedList2_DYNAMOSA.py::test_case_1 - assert 2 == 1
FAILED DYNAMOSA/test_linkedList2_DYNAMOSA.py::test_case_2 - assert 1 == 0
FAILED DYNAMOSA/test_linkedList2_DYNAMOSA.py::test_case_3 - assert 1 == 0
FAILED DYNAMOSA/test_linkedList2_DYNAMOSA.py::test_case_4 - AssertionError: a...
FAILED DYNAMOSA/test_linkedList2_DYNAMOSA.py::test_case_5 - assert 1 == 0
FAILED DYNAMOSA/test_linkedList2_DYNAMOSA.py::test_case_6 - assert 4 == 3
FAILED DYNAMOSA/test_linkedList2_DYNAMOSA.py::test_case_7 - assert 1 == 0
FAILED DYNAMOSA/test_linkedList2_DYNAMOSA.py::test_case_8 - assert 1 == 0
FAILED DYNAMOSA/test_linkedList2_DYNAMOSA.py::test_case_9 - assert 5 == 4
FAILED DYNAMOSA/test_linkedList2_DYNAMOSA.py::test_case_11 - assert 4 == 3
FAILED DYNAMOSA/test_linkedList2_DYNAMOSA.py::test_case_12 - assert 1 == 0
FAILED DYNAMOSA/test_linkedList2_DYNAMOSA.py::test_case_13 - assert 1 == 0
FAILED DYNAMOSA/test_linkedList2_DYNAMOSA.py::test_case_14 - assert 1 == 0
========================= 13 failed, 2 passed in 0.12s =========================
</pre></div></div></div></div></div><div class="mb-1" id="job_list___sub_accordion_41"><div class="card"><a data-toggle="collapse" data-target="#job_list___sub_collapse_41_1" aria-expanded="false" aria-controls="job_list___sub_collapse_41_1" href="#" class="job_list___sub_multi_heading"><div role="alert" class="card-header alert-success" id="job_list___sub_heading_41_1"><button class="btn btn-outline-success"><span class="job_id">41 : Job ID dee8f0e63ebb4069948faf0e038552d7</span></button></div></a><div aria-labelledby="job_list___sub_heading_41_1" data-parent="#job_list___sub_accordion_41" class="collapse job_list___sub_multi_collapse" id="job_list___sub_collapse_41_1"><div class="card-body"><div class="work-item"><div class="alert alert-success test-outcome" role="alert"><p>worker outcome: normal</p><p>test outcome: killed</p></div></div><pre class="location"><a href="pycharm://open?file=linkedList2.py&amp;line=74" class="text-secondary"><button class="btn btn-outline-dark">linkedList2.py, start pos: (74, 16), end pos: (74, 17)</button></a></pre><pre>operator: core/NumberReplacer, occurrence: 1</pre><div class="alert alert-secondary"><pre class="diff">--- mutation diff ---
--- alinkedList2.py
+++ blinkedList2.py
@@ -71,7 +71,7 @@
     def __len__(self):
         """Count values in list."""
         n = self.head
-        count = 0
+        count = -1
         while n != None:
             count += 1
             n = n.next</pre></div><div class="alert alert-secondary"><pre class="diff">============================= test session starts ==============================
platform linux -- Python 3.10.10, pytest-7.2.1, pluggy-1.0.0
rootdir: /home/auri/temp/lucca/python_experiments/linkedList2
collected 15 items

DYNAMOSA/test_linkedList2_DYNAMOSA.py .FFFFFFFFF.FFFF                    [100%]

=================================== FAILURES ===================================
_________________________________ test_case_1 __________________________________

    def test_case_1():
        none_type_0 = None
        list_0 = [none_type_0]
        linked_list_0 = module_0.LinkedList(*list_0)
&gt;       assert len(linked_list_0) == 1
E       assert 0 == 1
E        +  where 0 = len(link:[None])

DYNAMOSA/test_linkedList2_DYNAMOSA.py:15: AssertionError
_________________________________ test_case_2 __________________________________

    def test_case_2():
        linked_list_0 = module_0.LinkedList()
&gt;       assert len(linked_list_0) == 0
E       ValueError: __len__() should return &gt;= 0

DYNAMOSA/test_linkedList2_DYNAMOSA.py:19: ValueError
_________________________________ test_case_3 __________________________________

    def test_case_3():
        linked_list_0 = module_0.LinkedList()
&gt;       assert len(linked_list_0) == 0
E       ValueError: __len__() should return &gt;= 0

DYNAMOSA/test_linkedList2_DYNAMOSA.py:27: ValueError
_________________________________ test_case_4 __________________________________

    def test_case_4():
        bytes_0 = b'\x14\x0f\xf4'
        list_0 = [bytes_0, bytes_0, bytes_0, bytes_0]
        linked_list_0 = module_0.LinkedList(*list_0)
&gt;       assert len(linked_list_0) == 4
E       AssertionError: assert 3 == 4
E        +  where 3 = len(link:[b'\x14\x0f\xf4',b'\x14\x0f\xf4',b'\x14\x0f\xf4',b'\x14\x0f\xf4'])

DYNAMOSA/test_linkedList2_DYNAMOSA.py:37: AssertionError
_________________________________ test_case_5 __________________________________

    def test_case_5():
        linked_list_0 = module_0.LinkedList()
&gt;       assert len(linked_list_0) == 0
E       ValueError: __len__() should return &gt;= 0

DYNAMOSA/test_linkedList2_DYNAMOSA.py:49: ValueError
_________________________________ test_case_6 __________________________________

    def test_case_6():
        bool_0 = True
        list_0 = [bool_0, bool_0]
        list_1 = [list_0, list_0, list_0]
        linked_list_0 = module_0.LinkedList(*list_1)
&gt;       assert len(linked_list_0) == 3
E       assert 2 == 3
E        +  where 2 = len(link:[[True, True],[True, True],[True, True]])

DYNAMOSA/test_linkedList2_DYNAMOSA.py:61: AssertionError
_________________________________ test_case_7 __________________________________

    def test_case_7():
        linked_list_0 = module_0.LinkedList()
&gt;       assert len(linked_list_0) == 0
E       ValueError: __len__() should return &gt;= 0

DYNAMOSA/test_linkedList2_DYNAMOSA.py:67: ValueError
_________________________________ test_case_8 __________________________________

    def test_case_8():
        linked_list_0 = module_0.LinkedList()
&gt;       assert len(linked_list_0) == 0
E       ValueError: __len__() should return &gt;= 0

DYNAMOSA/test_linkedList2_DYNAMOSA.py:76: ValueError
_________________________________ test_case_9 __________________________________

    def test_case_9():
        bool_0 = False
        list_0 = [bool_0, bool_0, bool_0, bool_0]
        linked_list_0 = module_0.LinkedList(*list_0)
&gt;       assert len(linked_list_0) == 4
E       assert 3 == 4
E        +  where 3 = len(link:[False,False,False,False])

DYNAMOSA/test_linkedList2_DYNAMOSA.py:93: AssertionError
_________________________________ test_case_11 _________________________________

    def test_case_11():
        str_0 = 'Rg$'
        linked_list_0 = module_0.LinkedList(*str_0)
&gt;       assert len(linked_list_0) == 3
E       assert 2 == 3
E        +  where 2 = len(link:[$,g,R])

DYNAMOSA/test_linkedList2_DYNAMOSA.py:104: AssertionError
_________________________________ test_case_12 _________________________________

    def test_case_12():
        none_type_0 = None
        linked_node_0 = module_0.LinkedNode(none_type_0)
        linked_list_0 = module_0.LinkedList()
&gt;       assert len(linked_list_0) == 0
E       ValueError: __len__() should return &gt;= 0

DYNAMOSA/test_linkedList2_DYNAMOSA.py:116: ValueError
_________________________________ test_case_13 _________________________________

    def test_case_13():
        linked_list_0 = module_0.LinkedList()
&gt;       assert len(linked_list_0) == 0
E       ValueError: __len__() should return &gt;= 0

DYNAMOSA/test_linkedList2_DYNAMOSA.py:129: ValueError
_________________________________ test_case_14 _________________________________

    def test_case_14():
        linked_list_0 = module_0.LinkedList()
&gt;       assert len(linked_list_0) == 0
E       ValueError: __len__() should return &gt;= 0

DYNAMOSA/test_linkedList2_DYNAMOSA.py:138: ValueError
=========================== short test summary info ============================
FAILED DYNAMOSA/test_linkedList2_DYNAMOSA.py::test_case_1 - assert 0 == 1
FAILED DYNAMOSA/test_linkedList2_DYNAMOSA.py::test_case_2 - ValueError: __len...
FAILED DYNAMOSA/test_linkedList2_DYNAMOSA.py::test_case_3 - ValueError: __len...
FAILED DYNAMOSA/test_linkedList2_DYNAMOSA.py::test_case_4 - AssertionError: a...
FAILED DYNAMOSA/test_linkedList2_DYNAMOSA.py::test_case_5 - ValueError: __len...
FAILED DYNAMOSA/test_linkedList2_DYNAMOSA.py::test_case_6 - assert 2 == 3
FAILED DYNAMOSA/test_linkedList2_DYNAMOSA.py::test_case_7 - ValueError: __len...
FAILED DYNAMOSA/test_linkedList2_DYNAMOSA.py::test_case_8 - ValueError: __len...
FAILED DYNAMOSA/test_linkedList2_DYNAMOSA.py::test_case_9 - assert 3 == 4
FAILED DYNAMOSA/test_linkedList2_DYNAMOSA.py::test_case_11 - assert 2 == 3
FAILED DYNAMOSA/test_linkedList2_DYNAMOSA.py::test_case_12 - ValueError: __le...
FAILED DYNAMOSA/test_linkedList2_DYNAMOSA.py::test_case_13 - ValueError: __le...
FAILED DYNAMOSA/test_linkedList2_DYNAMOSA.py::test_case_14 - ValueError: __le...
========================= 13 failed, 2 passed in 0.12s =========================
</pre></div></div></div></div></div><div class="mb-1" id="job_list___sub_accordion_42"><div class="card"><a data-toggle="collapse" data-target="#job_list___sub_collapse_42_1" aria-expanded="false" aria-controls="job_list___sub_collapse_42_1" href="#" class="job_list___sub_multi_heading"><div role="alert" class="card-header alert-success" id="job_list___sub_heading_42_1"><button class="btn btn-outline-success"><span class="job_id">42 : Job ID 11c30f8c6eb446fbb4a5e3addafc51b9</span></button></div></a><div aria-labelledby="job_list___sub_heading_42_1" data-parent="#job_list___sub_accordion_42" class="collapse job_list___sub_multi_collapse" id="job_list___sub_collapse_42_1"><div class="card-body"><div class="work-item"><div class="alert alert-success test-outcome" role="alert"><p>worker outcome: normal</p><p>test outcome: killed</p></div></div><pre class="location"><a href="pycharm://open?file=linkedList2.py&amp;line=76" class="text-secondary"><button class="btn btn-outline-dark">linkedList2.py, start pos: (76, 21), end pos: (76, 22)</button></a></pre><pre>operator: core/NumberReplacer, occurrence: 2</pre><div class="alert alert-secondary"><pre class="diff">--- mutation diff ---
--- alinkedList2.py
+++ blinkedList2.py
@@ -73,7 +73,7 @@
         n = self.head
         count = 0
         while n != None:
-            count += 1
+            count += 2
             n = n.next
         return count
 </pre></div><div class="alert alert-secondary"><pre class="diff">============================= test session starts ==============================
platform linux -- Python 3.10.10, pytest-7.2.1, pluggy-1.0.0
rootdir: /home/auri/temp/lucca/python_experiments/linkedList2
collected 15 items

DYNAMOSA/test_linkedList2_DYNAMOSA.py .FF.FFF.FF.F..F                    [100%]

=================================== FAILURES ===================================
_________________________________ test_case_1 __________________________________

    def test_case_1():
        none_type_0 = None
        list_0 = [none_type_0]
        linked_list_0 = module_0.LinkedList(*list_0)
&gt;       assert len(linked_list_0) == 1
E       assert 2 == 1
E        +  where 2 = len(link:[None])

DYNAMOSA/test_linkedList2_DYNAMOSA.py:15: AssertionError
_________________________________ test_case_2 __________________________________

    def test_case_2():
        linked_list_0 = module_0.LinkedList()
        assert len(linked_list_0) == 0
        var_0 = linked_list_0.__len__()
        assert var_0 == 0
        var_1 = linked_list_0.prepend(var_0)
&gt;       assert len(linked_list_0) == 1
E       assert 2 == 1
E        +  where 2 = len(link:[0])

DYNAMOSA/test_linkedList2_DYNAMOSA.py:23: AssertionError
_________________________________ test_case_4 __________________________________

    def test_case_4():
        bytes_0 = b'\x14\x0f\xf4'
        list_0 = [bytes_0, bytes_0, bytes_0, bytes_0]
        linked_list_0 = module_0.LinkedList(*list_0)
&gt;       assert len(linked_list_0) == 4
E       AssertionError: assert 8 == 4
E        +  where 8 = len(link:[b'\x14\x0f\xf4',b'\x14\x0f\xf4',b'\x14\x0f\xf4',b'\x14\x0f\xf4'])

DYNAMOSA/test_linkedList2_DYNAMOSA.py:37: AssertionError
_________________________________ test_case_5 __________________________________

    def test_case_5():
        linked_list_0 = module_0.LinkedList()
        assert len(linked_list_0) == 0
        var_0 = linked_list_0.prepend(linked_list_0)
&gt;       assert len(linked_list_0) == 1
E       AssertionError: assert 2 == 1
E        +  where 2 = len(&lt;[RecursionError('maximum recursion depth exceeded') raised in repr()] LinkedList object at 0x7fd0f7f27a90&gt;)

DYNAMOSA/test_linkedList2_DYNAMOSA.py:51: AssertionError
_________________________________ test_case_6 __________________________________

    def test_case_6():
        bool_0 = True
        list_0 = [bool_0, bool_0]
        list_1 = [list_0, list_0, list_0]
        linked_list_0 = module_0.LinkedList(*list_1)
&gt;       assert len(linked_list_0) == 3
E       assert 6 == 3
E        +  where 6 = len(link:[[True, True],[True, True],[True, True]])

DYNAMOSA/test_linkedList2_DYNAMOSA.py:61: AssertionError
_________________________________ test_case_8 __________________________________

    def test_case_8():
        linked_list_0 = module_0.LinkedList()
        assert len(linked_list_0) == 0
        var_0 = linked_list_0.prepend(linked_list_0)
&gt;       assert len(linked_list_0) == 1
E       AssertionError: assert 2 == 1
E        +  where 2 = len(&lt;[RecursionError('maximum recursion depth exceeded') raised in repr()] LinkedList object at 0x7fd0f7d13340&gt;)

DYNAMOSA/test_linkedList2_DYNAMOSA.py:78: AssertionError
_________________________________ test_case_9 __________________________________

    def test_case_9():
        bool_0 = False
        list_0 = [bool_0, bool_0, bool_0, bool_0]
        linked_list_0 = module_0.LinkedList(*list_0)
&gt;       assert len(linked_list_0) == 4
E       assert 8 == 4
E        +  where 8 = len(link:[False,False,False,False])

DYNAMOSA/test_linkedList2_DYNAMOSA.py:93: AssertionError
_________________________________ test_case_11 _________________________________

    def test_case_11():
        str_0 = 'Rg$'
        linked_list_0 = module_0.LinkedList(*str_0)
&gt;       assert len(linked_list_0) == 3
E       assert 6 == 3
E        +  where 6 = len(link:[$,g,R])

DYNAMOSA/test_linkedList2_DYNAMOSA.py:104: AssertionError
_________________________________ test_case_14 _________________________________

    def test_case_14():
        linked_list_0 = module_0.LinkedList()
        assert len(linked_list_0) == 0
        var_0 = linked_list_0.__len__()
        assert var_0 == 0
        none_type_0 = None
        linked_node_0 = module_0.LinkedNode(linked_list_0)
        assert len(linked_node_0.value) == 0
        var_1 = linked_node_0.checkInfinite()
        assert var_1 is False
        linked_node_1 = module_0.LinkedNode(none_type_0, linked_node_0)
        int_0 = 697
        str_0 = ''
        list_0 = [int_0, none_type_0, str_0, str_0, linked_node_0]
        linked_list_1 = module_0.LinkedList(*list_0)
&gt;       assert len(linked_list_1) == 5
E       assert 10 == 5
E        +  where 10 = len(link:[&lt;linkedList2.LinkedNode object at 0x7fd0f7fb44c0&gt;,,,None,697])

DYNAMOSA/test_linkedList2_DYNAMOSA.py:151: AssertionError
=========================== short test summary info ============================
FAILED DYNAMOSA/test_linkedList2_DYNAMOSA.py::test_case_1 - assert 2 == 1
FAILED DYNAMOSA/test_linkedList2_DYNAMOSA.py::test_case_2 - assert 2 == 1
FAILED DYNAMOSA/test_linkedList2_DYNAMOSA.py::test_case_4 - AssertionError: a...
FAILED DYNAMOSA/test_linkedList2_DYNAMOSA.py::test_case_5 - AssertionError: a...
FAILED DYNAMOSA/test_linkedList2_DYNAMOSA.py::test_case_6 - assert 6 == 3
FAILED DYNAMOSA/test_linkedList2_DYNAMOSA.py::test_case_8 - AssertionError: a...
FAILED DYNAMOSA/test_linkedList2_DYNAMOSA.py::test_case_9 - assert 8 == 4
FAILED DYNAMOSA/test_linkedList2_DYNAMOSA.py::test_case_11 - assert 6 == 3
FAILED DYNAMOSA/test_linkedList2_DYNAMOSA.py::test_case_14 - assert 10 == 5
========================= 9 failed, 6 passed in 0.11s ==========================
</pre></div></div></div></div></div><div class="mb-1" id="job_list___sub_accordion_43"><div class="card"><a data-toggle="collapse" data-target="#job_list___sub_collapse_43_1" aria-expanded="false" aria-controls="job_list___sub_collapse_43_1" href="#" class="job_list___sub_multi_heading"><div role="alert" class="card-header alert-success" id="job_list___sub_heading_43_1"><button class="btn btn-outline-success"><span class="job_id">43 : Job ID f0c221cac56e4c30942c98fc3f647279</span></button></div></a><div aria-labelledby="job_list___sub_heading_43_1" data-parent="#job_list___sub_accordion_43" class="collapse job_list___sub_multi_collapse" id="job_list___sub_collapse_43_1"><div class="card-body"><div class="work-item"><div class="alert alert-success test-outcome" role="alert"><p>worker outcome: normal</p><p>test outcome: killed</p></div></div><pre class="location"><a href="pycharm://open?file=linkedList2.py&amp;line=76" class="text-secondary"><button class="btn btn-outline-dark">linkedList2.py, start pos: (76, 21), end pos: (76, 22)</button></a></pre><pre>operator: core/NumberReplacer, occurrence: 3</pre><div class="alert alert-secondary"><pre class="diff">--- mutation diff ---
--- alinkedList2.py
+++ blinkedList2.py
@@ -73,7 +73,7 @@
         n = self.head
         count = 0
         while n != None:
-            count += 1
+            count += 0
             n = n.next
         return count
 </pre></div><div class="alert alert-secondary"><pre class="diff">============================= test session starts ==============================
platform linux -- Python 3.10.10, pytest-7.2.1, pluggy-1.0.0
rootdir: /home/auri/temp/lucca/python_experiments/linkedList2
collected 15 items

DYNAMOSA/test_linkedList2_DYNAMOSA.py .FF.FFF.FF.F..F                    [100%]

=================================== FAILURES ===================================
_________________________________ test_case_1 __________________________________

    def test_case_1():
        none_type_0 = None
        list_0 = [none_type_0]
        linked_list_0 = module_0.LinkedList(*list_0)
&gt;       assert len(linked_list_0) == 1
E       assert 0 == 1
E        +  where 0 = len(link:[None])

DYNAMOSA/test_linkedList2_DYNAMOSA.py:15: AssertionError
_________________________________ test_case_2 __________________________________

    def test_case_2():
        linked_list_0 = module_0.LinkedList()
        assert len(linked_list_0) == 0
        var_0 = linked_list_0.__len__()
        assert var_0 == 0
        var_1 = linked_list_0.prepend(var_0)
&gt;       assert len(linked_list_0) == 1
E       assert 0 == 1
E        +  where 0 = len(link:[0])

DYNAMOSA/test_linkedList2_DYNAMOSA.py:23: AssertionError
_________________________________ test_case_4 __________________________________

    def test_case_4():
        bytes_0 = b'\x14\x0f\xf4'
        list_0 = [bytes_0, bytes_0, bytes_0, bytes_0]
        linked_list_0 = module_0.LinkedList(*list_0)
&gt;       assert len(linked_list_0) == 4
E       AssertionError: assert 0 == 4
E        +  where 0 = len(link:[b'\x14\x0f\xf4',b'\x14\x0f\xf4',b'\x14\x0f\xf4',b'\x14\x0f\xf4'])

DYNAMOSA/test_linkedList2_DYNAMOSA.py:37: AssertionError
_________________________________ test_case_5 __________________________________

    def test_case_5():
        linked_list_0 = module_0.LinkedList()
        assert len(linked_list_0) == 0
        var_0 = linked_list_0.prepend(linked_list_0)
&gt;       assert len(linked_list_0) == 1
E       AssertionError: assert 0 == 1
E        +  where 0 = len(&lt;[RecursionError('maximum recursion depth exceeded') raised in repr()] LinkedList object at 0x7f52b988b820&gt;)

DYNAMOSA/test_linkedList2_DYNAMOSA.py:51: AssertionError
_________________________________ test_case_6 __________________________________

    def test_case_6():
        bool_0 = True
        list_0 = [bool_0, bool_0]
        list_1 = [list_0, list_0, list_0]
        linked_list_0 = module_0.LinkedList(*list_1)
&gt;       assert len(linked_list_0) == 3
E       assert 0 == 3
E        +  where 0 = len(link:[[True, True],[True, True],[True, True]])

DYNAMOSA/test_linkedList2_DYNAMOSA.py:61: AssertionError
_________________________________ test_case_8 __________________________________

    def test_case_8():
        linked_list_0 = module_0.LinkedList()
        assert len(linked_list_0) == 0
        var_0 = linked_list_0.prepend(linked_list_0)
&gt;       assert len(linked_list_0) == 1
E       AssertionError: assert 0 == 1
E        +  where 0 = len(&lt;[RecursionError('maximum recursion depth exceeded') raised in repr()] LinkedList object at 0x7f52b962f280&gt;)

DYNAMOSA/test_linkedList2_DYNAMOSA.py:78: AssertionError
_________________________________ test_case_9 __________________________________

    def test_case_9():
        bool_0 = False
        list_0 = [bool_0, bool_0, bool_0, bool_0]
        linked_list_0 = module_0.LinkedList(*list_0)
&gt;       assert len(linked_list_0) == 4
E       assert 0 == 4
E        +  where 0 = len(link:[False,False,False,False])

DYNAMOSA/test_linkedList2_DYNAMOSA.py:93: AssertionError
_________________________________ test_case_11 _________________________________

    def test_case_11():
        str_0 = 'Rg$'
        linked_list_0 = module_0.LinkedList(*str_0)
&gt;       assert len(linked_list_0) == 3
E       assert 0 == 3
E        +  where 0 = len(link:[$,g,R])

DYNAMOSA/test_linkedList2_DYNAMOSA.py:104: AssertionError
_________________________________ test_case_14 _________________________________

    def test_case_14():
        linked_list_0 = module_0.LinkedList()
        assert len(linked_list_0) == 0
        var_0 = linked_list_0.__len__()
        assert var_0 == 0
        none_type_0 = None
        linked_node_0 = module_0.LinkedNode(linked_list_0)
        assert len(linked_node_0.value) == 0
        var_1 = linked_node_0.checkInfinite()
        assert var_1 is False
        linked_node_1 = module_0.LinkedNode(none_type_0, linked_node_0)
        int_0 = 697
        str_0 = ''
        list_0 = [int_0, none_type_0, str_0, str_0, linked_node_0]
        linked_list_1 = module_0.LinkedList(*list_0)
&gt;       assert len(linked_list_1) == 5
E       assert 0 == 5
E        +  where 0 = len(link:[&lt;linkedList2.LinkedNode object at 0x7f52b98dbe80&gt;,,,None,697])

DYNAMOSA/test_linkedList2_DYNAMOSA.py:151: AssertionError
=========================== short test summary info ============================
FAILED DYNAMOSA/test_linkedList2_DYNAMOSA.py::test_case_1 - assert 0 == 1
FAILED DYNAMOSA/test_linkedList2_DYNAMOSA.py::test_case_2 - assert 0 == 1
FAILED DYNAMOSA/test_linkedList2_DYNAMOSA.py::test_case_4 - AssertionError: a...
FAILED DYNAMOSA/test_linkedList2_DYNAMOSA.py::test_case_5 - AssertionError: a...
FAILED DYNAMOSA/test_linkedList2_DYNAMOSA.py::test_case_6 - assert 0 == 3
FAILED DYNAMOSA/test_linkedList2_DYNAMOSA.py::test_case_8 - AssertionError: a...
FAILED DYNAMOSA/test_linkedList2_DYNAMOSA.py::test_case_9 - assert 0 == 4
FAILED DYNAMOSA/test_linkedList2_DYNAMOSA.py::test_case_11 - assert 0 == 3
FAILED DYNAMOSA/test_linkedList2_DYNAMOSA.py::test_case_14 - assert 0 == 5
========================= 9 failed, 6 passed in 0.10s ==========================
</pre></div></div></div></div></div><div class="mb-1" id="job_list___sub_accordion_44"><div class="card"><a data-toggle="collapse" data-target="#job_list___sub_collapse_44_1" aria-expanded="false" aria-controls="job_list___sub_collapse_44_1" href="#" class="job_list___sub_multi_heading"><div role="alert" class="card-header alert-success" id="job_list___sub_heading_44_1"><button class="btn btn-outline-success"><span class="job_id">44 : Job ID ba30040368a041198bbd2447c07d1ca3</span></button></div></a><div aria-labelledby="job_list___sub_heading_44_1" data-parent="#job_list___sub_accordion_44" class="collapse job_list___sub_multi_collapse" id="job_list___sub_collapse_44_1"><div class="card-body"><div class="work-item"><div class="alert alert-success test-outcome" role="alert"><p>worker outcome: normal</p><p>test outcome: killed</p></div></div><pre class="location"><a href="pycharm://open?file=linkedList2.py&amp;line=28" class="text-secondary"><button class="btn btn-outline-dark">linkedList2.py, start pos: (28, 17), end pos: (28, 22)</button></a></pre><pre>operator: core/ZeroIterationForLoop, occurrence: 0</pre><div class="alert alert-secondary"><pre class="diff">--- mutation diff ---
--- alinkedList2.py
+++ blinkedList2.py
@@ -25,7 +25,7 @@
     def __init__(self, *start):
         """Demonstrate linked lists in Python."""
         self.head  = None
-        for _ in start:
+        for _ in []:
             self.prepend(_)
 
     def prepend(self, value):</pre></div><div class="alert alert-secondary"><pre class="diff">============================= test session starts ==============================
platform linux -- Python 3.10.10, pytest-7.2.1, pluggy-1.0.0
rootdir: /home/auri/temp/lucca/python_experiments/linkedList2
collected 15 items

DYNAMOSA/test_linkedList2_DYNAMOSA.py .F..F.F..F.F..F                    [100%]

=================================== FAILURES ===================================
_________________________________ test_case_1 __________________________________

    def test_case_1():
        none_type_0 = None
        list_0 = [none_type_0]
        linked_list_0 = module_0.LinkedList(*list_0)
&gt;       assert len(linked_list_0) == 1
E       assert 0 == 1
E        +  where 0 = len(link:[])

DYNAMOSA/test_linkedList2_DYNAMOSA.py:15: AssertionError
_________________________________ test_case_4 __________________________________

    def test_case_4():
        bytes_0 = b'\x14\x0f\xf4'
        list_0 = [bytes_0, bytes_0, bytes_0, bytes_0]
        linked_list_0 = module_0.LinkedList(*list_0)
&gt;       assert len(linked_list_0) == 4
E       assert 0 == 4
E        +  where 0 = len(link:[])

DYNAMOSA/test_linkedList2_DYNAMOSA.py:37: AssertionError
_________________________________ test_case_6 __________________________________

    def test_case_6():
        bool_0 = True
        list_0 = [bool_0, bool_0]
        list_1 = [list_0, list_0, list_0]
        linked_list_0 = module_0.LinkedList(*list_1)
&gt;       assert len(linked_list_0) == 3
E       assert 0 == 3
E        +  where 0 = len(link:[])

DYNAMOSA/test_linkedList2_DYNAMOSA.py:61: AssertionError
_________________________________ test_case_9 __________________________________

    def test_case_9():
        bool_0 = False
        list_0 = [bool_0, bool_0, bool_0, bool_0]
        linked_list_0 = module_0.LinkedList(*list_0)
&gt;       assert len(linked_list_0) == 4
E       assert 0 == 4
E        +  where 0 = len(link:[])

DYNAMOSA/test_linkedList2_DYNAMOSA.py:93: AssertionError
_________________________________ test_case_11 _________________________________

    def test_case_11():
        str_0 = 'Rg$'
        linked_list_0 = module_0.LinkedList(*str_0)
&gt;       assert len(linked_list_0) == 3
E       assert 0 == 3
E        +  where 0 = len(link:[])

DYNAMOSA/test_linkedList2_DYNAMOSA.py:104: AssertionError
_________________________________ test_case_14 _________________________________

    def test_case_14():
        linked_list_0 = module_0.LinkedList()
        assert len(linked_list_0) == 0
        var_0 = linked_list_0.__len__()
        assert var_0 == 0
        none_type_0 = None
        linked_node_0 = module_0.LinkedNode(linked_list_0)
        assert len(linked_node_0.value) == 0
        var_1 = linked_node_0.checkInfinite()
        assert var_1 is False
        linked_node_1 = module_0.LinkedNode(none_type_0, linked_node_0)
        int_0 = 697
        str_0 = ''
        list_0 = [int_0, none_type_0, str_0, str_0, linked_node_0]
        linked_list_1 = module_0.LinkedList(*list_0)
&gt;       assert len(linked_list_1) == 5
E       assert 0 == 5
E        +  where 0 = len(link:[])

DYNAMOSA/test_linkedList2_DYNAMOSA.py:151: AssertionError
=========================== short test summary info ============================
FAILED DYNAMOSA/test_linkedList2_DYNAMOSA.py::test_case_1 - assert 0 == 1
FAILED DYNAMOSA/test_linkedList2_DYNAMOSA.py::test_case_4 - assert 0 == 4
FAILED DYNAMOSA/test_linkedList2_DYNAMOSA.py::test_case_6 - assert 0 == 3
FAILED DYNAMOSA/test_linkedList2_DYNAMOSA.py::test_case_9 - assert 0 == 4
FAILED DYNAMOSA/test_linkedList2_DYNAMOSA.py::test_case_11 - assert 0 == 3
FAILED DYNAMOSA/test_linkedList2_DYNAMOSA.py::test_case_14 - assert 0 == 5
========================= 6 failed, 9 passed in 0.09s ==========================
</pre></div></div></div></div></div></div></div></div></div></div><script src="https://code.jquery.com/jquery-3.3.1.slim.min.js" integrity="sha384-q8i/X+965DzO0rT7abK41JStQIAqVgRVzpbzo5smXKp4YfRvH+8abtTE1Pi6jizo" crossorigin="anonymous"></script><script src="https://cdnjs.cloudflare.com/ajax/libs/popper.js/1.14.7/umd/popper.min.js" integrity="sha384-UO2eT0CpHqdSJQ6hJty5KVphtPhzWj9WO1clHTMGa3JDZwrnQq4sF86dIHNDz0W1" crossorigin="anonymous"></script><script src="https://stackpath.bootstrapcdn.com/bootstrap/4.3.1/js/bootstrap.min.js" integrity="sha384-JjSmVgyd0p3pXB1rRibZUAYoIIy6OrQ6VrjIEaFf/nJGzIxFDsf4x0xIM+B07jRM" crossorigin="anonymous"></script><script type="text/javascript">$('div.job_list___sub_multi_collapse').on('shown.bs.collapse',  function () {    correct_behavior_functional_buttons();  });$('div.job_list___sub_multi_collapse').on('hidden.bs.collapse',  function () {    correct_behavior_functional_buttons();  });function correct_behavior_functional_buttons() {    var expand = false;    var collapse = false;    $('a.job_list___sub_multi_heading').each(function(index) {      if ($(this).attr('aria-expanded') == 'false') {        expand = true;        return false;      };    });    $('a.job_list___sub_multi_heading').each(function(index) {      if ($(this).attr('aria-expanded') == 'true') {        collapse = true;        return false;      };    });    if (expand) {      $('div#job_item_expand_all').css('display', 'inline-block');    } else {      $('div#job_item_expand_all').css('display', 'none');    };    if (collapse) {      $('div#job_item_collapse_all').css('display', 'inline-block');    } else {      $('div#job_item_collapse_all').css('display', 'none');    };  };correct_behavior_functional_buttons();</script></body></html>
