<!DOCTYPE html><html lang="en"><head><meta charset="utf-8" /><meta name="viewport" content="width=device-width, initial-scale=1, shrink-to-fit=no" /><link rel="stylesheet" href="https://stackpath.bootstrapcdn.com/bootstrap/4.3.1/css/bootstrap.min.css" integrity="sha384-ggOyR0iXCbMQv3Xipma34MD+dH/1fQ784/j6cY/iJTQUOhcWr7x9JvoRxT2MZw1T" crossorigin="anonymous" /><title>Cosmic Ray Report</title></head><body><div class="container"><h1><p class="text-dark">Cosmic Ray Report</p></h1></div><div class="container"><div class="mb-1" id="summary_info___accordion"><div class="card"><a data-toggle="collapse" data-target="#summary_info___collapse_1" aria-expanded="true" aria-controls="summary_info___collapse_1" href="#"><div class="card-header" id="summary_info___heading_1"><button class="btn btn-outline-dark"><h4 class="m-0">Summary info</h4></button></div></a><div aria-labelledby="summary_info___heading_1" data-parent="#summary_info___accordion" class="collapse show" id="summary_info___collapse_1"><div class="card-body"><p>Date time: 04/03/2023 23:37:40</p><p>Total jobs: 18</p><p>Complete: 18 (100.00%)</p><p>Surviving mutants: 0 (0.00%)</p></div></div></div></div><div class="mb-1" id="job_list___accordion"><div class="card"><a data-toggle="collapse" data-target="#job_list___collapse_1" aria-expanded="false" aria-controls="job_list___collapse_1" href="#"><div class="card-header" id="job_list___heading_1"><button class="btn btn-outline-dark"><h4 class="m-0">Job list</h4></button></div></a><div aria-labelledby="job_list___heading_1" data-parent="#job_list___accordion" class="collapse" id="job_list___collapse_1"><div class="card-body"><div class="text-right mb-1"><div class="mx-1" id="job_item_expand_all"><a href="#" onclick="$('div.job_list___sub_multi_collapse').collapse('show');"><button class="btn btn-outline-dark"><span>Expand All</span></button></a></div><div class="mx-1" id="job_item_collapse_all"><a href="#" onclick="$('div.job_list___sub_multi_collapse').collapse('hide');"><button class="btn btn-outline-dark"><span>Collapse All</span></button></a></div></div><div class="mb-1" id="job_list___sub_accordion_1"><div class="card"><a data-toggle="collapse" data-target="#job_list___sub_collapse_1_1" aria-expanded="false" aria-controls="job_list___sub_collapse_1_1" href="#" class="job_list___sub_multi_heading"><div role="alert" class="card-header alert-success" id="job_list___sub_heading_1_1"><button class="btn btn-outline-success"><span class="job_id">1 : Job ID c8d853c281cb48fabd1ccc9f91f0c281</span></button></div></a><div aria-labelledby="job_list___sub_heading_1_1" data-parent="#job_list___sub_accordion_1" class="collapse job_list___sub_multi_collapse" id="job_list___sub_collapse_1_1"><div class="card-body"><div class="work-item"><div class="alert alert-success test-outcome" role="alert"><p>worker outcome: normal</p><p>test outcome: killed</p></div></div><pre class="location"><a href="pycharm://open?file=binarySearchTree4.py&amp;line=29" class="text-secondary"><button class="btn btn-outline-dark">binarySearchTree4.py, start pos: (29, 16), end pos: (29, 18)</button></a></pre><pre>operator: core/ReplaceComparisonOperator_LtE_Eq, occurrence: 0</pre><div class="alert alert-secondary"><pre class="diff">--- mutation diff ---
--- abinarySearchTree4.py
+++ bbinarySearchTree4.py
@@ -26,7 +26,7 @@
     def _insert(self, node, data):
         if node is None:
             return Node(data)
-        if data &lt;= node.data:
+        if data == node.data:
             if node.left is None:
                 node.left = self._insert(node.left, data)
                 node.left.parent = node</pre></div><div class="alert alert-secondary"><pre class="diff">============================= test session starts ==============================
platform linux -- Python 3.10.10, pytest-7.2.1, pluggy-1.0.0
rootdir: /home/auri/temp/lucca/python_experiments/binarySearchTree4
collected 9 items

WHOLE_SUITE/test_binarySearchTree4_WHOLE_SUITE.py ......F..              [100%]

=================================== FAILURES ===================================
_________________________________ test_case_6 __________________________________

    def test_case_6():
        bst_0 = module_0.Bst()
        int_0 = -852
        bst_1 = module_0.Bst()
        var_0 = bst_1.insert(int_0)
        assert f'{type(bst_1.root).__module__}.{type(bst_1.root).__qualname__}' == 'binarySearchTree4.Node'
        assert f'{type(var_0).__module__}.{type(var_0).__qualname__}' == 'binarySearchTree4.Node'
        assert var_0.data == -852
        assert var_0.left is None
        assert var_0.right is None
        assert var_0.parent is None
        var_1 = bst_0.__repr__()
&gt;       with pytest.raises(TypeError):
E       Failed: DID NOT RAISE &lt;class 'TypeError'&gt;

WHOLE_SUITE/test_binarySearchTree4_WHOLE_SUITE.py:91: Failed
=========================== short test summary info ============================
FAILED WHOLE_SUITE/test_binarySearchTree4_WHOLE_SUITE.py::test_case_6 - Faile...
========================= 1 failed, 8 passed in 0.21s ==========================
</pre></div></div></div></div></div><div class="mb-1" id="job_list___sub_accordion_2"><div class="card"><a data-toggle="collapse" data-target="#job_list___sub_collapse_2_1" aria-expanded="false" aria-controls="job_list___sub_collapse_2_1" href="#" class="job_list___sub_multi_heading"><div role="alert" class="card-header alert-success" id="job_list___sub_heading_2_1"><button class="btn btn-outline-success"><span class="job_id">2 : Job ID c8bf685d94b84a1f8f4b1016d560ebda</span></button></div></a><div aria-labelledby="job_list___sub_heading_2_1" data-parent="#job_list___sub_accordion_2" class="collapse job_list___sub_multi_collapse" id="job_list___sub_collapse_2_1"><div class="card-body"><div class="work-item"><div class="alert alert-success test-outcome" role="alert"><p>worker outcome: normal</p><p>test outcome: killed</p></div></div><pre class="location"><a href="pycharm://open?file=binarySearchTree4.py&amp;line=29" class="text-secondary"><button class="btn btn-outline-dark">binarySearchTree4.py, start pos: (29, 16), end pos: (29, 18)</button></a></pre><pre>operator: core/ReplaceComparisonOperator_LtE_NotEq, occurrence: 0</pre><div class="alert alert-secondary"><pre class="diff">--- mutation diff ---
--- abinarySearchTree4.py
+++ bbinarySearchTree4.py
@@ -26,7 +26,7 @@
     def _insert(self, node, data):
         if node is None:
             return Node(data)
-        if data &lt;= node.data:
+        if data != node.data:
             if node.left is None:
                 node.left = self._insert(node.left, data)
                 node.left.parent = node</pre></div><div class="alert alert-secondary"><pre class="diff">============================= test session starts ==============================
platform linux -- Python 3.10.10, pytest-7.2.1, pluggy-1.0.0
rootdir: /home/auri/temp/lucca/python_experiments/binarySearchTree4
collected 9 items

WHOLE_SUITE/test_binarySearchTree4_WHOLE_SUITE.py F.....FF.              [100%]

=================================== FAILURES ===================================
_________________________________ test_case_0 __________________________________

    def test_case_0():
        bst_0 = module_0.Bst()
        bst_1 = module_0.Bst()
        bst_2 = module_0.Bst()
        bst_3 = module_0.Bst()
        bool_0 = False
        int_0 = 1568
        list_0 = [int_0]
        complex_0 = -46.48 + 1184.7075j
        var_0 = bst_0.insert(list_0)
        assert f'{type(bst_0.root).__module__}.{type(bst_0.root).__qualname__}' == 'binarySearchTree4.Node'
        assert f'{type(var_0).__module__}.{type(var_0).__qualname__}' == 'binarySearchTree4.Node'
        assert var_0.data == [1568]
        assert var_0.left is None
        assert var_0.right is None
        assert var_0.parent is None
        node_0 = module_0.Node(complex_0)
        complex_1 = 982.226 + 1493.681249j
        var_1 = bst_3.insert(bool_0)
        assert f'{type(bst_3.root).__module__}.{type(bst_3.root).__qualname__}' == 'binarySearchTree4.Node'
        float_0 = 1099.91
        tuple_0 = (complex_1, float_0)
        none_type_0 = None
        node_1 = module_0.Node(tuple_0)
        var_2 = node_1.__repr__()
        var_3 = bst_3.insert(float_0)
&gt;       assert f'{type(var_1.right).__module__}.{type(var_1.right).__qualname__}' == 'binarySearchTree4.Node'
E       AssertionError: assert 'builtins.NoneType' == 'binarySearchTree4.Node'
E         - binarySearchTree4.Node
E         + builtins.NoneType

WHOLE_SUITE/test_binarySearchTree4_WHOLE_SUITE.py:31: AssertionError
_________________________________ test_case_6 __________________________________

    def test_case_6():
        bst_0 = module_0.Bst()
        int_0 = -852
        bst_1 = module_0.Bst()
        var_0 = bst_1.insert(int_0)
        assert f'{type(bst_1.root).__module__}.{type(bst_1.root).__qualname__}' == 'binarySearchTree4.Node'
        assert f'{type(var_0).__module__}.{type(var_0).__qualname__}' == 'binarySearchTree4.Node'
        assert var_0.data == -852
        assert var_0.left is None
        assert var_0.right is None
        assert var_0.parent is None
        var_1 = bst_0.__repr__()
&gt;       with pytest.raises(TypeError):
E       Failed: DID NOT RAISE &lt;class 'TypeError'&gt;

WHOLE_SUITE/test_binarySearchTree4_WHOLE_SUITE.py:91: Failed
_________________________________ test_case_7 __________________________________

    def test_case_7():
        bool_0 = True
        bst_0 = module_0.Bst()
        var_0 = bst_0.insert(bool_0)
        assert f'{type(bst_0.root).__module__}.{type(bst_0.root).__qualname__}' == 'binarySearchTree4.Node'
        assert f'{type(var_0).__module__}.{type(var_0).__qualname__}' == 'binarySearchTree4.Node'
        assert var_0.data is True
        assert var_0.left is None
        assert var_0.right is None
        assert var_0.parent is None
        var_1 = bst_0.insert(bool_0)
&gt;       assert f'{type(var_0.left).__module__}.{type(var_0.left).__qualname__}' == 'binarySearchTree4.Node'
E       AssertionError: assert 'builtins.NoneType' == 'binarySearchTree4.Node'
E         - binarySearchTree4.Node
E         + builtins.NoneType

WHOLE_SUITE/test_binarySearchTree4_WHOLE_SUITE.py:105: AssertionError
=========================== short test summary info ============================
FAILED WHOLE_SUITE/test_binarySearchTree4_WHOLE_SUITE.py::test_case_0 - Asser...
FAILED WHOLE_SUITE/test_binarySearchTree4_WHOLE_SUITE.py::test_case_6 - Faile...
FAILED WHOLE_SUITE/test_binarySearchTree4_WHOLE_SUITE.py::test_case_7 - Asser...
========================= 3 failed, 6 passed in 0.27s ==========================
</pre></div></div></div></div></div><div class="mb-1" id="job_list___sub_accordion_3"><div class="card"><a data-toggle="collapse" data-target="#job_list___sub_collapse_3_1" aria-expanded="false" aria-controls="job_list___sub_collapse_3_1" href="#" class="job_list___sub_multi_heading"><div role="alert" class="card-header alert-success" id="job_list___sub_heading_3_1"><button class="btn btn-outline-success"><span class="job_id">3 : Job ID 7227b11c587d418d988b3992b323ec8b</span></button></div></a><div aria-labelledby="job_list___sub_heading_3_1" data-parent="#job_list___sub_accordion_3" class="collapse job_list___sub_multi_collapse" id="job_list___sub_collapse_3_1"><div class="card-body"><div class="work-item"><div class="alert alert-success test-outcome" role="alert"><p>worker outcome: normal</p><p>test outcome: killed</p></div></div><pre class="location"><a href="pycharm://open?file=binarySearchTree4.py&amp;line=29" class="text-secondary"><button class="btn btn-outline-dark">binarySearchTree4.py, start pos: (29, 16), end pos: (29, 18)</button></a></pre><pre>operator: core/ReplaceComparisonOperator_LtE_Lt, occurrence: 0</pre><div class="alert alert-secondary"><pre class="diff">--- mutation diff ---
--- abinarySearchTree4.py
+++ bbinarySearchTree4.py
@@ -26,7 +26,7 @@
     def _insert(self, node, data):
         if node is None:
             return Node(data)
-        if data &lt;= node.data:
+        if data &lt; node.data:
             if node.left is None:
                 node.left = self._insert(node.left, data)
                 node.left.parent = node</pre></div><div class="alert alert-secondary"><pre class="diff">============================= test session starts ==============================
platform linux -- Python 3.10.10, pytest-7.2.1, pluggy-1.0.0
rootdir: /home/auri/temp/lucca/python_experiments/binarySearchTree4
collected 9 items

WHOLE_SUITE/test_binarySearchTree4_WHOLE_SUITE.py F......F.              [100%]

=================================== FAILURES ===================================
_________________________________ test_case_0 __________________________________

    def test_case_0():
        bst_0 = module_0.Bst()
        bst_1 = module_0.Bst()
        bst_2 = module_0.Bst()
        bst_3 = module_0.Bst()
        bool_0 = False
        int_0 = 1568
        list_0 = [int_0]
        complex_0 = -46.48 + 1184.7075j
        var_0 = bst_0.insert(list_0)
        assert f'{type(bst_0.root).__module__}.{type(bst_0.root).__qualname__}' == 'binarySearchTree4.Node'
        assert f'{type(var_0).__module__}.{type(var_0).__qualname__}' == 'binarySearchTree4.Node'
        assert var_0.data == [1568]
        assert var_0.left is None
        assert var_0.right is None
        assert var_0.parent is None
        node_0 = module_0.Node(complex_0)
        complex_1 = 982.226 + 1493.681249j
        var_1 = bst_3.insert(bool_0)
        assert f'{type(bst_3.root).__module__}.{type(bst_3.root).__qualname__}' == 'binarySearchTree4.Node'
        float_0 = 1099.91
        tuple_0 = (complex_1, float_0)
        none_type_0 = None
        node_1 = module_0.Node(tuple_0)
        var_2 = node_1.__repr__()
        var_3 = bst_3.insert(float_0)
        assert f'{type(var_1.right).__module__}.{type(var_1.right).__qualname__}' == 'binarySearchTree4.Node'
        assert f'{type(var_3.parent).__module__}.{type(var_3.parent).__qualname__}' == 'binarySearchTree4.Node'
        node_2 = module_0.Node(none_type_0)
        node_3 = bst_3.insert(float_0)
&gt;       assert f'{type(var_3.left).__module__}.{type(var_3.left).__qualname__}' == 'binarySearchTree4.Node'
E       AssertionError: assert 'builtins.NoneType' == 'binarySearchTree4.Node'
E         - binarySearchTree4.Node
E         + builtins.NoneType

WHOLE_SUITE/test_binarySearchTree4_WHOLE_SUITE.py:35: AssertionError
_________________________________ test_case_7 __________________________________

    def test_case_7():
        bool_0 = True
        bst_0 = module_0.Bst()
        var_0 = bst_0.insert(bool_0)
        assert f'{type(bst_0.root).__module__}.{type(bst_0.root).__qualname__}' == 'binarySearchTree4.Node'
        assert f'{type(var_0).__module__}.{type(var_0).__qualname__}' == 'binarySearchTree4.Node'
        assert var_0.data is True
        assert var_0.left is None
        assert var_0.right is None
        assert var_0.parent is None
        var_1 = bst_0.insert(bool_0)
&gt;       assert f'{type(var_0.left).__module__}.{type(var_0.left).__qualname__}' == 'binarySearchTree4.Node'
E       AssertionError: assert 'builtins.NoneType' == 'binarySearchTree4.Node'
E         - binarySearchTree4.Node
E         + builtins.NoneType

WHOLE_SUITE/test_binarySearchTree4_WHOLE_SUITE.py:105: AssertionError
=========================== short test summary info ============================
FAILED WHOLE_SUITE/test_binarySearchTree4_WHOLE_SUITE.py::test_case_0 - Asser...
FAILED WHOLE_SUITE/test_binarySearchTree4_WHOLE_SUITE.py::test_case_7 - Asser...
========================= 2 failed, 7 passed in 0.24s ==========================
</pre></div></div></div></div></div><div class="mb-1" id="job_list___sub_accordion_4"><div class="card"><a data-toggle="collapse" data-target="#job_list___sub_collapse_4_1" aria-expanded="false" aria-controls="job_list___sub_collapse_4_1" href="#" class="job_list___sub_multi_heading"><div role="alert" class="card-header alert-success" id="job_list___sub_heading_4_1"><button class="btn btn-outline-success"><span class="job_id">4 : Job ID 598effb3abc94cd9aa7004b12fa2462a</span></button></div></a><div aria-labelledby="job_list___sub_heading_4_1" data-parent="#job_list___sub_accordion_4" class="collapse job_list___sub_multi_collapse" id="job_list___sub_collapse_4_1"><div class="card-body"><div class="work-item"><div class="alert alert-success test-outcome" role="alert"><p>worker outcome: normal</p><p>test outcome: killed</p></div></div><pre class="location"><a href="pycharm://open?file=binarySearchTree4.py&amp;line=29" class="text-secondary"><button class="btn btn-outline-dark">binarySearchTree4.py, start pos: (29, 16), end pos: (29, 18)</button></a></pre><pre>operator: core/ReplaceComparisonOperator_LtE_Gt, occurrence: 0</pre><div class="alert alert-secondary"><pre class="diff">--- mutation diff ---
--- abinarySearchTree4.py
+++ bbinarySearchTree4.py
@@ -26,7 +26,7 @@
     def _insert(self, node, data):
         if node is None:
             return Node(data)
-        if data &lt;= node.data:
+        if data &gt; node.data:
             if node.left is None:
                 node.left = self._insert(node.left, data)
                 node.left.parent = node</pre></div><div class="alert alert-secondary"><pre class="diff">============================= test session starts ==============================
platform linux -- Python 3.10.10, pytest-7.2.1, pluggy-1.0.0
rootdir: /home/auri/temp/lucca/python_experiments/binarySearchTree4
collected 9 items

WHOLE_SUITE/test_binarySearchTree4_WHOLE_SUITE.py F......F.              [100%]

=================================== FAILURES ===================================
_________________________________ test_case_0 __________________________________

    def test_case_0():
        bst_0 = module_0.Bst()
        bst_1 = module_0.Bst()
        bst_2 = module_0.Bst()
        bst_3 = module_0.Bst()
        bool_0 = False
        int_0 = 1568
        list_0 = [int_0]
        complex_0 = -46.48 + 1184.7075j
        var_0 = bst_0.insert(list_0)
        assert f'{type(bst_0.root).__module__}.{type(bst_0.root).__qualname__}' == 'binarySearchTree4.Node'
        assert f'{type(var_0).__module__}.{type(var_0).__qualname__}' == 'binarySearchTree4.Node'
        assert var_0.data == [1568]
        assert var_0.left is None
        assert var_0.right is None
        assert var_0.parent is None
        node_0 = module_0.Node(complex_0)
        complex_1 = 982.226 + 1493.681249j
        var_1 = bst_3.insert(bool_0)
        assert f'{type(bst_3.root).__module__}.{type(bst_3.root).__qualname__}' == 'binarySearchTree4.Node'
        float_0 = 1099.91
        tuple_0 = (complex_1, float_0)
        none_type_0 = None
        node_1 = module_0.Node(tuple_0)
        var_2 = node_1.__repr__()
        var_3 = bst_3.insert(float_0)
&gt;       assert f'{type(var_1.right).__module__}.{type(var_1.right).__qualname__}' == 'binarySearchTree4.Node'
E       AssertionError: assert 'builtins.NoneType' == 'binarySearchTree4.Node'
E         - binarySearchTree4.Node
E         + builtins.NoneType

WHOLE_SUITE/test_binarySearchTree4_WHOLE_SUITE.py:31: AssertionError
_________________________________ test_case_7 __________________________________

    def test_case_7():
        bool_0 = True
        bst_0 = module_0.Bst()
        var_0 = bst_0.insert(bool_0)
        assert f'{type(bst_0.root).__module__}.{type(bst_0.root).__qualname__}' == 'binarySearchTree4.Node'
        assert f'{type(var_0).__module__}.{type(var_0).__qualname__}' == 'binarySearchTree4.Node'
        assert var_0.data is True
        assert var_0.left is None
        assert var_0.right is None
        assert var_0.parent is None
        var_1 = bst_0.insert(bool_0)
&gt;       assert f'{type(var_0.left).__module__}.{type(var_0.left).__qualname__}' == 'binarySearchTree4.Node'
E       AssertionError: assert 'builtins.NoneType' == 'binarySearchTree4.Node'
E         - binarySearchTree4.Node
E         + builtins.NoneType

WHOLE_SUITE/test_binarySearchTree4_WHOLE_SUITE.py:105: AssertionError
=========================== short test summary info ============================
FAILED WHOLE_SUITE/test_binarySearchTree4_WHOLE_SUITE.py::test_case_0 - Asser...
FAILED WHOLE_SUITE/test_binarySearchTree4_WHOLE_SUITE.py::test_case_7 - Asser...
========================= 2 failed, 7 passed in 0.18s ==========================
</pre></div></div></div></div></div><div class="mb-1" id="job_list___sub_accordion_5"><div class="card"><a data-toggle="collapse" data-target="#job_list___sub_collapse_5_1" aria-expanded="false" aria-controls="job_list___sub_collapse_5_1" href="#" class="job_list___sub_multi_heading"><div role="alert" class="card-header alert-success" id="job_list___sub_heading_5_1"><button class="btn btn-outline-success"><span class="job_id">5 : Job ID eb62b19db67f44dd9ec228cfecc53940</span></button></div></a><div aria-labelledby="job_list___sub_heading_5_1" data-parent="#job_list___sub_accordion_5" class="collapse job_list___sub_multi_collapse" id="job_list___sub_collapse_5_1"><div class="card-body"><div class="work-item"><div class="alert alert-success test-outcome" role="alert"><p>worker outcome: normal</p><p>test outcome: killed</p></div></div><pre class="location"><a href="pycharm://open?file=binarySearchTree4.py&amp;line=29" class="text-secondary"><button class="btn btn-outline-dark">binarySearchTree4.py, start pos: (29, 16), end pos: (29, 18)</button></a></pre><pre>operator: core/ReplaceComparisonOperator_LtE_GtE, occurrence: 0</pre><div class="alert alert-secondary"><pre class="diff">--- mutation diff ---
--- abinarySearchTree4.py
+++ bbinarySearchTree4.py
@@ -26,7 +26,7 @@
     def _insert(self, node, data):
         if node is None:
             return Node(data)
-        if data &lt;= node.data:
+        if data &gt;= node.data:
             if node.left is None:
                 node.left = self._insert(node.left, data)
                 node.left.parent = node</pre></div><div class="alert alert-secondary"><pre class="diff">============================= test session starts ==============================
platform linux -- Python 3.10.10, pytest-7.2.1, pluggy-1.0.0
rootdir: /home/auri/temp/lucca/python_experiments/binarySearchTree4
collected 9 items

WHOLE_SUITE/test_binarySearchTree4_WHOLE_SUITE.py F........              [100%]

=================================== FAILURES ===================================
_________________________________ test_case_0 __________________________________

    def test_case_0():
        bst_0 = module_0.Bst()
        bst_1 = module_0.Bst()
        bst_2 = module_0.Bst()
        bst_3 = module_0.Bst()
        bool_0 = False
        int_0 = 1568
        list_0 = [int_0]
        complex_0 = -46.48 + 1184.7075j
        var_0 = bst_0.insert(list_0)
        assert f'{type(bst_0.root).__module__}.{type(bst_0.root).__qualname__}' == 'binarySearchTree4.Node'
        assert f'{type(var_0).__module__}.{type(var_0).__qualname__}' == 'binarySearchTree4.Node'
        assert var_0.data == [1568]
        assert var_0.left is None
        assert var_0.right is None
        assert var_0.parent is None
        node_0 = module_0.Node(complex_0)
        complex_1 = 982.226 + 1493.681249j
        var_1 = bst_3.insert(bool_0)
        assert f'{type(bst_3.root).__module__}.{type(bst_3.root).__qualname__}' == 'binarySearchTree4.Node'
        float_0 = 1099.91
        tuple_0 = (complex_1, float_0)
        none_type_0 = None
        node_1 = module_0.Node(tuple_0)
        var_2 = node_1.__repr__()
        var_3 = bst_3.insert(float_0)
&gt;       assert f'{type(var_1.right).__module__}.{type(var_1.right).__qualname__}' == 'binarySearchTree4.Node'
E       AssertionError: assert 'builtins.NoneType' == 'binarySearchTree4.Node'
E         - binarySearchTree4.Node
E         + builtins.NoneType

WHOLE_SUITE/test_binarySearchTree4_WHOLE_SUITE.py:31: AssertionError
=========================== short test summary info ============================
FAILED WHOLE_SUITE/test_binarySearchTree4_WHOLE_SUITE.py::test_case_0 - Asser...
========================= 1 failed, 8 passed in 0.11s ==========================
</pre></div></div></div></div></div><div class="mb-1" id="job_list___sub_accordion_6"><div class="card"><a data-toggle="collapse" data-target="#job_list___sub_collapse_6_1" aria-expanded="false" aria-controls="job_list___sub_collapse_6_1" href="#" class="job_list___sub_multi_heading"><div role="alert" class="card-header alert-success" id="job_list___sub_heading_6_1"><button class="btn btn-outline-success"><span class="job_id">6 : Job ID 090e5d0ef9f1415596f003bb74bc5151</span></button></div></a><div aria-labelledby="job_list___sub_heading_6_1" data-parent="#job_list___sub_accordion_6" class="collapse job_list___sub_multi_collapse" id="job_list___sub_collapse_6_1"><div class="card-body"><div class="work-item"><div class="alert alert-success test-outcome" role="alert"><p>worker outcome: normal</p><p>test outcome: killed</p></div></div><pre class="location"><a href="pycharm://open?file=binarySearchTree4.py&amp;line=29" class="text-secondary"><button class="btn btn-outline-dark">binarySearchTree4.py, start pos: (29, 16), end pos: (29, 18)</button></a></pre><pre>operator: core/ReplaceComparisonOperator_LtE_Is, occurrence: 0</pre><div class="alert alert-secondary"><pre class="diff">--- mutation diff ---
--- abinarySearchTree4.py
+++ bbinarySearchTree4.py
@@ -26,7 +26,7 @@
     def _insert(self, node, data):
         if node is None:
             return Node(data)
-        if data &lt;= node.data:
+        if data is node.data:
             if node.left is None:
                 node.left = self._insert(node.left, data)
                 node.left.parent = node</pre></div><div class="alert alert-secondary"><pre class="diff">============================= test session starts ==============================
platform linux -- Python 3.10.10, pytest-7.2.1, pluggy-1.0.0
rootdir: /home/auri/temp/lucca/python_experiments/binarySearchTree4
collected 9 items

WHOLE_SUITE/test_binarySearchTree4_WHOLE_SUITE.py ......F..              [100%]

=================================== FAILURES ===================================
_________________________________ test_case_6 __________________________________

    def test_case_6():
        bst_0 = module_0.Bst()
        int_0 = -852
        bst_1 = module_0.Bst()
        var_0 = bst_1.insert(int_0)
        assert f'{type(bst_1.root).__module__}.{type(bst_1.root).__qualname__}' == 'binarySearchTree4.Node'
        assert f'{type(var_0).__module__}.{type(var_0).__qualname__}' == 'binarySearchTree4.Node'
        assert var_0.data == -852
        assert var_0.left is None
        assert var_0.right is None
        assert var_0.parent is None
        var_1 = bst_0.__repr__()
&gt;       with pytest.raises(TypeError):
E       Failed: DID NOT RAISE &lt;class 'TypeError'&gt;

WHOLE_SUITE/test_binarySearchTree4_WHOLE_SUITE.py:91: Failed
=========================== short test summary info ============================
FAILED WHOLE_SUITE/test_binarySearchTree4_WHOLE_SUITE.py::test_case_6 - Faile...
========================= 1 failed, 8 passed in 0.19s ==========================
</pre></div></div></div></div></div><div class="mb-1" id="job_list___sub_accordion_7"><div class="card"><a data-toggle="collapse" data-target="#job_list___sub_collapse_7_1" aria-expanded="false" aria-controls="job_list___sub_collapse_7_1" href="#" class="job_list___sub_multi_heading"><div role="alert" class="card-header alert-success" id="job_list___sub_heading_7_1"><button class="btn btn-outline-success"><span class="job_id">7 : Job ID 53d45b58dc46460d80883b60b20e0671</span></button></div></a><div aria-labelledby="job_list___sub_heading_7_1" data-parent="#job_list___sub_accordion_7" class="collapse job_list___sub_multi_collapse" id="job_list___sub_collapse_7_1"><div class="card-body"><div class="work-item"><div class="alert alert-success test-outcome" role="alert"><p>worker outcome: normal</p><p>test outcome: killed</p></div></div><pre class="location"><a href="pycharm://open?file=binarySearchTree4.py&amp;line=29" class="text-secondary"><button class="btn btn-outline-dark">binarySearchTree4.py, start pos: (29, 16), end pos: (29, 18)</button></a></pre><pre>operator: core/ReplaceComparisonOperator_LtE_IsNot, occurrence: 0</pre><div class="alert alert-secondary"><pre class="diff">--- mutation diff ---
--- abinarySearchTree4.py
+++ bbinarySearchTree4.py
@@ -26,7 +26,7 @@
     def _insert(self, node, data):
         if node is None:
             return Node(data)
-        if data &lt;= node.data:
+        if data is not node.data:
             if node.left is None:
                 node.left = self._insert(node.left, data)
                 node.left.parent = node</pre></div><div class="alert alert-secondary"><pre class="diff">============================= test session starts ==============================
platform linux -- Python 3.10.10, pytest-7.2.1, pluggy-1.0.0
rootdir: /home/auri/temp/lucca/python_experiments/binarySearchTree4
collected 9 items

WHOLE_SUITE/test_binarySearchTree4_WHOLE_SUITE.py F.....FF.              [100%]

=================================== FAILURES ===================================
_________________________________ test_case_0 __________________________________

    def test_case_0():
        bst_0 = module_0.Bst()
        bst_1 = module_0.Bst()
        bst_2 = module_0.Bst()
        bst_3 = module_0.Bst()
        bool_0 = False
        int_0 = 1568
        list_0 = [int_0]
        complex_0 = -46.48 + 1184.7075j
        var_0 = bst_0.insert(list_0)
        assert f'{type(bst_0.root).__module__}.{type(bst_0.root).__qualname__}' == 'binarySearchTree4.Node'
        assert f'{type(var_0).__module__}.{type(var_0).__qualname__}' == 'binarySearchTree4.Node'
        assert var_0.data == [1568]
        assert var_0.left is None
        assert var_0.right is None
        assert var_0.parent is None
        node_0 = module_0.Node(complex_0)
        complex_1 = 982.226 + 1493.681249j
        var_1 = bst_3.insert(bool_0)
        assert f'{type(bst_3.root).__module__}.{type(bst_3.root).__qualname__}' == 'binarySearchTree4.Node'
        float_0 = 1099.91
        tuple_0 = (complex_1, float_0)
        none_type_0 = None
        node_1 = module_0.Node(tuple_0)
        var_2 = node_1.__repr__()
        var_3 = bst_3.insert(float_0)
&gt;       assert f'{type(var_1.right).__module__}.{type(var_1.right).__qualname__}' == 'binarySearchTree4.Node'
E       AssertionError: assert 'builtins.NoneType' == 'binarySearchTree4.Node'
E         - binarySearchTree4.Node
E         + builtins.NoneType

WHOLE_SUITE/test_binarySearchTree4_WHOLE_SUITE.py:31: AssertionError
_________________________________ test_case_6 __________________________________

    def test_case_6():
        bst_0 = module_0.Bst()
        int_0 = -852
        bst_1 = module_0.Bst()
        var_0 = bst_1.insert(int_0)
        assert f'{type(bst_1.root).__module__}.{type(bst_1.root).__qualname__}' == 'binarySearchTree4.Node'
        assert f'{type(var_0).__module__}.{type(var_0).__qualname__}' == 'binarySearchTree4.Node'
        assert var_0.data == -852
        assert var_0.left is None
        assert var_0.right is None
        assert var_0.parent is None
        var_1 = bst_0.__repr__()
&gt;       with pytest.raises(TypeError):
E       Failed: DID NOT RAISE &lt;class 'TypeError'&gt;

WHOLE_SUITE/test_binarySearchTree4_WHOLE_SUITE.py:91: Failed
_________________________________ test_case_7 __________________________________

    def test_case_7():
        bool_0 = True
        bst_0 = module_0.Bst()
        var_0 = bst_0.insert(bool_0)
        assert f'{type(bst_0.root).__module__}.{type(bst_0.root).__qualname__}' == 'binarySearchTree4.Node'
        assert f'{type(var_0).__module__}.{type(var_0).__qualname__}' == 'binarySearchTree4.Node'
        assert var_0.data is True
        assert var_0.left is None
        assert var_0.right is None
        assert var_0.parent is None
        var_1 = bst_0.insert(bool_0)
&gt;       assert f'{type(var_0.left).__module__}.{type(var_0.left).__qualname__}' == 'binarySearchTree4.Node'
E       AssertionError: assert 'builtins.NoneType' == 'binarySearchTree4.Node'
E         - binarySearchTree4.Node
E         + builtins.NoneType

WHOLE_SUITE/test_binarySearchTree4_WHOLE_SUITE.py:105: AssertionError
=========================== short test summary info ============================
FAILED WHOLE_SUITE/test_binarySearchTree4_WHOLE_SUITE.py::test_case_0 - Asser...
FAILED WHOLE_SUITE/test_binarySearchTree4_WHOLE_SUITE.py::test_case_6 - Faile...
FAILED WHOLE_SUITE/test_binarySearchTree4_WHOLE_SUITE.py::test_case_7 - Asser...
========================= 3 failed, 6 passed in 0.26s ==========================
</pre></div></div></div></div></div><div class="mb-1" id="job_list___sub_accordion_8"><div class="card"><a data-toggle="collapse" data-target="#job_list___sub_collapse_8_1" aria-expanded="false" aria-controls="job_list___sub_collapse_8_1" href="#" class="job_list___sub_multi_heading"><div role="alert" class="card-header alert-success" id="job_list___sub_heading_8_1"><button class="btn btn-outline-success"><span class="job_id">8 : Job ID cbdf5edd5e724566b6a920faaddf55fc</span></button></div></a><div aria-labelledby="job_list___sub_heading_8_1" data-parent="#job_list___sub_accordion_8" class="collapse job_list___sub_multi_collapse" id="job_list___sub_collapse_8_1"><div class="card-body"><div class="work-item"><div class="alert alert-success test-outcome" role="alert"><p>worker outcome: normal</p><p>test outcome: killed</p></div></div><pre class="location"><a href="pycharm://open?file=binarySearchTree4.py&amp;line=18" class="text-secondary"><button class="btn btn-outline-dark">binarySearchTree4.py, start pos: (18, 16), end pos: (18, 18)</button></a></pre><pre>operator: core/ReplaceComparisonOperator_Is_IsNot, occurrence: 0</pre><div class="alert alert-secondary"><pre class="diff">--- mutation diff ---
--- abinarySearchTree4.py
+++ bbinarySearchTree4.py
@@ -15,7 +15,7 @@
         self.root = root
 
     def insert(self, data):
-        if data is None:
+        if data is not None:
             raise TypeError('data cannot be None')
         if self.root is None:
             self.root = Node(data)</pre></div><div class="alert alert-secondary"><pre class="diff">============================= test session starts ==============================
platform linux -- Python 3.10.10, pytest-7.2.1, pluggy-1.0.0
rootdir: /home/auri/temp/lucca/python_experiments/binarySearchTree4
collected 9 items

WHOLE_SUITE/test_binarySearchTree4_WHOLE_SUITE.py F...FFFF.              [100%]

=================================== FAILURES ===================================
_________________________________ test_case_0 __________________________________

    def test_case_0():
        bst_0 = module_0.Bst()
        bst_1 = module_0.Bst()
        bst_2 = module_0.Bst()
        bst_3 = module_0.Bst()
        bool_0 = False
        int_0 = 1568
        list_0 = [int_0]
        complex_0 = -46.48 + 1184.7075j
&gt;       var_0 = bst_0.insert(list_0)

WHOLE_SUITE/test_binarySearchTree4_WHOLE_SUITE.py:14: 
_ _ _ _ _ _ _ _ _ _ _ _ _ _ _ _ _ _ _ _ _ _ _ _ _ _ _ _ _ _ _ _ _ _ _ _ _ _ _ _ 

self = &lt;binarySearchTree4.Bst object at 0x7f34ee444520&gt;, data = [1568]

    def insert(self, data):
        if data is not None:
&gt;           raise TypeError('data cannot be None')
E           TypeError: data cannot be None

binarySearchTree4.py:19: TypeError
_________________________________ test_case_4 __________________________________

    def test_case_4():
        none_type_0 = None
        bst_0 = module_0.Bst()
&gt;       with pytest.raises(TypeError):
E       Failed: DID NOT RAISE &lt;class 'TypeError'&gt;

WHOLE_SUITE/test_binarySearchTree4_WHOLE_SUITE.py:70: Failed
_________________________________ test_case_5 __________________________________

    def test_case_5():
        none_type_0 = None
        bst_0 = module_0.Bst()
&gt;       with pytest.raises(TypeError):
E       Failed: DID NOT RAISE &lt;class 'TypeError'&gt;

WHOLE_SUITE/test_binarySearchTree4_WHOLE_SUITE.py:76: Failed
_________________________________ test_case_6 __________________________________

    def test_case_6():
        bst_0 = module_0.Bst()
        int_0 = -852
        bst_1 = module_0.Bst()
&gt;       var_0 = bst_1.insert(int_0)

WHOLE_SUITE/test_binarySearchTree4_WHOLE_SUITE.py:83: 
_ _ _ _ _ _ _ _ _ _ _ _ _ _ _ _ _ _ _ _ _ _ _ _ _ _ _ _ _ _ _ _ _ _ _ _ _ _ _ _ 

self = &lt;binarySearchTree4.Bst object at 0x7f34ee449900&gt;, data = -852

    def insert(self, data):
        if data is not None:
&gt;           raise TypeError('data cannot be None')
E           TypeError: data cannot be None

binarySearchTree4.py:19: TypeError
_________________________________ test_case_7 __________________________________

    def test_case_7():
        bool_0 = True
        bst_0 = module_0.Bst()
&gt;       var_0 = bst_0.insert(bool_0)

WHOLE_SUITE/test_binarySearchTree4_WHOLE_SUITE.py:97: 
_ _ _ _ _ _ _ _ _ _ _ _ _ _ _ _ _ _ _ _ _ _ _ _ _ _ _ _ _ _ _ _ _ _ _ _ _ _ _ _ 

self = &lt;binarySearchTree4.Bst object at 0x7f34ee44aa70&gt;, data = True

    def insert(self, data):
        if data is not None:
&gt;           raise TypeError('data cannot be None')
E           TypeError: data cannot be None

binarySearchTree4.py:19: TypeError
=========================== short test summary info ============================
FAILED WHOLE_SUITE/test_binarySearchTree4_WHOLE_SUITE.py::test_case_0 - TypeE...
FAILED WHOLE_SUITE/test_binarySearchTree4_WHOLE_SUITE.py::test_case_4 - Faile...
FAILED WHOLE_SUITE/test_binarySearchTree4_WHOLE_SUITE.py::test_case_5 - Faile...
FAILED WHOLE_SUITE/test_binarySearchTree4_WHOLE_SUITE.py::test_case_6 - TypeE...
FAILED WHOLE_SUITE/test_binarySearchTree4_WHOLE_SUITE.py::test_case_7 - TypeE...
========================= 5 failed, 4 passed in 0.30s ==========================
</pre></div></div></div></div></div><div class="mb-1" id="job_list___sub_accordion_9"><div class="card"><a data-toggle="collapse" data-target="#job_list___sub_collapse_9_1" aria-expanded="false" aria-controls="job_list___sub_collapse_9_1" href="#" class="job_list___sub_multi_heading"><div role="alert" class="card-header alert-success" id="job_list___sub_heading_9_1"><button class="btn btn-outline-success"><span class="job_id">9 : Job ID 8060b4bcd6e64d0699d7b883a1ce92c7</span></button></div></a><div aria-labelledby="job_list___sub_heading_9_1" data-parent="#job_list___sub_accordion_9" class="collapse job_list___sub_multi_collapse" id="job_list___sub_collapse_9_1"><div class="card-body"><div class="work-item"><div class="alert alert-success test-outcome" role="alert"><p>worker outcome: normal</p><p>test outcome: killed</p></div></div><pre class="location"><a href="pycharm://open?file=binarySearchTree4.py&amp;line=20" class="text-secondary"><button class="btn btn-outline-dark">binarySearchTree4.py, start pos: (20, 21), end pos: (20, 23)</button></a></pre><pre>operator: core/ReplaceComparisonOperator_Is_IsNot, occurrence: 1</pre><div class="alert alert-secondary"><pre class="diff">--- mutation diff ---
--- abinarySearchTree4.py
+++ bbinarySearchTree4.py
@@ -17,7 +17,7 @@
     def insert(self, data):
         if data is None:
             raise TypeError('data cannot be None')
-        if self.root is None:
+        if self.root is not None:
             self.root = Node(data)
             return self.root
         else:</pre></div><div class="alert alert-secondary"><pre class="diff">============================= test session starts ==============================
platform linux -- Python 3.10.10, pytest-7.2.1, pluggy-1.0.0
rootdir: /home/auri/temp/lucca/python_experiments/binarySearchTree4
collected 9 items

WHOLE_SUITE/test_binarySearchTree4_WHOLE_SUITE.py F.....FF.              [100%]

=================================== FAILURES ===================================
_________________________________ test_case_0 __________________________________

    def test_case_0():
        bst_0 = module_0.Bst()
        bst_1 = module_0.Bst()
        bst_2 = module_0.Bst()
        bst_3 = module_0.Bst()
        bool_0 = False
        int_0 = 1568
        list_0 = [int_0]
        complex_0 = -46.48 + 1184.7075j
        var_0 = bst_0.insert(list_0)
&gt;       assert f'{type(bst_0.root).__module__}.{type(bst_0.root).__qualname__}' == 'binarySearchTree4.Node'
E       AssertionError: assert 'builtins.NoneType' == 'binarySearchTree4.Node'
E         - binarySearchTree4.Node
E         + builtins.NoneType

WHOLE_SUITE/test_binarySearchTree4_WHOLE_SUITE.py:15: AssertionError
_________________________________ test_case_6 __________________________________

    def test_case_6():
        bst_0 = module_0.Bst()
        int_0 = -852
        bst_1 = module_0.Bst()
        var_0 = bst_1.insert(int_0)
&gt;       assert f'{type(bst_1.root).__module__}.{type(bst_1.root).__qualname__}' == 'binarySearchTree4.Node'
E       AssertionError: assert 'builtins.NoneType' == 'binarySearchTree4.Node'
E         - binarySearchTree4.Node
E         + builtins.NoneType

WHOLE_SUITE/test_binarySearchTree4_WHOLE_SUITE.py:84: AssertionError
_________________________________ test_case_7 __________________________________

    def test_case_7():
        bool_0 = True
        bst_0 = module_0.Bst()
        var_0 = bst_0.insert(bool_0)
&gt;       assert f'{type(bst_0.root).__module__}.{type(bst_0.root).__qualname__}' == 'binarySearchTree4.Node'
E       AssertionError: assert 'builtins.NoneType' == 'binarySearchTree4.Node'
E         - binarySearchTree4.Node
E         + builtins.NoneType

WHOLE_SUITE/test_binarySearchTree4_WHOLE_SUITE.py:98: AssertionError
=========================== short test summary info ============================
FAILED WHOLE_SUITE/test_binarySearchTree4_WHOLE_SUITE.py::test_case_0 - Asser...
FAILED WHOLE_SUITE/test_binarySearchTree4_WHOLE_SUITE.py::test_case_6 - Asser...
FAILED WHOLE_SUITE/test_binarySearchTree4_WHOLE_SUITE.py::test_case_7 - Asser...
========================= 3 failed, 6 passed in 0.26s ==========================
</pre></div></div></div></div></div><div class="mb-1" id="job_list___sub_accordion_10"><div class="card"><a data-toggle="collapse" data-target="#job_list___sub_collapse_10_1" aria-expanded="false" aria-controls="job_list___sub_collapse_10_1" href="#" class="job_list___sub_multi_heading"><div role="alert" class="card-header alert-success" id="job_list___sub_heading_10_1"><button class="btn btn-outline-success"><span class="job_id">10 : Job ID ed955e584b3648eaa6764f37ada7ce35</span></button></div></a><div aria-labelledby="job_list___sub_heading_10_1" data-parent="#job_list___sub_accordion_10" class="collapse job_list___sub_multi_collapse" id="job_list___sub_collapse_10_1"><div class="card-body"><div class="work-item"><div class="alert alert-success test-outcome" role="alert"><p>worker outcome: normal</p><p>test outcome: killed</p></div></div><pre class="location"><a href="pycharm://open?file=binarySearchTree4.py&amp;line=27" class="text-secondary"><button class="btn btn-outline-dark">binarySearchTree4.py, start pos: (27, 16), end pos: (27, 18)</button></a></pre><pre>operator: core/ReplaceComparisonOperator_Is_IsNot, occurrence: 2</pre><div class="alert alert-secondary"><pre class="diff">--- mutation diff ---
--- abinarySearchTree4.py
+++ bbinarySearchTree4.py
@@ -24,7 +24,7 @@
             return self._insert(self.root, data)
 
     def _insert(self, node, data):
-        if node is None:
+        if node is not None:
             return Node(data)
         if data &lt;= node.data:
             if node.left is None:</pre></div><div class="alert alert-secondary"><pre class="diff">============================= test session starts ==============================
platform linux -- Python 3.10.10, pytest-7.2.1, pluggy-1.0.0
rootdir: /home/auri/temp/lucca/python_experiments/binarySearchTree4
collected 9 items

WHOLE_SUITE/test_binarySearchTree4_WHOLE_SUITE.py F.....FF.              [100%]

=================================== FAILURES ===================================
_________________________________ test_case_0 __________________________________

    def test_case_0():
        bst_0 = module_0.Bst()
        bst_1 = module_0.Bst()
        bst_2 = module_0.Bst()
        bst_3 = module_0.Bst()
        bool_0 = False
        int_0 = 1568
        list_0 = [int_0]
        complex_0 = -46.48 + 1184.7075j
        var_0 = bst_0.insert(list_0)
        assert f'{type(bst_0.root).__module__}.{type(bst_0.root).__qualname__}' == 'binarySearchTree4.Node'
        assert f'{type(var_0).__module__}.{type(var_0).__qualname__}' == 'binarySearchTree4.Node'
        assert var_0.data == [1568]
        assert var_0.left is None
        assert var_0.right is None
        assert var_0.parent is None
        node_0 = module_0.Node(complex_0)
        complex_1 = 982.226 + 1493.681249j
        var_1 = bst_3.insert(bool_0)
        assert f'{type(bst_3.root).__module__}.{type(bst_3.root).__qualname__}' == 'binarySearchTree4.Node'
        float_0 = 1099.91
        tuple_0 = (complex_1, float_0)
        none_type_0 = None
        node_1 = module_0.Node(tuple_0)
        var_2 = node_1.__repr__()
        var_3 = bst_3.insert(float_0)
&gt;       assert f'{type(var_1.right).__module__}.{type(var_1.right).__qualname__}' == 'binarySearchTree4.Node'
E       AssertionError: assert 'builtins.NoneType' == 'binarySearchTree4.Node'
E         - binarySearchTree4.Node
E         + builtins.NoneType

WHOLE_SUITE/test_binarySearchTree4_WHOLE_SUITE.py:31: AssertionError
_________________________________ test_case_6 __________________________________

    def test_case_6():
        bst_0 = module_0.Bst()
        int_0 = -852
        bst_1 = module_0.Bst()
        var_0 = bst_1.insert(int_0)
        assert f'{type(bst_1.root).__module__}.{type(bst_1.root).__qualname__}' == 'binarySearchTree4.Node'
        assert f'{type(var_0).__module__}.{type(var_0).__qualname__}' == 'binarySearchTree4.Node'
        assert var_0.data == -852
        assert var_0.left is None
        assert var_0.right is None
        assert var_0.parent is None
        var_1 = bst_0.__repr__()
&gt;       with pytest.raises(TypeError):
E       Failed: DID NOT RAISE &lt;class 'TypeError'&gt;

WHOLE_SUITE/test_binarySearchTree4_WHOLE_SUITE.py:91: Failed
_________________________________ test_case_7 __________________________________

    def test_case_7():
        bool_0 = True
        bst_0 = module_0.Bst()
        var_0 = bst_0.insert(bool_0)
        assert f'{type(bst_0.root).__module__}.{type(bst_0.root).__qualname__}' == 'binarySearchTree4.Node'
        assert f'{type(var_0).__module__}.{type(var_0).__qualname__}' == 'binarySearchTree4.Node'
        assert var_0.data is True
        assert var_0.left is None
        assert var_0.right is None
        assert var_0.parent is None
        var_1 = bst_0.insert(bool_0)
&gt;       assert f'{type(var_0.left).__module__}.{type(var_0.left).__qualname__}' == 'binarySearchTree4.Node'
E       AssertionError: assert 'builtins.NoneType' == 'binarySearchTree4.Node'
E         - binarySearchTree4.Node
E         + builtins.NoneType

WHOLE_SUITE/test_binarySearchTree4_WHOLE_SUITE.py:105: AssertionError
=========================== short test summary info ============================
FAILED WHOLE_SUITE/test_binarySearchTree4_WHOLE_SUITE.py::test_case_0 - Asser...
FAILED WHOLE_SUITE/test_binarySearchTree4_WHOLE_SUITE.py::test_case_6 - Faile...
FAILED WHOLE_SUITE/test_binarySearchTree4_WHOLE_SUITE.py::test_case_7 - Asser...
========================= 3 failed, 6 passed in 0.15s ==========================
</pre></div></div></div></div></div><div class="mb-1" id="job_list___sub_accordion_11"><div class="card"><a data-toggle="collapse" data-target="#job_list___sub_collapse_11_1" aria-expanded="false" aria-controls="job_list___sub_collapse_11_1" href="#" class="job_list___sub_multi_heading"><div role="alert" class="card-header alert-success" id="job_list___sub_heading_11_1"><button class="btn btn-outline-success"><span class="job_id">11 : Job ID 99883188e5dc45df9812eb5b9966fdfc</span></button></div></a><div aria-labelledby="job_list___sub_heading_11_1" data-parent="#job_list___sub_accordion_11" class="collapse job_list___sub_multi_collapse" id="job_list___sub_collapse_11_1"><div class="card-body"><div class="work-item"><div class="alert alert-success test-outcome" role="alert"><p>worker outcome: normal</p><p>test outcome: killed</p></div></div><pre class="location"><a href="pycharm://open?file=binarySearchTree4.py&amp;line=30" class="text-secondary"><button class="btn btn-outline-dark">binarySearchTree4.py, start pos: (30, 25), end pos: (30, 27)</button></a></pre><pre>operator: core/ReplaceComparisonOperator_Is_IsNot, occurrence: 3</pre><div class="alert alert-secondary"><pre class="diff">--- mutation diff ---
--- abinarySearchTree4.py
+++ bbinarySearchTree4.py
@@ -27,7 +27,7 @@
         if node is None:
             return Node(data)
         if data &lt;= node.data:
-            if node.left is None:
+            if node.left is not None:
                 node.left = self._insert(node.left, data)
                 node.left.parent = node
                 return node.left</pre></div><div class="alert alert-secondary"><pre class="diff">============================= test session starts ==============================
platform linux -- Python 3.10.10, pytest-7.2.1, pluggy-1.0.0
rootdir: /home/auri/temp/lucca/python_experiments/binarySearchTree4
collected 9 items

WHOLE_SUITE/test_binarySearchTree4_WHOLE_SUITE.py F......F.              [100%]

=================================== FAILURES ===================================
_________________________________ test_case_0 __________________________________

    def test_case_0():
        bst_0 = module_0.Bst()
        bst_1 = module_0.Bst()
        bst_2 = module_0.Bst()
        bst_3 = module_0.Bst()
        bool_0 = False
        int_0 = 1568
        list_0 = [int_0]
        complex_0 = -46.48 + 1184.7075j
        var_0 = bst_0.insert(list_0)
        assert f'{type(bst_0.root).__module__}.{type(bst_0.root).__qualname__}' == 'binarySearchTree4.Node'
        assert f'{type(var_0).__module__}.{type(var_0).__qualname__}' == 'binarySearchTree4.Node'
        assert var_0.data == [1568]
        assert var_0.left is None
        assert var_0.right is None
        assert var_0.parent is None
        node_0 = module_0.Node(complex_0)
        complex_1 = 982.226 + 1493.681249j
        var_1 = bst_3.insert(bool_0)
        assert f'{type(bst_3.root).__module__}.{type(bst_3.root).__qualname__}' == 'binarySearchTree4.Node'
        float_0 = 1099.91
        tuple_0 = (complex_1, float_0)
        none_type_0 = None
        node_1 = module_0.Node(tuple_0)
        var_2 = node_1.__repr__()
        var_3 = bst_3.insert(float_0)
        assert f'{type(var_1.right).__module__}.{type(var_1.right).__qualname__}' == 'binarySearchTree4.Node'
        assert f'{type(var_3.parent).__module__}.{type(var_3.parent).__qualname__}' == 'binarySearchTree4.Node'
        node_2 = module_0.Node(none_type_0)
        node_3 = bst_3.insert(float_0)
&gt;       assert f'{type(var_3.left).__module__}.{type(var_3.left).__qualname__}' == 'binarySearchTree4.Node'
E       AssertionError: assert 'builtins.NoneType' == 'binarySearchTree4.Node'
E         - binarySearchTree4.Node
E         + builtins.NoneType

WHOLE_SUITE/test_binarySearchTree4_WHOLE_SUITE.py:35: AssertionError
_________________________________ test_case_7 __________________________________

    def test_case_7():
        bool_0 = True
        bst_0 = module_0.Bst()
        var_0 = bst_0.insert(bool_0)
        assert f'{type(bst_0.root).__module__}.{type(bst_0.root).__qualname__}' == 'binarySearchTree4.Node'
        assert f'{type(var_0).__module__}.{type(var_0).__qualname__}' == 'binarySearchTree4.Node'
        assert var_0.data is True
        assert var_0.left is None
        assert var_0.right is None
        assert var_0.parent is None
        var_1 = bst_0.insert(bool_0)
&gt;       assert f'{type(var_0.left).__module__}.{type(var_0.left).__qualname__}' == 'binarySearchTree4.Node'
E       AssertionError: assert 'builtins.NoneType' == 'binarySearchTree4.Node'
E         - binarySearchTree4.Node
E         + builtins.NoneType

WHOLE_SUITE/test_binarySearchTree4_WHOLE_SUITE.py:105: AssertionError
=========================== short test summary info ============================
FAILED WHOLE_SUITE/test_binarySearchTree4_WHOLE_SUITE.py::test_case_0 - Asser...
FAILED WHOLE_SUITE/test_binarySearchTree4_WHOLE_SUITE.py::test_case_7 - Asser...
========================= 2 failed, 7 passed in 0.22s ==========================
</pre></div></div></div></div></div><div class="mb-1" id="job_list___sub_accordion_12"><div class="card"><a data-toggle="collapse" data-target="#job_list___sub_collapse_12_1" aria-expanded="false" aria-controls="job_list___sub_collapse_12_1" href="#" class="job_list___sub_multi_heading"><div role="alert" class="card-header alert-success" id="job_list___sub_heading_12_1"><button class="btn btn-outline-success"><span class="job_id">12 : Job ID 7b491b011b664c9782ef9855f25ee2f0</span></button></div></a><div aria-labelledby="job_list___sub_heading_12_1" data-parent="#job_list___sub_accordion_12" class="collapse job_list___sub_multi_collapse" id="job_list___sub_collapse_12_1"><div class="card-body"><div class="work-item"><div class="alert alert-success test-outcome" role="alert"><p>worker outcome: normal</p><p>test outcome: killed</p></div></div><pre class="location"><a href="pycharm://open?file=binarySearchTree4.py&amp;line=37" class="text-secondary"><button class="btn btn-outline-dark">binarySearchTree4.py, start pos: (37, 26), end pos: (37, 28)</button></a></pre><pre>operator: core/ReplaceComparisonOperator_Is_IsNot, occurrence: 4</pre><div class="alert alert-secondary"><pre class="diff">--- mutation diff ---
--- abinarySearchTree4.py
+++ bbinarySearchTree4.py
@@ -34,7 +34,7 @@
             else:
                 return self._insert(node.left, data)
         else:
-            if node.right is None:
+            if node.right is not None:
                 node.right = self._insert(node.right, data)
                 node.right.parent = node
                 return node.right</pre></div><div class="alert alert-secondary"><pre class="diff">============================= test session starts ==============================
platform linux -- Python 3.10.10, pytest-7.2.1, pluggy-1.0.0
rootdir: /home/auri/temp/lucca/python_experiments/binarySearchTree4
collected 9 items

WHOLE_SUITE/test_binarySearchTree4_WHOLE_SUITE.py F........              [100%]

=================================== FAILURES ===================================
_________________________________ test_case_0 __________________________________

    def test_case_0():
        bst_0 = module_0.Bst()
        bst_1 = module_0.Bst()
        bst_2 = module_0.Bst()
        bst_3 = module_0.Bst()
        bool_0 = False
        int_0 = 1568
        list_0 = [int_0]
        complex_0 = -46.48 + 1184.7075j
        var_0 = bst_0.insert(list_0)
        assert f'{type(bst_0.root).__module__}.{type(bst_0.root).__qualname__}' == 'binarySearchTree4.Node'
        assert f'{type(var_0).__module__}.{type(var_0).__qualname__}' == 'binarySearchTree4.Node'
        assert var_0.data == [1568]
        assert var_0.left is None
        assert var_0.right is None
        assert var_0.parent is None
        node_0 = module_0.Node(complex_0)
        complex_1 = 982.226 + 1493.681249j
        var_1 = bst_3.insert(bool_0)
        assert f'{type(bst_3.root).__module__}.{type(bst_3.root).__qualname__}' == 'binarySearchTree4.Node'
        float_0 = 1099.91
        tuple_0 = (complex_1, float_0)
        none_type_0 = None
        node_1 = module_0.Node(tuple_0)
        var_2 = node_1.__repr__()
        var_3 = bst_3.insert(float_0)
&gt;       assert f'{type(var_1.right).__module__}.{type(var_1.right).__qualname__}' == 'binarySearchTree4.Node'
E       AssertionError: assert 'builtins.NoneType' == 'binarySearchTree4.Node'
E         - binarySearchTree4.Node
E         + builtins.NoneType

WHOLE_SUITE/test_binarySearchTree4_WHOLE_SUITE.py:31: AssertionError
=========================== short test summary info ============================
FAILED WHOLE_SUITE/test_binarySearchTree4_WHOLE_SUITE.py::test_case_0 - Asser...
========================= 1 failed, 8 passed in 0.23s ==========================
</pre></div></div></div></div></div><div class="mb-1" id="job_list___sub_accordion_13"><div class="card"><a data-toggle="collapse" data-target="#job_list___sub_collapse_13_1" aria-expanded="false" aria-controls="job_list___sub_collapse_13_1" href="#" class="job_list___sub_multi_heading"><div role="alert" class="card-header alert-success" id="job_list___sub_heading_13_1"><button class="btn btn-outline-success"><span class="job_id">13 : Job ID 68434f4c930749cf81afd468378edb17</span></button></div></a><div aria-labelledby="job_list___sub_heading_13_1" data-parent="#job_list___sub_accordion_13" class="collapse job_list___sub_multi_collapse" id="job_list___sub_collapse_13_1"><div class="card-body"><div class="work-item"><div class="alert alert-success test-outcome" role="alert"><p>worker outcome: normal</p><p>test outcome: killed</p></div></div><pre class="location"><a href="pycharm://open?file=binarySearchTree4.py&amp;line=18" class="text-secondary"><button class="btn btn-outline-dark">binarySearchTree4.py, start pos: (18, 11), end pos: (18, 23)</button></a></pre><pre>operator: core/AddNot, occurrence: 0</pre><div class="alert alert-secondary"><pre class="diff">--- mutation diff ---
--- abinarySearchTree4.py
+++ bbinarySearchTree4.py
@@ -15,7 +15,7 @@
         self.root = root
 
     def insert(self, data):
-        if data is None:
+        if not data is None:
             raise TypeError('data cannot be None')
         if self.root is None:
             self.root = Node(data)</pre></div><div class="alert alert-secondary"><pre class="diff">============================= test session starts ==============================
platform linux -- Python 3.10.10, pytest-7.2.1, pluggy-1.0.0
rootdir: /home/auri/temp/lucca/python_experiments/binarySearchTree4
collected 9 items

WHOLE_SUITE/test_binarySearchTree4_WHOLE_SUITE.py F...FFFF.              [100%]

=================================== FAILURES ===================================
_________________________________ test_case_0 __________________________________

    def test_case_0():
        bst_0 = module_0.Bst()
        bst_1 = module_0.Bst()
        bst_2 = module_0.Bst()
        bst_3 = module_0.Bst()
        bool_0 = False
        int_0 = 1568
        list_0 = [int_0]
        complex_0 = -46.48 + 1184.7075j
&gt;       var_0 = bst_0.insert(list_0)

WHOLE_SUITE/test_binarySearchTree4_WHOLE_SUITE.py:14: 
_ _ _ _ _ _ _ _ _ _ _ _ _ _ _ _ _ _ _ _ _ _ _ _ _ _ _ _ _ _ _ _ _ _ _ _ _ _ _ _ 

self = &lt;binarySearchTree4.Bst object at 0x7f1d86bf8520&gt;, data = [1568]

    def insert(self, data):
        if not data is None:
&gt;           raise TypeError('data cannot be None')
E           TypeError: data cannot be None

binarySearchTree4.py:19: TypeError
_________________________________ test_case_4 __________________________________

    def test_case_4():
        none_type_0 = None
        bst_0 = module_0.Bst()
&gt;       with pytest.raises(TypeError):
E       Failed: DID NOT RAISE &lt;class 'TypeError'&gt;

WHOLE_SUITE/test_binarySearchTree4_WHOLE_SUITE.py:70: Failed
_________________________________ test_case_5 __________________________________

    def test_case_5():
        none_type_0 = None
        bst_0 = module_0.Bst()
&gt;       with pytest.raises(TypeError):
E       Failed: DID NOT RAISE &lt;class 'TypeError'&gt;

WHOLE_SUITE/test_binarySearchTree4_WHOLE_SUITE.py:76: Failed
_________________________________ test_case_6 __________________________________

    def test_case_6():
        bst_0 = module_0.Bst()
        int_0 = -852
        bst_1 = module_0.Bst()
&gt;       var_0 = bst_1.insert(int_0)

WHOLE_SUITE/test_binarySearchTree4_WHOLE_SUITE.py:83: 
_ _ _ _ _ _ _ _ _ _ _ _ _ _ _ _ _ _ _ _ _ _ _ _ _ _ _ _ _ _ _ _ _ _ _ _ _ _ _ _ 

self = &lt;binarySearchTree4.Bst object at 0x7f1d86bfe380&gt;, data = -852

    def insert(self, data):
        if not data is None:
&gt;           raise TypeError('data cannot be None')
E           TypeError: data cannot be None

binarySearchTree4.py:19: TypeError
_________________________________ test_case_7 __________________________________

    def test_case_7():
        bool_0 = True
        bst_0 = module_0.Bst()
&gt;       var_0 = bst_0.insert(bool_0)

WHOLE_SUITE/test_binarySearchTree4_WHOLE_SUITE.py:97: 
_ _ _ _ _ _ _ _ _ _ _ _ _ _ _ _ _ _ _ _ _ _ _ _ _ _ _ _ _ _ _ _ _ _ _ _ _ _ _ _ 

self = &lt;binarySearchTree4.Bst object at 0x7f1d86bfd570&gt;, data = True

    def insert(self, data):
        if not data is None:
&gt;           raise TypeError('data cannot be None')
E           TypeError: data cannot be None

binarySearchTree4.py:19: TypeError
=========================== short test summary info ============================
FAILED WHOLE_SUITE/test_binarySearchTree4_WHOLE_SUITE.py::test_case_0 - TypeE...
FAILED WHOLE_SUITE/test_binarySearchTree4_WHOLE_SUITE.py::test_case_4 - Faile...
FAILED WHOLE_SUITE/test_binarySearchTree4_WHOLE_SUITE.py::test_case_5 - Faile...
FAILED WHOLE_SUITE/test_binarySearchTree4_WHOLE_SUITE.py::test_case_6 - TypeE...
FAILED WHOLE_SUITE/test_binarySearchTree4_WHOLE_SUITE.py::test_case_7 - TypeE...
========================= 5 failed, 4 passed in 0.15s ==========================
</pre></div></div></div></div></div><div class="mb-1" id="job_list___sub_accordion_14"><div class="card"><a data-toggle="collapse" data-target="#job_list___sub_collapse_14_1" aria-expanded="false" aria-controls="job_list___sub_collapse_14_1" href="#" class="job_list___sub_multi_heading"><div role="alert" class="card-header alert-success" id="job_list___sub_heading_14_1"><button class="btn btn-outline-success"><span class="job_id">14 : Job ID 79653d48ed9144989021215e0b32f2c7</span></button></div></a><div aria-labelledby="job_list___sub_heading_14_1" data-parent="#job_list___sub_accordion_14" class="collapse job_list___sub_multi_collapse" id="job_list___sub_collapse_14_1"><div class="card-body"><div class="work-item"><div class="alert alert-success test-outcome" role="alert"><p>worker outcome: normal</p><p>test outcome: killed</p></div></div><pre class="location"><a href="pycharm://open?file=binarySearchTree4.py&amp;line=20" class="text-secondary"><button class="btn btn-outline-dark">binarySearchTree4.py, start pos: (20, 11), end pos: (20, 28)</button></a></pre><pre>operator: core/AddNot, occurrence: 1</pre><div class="alert alert-secondary"><pre class="diff">--- mutation diff ---
--- abinarySearchTree4.py
+++ bbinarySearchTree4.py
@@ -17,7 +17,7 @@
     def insert(self, data):
         if data is None:
             raise TypeError('data cannot be None')
-        if self.root is None:
+        if not self.root is None:
             self.root = Node(data)
             return self.root
         else:</pre></div><div class="alert alert-secondary"><pre class="diff">============================= test session starts ==============================
platform linux -- Python 3.10.10, pytest-7.2.1, pluggy-1.0.0
rootdir: /home/auri/temp/lucca/python_experiments/binarySearchTree4
collected 9 items

WHOLE_SUITE/test_binarySearchTree4_WHOLE_SUITE.py F.....FF.              [100%]

=================================== FAILURES ===================================
_________________________________ test_case_0 __________________________________

    def test_case_0():
        bst_0 = module_0.Bst()
        bst_1 = module_0.Bst()
        bst_2 = module_0.Bst()
        bst_3 = module_0.Bst()
        bool_0 = False
        int_0 = 1568
        list_0 = [int_0]
        complex_0 = -46.48 + 1184.7075j
        var_0 = bst_0.insert(list_0)
&gt;       assert f'{type(bst_0.root).__module__}.{type(bst_0.root).__qualname__}' == 'binarySearchTree4.Node'
E       AssertionError: assert 'builtins.NoneType' == 'binarySearchTree4.Node'
E         - binarySearchTree4.Node
E         + builtins.NoneType

WHOLE_SUITE/test_binarySearchTree4_WHOLE_SUITE.py:15: AssertionError
_________________________________ test_case_6 __________________________________

    def test_case_6():
        bst_0 = module_0.Bst()
        int_0 = -852
        bst_1 = module_0.Bst()
        var_0 = bst_1.insert(int_0)
&gt;       assert f'{type(bst_1.root).__module__}.{type(bst_1.root).__qualname__}' == 'binarySearchTree4.Node'
E       AssertionError: assert 'builtins.NoneType' == 'binarySearchTree4.Node'
E         - binarySearchTree4.Node
E         + builtins.NoneType

WHOLE_SUITE/test_binarySearchTree4_WHOLE_SUITE.py:84: AssertionError
_________________________________ test_case_7 __________________________________

    def test_case_7():
        bool_0 = True
        bst_0 = module_0.Bst()
        var_0 = bst_0.insert(bool_0)
&gt;       assert f'{type(bst_0.root).__module__}.{type(bst_0.root).__qualname__}' == 'binarySearchTree4.Node'
E       AssertionError: assert 'builtins.NoneType' == 'binarySearchTree4.Node'
E         - binarySearchTree4.Node
E         + builtins.NoneType

WHOLE_SUITE/test_binarySearchTree4_WHOLE_SUITE.py:98: AssertionError
=========================== short test summary info ============================
FAILED WHOLE_SUITE/test_binarySearchTree4_WHOLE_SUITE.py::test_case_0 - Asser...
FAILED WHOLE_SUITE/test_binarySearchTree4_WHOLE_SUITE.py::test_case_6 - Asser...
FAILED WHOLE_SUITE/test_binarySearchTree4_WHOLE_SUITE.py::test_case_7 - Asser...
========================= 3 failed, 6 passed in 0.13s ==========================
</pre></div></div></div></div></div><div class="mb-1" id="job_list___sub_accordion_15"><div class="card"><a data-toggle="collapse" data-target="#job_list___sub_collapse_15_1" aria-expanded="false" aria-controls="job_list___sub_collapse_15_1" href="#" class="job_list___sub_multi_heading"><div role="alert" class="card-header alert-success" id="job_list___sub_heading_15_1"><button class="btn btn-outline-success"><span class="job_id">15 : Job ID 9ce12a2708ae48668fa3cd9e7ec19c8b</span></button></div></a><div aria-labelledby="job_list___sub_heading_15_1" data-parent="#job_list___sub_accordion_15" class="collapse job_list___sub_multi_collapse" id="job_list___sub_collapse_15_1"><div class="card-body"><div class="work-item"><div class="alert alert-success test-outcome" role="alert"><p>worker outcome: normal</p><p>test outcome: killed</p></div></div><pre class="location"><a href="pycharm://open?file=binarySearchTree4.py&amp;line=27" class="text-secondary"><button class="btn btn-outline-dark">binarySearchTree4.py, start pos: (27, 11), end pos: (27, 23)</button></a></pre><pre>operator: core/AddNot, occurrence: 2</pre><div class="alert alert-secondary"><pre class="diff">--- mutation diff ---
--- abinarySearchTree4.py
+++ bbinarySearchTree4.py
@@ -24,7 +24,7 @@
             return self._insert(self.root, data)
 
     def _insert(self, node, data):
-        if node is None:
+        if not node is None:
             return Node(data)
         if data &lt;= node.data:
             if node.left is None:</pre></div><div class="alert alert-secondary"><pre class="diff">============================= test session starts ==============================
platform linux -- Python 3.10.10, pytest-7.2.1, pluggy-1.0.0
rootdir: /home/auri/temp/lucca/python_experiments/binarySearchTree4
collected 9 items

WHOLE_SUITE/test_binarySearchTree4_WHOLE_SUITE.py F.....FF.              [100%]

=================================== FAILURES ===================================
_________________________________ test_case_0 __________________________________

    def test_case_0():
        bst_0 = module_0.Bst()
        bst_1 = module_0.Bst()
        bst_2 = module_0.Bst()
        bst_3 = module_0.Bst()
        bool_0 = False
        int_0 = 1568
        list_0 = [int_0]
        complex_0 = -46.48 + 1184.7075j
        var_0 = bst_0.insert(list_0)
        assert f'{type(bst_0.root).__module__}.{type(bst_0.root).__qualname__}' == 'binarySearchTree4.Node'
        assert f'{type(var_0).__module__}.{type(var_0).__qualname__}' == 'binarySearchTree4.Node'
        assert var_0.data == [1568]
        assert var_0.left is None
        assert var_0.right is None
        assert var_0.parent is None
        node_0 = module_0.Node(complex_0)
        complex_1 = 982.226 + 1493.681249j
        var_1 = bst_3.insert(bool_0)
        assert f'{type(bst_3.root).__module__}.{type(bst_3.root).__qualname__}' == 'binarySearchTree4.Node'
        float_0 = 1099.91
        tuple_0 = (complex_1, float_0)
        none_type_0 = None
        node_1 = module_0.Node(tuple_0)
        var_2 = node_1.__repr__()
        var_3 = bst_3.insert(float_0)
&gt;       assert f'{type(var_1.right).__module__}.{type(var_1.right).__qualname__}' == 'binarySearchTree4.Node'
E       AssertionError: assert 'builtins.NoneType' == 'binarySearchTree4.Node'
E         - binarySearchTree4.Node
E         + builtins.NoneType

WHOLE_SUITE/test_binarySearchTree4_WHOLE_SUITE.py:31: AssertionError
_________________________________ test_case_6 __________________________________

    def test_case_6():
        bst_0 = module_0.Bst()
        int_0 = -852
        bst_1 = module_0.Bst()
        var_0 = bst_1.insert(int_0)
        assert f'{type(bst_1.root).__module__}.{type(bst_1.root).__qualname__}' == 'binarySearchTree4.Node'
        assert f'{type(var_0).__module__}.{type(var_0).__qualname__}' == 'binarySearchTree4.Node'
        assert var_0.data == -852
        assert var_0.left is None
        assert var_0.right is None
        assert var_0.parent is None
        var_1 = bst_0.__repr__()
&gt;       with pytest.raises(TypeError):
E       Failed: DID NOT RAISE &lt;class 'TypeError'&gt;

WHOLE_SUITE/test_binarySearchTree4_WHOLE_SUITE.py:91: Failed
_________________________________ test_case_7 __________________________________

    def test_case_7():
        bool_0 = True
        bst_0 = module_0.Bst()
        var_0 = bst_0.insert(bool_0)
        assert f'{type(bst_0.root).__module__}.{type(bst_0.root).__qualname__}' == 'binarySearchTree4.Node'
        assert f'{type(var_0).__module__}.{type(var_0).__qualname__}' == 'binarySearchTree4.Node'
        assert var_0.data is True
        assert var_0.left is None
        assert var_0.right is None
        assert var_0.parent is None
        var_1 = bst_0.insert(bool_0)
&gt;       assert f'{type(var_0.left).__module__}.{type(var_0.left).__qualname__}' == 'binarySearchTree4.Node'
E       AssertionError: assert 'builtins.NoneType' == 'binarySearchTree4.Node'
E         - binarySearchTree4.Node
E         + builtins.NoneType

WHOLE_SUITE/test_binarySearchTree4_WHOLE_SUITE.py:105: AssertionError
=========================== short test summary info ============================
FAILED WHOLE_SUITE/test_binarySearchTree4_WHOLE_SUITE.py::test_case_0 - Asser...
FAILED WHOLE_SUITE/test_binarySearchTree4_WHOLE_SUITE.py::test_case_6 - Faile...
FAILED WHOLE_SUITE/test_binarySearchTree4_WHOLE_SUITE.py::test_case_7 - Asser...
========================= 3 failed, 6 passed in 0.21s ==========================
</pre></div></div></div></div></div><div class="mb-1" id="job_list___sub_accordion_16"><div class="card"><a data-toggle="collapse" data-target="#job_list___sub_collapse_16_1" aria-expanded="false" aria-controls="job_list___sub_collapse_16_1" href="#" class="job_list___sub_multi_heading"><div role="alert" class="card-header alert-success" id="job_list___sub_heading_16_1"><button class="btn btn-outline-success"><span class="job_id">16 : Job ID 9ebd183d368a4f268de6ce886ffefb97</span></button></div></a><div aria-labelledby="job_list___sub_heading_16_1" data-parent="#job_list___sub_accordion_16" class="collapse job_list___sub_multi_collapse" id="job_list___sub_collapse_16_1"><div class="card-body"><div class="work-item"><div class="alert alert-success test-outcome" role="alert"><p>worker outcome: normal</p><p>test outcome: killed</p></div></div><pre class="location"><a href="pycharm://open?file=binarySearchTree4.py&amp;line=29" class="text-secondary"><button class="btn btn-outline-dark">binarySearchTree4.py, start pos: (29, 11), end pos: (29, 28)</button></a></pre><pre>operator: core/AddNot, occurrence: 3</pre><div class="alert alert-secondary"><pre class="diff">--- mutation diff ---
--- abinarySearchTree4.py
+++ bbinarySearchTree4.py
@@ -26,7 +26,7 @@
     def _insert(self, node, data):
         if node is None:
             return Node(data)
-        if data &lt;= node.data:
+        if not data &lt;= node.data:
             if node.left is None:
                 node.left = self._insert(node.left, data)
                 node.left.parent = node</pre></div><div class="alert alert-secondary"><pre class="diff">============================= test session starts ==============================
platform linux -- Python 3.10.10, pytest-7.2.1, pluggy-1.0.0
rootdir: /home/auri/temp/lucca/python_experiments/binarySearchTree4
collected 9 items

WHOLE_SUITE/test_binarySearchTree4_WHOLE_SUITE.py F......F.              [100%]

=================================== FAILURES ===================================
_________________________________ test_case_0 __________________________________

    def test_case_0():
        bst_0 = module_0.Bst()
        bst_1 = module_0.Bst()
        bst_2 = module_0.Bst()
        bst_3 = module_0.Bst()
        bool_0 = False
        int_0 = 1568
        list_0 = [int_0]
        complex_0 = -46.48 + 1184.7075j
        var_0 = bst_0.insert(list_0)
        assert f'{type(bst_0.root).__module__}.{type(bst_0.root).__qualname__}' == 'binarySearchTree4.Node'
        assert f'{type(var_0).__module__}.{type(var_0).__qualname__}' == 'binarySearchTree4.Node'
        assert var_0.data == [1568]
        assert var_0.left is None
        assert var_0.right is None
        assert var_0.parent is None
        node_0 = module_0.Node(complex_0)
        complex_1 = 982.226 + 1493.681249j
        var_1 = bst_3.insert(bool_0)
        assert f'{type(bst_3.root).__module__}.{type(bst_3.root).__qualname__}' == 'binarySearchTree4.Node'
        float_0 = 1099.91
        tuple_0 = (complex_1, float_0)
        none_type_0 = None
        node_1 = module_0.Node(tuple_0)
        var_2 = node_1.__repr__()
        var_3 = bst_3.insert(float_0)
&gt;       assert f'{type(var_1.right).__module__}.{type(var_1.right).__qualname__}' == 'binarySearchTree4.Node'
E       AssertionError: assert 'builtins.NoneType' == 'binarySearchTree4.Node'
E         - binarySearchTree4.Node
E         + builtins.NoneType

WHOLE_SUITE/test_binarySearchTree4_WHOLE_SUITE.py:31: AssertionError
_________________________________ test_case_7 __________________________________

    def test_case_7():
        bool_0 = True
        bst_0 = module_0.Bst()
        var_0 = bst_0.insert(bool_0)
        assert f'{type(bst_0.root).__module__}.{type(bst_0.root).__qualname__}' == 'binarySearchTree4.Node'
        assert f'{type(var_0).__module__}.{type(var_0).__qualname__}' == 'binarySearchTree4.Node'
        assert var_0.data is True
        assert var_0.left is None
        assert var_0.right is None
        assert var_0.parent is None
        var_1 = bst_0.insert(bool_0)
&gt;       assert f'{type(var_0.left).__module__}.{type(var_0.left).__qualname__}' == 'binarySearchTree4.Node'
E       AssertionError: assert 'builtins.NoneType' == 'binarySearchTree4.Node'
E         - binarySearchTree4.Node
E         + builtins.NoneType

WHOLE_SUITE/test_binarySearchTree4_WHOLE_SUITE.py:105: AssertionError
=========================== short test summary info ============================
FAILED WHOLE_SUITE/test_binarySearchTree4_WHOLE_SUITE.py::test_case_0 - Asser...
FAILED WHOLE_SUITE/test_binarySearchTree4_WHOLE_SUITE.py::test_case_7 - Asser...
========================= 2 failed, 7 passed in 0.12s ==========================
</pre></div></div></div></div></div><div class="mb-1" id="job_list___sub_accordion_17"><div class="card"><a data-toggle="collapse" data-target="#job_list___sub_collapse_17_1" aria-expanded="false" aria-controls="job_list___sub_collapse_17_1" href="#" class="job_list___sub_multi_heading"><div role="alert" class="card-header alert-success" id="job_list___sub_heading_17_1"><button class="btn btn-outline-success"><span class="job_id">17 : Job ID 8ffd00c55eab4957b32f0fc91ec0bd59</span></button></div></a><div aria-labelledby="job_list___sub_heading_17_1" data-parent="#job_list___sub_accordion_17" class="collapse job_list___sub_multi_collapse" id="job_list___sub_collapse_17_1"><div class="card-body"><div class="work-item"><div class="alert alert-success test-outcome" role="alert"><p>worker outcome: normal</p><p>test outcome: killed</p></div></div><pre class="location"><a href="pycharm://open?file=binarySearchTree4.py&amp;line=30" class="text-secondary"><button class="btn btn-outline-dark">binarySearchTree4.py, start pos: (30, 15), end pos: (30, 32)</button></a></pre><pre>operator: core/AddNot, occurrence: 4</pre><div class="alert alert-secondary"><pre class="diff">--- mutation diff ---
--- abinarySearchTree4.py
+++ bbinarySearchTree4.py
@@ -27,7 +27,7 @@
         if node is None:
             return Node(data)
         if data &lt;= node.data:
-            if node.left is None:
+            if not node.left is None:
                 node.left = self._insert(node.left, data)
                 node.left.parent = node
                 return node.left</pre></div><div class="alert alert-secondary"><pre class="diff">============================= test session starts ==============================
platform linux -- Python 3.10.10, pytest-7.2.1, pluggy-1.0.0
rootdir: /home/auri/temp/lucca/python_experiments/binarySearchTree4
collected 9 items

WHOLE_SUITE/test_binarySearchTree4_WHOLE_SUITE.py F......F.              [100%]

=================================== FAILURES ===================================
_________________________________ test_case_0 __________________________________

    def test_case_0():
        bst_0 = module_0.Bst()
        bst_1 = module_0.Bst()
        bst_2 = module_0.Bst()
        bst_3 = module_0.Bst()
        bool_0 = False
        int_0 = 1568
        list_0 = [int_0]
        complex_0 = -46.48 + 1184.7075j
        var_0 = bst_0.insert(list_0)
        assert f'{type(bst_0.root).__module__}.{type(bst_0.root).__qualname__}' == 'binarySearchTree4.Node'
        assert f'{type(var_0).__module__}.{type(var_0).__qualname__}' == 'binarySearchTree4.Node'
        assert var_0.data == [1568]
        assert var_0.left is None
        assert var_0.right is None
        assert var_0.parent is None
        node_0 = module_0.Node(complex_0)
        complex_1 = 982.226 + 1493.681249j
        var_1 = bst_3.insert(bool_0)
        assert f'{type(bst_3.root).__module__}.{type(bst_3.root).__qualname__}' == 'binarySearchTree4.Node'
        float_0 = 1099.91
        tuple_0 = (complex_1, float_0)
        none_type_0 = None
        node_1 = module_0.Node(tuple_0)
        var_2 = node_1.__repr__()
        var_3 = bst_3.insert(float_0)
        assert f'{type(var_1.right).__module__}.{type(var_1.right).__qualname__}' == 'binarySearchTree4.Node'
        assert f'{type(var_3.parent).__module__}.{type(var_3.parent).__qualname__}' == 'binarySearchTree4.Node'
        node_2 = module_0.Node(none_type_0)
        node_3 = bst_3.insert(float_0)
&gt;       assert f'{type(var_3.left).__module__}.{type(var_3.left).__qualname__}' == 'binarySearchTree4.Node'
E       AssertionError: assert 'builtins.NoneType' == 'binarySearchTree4.Node'
E         - binarySearchTree4.Node
E         + builtins.NoneType

WHOLE_SUITE/test_binarySearchTree4_WHOLE_SUITE.py:35: AssertionError
_________________________________ test_case_7 __________________________________

    def test_case_7():
        bool_0 = True
        bst_0 = module_0.Bst()
        var_0 = bst_0.insert(bool_0)
        assert f'{type(bst_0.root).__module__}.{type(bst_0.root).__qualname__}' == 'binarySearchTree4.Node'
        assert f'{type(var_0).__module__}.{type(var_0).__qualname__}' == 'binarySearchTree4.Node'
        assert var_0.data is True
        assert var_0.left is None
        assert var_0.right is None
        assert var_0.parent is None
        var_1 = bst_0.insert(bool_0)
&gt;       assert f'{type(var_0.left).__module__}.{type(var_0.left).__qualname__}' == 'binarySearchTree4.Node'
E       AssertionError: assert 'builtins.NoneType' == 'binarySearchTree4.Node'
E         - binarySearchTree4.Node
E         + builtins.NoneType

WHOLE_SUITE/test_binarySearchTree4_WHOLE_SUITE.py:105: AssertionError
=========================== short test summary info ============================
FAILED WHOLE_SUITE/test_binarySearchTree4_WHOLE_SUITE.py::test_case_0 - Asser...
FAILED WHOLE_SUITE/test_binarySearchTree4_WHOLE_SUITE.py::test_case_7 - Asser...
========================= 2 failed, 7 passed in 0.24s ==========================
</pre></div></div></div></div></div><div class="mb-1" id="job_list___sub_accordion_18"><div class="card"><a data-toggle="collapse" data-target="#job_list___sub_collapse_18_1" aria-expanded="false" aria-controls="job_list___sub_collapse_18_1" href="#" class="job_list___sub_multi_heading"><div role="alert" class="card-header alert-success" id="job_list___sub_heading_18_1"><button class="btn btn-outline-success"><span class="job_id">18 : Job ID 64b847bbd6f54eb3b33465a58dd91249</span></button></div></a><div aria-labelledby="job_list___sub_heading_18_1" data-parent="#job_list___sub_accordion_18" class="collapse job_list___sub_multi_collapse" id="job_list___sub_collapse_18_1"><div class="card-body"><div class="work-item"><div class="alert alert-success test-outcome" role="alert"><p>worker outcome: normal</p><p>test outcome: killed</p></div></div><pre class="location"><a href="pycharm://open?file=binarySearchTree4.py&amp;line=37" class="text-secondary"><button class="btn btn-outline-dark">binarySearchTree4.py, start pos: (37, 15), end pos: (37, 33)</button></a></pre><pre>operator: core/AddNot, occurrence: 5</pre><div class="alert alert-secondary"><pre class="diff">--- mutation diff ---
--- abinarySearchTree4.py
+++ bbinarySearchTree4.py
@@ -34,7 +34,7 @@
             else:
                 return self._insert(node.left, data)
         else:
-            if node.right is None:
+            if not node.right is None:
                 node.right = self._insert(node.right, data)
                 node.right.parent = node
                 return node.right</pre></div><div class="alert alert-secondary"><pre class="diff">============================= test session starts ==============================
platform linux -- Python 3.10.10, pytest-7.2.1, pluggy-1.0.0
rootdir: /home/auri/temp/lucca/python_experiments/binarySearchTree4
collected 9 items

WHOLE_SUITE/test_binarySearchTree4_WHOLE_SUITE.py F........              [100%]

=================================== FAILURES ===================================
_________________________________ test_case_0 __________________________________

    def test_case_0():
        bst_0 = module_0.Bst()
        bst_1 = module_0.Bst()
        bst_2 = module_0.Bst()
        bst_3 = module_0.Bst()
        bool_0 = False
        int_0 = 1568
        list_0 = [int_0]
        complex_0 = -46.48 + 1184.7075j
        var_0 = bst_0.insert(list_0)
        assert f'{type(bst_0.root).__module__}.{type(bst_0.root).__qualname__}' == 'binarySearchTree4.Node'
        assert f'{type(var_0).__module__}.{type(var_0).__qualname__}' == 'binarySearchTree4.Node'
        assert var_0.data == [1568]
        assert var_0.left is None
        assert var_0.right is None
        assert var_0.parent is None
        node_0 = module_0.Node(complex_0)
        complex_1 = 982.226 + 1493.681249j
        var_1 = bst_3.insert(bool_0)
        assert f'{type(bst_3.root).__module__}.{type(bst_3.root).__qualname__}' == 'binarySearchTree4.Node'
        float_0 = 1099.91
        tuple_0 = (complex_1, float_0)
        none_type_0 = None
        node_1 = module_0.Node(tuple_0)
        var_2 = node_1.__repr__()
        var_3 = bst_3.insert(float_0)
&gt;       assert f'{type(var_1.right).__module__}.{type(var_1.right).__qualname__}' == 'binarySearchTree4.Node'
E       AssertionError: assert 'builtins.NoneType' == 'binarySearchTree4.Node'
E         - binarySearchTree4.Node
E         + builtins.NoneType

WHOLE_SUITE/test_binarySearchTree4_WHOLE_SUITE.py:31: AssertionError
=========================== short test summary info ============================
FAILED WHOLE_SUITE/test_binarySearchTree4_WHOLE_SUITE.py::test_case_0 - Asser...
========================= 1 failed, 8 passed in 0.13s ==========================
</pre></div></div></div></div></div></div></div></div></div></div><script src="https://code.jquery.com/jquery-3.3.1.slim.min.js" integrity="sha384-q8i/X+965DzO0rT7abK41JStQIAqVgRVzpbzo5smXKp4YfRvH+8abtTE1Pi6jizo" crossorigin="anonymous"></script><script src="https://cdnjs.cloudflare.com/ajax/libs/popper.js/1.14.7/umd/popper.min.js" integrity="sha384-UO2eT0CpHqdSJQ6hJty5KVphtPhzWj9WO1clHTMGa3JDZwrnQq4sF86dIHNDz0W1" crossorigin="anonymous"></script><script src="https://stackpath.bootstrapcdn.com/bootstrap/4.3.1/js/bootstrap.min.js" integrity="sha384-JjSmVgyd0p3pXB1rRibZUAYoIIy6OrQ6VrjIEaFf/nJGzIxFDsf4x0xIM+B07jRM" crossorigin="anonymous"></script><script type="text/javascript">$('div.job_list___sub_multi_collapse').on('shown.bs.collapse',  function () {    correct_behavior_functional_buttons();  });$('div.job_list___sub_multi_collapse').on('hidden.bs.collapse',  function () {    correct_behavior_functional_buttons();  });function correct_behavior_functional_buttons() {    var expand = false;    var collapse = false;    $('a.job_list___sub_multi_heading').each(function(index) {      if ($(this).attr('aria-expanded') == 'false') {        expand = true;        return false;      };    });    $('a.job_list___sub_multi_heading').each(function(index) {      if ($(this).attr('aria-expanded') == 'true') {        collapse = true;        return false;      };    });    if (expand) {      $('div#job_item_expand_all').css('display', 'inline-block');    } else {      $('div#job_item_expand_all').css('display', 'none');    };    if (collapse) {      $('div#job_item_collapse_all').css('display', 'inline-block');    } else {      $('div#job_item_collapse_all').css('display', 'none');    };  };correct_behavior_functional_buttons();</script></body></html>
