<!DOCTYPE html><html lang="en"><head><meta charset="utf-8" /><meta name="viewport" content="width=device-width, initial-scale=1, shrink-to-fit=no" /><link rel="stylesheet" href="https://stackpath.bootstrapcdn.com/bootstrap/4.3.1/css/bootstrap.min.css" integrity="sha384-ggOyR0iXCbMQv3Xipma34MD+dH/1fQ784/j6cY/iJTQUOhcWr7x9JvoRxT2MZw1T" crossorigin="anonymous" /><title>Cosmic Ray Report</title></head><body><div class="container"><h1><p class="text-dark">Cosmic Ray Report</p></h1></div><div class="container"><div class="mb-1" id="summary_info___accordion"><div class="card"><a data-toggle="collapse" data-target="#summary_info___collapse_1" aria-expanded="true" aria-controls="summary_info___collapse_1" href="#"><div class="card-header" id="summary_info___heading_1"><button class="btn btn-outline-dark"><h4 class="m-0">Summary info</h4></button></div></a><div aria-labelledby="summary_info___heading_1" data-parent="#summary_info___accordion" class="collapse show" id="summary_info___collapse_1"><div class="card-body"><p>Date time: 04/03/2023 23:52:15</p><p>Total jobs: 54</p><p>Complete: 54 (100.00%)</p><p>Surviving mutants: 16 (29.63%)</p></div></div></div></div><div class="mb-1" id="job_list___accordion"><div class="card"><a data-toggle="collapse" data-target="#job_list___collapse_1" aria-expanded="false" aria-controls="job_list___collapse_1" href="#"><div class="card-header" id="job_list___heading_1"><button class="btn btn-outline-dark"><h4 class="m-0">Job list</h4></button></div></a><div aria-labelledby="job_list___heading_1" data-parent="#job_list___accordion" class="collapse" id="job_list___collapse_1"><div class="card-body"><div class="text-right mb-1"><div class="mx-1" id="job_item_expand_all"><a href="#" onclick="$('div.job_list___sub_multi_collapse').collapse('show');"><button class="btn btn-outline-dark"><span>Expand All</span></button></a></div><div class="mx-1" id="job_item_collapse_all"><a href="#" onclick="$('div.job_list___sub_multi_collapse').collapse('hide');"><button class="btn btn-outline-dark"><span>Collapse All</span></button></a></div></div><div class="mb-1" id="job_list___sub_accordion_1"><div class="card"><a data-toggle="collapse" data-target="#job_list___sub_collapse_1_1" aria-expanded="false" aria-controls="job_list___sub_collapse_1_1" href="#" class="job_list___sub_multi_heading"><div role="alert" class="card-header alert-success" id="job_list___sub_heading_1_1"><button class="btn btn-outline-success"><span class="job_id">1 : Job ID 22731ecc45bc4226b60dff9f95d3fbb9</span></button></div></a><div aria-labelledby="job_list___sub_heading_1_1" data-parent="#job_list___sub_accordion_1" class="collapse job_list___sub_multi_collapse" id="job_list___sub_collapse_1_1"><div class="card-body"><div class="work-item"><div class="alert alert-success test-outcome" role="alert"><p>worker outcome: normal</p><p>test outcome: killed</p></div></div><pre class="location"><a href="pycharm://open?file=linkedList3.py&amp;line=26" class="text-secondary"><button class="btn btn-outline-dark">linkedList3.py, start pos: (26, 23), end pos: (26, 25)</button></a></pre><pre>operator: core/ReplaceComparisonOperator_Eq_NotEq, occurrence: 0</pre><div class="alert alert-secondary"><pre class="diff">--- mutation diff ---
--- alinkedList3.py
+++ blinkedList3.py
@@ -23,7 +23,7 @@
         """Add element to linked list."""
 
         newNode = Node(value)
-        if self.__size == 0:
+        if self.__size != 0:
             self.__head.next = newNode
             self.__head = newNode
             self.__size += 1</pre></div><div class="alert alert-secondary"><pre class="diff">timeout</pre></div></div></div></div></div><div class="mb-1" id="job_list___sub_accordion_2"><div class="card"><a data-toggle="collapse" data-target="#job_list___sub_collapse_2_1" aria-expanded="false" aria-controls="job_list___sub_collapse_2_1" href="#" class="job_list___sub_multi_heading"><div role="alert" class="card-header alert-success" id="job_list___sub_heading_2_1"><button class="btn btn-outline-success"><span class="job_id">2 : Job ID 554df7afe6604e048c2adb3b7f41f4c9</span></button></div></a><div aria-labelledby="job_list___sub_heading_2_1" data-parent="#job_list___sub_accordion_2" class="collapse job_list___sub_multi_collapse" id="job_list___sub_collapse_2_1"><div class="card-body"><div class="work-item"><div class="alert alert-success test-outcome" role="alert"><p>worker outcome: normal</p><p>test outcome: killed</p></div></div><pre class="location"><a href="pycharm://open?file=linkedList3.py&amp;line=40" class="text-secondary"><button class="btn btn-outline-dark">linkedList3.py, start pos: (40, 23), end pos: (40, 25)</button></a></pre><pre>operator: core/ReplaceComparisonOperator_Eq_NotEq, occurrence: 1</pre><div class="alert alert-secondary"><pre class="diff">--- mutation diff ---
--- alinkedList3.py
+++ blinkedList3.py
@@ -37,7 +37,7 @@
 
         """Remove node from linkedlist."""
 
-        if self.__size == 0:
+        if self.__size != 0:
             return None
         if self.__size &gt;= 1:
             nodeToRemove = self.__head</pre></div><div class="alert alert-secondary"><pre class="diff">============================= test session starts ==============================
platform linux -- Python 3.10.10, pytest-7.2.1, pluggy-1.0.0
rootdir: /home/auri/temp/lucca/python_experiments/linkedList3
collected 8 items

WHOLE_SUITE/test_linkedList3_WHOLE_SUITE.py ..FFF.FF                     [100%]

=================================== FAILURES ===================================
_________________________________ test_case_2 __________________________________

    def test_case_2():
        singly_linked_list_0 = module_0.SinglyLinkedList()
        node_0 = singly_linked_list_0.getHeadNode()
        node_1 = singly_linked_list_0.getHeadNode()
        none_type_0 = singly_linked_list_0.add(node_1)
        var_0 = singly_linked_list_0.remove()
&gt;       assert node_0.next is None
E       assert &lt;linkedList3.Node object at 0x7f3a7c7731c0&gt; is None
E        +  where &lt;linkedList3.Node object at 0x7f3a7c7731c0&gt; = &lt;linkedList3.Node object at 0x7f3a7c773640&gt;.next

WHOLE_SUITE/test_linkedList3_WHOLE_SUITE.py:25: AssertionError
_________________________________ test_case_3 __________________________________

    def test_case_3():
        singly_linked_list_0 = module_0.SinglyLinkedList()
        complex_0 = -1570.48195 - 1139.15j
        none_type_0 = singly_linked_list_0.add(complex_0)
        int_0 = singly_linked_list_0.getSize()
        assert int_0 == 1
        none_type_1 = singly_linked_list_0.add(singly_linked_list_0)
        list_0 = singly_linked_list_0.toArray()
        int_1 = singly_linked_list_0.getSize()
        assert int_1 == 2
        node_0 = singly_linked_list_0.getHeadNode()
        node_1 = singly_linked_list_0.getHeadNode()
        var_0 = singly_linked_list_0.getHead()
        int_2 = singly_linked_list_0.getSize()
        assert int_2 == 2
        list_1 = singly_linked_list_0.toArray()
        var_1 = singly_linked_list_0.getHead()
        var_2 = singly_linked_list_0.remove()
&gt;       assert f'{type(var_2).__module__}.{type(var_2).__qualname__}' == 'linkedList3.Node'
E       AssertionError: assert 'builtins.NoneType' == 'linkedList3.Node'
E         - linkedList3.Node
E         + builtins.NoneType

WHOLE_SUITE/test_linkedList3_WHOLE_SUITE.py:57: AssertionError
_________________________________ test_case_4 __________________________________

    def test_case_4():
        singly_linked_list_0 = module_0.SinglyLinkedList()
        bool_0 = singly_linked_list_0.isEmpty()
        assert bool_0 is True
        var_0 = singly_linked_list_0.remove()
        node_0 = singly_linked_list_0.getHeadNode()
&gt;       assert f'{type(node_0).__module__}.{type(node_0).__qualname__}' == 'linkedList3.Node'
E       AssertionError: assert 'builtins.NoneType' == 'linkedList3.Node'
E         - linkedList3.Node
E         + builtins.NoneType

WHOLE_SUITE/test_linkedList3_WHOLE_SUITE.py:78: AssertionError
_________________________________ test_case_6 __________________________________

    def test_case_6():
        singly_linked_list_0 = module_0.SinglyLinkedList()
        list_0 = singly_linked_list_0.toArray()
        none_type_0 = singly_linked_list_0.add(singly_linked_list_0)
        none_type_1 = singly_linked_list_0.add(singly_linked_list_0)
        node_0 = singly_linked_list_0.getHeadNode()
        int_0 = singly_linked_list_0.getSize()
        assert int_0 == 2
        str_0 = singly_linked_list_0.__str__()
        list_1 = singly_linked_list_0.toArray()
        list_2 = singly_linked_list_0.toArray()
        int_1 = singly_linked_list_0.getSize()
        assert int_1 == 2
        var_0 = singly_linked_list_0.remove()
&gt;       assert f'{type(var_0).__module__}.{type(var_0).__qualname__}' == 'linkedList3.Node'
E       AssertionError: assert 'builtins.NoneType' == 'linkedList3.Node'
E         - linkedList3.Node
E         + builtins.NoneType

WHOLE_SUITE/test_linkedList3_WHOLE_SUITE.py:100: AssertionError
_________________________________ test_case_7 __________________________________

    def test_case_7():
        singly_linked_list_0 = module_0.SinglyLinkedList()
        list_0 = singly_linked_list_0.toArray()
        none_type_0 = singly_linked_list_0.add(singly_linked_list_0)
        none_type_1 = singly_linked_list_0.add(singly_linked_list_0)
        node_0 = singly_linked_list_0.getHeadNode()
        int_0 = singly_linked_list_0.getSize()
        assert int_0 == 2
        singly_linked_list_1 = module_0.SinglyLinkedList()
        str_0 = singly_linked_list_1.__str__()
        assert str_0 == '[None]'
        list_1 = singly_linked_list_0.toArray()
        list_2 = singly_linked_list_1.toArray()
        int_1 = singly_linked_list_1.getSize()
        int_2 = singly_linked_list_1.getSize()
        var_0 = singly_linked_list_1.remove()
        node_1 = singly_linked_list_1.getHeadNode()
&gt;       assert f'{type(node_1).__module__}.{type(node_1).__qualname__}' == 'linkedList3.Node'
E       AssertionError: assert 'builtins.NoneType' == 'linkedList3.Node'
E         - linkedList3.Node
E         + builtins.NoneType

WHOLE_SUITE/test_linkedList3_WHOLE_SUITE.py:121: AssertionError
=========================== short test summary info ============================
FAILED WHOLE_SUITE/test_linkedList3_WHOLE_SUITE.py::test_case_2 - assert &lt;lin...
FAILED WHOLE_SUITE/test_linkedList3_WHOLE_SUITE.py::test_case_3 - AssertionEr...
FAILED WHOLE_SUITE/test_linkedList3_WHOLE_SUITE.py::test_case_4 - AssertionEr...
FAILED WHOLE_SUITE/test_linkedList3_WHOLE_SUITE.py::test_case_6 - AssertionEr...
FAILED WHOLE_SUITE/test_linkedList3_WHOLE_SUITE.py::test_case_7 - AssertionEr...
========================= 5 failed, 3 passed in 0.32s ==========================
</pre></div></div></div></div></div><div class="mb-1" id="job_list___sub_accordion_3"><div class="card"><a data-toggle="collapse" data-target="#job_list___sub_collapse_3_1" aria-expanded="false" aria-controls="job_list___sub_collapse_3_1" href="#" class="job_list___sub_multi_heading"><div role="alert" class="card-header alert-success" id="job_list___sub_heading_3_1"><button class="btn btn-outline-success"><span class="job_id">3 : Job ID 4a2ef2ef15774369a1d21a76d47295ca</span></button></div></a><div aria-labelledby="job_list___sub_heading_3_1" data-parent="#job_list___sub_accordion_3" class="collapse job_list___sub_multi_collapse" id="job_list___sub_collapse_3_1"><div class="card-body"><div class="work-item"><div class="alert alert-success test-outcome" role="alert"><p>worker outcome: normal</p><p>test outcome: killed</p></div></div><pre class="location"><a href="pycharm://open?file=linkedList3.py&amp;line=77" class="text-secondary"><button class="btn btn-outline-dark">linkedList3.py, start pos: (77, 35), end pos: (77, 37)</button></a></pre><pre>operator: core/ReplaceComparisonOperator_Eq_NotEq, occurrence: 2</pre><div class="alert alert-secondary"><pre class="diff">--- mutation diff ---
--- alinkedList3.py
+++ blinkedList3.py
@@ -74,7 +74,7 @@
 
         """Checks if linkedlist is empty."""
 
-        return True if self.__size == 0 else False
+        return True if self.__size != 0 else False
 
     def toArray(self) -&gt; list:
 </pre></div><div class="alert alert-secondary"><pre class="diff">============================= test session starts ==============================
platform linux -- Python 3.10.10, pytest-7.2.1, pluggy-1.0.0
rootdir: /home/auri/temp/lucca/python_experiments/linkedList3
collected 8 items

WHOLE_SUITE/test_linkedList3_WHOLE_SUITE.py ....F..F                     [100%]

=================================== FAILURES ===================================
_________________________________ test_case_4 __________________________________

    def test_case_4():
        singly_linked_list_0 = module_0.SinglyLinkedList()
        bool_0 = singly_linked_list_0.isEmpty()
&gt;       assert bool_0 is True
E       assert False is True

WHOLE_SUITE/test_linkedList3_WHOLE_SUITE.py:75: AssertionError
_________________________________ test_case_7 __________________________________

    def test_case_7():
        singly_linked_list_0 = module_0.SinglyLinkedList()
        list_0 = singly_linked_list_0.toArray()
        none_type_0 = singly_linked_list_0.add(singly_linked_list_0)
        none_type_1 = singly_linked_list_0.add(singly_linked_list_0)
        node_0 = singly_linked_list_0.getHeadNode()
        int_0 = singly_linked_list_0.getSize()
        assert int_0 == 2
        singly_linked_list_1 = module_0.SinglyLinkedList()
        str_0 = singly_linked_list_1.__str__()
        assert str_0 == '[None]'
        list_1 = singly_linked_list_0.toArray()
        list_2 = singly_linked_list_1.toArray()
        int_1 = singly_linked_list_1.getSize()
        int_2 = singly_linked_list_1.getSize()
        var_0 = singly_linked_list_1.remove()
        node_1 = singly_linked_list_1.getHeadNode()
        assert f'{type(node_1).__module__}.{type(node_1).__qualname__}' == 'linkedList3.Node'
        assert node_1.value is None
        assert node_1.next is None
        str_1 = var_0.__str__()
        assert str_1 == 'None'
        singly_linked_list_2 = module_0.SinglyLinkedList()
        str_2 = singly_linked_list_1.__str__()
        assert str_2 == '[None]'
        none_type_2 = singly_linked_list_2.add(int_2)
        node_2 = singly_linked_list_1.getHeadNode()
        assert f'{type(node_2).__module__}.{type(node_2).__qualname__}' == 'linkedList3.Node'
        assert node_2.value is None
        assert node_2.next is None
        str_3 = singly_linked_list_2.__str__()
        assert str_3 == '[0]'
        int_3 = singly_linked_list_0.getSize()
        assert int_3 == 2
        int_4 = singly_linked_list_2.getSize()
        assert int_4 == 1
        int_5 = singly_linked_list_1.getSize()
        assert int_5 == 0
        bool_0 = singly_linked_list_2.isEmpty()
&gt;       assert bool_0 is False
E       assert True is False

WHOLE_SUITE/test_linkedList3_WHOLE_SUITE.py:143: AssertionError
=========================== short test summary info ============================
FAILED WHOLE_SUITE/test_linkedList3_WHOLE_SUITE.py::test_case_4 - assert Fals...
FAILED WHOLE_SUITE/test_linkedList3_WHOLE_SUITE.py::test_case_7 - assert True...
========================= 2 failed, 6 passed in 0.17s ==========================
</pre></div></div></div></div></div><div class="mb-1" id="job_list___sub_accordion_4"><div class="card"><a data-toggle="collapse" data-target="#job_list___sub_collapse_4_1" aria-expanded="false" aria-controls="job_list___sub_collapse_4_1" href="#" class="job_list___sub_multi_heading"><div role="alert" class="card-header alert-danger" id="job_list___sub_heading_4_1"><button class="btn btn-outline-danger"><span class="job_id">4 : Job ID 6e733124cb554cfb8bbc02418a1f169b</span></button></div></a><div aria-labelledby="job_list___sub_heading_4_1" data-parent="#job_list___sub_accordion_4" class="collapse job_list___sub_multi_collapse" id="job_list___sub_collapse_4_1"><div class="card-body"><div class="work-item"><div class="alert alert-danger test-outcome" role="alert"><p>SURVIVED</p><p>worker outcome: normal</p><p>test outcome: survived</p></div></div><pre class="location"><a href="pycharm://open?file=linkedList3.py&amp;line=102" class="text-secondary"><button class="btn btn-outline-dark">linkedList3.py, start pos: (102, 12), end pos: (102, 14)</button></a></pre><pre>operator: core/ReplaceComparisonOperator_Eq_NotEq, occurrence: 3</pre><div class="alert alert-secondary"><pre class="diff">--- mutation diff ---
--- alinkedList3.py
+++ blinkedList3.py
@@ -99,6 +99,6 @@
         return str(arr)
 
 
-if __name__ == "__main__":
+if __name__ != "__main__":
     pass
 </pre></div><div class="alert alert-secondary"><pre class="diff">============================= test session starts ==============================
platform linux -- Python 3.10.10, pytest-7.2.1, pluggy-1.0.0
rootdir: /home/auri/temp/lucca/python_experiments/linkedList3
collected 8 items

WHOLE_SUITE/test_linkedList3_WHOLE_SUITE.py ........                     [100%]

============================== 8 passed in 0.18s ===============================
</pre></div></div></div></div></div><div class="mb-1" id="job_list___sub_accordion_5"><div class="card"><a data-toggle="collapse" data-target="#job_list___sub_collapse_5_1" aria-expanded="false" aria-controls="job_list___sub_collapse_5_1" href="#" class="job_list___sub_multi_heading"><div role="alert" class="card-header alert-success" id="job_list___sub_heading_5_1"><button class="btn btn-outline-success"><span class="job_id">5 : Job ID bef2f383683c4fb884565764c3a402eb</span></button></div></a><div aria-labelledby="job_list___sub_heading_5_1" data-parent="#job_list___sub_accordion_5" class="collapse job_list___sub_multi_collapse" id="job_list___sub_collapse_5_1"><div class="card-body"><div class="work-item"><div class="alert alert-success test-outcome" role="alert"><p>worker outcome: normal</p><p>test outcome: killed</p></div></div><pre class="location"><a href="pycharm://open?file=linkedList3.py&amp;line=26" class="text-secondary"><button class="btn btn-outline-dark">linkedList3.py, start pos: (26, 23), end pos: (26, 25)</button></a></pre><pre>operator: core/ReplaceComparisonOperator_Eq_Lt, occurrence: 0</pre><div class="alert alert-secondary"><pre class="diff">--- mutation diff ---
--- alinkedList3.py
+++ blinkedList3.py
@@ -23,7 +23,7 @@
         """Add element to linked list."""
 
         newNode = Node(value)
-        if self.__size == 0:
+        if self.__size &lt; 0:
             self.__head.next = newNode
             self.__head = newNode
             self.__size += 1</pre></div><div class="alert alert-secondary"><pre class="diff">timeout</pre></div></div></div></div></div><div class="mb-1" id="job_list___sub_accordion_6"><div class="card"><a data-toggle="collapse" data-target="#job_list___sub_collapse_6_1" aria-expanded="false" aria-controls="job_list___sub_collapse_6_1" href="#" class="job_list___sub_multi_heading"><div role="alert" class="card-header alert-success" id="job_list___sub_heading_6_1"><button class="btn btn-outline-success"><span class="job_id">6 : Job ID 67197e5c32164644b8dca89912813cf4</span></button></div></a><div aria-labelledby="job_list___sub_heading_6_1" data-parent="#job_list___sub_accordion_6" class="collapse job_list___sub_multi_collapse" id="job_list___sub_collapse_6_1"><div class="card-body"><div class="work-item"><div class="alert alert-success test-outcome" role="alert"><p>worker outcome: normal</p><p>test outcome: killed</p></div></div><pre class="location"><a href="pycharm://open?file=linkedList3.py&amp;line=40" class="text-secondary"><button class="btn btn-outline-dark">linkedList3.py, start pos: (40, 23), end pos: (40, 25)</button></a></pre><pre>operator: core/ReplaceComparisonOperator_Eq_Lt, occurrence: 1</pre><div class="alert alert-secondary"><pre class="diff">--- mutation diff ---
--- alinkedList3.py
+++ blinkedList3.py
@@ -37,7 +37,7 @@
 
         """Remove node from linkedlist."""
 
-        if self.__size == 0:
+        if self.__size &lt; 0:
             return None
         if self.__size &gt;= 1:
             nodeToRemove = self.__head</pre></div><div class="alert alert-secondary"><pre class="diff">============================= test session starts ==============================
platform linux -- Python 3.10.10, pytest-7.2.1, pluggy-1.0.0
rootdir: /home/auri/temp/lucca/python_experiments/linkedList3
collected 8 items

WHOLE_SUITE/test_linkedList3_WHOLE_SUITE.py ....F..F                     [100%]

=================================== FAILURES ===================================
_________________________________ test_case_4 __________________________________

    def test_case_4():
        singly_linked_list_0 = module_0.SinglyLinkedList()
        bool_0 = singly_linked_list_0.isEmpty()
        assert bool_0 is True
        var_0 = singly_linked_list_0.remove()
        node_0 = singly_linked_list_0.getHeadNode()
&gt;       assert f'{type(node_0).__module__}.{type(node_0).__qualname__}' == 'linkedList3.Node'
E       AssertionError: assert 'builtins.NoneType' == 'linkedList3.Node'
E         - linkedList3.Node
E         + builtins.NoneType

WHOLE_SUITE/test_linkedList3_WHOLE_SUITE.py:78: AssertionError
_________________________________ test_case_7 __________________________________

    def test_case_7():
        singly_linked_list_0 = module_0.SinglyLinkedList()
        list_0 = singly_linked_list_0.toArray()
        none_type_0 = singly_linked_list_0.add(singly_linked_list_0)
        none_type_1 = singly_linked_list_0.add(singly_linked_list_0)
        node_0 = singly_linked_list_0.getHeadNode()
        int_0 = singly_linked_list_0.getSize()
        assert int_0 == 2
        singly_linked_list_1 = module_0.SinglyLinkedList()
        str_0 = singly_linked_list_1.__str__()
        assert str_0 == '[None]'
        list_1 = singly_linked_list_0.toArray()
        list_2 = singly_linked_list_1.toArray()
        int_1 = singly_linked_list_1.getSize()
        int_2 = singly_linked_list_1.getSize()
        var_0 = singly_linked_list_1.remove()
        node_1 = singly_linked_list_1.getHeadNode()
&gt;       assert f'{type(node_1).__module__}.{type(node_1).__qualname__}' == 'linkedList3.Node'
E       AssertionError: assert 'builtins.NoneType' == 'linkedList3.Node'
E         - linkedList3.Node
E         + builtins.NoneType

WHOLE_SUITE/test_linkedList3_WHOLE_SUITE.py:121: AssertionError
=========================== short test summary info ============================
FAILED WHOLE_SUITE/test_linkedList3_WHOLE_SUITE.py::test_case_4 - AssertionEr...
FAILED WHOLE_SUITE/test_linkedList3_WHOLE_SUITE.py::test_case_7 - AssertionEr...
========================= 2 failed, 6 passed in 0.28s ==========================
</pre></div></div></div></div></div><div class="mb-1" id="job_list___sub_accordion_7"><div class="card"><a data-toggle="collapse" data-target="#job_list___sub_collapse_7_1" aria-expanded="false" aria-controls="job_list___sub_collapse_7_1" href="#" class="job_list___sub_multi_heading"><div role="alert" class="card-header alert-success" id="job_list___sub_heading_7_1"><button class="btn btn-outline-success"><span class="job_id">7 : Job ID 83db511f838042c89185395c39f304e5</span></button></div></a><div aria-labelledby="job_list___sub_heading_7_1" data-parent="#job_list___sub_accordion_7" class="collapse job_list___sub_multi_collapse" id="job_list___sub_collapse_7_1"><div class="card-body"><div class="work-item"><div class="alert alert-success test-outcome" role="alert"><p>worker outcome: normal</p><p>test outcome: killed</p></div></div><pre class="location"><a href="pycharm://open?file=linkedList3.py&amp;line=77" class="text-secondary"><button class="btn btn-outline-dark">linkedList3.py, start pos: (77, 35), end pos: (77, 37)</button></a></pre><pre>operator: core/ReplaceComparisonOperator_Eq_Lt, occurrence: 2</pre><div class="alert alert-secondary"><pre class="diff">--- mutation diff ---
--- alinkedList3.py
+++ blinkedList3.py
@@ -74,7 +74,7 @@
 
         """Checks if linkedlist is empty."""
 
-        return True if self.__size == 0 else False
+        return True if self.__size &lt; 0 else False
 
     def toArray(self) -&gt; list:
 </pre></div><div class="alert alert-secondary"><pre class="diff">============================= test session starts ==============================
platform linux -- Python 3.10.10, pytest-7.2.1, pluggy-1.0.0
rootdir: /home/auri/temp/lucca/python_experiments/linkedList3
collected 8 items

WHOLE_SUITE/test_linkedList3_WHOLE_SUITE.py ....F...                     [100%]

=================================== FAILURES ===================================
_________________________________ test_case_4 __________________________________

    def test_case_4():
        singly_linked_list_0 = module_0.SinglyLinkedList()
        bool_0 = singly_linked_list_0.isEmpty()
&gt;       assert bool_0 is True
E       assert False is True

WHOLE_SUITE/test_linkedList3_WHOLE_SUITE.py:75: AssertionError
=========================== short test summary info ============================
FAILED WHOLE_SUITE/test_linkedList3_WHOLE_SUITE.py::test_case_4 - assert Fals...
========================= 1 failed, 7 passed in 0.24s ==========================
</pre></div></div></div></div></div><div class="mb-1" id="job_list___sub_accordion_8"><div class="card"><a data-toggle="collapse" data-target="#job_list___sub_collapse_8_1" aria-expanded="false" aria-controls="job_list___sub_collapse_8_1" href="#" class="job_list___sub_multi_heading"><div role="alert" class="card-header alert-danger" id="job_list___sub_heading_8_1"><button class="btn btn-outline-danger"><span class="job_id">8 : Job ID fe82adff421d49c8b11743cd3e26c055</span></button></div></a><div aria-labelledby="job_list___sub_heading_8_1" data-parent="#job_list___sub_accordion_8" class="collapse job_list___sub_multi_collapse" id="job_list___sub_collapse_8_1"><div class="card-body"><div class="work-item"><div class="alert alert-danger test-outcome" role="alert"><p>SURVIVED</p><p>worker outcome: normal</p><p>test outcome: survived</p></div></div><pre class="location"><a href="pycharm://open?file=linkedList3.py&amp;line=102" class="text-secondary"><button class="btn btn-outline-dark">linkedList3.py, start pos: (102, 12), end pos: (102, 14)</button></a></pre><pre>operator: core/ReplaceComparisonOperator_Eq_Lt, occurrence: 3</pre><div class="alert alert-secondary"><pre class="diff">--- mutation diff ---
--- alinkedList3.py
+++ blinkedList3.py
@@ -99,6 +99,6 @@
         return str(arr)
 
 
-if __name__ == "__main__":
+if __name__ &lt; "__main__":
     pass
 </pre></div><div class="alert alert-secondary"><pre class="diff">============================= test session starts ==============================
platform linux -- Python 3.10.10, pytest-7.2.1, pluggy-1.0.0
rootdir: /home/auri/temp/lucca/python_experiments/linkedList3
collected 8 items

WHOLE_SUITE/test_linkedList3_WHOLE_SUITE.py ........                     [100%]

============================== 8 passed in 0.16s ===============================
</pre></div></div></div></div></div><div class="mb-1" id="job_list___sub_accordion_9"><div class="card"><a data-toggle="collapse" data-target="#job_list___sub_collapse_9_1" aria-expanded="false" aria-controls="job_list___sub_collapse_9_1" href="#" class="job_list___sub_multi_heading"><div role="alert" class="card-header alert-danger" id="job_list___sub_heading_9_1"><button class="btn btn-outline-danger"><span class="job_id">9 : Job ID f692872ae7e54149b22fe8340f0931ac</span></button></div></a><div aria-labelledby="job_list___sub_heading_9_1" data-parent="#job_list___sub_accordion_9" class="collapse job_list___sub_multi_collapse" id="job_list___sub_collapse_9_1"><div class="card-body"><div class="work-item"><div class="alert alert-danger test-outcome" role="alert"><p>SURVIVED</p><p>worker outcome: normal</p><p>test outcome: survived</p></div></div><pre class="location"><a href="pycharm://open?file=linkedList3.py&amp;line=26" class="text-secondary"><button class="btn btn-outline-dark">linkedList3.py, start pos: (26, 23), end pos: (26, 25)</button></a></pre><pre>operator: core/ReplaceComparisonOperator_Eq_LtE, occurrence: 0</pre><div class="alert alert-secondary"><pre class="diff">--- mutation diff ---
--- alinkedList3.py
+++ blinkedList3.py
@@ -23,7 +23,7 @@
         """Add element to linked list."""
 
         newNode = Node(value)
-        if self.__size == 0:
+        if self.__size &lt;= 0:
             self.__head.next = newNode
             self.__head = newNode
             self.__size += 1</pre></div><div class="alert alert-secondary"><pre class="diff">============================= test session starts ==============================
platform linux -- Python 3.10.10, pytest-7.2.1, pluggy-1.0.0
rootdir: /home/auri/temp/lucca/python_experiments/linkedList3
collected 8 items

WHOLE_SUITE/test_linkedList3_WHOLE_SUITE.py ........                     [100%]

============================== 8 passed in 0.08s ===============================
</pre></div></div></div></div></div><div class="mb-1" id="job_list___sub_accordion_10"><div class="card"><a data-toggle="collapse" data-target="#job_list___sub_collapse_10_1" aria-expanded="false" aria-controls="job_list___sub_collapse_10_1" href="#" class="job_list___sub_multi_heading"><div role="alert" class="card-header alert-danger" id="job_list___sub_heading_10_1"><button class="btn btn-outline-danger"><span class="job_id">10 : Job ID 8d07129e3c6a4619bb51c5c8d94c1450</span></button></div></a><div aria-labelledby="job_list___sub_heading_10_1" data-parent="#job_list___sub_accordion_10" class="collapse job_list___sub_multi_collapse" id="job_list___sub_collapse_10_1"><div class="card-body"><div class="work-item"><div class="alert alert-danger test-outcome" role="alert"><p>SURVIVED</p><p>worker outcome: normal</p><p>test outcome: survived</p></div></div><pre class="location"><a href="pycharm://open?file=linkedList3.py&amp;line=40" class="text-secondary"><button class="btn btn-outline-dark">linkedList3.py, start pos: (40, 23), end pos: (40, 25)</button></a></pre><pre>operator: core/ReplaceComparisonOperator_Eq_LtE, occurrence: 1</pre><div class="alert alert-secondary"><pre class="diff">--- mutation diff ---
--- alinkedList3.py
+++ blinkedList3.py
@@ -37,7 +37,7 @@
 
         """Remove node from linkedlist."""
 
-        if self.__size == 0:
+        if self.__size &lt;= 0:
             return None
         if self.__size &gt;= 1:
             nodeToRemove = self.__head</pre></div><div class="alert alert-secondary"><pre class="diff">============================= test session starts ==============================
platform linux -- Python 3.10.10, pytest-7.2.1, pluggy-1.0.0
rootdir: /home/auri/temp/lucca/python_experiments/linkedList3
collected 8 items

WHOLE_SUITE/test_linkedList3_WHOLE_SUITE.py ........                     [100%]

============================== 8 passed in 0.15s ===============================
</pre></div></div></div></div></div><div class="mb-1" id="job_list___sub_accordion_11"><div class="card"><a data-toggle="collapse" data-target="#job_list___sub_collapse_11_1" aria-expanded="false" aria-controls="job_list___sub_collapse_11_1" href="#" class="job_list___sub_multi_heading"><div role="alert" class="card-header alert-danger" id="job_list___sub_heading_11_1"><button class="btn btn-outline-danger"><span class="job_id">11 : Job ID 40395afa554c44cebd499e583a380d14</span></button></div></a><div aria-labelledby="job_list___sub_heading_11_1" data-parent="#job_list___sub_accordion_11" class="collapse job_list___sub_multi_collapse" id="job_list___sub_collapse_11_1"><div class="card-body"><div class="work-item"><div class="alert alert-danger test-outcome" role="alert"><p>SURVIVED</p><p>worker outcome: normal</p><p>test outcome: survived</p></div></div><pre class="location"><a href="pycharm://open?file=linkedList3.py&amp;line=77" class="text-secondary"><button class="btn btn-outline-dark">linkedList3.py, start pos: (77, 35), end pos: (77, 37)</button></a></pre><pre>operator: core/ReplaceComparisonOperator_Eq_LtE, occurrence: 2</pre><div class="alert alert-secondary"><pre class="diff">--- mutation diff ---
--- alinkedList3.py
+++ blinkedList3.py
@@ -74,7 +74,7 @@
 
         """Checks if linkedlist is empty."""
 
-        return True if self.__size == 0 else False
+        return True if self.__size &lt;= 0 else False
 
     def toArray(self) -&gt; list:
 </pre></div><div class="alert alert-secondary"><pre class="diff">============================= test session starts ==============================
platform linux -- Python 3.10.10, pytest-7.2.1, pluggy-1.0.0
rootdir: /home/auri/temp/lucca/python_experiments/linkedList3
collected 8 items

WHOLE_SUITE/test_linkedList3_WHOLE_SUITE.py ........                     [100%]

============================== 8 passed in 0.15s ===============================
</pre></div></div></div></div></div><div class="mb-1" id="job_list___sub_accordion_12"><div class="card"><a data-toggle="collapse" data-target="#job_list___sub_collapse_12_1" aria-expanded="false" aria-controls="job_list___sub_collapse_12_1" href="#" class="job_list___sub_multi_heading"><div role="alert" class="card-header alert-danger" id="job_list___sub_heading_12_1"><button class="btn btn-outline-danger"><span class="job_id">12 : Job ID 43f86df6a2ce4db2a43291f33ba82695</span></button></div></a><div aria-labelledby="job_list___sub_heading_12_1" data-parent="#job_list___sub_accordion_12" class="collapse job_list___sub_multi_collapse" id="job_list___sub_collapse_12_1"><div class="card-body"><div class="work-item"><div class="alert alert-danger test-outcome" role="alert"><p>SURVIVED</p><p>worker outcome: normal</p><p>test outcome: survived</p></div></div><pre class="location"><a href="pycharm://open?file=linkedList3.py&amp;line=102" class="text-secondary"><button class="btn btn-outline-dark">linkedList3.py, start pos: (102, 12), end pos: (102, 14)</button></a></pre><pre>operator: core/ReplaceComparisonOperator_Eq_LtE, occurrence: 3</pre><div class="alert alert-secondary"><pre class="diff">--- mutation diff ---
--- alinkedList3.py
+++ blinkedList3.py
@@ -99,6 +99,6 @@
         return str(arr)
 
 
-if __name__ == "__main__":
+if __name__ &lt;= "__main__":
     pass
 </pre></div><div class="alert alert-secondary"><pre class="diff">============================= test session starts ==============================
platform linux -- Python 3.10.10, pytest-7.2.1, pluggy-1.0.0
rootdir: /home/auri/temp/lucca/python_experiments/linkedList3
collected 8 items

WHOLE_SUITE/test_linkedList3_WHOLE_SUITE.py ........                     [100%]

============================== 8 passed in 0.08s ===============================
</pre></div></div></div></div></div><div class="mb-1" id="job_list___sub_accordion_13"><div class="card"><a data-toggle="collapse" data-target="#job_list___sub_collapse_13_1" aria-expanded="false" aria-controls="job_list___sub_collapse_13_1" href="#" class="job_list___sub_multi_heading"><div role="alert" class="card-header alert-success" id="job_list___sub_heading_13_1"><button class="btn btn-outline-success"><span class="job_id">13 : Job ID 93b334f901b943f499773bb6f73300bf</span></button></div></a><div aria-labelledby="job_list___sub_heading_13_1" data-parent="#job_list___sub_accordion_13" class="collapse job_list___sub_multi_collapse" id="job_list___sub_collapse_13_1"><div class="card-body"><div class="work-item"><div class="alert alert-success test-outcome" role="alert"><p>worker outcome: normal</p><p>test outcome: killed</p></div></div><pre class="location"><a href="pycharm://open?file=linkedList3.py&amp;line=26" class="text-secondary"><button class="btn btn-outline-dark">linkedList3.py, start pos: (26, 23), end pos: (26, 25)</button></a></pre><pre>operator: core/ReplaceComparisonOperator_Eq_Gt, occurrence: 0</pre><div class="alert alert-secondary"><pre class="diff">--- mutation diff ---
--- alinkedList3.py
+++ blinkedList3.py
@@ -23,7 +23,7 @@
         """Add element to linked list."""
 
         newNode = Node(value)
-        if self.__size == 0:
+        if self.__size &gt; 0:
             self.__head.next = newNode
             self.__head = newNode
             self.__size += 1</pre></div><div class="alert alert-secondary"><pre class="diff">timeout</pre></div></div></div></div></div><div class="mb-1" id="job_list___sub_accordion_14"><div class="card"><a data-toggle="collapse" data-target="#job_list___sub_collapse_14_1" aria-expanded="false" aria-controls="job_list___sub_collapse_14_1" href="#" class="job_list___sub_multi_heading"><div role="alert" class="card-header alert-success" id="job_list___sub_heading_14_1"><button class="btn btn-outline-success"><span class="job_id">14 : Job ID 1a848fd98d944273a879170aa9a01c51</span></button></div></a><div aria-labelledby="job_list___sub_heading_14_1" data-parent="#job_list___sub_accordion_14" class="collapse job_list___sub_multi_collapse" id="job_list___sub_collapse_14_1"><div class="card-body"><div class="work-item"><div class="alert alert-success test-outcome" role="alert"><p>worker outcome: normal</p><p>test outcome: killed</p></div></div><pre class="location"><a href="pycharm://open?file=linkedList3.py&amp;line=40" class="text-secondary"><button class="btn btn-outline-dark">linkedList3.py, start pos: (40, 23), end pos: (40, 25)</button></a></pre><pre>operator: core/ReplaceComparisonOperator_Eq_Gt, occurrence: 1</pre><div class="alert alert-secondary"><pre class="diff">--- mutation diff ---
--- alinkedList3.py
+++ blinkedList3.py
@@ -37,7 +37,7 @@
 
         """Remove node from linkedlist."""
 
-        if self.__size == 0:
+        if self.__size &gt; 0:
             return None
         if self.__size &gt;= 1:
             nodeToRemove = self.__head</pre></div><div class="alert alert-secondary"><pre class="diff">============================= test session starts ==============================
platform linux -- Python 3.10.10, pytest-7.2.1, pluggy-1.0.0
rootdir: /home/auri/temp/lucca/python_experiments/linkedList3
collected 8 items

WHOLE_SUITE/test_linkedList3_WHOLE_SUITE.py ..FFF.FF                     [100%]

=================================== FAILURES ===================================
_________________________________ test_case_2 __________________________________

    def test_case_2():
        singly_linked_list_0 = module_0.SinglyLinkedList()
        node_0 = singly_linked_list_0.getHeadNode()
        node_1 = singly_linked_list_0.getHeadNode()
        none_type_0 = singly_linked_list_0.add(node_1)
        var_0 = singly_linked_list_0.remove()
&gt;       assert node_0.next is None
E       assert &lt;linkedList3.Node object at 0x7fc9ebf0f2b0&gt; is None
E        +  where &lt;linkedList3.Node object at 0x7fc9ebf0f2b0&gt; = &lt;linkedList3.Node object at 0x7fc9ebf0f430&gt;.next

WHOLE_SUITE/test_linkedList3_WHOLE_SUITE.py:25: AssertionError
_________________________________ test_case_3 __________________________________

    def test_case_3():
        singly_linked_list_0 = module_0.SinglyLinkedList()
        complex_0 = -1570.48195 - 1139.15j
        none_type_0 = singly_linked_list_0.add(complex_0)
        int_0 = singly_linked_list_0.getSize()
        assert int_0 == 1
        none_type_1 = singly_linked_list_0.add(singly_linked_list_0)
        list_0 = singly_linked_list_0.toArray()
        int_1 = singly_linked_list_0.getSize()
        assert int_1 == 2
        node_0 = singly_linked_list_0.getHeadNode()
        node_1 = singly_linked_list_0.getHeadNode()
        var_0 = singly_linked_list_0.getHead()
        int_2 = singly_linked_list_0.getSize()
        assert int_2 == 2
        list_1 = singly_linked_list_0.toArray()
        var_1 = singly_linked_list_0.getHead()
        var_2 = singly_linked_list_0.remove()
&gt;       assert f'{type(var_2).__module__}.{type(var_2).__qualname__}' == 'linkedList3.Node'
E       AssertionError: assert 'builtins.NoneType' == 'linkedList3.Node'
E         - linkedList3.Node
E         + builtins.NoneType

WHOLE_SUITE/test_linkedList3_WHOLE_SUITE.py:57: AssertionError
_________________________________ test_case_4 __________________________________

    def test_case_4():
        singly_linked_list_0 = module_0.SinglyLinkedList()
        bool_0 = singly_linked_list_0.isEmpty()
        assert bool_0 is True
        var_0 = singly_linked_list_0.remove()
        node_0 = singly_linked_list_0.getHeadNode()
&gt;       assert f'{type(node_0).__module__}.{type(node_0).__qualname__}' == 'linkedList3.Node'
E       AssertionError: assert 'builtins.NoneType' == 'linkedList3.Node'
E         - linkedList3.Node
E         + builtins.NoneType

WHOLE_SUITE/test_linkedList3_WHOLE_SUITE.py:78: AssertionError
_________________________________ test_case_6 __________________________________

    def test_case_6():
        singly_linked_list_0 = module_0.SinglyLinkedList()
        list_0 = singly_linked_list_0.toArray()
        none_type_0 = singly_linked_list_0.add(singly_linked_list_0)
        none_type_1 = singly_linked_list_0.add(singly_linked_list_0)
        node_0 = singly_linked_list_0.getHeadNode()
        int_0 = singly_linked_list_0.getSize()
        assert int_0 == 2
        str_0 = singly_linked_list_0.__str__()
        list_1 = singly_linked_list_0.toArray()
        list_2 = singly_linked_list_0.toArray()
        int_1 = singly_linked_list_0.getSize()
        assert int_1 == 2
        var_0 = singly_linked_list_0.remove()
&gt;       assert f'{type(var_0).__module__}.{type(var_0).__qualname__}' == 'linkedList3.Node'
E       AssertionError: assert 'builtins.NoneType' == 'linkedList3.Node'
E         - linkedList3.Node
E         + builtins.NoneType

WHOLE_SUITE/test_linkedList3_WHOLE_SUITE.py:100: AssertionError
_________________________________ test_case_7 __________________________________

    def test_case_7():
        singly_linked_list_0 = module_0.SinglyLinkedList()
        list_0 = singly_linked_list_0.toArray()
        none_type_0 = singly_linked_list_0.add(singly_linked_list_0)
        none_type_1 = singly_linked_list_0.add(singly_linked_list_0)
        node_0 = singly_linked_list_0.getHeadNode()
        int_0 = singly_linked_list_0.getSize()
        assert int_0 == 2
        singly_linked_list_1 = module_0.SinglyLinkedList()
        str_0 = singly_linked_list_1.__str__()
        assert str_0 == '[None]'
        list_1 = singly_linked_list_0.toArray()
        list_2 = singly_linked_list_1.toArray()
        int_1 = singly_linked_list_1.getSize()
        int_2 = singly_linked_list_1.getSize()
        var_0 = singly_linked_list_1.remove()
        node_1 = singly_linked_list_1.getHeadNode()
&gt;       assert f'{type(node_1).__module__}.{type(node_1).__qualname__}' == 'linkedList3.Node'
E       AssertionError: assert 'builtins.NoneType' == 'linkedList3.Node'
E         - linkedList3.Node
E         + builtins.NoneType

WHOLE_SUITE/test_linkedList3_WHOLE_SUITE.py:121: AssertionError
=========================== short test summary info ============================
FAILED WHOLE_SUITE/test_linkedList3_WHOLE_SUITE.py::test_case_2 - assert &lt;lin...
FAILED WHOLE_SUITE/test_linkedList3_WHOLE_SUITE.py::test_case_3 - AssertionEr...
FAILED WHOLE_SUITE/test_linkedList3_WHOLE_SUITE.py::test_case_4 - AssertionEr...
FAILED WHOLE_SUITE/test_linkedList3_WHOLE_SUITE.py::test_case_6 - AssertionEr...
FAILED WHOLE_SUITE/test_linkedList3_WHOLE_SUITE.py::test_case_7 - AssertionEr...
========================= 5 failed, 3 passed in 0.34s ==========================
</pre></div></div></div></div></div><div class="mb-1" id="job_list___sub_accordion_15"><div class="card"><a data-toggle="collapse" data-target="#job_list___sub_collapse_15_1" aria-expanded="false" aria-controls="job_list___sub_collapse_15_1" href="#" class="job_list___sub_multi_heading"><div role="alert" class="card-header alert-success" id="job_list___sub_heading_15_1"><button class="btn btn-outline-success"><span class="job_id">15 : Job ID 611be299e0ee4c31882acf9f9215fcb6</span></button></div></a><div aria-labelledby="job_list___sub_heading_15_1" data-parent="#job_list___sub_accordion_15" class="collapse job_list___sub_multi_collapse" id="job_list___sub_collapse_15_1"><div class="card-body"><div class="work-item"><div class="alert alert-success test-outcome" role="alert"><p>worker outcome: normal</p><p>test outcome: killed</p></div></div><pre class="location"><a href="pycharm://open?file=linkedList3.py&amp;line=77" class="text-secondary"><button class="btn btn-outline-dark">linkedList3.py, start pos: (77, 35), end pos: (77, 37)</button></a></pre><pre>operator: core/ReplaceComparisonOperator_Eq_Gt, occurrence: 2</pre><div class="alert alert-secondary"><pre class="diff">--- mutation diff ---
--- alinkedList3.py
+++ blinkedList3.py
@@ -74,7 +74,7 @@
 
         """Checks if linkedlist is empty."""
 
-        return True if self.__size == 0 else False
+        return True if self.__size &gt; 0 else False
 
     def toArray(self) -&gt; list:
 </pre></div><div class="alert alert-secondary"><pre class="diff">============================= test session starts ==============================
platform linux -- Python 3.10.10, pytest-7.2.1, pluggy-1.0.0
rootdir: /home/auri/temp/lucca/python_experiments/linkedList3
collected 8 items

WHOLE_SUITE/test_linkedList3_WHOLE_SUITE.py ....F..F                     [100%]

=================================== FAILURES ===================================
_________________________________ test_case_4 __________________________________

    def test_case_4():
        singly_linked_list_0 = module_0.SinglyLinkedList()
        bool_0 = singly_linked_list_0.isEmpty()
&gt;       assert bool_0 is True
E       assert False is True

WHOLE_SUITE/test_linkedList3_WHOLE_SUITE.py:75: AssertionError
_________________________________ test_case_7 __________________________________

    def test_case_7():
        singly_linked_list_0 = module_0.SinglyLinkedList()
        list_0 = singly_linked_list_0.toArray()
        none_type_0 = singly_linked_list_0.add(singly_linked_list_0)
        none_type_1 = singly_linked_list_0.add(singly_linked_list_0)
        node_0 = singly_linked_list_0.getHeadNode()
        int_0 = singly_linked_list_0.getSize()
        assert int_0 == 2
        singly_linked_list_1 = module_0.SinglyLinkedList()
        str_0 = singly_linked_list_1.__str__()
        assert str_0 == '[None]'
        list_1 = singly_linked_list_0.toArray()
        list_2 = singly_linked_list_1.toArray()
        int_1 = singly_linked_list_1.getSize()
        int_2 = singly_linked_list_1.getSize()
        var_0 = singly_linked_list_1.remove()
        node_1 = singly_linked_list_1.getHeadNode()
        assert f'{type(node_1).__module__}.{type(node_1).__qualname__}' == 'linkedList3.Node'
        assert node_1.value is None
        assert node_1.next is None
        str_1 = var_0.__str__()
        assert str_1 == 'None'
        singly_linked_list_2 = module_0.SinglyLinkedList()
        str_2 = singly_linked_list_1.__str__()
        assert str_2 == '[None]'
        none_type_2 = singly_linked_list_2.add(int_2)
        node_2 = singly_linked_list_1.getHeadNode()
        assert f'{type(node_2).__module__}.{type(node_2).__qualname__}' == 'linkedList3.Node'
        assert node_2.value is None
        assert node_2.next is None
        str_3 = singly_linked_list_2.__str__()
        assert str_3 == '[0]'
        int_3 = singly_linked_list_0.getSize()
        assert int_3 == 2
        int_4 = singly_linked_list_2.getSize()
        assert int_4 == 1
        int_5 = singly_linked_list_1.getSize()
        assert int_5 == 0
        bool_0 = singly_linked_list_2.isEmpty()
&gt;       assert bool_0 is False
E       assert True is False

WHOLE_SUITE/test_linkedList3_WHOLE_SUITE.py:143: AssertionError
=========================== short test summary info ============================
FAILED WHOLE_SUITE/test_linkedList3_WHOLE_SUITE.py::test_case_4 - assert Fals...
FAILED WHOLE_SUITE/test_linkedList3_WHOLE_SUITE.py::test_case_7 - assert True...
========================= 2 failed, 6 passed in 0.27s ==========================
</pre></div></div></div></div></div><div class="mb-1" id="job_list___sub_accordion_16"><div class="card"><a data-toggle="collapse" data-target="#job_list___sub_collapse_16_1" aria-expanded="false" aria-controls="job_list___sub_collapse_16_1" href="#" class="job_list___sub_multi_heading"><div role="alert" class="card-header alert-danger" id="job_list___sub_heading_16_1"><button class="btn btn-outline-danger"><span class="job_id">16 : Job ID b841032afd3f435f828f93b5b27b3648</span></button></div></a><div aria-labelledby="job_list___sub_heading_16_1" data-parent="#job_list___sub_accordion_16" class="collapse job_list___sub_multi_collapse" id="job_list___sub_collapse_16_1"><div class="card-body"><div class="work-item"><div class="alert alert-danger test-outcome" role="alert"><p>SURVIVED</p><p>worker outcome: normal</p><p>test outcome: survived</p></div></div><pre class="location"><a href="pycharm://open?file=linkedList3.py&amp;line=102" class="text-secondary"><button class="btn btn-outline-dark">linkedList3.py, start pos: (102, 12), end pos: (102, 14)</button></a></pre><pre>operator: core/ReplaceComparisonOperator_Eq_Gt, occurrence: 3</pre><div class="alert alert-secondary"><pre class="diff">--- mutation diff ---
--- alinkedList3.py
+++ blinkedList3.py
@@ -99,6 +99,6 @@
         return str(arr)
 
 
-if __name__ == "__main__":
+if __name__ &gt; "__main__":
     pass
 </pre></div><div class="alert alert-secondary"><pre class="diff">============================= test session starts ==============================
platform linux -- Python 3.10.10, pytest-7.2.1, pluggy-1.0.0
rootdir: /home/auri/temp/lucca/python_experiments/linkedList3
collected 8 items

WHOLE_SUITE/test_linkedList3_WHOLE_SUITE.py ........                     [100%]

============================== 8 passed in 0.13s ===============================
</pre></div></div></div></div></div><div class="mb-1" id="job_list___sub_accordion_17"><div class="card"><a data-toggle="collapse" data-target="#job_list___sub_collapse_17_1" aria-expanded="false" aria-controls="job_list___sub_collapse_17_1" href="#" class="job_list___sub_multi_heading"><div role="alert" class="card-header alert-success" id="job_list___sub_heading_17_1"><button class="btn btn-outline-success"><span class="job_id">17 : Job ID 4e09f9c202694621a78a16a4ba187f93</span></button></div></a><div aria-labelledby="job_list___sub_heading_17_1" data-parent="#job_list___sub_accordion_17" class="collapse job_list___sub_multi_collapse" id="job_list___sub_collapse_17_1"><div class="card-body"><div class="work-item"><div class="alert alert-success test-outcome" role="alert"><p>worker outcome: normal</p><p>test outcome: killed</p></div></div><pre class="location"><a href="pycharm://open?file=linkedList3.py&amp;line=26" class="text-secondary"><button class="btn btn-outline-dark">linkedList3.py, start pos: (26, 23), end pos: (26, 25)</button></a></pre><pre>operator: core/ReplaceComparisonOperator_Eq_GtE, occurrence: 0</pre><div class="alert alert-secondary"><pre class="diff">--- mutation diff ---
--- alinkedList3.py
+++ blinkedList3.py
@@ -23,7 +23,7 @@
         """Add element to linked list."""
 
         newNode = Node(value)
-        if self.__size == 0:
+        if self.__size &gt;= 0:
             self.__head.next = newNode
             self.__head = newNode
             self.__size += 1</pre></div><div class="alert alert-secondary"><pre class="diff">============================= test session starts ==============================
platform linux -- Python 3.10.10, pytest-7.2.1, pluggy-1.0.0
rootdir: /home/auri/temp/lucca/python_experiments/linkedList3
collected 8 items

WHOLE_SUITE/test_linkedList3_WHOLE_SUITE.py ...F..F.                     [100%]

=================================== FAILURES ===================================
_________________________________ test_case_3 __________________________________

    def test_case_3():
        singly_linked_list_0 = module_0.SinglyLinkedList()
        complex_0 = -1570.48195 - 1139.15j
        none_type_0 = singly_linked_list_0.add(complex_0)
        int_0 = singly_linked_list_0.getSize()
        assert int_0 == 1
        none_type_1 = singly_linked_list_0.add(singly_linked_list_0)
        list_0 = singly_linked_list_0.toArray()
        int_1 = singly_linked_list_0.getSize()
        assert int_1 == 2
        node_0 = singly_linked_list_0.getHeadNode()
        node_1 = singly_linked_list_0.getHeadNode()
        var_0 = singly_linked_list_0.getHead()
        int_2 = singly_linked_list_0.getSize()
        assert int_2 == 2
        list_1 = singly_linked_list_0.toArray()
        var_1 = singly_linked_list_0.getHead()
        var_2 = singly_linked_list_0.remove()
        assert f'{type(var_2).__module__}.{type(var_2).__qualname__}' == 'linkedList3.Node'
        assert f'{type(var_2.value).__module__}.{type(var_2.value).__qualname__}' == 'linkedList3.SinglyLinkedList'
&gt;       assert f'{type(var_2.next).__module__}.{type(var_2.next).__qualname__}' == 'linkedList3.Node'
E       AssertionError: assert 'builtins.NoneType' == 'linkedList3.Node'
E         - linkedList3.Node
E         + builtins.NoneType

WHOLE_SUITE/test_linkedList3_WHOLE_SUITE.py:59: AssertionError
_________________________________ test_case_6 __________________________________

    def test_case_6():
        singly_linked_list_0 = module_0.SinglyLinkedList()
        list_0 = singly_linked_list_0.toArray()
        none_type_0 = singly_linked_list_0.add(singly_linked_list_0)
        none_type_1 = singly_linked_list_0.add(singly_linked_list_0)
        node_0 = singly_linked_list_0.getHeadNode()
        int_0 = singly_linked_list_0.getSize()
        assert int_0 == 2
        str_0 = singly_linked_list_0.__str__()
        list_1 = singly_linked_list_0.toArray()
        list_2 = singly_linked_list_0.toArray()
        int_1 = singly_linked_list_0.getSize()
        assert int_1 == 2
        var_0 = singly_linked_list_0.remove()
        assert f'{type(var_0).__module__}.{type(var_0).__qualname__}' == 'linkedList3.Node'
        assert f'{type(var_0.value).__module__}.{type(var_0.value).__qualname__}' == 'linkedList3.SinglyLinkedList'
&gt;       assert f'{type(var_0.next).__module__}.{type(var_0.next).__qualname__}' == 'linkedList3.Node'
E       AssertionError: assert 'builtins.NoneType' == 'linkedList3.Node'
E         - linkedList3.Node
E         + builtins.NoneType

WHOLE_SUITE/test_linkedList3_WHOLE_SUITE.py:102: AssertionError
=========================== short test summary info ============================
FAILED WHOLE_SUITE/test_linkedList3_WHOLE_SUITE.py::test_case_3 - AssertionEr...
FAILED WHOLE_SUITE/test_linkedList3_WHOLE_SUITE.py::test_case_6 - AssertionEr...
========================= 2 failed, 6 passed in 0.24s ==========================
</pre></div></div></div></div></div><div class="mb-1" id="job_list___sub_accordion_18"><div class="card"><a data-toggle="collapse" data-target="#job_list___sub_collapse_18_1" aria-expanded="false" aria-controls="job_list___sub_collapse_18_1" href="#" class="job_list___sub_multi_heading"><div role="alert" class="card-header alert-success" id="job_list___sub_heading_18_1"><button class="btn btn-outline-success"><span class="job_id">18 : Job ID d41dae22bc214f2f9e3b6e649e914264</span></button></div></a><div aria-labelledby="job_list___sub_heading_18_1" data-parent="#job_list___sub_accordion_18" class="collapse job_list___sub_multi_collapse" id="job_list___sub_collapse_18_1"><div class="card-body"><div class="work-item"><div class="alert alert-success test-outcome" role="alert"><p>worker outcome: normal</p><p>test outcome: killed</p></div></div><pre class="location"><a href="pycharm://open?file=linkedList3.py&amp;line=40" class="text-secondary"><button class="btn btn-outline-dark">linkedList3.py, start pos: (40, 23), end pos: (40, 25)</button></a></pre><pre>operator: core/ReplaceComparisonOperator_Eq_GtE, occurrence: 1</pre><div class="alert alert-secondary"><pre class="diff">--- mutation diff ---
--- alinkedList3.py
+++ blinkedList3.py
@@ -37,7 +37,7 @@
 
         """Remove node from linkedlist."""
 
-        if self.__size == 0:
+        if self.__size &gt;= 0:
             return None
         if self.__size &gt;= 1:
             nodeToRemove = self.__head</pre></div><div class="alert alert-secondary"><pre class="diff">============================= test session starts ==============================
platform linux -- Python 3.10.10, pytest-7.2.1, pluggy-1.0.0
rootdir: /home/auri/temp/lucca/python_experiments/linkedList3
collected 8 items

WHOLE_SUITE/test_linkedList3_WHOLE_SUITE.py ..FF..F.                     [100%]

=================================== FAILURES ===================================
_________________________________ test_case_2 __________________________________

    def test_case_2():
        singly_linked_list_0 = module_0.SinglyLinkedList()
        node_0 = singly_linked_list_0.getHeadNode()
        node_1 = singly_linked_list_0.getHeadNode()
        none_type_0 = singly_linked_list_0.add(node_1)
        var_0 = singly_linked_list_0.remove()
&gt;       assert node_0.next is None
E       assert &lt;linkedList3.Node object at 0x7fef51267670&gt; is None
E        +  where &lt;linkedList3.Node object at 0x7fef51267670&gt; = &lt;linkedList3.Node object at 0x7fef51267220&gt;.next

WHOLE_SUITE/test_linkedList3_WHOLE_SUITE.py:25: AssertionError
_________________________________ test_case_3 __________________________________

    def test_case_3():
        singly_linked_list_0 = module_0.SinglyLinkedList()
        complex_0 = -1570.48195 - 1139.15j
        none_type_0 = singly_linked_list_0.add(complex_0)
        int_0 = singly_linked_list_0.getSize()
        assert int_0 == 1
        none_type_1 = singly_linked_list_0.add(singly_linked_list_0)
        list_0 = singly_linked_list_0.toArray()
        int_1 = singly_linked_list_0.getSize()
        assert int_1 == 2
        node_0 = singly_linked_list_0.getHeadNode()
        node_1 = singly_linked_list_0.getHeadNode()
        var_0 = singly_linked_list_0.getHead()
        int_2 = singly_linked_list_0.getSize()
        assert int_2 == 2
        list_1 = singly_linked_list_0.toArray()
        var_1 = singly_linked_list_0.getHead()
        var_2 = singly_linked_list_0.remove()
&gt;       assert f'{type(var_2).__module__}.{type(var_2).__qualname__}' == 'linkedList3.Node'
E       AssertionError: assert 'builtins.NoneType' == 'linkedList3.Node'
E         - linkedList3.Node
E         + builtins.NoneType

WHOLE_SUITE/test_linkedList3_WHOLE_SUITE.py:57: AssertionError
_________________________________ test_case_6 __________________________________

    def test_case_6():
        singly_linked_list_0 = module_0.SinglyLinkedList()
        list_0 = singly_linked_list_0.toArray()
        none_type_0 = singly_linked_list_0.add(singly_linked_list_0)
        none_type_1 = singly_linked_list_0.add(singly_linked_list_0)
        node_0 = singly_linked_list_0.getHeadNode()
        int_0 = singly_linked_list_0.getSize()
        assert int_0 == 2
        str_0 = singly_linked_list_0.__str__()
        list_1 = singly_linked_list_0.toArray()
        list_2 = singly_linked_list_0.toArray()
        int_1 = singly_linked_list_0.getSize()
        assert int_1 == 2
        var_0 = singly_linked_list_0.remove()
&gt;       assert f'{type(var_0).__module__}.{type(var_0).__qualname__}' == 'linkedList3.Node'
E       AssertionError: assert 'builtins.NoneType' == 'linkedList3.Node'
E         - linkedList3.Node
E         + builtins.NoneType

WHOLE_SUITE/test_linkedList3_WHOLE_SUITE.py:100: AssertionError
=========================== short test summary info ============================
FAILED WHOLE_SUITE/test_linkedList3_WHOLE_SUITE.py::test_case_2 - assert &lt;lin...
FAILED WHOLE_SUITE/test_linkedList3_WHOLE_SUITE.py::test_case_3 - AssertionEr...
FAILED WHOLE_SUITE/test_linkedList3_WHOLE_SUITE.py::test_case_6 - AssertionEr...
========================= 3 failed, 5 passed in 0.21s ==========================
</pre></div></div></div></div></div><div class="mb-1" id="job_list___sub_accordion_19"><div class="card"><a data-toggle="collapse" data-target="#job_list___sub_collapse_19_1" aria-expanded="false" aria-controls="job_list___sub_collapse_19_1" href="#" class="job_list___sub_multi_heading"><div role="alert" class="card-header alert-success" id="job_list___sub_heading_19_1"><button class="btn btn-outline-success"><span class="job_id">19 : Job ID 2717663b00484590b7d38ebb34ce9331</span></button></div></a><div aria-labelledby="job_list___sub_heading_19_1" data-parent="#job_list___sub_accordion_19" class="collapse job_list___sub_multi_collapse" id="job_list___sub_collapse_19_1"><div class="card-body"><div class="work-item"><div class="alert alert-success test-outcome" role="alert"><p>worker outcome: normal</p><p>test outcome: killed</p></div></div><pre class="location"><a href="pycharm://open?file=linkedList3.py&amp;line=77" class="text-secondary"><button class="btn btn-outline-dark">linkedList3.py, start pos: (77, 35), end pos: (77, 37)</button></a></pre><pre>operator: core/ReplaceComparisonOperator_Eq_GtE, occurrence: 2</pre><div class="alert alert-secondary"><pre class="diff">--- mutation diff ---
--- alinkedList3.py
+++ blinkedList3.py
@@ -74,7 +74,7 @@
 
         """Checks if linkedlist is empty."""
 
-        return True if self.__size == 0 else False
+        return True if self.__size &gt;= 0 else False
 
     def toArray(self) -&gt; list:
 </pre></div><div class="alert alert-secondary"><pre class="diff">============================= test session starts ==============================
platform linux -- Python 3.10.10, pytest-7.2.1, pluggy-1.0.0
rootdir: /home/auri/temp/lucca/python_experiments/linkedList3
collected 8 items

WHOLE_SUITE/test_linkedList3_WHOLE_SUITE.py .......F                     [100%]

=================================== FAILURES ===================================
_________________________________ test_case_7 __________________________________

    def test_case_7():
        singly_linked_list_0 = module_0.SinglyLinkedList()
        list_0 = singly_linked_list_0.toArray()
        none_type_0 = singly_linked_list_0.add(singly_linked_list_0)
        none_type_1 = singly_linked_list_0.add(singly_linked_list_0)
        node_0 = singly_linked_list_0.getHeadNode()
        int_0 = singly_linked_list_0.getSize()
        assert int_0 == 2
        singly_linked_list_1 = module_0.SinglyLinkedList()
        str_0 = singly_linked_list_1.__str__()
        assert str_0 == '[None]'
        list_1 = singly_linked_list_0.toArray()
        list_2 = singly_linked_list_1.toArray()
        int_1 = singly_linked_list_1.getSize()
        int_2 = singly_linked_list_1.getSize()
        var_0 = singly_linked_list_1.remove()
        node_1 = singly_linked_list_1.getHeadNode()
        assert f'{type(node_1).__module__}.{type(node_1).__qualname__}' == 'linkedList3.Node'
        assert node_1.value is None
        assert node_1.next is None
        str_1 = var_0.__str__()
        assert str_1 == 'None'
        singly_linked_list_2 = module_0.SinglyLinkedList()
        str_2 = singly_linked_list_1.__str__()
        assert str_2 == '[None]'
        none_type_2 = singly_linked_list_2.add(int_2)
        node_2 = singly_linked_list_1.getHeadNode()
        assert f'{type(node_2).__module__}.{type(node_2).__qualname__}' == 'linkedList3.Node'
        assert node_2.value is None
        assert node_2.next is None
        str_3 = singly_linked_list_2.__str__()
        assert str_3 == '[0]'
        int_3 = singly_linked_list_0.getSize()
        assert int_3 == 2
        int_4 = singly_linked_list_2.getSize()
        assert int_4 == 1
        int_5 = singly_linked_list_1.getSize()
        assert int_5 == 0
        bool_0 = singly_linked_list_2.isEmpty()
&gt;       assert bool_0 is False
E       assert True is False

WHOLE_SUITE/test_linkedList3_WHOLE_SUITE.py:143: AssertionError
=========================== short test summary info ============================
FAILED WHOLE_SUITE/test_linkedList3_WHOLE_SUITE.py::test_case_7 - assert True...
========================= 1 failed, 7 passed in 0.27s ==========================
</pre></div></div></div></div></div><div class="mb-1" id="job_list___sub_accordion_20"><div class="card"><a data-toggle="collapse" data-target="#job_list___sub_collapse_20_1" aria-expanded="false" aria-controls="job_list___sub_collapse_20_1" href="#" class="job_list___sub_multi_heading"><div role="alert" class="card-header alert-danger" id="job_list___sub_heading_20_1"><button class="btn btn-outline-danger"><span class="job_id">20 : Job ID 738f3fd1c01f4538880e5b43bf26fee8</span></button></div></a><div aria-labelledby="job_list___sub_heading_20_1" data-parent="#job_list___sub_accordion_20" class="collapse job_list___sub_multi_collapse" id="job_list___sub_collapse_20_1"><div class="card-body"><div class="work-item"><div class="alert alert-danger test-outcome" role="alert"><p>SURVIVED</p><p>worker outcome: normal</p><p>test outcome: survived</p></div></div><pre class="location"><a href="pycharm://open?file=linkedList3.py&amp;line=102" class="text-secondary"><button class="btn btn-outline-dark">linkedList3.py, start pos: (102, 12), end pos: (102, 14)</button></a></pre><pre>operator: core/ReplaceComparisonOperator_Eq_GtE, occurrence: 3</pre><div class="alert alert-secondary"><pre class="diff">--- mutation diff ---
--- alinkedList3.py
+++ blinkedList3.py
@@ -99,6 +99,6 @@
         return str(arr)
 
 
-if __name__ == "__main__":
+if __name__ &gt;= "__main__":
     pass
 </pre></div><div class="alert alert-secondary"><pre class="diff">============================= test session starts ==============================
platform linux -- Python 3.10.10, pytest-7.2.1, pluggy-1.0.0
rootdir: /home/auri/temp/lucca/python_experiments/linkedList3
collected 8 items

WHOLE_SUITE/test_linkedList3_WHOLE_SUITE.py ........                     [100%]

============================== 8 passed in 0.16s ===============================
</pre></div></div></div></div></div><div class="mb-1" id="job_list___sub_accordion_21"><div class="card"><a data-toggle="collapse" data-target="#job_list___sub_collapse_21_1" aria-expanded="false" aria-controls="job_list___sub_collapse_21_1" href="#" class="job_list___sub_multi_heading"><div role="alert" class="card-header alert-danger" id="job_list___sub_heading_21_1"><button class="btn btn-outline-danger"><span class="job_id">21 : Job ID 31632d58b6d345f9b70644f10e545c52</span></button></div></a><div aria-labelledby="job_list___sub_heading_21_1" data-parent="#job_list___sub_accordion_21" class="collapse job_list___sub_multi_collapse" id="job_list___sub_collapse_21_1"><div class="card-body"><div class="work-item"><div class="alert alert-danger test-outcome" role="alert"><p>SURVIVED</p><p>worker outcome: normal</p><p>test outcome: survived</p></div></div><pre class="location"><a href="pycharm://open?file=linkedList3.py&amp;line=102" class="text-secondary"><button class="btn btn-outline-dark">linkedList3.py, start pos: (102, 12), end pos: (102, 14)</button></a></pre><pre>operator: core/ReplaceComparisonOperator_Eq_Is, occurrence: 0</pre><div class="alert alert-secondary"><pre class="diff">--- mutation diff ---
--- alinkedList3.py
+++ blinkedList3.py
@@ -99,6 +99,6 @@
         return str(arr)
 
 
-if __name__ == "__main__":
+if __name__ is "__main__":
     pass
 </pre></div><div class="alert alert-secondary"><pre class="diff">============================= test session starts ==============================
platform linux -- Python 3.10.10, pytest-7.2.1, pluggy-1.0.0
rootdir: /home/auri/temp/lucca/python_experiments/linkedList3
collected 8 items

WHOLE_SUITE/test_linkedList3_WHOLE_SUITE.py ........                     [100%]

=============================== warnings summary ===============================
linkedList3.py:102
  /home/auri/temp/lucca/python_experiments/linkedList3/linkedList3.py:102: SyntaxWarning: "is" with a literal. Did you mean "=="?
    if __name__ is "__main__":

-- Docs: https://docs.pytest.org/en/stable/how-to/capture-warnings.html
========================= 8 passed, 1 warning in 0.18s =========================
</pre></div></div></div></div></div><div class="mb-1" id="job_list___sub_accordion_22"><div class="card"><a data-toggle="collapse" data-target="#job_list___sub_collapse_22_1" aria-expanded="false" aria-controls="job_list___sub_collapse_22_1" href="#" class="job_list___sub_multi_heading"><div role="alert" class="card-header alert-danger" id="job_list___sub_heading_22_1"><button class="btn btn-outline-danger"><span class="job_id">22 : Job ID 0274b25fee3f4510b5ac4515094503ba</span></button></div></a><div aria-labelledby="job_list___sub_heading_22_1" data-parent="#job_list___sub_accordion_22" class="collapse job_list___sub_multi_collapse" id="job_list___sub_collapse_22_1"><div class="card-body"><div class="work-item"><div class="alert alert-danger test-outcome" role="alert"><p>SURVIVED</p><p>worker outcome: normal</p><p>test outcome: survived</p></div></div><pre class="location"><a href="pycharm://open?file=linkedList3.py&amp;line=102" class="text-secondary"><button class="btn btn-outline-dark">linkedList3.py, start pos: (102, 12), end pos: (102, 14)</button></a></pre><pre>operator: core/ReplaceComparisonOperator_Eq_IsNot, occurrence: 0</pre><div class="alert alert-secondary"><pre class="diff">--- mutation diff ---
--- alinkedList3.py
+++ blinkedList3.py
@@ -99,6 +99,6 @@
         return str(arr)
 
 
-if __name__ == "__main__":
+if __name__ is not "__main__":
     pass
 </pre></div><div class="alert alert-secondary"><pre class="diff">============================= test session starts ==============================
platform linux -- Python 3.10.10, pytest-7.2.1, pluggy-1.0.0
rootdir: /home/auri/temp/lucca/python_experiments/linkedList3
collected 8 items

WHOLE_SUITE/test_linkedList3_WHOLE_SUITE.py ........                     [100%]

=============================== warnings summary ===============================
linkedList3.py:102
  /home/auri/temp/lucca/python_experiments/linkedList3/linkedList3.py:102: SyntaxWarning: "is not" with a literal. Did you mean "!="?
    if __name__ is not "__main__":

-- Docs: https://docs.pytest.org/en/stable/how-to/capture-warnings.html
========================= 8 passed, 1 warning in 0.16s =========================
</pre></div></div></div></div></div><div class="mb-1" id="job_list___sub_accordion_23"><div class="card"><a data-toggle="collapse" data-target="#job_list___sub_collapse_23_1" aria-expanded="false" aria-controls="job_list___sub_collapse_23_1" href="#" class="job_list___sub_multi_heading"><div role="alert" class="card-header alert-success" id="job_list___sub_heading_23_1"><button class="btn btn-outline-success"><span class="job_id">23 : Job ID 1d0b25bbd3a640b4aea3c5fd3571dd8a</span></button></div></a><div aria-labelledby="job_list___sub_heading_23_1" data-parent="#job_list___sub_accordion_23" class="collapse job_list___sub_multi_collapse" id="job_list___sub_collapse_23_1"><div class="card-body"><div class="work-item"><div class="alert alert-success test-outcome" role="alert"><p>worker outcome: normal</p><p>test outcome: killed</p></div></div><pre class="location"><a href="pycharm://open?file=linkedList3.py&amp;line=42" class="text-secondary"><button class="btn btn-outline-dark">linkedList3.py, start pos: (42, 23), end pos: (42, 25)</button></a></pre><pre>operator: core/ReplaceComparisonOperator_GtE_Eq, occurrence: 0</pre><div class="alert alert-secondary"><pre class="diff">--- mutation diff ---
--- alinkedList3.py
+++ blinkedList3.py
@@ -39,7 +39,7 @@
 
         if self.__size == 0:
             return None
-        if self.__size &gt;= 1:
+        if self.__size == 1:
             nodeToRemove = self.__head
             self.__sentinel.next = None
             self.__head = self.__sentinel</pre></div><div class="alert alert-secondary"><pre class="diff">============================= test session starts ==============================
platform linux -- Python 3.10.10, pytest-7.2.1, pluggy-1.0.0
rootdir: /home/auri/temp/lucca/python_experiments/linkedList3
collected 8 items

WHOLE_SUITE/test_linkedList3_WHOLE_SUITE.py ...F....                     [100%]

=================================== FAILURES ===================================
_________________________________ test_case_3 __________________________________

    def test_case_3():
        singly_linked_list_0 = module_0.SinglyLinkedList()
        complex_0 = -1570.48195 - 1139.15j
        none_type_0 = singly_linked_list_0.add(complex_0)
        int_0 = singly_linked_list_0.getSize()
        assert int_0 == 1
        none_type_1 = singly_linked_list_0.add(singly_linked_list_0)
        list_0 = singly_linked_list_0.toArray()
        int_1 = singly_linked_list_0.getSize()
        assert int_1 == 2
        node_0 = singly_linked_list_0.getHeadNode()
        node_1 = singly_linked_list_0.getHeadNode()
        var_0 = singly_linked_list_0.getHead()
        int_2 = singly_linked_list_0.getSize()
        assert int_2 == 2
        list_1 = singly_linked_list_0.toArray()
        var_1 = singly_linked_list_0.getHead()
        var_2 = singly_linked_list_0.remove()
        assert f'{type(var_2).__module__}.{type(var_2).__qualname__}' == 'linkedList3.Node'
        assert f'{type(var_2.value).__module__}.{type(var_2.value).__qualname__}' == 'linkedList3.SinglyLinkedList'
        assert f'{type(var_2.next).__module__}.{type(var_2.next).__qualname__}' == 'linkedList3.Node'
        node_2 = module_0.Node(node_1)
        var_3 = var_1.remove()
        assert f'{type(var_3).__module__}.{type(var_3).__qualname__}' == 'linkedList3.Node'
&gt;       assert var_3.value is None
E       assert (-1570.48195-1139.15j) is None
E        +  where (-1570.48195-1139.15j) = &lt;linkedList3.Node object at 0x7f2333e1b280&gt;.value

WHOLE_SUITE/test_linkedList3_WHOLE_SUITE.py:63: AssertionError
=========================== short test summary info ============================
FAILED WHOLE_SUITE/test_linkedList3_WHOLE_SUITE.py::test_case_3 - assert (-15...
========================= 1 failed, 7 passed in 0.26s ==========================
</pre></div></div></div></div></div><div class="mb-1" id="job_list___sub_accordion_24"><div class="card"><a data-toggle="collapse" data-target="#job_list___sub_collapse_24_1" aria-expanded="false" aria-controls="job_list___sub_collapse_24_1" href="#" class="job_list___sub_multi_heading"><div role="alert" class="card-header alert-success" id="job_list___sub_heading_24_1"><button class="btn btn-outline-success"><span class="job_id">24 : Job ID 43299a87659f4aa193b9a9f7a3bba06d</span></button></div></a><div aria-labelledby="job_list___sub_heading_24_1" data-parent="#job_list___sub_accordion_24" class="collapse job_list___sub_multi_collapse" id="job_list___sub_collapse_24_1"><div class="card-body"><div class="work-item"><div class="alert alert-success test-outcome" role="alert"><p>worker outcome: normal</p><p>test outcome: killed</p></div></div><pre class="location"><a href="pycharm://open?file=linkedList3.py&amp;line=42" class="text-secondary"><button class="btn btn-outline-dark">linkedList3.py, start pos: (42, 23), end pos: (42, 25)</button></a></pre><pre>operator: core/ReplaceComparisonOperator_GtE_NotEq, occurrence: 0</pre><div class="alert alert-secondary"><pre class="diff">--- mutation diff ---
--- alinkedList3.py
+++ blinkedList3.py
@@ -39,7 +39,7 @@
 
         if self.__size == 0:
             return None
-        if self.__size &gt;= 1:
+        if self.__size != 1:
             nodeToRemove = self.__head
             self.__sentinel.next = None
             self.__head = self.__sentinel</pre></div><div class="alert alert-secondary"><pre class="diff">============================= test session starts ==============================
platform linux -- Python 3.10.10, pytest-7.2.1, pluggy-1.0.0
rootdir: /home/auri/temp/lucca/python_experiments/linkedList3
collected 8 items

WHOLE_SUITE/test_linkedList3_WHOLE_SUITE.py ...F....                     [100%]

=================================== FAILURES ===================================
_________________________________ test_case_3 __________________________________

    def test_case_3():
        singly_linked_list_0 = module_0.SinglyLinkedList()
        complex_0 = -1570.48195 - 1139.15j
        none_type_0 = singly_linked_list_0.add(complex_0)
        int_0 = singly_linked_list_0.getSize()
        assert int_0 == 1
        none_type_1 = singly_linked_list_0.add(singly_linked_list_0)
        list_0 = singly_linked_list_0.toArray()
        int_1 = singly_linked_list_0.getSize()
        assert int_1 == 2
        node_0 = singly_linked_list_0.getHeadNode()
        node_1 = singly_linked_list_0.getHeadNode()
        var_0 = singly_linked_list_0.getHead()
        int_2 = singly_linked_list_0.getSize()
        assert int_2 == 2
        list_1 = singly_linked_list_0.toArray()
        var_1 = singly_linked_list_0.getHead()
        var_2 = singly_linked_list_0.remove()
        assert f'{type(var_2).__module__}.{type(var_2).__qualname__}' == 'linkedList3.Node'
        assert f'{type(var_2.value).__module__}.{type(var_2.value).__qualname__}' == 'linkedList3.SinglyLinkedList'
        assert f'{type(var_2.next).__module__}.{type(var_2.next).__qualname__}' == 'linkedList3.Node'
        node_2 = module_0.Node(node_1)
        var_3 = var_1.remove()
        assert f'{type(var_3).__module__}.{type(var_3).__qualname__}' == 'linkedList3.Node'
        assert var_3.value is None
        assert var_3.next is None
        node_3 = singly_linked_list_0.getHeadNode()
&gt;       assert f'{type(node_3).__module__}.{type(node_3).__qualname__}' == 'linkedList3.Node'
E       AssertionError: assert 'builtins.NoneType' == 'linkedList3.Node'
E         - linkedList3.Node
E         + builtins.NoneType

WHOLE_SUITE/test_linkedList3_WHOLE_SUITE.py:66: AssertionError
=========================== short test summary info ============================
FAILED WHOLE_SUITE/test_linkedList3_WHOLE_SUITE.py::test_case_3 - AssertionEr...
========================= 1 failed, 7 passed in 0.27s ==========================
</pre></div></div></div></div></div><div class="mb-1" id="job_list___sub_accordion_25"><div class="card"><a data-toggle="collapse" data-target="#job_list___sub_collapse_25_1" aria-expanded="false" aria-controls="job_list___sub_collapse_25_1" href="#" class="job_list___sub_multi_heading"><div role="alert" class="card-header alert-success" id="job_list___sub_heading_25_1"><button class="btn btn-outline-success"><span class="job_id">25 : Job ID 727ac728d2eb4388afb06024d59ab40e</span></button></div></a><div aria-labelledby="job_list___sub_heading_25_1" data-parent="#job_list___sub_accordion_25" class="collapse job_list___sub_multi_collapse" id="job_list___sub_collapse_25_1"><div class="card-body"><div class="work-item"><div class="alert alert-success test-outcome" role="alert"><p>worker outcome: normal</p><p>test outcome: killed</p></div></div><pre class="location"><a href="pycharm://open?file=linkedList3.py&amp;line=42" class="text-secondary"><button class="btn btn-outline-dark">linkedList3.py, start pos: (42, 23), end pos: (42, 25)</button></a></pre><pre>operator: core/ReplaceComparisonOperator_GtE_Lt, occurrence: 0</pre><div class="alert alert-secondary"><pre class="diff">--- mutation diff ---
--- alinkedList3.py
+++ blinkedList3.py
@@ -39,7 +39,7 @@
 
         if self.__size == 0:
             return None
-        if self.__size &gt;= 1:
+        if self.__size &lt; 1:
             nodeToRemove = self.__head
             self.__sentinel.next = None
             self.__head = self.__sentinel</pre></div><div class="alert alert-secondary"><pre class="diff">============================= test session starts ==============================
platform linux -- Python 3.10.10, pytest-7.2.1, pluggy-1.0.0
rootdir: /home/auri/temp/lucca/python_experiments/linkedList3
collected 8 items

WHOLE_SUITE/test_linkedList3_WHOLE_SUITE.py ...F....                     [100%]

=================================== FAILURES ===================================
_________________________________ test_case_3 __________________________________

    def test_case_3():
        singly_linked_list_0 = module_0.SinglyLinkedList()
        complex_0 = -1570.48195 - 1139.15j
        none_type_0 = singly_linked_list_0.add(complex_0)
        int_0 = singly_linked_list_0.getSize()
        assert int_0 == 1
        none_type_1 = singly_linked_list_0.add(singly_linked_list_0)
        list_0 = singly_linked_list_0.toArray()
        int_1 = singly_linked_list_0.getSize()
        assert int_1 == 2
        node_0 = singly_linked_list_0.getHeadNode()
        node_1 = singly_linked_list_0.getHeadNode()
        var_0 = singly_linked_list_0.getHead()
        int_2 = singly_linked_list_0.getSize()
        assert int_2 == 2
        list_1 = singly_linked_list_0.toArray()
        var_1 = singly_linked_list_0.getHead()
        var_2 = singly_linked_list_0.remove()
        assert f'{type(var_2).__module__}.{type(var_2).__qualname__}' == 'linkedList3.Node'
        assert f'{type(var_2.value).__module__}.{type(var_2.value).__qualname__}' == 'linkedList3.SinglyLinkedList'
        assert f'{type(var_2.next).__module__}.{type(var_2.next).__qualname__}' == 'linkedList3.Node'
        node_2 = module_0.Node(node_1)
        var_3 = var_1.remove()
        assert f'{type(var_3).__module__}.{type(var_3).__qualname__}' == 'linkedList3.Node'
&gt;       assert var_3.value is None
E       assert (-1570.48195-1139.15j) is None
E        +  where (-1570.48195-1139.15j) = &lt;linkedList3.Node object at 0x7f7dd1d6f250&gt;.value

WHOLE_SUITE/test_linkedList3_WHOLE_SUITE.py:63: AssertionError
=========================== short test summary info ============================
FAILED WHOLE_SUITE/test_linkedList3_WHOLE_SUITE.py::test_case_3 - assert (-15...
========================= 1 failed, 7 passed in 0.26s ==========================
</pre></div></div></div></div></div><div class="mb-1" id="job_list___sub_accordion_26"><div class="card"><a data-toggle="collapse" data-target="#job_list___sub_collapse_26_1" aria-expanded="false" aria-controls="job_list___sub_collapse_26_1" href="#" class="job_list___sub_multi_heading"><div role="alert" class="card-header alert-success" id="job_list___sub_heading_26_1"><button class="btn btn-outline-success"><span class="job_id">26 : Job ID 6e7e0fd580bd4540a0fef39279168824</span></button></div></a><div aria-labelledby="job_list___sub_heading_26_1" data-parent="#job_list___sub_accordion_26" class="collapse job_list___sub_multi_collapse" id="job_list___sub_collapse_26_1"><div class="card-body"><div class="work-item"><div class="alert alert-success test-outcome" role="alert"><p>worker outcome: normal</p><p>test outcome: killed</p></div></div><pre class="location"><a href="pycharm://open?file=linkedList3.py&amp;line=42" class="text-secondary"><button class="btn btn-outline-dark">linkedList3.py, start pos: (42, 23), end pos: (42, 25)</button></a></pre><pre>operator: core/ReplaceComparisonOperator_GtE_LtE, occurrence: 0</pre><div class="alert alert-secondary"><pre class="diff">--- mutation diff ---
--- alinkedList3.py
+++ blinkedList3.py
@@ -39,7 +39,7 @@
 
         if self.__size == 0:
             return None
-        if self.__size &gt;= 1:
+        if self.__size &lt;= 1:
             nodeToRemove = self.__head
             self.__sentinel.next = None
             self.__head = self.__sentinel</pre></div><div class="alert alert-secondary"><pre class="diff">============================= test session starts ==============================
platform linux -- Python 3.10.10, pytest-7.2.1, pluggy-1.0.0
rootdir: /home/auri/temp/lucca/python_experiments/linkedList3
collected 8 items

WHOLE_SUITE/test_linkedList3_WHOLE_SUITE.py ...F....                     [100%]

=================================== FAILURES ===================================
_________________________________ test_case_3 __________________________________

    def test_case_3():
        singly_linked_list_0 = module_0.SinglyLinkedList()
        complex_0 = -1570.48195 - 1139.15j
        none_type_0 = singly_linked_list_0.add(complex_0)
        int_0 = singly_linked_list_0.getSize()
        assert int_0 == 1
        none_type_1 = singly_linked_list_0.add(singly_linked_list_0)
        list_0 = singly_linked_list_0.toArray()
        int_1 = singly_linked_list_0.getSize()
        assert int_1 == 2
        node_0 = singly_linked_list_0.getHeadNode()
        node_1 = singly_linked_list_0.getHeadNode()
        var_0 = singly_linked_list_0.getHead()
        int_2 = singly_linked_list_0.getSize()
        assert int_2 == 2
        list_1 = singly_linked_list_0.toArray()
        var_1 = singly_linked_list_0.getHead()
        var_2 = singly_linked_list_0.remove()
        assert f'{type(var_2).__module__}.{type(var_2).__qualname__}' == 'linkedList3.Node'
        assert f'{type(var_2.value).__module__}.{type(var_2.value).__qualname__}' == 'linkedList3.SinglyLinkedList'
        assert f'{type(var_2.next).__module__}.{type(var_2.next).__qualname__}' == 'linkedList3.Node'
        node_2 = module_0.Node(node_1)
        var_3 = var_1.remove()
        assert f'{type(var_3).__module__}.{type(var_3).__qualname__}' == 'linkedList3.Node'
&gt;       assert var_3.value is None
E       assert (-1570.48195-1139.15j) is None
E        +  where (-1570.48195-1139.15j) = &lt;linkedList3.Node object at 0x7f7ffb1f2800&gt;.value

WHOLE_SUITE/test_linkedList3_WHOLE_SUITE.py:63: AssertionError
=========================== short test summary info ============================
FAILED WHOLE_SUITE/test_linkedList3_WHOLE_SUITE.py::test_case_3 - assert (-15...
========================= 1 failed, 7 passed in 0.29s ==========================
</pre></div></div></div></div></div><div class="mb-1" id="job_list___sub_accordion_27"><div class="card"><a data-toggle="collapse" data-target="#job_list___sub_collapse_27_1" aria-expanded="false" aria-controls="job_list___sub_collapse_27_1" href="#" class="job_list___sub_multi_heading"><div role="alert" class="card-header alert-success" id="job_list___sub_heading_27_1"><button class="btn btn-outline-success"><span class="job_id">27 : Job ID bbf74bb2764a4c3283cebea99eaace14</span></button></div></a><div aria-labelledby="job_list___sub_heading_27_1" data-parent="#job_list___sub_accordion_27" class="collapse job_list___sub_multi_collapse" id="job_list___sub_collapse_27_1"><div class="card-body"><div class="work-item"><div class="alert alert-success test-outcome" role="alert"><p>worker outcome: normal</p><p>test outcome: killed</p></div></div><pre class="location"><a href="pycharm://open?file=linkedList3.py&amp;line=42" class="text-secondary"><button class="btn btn-outline-dark">linkedList3.py, start pos: (42, 23), end pos: (42, 25)</button></a></pre><pre>operator: core/ReplaceComparisonOperator_GtE_Gt, occurrence: 0</pre><div class="alert alert-secondary"><pre class="diff">--- mutation diff ---
--- alinkedList3.py
+++ blinkedList3.py
@@ -39,7 +39,7 @@
 
         if self.__size == 0:
             return None
-        if self.__size &gt;= 1:
+        if self.__size &gt; 1:
             nodeToRemove = self.__head
             self.__sentinel.next = None
             self.__head = self.__sentinel</pre></div><div class="alert alert-secondary"><pre class="diff">============================= test session starts ==============================
platform linux -- Python 3.10.10, pytest-7.2.1, pluggy-1.0.0
rootdir: /home/auri/temp/lucca/python_experiments/linkedList3
collected 8 items

WHOLE_SUITE/test_linkedList3_WHOLE_SUITE.py ...F....                     [100%]

=================================== FAILURES ===================================
_________________________________ test_case_3 __________________________________

    def test_case_3():
        singly_linked_list_0 = module_0.SinglyLinkedList()
        complex_0 = -1570.48195 - 1139.15j
        none_type_0 = singly_linked_list_0.add(complex_0)
        int_0 = singly_linked_list_0.getSize()
        assert int_0 == 1
        none_type_1 = singly_linked_list_0.add(singly_linked_list_0)
        list_0 = singly_linked_list_0.toArray()
        int_1 = singly_linked_list_0.getSize()
        assert int_1 == 2
        node_0 = singly_linked_list_0.getHeadNode()
        node_1 = singly_linked_list_0.getHeadNode()
        var_0 = singly_linked_list_0.getHead()
        int_2 = singly_linked_list_0.getSize()
        assert int_2 == 2
        list_1 = singly_linked_list_0.toArray()
        var_1 = singly_linked_list_0.getHead()
        var_2 = singly_linked_list_0.remove()
        assert f'{type(var_2).__module__}.{type(var_2).__qualname__}' == 'linkedList3.Node'
        assert f'{type(var_2.value).__module__}.{type(var_2.value).__qualname__}' == 'linkedList3.SinglyLinkedList'
        assert f'{type(var_2.next).__module__}.{type(var_2.next).__qualname__}' == 'linkedList3.Node'
        node_2 = module_0.Node(node_1)
        var_3 = var_1.remove()
        assert f'{type(var_3).__module__}.{type(var_3).__qualname__}' == 'linkedList3.Node'
        assert var_3.value is None
        assert var_3.next is None
        node_3 = singly_linked_list_0.getHeadNode()
&gt;       assert f'{type(node_3).__module__}.{type(node_3).__qualname__}' == 'linkedList3.Node'
E       AssertionError: assert 'builtins.NoneType' == 'linkedList3.Node'
E         - linkedList3.Node
E         + builtins.NoneType

WHOLE_SUITE/test_linkedList3_WHOLE_SUITE.py:66: AssertionError
=========================== short test summary info ============================
FAILED WHOLE_SUITE/test_linkedList3_WHOLE_SUITE.py::test_case_3 - AssertionEr...
========================= 1 failed, 7 passed in 0.13s ==========================
</pre></div></div></div></div></div><div class="mb-1" id="job_list___sub_accordion_28"><div class="card"><a data-toggle="collapse" data-target="#job_list___sub_collapse_28_1" aria-expanded="false" aria-controls="job_list___sub_collapse_28_1" href="#" class="job_list___sub_multi_heading"><div role="alert" class="card-header alert-success" id="job_list___sub_heading_28_1"><button class="btn btn-outline-success"><span class="job_id">28 : Job ID f4e283394ecc499c9fcc5fc26da86d07</span></button></div></a><div aria-labelledby="job_list___sub_heading_28_1" data-parent="#job_list___sub_accordion_28" class="collapse job_list___sub_multi_collapse" id="job_list___sub_collapse_28_1"><div class="card-body"><div class="work-item"><div class="alert alert-success test-outcome" role="alert"><p>worker outcome: normal</p><p>test outcome: killed</p></div></div><pre class="location"><a href="pycharm://open?file=linkedList3.py&amp;line=26" class="text-secondary"><button class="btn btn-outline-dark">linkedList3.py, start pos: (26, 11), end pos: (26, 27)</button></a></pre><pre>operator: core/AddNot, occurrence: 0</pre><div class="alert alert-secondary"><pre class="diff">--- mutation diff ---
--- alinkedList3.py
+++ blinkedList3.py
@@ -23,7 +23,7 @@
         """Add element to linked list."""
 
         newNode = Node(value)
-        if self.__size == 0:
+        if not self.__size == 0:
             self.__head.next = newNode
             self.__head = newNode
             self.__size += 1</pre></div><div class="alert alert-secondary"><pre class="diff">timeout</pre></div></div></div></div></div><div class="mb-1" id="job_list___sub_accordion_29"><div class="card"><a data-toggle="collapse" data-target="#job_list___sub_collapse_29_1" aria-expanded="false" aria-controls="job_list___sub_collapse_29_1" href="#" class="job_list___sub_multi_heading"><div role="alert" class="card-header alert-success" id="job_list___sub_heading_29_1"><button class="btn btn-outline-success"><span class="job_id">29 : Job ID 6cc7652e028648c68bc19260944a3031</span></button></div></a><div aria-labelledby="job_list___sub_heading_29_1" data-parent="#job_list___sub_accordion_29" class="collapse job_list___sub_multi_collapse" id="job_list___sub_collapse_29_1"><div class="card-body"><div class="work-item"><div class="alert alert-success test-outcome" role="alert"><p>worker outcome: normal</p><p>test outcome: killed</p></div></div><pre class="location"><a href="pycharm://open?file=linkedList3.py&amp;line=40" class="text-secondary"><button class="btn btn-outline-dark">linkedList3.py, start pos: (40, 11), end pos: (40, 27)</button></a></pre><pre>operator: core/AddNot, occurrence: 1</pre><div class="alert alert-secondary"><pre class="diff">--- mutation diff ---
--- alinkedList3.py
+++ blinkedList3.py
@@ -37,7 +37,7 @@
 
         """Remove node from linkedlist."""
 
-        if self.__size == 0:
+        if not self.__size == 0:
             return None
         if self.__size &gt;= 1:
             nodeToRemove = self.__head</pre></div><div class="alert alert-secondary"><pre class="diff">============================= test session starts ==============================
platform linux -- Python 3.10.10, pytest-7.2.1, pluggy-1.0.0
rootdir: /home/auri/temp/lucca/python_experiments/linkedList3
collected 8 items

WHOLE_SUITE/test_linkedList3_WHOLE_SUITE.py ..FFF.FF                     [100%]

=================================== FAILURES ===================================
_________________________________ test_case_2 __________________________________

    def test_case_2():
        singly_linked_list_0 = module_0.SinglyLinkedList()
        node_0 = singly_linked_list_0.getHeadNode()
        node_1 = singly_linked_list_0.getHeadNode()
        none_type_0 = singly_linked_list_0.add(node_1)
        var_0 = singly_linked_list_0.remove()
&gt;       assert node_0.next is None
E       assert &lt;linkedList3.Node object at 0x7fbe63b4b700&gt; is None
E        +  where &lt;linkedList3.Node object at 0x7fbe63b4b700&gt; = &lt;linkedList3.Node object at 0x7fbe63b4b670&gt;.next

WHOLE_SUITE/test_linkedList3_WHOLE_SUITE.py:25: AssertionError
_________________________________ test_case_3 __________________________________

    def test_case_3():
        singly_linked_list_0 = module_0.SinglyLinkedList()
        complex_0 = -1570.48195 - 1139.15j
        none_type_0 = singly_linked_list_0.add(complex_0)
        int_0 = singly_linked_list_0.getSize()
        assert int_0 == 1
        none_type_1 = singly_linked_list_0.add(singly_linked_list_0)
        list_0 = singly_linked_list_0.toArray()
        int_1 = singly_linked_list_0.getSize()
        assert int_1 == 2
        node_0 = singly_linked_list_0.getHeadNode()
        node_1 = singly_linked_list_0.getHeadNode()
        var_0 = singly_linked_list_0.getHead()
        int_2 = singly_linked_list_0.getSize()
        assert int_2 == 2
        list_1 = singly_linked_list_0.toArray()
        var_1 = singly_linked_list_0.getHead()
        var_2 = singly_linked_list_0.remove()
&gt;       assert f'{type(var_2).__module__}.{type(var_2).__qualname__}' == 'linkedList3.Node'
E       AssertionError: assert 'builtins.NoneType' == 'linkedList3.Node'
E         - linkedList3.Node
E         + builtins.NoneType

WHOLE_SUITE/test_linkedList3_WHOLE_SUITE.py:57: AssertionError
_________________________________ test_case_4 __________________________________

    def test_case_4():
        singly_linked_list_0 = module_0.SinglyLinkedList()
        bool_0 = singly_linked_list_0.isEmpty()
        assert bool_0 is True
        var_0 = singly_linked_list_0.remove()
        node_0 = singly_linked_list_0.getHeadNode()
&gt;       assert f'{type(node_0).__module__}.{type(node_0).__qualname__}' == 'linkedList3.Node'
E       AssertionError: assert 'builtins.NoneType' == 'linkedList3.Node'
E         - linkedList3.Node
E         + builtins.NoneType

WHOLE_SUITE/test_linkedList3_WHOLE_SUITE.py:78: AssertionError
_________________________________ test_case_6 __________________________________

    def test_case_6():
        singly_linked_list_0 = module_0.SinglyLinkedList()
        list_0 = singly_linked_list_0.toArray()
        none_type_0 = singly_linked_list_0.add(singly_linked_list_0)
        none_type_1 = singly_linked_list_0.add(singly_linked_list_0)
        node_0 = singly_linked_list_0.getHeadNode()
        int_0 = singly_linked_list_0.getSize()
        assert int_0 == 2
        str_0 = singly_linked_list_0.__str__()
        list_1 = singly_linked_list_0.toArray()
        list_2 = singly_linked_list_0.toArray()
        int_1 = singly_linked_list_0.getSize()
        assert int_1 == 2
        var_0 = singly_linked_list_0.remove()
&gt;       assert f'{type(var_0).__module__}.{type(var_0).__qualname__}' == 'linkedList3.Node'
E       AssertionError: assert 'builtins.NoneType' == 'linkedList3.Node'
E         - linkedList3.Node
E         + builtins.NoneType

WHOLE_SUITE/test_linkedList3_WHOLE_SUITE.py:100: AssertionError
_________________________________ test_case_7 __________________________________

    def test_case_7():
        singly_linked_list_0 = module_0.SinglyLinkedList()
        list_0 = singly_linked_list_0.toArray()
        none_type_0 = singly_linked_list_0.add(singly_linked_list_0)
        none_type_1 = singly_linked_list_0.add(singly_linked_list_0)
        node_0 = singly_linked_list_0.getHeadNode()
        int_0 = singly_linked_list_0.getSize()
        assert int_0 == 2
        singly_linked_list_1 = module_0.SinglyLinkedList()
        str_0 = singly_linked_list_1.__str__()
        assert str_0 == '[None]'
        list_1 = singly_linked_list_0.toArray()
        list_2 = singly_linked_list_1.toArray()
        int_1 = singly_linked_list_1.getSize()
        int_2 = singly_linked_list_1.getSize()
        var_0 = singly_linked_list_1.remove()
        node_1 = singly_linked_list_1.getHeadNode()
&gt;       assert f'{type(node_1).__module__}.{type(node_1).__qualname__}' == 'linkedList3.Node'
E       AssertionError: assert 'builtins.NoneType' == 'linkedList3.Node'
E         - linkedList3.Node
E         + builtins.NoneType

WHOLE_SUITE/test_linkedList3_WHOLE_SUITE.py:121: AssertionError
=========================== short test summary info ============================
FAILED WHOLE_SUITE/test_linkedList3_WHOLE_SUITE.py::test_case_2 - assert &lt;lin...
FAILED WHOLE_SUITE/test_linkedList3_WHOLE_SUITE.py::test_case_3 - AssertionEr...
FAILED WHOLE_SUITE/test_linkedList3_WHOLE_SUITE.py::test_case_4 - AssertionEr...
FAILED WHOLE_SUITE/test_linkedList3_WHOLE_SUITE.py::test_case_6 - AssertionEr...
FAILED WHOLE_SUITE/test_linkedList3_WHOLE_SUITE.py::test_case_7 - AssertionEr...
========================= 5 failed, 3 passed in 0.34s ==========================
</pre></div></div></div></div></div><div class="mb-1" id="job_list___sub_accordion_30"><div class="card"><a data-toggle="collapse" data-target="#job_list___sub_collapse_30_1" aria-expanded="false" aria-controls="job_list___sub_collapse_30_1" href="#" class="job_list___sub_multi_heading"><div role="alert" class="card-header alert-success" id="job_list___sub_heading_30_1"><button class="btn btn-outline-success"><span class="job_id">30 : Job ID 775696e0a7914629a1ded0128f4c57e9</span></button></div></a><div aria-labelledby="job_list___sub_heading_30_1" data-parent="#job_list___sub_accordion_30" class="collapse job_list___sub_multi_collapse" id="job_list___sub_collapse_30_1"><div class="card-body"><div class="work-item"><div class="alert alert-success test-outcome" role="alert"><p>worker outcome: normal</p><p>test outcome: killed</p></div></div><pre class="location"><a href="pycharm://open?file=linkedList3.py&amp;line=42" class="text-secondary"><button class="btn btn-outline-dark">linkedList3.py, start pos: (42, 11), end pos: (42, 27)</button></a></pre><pre>operator: core/AddNot, occurrence: 2</pre><div class="alert alert-secondary"><pre class="diff">--- mutation diff ---
--- alinkedList3.py
+++ blinkedList3.py
@@ -39,7 +39,7 @@
 
         if self.__size == 0:
             return None
-        if self.__size &gt;= 1:
+        if not self.__size &gt;= 1:
             nodeToRemove = self.__head
             self.__sentinel.next = None
             self.__head = self.__sentinel</pre></div><div class="alert alert-secondary"><pre class="diff">============================= test session starts ==============================
platform linux -- Python 3.10.10, pytest-7.2.1, pluggy-1.0.0
rootdir: /home/auri/temp/lucca/python_experiments/linkedList3
collected 8 items

WHOLE_SUITE/test_linkedList3_WHOLE_SUITE.py ...F....                     [100%]

=================================== FAILURES ===================================
_________________________________ test_case_3 __________________________________

    def test_case_3():
        singly_linked_list_0 = module_0.SinglyLinkedList()
        complex_0 = -1570.48195 - 1139.15j
        none_type_0 = singly_linked_list_0.add(complex_0)
        int_0 = singly_linked_list_0.getSize()
        assert int_0 == 1
        none_type_1 = singly_linked_list_0.add(singly_linked_list_0)
        list_0 = singly_linked_list_0.toArray()
        int_1 = singly_linked_list_0.getSize()
        assert int_1 == 2
        node_0 = singly_linked_list_0.getHeadNode()
        node_1 = singly_linked_list_0.getHeadNode()
        var_0 = singly_linked_list_0.getHead()
        int_2 = singly_linked_list_0.getSize()
        assert int_2 == 2
        list_1 = singly_linked_list_0.toArray()
        var_1 = singly_linked_list_0.getHead()
        var_2 = singly_linked_list_0.remove()
        assert f'{type(var_2).__module__}.{type(var_2).__qualname__}' == 'linkedList3.Node'
        assert f'{type(var_2.value).__module__}.{type(var_2.value).__qualname__}' == 'linkedList3.SinglyLinkedList'
        assert f'{type(var_2.next).__module__}.{type(var_2.next).__qualname__}' == 'linkedList3.Node'
        node_2 = module_0.Node(node_1)
        var_3 = var_1.remove()
        assert f'{type(var_3).__module__}.{type(var_3).__qualname__}' == 'linkedList3.Node'
&gt;       assert var_3.value is None
E       assert (-1570.48195-1139.15j) is None
E        +  where (-1570.48195-1139.15j) = &lt;linkedList3.Node object at 0x7fc1d0093280&gt;.value

WHOLE_SUITE/test_linkedList3_WHOLE_SUITE.py:63: AssertionError
=========================== short test summary info ============================
FAILED WHOLE_SUITE/test_linkedList3_WHOLE_SUITE.py::test_case_3 - assert (-15...
========================= 1 failed, 7 passed in 0.25s ==========================
</pre></div></div></div></div></div><div class="mb-1" id="job_list___sub_accordion_31"><div class="card"><a data-toggle="collapse" data-target="#job_list___sub_collapse_31_1" aria-expanded="false" aria-controls="job_list___sub_collapse_31_1" href="#" class="job_list___sub_multi_heading"><div role="alert" class="card-header alert-success" id="job_list___sub_heading_31_1"><button class="btn btn-outline-success"><span class="job_id">31 : Job ID 8312cee18e1d4220bd0b73fb035904aa</span></button></div></a><div aria-labelledby="job_list___sub_heading_31_1" data-parent="#job_list___sub_accordion_31" class="collapse job_list___sub_multi_collapse" id="job_list___sub_collapse_31_1"><div class="card-body"><div class="work-item"><div class="alert alert-success test-outcome" role="alert"><p>worker outcome: normal</p><p>test outcome: killed</p></div></div><pre class="location"><a href="pycharm://open?file=linkedList3.py&amp;line=77" class="text-secondary"><button class="btn btn-outline-dark">linkedList3.py, start pos: (77, 23), end pos: (77, 39)</button></a></pre><pre>operator: core/AddNot, occurrence: 3</pre><div class="alert alert-secondary"><pre class="diff">--- mutation diff ---
--- alinkedList3.py
+++ blinkedList3.py
@@ -74,7 +74,7 @@
 
         """Checks if linkedlist is empty."""
 
-        return True if self.__size == 0 else False
+        return True if not self.__size == 0 else False
 
     def toArray(self) -&gt; list:
 </pre></div><div class="alert alert-secondary"><pre class="diff">============================= test session starts ==============================
platform linux -- Python 3.10.10, pytest-7.2.1, pluggy-1.0.0
rootdir: /home/auri/temp/lucca/python_experiments/linkedList3
collected 8 items

WHOLE_SUITE/test_linkedList3_WHOLE_SUITE.py ....F..F                     [100%]

=================================== FAILURES ===================================
_________________________________ test_case_4 __________________________________

    def test_case_4():
        singly_linked_list_0 = module_0.SinglyLinkedList()
        bool_0 = singly_linked_list_0.isEmpty()
&gt;       assert bool_0 is True
E       assert False is True

WHOLE_SUITE/test_linkedList3_WHOLE_SUITE.py:75: AssertionError
_________________________________ test_case_7 __________________________________

    def test_case_7():
        singly_linked_list_0 = module_0.SinglyLinkedList()
        list_0 = singly_linked_list_0.toArray()
        none_type_0 = singly_linked_list_0.add(singly_linked_list_0)
        none_type_1 = singly_linked_list_0.add(singly_linked_list_0)
        node_0 = singly_linked_list_0.getHeadNode()
        int_0 = singly_linked_list_0.getSize()
        assert int_0 == 2
        singly_linked_list_1 = module_0.SinglyLinkedList()
        str_0 = singly_linked_list_1.__str__()
        assert str_0 == '[None]'
        list_1 = singly_linked_list_0.toArray()
        list_2 = singly_linked_list_1.toArray()
        int_1 = singly_linked_list_1.getSize()
        int_2 = singly_linked_list_1.getSize()
        var_0 = singly_linked_list_1.remove()
        node_1 = singly_linked_list_1.getHeadNode()
        assert f'{type(node_1).__module__}.{type(node_1).__qualname__}' == 'linkedList3.Node'
        assert node_1.value is None
        assert node_1.next is None
        str_1 = var_0.__str__()
        assert str_1 == 'None'
        singly_linked_list_2 = module_0.SinglyLinkedList()
        str_2 = singly_linked_list_1.__str__()
        assert str_2 == '[None]'
        none_type_2 = singly_linked_list_2.add(int_2)
        node_2 = singly_linked_list_1.getHeadNode()
        assert f'{type(node_2).__module__}.{type(node_2).__qualname__}' == 'linkedList3.Node'
        assert node_2.value is None
        assert node_2.next is None
        str_3 = singly_linked_list_2.__str__()
        assert str_3 == '[0]'
        int_3 = singly_linked_list_0.getSize()
        assert int_3 == 2
        int_4 = singly_linked_list_2.getSize()
        assert int_4 == 1
        int_5 = singly_linked_list_1.getSize()
        assert int_5 == 0
        bool_0 = singly_linked_list_2.isEmpty()
&gt;       assert bool_0 is False
E       assert True is False

WHOLE_SUITE/test_linkedList3_WHOLE_SUITE.py:143: AssertionError
=========================== short test summary info ============================
FAILED WHOLE_SUITE/test_linkedList3_WHOLE_SUITE.py::test_case_4 - assert Fals...
FAILED WHOLE_SUITE/test_linkedList3_WHOLE_SUITE.py::test_case_7 - assert True...
========================= 2 failed, 6 passed in 0.32s ==========================
</pre></div></div></div></div></div><div class="mb-1" id="job_list___sub_accordion_32"><div class="card"><a data-toggle="collapse" data-target="#job_list___sub_collapse_32_1" aria-expanded="false" aria-controls="job_list___sub_collapse_32_1" href="#" class="job_list___sub_multi_heading"><div role="alert" class="card-header alert-danger" id="job_list___sub_heading_32_1"><button class="btn btn-outline-danger"><span class="job_id">32 : Job ID 311b772b1ac540ec8b83d471c3b85d69</span></button></div></a><div aria-labelledby="job_list___sub_heading_32_1" data-parent="#job_list___sub_accordion_32" class="collapse job_list___sub_multi_collapse" id="job_list___sub_collapse_32_1"><div class="card-body"><div class="work-item"><div class="alert alert-danger test-outcome" role="alert"><p>SURVIVED</p><p>worker outcome: normal</p><p>test outcome: survived</p></div></div><pre class="location"><a href="pycharm://open?file=linkedList3.py&amp;line=85" class="text-secondary"><button class="btn btn-outline-dark">linkedList3.py, start pos: (85, 14), end pos: (85, 21)</button></a></pre><pre>operator: core/AddNot, occurrence: 4</pre><div class="alert alert-secondary"><pre class="diff">--- mutation diff ---
--- alinkedList3.py
+++ blinkedList3.py
@@ -82,7 +82,7 @@
 
         arr = []
         current = self.__head
-        while current:
+        while not current:
             arr.append(current.value)
             current = current.next
         return arr</pre></div><div class="alert alert-secondary"><pre class="diff">============================= test session starts ==============================
platform linux -- Python 3.10.10, pytest-7.2.1, pluggy-1.0.0
rootdir: /home/auri/temp/lucca/python_experiments/linkedList3
collected 8 items

WHOLE_SUITE/test_linkedList3_WHOLE_SUITE.py ........                     [100%]

============================== 8 passed in 0.16s ===============================
</pre></div></div></div></div></div><div class="mb-1" id="job_list___sub_accordion_33"><div class="card"><a data-toggle="collapse" data-target="#job_list___sub_collapse_33_1" aria-expanded="false" aria-controls="job_list___sub_collapse_33_1" href="#" class="job_list___sub_multi_heading"><div role="alert" class="card-header alert-success" id="job_list___sub_heading_33_1"><button class="btn btn-outline-success"><span class="job_id">33 : Job ID f1d1d079ebbe40d688abfc7aa2f07927</span></button></div></a><div aria-labelledby="job_list___sub_heading_33_1" data-parent="#job_list___sub_accordion_33" class="collapse job_list___sub_multi_collapse" id="job_list___sub_collapse_33_1"><div class="card-body"><div class="work-item"><div class="alert alert-success test-outcome" role="alert"><p>worker outcome: normal</p><p>test outcome: killed</p></div></div><pre class="location"><a href="pycharm://open?file=linkedList3.py&amp;line=96" class="text-secondary"><button class="btn btn-outline-dark">linkedList3.py, start pos: (96, 14), end pos: (96, 21)</button></a></pre><pre>operator: core/AddNot, occurrence: 5</pre><div class="alert alert-secondary"><pre class="diff">--- mutation diff ---
--- alinkedList3.py
+++ blinkedList3.py
@@ -93,7 +93,7 @@
 
         arr = []
         current = self.__head
-        while current:
+        while not current:
             arr.append(current.value)
             current = current.next
         return str(arr)</pre></div><div class="alert alert-secondary"><pre class="diff">============================= test session starts ==============================
platform linux -- Python 3.10.10, pytest-7.2.1, pluggy-1.0.0
rootdir: /home/auri/temp/lucca/python_experiments/linkedList3
collected 8 items

WHOLE_SUITE/test_linkedList3_WHOLE_SUITE.py .......F                     [100%]

=================================== FAILURES ===================================
_________________________________ test_case_7 __________________________________

    def test_case_7():
        singly_linked_list_0 = module_0.SinglyLinkedList()
        list_0 = singly_linked_list_0.toArray()
        none_type_0 = singly_linked_list_0.add(singly_linked_list_0)
        none_type_1 = singly_linked_list_0.add(singly_linked_list_0)
        node_0 = singly_linked_list_0.getHeadNode()
        int_0 = singly_linked_list_0.getSize()
        assert int_0 == 2
        singly_linked_list_1 = module_0.SinglyLinkedList()
        str_0 = singly_linked_list_1.__str__()
&gt;       assert str_0 == '[None]'
E       AssertionError: assert '[]' == '[None]'
E         - [None]
E         + []

WHOLE_SUITE/test_linkedList3_WHOLE_SUITE.py:114: AssertionError
=========================== short test summary info ============================
FAILED WHOLE_SUITE/test_linkedList3_WHOLE_SUITE.py::test_case_7 - AssertionEr...
========================= 1 failed, 7 passed in 0.14s ==========================
</pre></div></div></div></div></div><div class="mb-1" id="job_list___sub_accordion_34"><div class="card"><a data-toggle="collapse" data-target="#job_list___sub_collapse_34_1" aria-expanded="false" aria-controls="job_list___sub_collapse_34_1" href="#" class="job_list___sub_multi_heading"><div role="alert" class="card-header alert-danger" id="job_list___sub_heading_34_1"><button class="btn btn-outline-danger"><span class="job_id">34 : Job ID 4d2060417a4d419fa040bb0190cc5dba</span></button></div></a><div aria-labelledby="job_list___sub_heading_34_1" data-parent="#job_list___sub_accordion_34" class="collapse job_list___sub_multi_collapse" id="job_list___sub_collapse_34_1"><div class="card-body"><div class="work-item"><div class="alert alert-danger test-outcome" role="alert"><p>SURVIVED</p><p>worker outcome: normal</p><p>test outcome: survived</p></div></div><pre class="location"><a href="pycharm://open?file=linkedList3.py&amp;line=102" class="text-secondary"><button class="btn btn-outline-dark">linkedList3.py, start pos: (102, 3), end pos: (102, 25)</button></a></pre><pre>operator: core/AddNot, occurrence: 6</pre><div class="alert alert-secondary"><pre class="diff">--- mutation diff ---
--- alinkedList3.py
+++ blinkedList3.py
@@ -99,6 +99,6 @@
         return str(arr)
 
 
-if __name__ == "__main__":
+if not __name__ == "__main__":
     pass
 </pre></div><div class="alert alert-secondary"><pre class="diff">============================= test session starts ==============================
platform linux -- Python 3.10.10, pytest-7.2.1, pluggy-1.0.0
rootdir: /home/auri/temp/lucca/python_experiments/linkedList3
collected 8 items

WHOLE_SUITE/test_linkedList3_WHOLE_SUITE.py ........                     [100%]

============================== 8 passed in 0.16s ===============================
</pre></div></div></div></div></div><div class="mb-1" id="job_list___sub_accordion_35"><div class="card"><a data-toggle="collapse" data-target="#job_list___sub_collapse_35_1" aria-expanded="false" aria-controls="job_list___sub_collapse_35_1" href="#" class="job_list___sub_multi_heading"><div role="alert" class="card-header alert-success" id="job_list___sub_heading_35_1"><button class="btn btn-outline-success"><span class="job_id">35 : Job ID 9e6ffed5673a4f48b22fd9fdb7a7d466</span></button></div></a><div aria-labelledby="job_list___sub_heading_35_1" data-parent="#job_list___sub_accordion_35" class="collapse job_list___sub_multi_collapse" id="job_list___sub_collapse_35_1"><div class="card-body"><div class="work-item"><div class="alert alert-success test-outcome" role="alert"><p>worker outcome: normal</p><p>test outcome: killed</p></div></div><pre class="location"><a href="pycharm://open?file=linkedList3.py&amp;line=77" class="text-secondary"><button class="btn btn-outline-dark">linkedList3.py, start pos: (77, 15), end pos: (77, 19)</button></a></pre><pre>operator: core/ReplaceTrueWithFalse, occurrence: 0</pre><div class="alert alert-secondary"><pre class="diff">--- mutation diff ---
--- alinkedList3.py
+++ blinkedList3.py
@@ -74,7 +74,7 @@
 
         """Checks if linkedlist is empty."""
 
-        return True if self.__size == 0 else False
+        return False if self.__size == 0 else False
 
     def toArray(self) -&gt; list:
 </pre></div><div class="alert alert-secondary"><pre class="diff">============================= test session starts ==============================
platform linux -- Python 3.10.10, pytest-7.2.1, pluggy-1.0.0
rootdir: /home/auri/temp/lucca/python_experiments/linkedList3
collected 8 items

WHOLE_SUITE/test_linkedList3_WHOLE_SUITE.py ....F...                     [100%]

=================================== FAILURES ===================================
_________________________________ test_case_4 __________________________________

    def test_case_4():
        singly_linked_list_0 = module_0.SinglyLinkedList()
        bool_0 = singly_linked_list_0.isEmpty()
&gt;       assert bool_0 is True
E       assert False is True

WHOLE_SUITE/test_linkedList3_WHOLE_SUITE.py:75: AssertionError
=========================== short test summary info ============================
FAILED WHOLE_SUITE/test_linkedList3_WHOLE_SUITE.py::test_case_4 - assert Fals...
========================= 1 failed, 7 passed in 0.28s ==========================
</pre></div></div></div></div></div><div class="mb-1" id="job_list___sub_accordion_36"><div class="card"><a data-toggle="collapse" data-target="#job_list___sub_collapse_36_1" aria-expanded="false" aria-controls="job_list___sub_collapse_36_1" href="#" class="job_list___sub_multi_heading"><div role="alert" class="card-header alert-success" id="job_list___sub_heading_36_1"><button class="btn btn-outline-success"><span class="job_id">36 : Job ID 9a6208f97687452696913afa1bc65b6a</span></button></div></a><div aria-labelledby="job_list___sub_heading_36_1" data-parent="#job_list___sub_accordion_36" class="collapse job_list___sub_multi_collapse" id="job_list___sub_collapse_36_1"><div class="card-body"><div class="work-item"><div class="alert alert-success test-outcome" role="alert"><p>worker outcome: normal</p><p>test outcome: killed</p></div></div><pre class="location"><a href="pycharm://open?file=linkedList3.py&amp;line=77" class="text-secondary"><button class="btn btn-outline-dark">linkedList3.py, start pos: (77, 45), end pos: (77, 50)</button></a></pre><pre>operator: core/ReplaceFalseWithTrue, occurrence: 0</pre><div class="alert alert-secondary"><pre class="diff">--- mutation diff ---
--- alinkedList3.py
+++ blinkedList3.py
@@ -74,7 +74,7 @@
 
         """Checks if linkedlist is empty."""
 
-        return True if self.__size == 0 else False
+        return True if self.__size == 0 else True
 
     def toArray(self) -&gt; list:
 </pre></div><div class="alert alert-secondary"><pre class="diff">============================= test session starts ==============================
platform linux -- Python 3.10.10, pytest-7.2.1, pluggy-1.0.0
rootdir: /home/auri/temp/lucca/python_experiments/linkedList3
collected 8 items

WHOLE_SUITE/test_linkedList3_WHOLE_SUITE.py .......F                     [100%]

=================================== FAILURES ===================================
_________________________________ test_case_7 __________________________________

    def test_case_7():
        singly_linked_list_0 = module_0.SinglyLinkedList()
        list_0 = singly_linked_list_0.toArray()
        none_type_0 = singly_linked_list_0.add(singly_linked_list_0)
        none_type_1 = singly_linked_list_0.add(singly_linked_list_0)
        node_0 = singly_linked_list_0.getHeadNode()
        int_0 = singly_linked_list_0.getSize()
        assert int_0 == 2
        singly_linked_list_1 = module_0.SinglyLinkedList()
        str_0 = singly_linked_list_1.__str__()
        assert str_0 == '[None]'
        list_1 = singly_linked_list_0.toArray()
        list_2 = singly_linked_list_1.toArray()
        int_1 = singly_linked_list_1.getSize()
        int_2 = singly_linked_list_1.getSize()
        var_0 = singly_linked_list_1.remove()
        node_1 = singly_linked_list_1.getHeadNode()
        assert f'{type(node_1).__module__}.{type(node_1).__qualname__}' == 'linkedList3.Node'
        assert node_1.value is None
        assert node_1.next is None
        str_1 = var_0.__str__()
        assert str_1 == 'None'
        singly_linked_list_2 = module_0.SinglyLinkedList()
        str_2 = singly_linked_list_1.__str__()
        assert str_2 == '[None]'
        none_type_2 = singly_linked_list_2.add(int_2)
        node_2 = singly_linked_list_1.getHeadNode()
        assert f'{type(node_2).__module__}.{type(node_2).__qualname__}' == 'linkedList3.Node'
        assert node_2.value is None
        assert node_2.next is None
        str_3 = singly_linked_list_2.__str__()
        assert str_3 == '[0]'
        int_3 = singly_linked_list_0.getSize()
        assert int_3 == 2
        int_4 = singly_linked_list_2.getSize()
        assert int_4 == 1
        int_5 = singly_linked_list_1.getSize()
        assert int_5 == 0
        bool_0 = singly_linked_list_2.isEmpty()
&gt;       assert bool_0 is False
E       assert True is False

WHOLE_SUITE/test_linkedList3_WHOLE_SUITE.py:143: AssertionError
=========================== short test summary info ============================
FAILED WHOLE_SUITE/test_linkedList3_WHOLE_SUITE.py::test_case_7 - assert True...
========================= 1 failed, 7 passed in 0.25s ==========================
</pre></div></div></div></div></div><div class="mb-1" id="job_list___sub_accordion_37"><div class="card"><a data-toggle="collapse" data-target="#job_list___sub_collapse_37_1" aria-expanded="false" aria-controls="job_list___sub_collapse_37_1" href="#" class="job_list___sub_multi_heading"><div role="alert" class="card-header alert-success" id="job_list___sub_heading_37_1"><button class="btn btn-outline-success"><span class="job_id">37 : Job ID 05688c47dd924363a06da93e0ddff71e</span></button></div></a><div aria-labelledby="job_list___sub_heading_37_1" data-parent="#job_list___sub_accordion_37" class="collapse job_list___sub_multi_collapse" id="job_list___sub_collapse_37_1"><div class="card-body"><div class="work-item"><div class="alert alert-success test-outcome" role="alert"><p>worker outcome: normal</p><p>test outcome: killed</p></div></div><pre class="location"><a href="pycharm://open?file=linkedList3.py&amp;line=19" class="text-secondary"><button class="btn btn-outline-dark">linkedList3.py, start pos: (19, 22), end pos: (19, 23)</button></a></pre><pre>operator: core/NumberReplacer, occurrence: 0</pre><div class="alert alert-secondary"><pre class="diff">--- mutation diff ---
--- alinkedList3.py
+++ blinkedList3.py
@@ -16,7 +16,7 @@
     def __init__(self):
         self.__sentinel = Node(None)
         self.__head = self.__sentinel
-        self.__size = 0
+        self.__size = 1
 
     def add(self, value: T) -&gt; None:
 </pre></div><div class="alert alert-secondary"><pre class="diff">============================= test session starts ==============================
platform linux -- Python 3.10.10, pytest-7.2.1, pluggy-1.0.0
rootdir: /home/auri/temp/lucca/python_experiments/linkedList3
collected 8 items

WHOLE_SUITE/test_linkedList3_WHOLE_SUITE.py ..FFF.FF                     [100%]

=================================== FAILURES ===================================
_________________________________ test_case_2 __________________________________

    def test_case_2():
        singly_linked_list_0 = module_0.SinglyLinkedList()
        node_0 = singly_linked_list_0.getHeadNode()
        node_1 = singly_linked_list_0.getHeadNode()
        none_type_0 = singly_linked_list_0.add(node_1)
        var_0 = singly_linked_list_0.remove()
        assert node_0.next is None
        assert node_1.next is None
        assert f'{type(var_0).__module__}.{type(var_0).__qualname__}' == 'linkedList3.Node'
        assert f'{type(var_0.value).__module__}.{type(var_0.value).__qualname__}' == 'linkedList3.Node'
&gt;       assert var_0.next is None
E       assert &lt;linkedList3.Node object at 0x7ff712bfb1f0&gt; is None
E        +  where &lt;linkedList3.Node object at 0x7ff712bfb1f0&gt; = &lt;linkedList3.Node object at 0x7ff712bfb3d0&gt;.next

WHOLE_SUITE/test_linkedList3_WHOLE_SUITE.py:29: AssertionError
_________________________________ test_case_3 __________________________________

    def test_case_3():
        singly_linked_list_0 = module_0.SinglyLinkedList()
        complex_0 = -1570.48195 - 1139.15j
        none_type_0 = singly_linked_list_0.add(complex_0)
        int_0 = singly_linked_list_0.getSize()
&gt;       assert int_0 == 1
E       assert 2 == 1

WHOLE_SUITE/test_linkedList3_WHOLE_SUITE.py:44: AssertionError
_________________________________ test_case_4 __________________________________

    def test_case_4():
        singly_linked_list_0 = module_0.SinglyLinkedList()
        bool_0 = singly_linked_list_0.isEmpty()
&gt;       assert bool_0 is True
E       assert False is True

WHOLE_SUITE/test_linkedList3_WHOLE_SUITE.py:75: AssertionError
_________________________________ test_case_6 __________________________________

    def test_case_6():
        singly_linked_list_0 = module_0.SinglyLinkedList()
        list_0 = singly_linked_list_0.toArray()
        none_type_0 = singly_linked_list_0.add(singly_linked_list_0)
        none_type_1 = singly_linked_list_0.add(singly_linked_list_0)
        node_0 = singly_linked_list_0.getHeadNode()
        int_0 = singly_linked_list_0.getSize()
&gt;       assert int_0 == 2
E       assert 3 == 2

WHOLE_SUITE/test_linkedList3_WHOLE_SUITE.py:93: AssertionError
_________________________________ test_case_7 __________________________________

    def test_case_7():
        singly_linked_list_0 = module_0.SinglyLinkedList()
        list_0 = singly_linked_list_0.toArray()
        none_type_0 = singly_linked_list_0.add(singly_linked_list_0)
        none_type_1 = singly_linked_list_0.add(singly_linked_list_0)
        node_0 = singly_linked_list_0.getHeadNode()
        int_0 = singly_linked_list_0.getSize()
&gt;       assert int_0 == 2
E       assert 3 == 2

WHOLE_SUITE/test_linkedList3_WHOLE_SUITE.py:111: AssertionError
=========================== short test summary info ============================
FAILED WHOLE_SUITE/test_linkedList3_WHOLE_SUITE.py::test_case_2 - assert &lt;lin...
FAILED WHOLE_SUITE/test_linkedList3_WHOLE_SUITE.py::test_case_3 - assert 2 == 1
FAILED WHOLE_SUITE/test_linkedList3_WHOLE_SUITE.py::test_case_4 - assert Fals...
FAILED WHOLE_SUITE/test_linkedList3_WHOLE_SUITE.py::test_case_6 - assert 3 == 2
FAILED WHOLE_SUITE/test_linkedList3_WHOLE_SUITE.py::test_case_7 - assert 3 == 2
========================= 5 failed, 3 passed in 0.33s ==========================
</pre></div></div></div></div></div><div class="mb-1" id="job_list___sub_accordion_38"><div class="card"><a data-toggle="collapse" data-target="#job_list___sub_collapse_38_1" aria-expanded="false" aria-controls="job_list___sub_collapse_38_1" href="#" class="job_list___sub_multi_heading"><div role="alert" class="card-header alert-success" id="job_list___sub_heading_38_1"><button class="btn btn-outline-success"><span class="job_id">38 : Job ID ac5e770295264636a3f50da5254c932d</span></button></div></a><div aria-labelledby="job_list___sub_heading_38_1" data-parent="#job_list___sub_accordion_38" class="collapse job_list___sub_multi_collapse" id="job_list___sub_collapse_38_1"><div class="card-body"><div class="work-item"><div class="alert alert-success test-outcome" role="alert"><p>worker outcome: normal</p><p>test outcome: killed</p></div></div><pre class="location"><a href="pycharm://open?file=linkedList3.py&amp;line=19" class="text-secondary"><button class="btn btn-outline-dark">linkedList3.py, start pos: (19, 22), end pos: (19, 23)</button></a></pre><pre>operator: core/NumberReplacer, occurrence: 1</pre><div class="alert alert-secondary"><pre class="diff">--- mutation diff ---
--- alinkedList3.py
+++ blinkedList3.py
@@ -16,7 +16,7 @@
     def __init__(self):
         self.__sentinel = Node(None)
         self.__head = self.__sentinel
-        self.__size = 0
+        self.__size = -1
 
     def add(self, value: T) -&gt; None:
 </pre></div><div class="alert alert-secondary"><pre class="diff">============================= test session starts ==============================
platform linux -- Python 3.10.10, pytest-7.2.1, pluggy-1.0.0
rootdir: /home/auri/temp/lucca/python_experiments/linkedList3
collected 8 items

WHOLE_SUITE/test_linkedList3_WHOLE_SUITE.py ..FFF.FF                     [100%]

=================================== FAILURES ===================================
_________________________________ test_case_2 __________________________________

    def test_case_2():
        singly_linked_list_0 = module_0.SinglyLinkedList()
        node_0 = singly_linked_list_0.getHeadNode()
        node_1 = singly_linked_list_0.getHeadNode()
        none_type_0 = singly_linked_list_0.add(node_1)
        var_0 = singly_linked_list_0.remove()
&gt;       assert node_0.next is None
E       assert &lt;linkedList3.Node object at 0x7fb1ef3e36a0&gt; is None
E        +  where &lt;linkedList3.Node object at 0x7fb1ef3e36a0&gt; = &lt;linkedList3.Node object at 0x7fb1ef3e37c0&gt;.next

WHOLE_SUITE/test_linkedList3_WHOLE_SUITE.py:25: AssertionError
_________________________________ test_case_3 __________________________________

    def test_case_3():
        singly_linked_list_0 = module_0.SinglyLinkedList()
        complex_0 = -1570.48195 - 1139.15j
        none_type_0 = singly_linked_list_0.add(complex_0)
        int_0 = singly_linked_list_0.getSize()
&gt;       assert int_0 == 1
E       assert 0 == 1

WHOLE_SUITE/test_linkedList3_WHOLE_SUITE.py:44: AssertionError
_________________________________ test_case_4 __________________________________

    def test_case_4():
        singly_linked_list_0 = module_0.SinglyLinkedList()
        bool_0 = singly_linked_list_0.isEmpty()
&gt;       assert bool_0 is True
E       assert False is True

WHOLE_SUITE/test_linkedList3_WHOLE_SUITE.py:75: AssertionError
_________________________________ test_case_6 __________________________________

    def test_case_6():
        singly_linked_list_0 = module_0.SinglyLinkedList()
        list_0 = singly_linked_list_0.toArray()
        none_type_0 = singly_linked_list_0.add(singly_linked_list_0)
        none_type_1 = singly_linked_list_0.add(singly_linked_list_0)
        node_0 = singly_linked_list_0.getHeadNode()
        int_0 = singly_linked_list_0.getSize()
&gt;       assert int_0 == 2
E       assert 1 == 2

WHOLE_SUITE/test_linkedList3_WHOLE_SUITE.py:93: AssertionError
_________________________________ test_case_7 __________________________________

    def test_case_7():
        singly_linked_list_0 = module_0.SinglyLinkedList()
        list_0 = singly_linked_list_0.toArray()
        none_type_0 = singly_linked_list_0.add(singly_linked_list_0)
        none_type_1 = singly_linked_list_0.add(singly_linked_list_0)
        node_0 = singly_linked_list_0.getHeadNode()
        int_0 = singly_linked_list_0.getSize()
&gt;       assert int_0 == 2
E       assert 1 == 2

WHOLE_SUITE/test_linkedList3_WHOLE_SUITE.py:111: AssertionError
=========================== short test summary info ============================
FAILED WHOLE_SUITE/test_linkedList3_WHOLE_SUITE.py::test_case_2 - assert &lt;lin...
FAILED WHOLE_SUITE/test_linkedList3_WHOLE_SUITE.py::test_case_3 - assert 0 == 1
FAILED WHOLE_SUITE/test_linkedList3_WHOLE_SUITE.py::test_case_4 - assert Fals...
FAILED WHOLE_SUITE/test_linkedList3_WHOLE_SUITE.py::test_case_6 - assert 1 == 2
FAILED WHOLE_SUITE/test_linkedList3_WHOLE_SUITE.py::test_case_7 - assert 1 == 2
========================= 5 failed, 3 passed in 0.33s ==========================
</pre></div></div></div></div></div><div class="mb-1" id="job_list___sub_accordion_39"><div class="card"><a data-toggle="collapse" data-target="#job_list___sub_collapse_39_1" aria-expanded="false" aria-controls="job_list___sub_collapse_39_1" href="#" class="job_list___sub_multi_heading"><div role="alert" class="card-header alert-success" id="job_list___sub_heading_39_1"><button class="btn btn-outline-success"><span class="job_id">39 : Job ID 1ff107b85b8342a0b0ad1f7777dd06d4</span></button></div></a><div aria-labelledby="job_list___sub_heading_39_1" data-parent="#job_list___sub_accordion_39" class="collapse job_list___sub_multi_collapse" id="job_list___sub_collapse_39_1"><div class="card-body"><div class="work-item"><div class="alert alert-success test-outcome" role="alert"><p>worker outcome: normal</p><p>test outcome: killed</p></div></div><pre class="location"><a href="pycharm://open?file=linkedList3.py&amp;line=26" class="text-secondary"><button class="btn btn-outline-dark">linkedList3.py, start pos: (26, 26), end pos: (26, 27)</button></a></pre><pre>operator: core/NumberReplacer, occurrence: 2</pre><div class="alert alert-secondary"><pre class="diff">--- mutation diff ---
--- alinkedList3.py
+++ blinkedList3.py
@@ -23,7 +23,7 @@
         """Add element to linked list."""
 
         newNode = Node(value)
-        if self.__size == 0:
+        if self.__size == 1:
             self.__head.next = newNode
             self.__head = newNode
             self.__size += 1</pre></div><div class="alert alert-secondary"><pre class="diff">timeout</pre></div></div></div></div></div><div class="mb-1" id="job_list___sub_accordion_40"><div class="card"><a data-toggle="collapse" data-target="#job_list___sub_collapse_40_1" aria-expanded="false" aria-controls="job_list___sub_collapse_40_1" href="#" class="job_list___sub_multi_heading"><div role="alert" class="card-header alert-success" id="job_list___sub_heading_40_1"><button class="btn btn-outline-success"><span class="job_id">40 : Job ID 8e9d37eb142f4e4795e7734b69aabf3c</span></button></div></a><div aria-labelledby="job_list___sub_heading_40_1" data-parent="#job_list___sub_accordion_40" class="collapse job_list___sub_multi_collapse" id="job_list___sub_collapse_40_1"><div class="card-body"><div class="work-item"><div class="alert alert-success test-outcome" role="alert"><p>worker outcome: normal</p><p>test outcome: killed</p></div></div><pre class="location"><a href="pycharm://open?file=linkedList3.py&amp;line=26" class="text-secondary"><button class="btn btn-outline-dark">linkedList3.py, start pos: (26, 26), end pos: (26, 27)</button></a></pre><pre>operator: core/NumberReplacer, occurrence: 3</pre><div class="alert alert-secondary"><pre class="diff">--- mutation diff ---
--- alinkedList3.py
+++ blinkedList3.py
@@ -23,7 +23,7 @@
         """Add element to linked list."""
 
         newNode = Node(value)
-        if self.__size == 0:
+        if self.__size == -1:
             self.__head.next = newNode
             self.__head = newNode
             self.__size += 1</pre></div><div class="alert alert-secondary"><pre class="diff">timeout</pre></div></div></div></div></div><div class="mb-1" id="job_list___sub_accordion_41"><div class="card"><a data-toggle="collapse" data-target="#job_list___sub_collapse_41_1" aria-expanded="false" aria-controls="job_list___sub_collapse_41_1" href="#" class="job_list___sub_multi_heading"><div role="alert" class="card-header alert-success" id="job_list___sub_heading_41_1"><button class="btn btn-outline-success"><span class="job_id">41 : Job ID f3a9c58f723247a2acd36b5a4dca716c</span></button></div></a><div aria-labelledby="job_list___sub_heading_41_1" data-parent="#job_list___sub_accordion_41" class="collapse job_list___sub_multi_collapse" id="job_list___sub_collapse_41_1"><div class="card-body"><div class="work-item"><div class="alert alert-success test-outcome" role="alert"><p>worker outcome: normal</p><p>test outcome: killed</p></div></div><pre class="location"><a href="pycharm://open?file=linkedList3.py&amp;line=29" class="text-secondary"><button class="btn btn-outline-dark">linkedList3.py, start pos: (29, 27), end pos: (29, 28)</button></a></pre><pre>operator: core/NumberReplacer, occurrence: 4</pre><div class="alert alert-secondary"><pre class="diff">--- mutation diff ---
--- alinkedList3.py
+++ blinkedList3.py
@@ -26,7 +26,7 @@
         if self.__size == 0:
             self.__head.next = newNode
             self.__head = newNode
-            self.__size += 1
+            self.__size += 2
         else:
             self.__sentinel.next = newNode
             newNode.next = self.__head</pre></div><div class="alert alert-secondary"><pre class="diff">============================= test session starts ==============================
platform linux -- Python 3.10.10, pytest-7.2.1, pluggy-1.0.0
rootdir: /home/auri/temp/lucca/python_experiments/linkedList3
collected 8 items

WHOLE_SUITE/test_linkedList3_WHOLE_SUITE.py ...F..FF                     [100%]

=================================== FAILURES ===================================
_________________________________ test_case_3 __________________________________

    def test_case_3():
        singly_linked_list_0 = module_0.SinglyLinkedList()
        complex_0 = -1570.48195 - 1139.15j
        none_type_0 = singly_linked_list_0.add(complex_0)
        int_0 = singly_linked_list_0.getSize()
&gt;       assert int_0 == 1
E       assert 2 == 1

WHOLE_SUITE/test_linkedList3_WHOLE_SUITE.py:44: AssertionError
_________________________________ test_case_6 __________________________________

    def test_case_6():
        singly_linked_list_0 = module_0.SinglyLinkedList()
        list_0 = singly_linked_list_0.toArray()
        none_type_0 = singly_linked_list_0.add(singly_linked_list_0)
        none_type_1 = singly_linked_list_0.add(singly_linked_list_0)
        node_0 = singly_linked_list_0.getHeadNode()
        int_0 = singly_linked_list_0.getSize()
&gt;       assert int_0 == 2
E       assert 3 == 2

WHOLE_SUITE/test_linkedList3_WHOLE_SUITE.py:93: AssertionError
_________________________________ test_case_7 __________________________________

    def test_case_7():
        singly_linked_list_0 = module_0.SinglyLinkedList()
        list_0 = singly_linked_list_0.toArray()
        none_type_0 = singly_linked_list_0.add(singly_linked_list_0)
        none_type_1 = singly_linked_list_0.add(singly_linked_list_0)
        node_0 = singly_linked_list_0.getHeadNode()
        int_0 = singly_linked_list_0.getSize()
&gt;       assert int_0 == 2
E       assert 3 == 2

WHOLE_SUITE/test_linkedList3_WHOLE_SUITE.py:111: AssertionError
=========================== short test summary info ============================
FAILED WHOLE_SUITE/test_linkedList3_WHOLE_SUITE.py::test_case_3 - assert 2 == 1
FAILED WHOLE_SUITE/test_linkedList3_WHOLE_SUITE.py::test_case_6 - assert 3 == 2
FAILED WHOLE_SUITE/test_linkedList3_WHOLE_SUITE.py::test_case_7 - assert 3 == 2
========================= 3 failed, 5 passed in 0.30s ==========================
</pre></div></div></div></div></div><div class="mb-1" id="job_list___sub_accordion_42"><div class="card"><a data-toggle="collapse" data-target="#job_list___sub_collapse_42_1" aria-expanded="false" aria-controls="job_list___sub_collapse_42_1" href="#" class="job_list___sub_multi_heading"><div role="alert" class="card-header alert-success" id="job_list___sub_heading_42_1"><button class="btn btn-outline-success"><span class="job_id">42 : Job ID db67d986789c4f28ab2ffa51c2a42792</span></button></div></a><div aria-labelledby="job_list___sub_heading_42_1" data-parent="#job_list___sub_accordion_42" class="collapse job_list___sub_multi_collapse" id="job_list___sub_collapse_42_1"><div class="card-body"><div class="work-item"><div class="alert alert-success test-outcome" role="alert"><p>worker outcome: normal</p><p>test outcome: killed</p></div></div><pre class="location"><a href="pycharm://open?file=linkedList3.py&amp;line=29" class="text-secondary"><button class="btn btn-outline-dark">linkedList3.py, start pos: (29, 27), end pos: (29, 28)</button></a></pre><pre>operator: core/NumberReplacer, occurrence: 5</pre><div class="alert alert-secondary"><pre class="diff">--- mutation diff ---
--- alinkedList3.py
+++ blinkedList3.py
@@ -26,7 +26,7 @@
         if self.__size == 0:
             self.__head.next = newNode
             self.__head = newNode
-            self.__size += 1
+            self.__size += 0
         else:
             self.__sentinel.next = newNode
             newNode.next = self.__head</pre></div><div class="alert alert-secondary"><pre class="diff">============================= test session starts ==============================
platform linux -- Python 3.10.10, pytest-7.2.1, pluggy-1.0.0
rootdir: /home/auri/temp/lucca/python_experiments/linkedList3
collected 8 items

WHOLE_SUITE/test_linkedList3_WHOLE_SUITE.py ..FF..FF                     [100%]

=================================== FAILURES ===================================
_________________________________ test_case_2 __________________________________

    def test_case_2():
        singly_linked_list_0 = module_0.SinglyLinkedList()
        node_0 = singly_linked_list_0.getHeadNode()
        node_1 = singly_linked_list_0.getHeadNode()
        none_type_0 = singly_linked_list_0.add(node_1)
        var_0 = singly_linked_list_0.remove()
&gt;       assert node_0.next is None
E       assert &lt;linkedList3.Node object at 0x7ff05a36f640&gt; is None
E        +  where &lt;linkedList3.Node object at 0x7ff05a36f640&gt; = &lt;linkedList3.Node object at 0x7ff05a36f730&gt;.next

WHOLE_SUITE/test_linkedList3_WHOLE_SUITE.py:25: AssertionError
_________________________________ test_case_3 __________________________________

    def test_case_3():
        singly_linked_list_0 = module_0.SinglyLinkedList()
        complex_0 = -1570.48195 - 1139.15j
        none_type_0 = singly_linked_list_0.add(complex_0)
        int_0 = singly_linked_list_0.getSize()
&gt;       assert int_0 == 1
E       assert 0 == 1

WHOLE_SUITE/test_linkedList3_WHOLE_SUITE.py:44: AssertionError
_________________________________ test_case_6 __________________________________

    def test_case_6():
        singly_linked_list_0 = module_0.SinglyLinkedList()
        list_0 = singly_linked_list_0.toArray()
        none_type_0 = singly_linked_list_0.add(singly_linked_list_0)
        none_type_1 = singly_linked_list_0.add(singly_linked_list_0)
        node_0 = singly_linked_list_0.getHeadNode()
        int_0 = singly_linked_list_0.getSize()
&gt;       assert int_0 == 2
E       assert 0 == 2

WHOLE_SUITE/test_linkedList3_WHOLE_SUITE.py:93: AssertionError
_________________________________ test_case_7 __________________________________

    def test_case_7():
        singly_linked_list_0 = module_0.SinglyLinkedList()
        list_0 = singly_linked_list_0.toArray()
        none_type_0 = singly_linked_list_0.add(singly_linked_list_0)
        none_type_1 = singly_linked_list_0.add(singly_linked_list_0)
        node_0 = singly_linked_list_0.getHeadNode()
        int_0 = singly_linked_list_0.getSize()
&gt;       assert int_0 == 2
E       assert 0 == 2

WHOLE_SUITE/test_linkedList3_WHOLE_SUITE.py:111: AssertionError
=========================== short test summary info ============================
FAILED WHOLE_SUITE/test_linkedList3_WHOLE_SUITE.py::test_case_2 - assert &lt;lin...
FAILED WHOLE_SUITE/test_linkedList3_WHOLE_SUITE.py::test_case_3 - assert 0 == 1
FAILED WHOLE_SUITE/test_linkedList3_WHOLE_SUITE.py::test_case_6 - assert 0 == 2
FAILED WHOLE_SUITE/test_linkedList3_WHOLE_SUITE.py::test_case_7 - assert 0 == 2
========================= 4 failed, 4 passed in 0.33s ==========================
</pre></div></div></div></div></div><div class="mb-1" id="job_list___sub_accordion_43"><div class="card"><a data-toggle="collapse" data-target="#job_list___sub_collapse_43_1" aria-expanded="false" aria-controls="job_list___sub_collapse_43_1" href="#" class="job_list___sub_multi_heading"><div role="alert" class="card-header alert-success" id="job_list___sub_heading_43_1"><button class="btn btn-outline-success"><span class="job_id">43 : Job ID 90256d10e5174324ad2a11b7ce2ed850</span></button></div></a><div aria-labelledby="job_list___sub_heading_43_1" data-parent="#job_list___sub_accordion_43" class="collapse job_list___sub_multi_collapse" id="job_list___sub_collapse_43_1"><div class="card-body"><div class="work-item"><div class="alert alert-success test-outcome" role="alert"><p>worker outcome: normal</p><p>test outcome: killed</p></div></div><pre class="location"><a href="pycharm://open?file=linkedList3.py&amp;line=34" class="text-secondary"><button class="btn btn-outline-dark">linkedList3.py, start pos: (34, 27), end pos: (34, 28)</button></a></pre><pre>operator: core/NumberReplacer, occurrence: 6</pre><div class="alert alert-secondary"><pre class="diff">--- mutation diff ---
--- alinkedList3.py
+++ blinkedList3.py
@@ -31,7 +31,7 @@
             self.__sentinel.next = newNode
             newNode.next = self.__head
             self.__head = newNode
-            self.__size += 1
+            self.__size += 2
 
     def remove(self):
 </pre></div><div class="alert alert-secondary"><pre class="diff">============================= test session starts ==============================
platform linux -- Python 3.10.10, pytest-7.2.1, pluggy-1.0.0
rootdir: /home/auri/temp/lucca/python_experiments/linkedList3
collected 8 items

WHOLE_SUITE/test_linkedList3_WHOLE_SUITE.py ...F..FF                     [100%]

=================================== FAILURES ===================================
_________________________________ test_case_3 __________________________________

    def test_case_3():
        singly_linked_list_0 = module_0.SinglyLinkedList()
        complex_0 = -1570.48195 - 1139.15j
        none_type_0 = singly_linked_list_0.add(complex_0)
        int_0 = singly_linked_list_0.getSize()
        assert int_0 == 1
        none_type_1 = singly_linked_list_0.add(singly_linked_list_0)
        list_0 = singly_linked_list_0.toArray()
        int_1 = singly_linked_list_0.getSize()
&gt;       assert int_1 == 2
E       assert 3 == 2

WHOLE_SUITE/test_linkedList3_WHOLE_SUITE.py:48: AssertionError
_________________________________ test_case_6 __________________________________

    def test_case_6():
        singly_linked_list_0 = module_0.SinglyLinkedList()
        list_0 = singly_linked_list_0.toArray()
        none_type_0 = singly_linked_list_0.add(singly_linked_list_0)
        none_type_1 = singly_linked_list_0.add(singly_linked_list_0)
        node_0 = singly_linked_list_0.getHeadNode()
        int_0 = singly_linked_list_0.getSize()
&gt;       assert int_0 == 2
E       assert 3 == 2

WHOLE_SUITE/test_linkedList3_WHOLE_SUITE.py:93: AssertionError
_________________________________ test_case_7 __________________________________

    def test_case_7():
        singly_linked_list_0 = module_0.SinglyLinkedList()
        list_0 = singly_linked_list_0.toArray()
        none_type_0 = singly_linked_list_0.add(singly_linked_list_0)
        none_type_1 = singly_linked_list_0.add(singly_linked_list_0)
        node_0 = singly_linked_list_0.getHeadNode()
        int_0 = singly_linked_list_0.getSize()
&gt;       assert int_0 == 2
E       assert 3 == 2

WHOLE_SUITE/test_linkedList3_WHOLE_SUITE.py:111: AssertionError
=========================== short test summary info ============================
FAILED WHOLE_SUITE/test_linkedList3_WHOLE_SUITE.py::test_case_3 - assert 3 == 2
FAILED WHOLE_SUITE/test_linkedList3_WHOLE_SUITE.py::test_case_6 - assert 3 == 2
FAILED WHOLE_SUITE/test_linkedList3_WHOLE_SUITE.py::test_case_7 - assert 3 == 2
========================= 3 failed, 5 passed in 0.31s ==========================
</pre></div></div></div></div></div><div class="mb-1" id="job_list___sub_accordion_44"><div class="card"><a data-toggle="collapse" data-target="#job_list___sub_collapse_44_1" aria-expanded="false" aria-controls="job_list___sub_collapse_44_1" href="#" class="job_list___sub_multi_heading"><div role="alert" class="card-header alert-success" id="job_list___sub_heading_44_1"><button class="btn btn-outline-success"><span class="job_id">44 : Job ID 0579753efb2043b78682b1743298492a</span></button></div></a><div aria-labelledby="job_list___sub_heading_44_1" data-parent="#job_list___sub_accordion_44" class="collapse job_list___sub_multi_collapse" id="job_list___sub_collapse_44_1"><div class="card-body"><div class="work-item"><div class="alert alert-success test-outcome" role="alert"><p>worker outcome: normal</p><p>test outcome: killed</p></div></div><pre class="location"><a href="pycharm://open?file=linkedList3.py&amp;line=34" class="text-secondary"><button class="btn btn-outline-dark">linkedList3.py, start pos: (34, 27), end pos: (34, 28)</button></a></pre><pre>operator: core/NumberReplacer, occurrence: 7</pre><div class="alert alert-secondary"><pre class="diff">--- mutation diff ---
--- alinkedList3.py
+++ blinkedList3.py
@@ -31,7 +31,7 @@
             self.__sentinel.next = newNode
             newNode.next = self.__head
             self.__head = newNode
-            self.__size += 1
+            self.__size += 0
 
     def remove(self):
 </pre></div><div class="alert alert-secondary"><pre class="diff">============================= test session starts ==============================
platform linux -- Python 3.10.10, pytest-7.2.1, pluggy-1.0.0
rootdir: /home/auri/temp/lucca/python_experiments/linkedList3
collected 8 items

WHOLE_SUITE/test_linkedList3_WHOLE_SUITE.py ...F..FF                     [100%]

=================================== FAILURES ===================================
_________________________________ test_case_3 __________________________________

    def test_case_3():
        singly_linked_list_0 = module_0.SinglyLinkedList()
        complex_0 = -1570.48195 - 1139.15j
        none_type_0 = singly_linked_list_0.add(complex_0)
        int_0 = singly_linked_list_0.getSize()
        assert int_0 == 1
        none_type_1 = singly_linked_list_0.add(singly_linked_list_0)
        list_0 = singly_linked_list_0.toArray()
        int_1 = singly_linked_list_0.getSize()
&gt;       assert int_1 == 2
E       assert 1 == 2

WHOLE_SUITE/test_linkedList3_WHOLE_SUITE.py:48: AssertionError
_________________________________ test_case_6 __________________________________

    def test_case_6():
        singly_linked_list_0 = module_0.SinglyLinkedList()
        list_0 = singly_linked_list_0.toArray()
        none_type_0 = singly_linked_list_0.add(singly_linked_list_0)
        none_type_1 = singly_linked_list_0.add(singly_linked_list_0)
        node_0 = singly_linked_list_0.getHeadNode()
        int_0 = singly_linked_list_0.getSize()
&gt;       assert int_0 == 2
E       assert 1 == 2

WHOLE_SUITE/test_linkedList3_WHOLE_SUITE.py:93: AssertionError
_________________________________ test_case_7 __________________________________

    def test_case_7():
        singly_linked_list_0 = module_0.SinglyLinkedList()
        list_0 = singly_linked_list_0.toArray()
        none_type_0 = singly_linked_list_0.add(singly_linked_list_0)
        none_type_1 = singly_linked_list_0.add(singly_linked_list_0)
        node_0 = singly_linked_list_0.getHeadNode()
        int_0 = singly_linked_list_0.getSize()
&gt;       assert int_0 == 2
E       assert 1 == 2

WHOLE_SUITE/test_linkedList3_WHOLE_SUITE.py:111: AssertionError
=========================== short test summary info ============================
FAILED WHOLE_SUITE/test_linkedList3_WHOLE_SUITE.py::test_case_3 - assert 1 == 2
FAILED WHOLE_SUITE/test_linkedList3_WHOLE_SUITE.py::test_case_6 - assert 1 == 2
FAILED WHOLE_SUITE/test_linkedList3_WHOLE_SUITE.py::test_case_7 - assert 1 == 2
========================= 3 failed, 5 passed in 0.33s ==========================
</pre></div></div></div></div></div><div class="mb-1" id="job_list___sub_accordion_45"><div class="card"><a data-toggle="collapse" data-target="#job_list___sub_collapse_45_1" aria-expanded="false" aria-controls="job_list___sub_collapse_45_1" href="#" class="job_list___sub_multi_heading"><div role="alert" class="card-header alert-success" id="job_list___sub_heading_45_1"><button class="btn btn-outline-success"><span class="job_id">45 : Job ID 763c4e6d89054cf3b90f91bd7cb7d923</span></button></div></a><div aria-labelledby="job_list___sub_heading_45_1" data-parent="#job_list___sub_accordion_45" class="collapse job_list___sub_multi_collapse" id="job_list___sub_collapse_45_1"><div class="card-body"><div class="work-item"><div class="alert alert-success test-outcome" role="alert"><p>worker outcome: normal</p><p>test outcome: killed</p></div></div><pre class="location"><a href="pycharm://open?file=linkedList3.py&amp;line=40" class="text-secondary"><button class="btn btn-outline-dark">linkedList3.py, start pos: (40, 26), end pos: (40, 27)</button></a></pre><pre>operator: core/NumberReplacer, occurrence: 8</pre><div class="alert alert-secondary"><pre class="diff">--- mutation diff ---
--- alinkedList3.py
+++ blinkedList3.py
@@ -37,7 +37,7 @@
 
         """Remove node from linkedlist."""
 
-        if self.__size == 0:
+        if self.__size == 1:
             return None
         if self.__size &gt;= 1:
             nodeToRemove = self.__head</pre></div><div class="alert alert-secondary"><pre class="diff">============================= test session starts ==============================
platform linux -- Python 3.10.10, pytest-7.2.1, pluggy-1.0.0
rootdir: /home/auri/temp/lucca/python_experiments/linkedList3
collected 8 items

WHOLE_SUITE/test_linkedList3_WHOLE_SUITE.py ..FFF..F                     [100%]

=================================== FAILURES ===================================
_________________________________ test_case_2 __________________________________

    def test_case_2():
        singly_linked_list_0 = module_0.SinglyLinkedList()
        node_0 = singly_linked_list_0.getHeadNode()
        node_1 = singly_linked_list_0.getHeadNode()
        none_type_0 = singly_linked_list_0.add(node_1)
        var_0 = singly_linked_list_0.remove()
&gt;       assert node_0.next is None
E       assert &lt;linkedList3.Node object at 0x7f14efbb3670&gt; is None
E        +  where &lt;linkedList3.Node object at 0x7f14efbb3670&gt; = &lt;linkedList3.Node object at 0x7f14efbb3790&gt;.next

WHOLE_SUITE/test_linkedList3_WHOLE_SUITE.py:25: AssertionError
_________________________________ test_case_3 __________________________________

    def test_case_3():
        singly_linked_list_0 = module_0.SinglyLinkedList()
        complex_0 = -1570.48195 - 1139.15j
        none_type_0 = singly_linked_list_0.add(complex_0)
        int_0 = singly_linked_list_0.getSize()
        assert int_0 == 1
        none_type_1 = singly_linked_list_0.add(singly_linked_list_0)
        list_0 = singly_linked_list_0.toArray()
        int_1 = singly_linked_list_0.getSize()
        assert int_1 == 2
        node_0 = singly_linked_list_0.getHeadNode()
        node_1 = singly_linked_list_0.getHeadNode()
        var_0 = singly_linked_list_0.getHead()
        int_2 = singly_linked_list_0.getSize()
        assert int_2 == 2
        list_1 = singly_linked_list_0.toArray()
        var_1 = singly_linked_list_0.getHead()
        var_2 = singly_linked_list_0.remove()
        assert f'{type(var_2).__module__}.{type(var_2).__qualname__}' == 'linkedList3.Node'
        assert f'{type(var_2.value).__module__}.{type(var_2.value).__qualname__}' == 'linkedList3.SinglyLinkedList'
        assert f'{type(var_2.next).__module__}.{type(var_2.next).__qualname__}' == 'linkedList3.Node'
        node_2 = module_0.Node(node_1)
        var_3 = var_1.remove()
&gt;       assert f'{type(var_3).__module__}.{type(var_3).__qualname__}' == 'linkedList3.Node'
E       AssertionError: assert 'builtins.NoneType' == 'linkedList3.Node'
E         - linkedList3.Node
E         + builtins.NoneType

WHOLE_SUITE/test_linkedList3_WHOLE_SUITE.py:62: AssertionError
_________________________________ test_case_4 __________________________________

    def test_case_4():
        singly_linked_list_0 = module_0.SinglyLinkedList()
        bool_0 = singly_linked_list_0.isEmpty()
        assert bool_0 is True
        var_0 = singly_linked_list_0.remove()
        node_0 = singly_linked_list_0.getHeadNode()
&gt;       assert f'{type(node_0).__module__}.{type(node_0).__qualname__}' == 'linkedList3.Node'
E       AssertionError: assert 'builtins.NoneType' == 'linkedList3.Node'
E         - linkedList3.Node
E         + builtins.NoneType

WHOLE_SUITE/test_linkedList3_WHOLE_SUITE.py:78: AssertionError
_________________________________ test_case_7 __________________________________

    def test_case_7():
        singly_linked_list_0 = module_0.SinglyLinkedList()
        list_0 = singly_linked_list_0.toArray()
        none_type_0 = singly_linked_list_0.add(singly_linked_list_0)
        none_type_1 = singly_linked_list_0.add(singly_linked_list_0)
        node_0 = singly_linked_list_0.getHeadNode()
        int_0 = singly_linked_list_0.getSize()
        assert int_0 == 2
        singly_linked_list_1 = module_0.SinglyLinkedList()
        str_0 = singly_linked_list_1.__str__()
        assert str_0 == '[None]'
        list_1 = singly_linked_list_0.toArray()
        list_2 = singly_linked_list_1.toArray()
        int_1 = singly_linked_list_1.getSize()
        int_2 = singly_linked_list_1.getSize()
        var_0 = singly_linked_list_1.remove()
        node_1 = singly_linked_list_1.getHeadNode()
&gt;       assert f'{type(node_1).__module__}.{type(node_1).__qualname__}' == 'linkedList3.Node'
E       AssertionError: assert 'builtins.NoneType' == 'linkedList3.Node'
E         - linkedList3.Node
E         + builtins.NoneType

WHOLE_SUITE/test_linkedList3_WHOLE_SUITE.py:121: AssertionError
=========================== short test summary info ============================
FAILED WHOLE_SUITE/test_linkedList3_WHOLE_SUITE.py::test_case_2 - assert &lt;lin...
FAILED WHOLE_SUITE/test_linkedList3_WHOLE_SUITE.py::test_case_3 - AssertionEr...
FAILED WHOLE_SUITE/test_linkedList3_WHOLE_SUITE.py::test_case_4 - AssertionEr...
FAILED WHOLE_SUITE/test_linkedList3_WHOLE_SUITE.py::test_case_7 - AssertionEr...
========================= 4 failed, 4 passed in 0.35s ==========================
</pre></div></div></div></div></div><div class="mb-1" id="job_list___sub_accordion_46"><div class="card"><a data-toggle="collapse" data-target="#job_list___sub_collapse_46_1" aria-expanded="false" aria-controls="job_list___sub_collapse_46_1" href="#" class="job_list___sub_multi_heading"><div role="alert" class="card-header alert-success" id="job_list___sub_heading_46_1"><button class="btn btn-outline-success"><span class="job_id">46 : Job ID 2328ab026c344029a88eb426513d3347</span></button></div></a><div aria-labelledby="job_list___sub_heading_46_1" data-parent="#job_list___sub_accordion_46" class="collapse job_list___sub_multi_collapse" id="job_list___sub_collapse_46_1"><div class="card-body"><div class="work-item"><div class="alert alert-success test-outcome" role="alert"><p>worker outcome: normal</p><p>test outcome: killed</p></div></div><pre class="location"><a href="pycharm://open?file=linkedList3.py&amp;line=40" class="text-secondary"><button class="btn btn-outline-dark">linkedList3.py, start pos: (40, 26), end pos: (40, 27)</button></a></pre><pre>operator: core/NumberReplacer, occurrence: 9</pre><div class="alert alert-secondary"><pre class="diff">--- mutation diff ---
--- alinkedList3.py
+++ blinkedList3.py
@@ -37,7 +37,7 @@
 
         """Remove node from linkedlist."""
 
-        if self.__size == 0:
+        if self.__size == -1:
             return None
         if self.__size &gt;= 1:
             nodeToRemove = self.__head</pre></div><div class="alert alert-secondary"><pre class="diff">============================= test session starts ==============================
platform linux -- Python 3.10.10, pytest-7.2.1, pluggy-1.0.0
rootdir: /home/auri/temp/lucca/python_experiments/linkedList3
collected 8 items

WHOLE_SUITE/test_linkedList3_WHOLE_SUITE.py ....F..F                     [100%]

=================================== FAILURES ===================================
_________________________________ test_case_4 __________________________________

    def test_case_4():
        singly_linked_list_0 = module_0.SinglyLinkedList()
        bool_0 = singly_linked_list_0.isEmpty()
        assert bool_0 is True
        var_0 = singly_linked_list_0.remove()
        node_0 = singly_linked_list_0.getHeadNode()
&gt;       assert f'{type(node_0).__module__}.{type(node_0).__qualname__}' == 'linkedList3.Node'
E       AssertionError: assert 'builtins.NoneType' == 'linkedList3.Node'
E         - linkedList3.Node
E         + builtins.NoneType

WHOLE_SUITE/test_linkedList3_WHOLE_SUITE.py:78: AssertionError
_________________________________ test_case_7 __________________________________

    def test_case_7():
        singly_linked_list_0 = module_0.SinglyLinkedList()
        list_0 = singly_linked_list_0.toArray()
        none_type_0 = singly_linked_list_0.add(singly_linked_list_0)
        none_type_1 = singly_linked_list_0.add(singly_linked_list_0)
        node_0 = singly_linked_list_0.getHeadNode()
        int_0 = singly_linked_list_0.getSize()
        assert int_0 == 2
        singly_linked_list_1 = module_0.SinglyLinkedList()
        str_0 = singly_linked_list_1.__str__()
        assert str_0 == '[None]'
        list_1 = singly_linked_list_0.toArray()
        list_2 = singly_linked_list_1.toArray()
        int_1 = singly_linked_list_1.getSize()
        int_2 = singly_linked_list_1.getSize()
        var_0 = singly_linked_list_1.remove()
        node_1 = singly_linked_list_1.getHeadNode()
&gt;       assert f'{type(node_1).__module__}.{type(node_1).__qualname__}' == 'linkedList3.Node'
E       AssertionError: assert 'builtins.NoneType' == 'linkedList3.Node'
E         - linkedList3.Node
E         + builtins.NoneType

WHOLE_SUITE/test_linkedList3_WHOLE_SUITE.py:121: AssertionError
=========================== short test summary info ============================
FAILED WHOLE_SUITE/test_linkedList3_WHOLE_SUITE.py::test_case_4 - AssertionEr...
FAILED WHOLE_SUITE/test_linkedList3_WHOLE_SUITE.py::test_case_7 - AssertionEr...
========================= 2 failed, 6 passed in 0.27s ==========================
</pre></div></div></div></div></div><div class="mb-1" id="job_list___sub_accordion_47"><div class="card"><a data-toggle="collapse" data-target="#job_list___sub_collapse_47_1" aria-expanded="false" aria-controls="job_list___sub_collapse_47_1" href="#" class="job_list___sub_multi_heading"><div role="alert" class="card-header alert-success" id="job_list___sub_heading_47_1"><button class="btn btn-outline-success"><span class="job_id">47 : Job ID f62e0732bb33452e8f14d65e461da444</span></button></div></a><div aria-labelledby="job_list___sub_heading_47_1" data-parent="#job_list___sub_accordion_47" class="collapse job_list___sub_multi_collapse" id="job_list___sub_collapse_47_1"><div class="card-body"><div class="work-item"><div class="alert alert-success test-outcome" role="alert"><p>worker outcome: normal</p><p>test outcome: killed</p></div></div><pre class="location"><a href="pycharm://open?file=linkedList3.py&amp;line=42" class="text-secondary"><button class="btn btn-outline-dark">linkedList3.py, start pos: (42, 26), end pos: (42, 27)</button></a></pre><pre>operator: core/NumberReplacer, occurrence: 10</pre><div class="alert alert-secondary"><pre class="diff">--- mutation diff ---
--- alinkedList3.py
+++ blinkedList3.py
@@ -39,7 +39,7 @@
 
         if self.__size == 0:
             return None
-        if self.__size &gt;= 1:
+        if self.__size &gt;= 2:
             nodeToRemove = self.__head
             self.__sentinel.next = None
             self.__head = self.__sentinel</pre></div><div class="alert alert-secondary"><pre class="diff">============================= test session starts ==============================
platform linux -- Python 3.10.10, pytest-7.2.1, pluggy-1.0.0
rootdir: /home/auri/temp/lucca/python_experiments/linkedList3
collected 8 items

WHOLE_SUITE/test_linkedList3_WHOLE_SUITE.py ...F....                     [100%]

=================================== FAILURES ===================================
_________________________________ test_case_3 __________________________________

    def test_case_3():
        singly_linked_list_0 = module_0.SinglyLinkedList()
        complex_0 = -1570.48195 - 1139.15j
        none_type_0 = singly_linked_list_0.add(complex_0)
        int_0 = singly_linked_list_0.getSize()
        assert int_0 == 1
        none_type_1 = singly_linked_list_0.add(singly_linked_list_0)
        list_0 = singly_linked_list_0.toArray()
        int_1 = singly_linked_list_0.getSize()
        assert int_1 == 2
        node_0 = singly_linked_list_0.getHeadNode()
        node_1 = singly_linked_list_0.getHeadNode()
        var_0 = singly_linked_list_0.getHead()
        int_2 = singly_linked_list_0.getSize()
        assert int_2 == 2
        list_1 = singly_linked_list_0.toArray()
        var_1 = singly_linked_list_0.getHead()
        var_2 = singly_linked_list_0.remove()
        assert f'{type(var_2).__module__}.{type(var_2).__qualname__}' == 'linkedList3.Node'
        assert f'{type(var_2.value).__module__}.{type(var_2.value).__qualname__}' == 'linkedList3.SinglyLinkedList'
        assert f'{type(var_2.next).__module__}.{type(var_2.next).__qualname__}' == 'linkedList3.Node'
        node_2 = module_0.Node(node_1)
        var_3 = var_1.remove()
        assert f'{type(var_3).__module__}.{type(var_3).__qualname__}' == 'linkedList3.Node'
        assert var_3.value is None
        assert var_3.next is None
        node_3 = singly_linked_list_0.getHeadNode()
&gt;       assert f'{type(node_3).__module__}.{type(node_3).__qualname__}' == 'linkedList3.Node'
E       AssertionError: assert 'builtins.NoneType' == 'linkedList3.Node'
E         - linkedList3.Node
E         + builtins.NoneType

WHOLE_SUITE/test_linkedList3_WHOLE_SUITE.py:66: AssertionError
=========================== short test summary info ============================
FAILED WHOLE_SUITE/test_linkedList3_WHOLE_SUITE.py::test_case_3 - AssertionEr...
========================= 1 failed, 7 passed in 0.27s ==========================
</pre></div></div></div></div></div><div class="mb-1" id="job_list___sub_accordion_48"><div class="card"><a data-toggle="collapse" data-target="#job_list___sub_collapse_48_1" aria-expanded="false" aria-controls="job_list___sub_collapse_48_1" href="#" class="job_list___sub_multi_heading"><div role="alert" class="card-header alert-danger" id="job_list___sub_heading_48_1"><button class="btn btn-outline-danger"><span class="job_id">48 : Job ID 87c4e801cb4645f290cc9b85526b56d3</span></button></div></a><div aria-labelledby="job_list___sub_heading_48_1" data-parent="#job_list___sub_accordion_48" class="collapse job_list___sub_multi_collapse" id="job_list___sub_collapse_48_1"><div class="card-body"><div class="work-item"><div class="alert alert-danger test-outcome" role="alert"><p>SURVIVED</p><p>worker outcome: normal</p><p>test outcome: survived</p></div></div><pre class="location"><a href="pycharm://open?file=linkedList3.py&amp;line=42" class="text-secondary"><button class="btn btn-outline-dark">linkedList3.py, start pos: (42, 26), end pos: (42, 27)</button></a></pre><pre>operator: core/NumberReplacer, occurrence: 11</pre><div class="alert alert-secondary"><pre class="diff">--- mutation diff ---
--- alinkedList3.py
+++ blinkedList3.py
@@ -39,7 +39,7 @@
 
         if self.__size == 0:
             return None
-        if self.__size &gt;= 1:
+        if self.__size &gt;= 0:
             nodeToRemove = self.__head
             self.__sentinel.next = None
             self.__head = self.__sentinel</pre></div><div class="alert alert-secondary"><pre class="diff">============================= test session starts ==============================
platform linux -- Python 3.10.10, pytest-7.2.1, pluggy-1.0.0
rootdir: /home/auri/temp/lucca/python_experiments/linkedList3
collected 8 items

WHOLE_SUITE/test_linkedList3_WHOLE_SUITE.py ........                     [100%]

============================== 8 passed in 0.11s ===============================
</pre></div></div></div></div></div><div class="mb-1" id="job_list___sub_accordion_49"><div class="card"><a data-toggle="collapse" data-target="#job_list___sub_collapse_49_1" aria-expanded="false" aria-controls="job_list___sub_collapse_49_1" href="#" class="job_list___sub_multi_heading"><div role="alert" class="card-header alert-success" id="job_list___sub_heading_49_1"><button class="btn btn-outline-success"><span class="job_id">49 : Job ID 3fffaaa7beab4a4e891ec6025a1e4e22</span></button></div></a><div aria-labelledby="job_list___sub_heading_49_1" data-parent="#job_list___sub_accordion_49" class="collapse job_list___sub_multi_collapse" id="job_list___sub_collapse_49_1"><div class="card-body"><div class="work-item"><div class="alert alert-success test-outcome" role="alert"><p>worker outcome: normal</p><p>test outcome: killed</p></div></div><pre class="location"><a href="pycharm://open?file=linkedList3.py&amp;line=46" class="text-secondary"><button class="btn btn-outline-dark">linkedList3.py, start pos: (46, 27), end pos: (46, 28)</button></a></pre><pre>operator: core/NumberReplacer, occurrence: 12</pre><div class="alert alert-secondary"><pre class="diff">--- mutation diff ---
--- alinkedList3.py
+++ blinkedList3.py
@@ -43,7 +43,7 @@
             nodeToRemove = self.__head
             self.__sentinel.next = None
             self.__head = self.__sentinel
-            self.__size -= 1
+            self.__size -= 2
             return nodeToRemove
         else:
             nodeToRemove = self.__head</pre></div><div class="alert alert-secondary"><pre class="diff">============================= test session starts ==============================
platform linux -- Python 3.10.10, pytest-7.2.1, pluggy-1.0.0
rootdir: /home/auri/temp/lucca/python_experiments/linkedList3
collected 8 items

WHOLE_SUITE/test_linkedList3_WHOLE_SUITE.py ..FF....                     [100%]

=================================== FAILURES ===================================
_________________________________ test_case_2 __________________________________

    def test_case_2():
        singly_linked_list_0 = module_0.SinglyLinkedList()
        node_0 = singly_linked_list_0.getHeadNode()
        node_1 = singly_linked_list_0.getHeadNode()
        none_type_0 = singly_linked_list_0.add(node_1)
        var_0 = singly_linked_list_0.remove()
        assert node_0.next is None
        assert node_1.next is None
        assert f'{type(var_0).__module__}.{type(var_0).__qualname__}' == 'linkedList3.Node'
        assert f'{type(var_0.value).__module__}.{type(var_0.value).__qualname__}' == 'linkedList3.Node'
        assert var_0.next is None
        singly_linked_list_1 = module_0.SinglyLinkedList()
        node_2 = module_0.Node(var_0)
        assert f'{type(node_2.value).__module__}.{type(node_2.value).__qualname__}' == 'linkedList3.Node'
        int_0 = singly_linked_list_1.getSize()
        var_1 = singly_linked_list_1.getHead()
        list_0 = singly_linked_list_1.toArray()
        var_2 = singly_linked_list_0.remove()
&gt;       var_3 = singly_linked_list_0.remove()

WHOLE_SUITE/test_linkedList3_WHOLE_SUITE.py:37: 
_ _ _ _ _ _ _ _ _ _ _ _ _ _ _ _ _ _ _ _ _ _ _ _ _ _ _ _ _ _ _ _ _ _ _ _ _ _ _ _ 

self = &lt;linkedList3.SinglyLinkedList object at 0x7f1235eaf9d0&gt;

    def remove(self):
    
        """Remove node from linkedlist."""
    
        if self.__size == 0:
            return None
        if self.__size &gt;= 1:
            nodeToRemove = self.__head
            self.__sentinel.next = None
            self.__head = self.__sentinel
            self.__size -= 2
            return nodeToRemove
        else:
            nodeToRemove = self.__head
&gt;           self.__sentinel.next = self.__head.next
E           AttributeError: 'NoneType' object has no attribute 'next'

linkedList3.py:50: AttributeError
_________________________________ test_case_3 __________________________________

    def test_case_3():
        singly_linked_list_0 = module_0.SinglyLinkedList()
        complex_0 = -1570.48195 - 1139.15j
        none_type_0 = singly_linked_list_0.add(complex_0)
        int_0 = singly_linked_list_0.getSize()
        assert int_0 == 1
        none_type_1 = singly_linked_list_0.add(singly_linked_list_0)
        list_0 = singly_linked_list_0.toArray()
        int_1 = singly_linked_list_0.getSize()
        assert int_1 == 2
        node_0 = singly_linked_list_0.getHeadNode()
        node_1 = singly_linked_list_0.getHeadNode()
        var_0 = singly_linked_list_0.getHead()
        int_2 = singly_linked_list_0.getSize()
        assert int_2 == 2
        list_1 = singly_linked_list_0.toArray()
        var_1 = singly_linked_list_0.getHead()
        var_2 = singly_linked_list_0.remove()
        assert f'{type(var_2).__module__}.{type(var_2).__qualname__}' == 'linkedList3.Node'
        assert f'{type(var_2.value).__module__}.{type(var_2.value).__qualname__}' == 'linkedList3.SinglyLinkedList'
        assert f'{type(var_2.next).__module__}.{type(var_2.next).__qualname__}' == 'linkedList3.Node'
        node_2 = module_0.Node(node_1)
        var_3 = var_1.remove()
&gt;       assert f'{type(var_3).__module__}.{type(var_3).__qualname__}' == 'linkedList3.Node'
E       AssertionError: assert 'builtins.NoneType' == 'linkedList3.Node'
E         - linkedList3.Node
E         + builtins.NoneType

WHOLE_SUITE/test_linkedList3_WHOLE_SUITE.py:62: AssertionError
=========================== short test summary info ============================
FAILED WHOLE_SUITE/test_linkedList3_WHOLE_SUITE.py::test_case_2 - AttributeEr...
FAILED WHOLE_SUITE/test_linkedList3_WHOLE_SUITE.py::test_case_3 - AssertionEr...
========================= 2 failed, 6 passed in 0.32s ==========================
</pre></div></div></div></div></div><div class="mb-1" id="job_list___sub_accordion_50"><div class="card"><a data-toggle="collapse" data-target="#job_list___sub_collapse_50_1" aria-expanded="false" aria-controls="job_list___sub_collapse_50_1" href="#" class="job_list___sub_multi_heading"><div role="alert" class="card-header alert-danger" id="job_list___sub_heading_50_1"><button class="btn btn-outline-danger"><span class="job_id">50 : Job ID cc31f6a8a69043158d7fb412412082d8</span></button></div></a><div aria-labelledby="job_list___sub_heading_50_1" data-parent="#job_list___sub_accordion_50" class="collapse job_list___sub_multi_collapse" id="job_list___sub_collapse_50_1"><div class="card-body"><div class="work-item"><div class="alert alert-danger test-outcome" role="alert"><p>SURVIVED</p><p>worker outcome: normal</p><p>test outcome: survived</p></div></div><pre class="location"><a href="pycharm://open?file=linkedList3.py&amp;line=46" class="text-secondary"><button class="btn btn-outline-dark">linkedList3.py, start pos: (46, 27), end pos: (46, 28)</button></a></pre><pre>operator: core/NumberReplacer, occurrence: 13</pre><div class="alert alert-secondary"><pre class="diff">--- mutation diff ---
--- alinkedList3.py
+++ blinkedList3.py
@@ -43,7 +43,7 @@
             nodeToRemove = self.__head
             self.__sentinel.next = None
             self.__head = self.__sentinel
-            self.__size -= 1
+            self.__size -= 0
             return nodeToRemove
         else:
             nodeToRemove = self.__head</pre></div><div class="alert alert-secondary"><pre class="diff">============================= test session starts ==============================
platform linux -- Python 3.10.10, pytest-7.2.1, pluggy-1.0.0
rootdir: /home/auri/temp/lucca/python_experiments/linkedList3
collected 8 items

WHOLE_SUITE/test_linkedList3_WHOLE_SUITE.py ........                     [100%]

============================== 8 passed in 0.17s ===============================
</pre></div></div></div></div></div><div class="mb-1" id="job_list___sub_accordion_51"><div class="card"><a data-toggle="collapse" data-target="#job_list___sub_collapse_51_1" aria-expanded="false" aria-controls="job_list___sub_collapse_51_1" href="#" class="job_list___sub_multi_heading"><div role="alert" class="card-header alert-danger" id="job_list___sub_heading_51_1"><button class="btn btn-outline-danger"><span class="job_id">51 : Job ID 7c3268ecfe4c487e9616beacb5e8543a</span></button></div></a><div aria-labelledby="job_list___sub_heading_51_1" data-parent="#job_list___sub_accordion_51" class="collapse job_list___sub_multi_collapse" id="job_list___sub_collapse_51_1"><div class="card-body"><div class="work-item"><div class="alert alert-danger test-outcome" role="alert"><p>SURVIVED</p><p>worker outcome: normal</p><p>test outcome: survived</p></div></div><pre class="location"><a href="pycharm://open?file=linkedList3.py&amp;line=52" class="text-secondary"><button class="btn btn-outline-dark">linkedList3.py, start pos: (52, 27), end pos: (52, 28)</button></a></pre><pre>operator: core/NumberReplacer, occurrence: 14</pre><div class="alert alert-secondary"><pre class="diff">--- mutation diff ---
--- alinkedList3.py
+++ blinkedList3.py
@@ -49,7 +49,7 @@
             nodeToRemove = self.__head
             self.__sentinel.next = self.__head.next
             self.__head = self.__sentinel.next
-            self.__size -= 1
+            self.__size -= 2
             return nodeToRemove
 
     def getHead(self) -&gt; T:</pre></div><div class="alert alert-secondary"><pre class="diff">============================= test session starts ==============================
platform linux -- Python 3.10.10, pytest-7.2.1, pluggy-1.0.0
rootdir: /home/auri/temp/lucca/python_experiments/linkedList3
collected 8 items

WHOLE_SUITE/test_linkedList3_WHOLE_SUITE.py ........                     [100%]

============================== 8 passed in 0.21s ===============================
</pre></div></div></div></div></div><div class="mb-1" id="job_list___sub_accordion_52"><div class="card"><a data-toggle="collapse" data-target="#job_list___sub_collapse_52_1" aria-expanded="false" aria-controls="job_list___sub_collapse_52_1" href="#" class="job_list___sub_multi_heading"><div role="alert" class="card-header alert-danger" id="job_list___sub_heading_52_1"><button class="btn btn-outline-danger"><span class="job_id">52 : Job ID e4bc44b5ee59489090366a560d39f45c</span></button></div></a><div aria-labelledby="job_list___sub_heading_52_1" data-parent="#job_list___sub_accordion_52" class="collapse job_list___sub_multi_collapse" id="job_list___sub_collapse_52_1"><div class="card-body"><div class="work-item"><div class="alert alert-danger test-outcome" role="alert"><p>SURVIVED</p><p>worker outcome: normal</p><p>test outcome: survived</p></div></div><pre class="location"><a href="pycharm://open?file=linkedList3.py&amp;line=52" class="text-secondary"><button class="btn btn-outline-dark">linkedList3.py, start pos: (52, 27), end pos: (52, 28)</button></a></pre><pre>operator: core/NumberReplacer, occurrence: 15</pre><div class="alert alert-secondary"><pre class="diff">--- mutation diff ---
--- alinkedList3.py
+++ blinkedList3.py
@@ -49,7 +49,7 @@
             nodeToRemove = self.__head
             self.__sentinel.next = self.__head.next
             self.__head = self.__sentinel.next
-            self.__size -= 1
+            self.__size -= 0
             return nodeToRemove
 
     def getHead(self) -&gt; T:</pre></div><div class="alert alert-secondary"><pre class="diff">============================= test session starts ==============================
platform linux -- Python 3.10.10, pytest-7.2.1, pluggy-1.0.0
rootdir: /home/auri/temp/lucca/python_experiments/linkedList3
collected 8 items

WHOLE_SUITE/test_linkedList3_WHOLE_SUITE.py ........                     [100%]

============================== 8 passed in 0.08s ===============================
</pre></div></div></div></div></div><div class="mb-1" id="job_list___sub_accordion_53"><div class="card"><a data-toggle="collapse" data-target="#job_list___sub_collapse_53_1" aria-expanded="false" aria-controls="job_list___sub_collapse_53_1" href="#" class="job_list___sub_multi_heading"><div role="alert" class="card-header alert-success" id="job_list___sub_heading_53_1"><button class="btn btn-outline-success"><span class="job_id">53 : Job ID 48ac86ec20c14dfeab17f6692b5a4723</span></button></div></a><div aria-labelledby="job_list___sub_heading_53_1" data-parent="#job_list___sub_accordion_53" class="collapse job_list___sub_multi_collapse" id="job_list___sub_collapse_53_1"><div class="card-body"><div class="work-item"><div class="alert alert-success test-outcome" role="alert"><p>worker outcome: normal</p><p>test outcome: killed</p></div></div><pre class="location"><a href="pycharm://open?file=linkedList3.py&amp;line=77" class="text-secondary"><button class="btn btn-outline-dark">linkedList3.py, start pos: (77, 38), end pos: (77, 39)</button></a></pre><pre>operator: core/NumberReplacer, occurrence: 16</pre><div class="alert alert-secondary"><pre class="diff">--- mutation diff ---
--- alinkedList3.py
+++ blinkedList3.py
@@ -74,7 +74,7 @@
 
         """Checks if linkedlist is empty."""
 
-        return True if self.__size == 0 else False
+        return True if self.__size == 1 else False
 
     def toArray(self) -&gt; list:
 </pre></div><div class="alert alert-secondary"><pre class="diff">============================= test session starts ==============================
platform linux -- Python 3.10.10, pytest-7.2.1, pluggy-1.0.0
rootdir: /home/auri/temp/lucca/python_experiments/linkedList3
collected 8 items

WHOLE_SUITE/test_linkedList3_WHOLE_SUITE.py ....F..F                     [100%]

=================================== FAILURES ===================================
_________________________________ test_case_4 __________________________________

    def test_case_4():
        singly_linked_list_0 = module_0.SinglyLinkedList()
        bool_0 = singly_linked_list_0.isEmpty()
&gt;       assert bool_0 is True
E       assert False is True

WHOLE_SUITE/test_linkedList3_WHOLE_SUITE.py:75: AssertionError
_________________________________ test_case_7 __________________________________

    def test_case_7():
        singly_linked_list_0 = module_0.SinglyLinkedList()
        list_0 = singly_linked_list_0.toArray()
        none_type_0 = singly_linked_list_0.add(singly_linked_list_0)
        none_type_1 = singly_linked_list_0.add(singly_linked_list_0)
        node_0 = singly_linked_list_0.getHeadNode()
        int_0 = singly_linked_list_0.getSize()
        assert int_0 == 2
        singly_linked_list_1 = module_0.SinglyLinkedList()
        str_0 = singly_linked_list_1.__str__()
        assert str_0 == '[None]'
        list_1 = singly_linked_list_0.toArray()
        list_2 = singly_linked_list_1.toArray()
        int_1 = singly_linked_list_1.getSize()
        int_2 = singly_linked_list_1.getSize()
        var_0 = singly_linked_list_1.remove()
        node_1 = singly_linked_list_1.getHeadNode()
        assert f'{type(node_1).__module__}.{type(node_1).__qualname__}' == 'linkedList3.Node'
        assert node_1.value is None
        assert node_1.next is None
        str_1 = var_0.__str__()
        assert str_1 == 'None'
        singly_linked_list_2 = module_0.SinglyLinkedList()
        str_2 = singly_linked_list_1.__str__()
        assert str_2 == '[None]'
        none_type_2 = singly_linked_list_2.add(int_2)
        node_2 = singly_linked_list_1.getHeadNode()
        assert f'{type(node_2).__module__}.{type(node_2).__qualname__}' == 'linkedList3.Node'
        assert node_2.value is None
        assert node_2.next is None
        str_3 = singly_linked_list_2.__str__()
        assert str_3 == '[0]'
        int_3 = singly_linked_list_0.getSize()
        assert int_3 == 2
        int_4 = singly_linked_list_2.getSize()
        assert int_4 == 1
        int_5 = singly_linked_list_1.getSize()
        assert int_5 == 0
        bool_0 = singly_linked_list_2.isEmpty()
&gt;       assert bool_0 is False
E       assert True is False

WHOLE_SUITE/test_linkedList3_WHOLE_SUITE.py:143: AssertionError
=========================== short test summary info ============================
FAILED WHOLE_SUITE/test_linkedList3_WHOLE_SUITE.py::test_case_4 - assert Fals...
FAILED WHOLE_SUITE/test_linkedList3_WHOLE_SUITE.py::test_case_7 - assert True...
========================= 2 failed, 6 passed in 0.22s ==========================
</pre></div></div></div></div></div><div class="mb-1" id="job_list___sub_accordion_54"><div class="card"><a data-toggle="collapse" data-target="#job_list___sub_collapse_54_1" aria-expanded="false" aria-controls="job_list___sub_collapse_54_1" href="#" class="job_list___sub_multi_heading"><div role="alert" class="card-header alert-success" id="job_list___sub_heading_54_1"><button class="btn btn-outline-success"><span class="job_id">54 : Job ID 54bc6dd7aea446e1bf5a0bae4d8461e0</span></button></div></a><div aria-labelledby="job_list___sub_heading_54_1" data-parent="#job_list___sub_accordion_54" class="collapse job_list___sub_multi_collapse" id="job_list___sub_collapse_54_1"><div class="card-body"><div class="work-item"><div class="alert alert-success test-outcome" role="alert"><p>worker outcome: normal</p><p>test outcome: killed</p></div></div><pre class="location"><a href="pycharm://open?file=linkedList3.py&amp;line=77" class="text-secondary"><button class="btn btn-outline-dark">linkedList3.py, start pos: (77, 38), end pos: (77, 39)</button></a></pre><pre>operator: core/NumberReplacer, occurrence: 17</pre><div class="alert alert-secondary"><pre class="diff">--- mutation diff ---
--- alinkedList3.py
+++ blinkedList3.py
@@ -74,7 +74,7 @@
 
         """Checks if linkedlist is empty."""
 
-        return True if self.__size == 0 else False
+        return True if self.__size == -1 else False
 
     def toArray(self) -&gt; list:
 </pre></div><div class="alert alert-secondary"><pre class="diff">============================= test session starts ==============================
platform linux -- Python 3.10.10, pytest-7.2.1, pluggy-1.0.0
rootdir: /home/auri/temp/lucca/python_experiments/linkedList3
collected 8 items

WHOLE_SUITE/test_linkedList3_WHOLE_SUITE.py ....F...                     [100%]

=================================== FAILURES ===================================
_________________________________ test_case_4 __________________________________

    def test_case_4():
        singly_linked_list_0 = module_0.SinglyLinkedList()
        bool_0 = singly_linked_list_0.isEmpty()
&gt;       assert bool_0 is True
E       assert False is True

WHOLE_SUITE/test_linkedList3_WHOLE_SUITE.py:75: AssertionError
=========================== short test summary info ============================
FAILED WHOLE_SUITE/test_linkedList3_WHOLE_SUITE.py::test_case_4 - assert Fals...
========================= 1 failed, 7 passed in 0.14s ==========================
</pre></div></div></div></div></div></div></div></div></div></div><script src="https://code.jquery.com/jquery-3.3.1.slim.min.js" integrity="sha384-q8i/X+965DzO0rT7abK41JStQIAqVgRVzpbzo5smXKp4YfRvH+8abtTE1Pi6jizo" crossorigin="anonymous"></script><script src="https://cdnjs.cloudflare.com/ajax/libs/popper.js/1.14.7/umd/popper.min.js" integrity="sha384-UO2eT0CpHqdSJQ6hJty5KVphtPhzWj9WO1clHTMGa3JDZwrnQq4sF86dIHNDz0W1" crossorigin="anonymous"></script><script src="https://stackpath.bootstrapcdn.com/bootstrap/4.3.1/js/bootstrap.min.js" integrity="sha384-JjSmVgyd0p3pXB1rRibZUAYoIIy6OrQ6VrjIEaFf/nJGzIxFDsf4x0xIM+B07jRM" crossorigin="anonymous"></script><script type="text/javascript">$('div.job_list___sub_multi_collapse').on('shown.bs.collapse',  function () {    correct_behavior_functional_buttons();  });$('div.job_list___sub_multi_collapse').on('hidden.bs.collapse',  function () {    correct_behavior_functional_buttons();  });function correct_behavior_functional_buttons() {    var expand = false;    var collapse = false;    $('a.job_list___sub_multi_heading').each(function(index) {      if ($(this).attr('aria-expanded') == 'false') {        expand = true;        return false;      };    });    $('a.job_list___sub_multi_heading').each(function(index) {      if ($(this).attr('aria-expanded') == 'true') {        collapse = true;        return false;      };    });    if (expand) {      $('div#job_item_expand_all').css('display', 'inline-block');    } else {      $('div#job_item_expand_all').css('display', 'none');    };    if (collapse) {      $('div#job_item_collapse_all').css('display', 'inline-block');    } else {      $('div#job_item_collapse_all').css('display', 'none');    };  };correct_behavior_functional_buttons();</script></body></html>
