<!DOCTYPE html><html lang="en"><head><meta charset="utf-8" /><meta name="viewport" content="width=device-width, initial-scale=1, shrink-to-fit=no" /><link rel="stylesheet" href="https://stackpath.bootstrapcdn.com/bootstrap/4.3.1/css/bootstrap.min.css" integrity="sha384-ggOyR0iXCbMQv3Xipma34MD+dH/1fQ784/j6cY/iJTQUOhcWr7x9JvoRxT2MZw1T" crossorigin="anonymous" /><title>Cosmic Ray Report</title></head><body><div class="container"><h1><p class="text-dark">Cosmic Ray Report</p></h1></div><div class="container"><div class="mb-1" id="summary_info___accordion"><div class="card"><a data-toggle="collapse" data-target="#summary_info___collapse_1" aria-expanded="true" aria-controls="summary_info___collapse_1" href="#"><div class="card-header" id="summary_info___heading_1"><button class="btn btn-outline-dark"><h4 class="m-0">Summary info</h4></button></div></a><div aria-labelledby="summary_info___heading_1" data-parent="#summary_info___accordion" class="collapse show" id="summary_info___collapse_1"><div class="card-body"><p>Date time: 05/03/2023 00:29:36</p><p>Total jobs: 70</p><p>Complete: 70 (100.00%)</p><p>Surviving mutants: 26 (37.14%)</p></div></div></div></div><div class="mb-1" id="job_list___accordion"><div class="card"><a data-toggle="collapse" data-target="#job_list___collapse_1" aria-expanded="false" aria-controls="job_list___collapse_1" href="#"><div class="card-header" id="job_list___heading_1"><button class="btn btn-outline-dark"><h4 class="m-0">Job list</h4></button></div></a><div aria-labelledby="job_list___heading_1" data-parent="#job_list___accordion" class="collapse" id="job_list___collapse_1"><div class="card-body"><div class="text-right mb-1"><div class="mx-1" id="job_item_expand_all"><a href="#" onclick="$('div.job_list___sub_multi_collapse').collapse('show');"><button class="btn btn-outline-dark"><span>Expand All</span></button></a></div><div class="mx-1" id="job_item_collapse_all"><a href="#" onclick="$('div.job_list___sub_multi_collapse').collapse('hide');"><button class="btn btn-outline-dark"><span>Collapse All</span></button></a></div></div><div class="mb-1" id="job_list___sub_accordion_1"><div class="card"><a data-toggle="collapse" data-target="#job_list___sub_collapse_1_1" aria-expanded="false" aria-controls="job_list___sub_collapse_1_1" href="#" class="job_list___sub_multi_heading"><div role="alert" class="card-header alert-success" id="job_list___sub_heading_1_1"><button class="btn btn-outline-success"><span class="job_id">1 : Job ID 43a9979886b34ff59fb32d96eb85174d</span></button></div></a><div aria-labelledby="job_list___sub_heading_1_1" data-parent="#job_list___sub_accordion_1" class="collapse job_list___sub_multi_collapse" id="job_list___sub_collapse_1_1"><div class="card-body"><div class="work-item"><div class="alert alert-success test-outcome" role="alert"><p>worker outcome: normal</p><p>test outcome: killed</p></div></div><pre class="location"><a href="pycharm://open?file=stack3.py&amp;line=24" class="text-secondary"><button class="btn btn-outline-dark">stack3.py, start pos: (24, 23), end pos: (24, 25)</button></a></pre><pre>operator: core/ReplaceComparisonOperator_Eq_NotEq, occurrence: 0</pre><div class="alert alert-secondary"><pre class="diff">--- mutation diff ---
--- astack3.py
+++ bstack3.py
@@ -21,7 +21,7 @@
         """Add element to linked list."""
 
         newNode = Node(value)
-        if self.__size == 0:
+        if self.__size != 0:
             self.__head.next = newNode
             self.__head = newNode
             self.__size += 1</pre></div><div class="alert alert-secondary"><pre class="diff">timeout</pre></div></div></div></div></div><div class="mb-1" id="job_list___sub_accordion_2"><div class="card"><a data-toggle="collapse" data-target="#job_list___sub_collapse_2_1" aria-expanded="false" aria-controls="job_list___sub_collapse_2_1" href="#" class="job_list___sub_multi_heading"><div role="alert" class="card-header alert-success" id="job_list___sub_heading_2_1"><button class="btn btn-outline-success"><span class="job_id">2 : Job ID 4021fa2658744a218636e5afe2614fa9</span></button></div></a><div aria-labelledby="job_list___sub_heading_2_1" data-parent="#job_list___sub_accordion_2" class="collapse job_list___sub_multi_collapse" id="job_list___sub_collapse_2_1"><div class="card-body"><div class="work-item"><div class="alert alert-success test-outcome" role="alert"><p>worker outcome: normal</p><p>test outcome: killed</p></div></div><pre class="location"><a href="pycharm://open?file=stack3.py&amp;line=38" class="text-secondary"><button class="btn btn-outline-dark">stack3.py, start pos: (38, 23), end pos: (38, 25)</button></a></pre><pre>operator: core/ReplaceComparisonOperator_Eq_NotEq, occurrence: 1</pre><div class="alert alert-secondary"><pre class="diff">--- mutation diff ---
--- astack3.py
+++ bstack3.py
@@ -35,7 +35,7 @@
 
         """Remove node from linkedlist."""
 
-        if self.__size == 0:
+        if self.__size != 0:
             return None
         if self.__size &gt;= 1:
             nodeToRemove = self.__head</pre></div><div class="alert alert-secondary"><pre class="diff">============================= test session starts ==============================
platform linux -- Python 3.10.10, pytest-7.2.1, pluggy-1.0.0
rootdir: /home/auri/temp/lucca/python_experiments/stack3
collected 9 items

WHOLE_SUITE/test_stack3_WHOLE_SUITE.py .F..FF..F                         [100%]

=================================== FAILURES ===================================
_________________________________ test_case_1 __________________________________

    def test_case_1():
        singly_linked_list_0 = module_0.SinglyLinkedList()
        none_type_0 = singly_linked_list_0.add(singly_linked_list_0)
        str_0 = singly_linked_list_0.__str__()
        none_type_1 = singly_linked_list_0.add(singly_linked_list_0)
        str_1 = singly_linked_list_0.__str__()
        var_0 = singly_linked_list_0.remove()
&gt;       assert f'{type(var_0).__module__}.{type(var_0).__qualname__}' == 'stack3.Node'
E       AssertionError: assert 'builtins.NoneType' == 'stack3.Node'
E         - stack3.Node
E         + builtins.NoneType

WHOLE_SUITE/test_stack3_WHOLE_SUITE.py:20: AssertionError
_________________________________ test_case_4 __________________________________

    def test_case_4():
        bytes_0 = b'W)\x0e\xb6\x96'
        stack_0 = module_0.Stack()
        none_type_0 = stack_0.push(bytes_0)
        var_0 = stack_0.pop()
&gt;       assert f'{type(var_0).__module__}.{type(var_0).__qualname__}' == 'stack3.Node'
E       AssertionError: assert 'builtins.NoneType' == 'stack3.Node'
E         - stack3.Node
E         + builtins.NoneType

WHOLE_SUITE/test_stack3_WHOLE_SUITE.py:63: AssertionError
_________________________________ test_case_5 __________________________________

    def test_case_5():
        singly_linked_list_0 = module_0.SinglyLinkedList()
        var_0 = singly_linked_list_0.remove()
        int_0 = singly_linked_list_0.getSize()
&gt;       assert int_0 == 0
E       assert -1 == 0

WHOLE_SUITE/test_stack3_WHOLE_SUITE.py:71: AssertionError
_________________________________ test_case_8 __________________________________

    def test_case_8():
        singly_linked_list_0 = module_0.SinglyLinkedList()
        var_0 = singly_linked_list_0.remove()
        node_0 = module_0.Node(var_0)
&gt;       assert node_0.value is None
E       assert &lt;stack3.Node object at 0x7fdd0541ac80&gt; is None
E        +  where &lt;stack3.Node object at 0x7fdd0541ac80&gt; = &lt;stack3.Node object at 0x7fdd0541ac20&gt;.value

WHOLE_SUITE/test_stack3_WHOLE_SUITE.py:92: AssertionError
=========================== short test summary info ============================
FAILED WHOLE_SUITE/test_stack3_WHOLE_SUITE.py::test_case_1 - AssertionError: ...
FAILED WHOLE_SUITE/test_stack3_WHOLE_SUITE.py::test_case_4 - AssertionError: ...
FAILED WHOLE_SUITE/test_stack3_WHOLE_SUITE.py::test_case_5 - assert -1 == 0
FAILED WHOLE_SUITE/test_stack3_WHOLE_SUITE.py::test_case_8 - assert &lt;stack3.N...
========================= 4 failed, 5 passed in 0.33s ==========================
</pre></div></div></div></div></div><div class="mb-1" id="job_list___sub_accordion_3"><div class="card"><a data-toggle="collapse" data-target="#job_list___sub_collapse_3_1" aria-expanded="false" aria-controls="job_list___sub_collapse_3_1" href="#" class="job_list___sub_multi_heading"><div role="alert" class="card-header alert-success" id="job_list___sub_heading_3_1"><button class="btn btn-outline-success"><span class="job_id">3 : Job ID 7f82c65abfae4867b75eb7dd917b3cae</span></button></div></a><div aria-labelledby="job_list___sub_heading_3_1" data-parent="#job_list___sub_accordion_3" class="collapse job_list___sub_multi_collapse" id="job_list___sub_collapse_3_1"><div class="card-body"><div class="work-item"><div class="alert alert-success test-outcome" role="alert"><p>worker outcome: normal</p><p>test outcome: killed</p></div></div><pre class="location"><a href="pycharm://open?file=stack3.py&amp;line=75" class="text-secondary"><button class="btn btn-outline-dark">stack3.py, start pos: (75, 35), end pos: (75, 37)</button></a></pre><pre>operator: core/ReplaceComparisonOperator_Eq_NotEq, occurrence: 2</pre><div class="alert alert-secondary"><pre class="diff">--- mutation diff ---
--- astack3.py
+++ bstack3.py
@@ -72,7 +72,7 @@
 
         """Checks if linkedlist is empty."""
 
-        return True if self.__size == 0 else False
+        return True if self.__size != 0 else False
 
     def toArray(self) -&gt; list:
 </pre></div><div class="alert alert-secondary"><pre class="diff">============================= test session starts ==============================
platform linux -- Python 3.10.10, pytest-7.2.1, pluggy-1.0.0
rootdir: /home/auri/temp/lucca/python_experiments/stack3
collected 9 items

WHOLE_SUITE/test_stack3_WHOLE_SUITE.py .F.....F.                         [100%]

=================================== FAILURES ===================================
_________________________________ test_case_1 __________________________________

    def test_case_1():
        singly_linked_list_0 = module_0.SinglyLinkedList()
        none_type_0 = singly_linked_list_0.add(singly_linked_list_0)
        str_0 = singly_linked_list_0.__str__()
        none_type_1 = singly_linked_list_0.add(singly_linked_list_0)
        str_1 = singly_linked_list_0.__str__()
        var_0 = singly_linked_list_0.remove()
        assert f'{type(var_0).__module__}.{type(var_0).__qualname__}' == 'stack3.Node'
        assert f'{type(var_0.value).__module__}.{type(var_0.value).__qualname__}' == 'stack3.SinglyLinkedList'
        assert f'{type(var_0.next).__module__}.{type(var_0.next).__qualname__}' == 'stack3.Node'
        singly_linked_list_1 = module_0.SinglyLinkedList()
        int_0 = singly_linked_list_0.getSize()
        assert int_0 == 1
        bool_0 = singly_linked_list_0.isEmpty()
&gt;       assert bool_0 is False
E       assert True is False

WHOLE_SUITE/test_stack3_WHOLE_SUITE.py:27: AssertionError
_________________________________ test_case_7 __________________________________

    def test_case_7():
        singly_linked_list_0 = module_0.SinglyLinkedList()
        bool_0 = singly_linked_list_0.isEmpty()
&gt;       assert bool_0 is True
E       assert False is True

WHOLE_SUITE/test_stack3_WHOLE_SUITE.py:83: AssertionError
=========================== short test summary info ============================
FAILED WHOLE_SUITE/test_stack3_WHOLE_SUITE.py::test_case_1 - assert True is F...
FAILED WHOLE_SUITE/test_stack3_WHOLE_SUITE.py::test_case_7 - assert False is ...
========================= 2 failed, 7 passed in 0.31s ==========================
</pre></div></div></div></div></div><div class="mb-1" id="job_list___sub_accordion_4"><div class="card"><a data-toggle="collapse" data-target="#job_list___sub_collapse_4_1" aria-expanded="false" aria-controls="job_list___sub_collapse_4_1" href="#" class="job_list___sub_multi_heading"><div role="alert" class="card-header alert-success" id="job_list___sub_heading_4_1"><button class="btn btn-outline-success"><span class="job_id">4 : Job ID b89b6a0f86564f70912c4e836600db1d</span></button></div></a><div aria-labelledby="job_list___sub_heading_4_1" data-parent="#job_list___sub_accordion_4" class="collapse job_list___sub_multi_collapse" id="job_list___sub_collapse_4_1"><div class="card-body"><div class="work-item"><div class="alert alert-success test-outcome" role="alert"><p>worker outcome: normal</p><p>test outcome: killed</p></div></div><pre class="location"><a href="pycharm://open?file=stack3.py&amp;line=125" class="text-secondary"><button class="btn btn-outline-dark">stack3.py, start pos: (125, 46), end pos: (125, 48)</button></a></pre><pre>operator: core/ReplaceComparisonOperator_Eq_NotEq, occurrence: 3</pre><div class="alert alert-secondary"><pre class="diff">--- mutation diff ---
--- astack3.py
+++ bstack3.py
@@ -122,7 +122,7 @@
 
         """Check if stack is empty."""
 
-        return True if self.__stack.getSize() == 0 else False
+        return True if self.__stack.getSize() != 0 else False
 
     def getSize(self) -&gt; int:
 </pre></div><div class="alert alert-secondary"><pre class="diff">============================= test session starts ==============================
platform linux -- Python 3.10.10, pytest-7.2.1, pluggy-1.0.0
rootdir: /home/auri/temp/lucca/python_experiments/stack3
collected 9 items

WHOLE_SUITE/test_stack3_WHOLE_SUITE.py ..FF.....                         [100%]

=================================== FAILURES ===================================
_________________________________ test_case_2 __________________________________

    def test_case_2():
        stack_0 = module_0.Stack()
        bool_0 = stack_0.isEmpty()
&gt;       assert bool_0 is True
E       assert False is True

WHOLE_SUITE/test_stack3_WHOLE_SUITE.py:33: AssertionError
_________________________________ test_case_3 __________________________________

    def test_case_3():
        bool_0 = False
        stack_0 = module_0.Stack()
        none_type_0 = stack_0.push(bool_0)
        str_0 = stack_0.__str__()
        assert str_0 == '[False]'
        none_type_1 = stack_0.push(stack_0)
        int_0 = stack_0.getSize()
        assert int_0 == 2
        bool_1 = stack_0.isEmpty()
&gt;       assert bool_1 is False
E       assert True is False

WHOLE_SUITE/test_stack3_WHOLE_SUITE.py:47: AssertionError
=========================== short test summary info ============================
FAILED WHOLE_SUITE/test_stack3_WHOLE_SUITE.py::test_case_2 - assert False is ...
FAILED WHOLE_SUITE/test_stack3_WHOLE_SUITE.py::test_case_3 - assert True is F...
========================= 2 failed, 7 passed in 0.28s ==========================
</pre></div></div></div></div></div><div class="mb-1" id="job_list___sub_accordion_5"><div class="card"><a data-toggle="collapse" data-target="#job_list___sub_collapse_5_1" aria-expanded="false" aria-controls="job_list___sub_collapse_5_1" href="#" class="job_list___sub_multi_heading"><div role="alert" class="card-header alert-danger" id="job_list___sub_heading_5_1"><button class="btn btn-outline-danger"><span class="job_id">5 : Job ID 16db2af30d9b4020928036c4eae2eb79</span></button></div></a><div aria-labelledby="job_list___sub_heading_5_1" data-parent="#job_list___sub_accordion_5" class="collapse job_list___sub_multi_collapse" id="job_list___sub_collapse_5_1"><div class="card-body"><div class="work-item"><div class="alert alert-danger test-outcome" role="alert"><p>SURVIVED</p><p>worker outcome: normal</p><p>test outcome: survived</p></div></div><pre class="location"><a href="pycharm://open?file=stack3.py&amp;line=140" class="text-secondary"><button class="btn btn-outline-dark">stack3.py, start pos: (140, 12), end pos: (140, 14)</button></a></pre><pre>operator: core/ReplaceComparisonOperator_Eq_NotEq, occurrence: 4</pre><div class="alert alert-secondary"><pre class="diff">--- mutation diff ---
--- astack3.py
+++ bstack3.py
@@ -137,6 +137,6 @@
         return str(self.__stack.toArray()[::-1])
 
 
-if __name__ == "__main__":
+if __name__ != "__main__":
     pass
 </pre></div><div class="alert alert-secondary"><pre class="diff">============================= test session starts ==============================
platform linux -- Python 3.10.10, pytest-7.2.1, pluggy-1.0.0
rootdir: /home/auri/temp/lucca/python_experiments/stack3
collected 9 items

WHOLE_SUITE/test_stack3_WHOLE_SUITE.py .........                         [100%]

============================== 9 passed in 0.06s ===============================
</pre></div></div></div></div></div><div class="mb-1" id="job_list___sub_accordion_6"><div class="card"><a data-toggle="collapse" data-target="#job_list___sub_collapse_6_1" aria-expanded="false" aria-controls="job_list___sub_collapse_6_1" href="#" class="job_list___sub_multi_heading"><div role="alert" class="card-header alert-success" id="job_list___sub_heading_6_1"><button class="btn btn-outline-success"><span class="job_id">6 : Job ID ee4159168cfa49e3a0dc8e476c5dde76</span></button></div></a><div aria-labelledby="job_list___sub_heading_6_1" data-parent="#job_list___sub_accordion_6" class="collapse job_list___sub_multi_collapse" id="job_list___sub_collapse_6_1"><div class="card-body"><div class="work-item"><div class="alert alert-success test-outcome" role="alert"><p>worker outcome: normal</p><p>test outcome: killed</p></div></div><pre class="location"><a href="pycharm://open?file=stack3.py&amp;line=24" class="text-secondary"><button class="btn btn-outline-dark">stack3.py, start pos: (24, 23), end pos: (24, 25)</button></a></pre><pre>operator: core/ReplaceComparisonOperator_Eq_Lt, occurrence: 0</pre><div class="alert alert-secondary"><pre class="diff">--- mutation diff ---
--- astack3.py
+++ bstack3.py
@@ -21,7 +21,7 @@
         """Add element to linked list."""
 
         newNode = Node(value)
-        if self.__size == 0:
+        if self.__size &lt; 0:
             self.__head.next = newNode
             self.__head = newNode
             self.__size += 1</pre></div><div class="alert alert-secondary"><pre class="diff">timeout</pre></div></div></div></div></div><div class="mb-1" id="job_list___sub_accordion_7"><div class="card"><a data-toggle="collapse" data-target="#job_list___sub_collapse_7_1" aria-expanded="false" aria-controls="job_list___sub_collapse_7_1" href="#" class="job_list___sub_multi_heading"><div role="alert" class="card-header alert-success" id="job_list___sub_heading_7_1"><button class="btn btn-outline-success"><span class="job_id">7 : Job ID 9efcb2c18e074f63a806a769be4d6d55</span></button></div></a><div aria-labelledby="job_list___sub_heading_7_1" data-parent="#job_list___sub_accordion_7" class="collapse job_list___sub_multi_collapse" id="job_list___sub_collapse_7_1"><div class="card-body"><div class="work-item"><div class="alert alert-success test-outcome" role="alert"><p>worker outcome: normal</p><p>test outcome: killed</p></div></div><pre class="location"><a href="pycharm://open?file=stack3.py&amp;line=38" class="text-secondary"><button class="btn btn-outline-dark">stack3.py, start pos: (38, 23), end pos: (38, 25)</button></a></pre><pre>operator: core/ReplaceComparisonOperator_Eq_Lt, occurrence: 1</pre><div class="alert alert-secondary"><pre class="diff">--- mutation diff ---
--- astack3.py
+++ bstack3.py
@@ -35,7 +35,7 @@
 
         """Remove node from linkedlist."""
 
-        if self.__size == 0:
+        if self.__size &lt; 0:
             return None
         if self.__size &gt;= 1:
             nodeToRemove = self.__head</pre></div><div class="alert alert-secondary"><pre class="diff">============================= test session starts ==============================
platform linux -- Python 3.10.10, pytest-7.2.1, pluggy-1.0.0
rootdir: /home/auri/temp/lucca/python_experiments/stack3
collected 9 items

WHOLE_SUITE/test_stack3_WHOLE_SUITE.py .....F..F                         [100%]

=================================== FAILURES ===================================
_________________________________ test_case_5 __________________________________

    def test_case_5():
        singly_linked_list_0 = module_0.SinglyLinkedList()
        var_0 = singly_linked_list_0.remove()
        int_0 = singly_linked_list_0.getSize()
&gt;       assert int_0 == 0
E       assert -1 == 0

WHOLE_SUITE/test_stack3_WHOLE_SUITE.py:71: AssertionError
_________________________________ test_case_8 __________________________________

    def test_case_8():
        singly_linked_list_0 = module_0.SinglyLinkedList()
        var_0 = singly_linked_list_0.remove()
        node_0 = module_0.Node(var_0)
&gt;       assert node_0.value is None
E       assert &lt;stack3.Node object at 0x7f5c4236d960&gt; is None
E        +  where &lt;stack3.Node object at 0x7f5c4236d960&gt; = &lt;stack3.Node object at 0x7f5c4236e440&gt;.value

WHOLE_SUITE/test_stack3_WHOLE_SUITE.py:92: AssertionError
=========================== short test summary info ============================
FAILED WHOLE_SUITE/test_stack3_WHOLE_SUITE.py::test_case_5 - assert -1 == 0
FAILED WHOLE_SUITE/test_stack3_WHOLE_SUITE.py::test_case_8 - assert &lt;stack3.N...
========================= 2 failed, 7 passed in 0.26s ==========================
</pre></div></div></div></div></div><div class="mb-1" id="job_list___sub_accordion_8"><div class="card"><a data-toggle="collapse" data-target="#job_list___sub_collapse_8_1" aria-expanded="false" aria-controls="job_list___sub_collapse_8_1" href="#" class="job_list___sub_multi_heading"><div role="alert" class="card-header alert-success" id="job_list___sub_heading_8_1"><button class="btn btn-outline-success"><span class="job_id">8 : Job ID 7e38bf1e91f841679ce2e84aa6b6c256</span></button></div></a><div aria-labelledby="job_list___sub_heading_8_1" data-parent="#job_list___sub_accordion_8" class="collapse job_list___sub_multi_collapse" id="job_list___sub_collapse_8_1"><div class="card-body"><div class="work-item"><div class="alert alert-success test-outcome" role="alert"><p>worker outcome: normal</p><p>test outcome: killed</p></div></div><pre class="location"><a href="pycharm://open?file=stack3.py&amp;line=75" class="text-secondary"><button class="btn btn-outline-dark">stack3.py, start pos: (75, 35), end pos: (75, 37)</button></a></pre><pre>operator: core/ReplaceComparisonOperator_Eq_Lt, occurrence: 2</pre><div class="alert alert-secondary"><pre class="diff">--- mutation diff ---
--- astack3.py
+++ bstack3.py
@@ -72,7 +72,7 @@
 
         """Checks if linkedlist is empty."""
 
-        return True if self.__size == 0 else False
+        return True if self.__size &lt; 0 else False
 
     def toArray(self) -&gt; list:
 </pre></div><div class="alert alert-secondary"><pre class="diff">============================= test session starts ==============================
platform linux -- Python 3.10.10, pytest-7.2.1, pluggy-1.0.0
rootdir: /home/auri/temp/lucca/python_experiments/stack3
collected 9 items

WHOLE_SUITE/test_stack3_WHOLE_SUITE.py .......F.                         [100%]

=================================== FAILURES ===================================
_________________________________ test_case_7 __________________________________

    def test_case_7():
        singly_linked_list_0 = module_0.SinglyLinkedList()
        bool_0 = singly_linked_list_0.isEmpty()
&gt;       assert bool_0 is True
E       assert False is True

WHOLE_SUITE/test_stack3_WHOLE_SUITE.py:83: AssertionError
=========================== short test summary info ============================
FAILED WHOLE_SUITE/test_stack3_WHOLE_SUITE.py::test_case_7 - assert False is ...
========================= 1 failed, 8 passed in 0.10s ==========================
</pre></div></div></div></div></div><div class="mb-1" id="job_list___sub_accordion_9"><div class="card"><a data-toggle="collapse" data-target="#job_list___sub_collapse_9_1" aria-expanded="false" aria-controls="job_list___sub_collapse_9_1" href="#" class="job_list___sub_multi_heading"><div role="alert" class="card-header alert-success" id="job_list___sub_heading_9_1"><button class="btn btn-outline-success"><span class="job_id">9 : Job ID 9b994cf8b6e049289753fa9f8019d0ed</span></button></div></a><div aria-labelledby="job_list___sub_heading_9_1" data-parent="#job_list___sub_accordion_9" class="collapse job_list___sub_multi_collapse" id="job_list___sub_collapse_9_1"><div class="card-body"><div class="work-item"><div class="alert alert-success test-outcome" role="alert"><p>worker outcome: normal</p><p>test outcome: killed</p></div></div><pre class="location"><a href="pycharm://open?file=stack3.py&amp;line=125" class="text-secondary"><button class="btn btn-outline-dark">stack3.py, start pos: (125, 46), end pos: (125, 48)</button></a></pre><pre>operator: core/ReplaceComparisonOperator_Eq_Lt, occurrence: 3</pre><div class="alert alert-secondary"><pre class="diff">--- mutation diff ---
--- astack3.py
+++ bstack3.py
@@ -122,7 +122,7 @@
 
         """Check if stack is empty."""
 
-        return True if self.__stack.getSize() == 0 else False
+        return True if self.__stack.getSize() &lt; 0 else False
 
     def getSize(self) -&gt; int:
 </pre></div><div class="alert alert-secondary"><pre class="diff">============================= test session starts ==============================
platform linux -- Python 3.10.10, pytest-7.2.1, pluggy-1.0.0
rootdir: /home/auri/temp/lucca/python_experiments/stack3
collected 9 items

WHOLE_SUITE/test_stack3_WHOLE_SUITE.py ..F......                         [100%]

=================================== FAILURES ===================================
_________________________________ test_case_2 __________________________________

    def test_case_2():
        stack_0 = module_0.Stack()
        bool_0 = stack_0.isEmpty()
&gt;       assert bool_0 is True
E       assert False is True

WHOLE_SUITE/test_stack3_WHOLE_SUITE.py:33: AssertionError
=========================== short test summary info ============================
FAILED WHOLE_SUITE/test_stack3_WHOLE_SUITE.py::test_case_2 - assert False is ...
========================= 1 failed, 8 passed in 0.29s ==========================
</pre></div></div></div></div></div><div class="mb-1" id="job_list___sub_accordion_10"><div class="card"><a data-toggle="collapse" data-target="#job_list___sub_collapse_10_1" aria-expanded="false" aria-controls="job_list___sub_collapse_10_1" href="#" class="job_list___sub_multi_heading"><div role="alert" class="card-header alert-danger" id="job_list___sub_heading_10_1"><button class="btn btn-outline-danger"><span class="job_id">10 : Job ID 7c6e585ad1794287ac54bfe30b5b71c6</span></button></div></a><div aria-labelledby="job_list___sub_heading_10_1" data-parent="#job_list___sub_accordion_10" class="collapse job_list___sub_multi_collapse" id="job_list___sub_collapse_10_1"><div class="card-body"><div class="work-item"><div class="alert alert-danger test-outcome" role="alert"><p>SURVIVED</p><p>worker outcome: normal</p><p>test outcome: survived</p></div></div><pre class="location"><a href="pycharm://open?file=stack3.py&amp;line=140" class="text-secondary"><button class="btn btn-outline-dark">stack3.py, start pos: (140, 12), end pos: (140, 14)</button></a></pre><pre>operator: core/ReplaceComparisonOperator_Eq_Lt, occurrence: 4</pre><div class="alert alert-secondary"><pre class="diff">--- mutation diff ---
--- astack3.py
+++ bstack3.py
@@ -137,6 +137,6 @@
         return str(self.__stack.toArray()[::-1])
 
 
-if __name__ == "__main__":
+if __name__ &lt; "__main__":
     pass
 </pre></div><div class="alert alert-secondary"><pre class="diff">============================= test session starts ==============================
platform linux -- Python 3.10.10, pytest-7.2.1, pluggy-1.0.0
rootdir: /home/auri/temp/lucca/python_experiments/stack3
collected 9 items

WHOLE_SUITE/test_stack3_WHOLE_SUITE.py .........                         [100%]

============================== 9 passed in 0.11s ===============================
</pre></div></div></div></div></div><div class="mb-1" id="job_list___sub_accordion_11"><div class="card"><a data-toggle="collapse" data-target="#job_list___sub_collapse_11_1" aria-expanded="false" aria-controls="job_list___sub_collapse_11_1" href="#" class="job_list___sub_multi_heading"><div role="alert" class="card-header alert-danger" id="job_list___sub_heading_11_1"><button class="btn btn-outline-danger"><span class="job_id">11 : Job ID 07fbbb4cf3b34b3f98f8c42a8b705dd9</span></button></div></a><div aria-labelledby="job_list___sub_heading_11_1" data-parent="#job_list___sub_accordion_11" class="collapse job_list___sub_multi_collapse" id="job_list___sub_collapse_11_1"><div class="card-body"><div class="work-item"><div class="alert alert-danger test-outcome" role="alert"><p>SURVIVED</p><p>worker outcome: normal</p><p>test outcome: survived</p></div></div><pre class="location"><a href="pycharm://open?file=stack3.py&amp;line=24" class="text-secondary"><button class="btn btn-outline-dark">stack3.py, start pos: (24, 23), end pos: (24, 25)</button></a></pre><pre>operator: core/ReplaceComparisonOperator_Eq_LtE, occurrence: 0</pre><div class="alert alert-secondary"><pre class="diff">--- mutation diff ---
--- astack3.py
+++ bstack3.py
@@ -21,7 +21,7 @@
         """Add element to linked list."""
 
         newNode = Node(value)
-        if self.__size == 0:
+        if self.__size &lt;= 0:
             self.__head.next = newNode
             self.__head = newNode
             self.__size += 1</pre></div><div class="alert alert-secondary"><pre class="diff">============================= test session starts ==============================
platform linux -- Python 3.10.10, pytest-7.2.1, pluggy-1.0.0
rootdir: /home/auri/temp/lucca/python_experiments/stack3
collected 9 items

WHOLE_SUITE/test_stack3_WHOLE_SUITE.py .........                         [100%]

============================== 9 passed in 0.12s ===============================
</pre></div></div></div></div></div><div class="mb-1" id="job_list___sub_accordion_12"><div class="card"><a data-toggle="collapse" data-target="#job_list___sub_collapse_12_1" aria-expanded="false" aria-controls="job_list___sub_collapse_12_1" href="#" class="job_list___sub_multi_heading"><div role="alert" class="card-header alert-danger" id="job_list___sub_heading_12_1"><button class="btn btn-outline-danger"><span class="job_id">12 : Job ID 8fb73fa930c24c2186eb64dcf89d3ea2</span></button></div></a><div aria-labelledby="job_list___sub_heading_12_1" data-parent="#job_list___sub_accordion_12" class="collapse job_list___sub_multi_collapse" id="job_list___sub_collapse_12_1"><div class="card-body"><div class="work-item"><div class="alert alert-danger test-outcome" role="alert"><p>SURVIVED</p><p>worker outcome: normal</p><p>test outcome: survived</p></div></div><pre class="location"><a href="pycharm://open?file=stack3.py&amp;line=38" class="text-secondary"><button class="btn btn-outline-dark">stack3.py, start pos: (38, 23), end pos: (38, 25)</button></a></pre><pre>operator: core/ReplaceComparisonOperator_Eq_LtE, occurrence: 1</pre><div class="alert alert-secondary"><pre class="diff">--- mutation diff ---
--- astack3.py
+++ bstack3.py
@@ -35,7 +35,7 @@
 
         """Remove node from linkedlist."""
 
-        if self.__size == 0:
+        if self.__size &lt;= 0:
             return None
         if self.__size &gt;= 1:
             nodeToRemove = self.__head</pre></div><div class="alert alert-secondary"><pre class="diff">============================= test session starts ==============================
platform linux -- Python 3.10.10, pytest-7.2.1, pluggy-1.0.0
rootdir: /home/auri/temp/lucca/python_experiments/stack3
collected 9 items

WHOLE_SUITE/test_stack3_WHOLE_SUITE.py .........                         [100%]

============================== 9 passed in 0.14s ===============================
</pre></div></div></div></div></div><div class="mb-1" id="job_list___sub_accordion_13"><div class="card"><a data-toggle="collapse" data-target="#job_list___sub_collapse_13_1" aria-expanded="false" aria-controls="job_list___sub_collapse_13_1" href="#" class="job_list___sub_multi_heading"><div role="alert" class="card-header alert-danger" id="job_list___sub_heading_13_1"><button class="btn btn-outline-danger"><span class="job_id">13 : Job ID 80bd5263ea8447459cac5be9483a7918</span></button></div></a><div aria-labelledby="job_list___sub_heading_13_1" data-parent="#job_list___sub_accordion_13" class="collapse job_list___sub_multi_collapse" id="job_list___sub_collapse_13_1"><div class="card-body"><div class="work-item"><div class="alert alert-danger test-outcome" role="alert"><p>SURVIVED</p><p>worker outcome: normal</p><p>test outcome: survived</p></div></div><pre class="location"><a href="pycharm://open?file=stack3.py&amp;line=75" class="text-secondary"><button class="btn btn-outline-dark">stack3.py, start pos: (75, 35), end pos: (75, 37)</button></a></pre><pre>operator: core/ReplaceComparisonOperator_Eq_LtE, occurrence: 2</pre><div class="alert alert-secondary"><pre class="diff">--- mutation diff ---
--- astack3.py
+++ bstack3.py
@@ -72,7 +72,7 @@
 
         """Checks if linkedlist is empty."""
 
-        return True if self.__size == 0 else False
+        return True if self.__size &lt;= 0 else False
 
     def toArray(self) -&gt; list:
 </pre></div><div class="alert alert-secondary"><pre class="diff">============================= test session starts ==============================
platform linux -- Python 3.10.10, pytest-7.2.1, pluggy-1.0.0
rootdir: /home/auri/temp/lucca/python_experiments/stack3
collected 9 items

WHOLE_SUITE/test_stack3_WHOLE_SUITE.py .........                         [100%]

============================== 9 passed in 0.10s ===============================
</pre></div></div></div></div></div><div class="mb-1" id="job_list___sub_accordion_14"><div class="card"><a data-toggle="collapse" data-target="#job_list___sub_collapse_14_1" aria-expanded="false" aria-controls="job_list___sub_collapse_14_1" href="#" class="job_list___sub_multi_heading"><div role="alert" class="card-header alert-danger" id="job_list___sub_heading_14_1"><button class="btn btn-outline-danger"><span class="job_id">14 : Job ID dbb1e3f42a17466ea3150c0895f289ed</span></button></div></a><div aria-labelledby="job_list___sub_heading_14_1" data-parent="#job_list___sub_accordion_14" class="collapse job_list___sub_multi_collapse" id="job_list___sub_collapse_14_1"><div class="card-body"><div class="work-item"><div class="alert alert-danger test-outcome" role="alert"><p>SURVIVED</p><p>worker outcome: normal</p><p>test outcome: survived</p></div></div><pre class="location"><a href="pycharm://open?file=stack3.py&amp;line=125" class="text-secondary"><button class="btn btn-outline-dark">stack3.py, start pos: (125, 46), end pos: (125, 48)</button></a></pre><pre>operator: core/ReplaceComparisonOperator_Eq_LtE, occurrence: 3</pre><div class="alert alert-secondary"><pre class="diff">--- mutation diff ---
--- astack3.py
+++ bstack3.py
@@ -122,7 +122,7 @@
 
         """Check if stack is empty."""
 
-        return True if self.__stack.getSize() == 0 else False
+        return True if self.__stack.getSize() &lt;= 0 else False
 
     def getSize(self) -&gt; int:
 </pre></div><div class="alert alert-secondary"><pre class="diff">============================= test session starts ==============================
platform linux -- Python 3.10.10, pytest-7.2.1, pluggy-1.0.0
rootdir: /home/auri/temp/lucca/python_experiments/stack3
collected 9 items

WHOLE_SUITE/test_stack3_WHOLE_SUITE.py .........                         [100%]

============================== 9 passed in 0.16s ===============================
</pre></div></div></div></div></div><div class="mb-1" id="job_list___sub_accordion_15"><div class="card"><a data-toggle="collapse" data-target="#job_list___sub_collapse_15_1" aria-expanded="false" aria-controls="job_list___sub_collapse_15_1" href="#" class="job_list___sub_multi_heading"><div role="alert" class="card-header alert-danger" id="job_list___sub_heading_15_1"><button class="btn btn-outline-danger"><span class="job_id">15 : Job ID bcd03bbb20a247c3a7bdf140f82d5891</span></button></div></a><div aria-labelledby="job_list___sub_heading_15_1" data-parent="#job_list___sub_accordion_15" class="collapse job_list___sub_multi_collapse" id="job_list___sub_collapse_15_1"><div class="card-body"><div class="work-item"><div class="alert alert-danger test-outcome" role="alert"><p>SURVIVED</p><p>worker outcome: normal</p><p>test outcome: survived</p></div></div><pre class="location"><a href="pycharm://open?file=stack3.py&amp;line=140" class="text-secondary"><button class="btn btn-outline-dark">stack3.py, start pos: (140, 12), end pos: (140, 14)</button></a></pre><pre>operator: core/ReplaceComparisonOperator_Eq_LtE, occurrence: 4</pre><div class="alert alert-secondary"><pre class="diff">--- mutation diff ---
--- astack3.py
+++ bstack3.py
@@ -137,6 +137,6 @@
         return str(self.__stack.toArray()[::-1])
 
 
-if __name__ == "__main__":
+if __name__ &lt;= "__main__":
     pass
 </pre></div><div class="alert alert-secondary"><pre class="diff">============================= test session starts ==============================
platform linux -- Python 3.10.10, pytest-7.2.1, pluggy-1.0.0
rootdir: /home/auri/temp/lucca/python_experiments/stack3
collected 9 items

WHOLE_SUITE/test_stack3_WHOLE_SUITE.py .........                         [100%]

============================== 9 passed in 0.15s ===============================
</pre></div></div></div></div></div><div class="mb-1" id="job_list___sub_accordion_16"><div class="card"><a data-toggle="collapse" data-target="#job_list___sub_collapse_16_1" aria-expanded="false" aria-controls="job_list___sub_collapse_16_1" href="#" class="job_list___sub_multi_heading"><div role="alert" class="card-header alert-success" id="job_list___sub_heading_16_1"><button class="btn btn-outline-success"><span class="job_id">16 : Job ID 0ad363538d784a82bec4d2869b2c2b2a</span></button></div></a><div aria-labelledby="job_list___sub_heading_16_1" data-parent="#job_list___sub_accordion_16" class="collapse job_list___sub_multi_collapse" id="job_list___sub_collapse_16_1"><div class="card-body"><div class="work-item"><div class="alert alert-success test-outcome" role="alert"><p>worker outcome: normal</p><p>test outcome: killed</p></div></div><pre class="location"><a href="pycharm://open?file=stack3.py&amp;line=24" class="text-secondary"><button class="btn btn-outline-dark">stack3.py, start pos: (24, 23), end pos: (24, 25)</button></a></pre><pre>operator: core/ReplaceComparisonOperator_Eq_Gt, occurrence: 0</pre><div class="alert alert-secondary"><pre class="diff">--- mutation diff ---
--- astack3.py
+++ bstack3.py
@@ -21,7 +21,7 @@
         """Add element to linked list."""
 
         newNode = Node(value)
-        if self.__size == 0:
+        if self.__size &gt; 0:
             self.__head.next = newNode
             self.__head = newNode
             self.__size += 1</pre></div><div class="alert alert-secondary"><pre class="diff">timeout</pre></div></div></div></div></div><div class="mb-1" id="job_list___sub_accordion_17"><div class="card"><a data-toggle="collapse" data-target="#job_list___sub_collapse_17_1" aria-expanded="false" aria-controls="job_list___sub_collapse_17_1" href="#" class="job_list___sub_multi_heading"><div role="alert" class="card-header alert-success" id="job_list___sub_heading_17_1"><button class="btn btn-outline-success"><span class="job_id">17 : Job ID e36458864e0742aba367475c2a3d097a</span></button></div></a><div aria-labelledby="job_list___sub_heading_17_1" data-parent="#job_list___sub_accordion_17" class="collapse job_list___sub_multi_collapse" id="job_list___sub_collapse_17_1"><div class="card-body"><div class="work-item"><div class="alert alert-success test-outcome" role="alert"><p>worker outcome: normal</p><p>test outcome: killed</p></div></div><pre class="location"><a href="pycharm://open?file=stack3.py&amp;line=38" class="text-secondary"><button class="btn btn-outline-dark">stack3.py, start pos: (38, 23), end pos: (38, 25)</button></a></pre><pre>operator: core/ReplaceComparisonOperator_Eq_Gt, occurrence: 1</pre><div class="alert alert-secondary"><pre class="diff">--- mutation diff ---
--- astack3.py
+++ bstack3.py
@@ -35,7 +35,7 @@
 
         """Remove node from linkedlist."""
 
-        if self.__size == 0:
+        if self.__size &gt; 0:
             return None
         if self.__size &gt;= 1:
             nodeToRemove = self.__head</pre></div><div class="alert alert-secondary"><pre class="diff">============================= test session starts ==============================
platform linux -- Python 3.10.10, pytest-7.2.1, pluggy-1.0.0
rootdir: /home/auri/temp/lucca/python_experiments/stack3
collected 9 items

WHOLE_SUITE/test_stack3_WHOLE_SUITE.py .F..FF..F                         [100%]

=================================== FAILURES ===================================
_________________________________ test_case_1 __________________________________

    def test_case_1():
        singly_linked_list_0 = module_0.SinglyLinkedList()
        none_type_0 = singly_linked_list_0.add(singly_linked_list_0)
        str_0 = singly_linked_list_0.__str__()
        none_type_1 = singly_linked_list_0.add(singly_linked_list_0)
        str_1 = singly_linked_list_0.__str__()
        var_0 = singly_linked_list_0.remove()
&gt;       assert f'{type(var_0).__module__}.{type(var_0).__qualname__}' == 'stack3.Node'
E       AssertionError: assert 'builtins.NoneType' == 'stack3.Node'
E         - stack3.Node
E         + builtins.NoneType

WHOLE_SUITE/test_stack3_WHOLE_SUITE.py:20: AssertionError
_________________________________ test_case_4 __________________________________

    def test_case_4():
        bytes_0 = b'W)\x0e\xb6\x96'
        stack_0 = module_0.Stack()
        none_type_0 = stack_0.push(bytes_0)
        var_0 = stack_0.pop()
&gt;       assert f'{type(var_0).__module__}.{type(var_0).__qualname__}' == 'stack3.Node'
E       AssertionError: assert 'builtins.NoneType' == 'stack3.Node'
E         - stack3.Node
E         + builtins.NoneType

WHOLE_SUITE/test_stack3_WHOLE_SUITE.py:63: AssertionError
_________________________________ test_case_5 __________________________________

    def test_case_5():
        singly_linked_list_0 = module_0.SinglyLinkedList()
        var_0 = singly_linked_list_0.remove()
        int_0 = singly_linked_list_0.getSize()
&gt;       assert int_0 == 0
E       assert -1 == 0

WHOLE_SUITE/test_stack3_WHOLE_SUITE.py:71: AssertionError
_________________________________ test_case_8 __________________________________

    def test_case_8():
        singly_linked_list_0 = module_0.SinglyLinkedList()
        var_0 = singly_linked_list_0.remove()
        node_0 = module_0.Node(var_0)
&gt;       assert node_0.value is None
E       assert &lt;stack3.Node object at 0x7f0ad2a1ecb0&gt; is None
E        +  where &lt;stack3.Node object at 0x7f0ad2a1ecb0&gt; = &lt;stack3.Node object at 0x7f0ad2a1ec50&gt;.value

WHOLE_SUITE/test_stack3_WHOLE_SUITE.py:92: AssertionError
=========================== short test summary info ============================
FAILED WHOLE_SUITE/test_stack3_WHOLE_SUITE.py::test_case_1 - AssertionError: ...
FAILED WHOLE_SUITE/test_stack3_WHOLE_SUITE.py::test_case_4 - AssertionError: ...
FAILED WHOLE_SUITE/test_stack3_WHOLE_SUITE.py::test_case_5 - assert -1 == 0
FAILED WHOLE_SUITE/test_stack3_WHOLE_SUITE.py::test_case_8 - assert &lt;stack3.N...
========================= 4 failed, 5 passed in 0.36s ==========================
</pre></div></div></div></div></div><div class="mb-1" id="job_list___sub_accordion_18"><div class="card"><a data-toggle="collapse" data-target="#job_list___sub_collapse_18_1" aria-expanded="false" aria-controls="job_list___sub_collapse_18_1" href="#" class="job_list___sub_multi_heading"><div role="alert" class="card-header alert-success" id="job_list___sub_heading_18_1"><button class="btn btn-outline-success"><span class="job_id">18 : Job ID d3bafe550eb2410581a537fd19c2a892</span></button></div></a><div aria-labelledby="job_list___sub_heading_18_1" data-parent="#job_list___sub_accordion_18" class="collapse job_list___sub_multi_collapse" id="job_list___sub_collapse_18_1"><div class="card-body"><div class="work-item"><div class="alert alert-success test-outcome" role="alert"><p>worker outcome: normal</p><p>test outcome: killed</p></div></div><pre class="location"><a href="pycharm://open?file=stack3.py&amp;line=75" class="text-secondary"><button class="btn btn-outline-dark">stack3.py, start pos: (75, 35), end pos: (75, 37)</button></a></pre><pre>operator: core/ReplaceComparisonOperator_Eq_Gt, occurrence: 2</pre><div class="alert alert-secondary"><pre class="diff">--- mutation diff ---
--- astack3.py
+++ bstack3.py
@@ -72,7 +72,7 @@
 
         """Checks if linkedlist is empty."""
 
-        return True if self.__size == 0 else False
+        return True if self.__size &gt; 0 else False
 
     def toArray(self) -&gt; list:
 </pre></div><div class="alert alert-secondary"><pre class="diff">============================= test session starts ==============================
platform linux -- Python 3.10.10, pytest-7.2.1, pluggy-1.0.0
rootdir: /home/auri/temp/lucca/python_experiments/stack3
collected 9 items

WHOLE_SUITE/test_stack3_WHOLE_SUITE.py .F.....F.                         [100%]

=================================== FAILURES ===================================
_________________________________ test_case_1 __________________________________

    def test_case_1():
        singly_linked_list_0 = module_0.SinglyLinkedList()
        none_type_0 = singly_linked_list_0.add(singly_linked_list_0)
        str_0 = singly_linked_list_0.__str__()
        none_type_1 = singly_linked_list_0.add(singly_linked_list_0)
        str_1 = singly_linked_list_0.__str__()
        var_0 = singly_linked_list_0.remove()
        assert f'{type(var_0).__module__}.{type(var_0).__qualname__}' == 'stack3.Node'
        assert f'{type(var_0.value).__module__}.{type(var_0.value).__qualname__}' == 'stack3.SinglyLinkedList'
        assert f'{type(var_0.next).__module__}.{type(var_0.next).__qualname__}' == 'stack3.Node'
        singly_linked_list_1 = module_0.SinglyLinkedList()
        int_0 = singly_linked_list_0.getSize()
        assert int_0 == 1
        bool_0 = singly_linked_list_0.isEmpty()
&gt;       assert bool_0 is False
E       assert True is False

WHOLE_SUITE/test_stack3_WHOLE_SUITE.py:27: AssertionError
_________________________________ test_case_7 __________________________________

    def test_case_7():
        singly_linked_list_0 = module_0.SinglyLinkedList()
        bool_0 = singly_linked_list_0.isEmpty()
&gt;       assert bool_0 is True
E       assert False is True

WHOLE_SUITE/test_stack3_WHOLE_SUITE.py:83: AssertionError
=========================== short test summary info ============================
FAILED WHOLE_SUITE/test_stack3_WHOLE_SUITE.py::test_case_1 - assert True is F...
FAILED WHOLE_SUITE/test_stack3_WHOLE_SUITE.py::test_case_7 - assert False is ...
========================= 2 failed, 7 passed in 0.32s ==========================
</pre></div></div></div></div></div><div class="mb-1" id="job_list___sub_accordion_19"><div class="card"><a data-toggle="collapse" data-target="#job_list___sub_collapse_19_1" aria-expanded="false" aria-controls="job_list___sub_collapse_19_1" href="#" class="job_list___sub_multi_heading"><div role="alert" class="card-header alert-success" id="job_list___sub_heading_19_1"><button class="btn btn-outline-success"><span class="job_id">19 : Job ID a465413863a749f4b4d564ceddd4627f</span></button></div></a><div aria-labelledby="job_list___sub_heading_19_1" data-parent="#job_list___sub_accordion_19" class="collapse job_list___sub_multi_collapse" id="job_list___sub_collapse_19_1"><div class="card-body"><div class="work-item"><div class="alert alert-success test-outcome" role="alert"><p>worker outcome: normal</p><p>test outcome: killed</p></div></div><pre class="location"><a href="pycharm://open?file=stack3.py&amp;line=125" class="text-secondary"><button class="btn btn-outline-dark">stack3.py, start pos: (125, 46), end pos: (125, 48)</button></a></pre><pre>operator: core/ReplaceComparisonOperator_Eq_Gt, occurrence: 3</pre><div class="alert alert-secondary"><pre class="diff">--- mutation diff ---
--- astack3.py
+++ bstack3.py
@@ -122,7 +122,7 @@
 
         """Check if stack is empty."""
 
-        return True if self.__stack.getSize() == 0 else False
+        return True if self.__stack.getSize() &gt; 0 else False
 
     def getSize(self) -&gt; int:
 </pre></div><div class="alert alert-secondary"><pre class="diff">============================= test session starts ==============================
platform linux -- Python 3.10.10, pytest-7.2.1, pluggy-1.0.0
rootdir: /home/auri/temp/lucca/python_experiments/stack3
collected 9 items

WHOLE_SUITE/test_stack3_WHOLE_SUITE.py ..FF.....                         [100%]

=================================== FAILURES ===================================
_________________________________ test_case_2 __________________________________

    def test_case_2():
        stack_0 = module_0.Stack()
        bool_0 = stack_0.isEmpty()
&gt;       assert bool_0 is True
E       assert False is True

WHOLE_SUITE/test_stack3_WHOLE_SUITE.py:33: AssertionError
_________________________________ test_case_3 __________________________________

    def test_case_3():
        bool_0 = False
        stack_0 = module_0.Stack()
        none_type_0 = stack_0.push(bool_0)
        str_0 = stack_0.__str__()
        assert str_0 == '[False]'
        none_type_1 = stack_0.push(stack_0)
        int_0 = stack_0.getSize()
        assert int_0 == 2
        bool_1 = stack_0.isEmpty()
&gt;       assert bool_1 is False
E       assert True is False

WHOLE_SUITE/test_stack3_WHOLE_SUITE.py:47: AssertionError
=========================== short test summary info ============================
FAILED WHOLE_SUITE/test_stack3_WHOLE_SUITE.py::test_case_2 - assert False is ...
FAILED WHOLE_SUITE/test_stack3_WHOLE_SUITE.py::test_case_3 - assert True is F...
========================= 2 failed, 7 passed in 0.30s ==========================
</pre></div></div></div></div></div><div class="mb-1" id="job_list___sub_accordion_20"><div class="card"><a data-toggle="collapse" data-target="#job_list___sub_collapse_20_1" aria-expanded="false" aria-controls="job_list___sub_collapse_20_1" href="#" class="job_list___sub_multi_heading"><div role="alert" class="card-header alert-danger" id="job_list___sub_heading_20_1"><button class="btn btn-outline-danger"><span class="job_id">20 : Job ID 18b3b297d31945b7a81b344ec770c288</span></button></div></a><div aria-labelledby="job_list___sub_heading_20_1" data-parent="#job_list___sub_accordion_20" class="collapse job_list___sub_multi_collapse" id="job_list___sub_collapse_20_1"><div class="card-body"><div class="work-item"><div class="alert alert-danger test-outcome" role="alert"><p>SURVIVED</p><p>worker outcome: normal</p><p>test outcome: survived</p></div></div><pre class="location"><a href="pycharm://open?file=stack3.py&amp;line=140" class="text-secondary"><button class="btn btn-outline-dark">stack3.py, start pos: (140, 12), end pos: (140, 14)</button></a></pre><pre>operator: core/ReplaceComparisonOperator_Eq_Gt, occurrence: 4</pre><div class="alert alert-secondary"><pre class="diff">--- mutation diff ---
--- astack3.py
+++ bstack3.py
@@ -137,6 +137,6 @@
         return str(self.__stack.toArray()[::-1])
 
 
-if __name__ == "__main__":
+if __name__ &gt; "__main__":
     pass
 </pre></div><div class="alert alert-secondary"><pre class="diff">============================= test session starts ==============================
platform linux -- Python 3.10.10, pytest-7.2.1, pluggy-1.0.0
rootdir: /home/auri/temp/lucca/python_experiments/stack3
collected 9 items

WHOLE_SUITE/test_stack3_WHOLE_SUITE.py .........                         [100%]

============================== 9 passed in 0.12s ===============================
</pre></div></div></div></div></div><div class="mb-1" id="job_list___sub_accordion_21"><div class="card"><a data-toggle="collapse" data-target="#job_list___sub_collapse_21_1" aria-expanded="false" aria-controls="job_list___sub_collapse_21_1" href="#" class="job_list___sub_multi_heading"><div role="alert" class="card-header alert-success" id="job_list___sub_heading_21_1"><button class="btn btn-outline-success"><span class="job_id">21 : Job ID 5653b9f8bccb481fadc831e0389305bd</span></button></div></a><div aria-labelledby="job_list___sub_heading_21_1" data-parent="#job_list___sub_accordion_21" class="collapse job_list___sub_multi_collapse" id="job_list___sub_collapse_21_1"><div class="card-body"><div class="work-item"><div class="alert alert-success test-outcome" role="alert"><p>worker outcome: normal</p><p>test outcome: killed</p></div></div><pre class="location"><a href="pycharm://open?file=stack3.py&amp;line=24" class="text-secondary"><button class="btn btn-outline-dark">stack3.py, start pos: (24, 23), end pos: (24, 25)</button></a></pre><pre>operator: core/ReplaceComparisonOperator_Eq_GtE, occurrence: 0</pre><div class="alert alert-secondary"><pre class="diff">--- mutation diff ---
--- astack3.py
+++ bstack3.py
@@ -21,7 +21,7 @@
         """Add element to linked list."""
 
         newNode = Node(value)
-        if self.__size == 0:
+        if self.__size &gt;= 0:
             self.__head.next = newNode
             self.__head = newNode
             self.__size += 1</pre></div><div class="alert alert-secondary"><pre class="diff">============================= test session starts ==============================
platform linux -- Python 3.10.10, pytest-7.2.1, pluggy-1.0.0
rootdir: /home/auri/temp/lucca/python_experiments/stack3
collected 9 items

WHOLE_SUITE/test_stack3_WHOLE_SUITE.py .F.......                         [100%]

=================================== FAILURES ===================================
_________________________________ test_case_1 __________________________________

    def test_case_1():
        singly_linked_list_0 = module_0.SinglyLinkedList()
        none_type_0 = singly_linked_list_0.add(singly_linked_list_0)
        str_0 = singly_linked_list_0.__str__()
        none_type_1 = singly_linked_list_0.add(singly_linked_list_0)
        str_1 = singly_linked_list_0.__str__()
        var_0 = singly_linked_list_0.remove()
        assert f'{type(var_0).__module__}.{type(var_0).__qualname__}' == 'stack3.Node'
        assert f'{type(var_0.value).__module__}.{type(var_0.value).__qualname__}' == 'stack3.SinglyLinkedList'
&gt;       assert f'{type(var_0.next).__module__}.{type(var_0.next).__qualname__}' == 'stack3.Node'
E       AssertionError: assert 'builtins.NoneType' == 'stack3.Node'
E         - stack3.Node
E         + builtins.NoneType

WHOLE_SUITE/test_stack3_WHOLE_SUITE.py:22: AssertionError
=========================== short test summary info ============================
FAILED WHOLE_SUITE/test_stack3_WHOLE_SUITE.py::test_case_1 - AssertionError: ...
========================= 1 failed, 8 passed in 0.33s ==========================
</pre></div></div></div></div></div><div class="mb-1" id="job_list___sub_accordion_22"><div class="card"><a data-toggle="collapse" data-target="#job_list___sub_collapse_22_1" aria-expanded="false" aria-controls="job_list___sub_collapse_22_1" href="#" class="job_list___sub_multi_heading"><div role="alert" class="card-header alert-success" id="job_list___sub_heading_22_1"><button class="btn btn-outline-success"><span class="job_id">22 : Job ID 58b01cfb7d8d4cc7b2402be4345e6450</span></button></div></a><div aria-labelledby="job_list___sub_heading_22_1" data-parent="#job_list___sub_accordion_22" class="collapse job_list___sub_multi_collapse" id="job_list___sub_collapse_22_1"><div class="card-body"><div class="work-item"><div class="alert alert-success test-outcome" role="alert"><p>worker outcome: normal</p><p>test outcome: killed</p></div></div><pre class="location"><a href="pycharm://open?file=stack3.py&amp;line=38" class="text-secondary"><button class="btn btn-outline-dark">stack3.py, start pos: (38, 23), end pos: (38, 25)</button></a></pre><pre>operator: core/ReplaceComparisonOperator_Eq_GtE, occurrence: 1</pre><div class="alert alert-secondary"><pre class="diff">--- mutation diff ---
--- astack3.py
+++ bstack3.py
@@ -35,7 +35,7 @@
 
         """Remove node from linkedlist."""
 
-        if self.__size == 0:
+        if self.__size &gt;= 0:
             return None
         if self.__size &gt;= 1:
             nodeToRemove = self.__head</pre></div><div class="alert alert-secondary"><pre class="diff">============================= test session starts ==============================
platform linux -- Python 3.10.10, pytest-7.2.1, pluggy-1.0.0
rootdir: /home/auri/temp/lucca/python_experiments/stack3
collected 9 items

WHOLE_SUITE/test_stack3_WHOLE_SUITE.py .F..F....                         [100%]

=================================== FAILURES ===================================
_________________________________ test_case_1 __________________________________

    def test_case_1():
        singly_linked_list_0 = module_0.SinglyLinkedList()
        none_type_0 = singly_linked_list_0.add(singly_linked_list_0)
        str_0 = singly_linked_list_0.__str__()
        none_type_1 = singly_linked_list_0.add(singly_linked_list_0)
        str_1 = singly_linked_list_0.__str__()
        var_0 = singly_linked_list_0.remove()
&gt;       assert f'{type(var_0).__module__}.{type(var_0).__qualname__}' == 'stack3.Node'
E       AssertionError: assert 'builtins.NoneType' == 'stack3.Node'
E         - stack3.Node
E         + builtins.NoneType

WHOLE_SUITE/test_stack3_WHOLE_SUITE.py:20: AssertionError
_________________________________ test_case_4 __________________________________

    def test_case_4():
        bytes_0 = b'W)\x0e\xb6\x96'
        stack_0 = module_0.Stack()
        none_type_0 = stack_0.push(bytes_0)
        var_0 = stack_0.pop()
&gt;       assert f'{type(var_0).__module__}.{type(var_0).__qualname__}' == 'stack3.Node'
E       AssertionError: assert 'builtins.NoneType' == 'stack3.Node'
E         - stack3.Node
E         + builtins.NoneType

WHOLE_SUITE/test_stack3_WHOLE_SUITE.py:63: AssertionError
=========================== short test summary info ============================
FAILED WHOLE_SUITE/test_stack3_WHOLE_SUITE.py::test_case_1 - AssertionError: ...
FAILED WHOLE_SUITE/test_stack3_WHOLE_SUITE.py::test_case_4 - AssertionError: ...
========================= 2 failed, 7 passed in 0.31s ==========================
</pre></div></div></div></div></div><div class="mb-1" id="job_list___sub_accordion_23"><div class="card"><a data-toggle="collapse" data-target="#job_list___sub_collapse_23_1" aria-expanded="false" aria-controls="job_list___sub_collapse_23_1" href="#" class="job_list___sub_multi_heading"><div role="alert" class="card-header alert-success" id="job_list___sub_heading_23_1"><button class="btn btn-outline-success"><span class="job_id">23 : Job ID af71fca813a646f0ac72c59b4c25fb06</span></button></div></a><div aria-labelledby="job_list___sub_heading_23_1" data-parent="#job_list___sub_accordion_23" class="collapse job_list___sub_multi_collapse" id="job_list___sub_collapse_23_1"><div class="card-body"><div class="work-item"><div class="alert alert-success test-outcome" role="alert"><p>worker outcome: normal</p><p>test outcome: killed</p></div></div><pre class="location"><a href="pycharm://open?file=stack3.py&amp;line=75" class="text-secondary"><button class="btn btn-outline-dark">stack3.py, start pos: (75, 35), end pos: (75, 37)</button></a></pre><pre>operator: core/ReplaceComparisonOperator_Eq_GtE, occurrence: 2</pre><div class="alert alert-secondary"><pre class="diff">--- mutation diff ---
--- astack3.py
+++ bstack3.py
@@ -72,7 +72,7 @@
 
         """Checks if linkedlist is empty."""
 
-        return True if self.__size == 0 else False
+        return True if self.__size &gt;= 0 else False
 
     def toArray(self) -&gt; list:
 </pre></div><div class="alert alert-secondary"><pre class="diff">============================= test session starts ==============================
platform linux -- Python 3.10.10, pytest-7.2.1, pluggy-1.0.0
rootdir: /home/auri/temp/lucca/python_experiments/stack3
collected 9 items

WHOLE_SUITE/test_stack3_WHOLE_SUITE.py .F.......                         [100%]

=================================== FAILURES ===================================
_________________________________ test_case_1 __________________________________

    def test_case_1():
        singly_linked_list_0 = module_0.SinglyLinkedList()
        none_type_0 = singly_linked_list_0.add(singly_linked_list_0)
        str_0 = singly_linked_list_0.__str__()
        none_type_1 = singly_linked_list_0.add(singly_linked_list_0)
        str_1 = singly_linked_list_0.__str__()
        var_0 = singly_linked_list_0.remove()
        assert f'{type(var_0).__module__}.{type(var_0).__qualname__}' == 'stack3.Node'
        assert f'{type(var_0.value).__module__}.{type(var_0.value).__qualname__}' == 'stack3.SinglyLinkedList'
        assert f'{type(var_0.next).__module__}.{type(var_0.next).__qualname__}' == 'stack3.Node'
        singly_linked_list_1 = module_0.SinglyLinkedList()
        int_0 = singly_linked_list_0.getSize()
        assert int_0 == 1
        bool_0 = singly_linked_list_0.isEmpty()
&gt;       assert bool_0 is False
E       assert True is False

WHOLE_SUITE/test_stack3_WHOLE_SUITE.py:27: AssertionError
=========================== short test summary info ============================
FAILED WHOLE_SUITE/test_stack3_WHOLE_SUITE.py::test_case_1 - assert True is F...
========================= 1 failed, 8 passed in 0.28s ==========================
</pre></div></div></div></div></div><div class="mb-1" id="job_list___sub_accordion_24"><div class="card"><a data-toggle="collapse" data-target="#job_list___sub_collapse_24_1" aria-expanded="false" aria-controls="job_list___sub_collapse_24_1" href="#" class="job_list___sub_multi_heading"><div role="alert" class="card-header alert-success" id="job_list___sub_heading_24_1"><button class="btn btn-outline-success"><span class="job_id">24 : Job ID 401b9c0ee9ca4c3181950f4d6cded36a</span></button></div></a><div aria-labelledby="job_list___sub_heading_24_1" data-parent="#job_list___sub_accordion_24" class="collapse job_list___sub_multi_collapse" id="job_list___sub_collapse_24_1"><div class="card-body"><div class="work-item"><div class="alert alert-success test-outcome" role="alert"><p>worker outcome: normal</p><p>test outcome: killed</p></div></div><pre class="location"><a href="pycharm://open?file=stack3.py&amp;line=125" class="text-secondary"><button class="btn btn-outline-dark">stack3.py, start pos: (125, 46), end pos: (125, 48)</button></a></pre><pre>operator: core/ReplaceComparisonOperator_Eq_GtE, occurrence: 3</pre><div class="alert alert-secondary"><pre class="diff">--- mutation diff ---
--- astack3.py
+++ bstack3.py
@@ -122,7 +122,7 @@
 
         """Check if stack is empty."""
 
-        return True if self.__stack.getSize() == 0 else False
+        return True if self.__stack.getSize() &gt;= 0 else False
 
     def getSize(self) -&gt; int:
 </pre></div><div class="alert alert-secondary"><pre class="diff">============================= test session starts ==============================
platform linux -- Python 3.10.10, pytest-7.2.1, pluggy-1.0.0
rootdir: /home/auri/temp/lucca/python_experiments/stack3
collected 9 items

WHOLE_SUITE/test_stack3_WHOLE_SUITE.py ...F.....                         [100%]

=================================== FAILURES ===================================
_________________________________ test_case_3 __________________________________

    def test_case_3():
        bool_0 = False
        stack_0 = module_0.Stack()
        none_type_0 = stack_0.push(bool_0)
        str_0 = stack_0.__str__()
        assert str_0 == '[False]'
        none_type_1 = stack_0.push(stack_0)
        int_0 = stack_0.getSize()
        assert int_0 == 2
        bool_1 = stack_0.isEmpty()
&gt;       assert bool_1 is False
E       assert True is False

WHOLE_SUITE/test_stack3_WHOLE_SUITE.py:47: AssertionError
=========================== short test summary info ============================
FAILED WHOLE_SUITE/test_stack3_WHOLE_SUITE.py::test_case_3 - assert True is F...
========================= 1 failed, 8 passed in 0.28s ==========================
</pre></div></div></div></div></div><div class="mb-1" id="job_list___sub_accordion_25"><div class="card"><a data-toggle="collapse" data-target="#job_list___sub_collapse_25_1" aria-expanded="false" aria-controls="job_list___sub_collapse_25_1" href="#" class="job_list___sub_multi_heading"><div role="alert" class="card-header alert-danger" id="job_list___sub_heading_25_1"><button class="btn btn-outline-danger"><span class="job_id">25 : Job ID 9b279b36a2a64d14a4b38350a3aaff5c</span></button></div></a><div aria-labelledby="job_list___sub_heading_25_1" data-parent="#job_list___sub_accordion_25" class="collapse job_list___sub_multi_collapse" id="job_list___sub_collapse_25_1"><div class="card-body"><div class="work-item"><div class="alert alert-danger test-outcome" role="alert"><p>SURVIVED</p><p>worker outcome: normal</p><p>test outcome: survived</p></div></div><pre class="location"><a href="pycharm://open?file=stack3.py&amp;line=140" class="text-secondary"><button class="btn btn-outline-dark">stack3.py, start pos: (140, 12), end pos: (140, 14)</button></a></pre><pre>operator: core/ReplaceComparisonOperator_Eq_GtE, occurrence: 4</pre><div class="alert alert-secondary"><pre class="diff">--- mutation diff ---
--- astack3.py
+++ bstack3.py
@@ -137,6 +137,6 @@
         return str(self.__stack.toArray()[::-1])
 
 
-if __name__ == "__main__":
+if __name__ &gt;= "__main__":
     pass
 </pre></div><div class="alert alert-secondary"><pre class="diff">============================= test session starts ==============================
platform linux -- Python 3.10.10, pytest-7.2.1, pluggy-1.0.0
rootdir: /home/auri/temp/lucca/python_experiments/stack3
collected 9 items

WHOLE_SUITE/test_stack3_WHOLE_SUITE.py .........                         [100%]

============================== 9 passed in 0.12s ===============================
</pre></div></div></div></div></div><div class="mb-1" id="job_list___sub_accordion_26"><div class="card"><a data-toggle="collapse" data-target="#job_list___sub_collapse_26_1" aria-expanded="false" aria-controls="job_list___sub_collapse_26_1" href="#" class="job_list___sub_multi_heading"><div role="alert" class="card-header alert-danger" id="job_list___sub_heading_26_1"><button class="btn btn-outline-danger"><span class="job_id">26 : Job ID 71570528efb245028208172e8e229371</span></button></div></a><div aria-labelledby="job_list___sub_heading_26_1" data-parent="#job_list___sub_accordion_26" class="collapse job_list___sub_multi_collapse" id="job_list___sub_collapse_26_1"><div class="card-body"><div class="work-item"><div class="alert alert-danger test-outcome" role="alert"><p>SURVIVED</p><p>worker outcome: normal</p><p>test outcome: survived</p></div></div><pre class="location"><a href="pycharm://open?file=stack3.py&amp;line=140" class="text-secondary"><button class="btn btn-outline-dark">stack3.py, start pos: (140, 12), end pos: (140, 14)</button></a></pre><pre>operator: core/ReplaceComparisonOperator_Eq_Is, occurrence: 0</pre><div class="alert alert-secondary"><pre class="diff">--- mutation diff ---
--- astack3.py
+++ bstack3.py
@@ -137,6 +137,6 @@
         return str(self.__stack.toArray()[::-1])
 
 
-if __name__ == "__main__":
+if __name__ is "__main__":
     pass
 </pre></div><div class="alert alert-secondary"><pre class="diff">============================= test session starts ==============================
platform linux -- Python 3.10.10, pytest-7.2.1, pluggy-1.0.0
rootdir: /home/auri/temp/lucca/python_experiments/stack3
collected 9 items

WHOLE_SUITE/test_stack3_WHOLE_SUITE.py .........                         [100%]

=============================== warnings summary ===============================
stack3.py:140
  /home/auri/temp/lucca/python_experiments/stack3/stack3.py:140: SyntaxWarning: "is" with a literal. Did you mean "=="?
    if __name__ is "__main__":

-- Docs: https://docs.pytest.org/en/stable/how-to/capture-warnings.html
========================= 9 passed, 1 warning in 0.15s =========================
</pre></div></div></div></div></div><div class="mb-1" id="job_list___sub_accordion_27"><div class="card"><a data-toggle="collapse" data-target="#job_list___sub_collapse_27_1" aria-expanded="false" aria-controls="job_list___sub_collapse_27_1" href="#" class="job_list___sub_multi_heading"><div role="alert" class="card-header alert-danger" id="job_list___sub_heading_27_1"><button class="btn btn-outline-danger"><span class="job_id">27 : Job ID 8c0e4f3d993746f58775a2c8fe8acd92</span></button></div></a><div aria-labelledby="job_list___sub_heading_27_1" data-parent="#job_list___sub_accordion_27" class="collapse job_list___sub_multi_collapse" id="job_list___sub_collapse_27_1"><div class="card-body"><div class="work-item"><div class="alert alert-danger test-outcome" role="alert"><p>SURVIVED</p><p>worker outcome: normal</p><p>test outcome: survived</p></div></div><pre class="location"><a href="pycharm://open?file=stack3.py&amp;line=140" class="text-secondary"><button class="btn btn-outline-dark">stack3.py, start pos: (140, 12), end pos: (140, 14)</button></a></pre><pre>operator: core/ReplaceComparisonOperator_Eq_IsNot, occurrence: 0</pre><div class="alert alert-secondary"><pre class="diff">--- mutation diff ---
--- astack3.py
+++ bstack3.py
@@ -137,6 +137,6 @@
         return str(self.__stack.toArray()[::-1])
 
 
-if __name__ == "__main__":
+if __name__ is not "__main__":
     pass
 </pre></div><div class="alert alert-secondary"><pre class="diff">============================= test session starts ==============================
platform linux -- Python 3.10.10, pytest-7.2.1, pluggy-1.0.0
rootdir: /home/auri/temp/lucca/python_experiments/stack3
collected 9 items

WHOLE_SUITE/test_stack3_WHOLE_SUITE.py .........                         [100%]

=============================== warnings summary ===============================
stack3.py:140
  /home/auri/temp/lucca/python_experiments/stack3/stack3.py:140: SyntaxWarning: "is not" with a literal. Did you mean "!="?
    if __name__ is not "__main__":

-- Docs: https://docs.pytest.org/en/stable/how-to/capture-warnings.html
========================= 9 passed, 1 warning in 0.13s =========================
</pre></div></div></div></div></div><div class="mb-1" id="job_list___sub_accordion_28"><div class="card"><a data-toggle="collapse" data-target="#job_list___sub_collapse_28_1" aria-expanded="false" aria-controls="job_list___sub_collapse_28_1" href="#" class="job_list___sub_multi_heading"><div role="alert" class="card-header alert-danger" id="job_list___sub_heading_28_1"><button class="btn btn-outline-danger"><span class="job_id">28 : Job ID 5d1b8dda2be640f9a9a978cf9e35bf55</span></button></div></a><div aria-labelledby="job_list___sub_heading_28_1" data-parent="#job_list___sub_accordion_28" class="collapse job_list___sub_multi_collapse" id="job_list___sub_collapse_28_1"><div class="card-body"><div class="work-item"><div class="alert alert-danger test-outcome" role="alert"><p>SURVIVED</p><p>worker outcome: normal</p><p>test outcome: survived</p></div></div><pre class="location"><a href="pycharm://open?file=stack3.py&amp;line=40" class="text-secondary"><button class="btn btn-outline-dark">stack3.py, start pos: (40, 23), end pos: (40, 25)</button></a></pre><pre>operator: core/ReplaceComparisonOperator_GtE_Eq, occurrence: 0</pre><div class="alert alert-secondary"><pre class="diff">--- mutation diff ---
--- astack3.py
+++ bstack3.py
@@ -37,7 +37,7 @@
 
         if self.__size == 0:
             return None
-        if self.__size &gt;= 1:
+        if self.__size == 1:
             nodeToRemove = self.__head
             self.__sentinel.next = None
             self.__head = self.__sentinel</pre></div><div class="alert alert-secondary"><pre class="diff">============================= test session starts ==============================
platform linux -- Python 3.10.10, pytest-7.2.1, pluggy-1.0.0
rootdir: /home/auri/temp/lucca/python_experiments/stack3
collected 9 items

WHOLE_SUITE/test_stack3_WHOLE_SUITE.py .........                         [100%]

============================== 9 passed in 0.09s ===============================
</pre></div></div></div></div></div><div class="mb-1" id="job_list___sub_accordion_29"><div class="card"><a data-toggle="collapse" data-target="#job_list___sub_collapse_29_1" aria-expanded="false" aria-controls="job_list___sub_collapse_29_1" href="#" class="job_list___sub_multi_heading"><div role="alert" class="card-header alert-danger" id="job_list___sub_heading_29_1"><button class="btn btn-outline-danger"><span class="job_id">29 : Job ID fc18559f51a94f3ea103c431d3d8b0fe</span></button></div></a><div aria-labelledby="job_list___sub_heading_29_1" data-parent="#job_list___sub_accordion_29" class="collapse job_list___sub_multi_collapse" id="job_list___sub_collapse_29_1"><div class="card-body"><div class="work-item"><div class="alert alert-danger test-outcome" role="alert"><p>SURVIVED</p><p>worker outcome: normal</p><p>test outcome: survived</p></div></div><pre class="location"><a href="pycharm://open?file=stack3.py&amp;line=40" class="text-secondary"><button class="btn btn-outline-dark">stack3.py, start pos: (40, 23), end pos: (40, 25)</button></a></pre><pre>operator: core/ReplaceComparisonOperator_GtE_NotEq, occurrence: 0</pre><div class="alert alert-secondary"><pre class="diff">--- mutation diff ---
--- astack3.py
+++ bstack3.py
@@ -37,7 +37,7 @@
 
         if self.__size == 0:
             return None
-        if self.__size &gt;= 1:
+        if self.__size != 1:
             nodeToRemove = self.__head
             self.__sentinel.next = None
             self.__head = self.__sentinel</pre></div><div class="alert alert-secondary"><pre class="diff">============================= test session starts ==============================
platform linux -- Python 3.10.10, pytest-7.2.1, pluggy-1.0.0
rootdir: /home/auri/temp/lucca/python_experiments/stack3
collected 9 items

WHOLE_SUITE/test_stack3_WHOLE_SUITE.py .........                         [100%]

============================== 9 passed in 0.15s ===============================
</pre></div></div></div></div></div><div class="mb-1" id="job_list___sub_accordion_30"><div class="card"><a data-toggle="collapse" data-target="#job_list___sub_collapse_30_1" aria-expanded="false" aria-controls="job_list___sub_collapse_30_1" href="#" class="job_list___sub_multi_heading"><div role="alert" class="card-header alert-danger" id="job_list___sub_heading_30_1"><button class="btn btn-outline-danger"><span class="job_id">30 : Job ID 2b6ee45517de408bbbb5ed8db9e5adf7</span></button></div></a><div aria-labelledby="job_list___sub_heading_30_1" data-parent="#job_list___sub_accordion_30" class="collapse job_list___sub_multi_collapse" id="job_list___sub_collapse_30_1"><div class="card-body"><div class="work-item"><div class="alert alert-danger test-outcome" role="alert"><p>SURVIVED</p><p>worker outcome: normal</p><p>test outcome: survived</p></div></div><pre class="location"><a href="pycharm://open?file=stack3.py&amp;line=40" class="text-secondary"><button class="btn btn-outline-dark">stack3.py, start pos: (40, 23), end pos: (40, 25)</button></a></pre><pre>operator: core/ReplaceComparisonOperator_GtE_Lt, occurrence: 0</pre><div class="alert alert-secondary"><pre class="diff">--- mutation diff ---
--- astack3.py
+++ bstack3.py
@@ -37,7 +37,7 @@
 
         if self.__size == 0:
             return None
-        if self.__size &gt;= 1:
+        if self.__size &lt; 1:
             nodeToRemove = self.__head
             self.__sentinel.next = None
             self.__head = self.__sentinel</pre></div><div class="alert alert-secondary"><pre class="diff">============================= test session starts ==============================
platform linux -- Python 3.10.10, pytest-7.2.1, pluggy-1.0.0
rootdir: /home/auri/temp/lucca/python_experiments/stack3
collected 9 items

WHOLE_SUITE/test_stack3_WHOLE_SUITE.py .........                         [100%]

============================== 9 passed in 0.16s ===============================
</pre></div></div></div></div></div><div class="mb-1" id="job_list___sub_accordion_31"><div class="card"><a data-toggle="collapse" data-target="#job_list___sub_collapse_31_1" aria-expanded="false" aria-controls="job_list___sub_collapse_31_1" href="#" class="job_list___sub_multi_heading"><div role="alert" class="card-header alert-danger" id="job_list___sub_heading_31_1"><button class="btn btn-outline-danger"><span class="job_id">31 : Job ID cef069a43fbc49f19e54d8e1be9dd0e3</span></button></div></a><div aria-labelledby="job_list___sub_heading_31_1" data-parent="#job_list___sub_accordion_31" class="collapse job_list___sub_multi_collapse" id="job_list___sub_collapse_31_1"><div class="card-body"><div class="work-item"><div class="alert alert-danger test-outcome" role="alert"><p>SURVIVED</p><p>worker outcome: normal</p><p>test outcome: survived</p></div></div><pre class="location"><a href="pycharm://open?file=stack3.py&amp;line=40" class="text-secondary"><button class="btn btn-outline-dark">stack3.py, start pos: (40, 23), end pos: (40, 25)</button></a></pre><pre>operator: core/ReplaceComparisonOperator_GtE_LtE, occurrence: 0</pre><div class="alert alert-secondary"><pre class="diff">--- mutation diff ---
--- astack3.py
+++ bstack3.py
@@ -37,7 +37,7 @@
 
         if self.__size == 0:
             return None
-        if self.__size &gt;= 1:
+        if self.__size &lt;= 1:
             nodeToRemove = self.__head
             self.__sentinel.next = None
             self.__head = self.__sentinel</pre></div><div class="alert alert-secondary"><pre class="diff">============================= test session starts ==============================
platform linux -- Python 3.10.10, pytest-7.2.1, pluggy-1.0.0
rootdir: /home/auri/temp/lucca/python_experiments/stack3
collected 9 items

WHOLE_SUITE/test_stack3_WHOLE_SUITE.py .........                         [100%]

============================== 9 passed in 0.18s ===============================
</pre></div></div></div></div></div><div class="mb-1" id="job_list___sub_accordion_32"><div class="card"><a data-toggle="collapse" data-target="#job_list___sub_collapse_32_1" aria-expanded="false" aria-controls="job_list___sub_collapse_32_1" href="#" class="job_list___sub_multi_heading"><div role="alert" class="card-header alert-danger" id="job_list___sub_heading_32_1"><button class="btn btn-outline-danger"><span class="job_id">32 : Job ID 227792ab4ebf4cc1af2205a347f449c7</span></button></div></a><div aria-labelledby="job_list___sub_heading_32_1" data-parent="#job_list___sub_accordion_32" class="collapse job_list___sub_multi_collapse" id="job_list___sub_collapse_32_1"><div class="card-body"><div class="work-item"><div class="alert alert-danger test-outcome" role="alert"><p>SURVIVED</p><p>worker outcome: normal</p><p>test outcome: survived</p></div></div><pre class="location"><a href="pycharm://open?file=stack3.py&amp;line=40" class="text-secondary"><button class="btn btn-outline-dark">stack3.py, start pos: (40, 23), end pos: (40, 25)</button></a></pre><pre>operator: core/ReplaceComparisonOperator_GtE_Gt, occurrence: 0</pre><div class="alert alert-secondary"><pre class="diff">--- mutation diff ---
--- astack3.py
+++ bstack3.py
@@ -37,7 +37,7 @@
 
         if self.__size == 0:
             return None
-        if self.__size &gt;= 1:
+        if self.__size &gt; 1:
             nodeToRemove = self.__head
             self.__sentinel.next = None
             self.__head = self.__sentinel</pre></div><div class="alert alert-secondary"><pre class="diff">============================= test session starts ==============================
platform linux -- Python 3.10.10, pytest-7.2.1, pluggy-1.0.0
rootdir: /home/auri/temp/lucca/python_experiments/stack3
collected 9 items

WHOLE_SUITE/test_stack3_WHOLE_SUITE.py .........                         [100%]

============================== 9 passed in 0.13s ===============================
</pre></div></div></div></div></div><div class="mb-1" id="job_list___sub_accordion_33"><div class="card"><a data-toggle="collapse" data-target="#job_list___sub_collapse_33_1" aria-expanded="false" aria-controls="job_list___sub_collapse_33_1" href="#" class="job_list___sub_multi_heading"><div role="alert" class="card-header alert-danger" id="job_list___sub_heading_33_1"><button class="btn btn-outline-danger"><span class="job_id">33 : Job ID c5618a1888c4499f8d749abc63b1a369</span></button></div></a><div aria-labelledby="job_list___sub_heading_33_1" data-parent="#job_list___sub_accordion_33" class="collapse job_list___sub_multi_collapse" id="job_list___sub_collapse_33_1"><div class="card-body"><div class="work-item"><div class="alert alert-danger test-outcome" role="alert"><p>SURVIVED</p><p>worker outcome: normal</p><p>test outcome: survived</p></div></div><pre class="location"><a href="pycharm://open?file=stack3.py&amp;line=137" class="text-secondary"><button class="btn btn-outline-dark">stack3.py, start pos: (137, 44), end pos: (137, 45)</button></a></pre><pre>operator: core/ReplaceUnaryOperator_USub_UAdd, occurrence: 0</pre><div class="alert alert-secondary"><pre class="diff">--- mutation diff ---
--- astack3.py
+++ bstack3.py
@@ -134,7 +134,7 @@
 
         """Get string representation of the stack."""
 
-        return str(self.__stack.toArray()[::-1])
+        return str(self.__stack.toArray()[::+1])
 
 
 if __name__ == "__main__":</pre></div><div class="alert alert-secondary"><pre class="diff">============================= test session starts ==============================
platform linux -- Python 3.10.10, pytest-7.2.1, pluggy-1.0.0
rootdir: /home/auri/temp/lucca/python_experiments/stack3
collected 9 items

WHOLE_SUITE/test_stack3_WHOLE_SUITE.py .........                         [100%]

============================== 9 passed in 0.16s ===============================
</pre></div></div></div></div></div><div class="mb-1" id="job_list___sub_accordion_34"><div class="card"><a data-toggle="collapse" data-target="#job_list___sub_collapse_34_1" aria-expanded="false" aria-controls="job_list___sub_collapse_34_1" href="#" class="job_list___sub_multi_heading"><div role="alert" class="card-header alert-danger" id="job_list___sub_heading_34_1"><button class="btn btn-outline-danger"><span class="job_id">34 : Job ID 6af3e41808354af09613ab9ef576775c</span></button></div></a><div aria-labelledby="job_list___sub_heading_34_1" data-parent="#job_list___sub_accordion_34" class="collapse job_list___sub_multi_collapse" id="job_list___sub_collapse_34_1"><div class="card-body"><div class="work-item"><div class="alert alert-danger test-outcome" role="alert"><p>SURVIVED</p><p>worker outcome: normal</p><p>test outcome: survived</p></div></div><pre class="location"><a href="pycharm://open?file=stack3.py&amp;line=137" class="text-secondary"><button class="btn btn-outline-dark">stack3.py, start pos: (137, 44), end pos: (137, 45)</button></a></pre><pre>operator: core/ReplaceUnaryOperator_USub_Invert, occurrence: 0</pre><div class="alert alert-secondary"><pre class="diff">--- mutation diff ---
--- astack3.py
+++ bstack3.py
@@ -134,7 +134,7 @@
 
         """Get string representation of the stack."""
 
-        return str(self.__stack.toArray()[::-1])
+        return str(self.__stack.toArray()[::~1])
 
 
 if __name__ == "__main__":</pre></div><div class="alert alert-secondary"><pre class="diff">============================= test session starts ==============================
platform linux -- Python 3.10.10, pytest-7.2.1, pluggy-1.0.0
rootdir: /home/auri/temp/lucca/python_experiments/stack3
collected 9 items

WHOLE_SUITE/test_stack3_WHOLE_SUITE.py .........                         [100%]

============================== 9 passed in 0.10s ===============================
</pre></div></div></div></div></div><div class="mb-1" id="job_list___sub_accordion_35"><div class="card"><a data-toggle="collapse" data-target="#job_list___sub_collapse_35_1" aria-expanded="false" aria-controls="job_list___sub_collapse_35_1" href="#" class="job_list___sub_multi_heading"><div role="alert" class="card-header alert-success" id="job_list___sub_heading_35_1"><button class="btn btn-outline-success"><span class="job_id">35 : Job ID 0b51fe6b2f5745658b1f4b6e65281e7b</span></button></div></a><div aria-labelledby="job_list___sub_heading_35_1" data-parent="#job_list___sub_accordion_35" class="collapse job_list___sub_multi_collapse" id="job_list___sub_collapse_35_1"><div class="card-body"><div class="work-item"><div class="alert alert-success test-outcome" role="alert"><p>worker outcome: normal</p><p>test outcome: killed</p></div></div><pre class="location"><a href="pycharm://open?file=stack3.py&amp;line=137" class="text-secondary"><button class="btn btn-outline-dark">stack3.py, start pos: (137, 44), end pos: (137, 45)</button></a></pre><pre>operator: core/ReplaceUnaryOperator_USub_Not, occurrence: 0</pre><div class="alert alert-secondary"><pre class="diff">--- mutation diff ---
--- astack3.py
+++ bstack3.py
@@ -134,7 +134,7 @@
 
         """Get string representation of the stack."""
 
-        return str(self.__stack.toArray()[::-1])
+        return str(self.__stack.toArray()[::not 1])
 
 
 if __name__ == "__main__":</pre></div><div class="alert alert-secondary"><pre class="diff">============================= test session starts ==============================
platform linux -- Python 3.10.10, pytest-7.2.1, pluggy-1.0.0
rootdir: /home/auri/temp/lucca/python_experiments/stack3
collected 9 items

WHOLE_SUITE/test_stack3_WHOLE_SUITE.py ...F.....                         [100%]

=================================== FAILURES ===================================
_________________________________ test_case_3 __________________________________

    def test_case_3():
        bool_0 = False
        stack_0 = module_0.Stack()
        none_type_0 = stack_0.push(bool_0)
&gt;       str_0 = stack_0.__str__()

WHOLE_SUITE/test_stack3_WHOLE_SUITE.py:41: 
_ _ _ _ _ _ _ _ _ _ _ _ _ _ _ _ _ _ _ _ _ _ _ _ _ _ _ _ _ _ _ _ _ _ _ _ _ _ _ _ 

self = &lt;stack3.Stack object at 0x7fbc5d3bf340&gt;

    def __str__(self) -&gt; str:
    
        """Get string representation of the stack."""
    
&gt;       return str(self.__stack.toArray()[::not 1])
E       ValueError: slice step cannot be zero

stack3.py:137: ValueError
=========================== short test summary info ============================
FAILED WHOLE_SUITE/test_stack3_WHOLE_SUITE.py::test_case_3 - ValueError: slic...
========================= 1 failed, 8 passed in 0.33s ==========================
</pre></div></div></div></div></div><div class="mb-1" id="job_list___sub_accordion_36"><div class="card"><a data-toggle="collapse" data-target="#job_list___sub_collapse_36_1" aria-expanded="false" aria-controls="job_list___sub_collapse_36_1" href="#" class="job_list___sub_multi_heading"><div role="alert" class="card-header alert-danger" id="job_list___sub_heading_36_1"><button class="btn btn-outline-danger"><span class="job_id">36 : Job ID 31829c7f794b478da4b04244e388d3bf</span></button></div></a><div aria-labelledby="job_list___sub_heading_36_1" data-parent="#job_list___sub_accordion_36" class="collapse job_list___sub_multi_collapse" id="job_list___sub_collapse_36_1"><div class="card-body"><div class="work-item"><div class="alert alert-danger test-outcome" role="alert"><p>SURVIVED</p><p>worker outcome: normal</p><p>test outcome: survived</p></div></div><pre class="location"><a href="pycharm://open?file=stack3.py&amp;line=137" class="text-secondary"><button class="btn btn-outline-dark">stack3.py, start pos: (137, 44), end pos: (137, 45)</button></a></pre><pre>operator: core/ReplaceUnaryOperator_Delete_USub, occurrence: 0</pre><div class="alert alert-secondary"><pre class="diff">--- mutation diff ---
--- astack3.py
+++ bstack3.py
@@ -134,7 +134,7 @@
 
         """Get string representation of the stack."""
 
-        return str(self.__stack.toArray()[::-1])
+        return str(self.__stack.toArray()[::1])
 
 
 if __name__ == "__main__":</pre></div><div class="alert alert-secondary"><pre class="diff">============================= test session starts ==============================
platform linux -- Python 3.10.10, pytest-7.2.1, pluggy-1.0.0
rootdir: /home/auri/temp/lucca/python_experiments/stack3
collected 9 items

WHOLE_SUITE/test_stack3_WHOLE_SUITE.py .........                         [100%]

============================== 9 passed in 0.20s ===============================
</pre></div></div></div></div></div><div class="mb-1" id="job_list___sub_accordion_37"><div class="card"><a data-toggle="collapse" data-target="#job_list___sub_collapse_37_1" aria-expanded="false" aria-controls="job_list___sub_collapse_37_1" href="#" class="job_list___sub_multi_heading"><div role="alert" class="card-header alert-success" id="job_list___sub_heading_37_1"><button class="btn btn-outline-success"><span class="job_id">37 : Job ID c08617abf1ae485595f149216084a158</span></button></div></a><div aria-labelledby="job_list___sub_heading_37_1" data-parent="#job_list___sub_accordion_37" class="collapse job_list___sub_multi_collapse" id="job_list___sub_collapse_37_1"><div class="card-body"><div class="work-item"><div class="alert alert-success test-outcome" role="alert"><p>worker outcome: normal</p><p>test outcome: killed</p></div></div><pre class="location"><a href="pycharm://open?file=stack3.py&amp;line=24" class="text-secondary"><button class="btn btn-outline-dark">stack3.py, start pos: (24, 11), end pos: (24, 27)</button></a></pre><pre>operator: core/AddNot, occurrence: 0</pre><div class="alert alert-secondary"><pre class="diff">--- mutation diff ---
--- astack3.py
+++ bstack3.py
@@ -21,7 +21,7 @@
         """Add element to linked list."""
 
         newNode = Node(value)
-        if self.__size == 0:
+        if not self.__size == 0:
             self.__head.next = newNode
             self.__head = newNode
             self.__size += 1</pre></div><div class="alert alert-secondary"><pre class="diff">timeout</pre></div></div></div></div></div><div class="mb-1" id="job_list___sub_accordion_38"><div class="card"><a data-toggle="collapse" data-target="#job_list___sub_collapse_38_1" aria-expanded="false" aria-controls="job_list___sub_collapse_38_1" href="#" class="job_list___sub_multi_heading"><div role="alert" class="card-header alert-success" id="job_list___sub_heading_38_1"><button class="btn btn-outline-success"><span class="job_id">38 : Job ID 5e558d96ef69406f97390a60dffdf80e</span></button></div></a><div aria-labelledby="job_list___sub_heading_38_1" data-parent="#job_list___sub_accordion_38" class="collapse job_list___sub_multi_collapse" id="job_list___sub_collapse_38_1"><div class="card-body"><div class="work-item"><div class="alert alert-success test-outcome" role="alert"><p>worker outcome: normal</p><p>test outcome: killed</p></div></div><pre class="location"><a href="pycharm://open?file=stack3.py&amp;line=38" class="text-secondary"><button class="btn btn-outline-dark">stack3.py, start pos: (38, 11), end pos: (38, 27)</button></a></pre><pre>operator: core/AddNot, occurrence: 1</pre><div class="alert alert-secondary"><pre class="diff">--- mutation diff ---
--- astack3.py
+++ bstack3.py
@@ -35,7 +35,7 @@
 
         """Remove node from linkedlist."""
 
-        if self.__size == 0:
+        if not self.__size == 0:
             return None
         if self.__size &gt;= 1:
             nodeToRemove = self.__head</pre></div><div class="alert alert-secondary"><pre class="diff">============================= test session starts ==============================
platform linux -- Python 3.10.10, pytest-7.2.1, pluggy-1.0.0
rootdir: /home/auri/temp/lucca/python_experiments/stack3
collected 9 items

WHOLE_SUITE/test_stack3_WHOLE_SUITE.py .F..FF..F                         [100%]

=================================== FAILURES ===================================
_________________________________ test_case_1 __________________________________

    def test_case_1():
        singly_linked_list_0 = module_0.SinglyLinkedList()
        none_type_0 = singly_linked_list_0.add(singly_linked_list_0)
        str_0 = singly_linked_list_0.__str__()
        none_type_1 = singly_linked_list_0.add(singly_linked_list_0)
        str_1 = singly_linked_list_0.__str__()
        var_0 = singly_linked_list_0.remove()
&gt;       assert f'{type(var_0).__module__}.{type(var_0).__qualname__}' == 'stack3.Node'
E       AssertionError: assert 'builtins.NoneType' == 'stack3.Node'
E         - stack3.Node
E         + builtins.NoneType

WHOLE_SUITE/test_stack3_WHOLE_SUITE.py:20: AssertionError
_________________________________ test_case_4 __________________________________

    def test_case_4():
        bytes_0 = b'W)\x0e\xb6\x96'
        stack_0 = module_0.Stack()
        none_type_0 = stack_0.push(bytes_0)
        var_0 = stack_0.pop()
&gt;       assert f'{type(var_0).__module__}.{type(var_0).__qualname__}' == 'stack3.Node'
E       AssertionError: assert 'builtins.NoneType' == 'stack3.Node'
E         - stack3.Node
E         + builtins.NoneType

WHOLE_SUITE/test_stack3_WHOLE_SUITE.py:63: AssertionError
_________________________________ test_case_5 __________________________________

    def test_case_5():
        singly_linked_list_0 = module_0.SinglyLinkedList()
        var_0 = singly_linked_list_0.remove()
        int_0 = singly_linked_list_0.getSize()
&gt;       assert int_0 == 0
E       assert -1 == 0

WHOLE_SUITE/test_stack3_WHOLE_SUITE.py:71: AssertionError
_________________________________ test_case_8 __________________________________

    def test_case_8():
        singly_linked_list_0 = module_0.SinglyLinkedList()
        var_0 = singly_linked_list_0.remove()
        node_0 = module_0.Node(var_0)
&gt;       assert node_0.value is None
E       assert &lt;stack3.Node object at 0x7f5d67d92e30&gt; is None
E        +  where &lt;stack3.Node object at 0x7f5d67d92e30&gt; = &lt;stack3.Node object at 0x7f5d67d90280&gt;.value

WHOLE_SUITE/test_stack3_WHOLE_SUITE.py:92: AssertionError
=========================== short test summary info ============================
FAILED WHOLE_SUITE/test_stack3_WHOLE_SUITE.py::test_case_1 - AssertionError: ...
FAILED WHOLE_SUITE/test_stack3_WHOLE_SUITE.py::test_case_4 - AssertionError: ...
FAILED WHOLE_SUITE/test_stack3_WHOLE_SUITE.py::test_case_5 - assert -1 == 0
FAILED WHOLE_SUITE/test_stack3_WHOLE_SUITE.py::test_case_8 - assert &lt;stack3.N...
========================= 4 failed, 5 passed in 0.25s ==========================
</pre></div></div></div></div></div><div class="mb-1" id="job_list___sub_accordion_39"><div class="card"><a data-toggle="collapse" data-target="#job_list___sub_collapse_39_1" aria-expanded="false" aria-controls="job_list___sub_collapse_39_1" href="#" class="job_list___sub_multi_heading"><div role="alert" class="card-header alert-danger" id="job_list___sub_heading_39_1"><button class="btn btn-outline-danger"><span class="job_id">39 : Job ID 4f97c3ea457c4289a8298a2ebbacab6b</span></button></div></a><div aria-labelledby="job_list___sub_heading_39_1" data-parent="#job_list___sub_accordion_39" class="collapse job_list___sub_multi_collapse" id="job_list___sub_collapse_39_1"><div class="card-body"><div class="work-item"><div class="alert alert-danger test-outcome" role="alert"><p>SURVIVED</p><p>worker outcome: normal</p><p>test outcome: survived</p></div></div><pre class="location"><a href="pycharm://open?file=stack3.py&amp;line=40" class="text-secondary"><button class="btn btn-outline-dark">stack3.py, start pos: (40, 11), end pos: (40, 27)</button></a></pre><pre>operator: core/AddNot, occurrence: 2</pre><div class="alert alert-secondary"><pre class="diff">--- mutation diff ---
--- astack3.py
+++ bstack3.py
@@ -37,7 +37,7 @@
 
         if self.__size == 0:
             return None
-        if self.__size &gt;= 1:
+        if not self.__size &gt;= 1:
             nodeToRemove = self.__head
             self.__sentinel.next = None
             self.__head = self.__sentinel</pre></div><div class="alert alert-secondary"><pre class="diff">============================= test session starts ==============================
platform linux -- Python 3.10.10, pytest-7.2.1, pluggy-1.0.0
rootdir: /home/auri/temp/lucca/python_experiments/stack3
collected 9 items

WHOLE_SUITE/test_stack3_WHOLE_SUITE.py .........                         [100%]

============================== 9 passed in 0.16s ===============================
</pre></div></div></div></div></div><div class="mb-1" id="job_list___sub_accordion_40"><div class="card"><a data-toggle="collapse" data-target="#job_list___sub_collapse_40_1" aria-expanded="false" aria-controls="job_list___sub_collapse_40_1" href="#" class="job_list___sub_multi_heading"><div role="alert" class="card-header alert-success" id="job_list___sub_heading_40_1"><button class="btn btn-outline-success"><span class="job_id">40 : Job ID 35248caa006d4513a65d18078750c85f</span></button></div></a><div aria-labelledby="job_list___sub_heading_40_1" data-parent="#job_list___sub_accordion_40" class="collapse job_list___sub_multi_collapse" id="job_list___sub_collapse_40_1"><div class="card-body"><div class="work-item"><div class="alert alert-success test-outcome" role="alert"><p>worker outcome: normal</p><p>test outcome: killed</p></div></div><pre class="location"><a href="pycharm://open?file=stack3.py&amp;line=75" class="text-secondary"><button class="btn btn-outline-dark">stack3.py, start pos: (75, 23), end pos: (75, 39)</button></a></pre><pre>operator: core/AddNot, occurrence: 3</pre><div class="alert alert-secondary"><pre class="diff">--- mutation diff ---
--- astack3.py
+++ bstack3.py
@@ -72,7 +72,7 @@
 
         """Checks if linkedlist is empty."""
 
-        return True if self.__size == 0 else False
+        return True if not self.__size == 0 else False
 
     def toArray(self) -&gt; list:
 </pre></div><div class="alert alert-secondary"><pre class="diff">============================= test session starts ==============================
platform linux -- Python 3.10.10, pytest-7.2.1, pluggy-1.0.0
rootdir: /home/auri/temp/lucca/python_experiments/stack3
collected 9 items

WHOLE_SUITE/test_stack3_WHOLE_SUITE.py .F.....F.                         [100%]

=================================== FAILURES ===================================
_________________________________ test_case_1 __________________________________

    def test_case_1():
        singly_linked_list_0 = module_0.SinglyLinkedList()
        none_type_0 = singly_linked_list_0.add(singly_linked_list_0)
        str_0 = singly_linked_list_0.__str__()
        none_type_1 = singly_linked_list_0.add(singly_linked_list_0)
        str_1 = singly_linked_list_0.__str__()
        var_0 = singly_linked_list_0.remove()
        assert f'{type(var_0).__module__}.{type(var_0).__qualname__}' == 'stack3.Node'
        assert f'{type(var_0.value).__module__}.{type(var_0.value).__qualname__}' == 'stack3.SinglyLinkedList'
        assert f'{type(var_0.next).__module__}.{type(var_0.next).__qualname__}' == 'stack3.Node'
        singly_linked_list_1 = module_0.SinglyLinkedList()
        int_0 = singly_linked_list_0.getSize()
        assert int_0 == 1
        bool_0 = singly_linked_list_0.isEmpty()
&gt;       assert bool_0 is False
E       assert True is False

WHOLE_SUITE/test_stack3_WHOLE_SUITE.py:27: AssertionError
_________________________________ test_case_7 __________________________________

    def test_case_7():
        singly_linked_list_0 = module_0.SinglyLinkedList()
        bool_0 = singly_linked_list_0.isEmpty()
&gt;       assert bool_0 is True
E       assert False is True

WHOLE_SUITE/test_stack3_WHOLE_SUITE.py:83: AssertionError
=========================== short test summary info ============================
FAILED WHOLE_SUITE/test_stack3_WHOLE_SUITE.py::test_case_1 - assert True is F...
FAILED WHOLE_SUITE/test_stack3_WHOLE_SUITE.py::test_case_7 - assert False is ...
========================= 2 failed, 7 passed in 0.29s ==========================
</pre></div></div></div></div></div><div class="mb-1" id="job_list___sub_accordion_41"><div class="card"><a data-toggle="collapse" data-target="#job_list___sub_collapse_41_1" aria-expanded="false" aria-controls="job_list___sub_collapse_41_1" href="#" class="job_list___sub_multi_heading"><div role="alert" class="card-header alert-success" id="job_list___sub_heading_41_1"><button class="btn btn-outline-success"><span class="job_id">41 : Job ID b61943fa568545248309c864baef1540</span></button></div></a><div aria-labelledby="job_list___sub_heading_41_1" data-parent="#job_list___sub_accordion_41" class="collapse job_list___sub_multi_collapse" id="job_list___sub_collapse_41_1"><div class="card-body"><div class="work-item"><div class="alert alert-success test-outcome" role="alert"><p>worker outcome: normal</p><p>test outcome: killed</p></div></div><pre class="location"><a href="pycharm://open?file=stack3.py&amp;line=83" class="text-secondary"><button class="btn btn-outline-dark">stack3.py, start pos: (83, 14), end pos: (83, 21)</button></a></pre><pre>operator: core/AddNot, occurrence: 4</pre><div class="alert alert-secondary"><pre class="diff">--- mutation diff ---
--- astack3.py
+++ bstack3.py
@@ -80,7 +80,7 @@
 
         arr = []
         current = self.__head
-        while current:
+        while not current:
             arr.append(current.value)
             current = current.next
         return arr</pre></div><div class="alert alert-secondary"><pre class="diff">============================= test session starts ==============================
platform linux -- Python 3.10.10, pytest-7.2.1, pluggy-1.0.0
rootdir: /home/auri/temp/lucca/python_experiments/stack3
collected 9 items

WHOLE_SUITE/test_stack3_WHOLE_SUITE.py ...F.....                         [100%]

=================================== FAILURES ===================================
_________________________________ test_case_3 __________________________________

    def test_case_3():
        bool_0 = False
        stack_0 = module_0.Stack()
        none_type_0 = stack_0.push(bool_0)
        str_0 = stack_0.__str__()
&gt;       assert str_0 == '[False]'
E       AssertionError: assert '[]' == '[False]'
E         - [False]
E         + []

WHOLE_SUITE/test_stack3_WHOLE_SUITE.py:42: AssertionError
=========================== short test summary info ============================
FAILED WHOLE_SUITE/test_stack3_WHOLE_SUITE.py::test_case_3 - AssertionError: ...
========================= 1 failed, 8 passed in 0.29s ==========================
</pre></div></div></div></div></div><div class="mb-1" id="job_list___sub_accordion_42"><div class="card"><a data-toggle="collapse" data-target="#job_list___sub_collapse_42_1" aria-expanded="false" aria-controls="job_list___sub_collapse_42_1" href="#" class="job_list___sub_multi_heading"><div role="alert" class="card-header alert-success" id="job_list___sub_heading_42_1"><button class="btn btn-outline-success"><span class="job_id">42 : Job ID 59a04311a3564bda9e40e03c122e392d</span></button></div></a><div aria-labelledby="job_list___sub_heading_42_1" data-parent="#job_list___sub_accordion_42" class="collapse job_list___sub_multi_collapse" id="job_list___sub_collapse_42_1"><div class="card-body"><div class="work-item"><div class="alert alert-success test-outcome" role="alert"><p>worker outcome: normal</p><p>test outcome: killed</p></div></div><pre class="location"><a href="pycharm://open?file=stack3.py&amp;line=94" class="text-secondary"><button class="btn btn-outline-dark">stack3.py, start pos: (94, 14), end pos: (94, 21)</button></a></pre><pre>operator: core/AddNot, occurrence: 5</pre><div class="alert alert-secondary"><pre class="diff">--- mutation diff ---
--- astack3.py
+++ bstack3.py
@@ -91,7 +91,7 @@
 
         arr = []
         current = self.__head
-        while current:
+        while not current:
             arr.append(current.value)
             current = current.next
         return str(arr)</pre></div><div class="alert alert-secondary"><pre class="diff">============================= test session starts ==============================
platform linux -- Python 3.10.10, pytest-7.2.1, pluggy-1.0.0
rootdir: /home/auri/temp/lucca/python_experiments/stack3
collected 9 items

WHOLE_SUITE/test_stack3_WHOLE_SUITE.py .....F...                         [100%]

=================================== FAILURES ===================================
_________________________________ test_case_5 __________________________________

    def test_case_5():
        singly_linked_list_0 = module_0.SinglyLinkedList()
        var_0 = singly_linked_list_0.remove()
        int_0 = singly_linked_list_0.getSize()
        assert int_0 == 0
        str_0 = singly_linked_list_0.__str__()
&gt;       assert str_0 == '[None]'
E       AssertionError: assert '[]' == '[None]'
E         - [None]
E         + []

WHOLE_SUITE/test_stack3_WHOLE_SUITE.py:73: AssertionError
=========================== short test summary info ============================
FAILED WHOLE_SUITE/test_stack3_WHOLE_SUITE.py::test_case_5 - AssertionError: ...
========================= 1 failed, 8 passed in 0.30s ==========================
</pre></div></div></div></div></div><div class="mb-1" id="job_list___sub_accordion_43"><div class="card"><a data-toggle="collapse" data-target="#job_list___sub_collapse_43_1" aria-expanded="false" aria-controls="job_list___sub_collapse_43_1" href="#" class="job_list___sub_multi_heading"><div role="alert" class="card-header alert-success" id="job_list___sub_heading_43_1"><button class="btn btn-outline-success"><span class="job_id">43 : Job ID 9a445172733b4fad9721d1a8dc7f74fb</span></button></div></a><div aria-labelledby="job_list___sub_heading_43_1" data-parent="#job_list___sub_accordion_43" class="collapse job_list___sub_multi_collapse" id="job_list___sub_collapse_43_1"><div class="card-body"><div class="work-item"><div class="alert alert-success test-outcome" role="alert"><p>worker outcome: normal</p><p>test outcome: killed</p></div></div><pre class="location"><a href="pycharm://open?file=stack3.py&amp;line=125" class="text-secondary"><button class="btn btn-outline-dark">stack3.py, start pos: (125, 23), end pos: (125, 50)</button></a></pre><pre>operator: core/AddNot, occurrence: 6</pre><div class="alert alert-secondary"><pre class="diff">--- mutation diff ---
--- astack3.py
+++ bstack3.py
@@ -122,7 +122,7 @@
 
         """Check if stack is empty."""
 
-        return True if self.__stack.getSize() == 0 else False
+        return True if not self.__stack.getSize() == 0 else False
 
     def getSize(self) -&gt; int:
 </pre></div><div class="alert alert-secondary"><pre class="diff">============================= test session starts ==============================
platform linux -- Python 3.10.10, pytest-7.2.1, pluggy-1.0.0
rootdir: /home/auri/temp/lucca/python_experiments/stack3
collected 9 items

WHOLE_SUITE/test_stack3_WHOLE_SUITE.py ..FF.....                         [100%]

=================================== FAILURES ===================================
_________________________________ test_case_2 __________________________________

    def test_case_2():
        stack_0 = module_0.Stack()
        bool_0 = stack_0.isEmpty()
&gt;       assert bool_0 is True
E       assert False is True

WHOLE_SUITE/test_stack3_WHOLE_SUITE.py:33: AssertionError
_________________________________ test_case_3 __________________________________

    def test_case_3():
        bool_0 = False
        stack_0 = module_0.Stack()
        none_type_0 = stack_0.push(bool_0)
        str_0 = stack_0.__str__()
        assert str_0 == '[False]'
        none_type_1 = stack_0.push(stack_0)
        int_0 = stack_0.getSize()
        assert int_0 == 2
        bool_1 = stack_0.isEmpty()
&gt;       assert bool_1 is False
E       assert True is False

WHOLE_SUITE/test_stack3_WHOLE_SUITE.py:47: AssertionError
=========================== short test summary info ============================
FAILED WHOLE_SUITE/test_stack3_WHOLE_SUITE.py::test_case_2 - assert False is ...
FAILED WHOLE_SUITE/test_stack3_WHOLE_SUITE.py::test_case_3 - assert True is F...
========================= 2 failed, 7 passed in 0.30s ==========================
</pre></div></div></div></div></div><div class="mb-1" id="job_list___sub_accordion_44"><div class="card"><a data-toggle="collapse" data-target="#job_list___sub_collapse_44_1" aria-expanded="false" aria-controls="job_list___sub_collapse_44_1" href="#" class="job_list___sub_multi_heading"><div role="alert" class="card-header alert-danger" id="job_list___sub_heading_44_1"><button class="btn btn-outline-danger"><span class="job_id">44 : Job ID 6aa7057475f34022b2bbc2f994088fcc</span></button></div></a><div aria-labelledby="job_list___sub_heading_44_1" data-parent="#job_list___sub_accordion_44" class="collapse job_list___sub_multi_collapse" id="job_list___sub_collapse_44_1"><div class="card-body"><div class="work-item"><div class="alert alert-danger test-outcome" role="alert"><p>SURVIVED</p><p>worker outcome: normal</p><p>test outcome: survived</p></div></div><pre class="location"><a href="pycharm://open?file=stack3.py&amp;line=140" class="text-secondary"><button class="btn btn-outline-dark">stack3.py, start pos: (140, 3), end pos: (140, 25)</button></a></pre><pre>operator: core/AddNot, occurrence: 7</pre><div class="alert alert-secondary"><pre class="diff">--- mutation diff ---
--- astack3.py
+++ bstack3.py
@@ -137,6 +137,6 @@
         return str(self.__stack.toArray()[::-1])
 
 
-if __name__ == "__main__":
+if not __name__ == "__main__":
     pass
 </pre></div><div class="alert alert-secondary"><pre class="diff">============================= test session starts ==============================
platform linux -- Python 3.10.10, pytest-7.2.1, pluggy-1.0.0
rootdir: /home/auri/temp/lucca/python_experiments/stack3
collected 9 items

WHOLE_SUITE/test_stack3_WHOLE_SUITE.py .........                         [100%]

============================== 9 passed in 0.15s ===============================
</pre></div></div></div></div></div><div class="mb-1" id="job_list___sub_accordion_45"><div class="card"><a data-toggle="collapse" data-target="#job_list___sub_collapse_45_1" aria-expanded="false" aria-controls="job_list___sub_collapse_45_1" href="#" class="job_list___sub_multi_heading"><div role="alert" class="card-header alert-success" id="job_list___sub_heading_45_1"><button class="btn btn-outline-success"><span class="job_id">45 : Job ID b3f4dbd5e3aa4be88413713a957b1c60</span></button></div></a><div aria-labelledby="job_list___sub_heading_45_1" data-parent="#job_list___sub_accordion_45" class="collapse job_list___sub_multi_collapse" id="job_list___sub_collapse_45_1"><div class="card-body"><div class="work-item"><div class="alert alert-success test-outcome" role="alert"><p>worker outcome: normal</p><p>test outcome: killed</p></div></div><pre class="location"><a href="pycharm://open?file=stack3.py&amp;line=75" class="text-secondary"><button class="btn btn-outline-dark">stack3.py, start pos: (75, 15), end pos: (75, 19)</button></a></pre><pre>operator: core/ReplaceTrueWithFalse, occurrence: 0</pre><div class="alert alert-secondary"><pre class="diff">--- mutation diff ---
--- astack3.py
+++ bstack3.py
@@ -72,7 +72,7 @@
 
         """Checks if linkedlist is empty."""
 
-        return True if self.__size == 0 else False
+        return False if self.__size == 0 else False
 
     def toArray(self) -&gt; list:
 </pre></div><div class="alert alert-secondary"><pre class="diff">============================= test session starts ==============================
platform linux -- Python 3.10.10, pytest-7.2.1, pluggy-1.0.0
rootdir: /home/auri/temp/lucca/python_experiments/stack3
collected 9 items

WHOLE_SUITE/test_stack3_WHOLE_SUITE.py .......F.                         [100%]

=================================== FAILURES ===================================
_________________________________ test_case_7 __________________________________

    def test_case_7():
        singly_linked_list_0 = module_0.SinglyLinkedList()
        bool_0 = singly_linked_list_0.isEmpty()
&gt;       assert bool_0 is True
E       assert False is True

WHOLE_SUITE/test_stack3_WHOLE_SUITE.py:83: AssertionError
=========================== short test summary info ============================
FAILED WHOLE_SUITE/test_stack3_WHOLE_SUITE.py::test_case_7 - assert False is ...
========================= 1 failed, 8 passed in 0.29s ==========================
</pre></div></div></div></div></div><div class="mb-1" id="job_list___sub_accordion_46"><div class="card"><a data-toggle="collapse" data-target="#job_list___sub_collapse_46_1" aria-expanded="false" aria-controls="job_list___sub_collapse_46_1" href="#" class="job_list___sub_multi_heading"><div role="alert" class="card-header alert-success" id="job_list___sub_heading_46_1"><button class="btn btn-outline-success"><span class="job_id">46 : Job ID af3683ad14de497b8053eeea028561cc</span></button></div></a><div aria-labelledby="job_list___sub_heading_46_1" data-parent="#job_list___sub_accordion_46" class="collapse job_list___sub_multi_collapse" id="job_list___sub_collapse_46_1"><div class="card-body"><div class="work-item"><div class="alert alert-success test-outcome" role="alert"><p>worker outcome: normal</p><p>test outcome: killed</p></div></div><pre class="location"><a href="pycharm://open?file=stack3.py&amp;line=125" class="text-secondary"><button class="btn btn-outline-dark">stack3.py, start pos: (125, 15), end pos: (125, 19)</button></a></pre><pre>operator: core/ReplaceTrueWithFalse, occurrence: 1</pre><div class="alert alert-secondary"><pre class="diff">--- mutation diff ---
--- astack3.py
+++ bstack3.py
@@ -122,7 +122,7 @@
 
         """Check if stack is empty."""
 
-        return True if self.__stack.getSize() == 0 else False
+        return False if self.__stack.getSize() == 0 else False
 
     def getSize(self) -&gt; int:
 </pre></div><div class="alert alert-secondary"><pre class="diff">============================= test session starts ==============================
platform linux -- Python 3.10.10, pytest-7.2.1, pluggy-1.0.0
rootdir: /home/auri/temp/lucca/python_experiments/stack3
collected 9 items

WHOLE_SUITE/test_stack3_WHOLE_SUITE.py ..F......                         [100%]

=================================== FAILURES ===================================
_________________________________ test_case_2 __________________________________

    def test_case_2():
        stack_0 = module_0.Stack()
        bool_0 = stack_0.isEmpty()
&gt;       assert bool_0 is True
E       assert False is True

WHOLE_SUITE/test_stack3_WHOLE_SUITE.py:33: AssertionError
=========================== short test summary info ============================
FAILED WHOLE_SUITE/test_stack3_WHOLE_SUITE.py::test_case_2 - assert False is ...
========================= 1 failed, 8 passed in 0.28s ==========================
</pre></div></div></div></div></div><div class="mb-1" id="job_list___sub_accordion_47"><div class="card"><a data-toggle="collapse" data-target="#job_list___sub_collapse_47_1" aria-expanded="false" aria-controls="job_list___sub_collapse_47_1" href="#" class="job_list___sub_multi_heading"><div role="alert" class="card-header alert-success" id="job_list___sub_heading_47_1"><button class="btn btn-outline-success"><span class="job_id">47 : Job ID dc3b4e47a5544e44864138599c59815c</span></button></div></a><div aria-labelledby="job_list___sub_heading_47_1" data-parent="#job_list___sub_accordion_47" class="collapse job_list___sub_multi_collapse" id="job_list___sub_collapse_47_1"><div class="card-body"><div class="work-item"><div class="alert alert-success test-outcome" role="alert"><p>worker outcome: normal</p><p>test outcome: killed</p></div></div><pre class="location"><a href="pycharm://open?file=stack3.py&amp;line=75" class="text-secondary"><button class="btn btn-outline-dark">stack3.py, start pos: (75, 45), end pos: (75, 50)</button></a></pre><pre>operator: core/ReplaceFalseWithTrue, occurrence: 0</pre><div class="alert alert-secondary"><pre class="diff">--- mutation diff ---
--- astack3.py
+++ bstack3.py
@@ -72,7 +72,7 @@
 
         """Checks if linkedlist is empty."""
 
-        return True if self.__size == 0 else False
+        return True if self.__size == 0 else True
 
     def toArray(self) -&gt; list:
 </pre></div><div class="alert alert-secondary"><pre class="diff">============================= test session starts ==============================
platform linux -- Python 3.10.10, pytest-7.2.1, pluggy-1.0.0
rootdir: /home/auri/temp/lucca/python_experiments/stack3
collected 9 items

WHOLE_SUITE/test_stack3_WHOLE_SUITE.py .F.......                         [100%]

=================================== FAILURES ===================================
_________________________________ test_case_1 __________________________________

    def test_case_1():
        singly_linked_list_0 = module_0.SinglyLinkedList()
        none_type_0 = singly_linked_list_0.add(singly_linked_list_0)
        str_0 = singly_linked_list_0.__str__()
        none_type_1 = singly_linked_list_0.add(singly_linked_list_0)
        str_1 = singly_linked_list_0.__str__()
        var_0 = singly_linked_list_0.remove()
        assert f'{type(var_0).__module__}.{type(var_0).__qualname__}' == 'stack3.Node'
        assert f'{type(var_0.value).__module__}.{type(var_0.value).__qualname__}' == 'stack3.SinglyLinkedList'
        assert f'{type(var_0.next).__module__}.{type(var_0.next).__qualname__}' == 'stack3.Node'
        singly_linked_list_1 = module_0.SinglyLinkedList()
        int_0 = singly_linked_list_0.getSize()
        assert int_0 == 1
        bool_0 = singly_linked_list_0.isEmpty()
&gt;       assert bool_0 is False
E       assert True is False

WHOLE_SUITE/test_stack3_WHOLE_SUITE.py:27: AssertionError
=========================== short test summary info ============================
FAILED WHOLE_SUITE/test_stack3_WHOLE_SUITE.py::test_case_1 - assert True is F...
========================= 1 failed, 8 passed in 0.16s ==========================
</pre></div></div></div></div></div><div class="mb-1" id="job_list___sub_accordion_48"><div class="card"><a data-toggle="collapse" data-target="#job_list___sub_collapse_48_1" aria-expanded="false" aria-controls="job_list___sub_collapse_48_1" href="#" class="job_list___sub_multi_heading"><div role="alert" class="card-header alert-success" id="job_list___sub_heading_48_1"><button class="btn btn-outline-success"><span class="job_id">48 : Job ID 7976d5f2724f46aaae2720391acdd802</span></button></div></a><div aria-labelledby="job_list___sub_heading_48_1" data-parent="#job_list___sub_accordion_48" class="collapse job_list___sub_multi_collapse" id="job_list___sub_collapse_48_1"><div class="card-body"><div class="work-item"><div class="alert alert-success test-outcome" role="alert"><p>worker outcome: normal</p><p>test outcome: killed</p></div></div><pre class="location"><a href="pycharm://open?file=stack3.py&amp;line=125" class="text-secondary"><button class="btn btn-outline-dark">stack3.py, start pos: (125, 56), end pos: (125, 61)</button></a></pre><pre>operator: core/ReplaceFalseWithTrue, occurrence: 1</pre><div class="alert alert-secondary"><pre class="diff">--- mutation diff ---
--- astack3.py
+++ bstack3.py
@@ -122,7 +122,7 @@
 
         """Check if stack is empty."""
 
-        return True if self.__stack.getSize() == 0 else False
+        return True if self.__stack.getSize() == 0 else True
 
     def getSize(self) -&gt; int:
 </pre></div><div class="alert alert-secondary"><pre class="diff">============================= test session starts ==============================
platform linux -- Python 3.10.10, pytest-7.2.1, pluggy-1.0.0
rootdir: /home/auri/temp/lucca/python_experiments/stack3
collected 9 items

WHOLE_SUITE/test_stack3_WHOLE_SUITE.py ...F.....                         [100%]

=================================== FAILURES ===================================
_________________________________ test_case_3 __________________________________

    def test_case_3():
        bool_0 = False
        stack_0 = module_0.Stack()
        none_type_0 = stack_0.push(bool_0)
        str_0 = stack_0.__str__()
        assert str_0 == '[False]'
        none_type_1 = stack_0.push(stack_0)
        int_0 = stack_0.getSize()
        assert int_0 == 2
        bool_1 = stack_0.isEmpty()
&gt;       assert bool_1 is False
E       assert True is False

WHOLE_SUITE/test_stack3_WHOLE_SUITE.py:47: AssertionError
=========================== short test summary info ============================
FAILED WHOLE_SUITE/test_stack3_WHOLE_SUITE.py::test_case_3 - assert True is F...
========================= 1 failed, 8 passed in 0.32s ==========================
</pre></div></div></div></div></div><div class="mb-1" id="job_list___sub_accordion_49"><div class="card"><a data-toggle="collapse" data-target="#job_list___sub_collapse_49_1" aria-expanded="false" aria-controls="job_list___sub_collapse_49_1" href="#" class="job_list___sub_multi_heading"><div role="alert" class="card-header alert-success" id="job_list___sub_heading_49_1"><button class="btn btn-outline-success"><span class="job_id">49 : Job ID 7fbd9e2a51d94537afdb8970f4c49f74</span></button></div></a><div aria-labelledby="job_list___sub_heading_49_1" data-parent="#job_list___sub_accordion_49" class="collapse job_list___sub_multi_collapse" id="job_list___sub_collapse_49_1"><div class="card-body"><div class="work-item"><div class="alert alert-success test-outcome" role="alert"><p>worker outcome: normal</p><p>test outcome: killed</p></div></div><pre class="location"><a href="pycharm://open?file=stack3.py&amp;line=17" class="text-secondary"><button class="btn btn-outline-dark">stack3.py, start pos: (17, 22), end pos: (17, 23)</button></a></pre><pre>operator: core/NumberReplacer, occurrence: 0</pre><div class="alert alert-secondary"><pre class="diff">--- mutation diff ---
--- astack3.py
+++ bstack3.py
@@ -14,7 +14,7 @@
     def __init__(self):
         self.__sentinel = Node(None)
         self.__head = self.__sentinel
-        self.__size = 0
+        self.__size = 1
 
     def add(self, value: T) -&gt; None:
 </pre></div><div class="alert alert-secondary"><pre class="diff">timeout</pre></div></div></div></div></div><div class="mb-1" id="job_list___sub_accordion_50"><div class="card"><a data-toggle="collapse" data-target="#job_list___sub_collapse_50_1" aria-expanded="false" aria-controls="job_list___sub_collapse_50_1" href="#" class="job_list___sub_multi_heading"><div role="alert" class="card-header alert-success" id="job_list___sub_heading_50_1"><button class="btn btn-outline-success"><span class="job_id">50 : Job ID ae1e147566be464ba55539c1242539f7</span></button></div></a><div aria-labelledby="job_list___sub_heading_50_1" data-parent="#job_list___sub_accordion_50" class="collapse job_list___sub_multi_collapse" id="job_list___sub_collapse_50_1"><div class="card-body"><div class="work-item"><div class="alert alert-success test-outcome" role="alert"><p>worker outcome: normal</p><p>test outcome: killed</p></div></div><pre class="location"><a href="pycharm://open?file=stack3.py&amp;line=17" class="text-secondary"><button class="btn btn-outline-dark">stack3.py, start pos: (17, 22), end pos: (17, 23)</button></a></pre><pre>operator: core/NumberReplacer, occurrence: 1</pre><div class="alert alert-secondary"><pre class="diff">--- mutation diff ---
--- astack3.py
+++ bstack3.py
@@ -14,7 +14,7 @@
     def __init__(self):
         self.__sentinel = Node(None)
         self.__head = self.__sentinel
-        self.__size = 0
+        self.__size = -1
 
     def add(self, value: T) -&gt; None:
 </pre></div><div class="alert alert-secondary"><pre class="diff">timeout</pre></div></div></div></div></div><div class="mb-1" id="job_list___sub_accordion_51"><div class="card"><a data-toggle="collapse" data-target="#job_list___sub_collapse_51_1" aria-expanded="false" aria-controls="job_list___sub_collapse_51_1" href="#" class="job_list___sub_multi_heading"><div role="alert" class="card-header alert-success" id="job_list___sub_heading_51_1"><button class="btn btn-outline-success"><span class="job_id">51 : Job ID 946164164f4540208bf14d64b08a446f</span></button></div></a><div aria-labelledby="job_list___sub_heading_51_1" data-parent="#job_list___sub_accordion_51" class="collapse job_list___sub_multi_collapse" id="job_list___sub_collapse_51_1"><div class="card-body"><div class="work-item"><div class="alert alert-success test-outcome" role="alert"><p>worker outcome: normal</p><p>test outcome: killed</p></div></div><pre class="location"><a href="pycharm://open?file=stack3.py&amp;line=24" class="text-secondary"><button class="btn btn-outline-dark">stack3.py, start pos: (24, 26), end pos: (24, 27)</button></a></pre><pre>operator: core/NumberReplacer, occurrence: 2</pre><div class="alert alert-secondary"><pre class="diff">--- mutation diff ---
--- astack3.py
+++ bstack3.py
@@ -21,7 +21,7 @@
         """Add element to linked list."""
 
         newNode = Node(value)
-        if self.__size == 0:
+        if self.__size == 1:
             self.__head.next = newNode
             self.__head = newNode
             self.__size += 1</pre></div><div class="alert alert-secondary"><pre class="diff">timeout</pre></div></div></div></div></div><div class="mb-1" id="job_list___sub_accordion_52"><div class="card"><a data-toggle="collapse" data-target="#job_list___sub_collapse_52_1" aria-expanded="false" aria-controls="job_list___sub_collapse_52_1" href="#" class="job_list___sub_multi_heading"><div role="alert" class="card-header alert-success" id="job_list___sub_heading_52_1"><button class="btn btn-outline-success"><span class="job_id">52 : Job ID e85f57f152e544dc90434d9a81f57484</span></button></div></a><div aria-labelledby="job_list___sub_heading_52_1" data-parent="#job_list___sub_accordion_52" class="collapse job_list___sub_multi_collapse" id="job_list___sub_collapse_52_1"><div class="card-body"><div class="work-item"><div class="alert alert-success test-outcome" role="alert"><p>worker outcome: normal</p><p>test outcome: killed</p></div></div><pre class="location"><a href="pycharm://open?file=stack3.py&amp;line=24" class="text-secondary"><button class="btn btn-outline-dark">stack3.py, start pos: (24, 26), end pos: (24, 27)</button></a></pre><pre>operator: core/NumberReplacer, occurrence: 3</pre><div class="alert alert-secondary"><pre class="diff">--- mutation diff ---
--- astack3.py
+++ bstack3.py
@@ -21,7 +21,7 @@
         """Add element to linked list."""
 
         newNode = Node(value)
-        if self.__size == 0:
+        if self.__size == -1:
             self.__head.next = newNode
             self.__head = newNode
             self.__size += 1</pre></div><div class="alert alert-secondary"><pre class="diff">timeout</pre></div></div></div></div></div><div class="mb-1" id="job_list___sub_accordion_53"><div class="card"><a data-toggle="collapse" data-target="#job_list___sub_collapse_53_1" aria-expanded="false" aria-controls="job_list___sub_collapse_53_1" href="#" class="job_list___sub_multi_heading"><div role="alert" class="card-header alert-success" id="job_list___sub_heading_53_1"><button class="btn btn-outline-success"><span class="job_id">53 : Job ID 1873d53ea64948eba579e1b0bbcee75f</span></button></div></a><div aria-labelledby="job_list___sub_heading_53_1" data-parent="#job_list___sub_accordion_53" class="collapse job_list___sub_multi_collapse" id="job_list___sub_collapse_53_1"><div class="card-body"><div class="work-item"><div class="alert alert-success test-outcome" role="alert"><p>worker outcome: normal</p><p>test outcome: killed</p></div></div><pre class="location"><a href="pycharm://open?file=stack3.py&amp;line=27" class="text-secondary"><button class="btn btn-outline-dark">stack3.py, start pos: (27, 27), end pos: (27, 28)</button></a></pre><pre>operator: core/NumberReplacer, occurrence: 4</pre><div class="alert alert-secondary"><pre class="diff">--- mutation diff ---
--- astack3.py
+++ bstack3.py
@@ -24,7 +24,7 @@
         if self.__size == 0:
             self.__head.next = newNode
             self.__head = newNode
-            self.__size += 1
+            self.__size += 2
         else:
             self.__sentinel.next = newNode
             newNode.next = self.__head</pre></div><div class="alert alert-secondary"><pre class="diff">============================= test session starts ==============================
platform linux -- Python 3.10.10, pytest-7.2.1, pluggy-1.0.0
rootdir: /home/auri/temp/lucca/python_experiments/stack3
collected 9 items

WHOLE_SUITE/test_stack3_WHOLE_SUITE.py .F.F.....                         [100%]

=================================== FAILURES ===================================
_________________________________ test_case_1 __________________________________

    def test_case_1():
        singly_linked_list_0 = module_0.SinglyLinkedList()
        none_type_0 = singly_linked_list_0.add(singly_linked_list_0)
        str_0 = singly_linked_list_0.__str__()
        none_type_1 = singly_linked_list_0.add(singly_linked_list_0)
        str_1 = singly_linked_list_0.__str__()
        var_0 = singly_linked_list_0.remove()
        assert f'{type(var_0).__module__}.{type(var_0).__qualname__}' == 'stack3.Node'
        assert f'{type(var_0.value).__module__}.{type(var_0.value).__qualname__}' == 'stack3.SinglyLinkedList'
        assert f'{type(var_0.next).__module__}.{type(var_0.next).__qualname__}' == 'stack3.Node'
        singly_linked_list_1 = module_0.SinglyLinkedList()
        int_0 = singly_linked_list_0.getSize()
&gt;       assert int_0 == 1
E       assert 2 == 1

WHOLE_SUITE/test_stack3_WHOLE_SUITE.py:25: AssertionError
_________________________________ test_case_3 __________________________________

    def test_case_3():
        bool_0 = False
        stack_0 = module_0.Stack()
        none_type_0 = stack_0.push(bool_0)
        str_0 = stack_0.__str__()
        assert str_0 == '[False]'
        none_type_1 = stack_0.push(stack_0)
        int_0 = stack_0.getSize()
&gt;       assert int_0 == 2
E       assert 3 == 2

WHOLE_SUITE/test_stack3_WHOLE_SUITE.py:45: AssertionError
=========================== short test summary info ============================
FAILED WHOLE_SUITE/test_stack3_WHOLE_SUITE.py::test_case_1 - assert 2 == 1
FAILED WHOLE_SUITE/test_stack3_WHOLE_SUITE.py::test_case_3 - assert 3 == 2
========================= 2 failed, 7 passed in 0.23s ==========================
</pre></div></div></div></div></div><div class="mb-1" id="job_list___sub_accordion_54"><div class="card"><a data-toggle="collapse" data-target="#job_list___sub_collapse_54_1" aria-expanded="false" aria-controls="job_list___sub_collapse_54_1" href="#" class="job_list___sub_multi_heading"><div role="alert" class="card-header alert-success" id="job_list___sub_heading_54_1"><button class="btn btn-outline-success"><span class="job_id">54 : Job ID 204e4f27e11a4661b40b13f59e234378</span></button></div></a><div aria-labelledby="job_list___sub_heading_54_1" data-parent="#job_list___sub_accordion_54" class="collapse job_list___sub_multi_collapse" id="job_list___sub_collapse_54_1"><div class="card-body"><div class="work-item"><div class="alert alert-success test-outcome" role="alert"><p>worker outcome: normal</p><p>test outcome: killed</p></div></div><pre class="location"><a href="pycharm://open?file=stack3.py&amp;line=27" class="text-secondary"><button class="btn btn-outline-dark">stack3.py, start pos: (27, 27), end pos: (27, 28)</button></a></pre><pre>operator: core/NumberReplacer, occurrence: 5</pre><div class="alert alert-secondary"><pre class="diff">--- mutation diff ---
--- astack3.py
+++ bstack3.py
@@ -24,7 +24,7 @@
         if self.__size == 0:
             self.__head.next = newNode
             self.__head = newNode
-            self.__size += 1
+            self.__size += 0
         else:
             self.__sentinel.next = newNode
             newNode.next = self.__head</pre></div><div class="alert alert-secondary"><pre class="diff">============================= test session starts ==============================
platform linux -- Python 3.10.10, pytest-7.2.1, pluggy-1.0.0
rootdir: /home/auri/temp/lucca/python_experiments/stack3
collected 9 items

WHOLE_SUITE/test_stack3_WHOLE_SUITE.py .F.FF....                         [100%]

=================================== FAILURES ===================================
_________________________________ test_case_1 __________________________________

    def test_case_1():
        singly_linked_list_0 = module_0.SinglyLinkedList()
        none_type_0 = singly_linked_list_0.add(singly_linked_list_0)
        str_0 = singly_linked_list_0.__str__()
        none_type_1 = singly_linked_list_0.add(singly_linked_list_0)
        str_1 = singly_linked_list_0.__str__()
        var_0 = singly_linked_list_0.remove()
&gt;       assert f'{type(var_0).__module__}.{type(var_0).__qualname__}' == 'stack3.Node'
E       AssertionError: assert 'builtins.NoneType' == 'stack3.Node'
E         - stack3.Node
E         + builtins.NoneType

WHOLE_SUITE/test_stack3_WHOLE_SUITE.py:20: AssertionError
_________________________________ test_case_3 __________________________________

    def test_case_3():
        bool_0 = False
        stack_0 = module_0.Stack()
        none_type_0 = stack_0.push(bool_0)
        str_0 = stack_0.__str__()
        assert str_0 == '[False]'
        none_type_1 = stack_0.push(stack_0)
        int_0 = stack_0.getSize()
&gt;       assert int_0 == 2
E       assert 0 == 2

WHOLE_SUITE/test_stack3_WHOLE_SUITE.py:45: AssertionError
_________________________________ test_case_4 __________________________________

    def test_case_4():
        bytes_0 = b'W)\x0e\xb6\x96'
        stack_0 = module_0.Stack()
        none_type_0 = stack_0.push(bytes_0)
        var_0 = stack_0.pop()
&gt;       assert f'{type(var_0).__module__}.{type(var_0).__qualname__}' == 'stack3.Node'
E       AssertionError: assert 'builtins.NoneType' == 'stack3.Node'
E         - stack3.Node
E         + builtins.NoneType

WHOLE_SUITE/test_stack3_WHOLE_SUITE.py:63: AssertionError
=========================== short test summary info ============================
FAILED WHOLE_SUITE/test_stack3_WHOLE_SUITE.py::test_case_1 - AssertionError: ...
FAILED WHOLE_SUITE/test_stack3_WHOLE_SUITE.py::test_case_3 - assert 0 == 2
FAILED WHOLE_SUITE/test_stack3_WHOLE_SUITE.py::test_case_4 - AssertionError: ...
========================= 3 failed, 6 passed in 0.23s ==========================
</pre></div></div></div></div></div><div class="mb-1" id="job_list___sub_accordion_55"><div class="card"><a data-toggle="collapse" data-target="#job_list___sub_collapse_55_1" aria-expanded="false" aria-controls="job_list___sub_collapse_55_1" href="#" class="job_list___sub_multi_heading"><div role="alert" class="card-header alert-success" id="job_list___sub_heading_55_1"><button class="btn btn-outline-success"><span class="job_id">55 : Job ID 89a8bbf6288240a8b76f4073057bd1e1</span></button></div></a><div aria-labelledby="job_list___sub_heading_55_1" data-parent="#job_list___sub_accordion_55" class="collapse job_list___sub_multi_collapse" id="job_list___sub_collapse_55_1"><div class="card-body"><div class="work-item"><div class="alert alert-success test-outcome" role="alert"><p>worker outcome: normal</p><p>test outcome: killed</p></div></div><pre class="location"><a href="pycharm://open?file=stack3.py&amp;line=32" class="text-secondary"><button class="btn btn-outline-dark">stack3.py, start pos: (32, 27), end pos: (32, 28)</button></a></pre><pre>operator: core/NumberReplacer, occurrence: 6</pre><div class="alert alert-secondary"><pre class="diff">--- mutation diff ---
--- astack3.py
+++ bstack3.py
@@ -29,7 +29,7 @@
             self.__sentinel.next = newNode
             newNode.next = self.__head
             self.__head = newNode
-            self.__size += 1
+            self.__size += 2
 
     def remove(self):
 </pre></div><div class="alert alert-secondary"><pre class="diff">============================= test session starts ==============================
platform linux -- Python 3.10.10, pytest-7.2.1, pluggy-1.0.0
rootdir: /home/auri/temp/lucca/python_experiments/stack3
collected 9 items

WHOLE_SUITE/test_stack3_WHOLE_SUITE.py .F.F.....                         [100%]

=================================== FAILURES ===================================
_________________________________ test_case_1 __________________________________

    def test_case_1():
        singly_linked_list_0 = module_0.SinglyLinkedList()
        none_type_0 = singly_linked_list_0.add(singly_linked_list_0)
        str_0 = singly_linked_list_0.__str__()
        none_type_1 = singly_linked_list_0.add(singly_linked_list_0)
        str_1 = singly_linked_list_0.__str__()
        var_0 = singly_linked_list_0.remove()
        assert f'{type(var_0).__module__}.{type(var_0).__qualname__}' == 'stack3.Node'
        assert f'{type(var_0.value).__module__}.{type(var_0.value).__qualname__}' == 'stack3.SinglyLinkedList'
        assert f'{type(var_0.next).__module__}.{type(var_0.next).__qualname__}' == 'stack3.Node'
        singly_linked_list_1 = module_0.SinglyLinkedList()
        int_0 = singly_linked_list_0.getSize()
&gt;       assert int_0 == 1
E       assert 2 == 1

WHOLE_SUITE/test_stack3_WHOLE_SUITE.py:25: AssertionError
_________________________________ test_case_3 __________________________________

    def test_case_3():
        bool_0 = False
        stack_0 = module_0.Stack()
        none_type_0 = stack_0.push(bool_0)
        str_0 = stack_0.__str__()
        assert str_0 == '[False]'
        none_type_1 = stack_0.push(stack_0)
        int_0 = stack_0.getSize()
&gt;       assert int_0 == 2
E       assert 3 == 2

WHOLE_SUITE/test_stack3_WHOLE_SUITE.py:45: AssertionError
=========================== short test summary info ============================
FAILED WHOLE_SUITE/test_stack3_WHOLE_SUITE.py::test_case_1 - assert 2 == 1
FAILED WHOLE_SUITE/test_stack3_WHOLE_SUITE.py::test_case_3 - assert 3 == 2
========================= 2 failed, 7 passed in 0.15s ==========================
</pre></div></div></div></div></div><div class="mb-1" id="job_list___sub_accordion_56"><div class="card"><a data-toggle="collapse" data-target="#job_list___sub_collapse_56_1" aria-expanded="false" aria-controls="job_list___sub_collapse_56_1" href="#" class="job_list___sub_multi_heading"><div role="alert" class="card-header alert-success" id="job_list___sub_heading_56_1"><button class="btn btn-outline-success"><span class="job_id">56 : Job ID 06a789bffc154e8b938274b2c47986c7</span></button></div></a><div aria-labelledby="job_list___sub_heading_56_1" data-parent="#job_list___sub_accordion_56" class="collapse job_list___sub_multi_collapse" id="job_list___sub_collapse_56_1"><div class="card-body"><div class="work-item"><div class="alert alert-success test-outcome" role="alert"><p>worker outcome: normal</p><p>test outcome: killed</p></div></div><pre class="location"><a href="pycharm://open?file=stack3.py&amp;line=32" class="text-secondary"><button class="btn btn-outline-dark">stack3.py, start pos: (32, 27), end pos: (32, 28)</button></a></pre><pre>operator: core/NumberReplacer, occurrence: 7</pre><div class="alert alert-secondary"><pre class="diff">--- mutation diff ---
--- astack3.py
+++ bstack3.py
@@ -29,7 +29,7 @@
             self.__sentinel.next = newNode
             newNode.next = self.__head
             self.__head = newNode
-            self.__size += 1
+            self.__size += 0
 
     def remove(self):
 </pre></div><div class="alert alert-secondary"><pre class="diff">============================= test session starts ==============================
platform linux -- Python 3.10.10, pytest-7.2.1, pluggy-1.0.0
rootdir: /home/auri/temp/lucca/python_experiments/stack3
collected 9 items

WHOLE_SUITE/test_stack3_WHOLE_SUITE.py .F.F.....                         [100%]

=================================== FAILURES ===================================
_________________________________ test_case_1 __________________________________

    def test_case_1():
        singly_linked_list_0 = module_0.SinglyLinkedList()
        none_type_0 = singly_linked_list_0.add(singly_linked_list_0)
        str_0 = singly_linked_list_0.__str__()
        none_type_1 = singly_linked_list_0.add(singly_linked_list_0)
        str_1 = singly_linked_list_0.__str__()
        var_0 = singly_linked_list_0.remove()
        assert f'{type(var_0).__module__}.{type(var_0).__qualname__}' == 'stack3.Node'
        assert f'{type(var_0.value).__module__}.{type(var_0.value).__qualname__}' == 'stack3.SinglyLinkedList'
        assert f'{type(var_0.next).__module__}.{type(var_0.next).__qualname__}' == 'stack3.Node'
        singly_linked_list_1 = module_0.SinglyLinkedList()
        int_0 = singly_linked_list_0.getSize()
&gt;       assert int_0 == 1
E       assert 0 == 1

WHOLE_SUITE/test_stack3_WHOLE_SUITE.py:25: AssertionError
_________________________________ test_case_3 __________________________________

    def test_case_3():
        bool_0 = False
        stack_0 = module_0.Stack()
        none_type_0 = stack_0.push(bool_0)
        str_0 = stack_0.__str__()
        assert str_0 == '[False]'
        none_type_1 = stack_0.push(stack_0)
        int_0 = stack_0.getSize()
&gt;       assert int_0 == 2
E       assert 1 == 2

WHOLE_SUITE/test_stack3_WHOLE_SUITE.py:45: AssertionError
=========================== short test summary info ============================
FAILED WHOLE_SUITE/test_stack3_WHOLE_SUITE.py::test_case_1 - assert 0 == 1
FAILED WHOLE_SUITE/test_stack3_WHOLE_SUITE.py::test_case_3 - assert 1 == 2
========================= 2 failed, 7 passed in 0.38s ==========================
</pre></div></div></div></div></div><div class="mb-1" id="job_list___sub_accordion_57"><div class="card"><a data-toggle="collapse" data-target="#job_list___sub_collapse_57_1" aria-expanded="false" aria-controls="job_list___sub_collapse_57_1" href="#" class="job_list___sub_multi_heading"><div role="alert" class="card-header alert-success" id="job_list___sub_heading_57_1"><button class="btn btn-outline-success"><span class="job_id">57 : Job ID e56f093e5e074be681b9a3d0757f07f3</span></button></div></a><div aria-labelledby="job_list___sub_heading_57_1" data-parent="#job_list___sub_accordion_57" class="collapse job_list___sub_multi_collapse" id="job_list___sub_collapse_57_1"><div class="card-body"><div class="work-item"><div class="alert alert-success test-outcome" role="alert"><p>worker outcome: normal</p><p>test outcome: killed</p></div></div><pre class="location"><a href="pycharm://open?file=stack3.py&amp;line=38" class="text-secondary"><button class="btn btn-outline-dark">stack3.py, start pos: (38, 26), end pos: (38, 27)</button></a></pre><pre>operator: core/NumberReplacer, occurrence: 8</pre><div class="alert alert-secondary"><pre class="diff">--- mutation diff ---
--- astack3.py
+++ bstack3.py
@@ -35,7 +35,7 @@
 
         """Remove node from linkedlist."""
 
-        if self.__size == 0:
+        if self.__size == 1:
             return None
         if self.__size &gt;= 1:
             nodeToRemove = self.__head</pre></div><div class="alert alert-secondary"><pre class="diff">============================= test session starts ==============================
platform linux -- Python 3.10.10, pytest-7.2.1, pluggy-1.0.0
rootdir: /home/auri/temp/lucca/python_experiments/stack3
collected 9 items

WHOLE_SUITE/test_stack3_WHOLE_SUITE.py ....FF..F                         [100%]

=================================== FAILURES ===================================
_________________________________ test_case_4 __________________________________

    def test_case_4():
        bytes_0 = b'W)\x0e\xb6\x96'
        stack_0 = module_0.Stack()
        none_type_0 = stack_0.push(bytes_0)
        var_0 = stack_0.pop()
&gt;       assert f'{type(var_0).__module__}.{type(var_0).__qualname__}' == 'stack3.Node'
E       AssertionError: assert 'builtins.NoneType' == 'stack3.Node'
E         - stack3.Node
E         + builtins.NoneType

WHOLE_SUITE/test_stack3_WHOLE_SUITE.py:63: AssertionError
_________________________________ test_case_5 __________________________________

    def test_case_5():
        singly_linked_list_0 = module_0.SinglyLinkedList()
        var_0 = singly_linked_list_0.remove()
        int_0 = singly_linked_list_0.getSize()
&gt;       assert int_0 == 0
E       assert -1 == 0

WHOLE_SUITE/test_stack3_WHOLE_SUITE.py:71: AssertionError
_________________________________ test_case_8 __________________________________

    def test_case_8():
        singly_linked_list_0 = module_0.SinglyLinkedList()
        var_0 = singly_linked_list_0.remove()
        node_0 = module_0.Node(var_0)
&gt;       assert node_0.value is None
E       assert &lt;stack3.Node object at 0x7fe2106a8100&gt; is None
E        +  where &lt;stack3.Node object at 0x7fe2106a8100&gt; = &lt;stack3.Node object at 0x7fe2106a8160&gt;.value

WHOLE_SUITE/test_stack3_WHOLE_SUITE.py:92: AssertionError
=========================== short test summary info ============================
FAILED WHOLE_SUITE/test_stack3_WHOLE_SUITE.py::test_case_4 - AssertionError: ...
FAILED WHOLE_SUITE/test_stack3_WHOLE_SUITE.py::test_case_5 - assert -1 == 0
FAILED WHOLE_SUITE/test_stack3_WHOLE_SUITE.py::test_case_8 - assert &lt;stack3.N...
========================= 3 failed, 6 passed in 3.33s ==========================
</pre></div></div></div></div></div><div class="mb-1" id="job_list___sub_accordion_58"><div class="card"><a data-toggle="collapse" data-target="#job_list___sub_collapse_58_1" aria-expanded="false" aria-controls="job_list___sub_collapse_58_1" href="#" class="job_list___sub_multi_heading"><div role="alert" class="card-header alert-success" id="job_list___sub_heading_58_1"><button class="btn btn-outline-success"><span class="job_id">58 : Job ID ef4b96fc917f464490859b426e616cd5</span></button></div></a><div aria-labelledby="job_list___sub_heading_58_1" data-parent="#job_list___sub_accordion_58" class="collapse job_list___sub_multi_collapse" id="job_list___sub_collapse_58_1"><div class="card-body"><div class="work-item"><div class="alert alert-success test-outcome" role="alert"><p>worker outcome: normal</p><p>test outcome: killed</p></div></div><pre class="location"><a href="pycharm://open?file=stack3.py&amp;line=38" class="text-secondary"><button class="btn btn-outline-dark">stack3.py, start pos: (38, 26), end pos: (38, 27)</button></a></pre><pre>operator: core/NumberReplacer, occurrence: 9</pre><div class="alert alert-secondary"><pre class="diff">--- mutation diff ---
--- astack3.py
+++ bstack3.py
@@ -35,7 +35,7 @@
 
         """Remove node from linkedlist."""
 
-        if self.__size == 0:
+        if self.__size == -1:
             return None
         if self.__size &gt;= 1:
             nodeToRemove = self.__head</pre></div><div class="alert alert-secondary"><pre class="diff">============================= test session starts ==============================
platform linux -- Python 3.10.10, pytest-7.2.1, pluggy-1.0.0
rootdir: /home/auri/temp/lucca/python_experiments/stack3
collected 9 items

WHOLE_SUITE/test_stack3_WHOLE_SUITE.py .....F..F                         [100%]

=================================== FAILURES ===================================
_________________________________ test_case_5 __________________________________

    def test_case_5():
        singly_linked_list_0 = module_0.SinglyLinkedList()
        var_0 = singly_linked_list_0.remove()
        int_0 = singly_linked_list_0.getSize()
&gt;       assert int_0 == 0
E       assert -1 == 0

WHOLE_SUITE/test_stack3_WHOLE_SUITE.py:71: AssertionError
_________________________________ test_case_8 __________________________________

    def test_case_8():
        singly_linked_list_0 = module_0.SinglyLinkedList()
        var_0 = singly_linked_list_0.remove()
        node_0 = module_0.Node(var_0)
&gt;       assert node_0.value is None
E       assert &lt;stack3.Node object at 0x7f17db6119f0&gt; is None
E        +  where &lt;stack3.Node object at 0x7f17db6119f0&gt; = &lt;stack3.Node object at 0x7f17db6124d0&gt;.value

WHOLE_SUITE/test_stack3_WHOLE_SUITE.py:92: AssertionError
=========================== short test summary info ============================
FAILED WHOLE_SUITE/test_stack3_WHOLE_SUITE.py::test_case_5 - assert -1 == 0
FAILED WHOLE_SUITE/test_stack3_WHOLE_SUITE.py::test_case_8 - assert &lt;stack3.N...
========================= 2 failed, 7 passed in 0.32s ==========================
</pre></div></div></div></div></div><div class="mb-1" id="job_list___sub_accordion_59"><div class="card"><a data-toggle="collapse" data-target="#job_list___sub_collapse_59_1" aria-expanded="false" aria-controls="job_list___sub_collapse_59_1" href="#" class="job_list___sub_multi_heading"><div role="alert" class="card-header alert-danger" id="job_list___sub_heading_59_1"><button class="btn btn-outline-danger"><span class="job_id">59 : Job ID 3fa7b8da54f142e18838dbc4d256bdca</span></button></div></a><div aria-labelledby="job_list___sub_heading_59_1" data-parent="#job_list___sub_accordion_59" class="collapse job_list___sub_multi_collapse" id="job_list___sub_collapse_59_1"><div class="card-body"><div class="work-item"><div class="alert alert-danger test-outcome" role="alert"><p>SURVIVED</p><p>worker outcome: normal</p><p>test outcome: survived</p></div></div><pre class="location"><a href="pycharm://open?file=stack3.py&amp;line=40" class="text-secondary"><button class="btn btn-outline-dark">stack3.py, start pos: (40, 26), end pos: (40, 27)</button></a></pre><pre>operator: core/NumberReplacer, occurrence: 10</pre><div class="alert alert-secondary"><pre class="diff">--- mutation diff ---
--- astack3.py
+++ bstack3.py
@@ -37,7 +37,7 @@
 
         if self.__size == 0:
             return None
-        if self.__size &gt;= 1:
+        if self.__size &gt;= 2:
             nodeToRemove = self.__head
             self.__sentinel.next = None
             self.__head = self.__sentinel</pre></div><div class="alert alert-secondary"><pre class="diff">============================= test session starts ==============================
platform linux -- Python 3.10.10, pytest-7.2.1, pluggy-1.0.0
rootdir: /home/auri/temp/lucca/python_experiments/stack3
collected 9 items

WHOLE_SUITE/test_stack3_WHOLE_SUITE.py .........                         [100%]

============================== 9 passed in 0.12s ===============================
</pre></div></div></div></div></div><div class="mb-1" id="job_list___sub_accordion_60"><div class="card"><a data-toggle="collapse" data-target="#job_list___sub_collapse_60_1" aria-expanded="false" aria-controls="job_list___sub_collapse_60_1" href="#" class="job_list___sub_multi_heading"><div role="alert" class="card-header alert-danger" id="job_list___sub_heading_60_1"><button class="btn btn-outline-danger"><span class="job_id">60 : Job ID 7523229205bd41a09cba538982904fb0</span></button></div></a><div aria-labelledby="job_list___sub_heading_60_1" data-parent="#job_list___sub_accordion_60" class="collapse job_list___sub_multi_collapse" id="job_list___sub_collapse_60_1"><div class="card-body"><div class="work-item"><div class="alert alert-danger test-outcome" role="alert"><p>SURVIVED</p><p>worker outcome: normal</p><p>test outcome: survived</p></div></div><pre class="location"><a href="pycharm://open?file=stack3.py&amp;line=40" class="text-secondary"><button class="btn btn-outline-dark">stack3.py, start pos: (40, 26), end pos: (40, 27)</button></a></pre><pre>operator: core/NumberReplacer, occurrence: 11</pre><div class="alert alert-secondary"><pre class="diff">--- mutation diff ---
--- astack3.py
+++ bstack3.py
@@ -37,7 +37,7 @@
 
         if self.__size == 0:
             return None
-        if self.__size &gt;= 1:
+        if self.__size &gt;= 0:
             nodeToRemove = self.__head
             self.__sentinel.next = None
             self.__head = self.__sentinel</pre></div><div class="alert alert-secondary"><pre class="diff">============================= test session starts ==============================
platform linux -- Python 3.10.10, pytest-7.2.1, pluggy-1.0.0
rootdir: /home/auri/temp/lucca/python_experiments/stack3
collected 9 items

WHOLE_SUITE/test_stack3_WHOLE_SUITE.py .........                         [100%]

============================== 9 passed in 0.19s ===============================
</pre></div></div></div></div></div><div class="mb-1" id="job_list___sub_accordion_61"><div class="card"><a data-toggle="collapse" data-target="#job_list___sub_collapse_61_1" aria-expanded="false" aria-controls="job_list___sub_collapse_61_1" href="#" class="job_list___sub_multi_heading"><div role="alert" class="card-header alert-success" id="job_list___sub_heading_61_1"><button class="btn btn-outline-success"><span class="job_id">61 : Job ID 1e21bffc767f4002aef16f33447cd65a</span></button></div></a><div aria-labelledby="job_list___sub_heading_61_1" data-parent="#job_list___sub_accordion_61" class="collapse job_list___sub_multi_collapse" id="job_list___sub_collapse_61_1"><div class="card-body"><div class="work-item"><div class="alert alert-success test-outcome" role="alert"><p>worker outcome: normal</p><p>test outcome: killed</p></div></div><pre class="location"><a href="pycharm://open?file=stack3.py&amp;line=44" class="text-secondary"><button class="btn btn-outline-dark">stack3.py, start pos: (44, 27), end pos: (44, 28)</button></a></pre><pre>operator: core/NumberReplacer, occurrence: 12</pre><div class="alert alert-secondary"><pre class="diff">--- mutation diff ---
--- astack3.py
+++ bstack3.py
@@ -41,7 +41,7 @@
             nodeToRemove = self.__head
             self.__sentinel.next = None
             self.__head = self.__sentinel
-            self.__size -= 1
+            self.__size -= 2
             return nodeToRemove
         else:
             nodeToRemove = self.__head</pre></div><div class="alert alert-secondary"><pre class="diff">============================= test session starts ==============================
platform linux -- Python 3.10.10, pytest-7.2.1, pluggy-1.0.0
rootdir: /home/auri/temp/lucca/python_experiments/stack3
collected 9 items

WHOLE_SUITE/test_stack3_WHOLE_SUITE.py .F.......                         [100%]

=================================== FAILURES ===================================
_________________________________ test_case_1 __________________________________

    def test_case_1():
        singly_linked_list_0 = module_0.SinglyLinkedList()
        none_type_0 = singly_linked_list_0.add(singly_linked_list_0)
        str_0 = singly_linked_list_0.__str__()
        none_type_1 = singly_linked_list_0.add(singly_linked_list_0)
        str_1 = singly_linked_list_0.__str__()
        var_0 = singly_linked_list_0.remove()
        assert f'{type(var_0).__module__}.{type(var_0).__qualname__}' == 'stack3.Node'
        assert f'{type(var_0.value).__module__}.{type(var_0.value).__qualname__}' == 'stack3.SinglyLinkedList'
        assert f'{type(var_0.next).__module__}.{type(var_0.next).__qualname__}' == 'stack3.Node'
        singly_linked_list_1 = module_0.SinglyLinkedList()
        int_0 = singly_linked_list_0.getSize()
&gt;       assert int_0 == 1
E       assert 0 == 1

WHOLE_SUITE/test_stack3_WHOLE_SUITE.py:25: AssertionError
=========================== short test summary info ============================
FAILED WHOLE_SUITE/test_stack3_WHOLE_SUITE.py::test_case_1 - assert 0 == 1
========================= 1 failed, 8 passed in 0.36s ==========================
</pre></div></div></div></div></div><div class="mb-1" id="job_list___sub_accordion_62"><div class="card"><a data-toggle="collapse" data-target="#job_list___sub_collapse_62_1" aria-expanded="false" aria-controls="job_list___sub_collapse_62_1" href="#" class="job_list___sub_multi_heading"><div role="alert" class="card-header alert-success" id="job_list___sub_heading_62_1"><button class="btn btn-outline-success"><span class="job_id">62 : Job ID 93f2e2f7724e482ab5d3204375e622c3</span></button></div></a><div aria-labelledby="job_list___sub_heading_62_1" data-parent="#job_list___sub_accordion_62" class="collapse job_list___sub_multi_collapse" id="job_list___sub_collapse_62_1"><div class="card-body"><div class="work-item"><div class="alert alert-success test-outcome" role="alert"><p>worker outcome: normal</p><p>test outcome: killed</p></div></div><pre class="location"><a href="pycharm://open?file=stack3.py&amp;line=44" class="text-secondary"><button class="btn btn-outline-dark">stack3.py, start pos: (44, 27), end pos: (44, 28)</button></a></pre><pre>operator: core/NumberReplacer, occurrence: 13</pre><div class="alert alert-secondary"><pre class="diff">--- mutation diff ---
--- astack3.py
+++ bstack3.py
@@ -41,7 +41,7 @@
             nodeToRemove = self.__head
             self.__sentinel.next = None
             self.__head = self.__sentinel
-            self.__size -= 1
+            self.__size -= 0
             return nodeToRemove
         else:
             nodeToRemove = self.__head</pre></div><div class="alert alert-secondary"><pre class="diff">============================= test session starts ==============================
platform linux -- Python 3.10.10, pytest-7.2.1, pluggy-1.0.0
rootdir: /home/auri/temp/lucca/python_experiments/stack3
collected 9 items

WHOLE_SUITE/test_stack3_WHOLE_SUITE.py .F.......                         [100%]

=================================== FAILURES ===================================
_________________________________ test_case_1 __________________________________

    def test_case_1():
        singly_linked_list_0 = module_0.SinglyLinkedList()
        none_type_0 = singly_linked_list_0.add(singly_linked_list_0)
        str_0 = singly_linked_list_0.__str__()
        none_type_1 = singly_linked_list_0.add(singly_linked_list_0)
        str_1 = singly_linked_list_0.__str__()
        var_0 = singly_linked_list_0.remove()
        assert f'{type(var_0).__module__}.{type(var_0).__qualname__}' == 'stack3.Node'
        assert f'{type(var_0.value).__module__}.{type(var_0.value).__qualname__}' == 'stack3.SinglyLinkedList'
        assert f'{type(var_0.next).__module__}.{type(var_0.next).__qualname__}' == 'stack3.Node'
        singly_linked_list_1 = module_0.SinglyLinkedList()
        int_0 = singly_linked_list_0.getSize()
&gt;       assert int_0 == 1
E       assert 2 == 1

WHOLE_SUITE/test_stack3_WHOLE_SUITE.py:25: AssertionError
=========================== short test summary info ============================
FAILED WHOLE_SUITE/test_stack3_WHOLE_SUITE.py::test_case_1 - assert 2 == 1
========================= 1 failed, 8 passed in 0.29s ==========================
</pre></div></div></div></div></div><div class="mb-1" id="job_list___sub_accordion_63"><div class="card"><a data-toggle="collapse" data-target="#job_list___sub_collapse_63_1" aria-expanded="false" aria-controls="job_list___sub_collapse_63_1" href="#" class="job_list___sub_multi_heading"><div role="alert" class="card-header alert-danger" id="job_list___sub_heading_63_1"><button class="btn btn-outline-danger"><span class="job_id">63 : Job ID 071af211e78846b2adc32f290a7c0b42</span></button></div></a><div aria-labelledby="job_list___sub_heading_63_1" data-parent="#job_list___sub_accordion_63" class="collapse job_list___sub_multi_collapse" id="job_list___sub_collapse_63_1"><div class="card-body"><div class="work-item"><div class="alert alert-danger test-outcome" role="alert"><p>SURVIVED</p><p>worker outcome: normal</p><p>test outcome: survived</p></div></div><pre class="location"><a href="pycharm://open?file=stack3.py&amp;line=50" class="text-secondary"><button class="btn btn-outline-dark">stack3.py, start pos: (50, 27), end pos: (50, 28)</button></a></pre><pre>operator: core/NumberReplacer, occurrence: 14</pre><div class="alert alert-secondary"><pre class="diff">--- mutation diff ---
--- astack3.py
+++ bstack3.py
@@ -47,7 +47,7 @@
             nodeToRemove = self.__head
             self.__sentinel.next = self.__head.next
             self.__head = self.__sentinel.next
-            self.__size -= 1
+            self.__size -= 2
             return nodeToRemove
 
     def getHead(self) -&gt; T:</pre></div><div class="alert alert-secondary"><pre class="diff">============================= test session starts ==============================
platform linux -- Python 3.10.10, pytest-7.2.1, pluggy-1.0.0
rootdir: /home/auri/temp/lucca/python_experiments/stack3
collected 9 items

WHOLE_SUITE/test_stack3_WHOLE_SUITE.py .........                         [100%]

============================== 9 passed in 0.17s ===============================
</pre></div></div></div></div></div><div class="mb-1" id="job_list___sub_accordion_64"><div class="card"><a data-toggle="collapse" data-target="#job_list___sub_collapse_64_1" aria-expanded="false" aria-controls="job_list___sub_collapse_64_1" href="#" class="job_list___sub_multi_heading"><div role="alert" class="card-header alert-danger" id="job_list___sub_heading_64_1"><button class="btn btn-outline-danger"><span class="job_id">64 : Job ID ab1e2f06c0ac481ca28dc27805f5c909</span></button></div></a><div aria-labelledby="job_list___sub_heading_64_1" data-parent="#job_list___sub_accordion_64" class="collapse job_list___sub_multi_collapse" id="job_list___sub_collapse_64_1"><div class="card-body"><div class="work-item"><div class="alert alert-danger test-outcome" role="alert"><p>SURVIVED</p><p>worker outcome: normal</p><p>test outcome: survived</p></div></div><pre class="location"><a href="pycharm://open?file=stack3.py&amp;line=50" class="text-secondary"><button class="btn btn-outline-dark">stack3.py, start pos: (50, 27), end pos: (50, 28)</button></a></pre><pre>operator: core/NumberReplacer, occurrence: 15</pre><div class="alert alert-secondary"><pre class="diff">--- mutation diff ---
--- astack3.py
+++ bstack3.py
@@ -47,7 +47,7 @@
             nodeToRemove = self.__head
             self.__sentinel.next = self.__head.next
             self.__head = self.__sentinel.next
-            self.__size -= 1
+            self.__size -= 0
             return nodeToRemove
 
     def getHead(self) -&gt; T:</pre></div><div class="alert alert-secondary"><pre class="diff">============================= test session starts ==============================
platform linux -- Python 3.10.10, pytest-7.2.1, pluggy-1.0.0
rootdir: /home/auri/temp/lucca/python_experiments/stack3
collected 9 items

WHOLE_SUITE/test_stack3_WHOLE_SUITE.py .........                         [100%]

============================== 9 passed in 0.12s ===============================
</pre></div></div></div></div></div><div class="mb-1" id="job_list___sub_accordion_65"><div class="card"><a data-toggle="collapse" data-target="#job_list___sub_collapse_65_1" aria-expanded="false" aria-controls="job_list___sub_collapse_65_1" href="#" class="job_list___sub_multi_heading"><div role="alert" class="card-header alert-success" id="job_list___sub_heading_65_1"><button class="btn btn-outline-success"><span class="job_id">65 : Job ID 4147ecb7cc344fc5b84aef4c52046c04</span></button></div></a><div aria-labelledby="job_list___sub_heading_65_1" data-parent="#job_list___sub_accordion_65" class="collapse job_list___sub_multi_collapse" id="job_list___sub_collapse_65_1"><div class="card-body"><div class="work-item"><div class="alert alert-success test-outcome" role="alert"><p>worker outcome: normal</p><p>test outcome: killed</p></div></div><pre class="location"><a href="pycharm://open?file=stack3.py&amp;line=75" class="text-secondary"><button class="btn btn-outline-dark">stack3.py, start pos: (75, 38), end pos: (75, 39)</button></a></pre><pre>operator: core/NumberReplacer, occurrence: 16</pre><div class="alert alert-secondary"><pre class="diff">--- mutation diff ---
--- astack3.py
+++ bstack3.py
@@ -72,7 +72,7 @@
 
         """Checks if linkedlist is empty."""
 
-        return True if self.__size == 0 else False
+        return True if self.__size == 1 else False
 
     def toArray(self) -&gt; list:
 </pre></div><div class="alert alert-secondary"><pre class="diff">============================= test session starts ==============================
platform linux -- Python 3.10.10, pytest-7.2.1, pluggy-1.0.0
rootdir: /home/auri/temp/lucca/python_experiments/stack3
collected 9 items

WHOLE_SUITE/test_stack3_WHOLE_SUITE.py .F.....F.                         [100%]

=================================== FAILURES ===================================
_________________________________ test_case_1 __________________________________

    def test_case_1():
        singly_linked_list_0 = module_0.SinglyLinkedList()
        none_type_0 = singly_linked_list_0.add(singly_linked_list_0)
        str_0 = singly_linked_list_0.__str__()
        none_type_1 = singly_linked_list_0.add(singly_linked_list_0)
        str_1 = singly_linked_list_0.__str__()
        var_0 = singly_linked_list_0.remove()
        assert f'{type(var_0).__module__}.{type(var_0).__qualname__}' == 'stack3.Node'
        assert f'{type(var_0.value).__module__}.{type(var_0.value).__qualname__}' == 'stack3.SinglyLinkedList'
        assert f'{type(var_0.next).__module__}.{type(var_0.next).__qualname__}' == 'stack3.Node'
        singly_linked_list_1 = module_0.SinglyLinkedList()
        int_0 = singly_linked_list_0.getSize()
        assert int_0 == 1
        bool_0 = singly_linked_list_0.isEmpty()
&gt;       assert bool_0 is False
E       assert True is False

WHOLE_SUITE/test_stack3_WHOLE_SUITE.py:27: AssertionError
_________________________________ test_case_7 __________________________________

    def test_case_7():
        singly_linked_list_0 = module_0.SinglyLinkedList()
        bool_0 = singly_linked_list_0.isEmpty()
&gt;       assert bool_0 is True
E       assert False is True

WHOLE_SUITE/test_stack3_WHOLE_SUITE.py:83: AssertionError
=========================== short test summary info ============================
FAILED WHOLE_SUITE/test_stack3_WHOLE_SUITE.py::test_case_1 - assert True is F...
FAILED WHOLE_SUITE/test_stack3_WHOLE_SUITE.py::test_case_7 - assert False is ...
========================= 2 failed, 7 passed in 0.29s ==========================
</pre></div></div></div></div></div><div class="mb-1" id="job_list___sub_accordion_66"><div class="card"><a data-toggle="collapse" data-target="#job_list___sub_collapse_66_1" aria-expanded="false" aria-controls="job_list___sub_collapse_66_1" href="#" class="job_list___sub_multi_heading"><div role="alert" class="card-header alert-success" id="job_list___sub_heading_66_1"><button class="btn btn-outline-success"><span class="job_id">66 : Job ID 10b7678db8d74a149d42e55db6cb9940</span></button></div></a><div aria-labelledby="job_list___sub_heading_66_1" data-parent="#job_list___sub_accordion_66" class="collapse job_list___sub_multi_collapse" id="job_list___sub_collapse_66_1"><div class="card-body"><div class="work-item"><div class="alert alert-success test-outcome" role="alert"><p>worker outcome: normal</p><p>test outcome: killed</p></div></div><pre class="location"><a href="pycharm://open?file=stack3.py&amp;line=75" class="text-secondary"><button class="btn btn-outline-dark">stack3.py, start pos: (75, 38), end pos: (75, 39)</button></a></pre><pre>operator: core/NumberReplacer, occurrence: 17</pre><div class="alert alert-secondary"><pre class="diff">--- mutation diff ---
--- astack3.py
+++ bstack3.py
@@ -72,7 +72,7 @@
 
         """Checks if linkedlist is empty."""
 
-        return True if self.__size == 0 else False
+        return True if self.__size == -1 else False
 
     def toArray(self) -&gt; list:
 </pre></div><div class="alert alert-secondary"><pre class="diff">============================= test session starts ==============================
platform linux -- Python 3.10.10, pytest-7.2.1, pluggy-1.0.0
rootdir: /home/auri/temp/lucca/python_experiments/stack3
collected 9 items

WHOLE_SUITE/test_stack3_WHOLE_SUITE.py .......F.                         [100%]

=================================== FAILURES ===================================
_________________________________ test_case_7 __________________________________

    def test_case_7():
        singly_linked_list_0 = module_0.SinglyLinkedList()
        bool_0 = singly_linked_list_0.isEmpty()
&gt;       assert bool_0 is True
E       assert False is True

WHOLE_SUITE/test_stack3_WHOLE_SUITE.py:83: AssertionError
=========================== short test summary info ============================
FAILED WHOLE_SUITE/test_stack3_WHOLE_SUITE.py::test_case_7 - assert False is ...
========================= 1 failed, 8 passed in 0.25s ==========================
</pre></div></div></div></div></div><div class="mb-1" id="job_list___sub_accordion_67"><div class="card"><a data-toggle="collapse" data-target="#job_list___sub_collapse_67_1" aria-expanded="false" aria-controls="job_list___sub_collapse_67_1" href="#" class="job_list___sub_multi_heading"><div role="alert" class="card-header alert-success" id="job_list___sub_heading_67_1"><button class="btn btn-outline-success"><span class="job_id">67 : Job ID 83783092283c4f869834cfc5a57694ab</span></button></div></a><div aria-labelledby="job_list___sub_heading_67_1" data-parent="#job_list___sub_accordion_67" class="collapse job_list___sub_multi_collapse" id="job_list___sub_collapse_67_1"><div class="card-body"><div class="work-item"><div class="alert alert-success test-outcome" role="alert"><p>worker outcome: normal</p><p>test outcome: killed</p></div></div><pre class="location"><a href="pycharm://open?file=stack3.py&amp;line=125" class="text-secondary"><button class="btn btn-outline-dark">stack3.py, start pos: (125, 49), end pos: (125, 50)</button></a></pre><pre>operator: core/NumberReplacer, occurrence: 18</pre><div class="alert alert-secondary"><pre class="diff">--- mutation diff ---
--- astack3.py
+++ bstack3.py
@@ -122,7 +122,7 @@
 
         """Check if stack is empty."""
 
-        return True if self.__stack.getSize() == 0 else False
+        return True if self.__stack.getSize() == 1 else False
 
     def getSize(self) -&gt; int:
 </pre></div><div class="alert alert-secondary"><pre class="diff">============================= test session starts ==============================
platform linux -- Python 3.10.10, pytest-7.2.1, pluggy-1.0.0
rootdir: /home/auri/temp/lucca/python_experiments/stack3
collected 9 items

WHOLE_SUITE/test_stack3_WHOLE_SUITE.py ..F......                         [100%]

=================================== FAILURES ===================================
_________________________________ test_case_2 __________________________________

    def test_case_2():
        stack_0 = module_0.Stack()
        bool_0 = stack_0.isEmpty()
&gt;       assert bool_0 is True
E       assert False is True

WHOLE_SUITE/test_stack3_WHOLE_SUITE.py:33: AssertionError
=========================== short test summary info ============================
FAILED WHOLE_SUITE/test_stack3_WHOLE_SUITE.py::test_case_2 - assert False is ...
========================= 1 failed, 8 passed in 0.27s ==========================
</pre></div></div></div></div></div><div class="mb-1" id="job_list___sub_accordion_68"><div class="card"><a data-toggle="collapse" data-target="#job_list___sub_collapse_68_1" aria-expanded="false" aria-controls="job_list___sub_collapse_68_1" href="#" class="job_list___sub_multi_heading"><div role="alert" class="card-header alert-success" id="job_list___sub_heading_68_1"><button class="btn btn-outline-success"><span class="job_id">68 : Job ID 9ad69ed4976f4570beae108f57d35548</span></button></div></a><div aria-labelledby="job_list___sub_heading_68_1" data-parent="#job_list___sub_accordion_68" class="collapse job_list___sub_multi_collapse" id="job_list___sub_collapse_68_1"><div class="card-body"><div class="work-item"><div class="alert alert-success test-outcome" role="alert"><p>worker outcome: normal</p><p>test outcome: killed</p></div></div><pre class="location"><a href="pycharm://open?file=stack3.py&amp;line=125" class="text-secondary"><button class="btn btn-outline-dark">stack3.py, start pos: (125, 49), end pos: (125, 50)</button></a></pre><pre>operator: core/NumberReplacer, occurrence: 19</pre><div class="alert alert-secondary"><pre class="diff">--- mutation diff ---
--- astack3.py
+++ bstack3.py
@@ -122,7 +122,7 @@
 
         """Check if stack is empty."""
 
-        return True if self.__stack.getSize() == 0 else False
+        return True if self.__stack.getSize() == -1 else False
 
     def getSize(self) -&gt; int:
 </pre></div><div class="alert alert-secondary"><pre class="diff">============================= test session starts ==============================
platform linux -- Python 3.10.10, pytest-7.2.1, pluggy-1.0.0
rootdir: /home/auri/temp/lucca/python_experiments/stack3
collected 9 items

WHOLE_SUITE/test_stack3_WHOLE_SUITE.py ..F......                         [100%]

=================================== FAILURES ===================================
_________________________________ test_case_2 __________________________________

    def test_case_2():
        stack_0 = module_0.Stack()
        bool_0 = stack_0.isEmpty()
&gt;       assert bool_0 is True
E       assert False is True

WHOLE_SUITE/test_stack3_WHOLE_SUITE.py:33: AssertionError
=========================== short test summary info ============================
FAILED WHOLE_SUITE/test_stack3_WHOLE_SUITE.py::test_case_2 - assert False is ...
========================= 1 failed, 8 passed in 0.30s ==========================
</pre></div></div></div></div></div><div class="mb-1" id="job_list___sub_accordion_69"><div class="card"><a data-toggle="collapse" data-target="#job_list___sub_collapse_69_1" aria-expanded="false" aria-controls="job_list___sub_collapse_69_1" href="#" class="job_list___sub_multi_heading"><div role="alert" class="card-header alert-danger" id="job_list___sub_heading_69_1"><button class="btn btn-outline-danger"><span class="job_id">69 : Job ID 813fe3147f2f4b7a98bcefe5b41a249a</span></button></div></a><div aria-labelledby="job_list___sub_heading_69_1" data-parent="#job_list___sub_accordion_69" class="collapse job_list___sub_multi_collapse" id="job_list___sub_collapse_69_1"><div class="card-body"><div class="work-item"><div class="alert alert-danger test-outcome" role="alert"><p>SURVIVED</p><p>worker outcome: normal</p><p>test outcome: survived</p></div></div><pre class="location"><a href="pycharm://open?file=stack3.py&amp;line=137" class="text-secondary"><button class="btn btn-outline-dark">stack3.py, start pos: (137, 45), end pos: (137, 46)</button></a></pre><pre>operator: core/NumberReplacer, occurrence: 20</pre><div class="alert alert-secondary"><pre class="diff">--- mutation diff ---
--- astack3.py
+++ bstack3.py
@@ -134,7 +134,7 @@
 
         """Get string representation of the stack."""
 
-        return str(self.__stack.toArray()[::-1])
+        return str(self.__stack.toArray()[::- 2])
 
 
 if __name__ == "__main__":</pre></div><div class="alert alert-secondary"><pre class="diff">============================= test session starts ==============================
platform linux -- Python 3.10.10, pytest-7.2.1, pluggy-1.0.0
rootdir: /home/auri/temp/lucca/python_experiments/stack3
collected 9 items

WHOLE_SUITE/test_stack3_WHOLE_SUITE.py .........                         [100%]

============================== 9 passed in 0.15s ===============================
</pre></div></div></div></div></div><div class="mb-1" id="job_list___sub_accordion_70"><div class="card"><a data-toggle="collapse" data-target="#job_list___sub_collapse_70_1" aria-expanded="false" aria-controls="job_list___sub_collapse_70_1" href="#" class="job_list___sub_multi_heading"><div role="alert" class="card-header alert-success" id="job_list___sub_heading_70_1"><button class="btn btn-outline-success"><span class="job_id">70 : Job ID 0940d54c66b14d569782d70b4e42ee24</span></button></div></a><div aria-labelledby="job_list___sub_heading_70_1" data-parent="#job_list___sub_accordion_70" class="collapse job_list___sub_multi_collapse" id="job_list___sub_collapse_70_1"><div class="card-body"><div class="work-item"><div class="alert alert-success test-outcome" role="alert"><p>worker outcome: normal</p><p>test outcome: killed</p></div></div><pre class="location"><a href="pycharm://open?file=stack3.py&amp;line=137" class="text-secondary"><button class="btn btn-outline-dark">stack3.py, start pos: (137, 45), end pos: (137, 46)</button></a></pre><pre>operator: core/NumberReplacer, occurrence: 21</pre><div class="alert alert-secondary"><pre class="diff">--- mutation diff ---
--- astack3.py
+++ bstack3.py
@@ -134,7 +134,7 @@
 
         """Get string representation of the stack."""
 
-        return str(self.__stack.toArray()[::-1])
+        return str(self.__stack.toArray()[::- 0])
 
 
 if __name__ == "__main__":</pre></div><div class="alert alert-secondary"><pre class="diff">============================= test session starts ==============================
platform linux -- Python 3.10.10, pytest-7.2.1, pluggy-1.0.0
rootdir: /home/auri/temp/lucca/python_experiments/stack3
collected 9 items

WHOLE_SUITE/test_stack3_WHOLE_SUITE.py ...F.....                         [100%]

=================================== FAILURES ===================================
_________________________________ test_case_3 __________________________________

    def test_case_3():
        bool_0 = False
        stack_0 = module_0.Stack()
        none_type_0 = stack_0.push(bool_0)
&gt;       str_0 = stack_0.__str__()

WHOLE_SUITE/test_stack3_WHOLE_SUITE.py:41: 
_ _ _ _ _ _ _ _ _ _ _ _ _ _ _ _ _ _ _ _ _ _ _ _ _ _ _ _ _ _ _ _ _ _ _ _ _ _ _ _ 

self = &lt;stack3.Stack object at 0x7f82cdf35d80&gt;

    def __str__(self) -&gt; str:
    
        """Get string representation of the stack."""
    
&gt;       return str(self.__stack.toArray()[::- 0])
E       ValueError: slice step cannot be zero

stack3.py:137: ValueError
=========================== short test summary info ============================
FAILED WHOLE_SUITE/test_stack3_WHOLE_SUITE.py::test_case_3 - ValueError: slic...
========================= 1 failed, 8 passed in 0.33s ==========================
</pre></div></div></div></div></div></div></div></div></div></div><script src="https://code.jquery.com/jquery-3.3.1.slim.min.js" integrity="sha384-q8i/X+965DzO0rT7abK41JStQIAqVgRVzpbzo5smXKp4YfRvH+8abtTE1Pi6jizo" crossorigin="anonymous"></script><script src="https://cdnjs.cloudflare.com/ajax/libs/popper.js/1.14.7/umd/popper.min.js" integrity="sha384-UO2eT0CpHqdSJQ6hJty5KVphtPhzWj9WO1clHTMGa3JDZwrnQq4sF86dIHNDz0W1" crossorigin="anonymous"></script><script src="https://stackpath.bootstrapcdn.com/bootstrap/4.3.1/js/bootstrap.min.js" integrity="sha384-JjSmVgyd0p3pXB1rRibZUAYoIIy6OrQ6VrjIEaFf/nJGzIxFDsf4x0xIM+B07jRM" crossorigin="anonymous"></script><script type="text/javascript">$('div.job_list___sub_multi_collapse').on('shown.bs.collapse',  function () {    correct_behavior_functional_buttons();  });$('div.job_list___sub_multi_collapse').on('hidden.bs.collapse',  function () {    correct_behavior_functional_buttons();  });function correct_behavior_functional_buttons() {    var expand = false;    var collapse = false;    $('a.job_list___sub_multi_heading').each(function(index) {      if ($(this).attr('aria-expanded') == 'false') {        expand = true;        return false;      };    });    $('a.job_list___sub_multi_heading').each(function(index) {      if ($(this).attr('aria-expanded') == 'true') {        collapse = true;        return false;      };    });    if (expand) {      $('div#job_item_expand_all').css('display', 'inline-block');    } else {      $('div#job_item_expand_all').css('display', 'none');    };    if (collapse) {      $('div#job_item_collapse_all').css('display', 'inline-block');    } else {      $('div#job_item_collapse_all').css('display', 'none');    };  };correct_behavior_functional_buttons();</script></body></html>
